========================================start程序1111=============================================
====================================2020-04-01 20:48:49===========================================
获取数据库中apk链接= ['http://pkg.superdalan.com/game.pkg/download?pkgId=2048&f=shjzb_dalan_dsdk_48_1.0.0_20200327_152347.apk']
[文件大小]:267.52 MB

下载http://pkg.superdalan.com/game.pkg/download?pkgId=2048&f=shjzb_dalan_dsdk_48_1.0.0_20200327_152347.apk完成！ 用时13.65秒
------------------------------------节点1-----------------------------------下载校验结果：True
1585745344
{'msg': '成功', 'status': True}
D:\Downloads下包有['nsmyly_dalan_nubia_10_1.0.5_20200401_203046.apk', 'shjzb_dalan_dsdk_48_1.0.0_20200327_152347.apk', 'wdsg_dalan_dsdk_3_1.0.0_20190730_153348.apk']
2020-04-01 20:49:04开始安装nsmyly_dalan_nubia_10_1.0.5_20200401_203046.apk
安装nsmyly_dalan_nubia_10_1.0.5_20200401_203046.apk过程中出现异常_执行失败
-------------------------------------节点2-------------------------------------安装返回结果： 未知异常_404
1585745346
{'msg': '成功', 'status': True}
========================================start程序1111=============================================
====================================2020-04-01 20:50:00===========================================
获取数据库中apk链接= ['http://pkg.superdalan.com/game.pkg/download?pkgId=2048&f=shjzb_dalan_dsdk_48_1.0.0_20200327_152347.apk']
[文件大小]:267.52 MB

下载http://pkg.superdalan.com/game.pkg/download?pkgId=2048&f=shjzb_dalan_dsdk_48_1.0.0_20200327_152347.apk完成！ 用时20.28秒
------------------------------------节点1-----------------------------------下载校验结果：True
1585745422
{'status': True, 'msg': '成功'}
D:\Downloads下包有['nsmyly_dalan_nubia_10_1.0.5_20200401_203046.apk', 'shjzb_dalan_dsdk_48_1.0.0_20200327_152347.apk', 'wdsg_dalan_dsdk_3_1.0.0_20190730_153348.apk']
2020-04-01 20:50:22开始安装nsmyly_dalan_nubia_10_1.0.5_20200401_203046.apk
安装nsmyly_dalan_nubia_10_1.0.5_20200401_203046.apk过程中出现异常_执行失败
-------------------------------------节点2-------------------------------------安装返回结果： 未知异常_404
1585745424
{'status': True, 'msg': '成功'}
========================================start程序1111=============================================
====================================2020-04-01 21:25:00===========================================
获取数据库中apk链接= []
========================================start程序1111=============================================
====================================2020-04-01 21:30:00===========================================
获取数据库中apk链接= []
========================================start程序1111=============================================
====================================2020-04-01 21:35:00===========================================
获取数据库中apk链接= []
========================================start程序1111=============================================
====================================2020-04-01 21:40:00===========================================
获取数据库中apk链接= []
========================================start程序1111=============================================
====================================2020-04-01 21:45:01===========================================
获取数据库中apk链接= []
========================================start程序1111=============================================
====================================2020-04-01 22:05:00===========================================
获取数据库中apk链接= []
========================================start程序1111=============================================
====================================2020-04-01 22:10:00===========================================
获取数据库中apk链接= []
========================================start程序1111=============================================
====================================2020-04-01 22:15:00===========================================
获取数据库中apk链接= []
========================================start程序1111=============================================
====================================2020-04-01 22:20:00===========================================
获取数据库中apk链接= []
========================================start程序1111=============================================
====================================2020-04-01 22:25:00===========================================
获取数据库中apk链接= []
========================================start程序1111=============================================
====================================2020-04-01 22:30:01===========================================
获取数据库中apk链接= []
========================================start程序1111=============================================
====================================2020-04-01 22:35:01===========================================
获取数据库中apk链接= []
========================================start程序1111=============================================
====================================2020-04-01 22:40:01===========================================
获取数据库中apk链接= []
========================================start程序1111=============================================
====================================2020-04-01 22:45:00===========================================
获取数据库中apk链接= []
========================================start程序1111=============================================
====================================2020-04-01 22:50:00===========================================
获取数据库中apk链接= []
========================================start程序1111=============================================
====================================2020-04-01 22:55:00===========================================
获取数据库中apk链接= []
========================================start程序1111=============================================
====================================2020-04-01 23:00:01===========================================
获取数据库中apk链接= []
========================================start程序1111=============================================
====================================2020-04-01 23:05:00===========================================
获取数据库中apk链接= []
========================================start程序1111=============================================
====================================2020-04-01 23:10:00===========================================
获取数据库中apk链接= []
========================================start程序1111=============================================
====================================2020-04-01 23:15:00===========================================
获取数据库中apk链接= []
========================================start程序1111=============================================
====================================2020-04-01 23:20:00===========================================
获取数据库中apk链接= []
========================================start程序1111=============================================
====================================2020-04-01 23:35:00===========================================
获取数据库中apk链接= []
========================================start程序1111=============================================
====================================2020-04-01 23:40:00===========================================
获取数据库中apk链接= []
========================================start程序1111=============================================
====================================2020-04-01 23:45:00===========================================
获取数据库中apk链接= []
========================================start程序1111=============================================
====================================2020-04-01 23:50:00===========================================
获取数据库中apk链接= []
========================================start程序1111=============================================
====================================2020-04-01 23:55:00===========================================
获取数据库中apk链接= []
