========================================start程序1111=============================================
====================================2020-04-05 00:00:00===========================================
获取数据库中apk链接= []
========================================start程序1111=============================================
====================================2020-04-05 00:05:00===========================================
获取数据库中apk链接= []
========================================start程序1111=============================================
====================================2020-04-05 00:10:00===========================================
获取数据库中apk链接= []
========================================start程序1111=============================================
====================================2020-04-05 00:15:00===========================================
获取数据库中apk链接= []
========================================start程序1111=============================================
====================================2020-04-05 00:20:00===========================================
获取数据库中apk链接= []
========================================start程序1111=============================================
====================================2020-04-05 00:25:00===========================================
获取数据库中apk链接= []
========================================start程序1111=============================================
====================================2020-04-05 00:30:00===========================================
获取数据库中apk链接= []
========================================start程序1111=============================================
====================================2020-04-05 00:35:00===========================================
获取数据库中apk链接= []
========================================start程序1111=============================================
====================================2020-04-05 00:40:00===========================================
获取数据库中apk链接= []
========================================start程序1111=============================================
====================================2020-04-05 00:45:00===========================================
获取数据库中apk链接= []
========================================start程序1111=============================================
====================================2020-04-05 00:50:00===========================================
获取数据库中apk链接= []
========================================start程序1111=============================================
====================================2020-04-05 00:55:00===========================================
获取数据库中apk链接= []
========================================start程序1111=============================================
====================================2020-04-05 01:00:00===========================================
获取数据库中apk链接= []
========================================start程序1111=============================================
====================================2020-04-05 01:05:00===========================================
获取数据库中apk链接= []
========================================start程序1111=============================================
====================================2020-04-05 01:10:00===========================================
获取数据库中apk链接= []
========================================start程序1111=============================================
====================================2020-04-05 01:15:00===========================================
获取数据库中apk链接= ['http://pkg.superdalan.com/game.pkg/download?pkgId=2578&f=nsmyly_dalan_coolpad_10_1.0.5_20200405_011509.apk']
[文件大小]:68.05 MB

下载http://pkg.superdalan.com/game.pkg/download?pkgId=2578&f=nsmyly_dalan_coolpad_10_1.0.5_20200405_011509.apk完成！ 用时27.93秒
---------------------------0___20200405_011509.apk----节点1-----------------------------------下载校验结果：True
1586020531
{'msg': '成功', 'status': True}
D:\Downloads下包有['nsmyly_dalan_coolpad_10_1.0.5_20200405_011509.apk']
2020-04-05 01:15:31开始安装nsmyly_dalan_coolpad_10_1.0.5_20200405_011509.apk
D:\Downloads\\nsmyly_dalan_coolpad_10_1.0.5_20200405_011509.apk==com.gzdl.nsmy.coolpad
此手机未安装com.gzdl.nsmy.coolpad包....
False
2020-04-05 01:15:34_开始安装_nsmyly_dalan_coolpad_10_1.0.5_20200405_011509.apk
此手机已安装com.gzdl.nsmy.coolpad包....
True
------------------------------0___20200405_011509.apk----节点2-------------------------------------安装返回结果：True
1586020551
{'msg': '成功', 'status': True}
D:/Downloads/nsmyly_dalan_coolpad_10_1.0.5_20200405_011509.apk==com.gzdl.nsmy.coolpad
{'msg': '成功', 'status': True, 'data': {'asset': [{'logo': '', 'load': 'assets/icon_loading.jpg', 'splash': '', 'login': 'assets/icon_loginbg.jpg'}], 'file': [None], 'channel_pinyin': 'coolpad', 'game_app_name': '女神盟约', 'game_original_name': '豪门总裁'}}
----------------------0___20200405_011509.apk---节点3------------------------------后台没有配置素材无需校验
1586020551
{'msg': '成功', 'status': True}
手机已灭屏_将执行解锁命令
手机亮屏状态_二次点亮
0__http://pkg.superdalan.com/game.pkg/download?pkgId=2578&f=nsmyly_dalan_coolpad_10_1.0.5_20200405_011509.apk_非Dalan_Dsdk渠道包，不走自动化流程
-------------------------------------------------------------delete OK-----------------------------------------------------------
全部测试已执行完毕
========================================start程序1111=============================================
====================================2020-04-05 01:20:00===========================================
获取数据库中apk链接= []
========================================start程序1111=============================================
====================================2020-04-05 01:25:00===========================================
获取数据库中apk链接= []
========================================start程序1111=============================================
====================================2020-04-05 01:30:00===========================================
获取数据库中apk链接= []
========================================start程序1111=============================================
====================================2020-04-05 01:35:00===========================================
获取数据库中apk链接= []
========================================start程序1111=============================================
====================================2020-04-05 01:40:00===========================================
获取数据库中apk链接= []
========================================start程序1111=============================================
====================================2020-04-05 01:45:00===========================================
获取数据库中apk链接= []
========================================start程序1111=============================================
====================================2020-04-05 01:50:00===========================================
获取数据库中apk链接= []
========================================start程序1111=============================================
====================================2020-04-05 01:55:00===========================================
获取数据库中apk链接= []
========================================start程序1111=============================================
====================================2020-04-05 02:00:00===========================================
获取数据库中apk链接= []
========================================start程序1111=============================================
====================================2020-04-05 02:05:00===========================================
获取数据库中apk链接= []
========================================start程序1111=============================================
====================================2020-04-05 02:10:00===========================================
获取数据库中apk链接= []
========================================start程序1111=============================================
====================================2020-04-05 02:15:00===========================================
获取数据库中apk链接= []
========================================start程序1111=============================================
====================================2020-04-05 02:20:00===========================================
获取数据库中apk链接= []
========================================start程序1111=============================================
====================================2020-04-05 02:25:00===========================================
获取数据库中apk链接= []
========================================start程序1111=============================================
====================================2020-04-05 02:30:00===========================================
获取数据库中apk链接= []
========================================start程序1111=============================================
====================================2020-04-05 02:35:00===========================================
获取数据库中apk链接= []
========================================start程序1111=============================================
====================================2020-04-05 02:40:00===========================================
获取数据库中apk链接= []
========================================start程序1111=============================================
====================================2020-04-05 02:45:00===========================================
获取数据库中apk链接= []
========================================start程序1111=============================================
====================================2020-04-05 02:50:00===========================================
获取数据库中apk链接= []
========================================start程序1111=============================================
====================================2020-04-05 02:55:00===========================================
获取数据库中apk链接= []
========================================start程序1111=============================================
====================================2020-04-05 03:00:00===========================================
获取数据库中apk链接= []
========================================start程序1111=============================================
====================================2020-04-05 03:05:00===========================================
获取数据库中apk链接= []
========================================start程序1111=============================================
====================================2020-04-05 03:10:00===========================================
获取数据库中apk链接= []
========================================start程序1111=============================================
====================================2020-04-05 03:15:00===========================================
获取数据库中apk链接= []
========================================start程序1111=============================================
====================================2020-04-05 03:20:00===========================================
获取数据库中apk链接= []
========================================start程序1111=============================================
====================================2020-04-05 03:30:00===========================================
获取数据库中apk链接= []
========================================start程序1111=============================================
====================================2020-04-05 03:35:00===========================================
获取数据库中apk链接= []
========================================start程序1111=============================================
====================================2020-04-05 03:40:00===========================================
获取数据库中apk链接= []
========================================start程序1111=============================================
====================================2020-04-05 03:45:00===========================================
获取数据库中apk链接= []
========================================start程序1111=============================================
====================================2020-04-05 03:50:00===========================================
获取数据库中apk链接= []
========================================start程序1111=============================================
====================================2020-04-05 03:55:00===========================================
获取数据库中apk链接= []
========================================start程序1111=============================================
====================================2020-04-05 04:00:00===========================================
获取数据库中apk链接= []
========================================start程序1111=============================================
====================================2020-04-05 04:05:00===========================================
获取数据库中apk链接= []
========================================start程序1111=============================================
====================================2020-04-05 04:10:00===========================================
获取数据库中apk链接= []
========================================start程序1111=============================================
====================================2020-04-05 04:15:00===========================================
获取数据库中apk链接= []
========================================start程序1111=============================================
====================================2020-04-05 04:20:00===========================================
获取数据库中apk链接= []
========================================start程序1111=============================================
====================================2020-04-05 04:25:00===========================================
获取数据库中apk链接= []
========================================start程序1111=============================================
====================================2020-04-05 04:30:00===========================================
获取数据库中apk链接= []
========================================start程序1111=============================================
====================================2020-04-05 04:35:00===========================================
获取数据库中apk链接= []
========================================start程序1111=============================================
====================================2020-04-05 04:40:00===========================================
获取数据库中apk链接= []
========================================start程序1111=============================================
====================================2020-04-05 04:45:00===========================================
获取数据库中apk链接= []
========================================start程序1111=============================================
====================================2020-04-05 04:50:00===========================================
获取数据库中apk链接= []
========================================start程序1111=============================================
====================================2020-04-05 04:55:00===========================================
获取数据库中apk链接= []
========================================start程序1111=============================================
====================================2020-04-05 05:00:00===========================================
获取数据库中apk链接= []
========================================start程序1111=============================================
====================================2020-04-05 05:05:00===========================================
获取数据库中apk链接= []
========================================start程序1111=============================================
====================================2020-04-05 05:10:00===========================================
获取数据库中apk链接= []
========================================start程序1111=============================================
====================================2020-04-05 05:15:00===========================================
获取数据库中apk链接= []
========================================start程序1111=============================================
====================================2020-04-05 05:20:00===========================================
获取数据库中apk链接= []
========================================start程序1111=============================================
====================================2020-04-05 05:25:00===========================================
获取数据库中apk链接= []
========================================start程序1111=============================================
====================================2020-04-05 05:30:00===========================================
获取数据库中apk链接= []
========================================start程序1111=============================================
====================================2020-04-05 05:35:00===========================================
获取数据库中apk链接= []
========================================start程序1111=============================================
====================================2020-04-05 05:45:00===========================================
获取数据库中apk链接= []
========================================start程序1111=============================================
====================================2020-04-05 05:50:00===========================================
获取数据库中apk链接= []
========================================start程序1111=============================================
====================================2020-04-05 05:55:00===========================================
获取数据库中apk链接= []
========================================start程序1111=============================================
====================================2020-04-05 06:00:00===========================================
获取数据库中apk链接= []
========================================start程序1111=============================================
====================================2020-04-05 06:05:00===========================================
获取数据库中apk链接= []
========================================start程序1111=============================================
====================================2020-04-05 06:10:00===========================================
获取数据库中apk链接= []
========================================start程序1111=============================================
====================================2020-04-05 06:15:00===========================================
获取数据库中apk链接= []
========================================start程序1111=============================================
====================================2020-04-05 06:20:00===========================================
获取数据库中apk链接= []
========================================start程序1111=============================================
====================================2020-04-05 06:25:00===========================================
获取数据库中apk链接= []
========================================start程序1111=============================================
====================================2020-04-05 06:30:00===========================================
获取数据库中apk链接= []
========================================start程序1111=============================================
====================================2020-04-05 06:35:00===========================================
获取数据库中apk链接= []
========================================start程序1111=============================================
====================================2020-04-05 06:40:00===========================================
获取数据库中apk链接= []
========================================start程序1111=============================================
====================================2020-04-05 06:45:00===========================================
获取数据库中apk链接= []
========================================start程序1111=============================================
====================================2020-04-05 06:50:00===========================================
获取数据库中apk链接= []
========================================start程序1111=============================================
====================================2020-04-05 06:55:00===========================================
获取数据库中apk链接= []
========================================start程序1111=============================================
====================================2020-04-05 07:00:00===========================================
获取数据库中apk链接= []
========================================start程序1111=============================================
====================================2020-04-05 07:05:00===========================================
获取数据库中apk链接= []
========================================start程序1111=============================================
====================================2020-04-05 07:10:00===========================================
获取数据库中apk链接= []
========================================start程序1111=============================================
====================================2020-04-05 07:15:00===========================================
获取数据库中apk链接= []
========================================start程序1111=============================================
====================================2020-04-05 07:20:00===========================================
获取数据库中apk链接= []
========================================start程序1111=============================================
====================================2020-04-05 07:25:00===========================================
获取数据库中apk链接= []
========================================start程序1111=============================================
====================================2020-04-05 07:30:00===========================================
获取数据库中apk链接= []
========================================start程序1111=============================================
====================================2020-04-05 07:35:00===========================================
获取数据库中apk链接= []
========================================start程序1111=============================================
====================================2020-04-05 07:40:00===========================================
获取数据库中apk链接= []
========================================start程序1111=============================================
====================================2020-04-05 07:45:00===========================================
获取数据库中apk链接= []
========================================start程序1111=============================================
====================================2020-04-05 07:50:00===========================================
获取数据库中apk链接= []
========================================start程序1111=============================================
====================================2020-04-05 07:55:00===========================================
获取数据库中apk链接= []
========================================start程序1111=============================================
====================================2020-04-05 08:00:00===========================================
获取数据库中apk链接= []
========================================start程序1111=============================================
====================================2020-04-05 08:10:00===========================================
获取数据库中apk链接= []
========================================start程序1111=============================================
====================================2020-04-05 08:15:00===========================================
获取数据库中apk链接= []
========================================start程序1111=============================================
====================================2020-04-05 08:20:00===========================================
获取数据库中apk链接= []
========================================start程序1111=============================================
====================================2020-04-05 08:25:00===========================================
获取数据库中apk链接= []
========================================start程序1111=============================================
====================================2020-04-05 08:30:00===========================================
获取数据库中apk链接= []
========================================start程序1111=============================================
====================================2020-04-05 08:35:00===========================================
获取数据库中apk链接= []
========================================start程序1111=============================================
====================================2020-04-05 08:40:00===========================================
获取数据库中apk链接= []
========================================start程序1111=============================================
====================================2020-04-05 08:45:00===========================================
获取数据库中apk链接= []
========================================start程序1111=============================================
====================================2020-04-05 08:50:00===========================================
获取数据库中apk链接= []
========================================start程序1111=============================================
====================================2020-04-05 08:55:00===========================================
获取数据库中apk链接= []
========================================start程序1111=============================================
====================================2020-04-05 09:00:00===========================================
获取数据库中apk链接= []
========================================start程序1111=============================================
====================================2020-04-05 09:05:00===========================================
获取数据库中apk链接= []
========================================start程序1111=============================================
====================================2020-04-05 09:10:00===========================================
获取数据库中apk链接= []
========================================start程序1111=============================================
====================================2020-04-05 09:15:00===========================================
获取数据库中apk链接= []
========================================start程序1111=============================================
====================================2020-04-05 09:20:00===========================================
获取数据库中apk链接= []
========================================start程序1111=============================================
====================================2020-04-05 09:25:00===========================================
获取数据库中apk链接= []
========================================start程序1111=============================================
====================================2020-04-05 09:30:00===========================================
获取数据库中apk链接= []
========================================start程序1111=============================================
====================================2020-04-05 09:35:00===========================================
获取数据库中apk链接= []
========================================start程序1111=============================================
====================================2020-04-05 09:40:00===========================================
获取数据库中apk链接= []
========================================start程序1111=============================================
====================================2020-04-05 09:45:00===========================================
获取数据库中apk链接= []
========================================start程序1111=============================================
====================================2020-04-05 09:50:00===========================================
获取数据库中apk链接= []
========================================start程序1111=============================================
====================================2020-04-05 09:55:00===========================================
获取数据库中apk链接= []
========================================start程序1111=============================================
====================================2020-04-05 10:00:00===========================================
获取数据库中apk链接= []
========================================start程序1111=============================================
====================================2020-04-05 10:05:00===========================================
获取数据库中apk链接= []
========================================start程序1111=============================================
====================================2020-04-05 10:10:00===========================================
获取数据库中apk链接= []
========================================start程序1111=============================================
====================================2020-04-05 10:15:00===========================================
获取数据库中apk链接= []
========================================start程序1111=============================================
====================================2020-04-05 10:20:00===========================================
获取数据库中apk链接= []
========================================start程序1111=============================================
====================================2020-04-05 10:25:00===========================================
获取数据库中apk链接= []
========================================start程序1111=============================================
====================================2020-04-05 10:30:00===========================================
获取数据库中apk链接= []
========================================start程序1111=============================================
====================================2020-04-05 10:35:00===========================================
获取数据库中apk链接= []
========================================start程序1111=============================================
====================================2020-04-05 10:40:00===========================================
获取数据库中apk链接= []
========================================start程序1111=============================================
====================================2020-04-05 10:45:00===========================================
获取数据库中apk链接= []
========================================start程序1111=============================================
====================================2020-04-05 10:50:00===========================================
获取数据库中apk链接= []
========================================start程序1111=============================================
====================================2020-04-05 11:00:00===========================================
获取数据库中apk链接= []
========================================start程序1111=============================================
====================================2020-04-05 11:05:00===========================================
获取数据库中apk链接= []
========================================start程序1111=============================================
====================================2020-04-05 11:10:00===========================================
获取数据库中apk链接= []
========================================start程序1111=============================================
====================================2020-04-05 11:15:00===========================================
获取数据库中apk链接= []
========================================start程序1111=============================================
====================================2020-04-05 11:20:00===========================================
获取数据库中apk链接= []
========================================start程序1111=============================================
====================================2020-04-05 11:25:00===========================================
获取数据库中apk链接= []
========================================start程序1111=============================================
====================================2020-04-05 11:30:00===========================================
获取数据库中apk链接= []
========================================start程序1111=============================================
====================================2020-04-05 11:35:00===========================================
获取数据库中apk链接= []
========================================start程序1111=============================================
====================================2020-04-05 11:40:00===========================================
获取数据库中apk链接= []
========================================start程序1111=============================================
====================================2020-04-05 11:45:00===========================================
获取数据库中apk链接= []
========================================start程序1111=============================================
====================================2020-04-05 11:50:00===========================================
获取数据库中apk链接= []
========================================start程序1111=============================================
====================================2020-04-05 11:55:00===========================================
获取数据库中apk链接= []
========================================start程序1111=============================================
====================================2020-04-05 12:00:00===========================================
获取数据库中apk链接= []
========================================start程序1111=============================================
====================================2020-04-05 12:05:00===========================================
获取数据库中apk链接= []
========================================start程序1111=============================================
====================================2020-04-05 12:10:00===========================================
获取数据库中apk链接= []
========================================start程序1111=============================================
====================================2020-04-05 12:15:00===========================================
获取数据库中apk链接= []
========================================start程序1111=============================================
====================================2020-04-05 12:20:00===========================================
获取数据库中apk链接= []
========================================start程序1111=============================================
====================================2020-04-05 12:25:00===========================================
获取数据库中apk链接= []
========================================start程序1111=============================================
====================================2020-04-05 12:30:00===========================================
获取数据库中apk链接= []
========================================start程序1111=============================================
====================================2020-04-05 12:35:00===========================================
获取数据库中apk链接= []
========================================start程序1111=============================================
====================================2020-04-05 12:40:00===========================================
获取数据库中apk链接= []
========================================start程序1111=============================================
====================================2020-04-05 12:45:00===========================================
获取数据库中apk链接= ['http://pkg.superdalan.com/game.pkg/download?pkgId=2568&f=nsmyly_dalan_baidu_10_1.0.5_20200405_124403.apk']
[文件大小]:63.93 MB

下载http://pkg.superdalan.com/game.pkg/download?pkgId=2568&f=nsmyly_dalan_baidu_10_1.0.5_20200405_124403.apk完成！ 用时27.82秒
---------------------------0___20200405_124403.apk----节点1-----------------------------------下载校验结果：True
1586061930
{'msg': '成功', 'status': True}
D:\Downloads下包有['nsmyly_dalan_baidu_10_1.0.5_20200405_124403.apk']
2020-04-05 12:45:30开始安装nsmyly_dalan_baidu_10_1.0.5_20200405_124403.apk
D:\Downloads\\nsmyly_dalan_baidu_10_1.0.5_20200405_124403.apk==com.gzdl.nsmy.baidu
此手机未安装com.gzdl.nsmy.baidu包....
False
2020-04-05 12:45:33_开始安装_nsmyly_dalan_baidu_10_1.0.5_20200405_124403.apk
此手机已安装com.gzdl.nsmy.baidu包....
True
------------------------------0___20200405_124403.apk----节点2-------------------------------------安装返回结果：True
1586061948
{'msg': '成功', 'status': True}
D:/Downloads/nsmyly_dalan_baidu_10_1.0.5_20200405_124403.apk==com.gzdl.nsmy.baidu
{'data': {'game_original_name': '豪门总裁', 'game_app_name': '女神盟约', 'asset': [{'login': 'assets/icon_loginbg.jpg', 'load': 'assets/icon_loading.jpg', 'logo': '', 'splash': ''}], 'channel_pinyin': 'baidu', 'file': [{'load': '0a63d40a3a24dc3e313c2cdd5b0ded65', 'login': '9adaa97cd28684e4651e4a610550c8a3'}]}, 'msg': '成功', 'status': True}
nsmyly_dalan_baidu_10_1.0.5_20200405_124403.apk
实际图片对应路径{'splash': '', 'logo': '', 'load': 'assets/icon_loading.jpg', 'login': 'assets/icon_loginbg.jpg'}，拆包后后apk目录D:/Downloads/nsmyly_dalan_baidu_10_1.0.5_20200405_124403/，对应pkg_id=2568
服务端素材图片 ['0a63d40a3a24dc3e313c2cdd5b0ded65.jpg', '9adaa97cd28684e4651e4a610550c8a3.jpg']
apk的应用名称= 女神盟约
素材及应用名验证成功,期望匹配数2，实际匹配数2
------------------------------0___20200405_124403.apk----节点3------------------------------------拆包校验结果：True
1586061981
{'msg': '成功', 'status': True}
手机亮屏状态
0__http://pkg.superdalan.com/game.pkg/download?pkgId=2568&f=nsmyly_dalan_baidu_10_1.0.5_20200405_124403.apk_非Dalan_Dsdk渠道包，不走自动化流程
-------------------------------------------------------------delete OK-----------------------------------------------------------
全部测试已执行完毕
========================================start程序1111=============================================
====================================2020-04-05 12:50:00===========================================
获取数据库中apk链接= []
========================================start程序1111=============================================
====================================2020-04-05 12:55:00===========================================
获取数据库中apk链接= []
========================================start程序1111=============================================
====================================2020-04-05 13:00:00===========================================
获取数据库中apk链接= []
========================================start程序1111=============================================
====================================2020-04-05 13:05:00===========================================
获取数据库中apk链接= []
========================================start程序1111=============================================
====================================2020-04-05 13:10:00===========================================
获取数据库中apk链接= []
========================================start程序1111=============================================
====================================2020-04-05 13:15:00===========================================
获取数据库中apk链接= []
========================================start程序1111=============================================
====================================2020-04-05 13:20:00===========================================
获取数据库中apk链接= []
========================================start程序1111=============================================
====================================2020-04-05 13:25:00===========================================
获取数据库中apk链接= []
========================================start程序1111=============================================
====================================2020-04-05 13:30:00===========================================
获取数据库中apk链接= []
========================================start程序1111=============================================
====================================2020-04-05 13:35:00===========================================
获取数据库中apk链接= []
========================================start程序1111=============================================
====================================2020-04-05 13:40:00===========================================
获取数据库中apk链接= []
========================================start程序1111=============================================
====================================2020-04-05 13:45:00===========================================
获取数据库中apk链接= []
========================================start程序1111=============================================
====================================2020-04-05 13:50:00===========================================
获取数据库中apk链接= []
========================================start程序1111=============================================
====================================2020-04-05 13:55:00===========================================
获取数据库中apk链接= []
========================================start程序1111=============================================
====================================2020-04-05 14:00:00===========================================
获取数据库中apk链接= []
========================================start程序1111=============================================
====================================2020-04-05 14:05:00===========================================
获取数据库中apk链接= []
========================================start程序1111=============================================
====================================2020-04-05 14:10:00===========================================
获取数据库中apk链接= ['http://pkg.superdalan.com/game.pkg/download?pkgId=2578&f=nsmyly_dalan_coolpad_10_1.0.5_20200405_141209.apk']
[文件大小]:68.41 MB

下载http://pkg.superdalan.com/game.pkg/download?pkgId=2578&f=nsmyly_dalan_coolpad_10_1.0.5_20200405_141209.apk完成！ 用时28.17秒
---------------------------0___20200405_141209.apk----节点1-----------------------------------下载校验结果：True
1586067030
{'msg': '成功', 'status': True}
D:\Downloads下包有['nsmyly_dalan_coolpad_10_1.0.5_20200405_141209.apk']
2020-04-05 14:10:30开始安装nsmyly_dalan_coolpad_10_1.0.5_20200405_141209.apk
D:\Downloads\\nsmyly_dalan_coolpad_10_1.0.5_20200405_141209.apk==com.gzdl.nsmy.coolpad
此手机已安装com.gzdl.nsmy.coolpad包....
True
install_前检查手机已安装nsmyly_dalan_coolpad_10_1.0.5_20200405_141209.apk
开始卸载nsmyly_dalan_coolpad_10_1.0.5_20200405_141209.apk包
卸载nsmyly_dalan_coolpad_10_1.0.5_20200405_141209.apk包完成_____进行再次安装nsmyly_dalan_coolpad_10_1.0.5_20200405_141209.apk
此手机已安装com.gzdl.nsmy.coolpad包....
------------------------------0___20200405_141209.apk----节点2-------------------------------------安装返回结果：True
1586067046
{'msg': '成功', 'status': True}
D:/Downloads/nsmyly_dalan_coolpad_10_1.0.5_20200405_141209.apk==com.gzdl.nsmy.coolpad
{'msg': '成功', 'status': True, 'data': {'file': [None], 'asset': [{'logo': '', 'login': 'assets/icon_loginbg.jpg', 'splash': '', 'load': 'assets/icon_loading.jpg'}], 'game_original_name': '豪门总裁', 'game_app_name': '女神盟约', 'channel_pinyin': 'coolpad'}}
----------------------0___20200405_141209.apk---节点3------------------------------后台没有配置素材无需校验
1586067047
{'msg': '成功', 'status': True}
手机亮屏状态
0__http://pkg.superdalan.com/game.pkg/download?pkgId=2578&f=nsmyly_dalan_coolpad_10_1.0.5_20200405_141209.apk_非Dalan_Dsdk渠道包，不走自动化流程
-------------------------------------------------------------delete OK-----------------------------------------------------------
全部测试已执行完毕
========================================start程序1111=============================================
====================================2020-04-05 14:15:00===========================================
获取数据库中apk链接= []
========================================start程序1111=============================================
====================================2020-04-05 14:20:00===========================================
获取数据库中apk链接= []
========================================start程序1111=============================================
====================================2020-04-05 14:25:00===========================================
获取数据库中apk链接= []
========================================start程序1111=============================================
====================================2020-04-05 14:30:00===========================================
获取数据库中apk链接= []
========================================start程序1111=============================================
====================================2020-04-05 14:35:00===========================================
获取数据库中apk链接= []
========================================start程序1111=============================================
====================================2020-04-05 14:40:00===========================================
获取数据库中apk链接= []
========================================start程序1111=============================================
====================================2020-04-05 14:45:00===========================================
获取数据库中apk链接= []
========================================start程序1111=============================================
====================================2020-04-05 14:50:00===========================================
获取数据库中apk链接= []
========================================start程序1111=============================================
====================================2020-04-05 14:55:00===========================================
获取数据库中apk链接= []
========================================start程序1111=============================================
====================================2020-04-05 15:00:00===========================================
获取数据库中apk链接= []
========================================start程序1111=============================================
====================================2020-04-05 15:05:00===========================================
获取数据库中apk链接= []
========================================start程序1111=============================================
====================================2020-04-05 15:10:00===========================================
获取数据库中apk链接= []
========================================start程序1111=============================================
====================================2020-04-05 15:15:00===========================================
获取数据库中apk链接= []
========================================start程序1111=============================================
====================================2020-04-05 15:20:00===========================================
获取数据库中apk链接= []
========================================start程序1111=============================================
====================================2020-04-05 15:25:00===========================================
获取数据库中apk链接= ['http://pkg.superdalan.com/game.pkg/download?pkgId=2571&f=nsmyly_dalan_qihoo_10_1.0.5_20200405_152459.apk', 'http://pkg.superdalan.com/game.pkg/download?pkgId=2573&f=nsmyly_dalan_bilibili_10_1.0.5_20200405_152619.apk']
[文件大小]:88.90 MB

下载http://pkg.superdalan.com/game.pkg/download?pkgId=2571&f=nsmyly_dalan_qihoo_10_1.0.5_20200405_152459.apk完成！ 用时37.08秒
---------------------------0___20200405_152459.apk----节点1-----------------------------------下载校验结果：True
1586071539
{'status': True, 'msg': '成功'}
D:\Downloads下包有['nsmyly_dalan_qihoo_10_1.0.5_20200405_152459.apk']
2020-04-05 15:25:39开始安装nsmyly_dalan_qihoo_10_1.0.5_20200405_152459.apk
D:\Downloads\\nsmyly_dalan_qihoo_10_1.0.5_20200405_152459.apk==com.gzdl.nsmy.qihoo
此手机未安装com.gzdl.nsmy.qihoo包....
False
2020-04-05 15:25:42_开始安装_nsmyly_dalan_qihoo_10_1.0.5_20200405_152459.apk
此手机已安装com.gzdl.nsmy.qihoo包....
True
------------------------------0___20200405_152459.apk----节点2-------------------------------------安装返回结果：True
1586071560
{'status': True, 'msg': '成功'}
D:/Downloads/nsmyly_dalan_qihoo_10_1.0.5_20200405_152459.apk==com.gzdl.nsmy.qihoo
{'data': {'channel_pinyin': 'qihoo', 'game_app_name': '女神盟约', 'file': [{'load': '0a63d40a3a24dc3e313c2cdd5b0ded65', 'login': '9adaa97cd28684e4651e4a610550c8a3'}], 'asset': [{'load': 'assets/icon_loading.jpg', 'login': 'assets/icon_loginbg.jpg', 'splash': '', 'logo': ''}], 'game_original_name': '豪门总裁'}, 'status': True, 'msg': '成功'}
nsmyly_dalan_qihoo_10_1.0.5_20200405_152459.apk
实际图片对应路径{'load': 'assets/icon_loading.jpg', 'login': 'assets/icon_loginbg.jpg', 'splash': '', 'logo': ''}，拆包后后apk目录D:/Downloads/nsmyly_dalan_qihoo_10_1.0.5_20200405_152459/，对应pkg_id=2571
服务端素材图片 ['0a63d40a3a24dc3e313c2cdd5b0ded65.jpg', '9adaa97cd28684e4651e4a610550c8a3.jpg']
apk的应用名称= 女神盟约
素材及应用名验证成功,期望匹配数2，实际匹配数2
------------------------------0___20200405_152459.apk----节点3------------------------------------拆包校验结果：True
1586071586
{'status': True, 'msg': '成功'}
手机亮屏状态
0__http://pkg.superdalan.com/game.pkg/download?pkgId=2571&f=nsmyly_dalan_qihoo_10_1.0.5_20200405_152459.apk_非Dalan_Dsdk渠道包，不走自动化流程
-------------------------------------------------------------delete OK-----------------------------------------------------------
[文件大小]:78.48 MB

下载http://pkg.superdalan.com/game.pkg/download?pkgId=2573&f=nsmyly_dalan_bilibili_10_1.0.5_20200405_152619.apk完成！ 用时33.08秒
---------------------------1___20200405_152619.apk----节点1-----------------------------------下载校验结果：True
1586071629
{'status': True, 'msg': '成功'}
D:\Downloads下包有['nsmyly_dalan_bilibili_10_1.0.5_20200405_152619.apk']
2020-04-05 15:27:09开始安装nsmyly_dalan_bilibili_10_1.0.5_20200405_152619.apk
D:\Downloads\\nsmyly_dalan_bilibili_10_1.0.5_20200405_152619.apk==com.gzdl.nsmy.bilibili
此手机未安装com.gzdl.nsmy.bilibili包....
False
2020-04-05 15:27:12_开始安装_nsmyly_dalan_bilibili_10_1.0.5_20200405_152619.apk
此手机已安装com.gzdl.nsmy.bilibili包....
True
------------------------------1___20200405_152619.apk----节点2-------------------------------------安装返回结果：True
1586071648
{'status': True, 'msg': '成功'}
D:/Downloads/nsmyly_dalan_bilibili_10_1.0.5_20200405_152619.apk==com.gzdl.nsmy.bilibili
{'data': {'channel_pinyin': 'dalan_bilibili', 'game_app_name': '女神盟约', 'file': [{'load': '0a63d40a3a24dc3e313c2cdd5b0ded65', 'login': '9adaa97cd28684e4651e4a610550c8a3'}], 'asset': [{'load': 'assets/icon_loading.jpg', 'login': 'assets/icon_loginbg.jpg', 'splash': '', 'logo': ''}], 'game_original_name': '豪门总裁'}, 'status': True, 'msg': '成功'}
nsmyly_dalan_bilibili_10_1.0.5_20200405_152619.apk
实际图片对应路径{'load': 'assets/icon_loading.jpg', 'login': 'assets/icon_loginbg.jpg', 'splash': '', 'logo': ''}，拆包后后apk目录D:/Downloads/nsmyly_dalan_bilibili_10_1.0.5_20200405_152619/，对应pkg_id=2573
服务端素材图片 ['0a63d40a3a24dc3e313c2cdd5b0ded65.jpg', '9adaa97cd28684e4651e4a610550c8a3.jpg']
apk的应用名称= 女神盟约
素材及应用名验证成功,期望匹配数2，实际匹配数2
------------------------------1___20200405_152619.apk----节点3------------------------------------拆包校验结果：True
1586071668
{'status': True, 'msg': '成功'}
手机亮屏状态
1__http://pkg.superdalan.com/game.pkg/download?pkgId=2573&f=nsmyly_dalan_bilibili_10_1.0.5_20200405_152619.apk_非Dalan_Dsdk渠道包，不走自动化流程
-------------------------------------------------------------delete OK-----------------------------------------------------------
全部测试已执行完毕
========================================start程序1111=============================================
====================================2020-04-05 15:30:00===========================================
获取数据库中apk链接= []
========================================start程序1111=============================================
====================================2020-04-05 15:35:00===========================================
获取数据库中apk链接= []
========================================start程序1111=============================================
====================================2020-04-05 15:40:00===========================================
获取数据库中apk链接= []
========================================start程序1111=============================================
====================================2020-04-05 15:45:00===========================================
获取数据库中apk链接= []
========================================start程序1111=============================================
====================================2020-04-05 15:50:00===========================================
获取数据库中apk链接= []
========================================start程序1111=============================================
====================================2020-04-05 15:55:00===========================================
获取数据库中apk链接= []
========================================start程序1111=============================================
====================================2020-04-05 16:00:00===========================================
获取数据库中apk链接= []
========================================start程序1111=============================================
====================================2020-04-05 16:05:00===========================================
获取数据库中apk链接= []
========================================start程序1111=============================================
====================================2020-04-05 16:10:00===========================================
获取数据库中apk链接= []
========================================start程序1111=============================================
====================================2020-04-05 16:15:00===========================================
获取数据库中apk链接= []
========================================start程序1111=============================================
====================================2020-04-05 16:20:00===========================================
获取数据库中apk链接= []
========================================start程序1111=============================================
====================================2020-04-05 16:25:00===========================================
获取数据库中apk链接= []
========================================start程序1111=============================================
====================================2020-04-05 16:30:00===========================================
获取数据库中apk链接= []
========================================start程序1111=============================================
====================================2020-04-05 16:35:00===========================================
获取数据库中apk链接= []
========================================start程序1111=============================================
====================================2020-04-05 16:40:00===========================================
获取数据库中apk链接= []
========================================start程序1111=============================================
====================================2020-04-05 16:45:00===========================================
获取数据库中apk链接= []
========================================start程序1111=============================================
====================================2020-04-05 16:50:00===========================================
获取数据库中apk链接= []
========================================start程序1111=============================================
====================================2020-04-05 16:55:00===========================================
获取数据库中apk链接= []
========================================start程序1111=============================================
====================================2020-04-05 17:00:00===========================================
获取数据库中apk链接= []
========================================start程序1111=============================================
====================================2020-04-05 17:05:00===========================================
获取数据库中apk链接= []
========================================start程序1111=============================================
====================================2020-04-05 17:10:00===========================================
获取数据库中apk链接= []
========================================start程序1111=============================================
====================================2020-04-05 17:15:00===========================================
获取数据库中apk链接= []
========================================start程序1111=============================================
====================================2020-04-05 17:20:00===========================================
获取数据库中apk链接= []
========================================start程序1111=============================================
====================================2020-04-05 17:25:00===========================================
获取数据库中apk链接= []
========================================start程序1111=============================================
====================================2020-04-05 17:30:00===========================================
获取数据库中apk链接= []
========================================start程序1111=============================================
====================================2020-04-05 17:35:00===========================================
获取数据库中apk链接= []
========================================start程序1111=============================================
====================================2020-04-05 17:40:00===========================================
获取数据库中apk链接= []
========================================start程序1111=============================================
====================================2020-04-05 17:45:00===========================================
获取数据库中apk链接= []
========================================start程序1111=============================================
====================================2020-04-05 17:50:00===========================================
获取数据库中apk链接= []
========================================start程序1111=============================================
====================================2020-04-05 17:55:00===========================================
获取数据库中apk链接= []
========================================start程序1111=============================================
====================================2020-04-05 18:00:00===========================================
获取数据库中apk链接= []
========================================start程序1111=============================================
====================================2020-04-05 18:05:00===========================================
获取数据库中apk链接= []
========================================start程序1111=============================================
====================================2020-04-05 18:10:00===========================================
获取数据库中apk链接= []
========================================start程序1111=============================================
====================================2020-04-05 18:15:00===========================================
获取数据库中apk链接= []
========================================start程序1111=============================================
====================================2020-04-05 18:20:00===========================================
获取数据库中apk链接= []
========================================start程序1111=============================================
====================================2020-04-05 18:25:00===========================================
获取数据库中apk链接= []
========================================start程序1111=============================================
====================================2020-04-05 18:30:00===========================================
获取数据库中apk链接= []
========================================start程序1111=============================================
====================================2020-04-05 18:35:00===========================================
获取数据库中apk链接= ['http://pkg.superdalan.com/game.pkg/download?pkgId=2325&f=nsmyly_dalan_dysdk_10_1.0.5_20200405_183544.apk']
[文件大小]:70.77 MB

下载http://pkg.superdalan.com/game.pkg/download?pkgId=2325&f=nsmyly_dalan_dysdk_10_1.0.5_20200405_183544.apk完成！ 用时29.66秒
---------------------------0___20200405_183544.apk----节点1-----------------------------------下载校验结果：True
1586082932
{'status': True, 'msg': '成功'}
D:\Downloads下包有['nsmyly_dalan_dysdk_10_1.0.5_20200405_183544.apk']
2020-04-05 18:35:32开始安装nsmyly_dalan_dysdk_10_1.0.5_20200405_183544.apk
D:\Downloads\\nsmyly_dalan_dysdk_10_1.0.5_20200405_183544.apk==com.tencent.tmgp.gzdl.nsmy
此手机未安装com.tencent.tmgp.gzdl.nsmy包....
False
2020-04-05 18:35:35_开始安装_nsmyly_dalan_dysdk_10_1.0.5_20200405_183544.apk
此手机已安装com.tencent.tmgp.gzdl.nsmy包....
True
------------------------------0___20200405_183544.apk----节点2-------------------------------------安装返回结果：True
1586082950
{'status': True, 'msg': '成功'}
D:/Downloads/nsmyly_dalan_dysdk_10_1.0.5_20200405_183544.apk==com.tencent.tmgp.gzdl.nsmy
{'status': True, 'msg': '成功', 'data': {'file': [{'login': '9adaa97cd28684e4651e4a610550c8a3', 'load': '0a63d40a3a24dc3e313c2cdd5b0ded65'}], 'game_app_name': '女神盟约', 'game_original_name': '豪门总裁', 'channel_pinyin': 'dalan_dysdk', 'asset': [{'login': 'assets/icon_loginbg.jpg', 'logo': '', 'splash': '', 'load': 'assets/icon_loading.jpg'}]}}
nsmyly_dalan_dysdk_10_1.0.5_20200405_183544.apk
实际图片对应路径{'login': 'assets/icon_loginbg.jpg', 'logo': '', 'splash': '', 'load': 'assets/icon_loading.jpg'}，拆包后后apk目录D:/Downloads/nsmyly_dalan_dysdk_10_1.0.5_20200405_183544/，对应pkg_id=2325
服务端素材图片 ['0a63d40a3a24dc3e313c2cdd5b0ded65.jpg', '9adaa97cd28684e4651e4a610550c8a3.jpg']
apk的应用名称= 女神盟约
素材及应用名验证成功,期望匹配数2，实际匹配数2
------------------------------0___20200405_183544.apk----节点3------------------------------------拆包校验结果：True
1586082976
{'status': True, 'msg': '成功'}
手机亮屏状态
0__http://pkg.superdalan.com/game.pkg/download?pkgId=2325&f=nsmyly_dalan_dysdk_10_1.0.5_20200405_183544.apk_非Dalan_Dsdk渠道包，不走自动化流程
-------------------------------------------------------------delete OK-----------------------------------------------------------
全部测试已执行完毕
========================================start程序1111=============================================
====================================2020-04-05 18:40:00===========================================
获取数据库中apk链接= []
========================================start程序1111=============================================
====================================2020-04-05 18:45:00===========================================
获取数据库中apk链接= []
========================================start程序1111=============================================
====================================2020-04-05 18:50:00===========================================
获取数据库中apk链接= []
========================================start程序1111=============================================
====================================2020-04-05 18:55:00===========================================
获取数据库中apk链接= []
========================================start程序1111=============================================
====================================2020-04-05 19:00:00===========================================
获取数据库中apk链接= []
========================================start程序1111=============================================
====================================2020-04-05 19:05:00===========================================
获取数据库中apk链接= []
========================================start程序1111=============================================
====================================2020-04-05 19:10:00===========================================
获取数据库中apk链接= []
========================================start程序1111=============================================
====================================2020-04-05 19:15:00===========================================
获取数据库中apk链接= []
========================================start程序1111=============================================
====================================2020-04-05 19:20:00===========================================
获取数据库中apk链接= []
========================================start程序1111=============================================
====================================2020-04-05 19:25:00===========================================
获取数据库中apk链接= []
========================================start程序1111=============================================
====================================2020-04-05 19:30:00===========================================
获取数据库中apk链接= []
========================================start程序1111=============================================
====================================2020-04-05 19:35:00===========================================
获取数据库中apk链接= []
========================================start程序1111=============================================
====================================2020-04-05 19:40:00===========================================
获取数据库中apk链接= []
========================================start程序1111=============================================
====================================2020-04-05 19:50:00===========================================
获取数据库中apk链接= []
========================================start程序1111=============================================
====================================2020-04-05 19:55:00===========================================
获取数据库中apk链接= []
========================================start程序1111=============================================
====================================2020-04-05 20:05:00===========================================
获取数据库中apk链接= []
========================================start程序1111=============================================
====================================2020-04-05 20:10:00===========================================
获取数据库中apk链接= []
========================================start程序1111=============================================
====================================2020-04-05 20:15:00===========================================
获取数据库中apk链接= []
========================================start程序1111=============================================
====================================2020-04-05 20:20:00===========================================
获取数据库中apk链接= []
========================================start程序1111=============================================
====================================2020-04-05 20:25:00===========================================
获取数据库中apk链接= []
========================================start程序1111=============================================
====================================2020-04-05 20:30:00===========================================
获取数据库中apk链接= []
========================================start程序1111=============================================
====================================2020-04-05 20:35:00===========================================
获取数据库中apk链接= []
========================================start程序1111=============================================
====================================2020-04-05 20:40:00===========================================
获取数据库中apk链接= []
========================================start程序1111=============================================
====================================2020-04-05 20:45:00===========================================
获取数据库中apk链接= []
========================================start程序1111=============================================
====================================2020-04-05 20:50:00===========================================
获取数据库中apk链接= ['http://pkg.superdalan.com/game.pkg/download?pkgId=2325&f=nsmyly_dalan_dysdk_10_1.0.5_20200405_205136.apk']
[文件大小]:70.77 MB

下载http://pkg.superdalan.com/game.pkg/download?pkgId=2325&f=nsmyly_dalan_dysdk_10_1.0.5_20200405_205136.apk完成！ 用时30.05秒
---------------------------0___20200405_205136.apk----节点1-----------------------------------下载校验结果：True
1586091032
{'status': True, 'msg': '成功'}
D:\Downloads下包有['nsmyly_dalan_dysdk_10_1.0.5_20200405_205136.apk']
2020-04-05 20:50:32开始安装nsmyly_dalan_dysdk_10_1.0.5_20200405_205136.apk
D:\Downloads\\nsmyly_dalan_dysdk_10_1.0.5_20200405_205136.apk==com.tencent.tmgp.gzdl.nsmy
此手机已安装com.tencent.tmgp.gzdl.nsmy包....
True
install_前检查手机已安装nsmyly_dalan_dysdk_10_1.0.5_20200405_205136.apk
开始卸载nsmyly_dalan_dysdk_10_1.0.5_20200405_205136.apk包
卸载nsmyly_dalan_dysdk_10_1.0.5_20200405_205136.apk包完成_____进行再次安装nsmyly_dalan_dysdk_10_1.0.5_20200405_205136.apk
此手机已安装com.tencent.tmgp.gzdl.nsmy包....
------------------------------0___20200405_205136.apk----节点2-------------------------------------安装返回结果：True
1586091049
{'status': True, 'msg': '成功'}
D:/Downloads/nsmyly_dalan_dysdk_10_1.0.5_20200405_205136.apk==com.tencent.tmgp.gzdl.nsmy
{'status': True, 'data': {'asset': [{'load': 'assets/icon_loading.jpg', 'logo': '', 'splash': '', 'login': 'assets/icon_loginbg.jpg'}], 'game_app_name': '女神盟约', 'channel_pinyin': 'dalan_dysdk', 'file': [{'load': '0a63d40a3a24dc3e313c2cdd5b0ded65', 'login': '9adaa97cd28684e4651e4a610550c8a3'}], 'game_original_name': '豪门总裁'}, 'msg': '成功'}
nsmyly_dalan_dysdk_10_1.0.5_20200405_205136.apk
实际图片对应路径{'load': 'assets/icon_loading.jpg', 'logo': '', 'splash': '', 'login': 'assets/icon_loginbg.jpg'}，拆包后后apk目录D:/Downloads/nsmyly_dalan_dysdk_10_1.0.5_20200405_205136/，对应pkg_id=2325
服务端素材图片 ['0a63d40a3a24dc3e313c2cdd5b0ded65.jpg', '9adaa97cd28684e4651e4a610550c8a3.jpg']
apk的应用名称= 女神盟约
素材及应用名验证成功,期望匹配数2，实际匹配数2
------------------------------0___20200405_205136.apk----节点3------------------------------------拆包校验结果：True
1586091073
{'status': True, 'msg': '成功'}
手机亮屏状态
0__http://pkg.superdalan.com/game.pkg/download?pkgId=2325&f=nsmyly_dalan_dysdk_10_1.0.5_20200405_205136.apk_非Dalan_Dsdk渠道包，不走自动化流程
-------------------------------------------------------------delete OK-----------------------------------------------------------
全部测试已执行完毕
========================================start程序1111=============================================
====================================2020-04-05 20:55:00===========================================
获取数据库中apk链接= ['http://pkg.superdalan.com/game.pkg/download?pkgId=2578&f=nsmyly_dalan_coolpad_10_1.0.5_20200405_205422.apk']
[文件大小]:73.57 MB

下载http://pkg.superdalan.com/game.pkg/download?pkgId=2578&f=nsmyly_dalan_coolpad_10_1.0.5_20200405_205422.apk完成！ 用时32.73秒
---------------------------0___20200405_205422.apk----节点1-----------------------------------下载校验结果：True
1586091335
{'status': True, 'msg': '成功'}
D:\Downloads下包有['nsmyly_dalan_coolpad_10_1.0.5_20200405_205422.apk']
2020-04-05 20:55:35开始安装nsmyly_dalan_coolpad_10_1.0.5_20200405_205422.apk
D:\Downloads\\nsmyly_dalan_coolpad_10_1.0.5_20200405_205422.apk==com.gzdl.nsmy.coolpad
此手机已安装com.gzdl.nsmy.coolpad包....
True
install_前检查手机已安装nsmyly_dalan_coolpad_10_1.0.5_20200405_205422.apk
开始卸载nsmyly_dalan_coolpad_10_1.0.5_20200405_205422.apk包
卸载nsmyly_dalan_coolpad_10_1.0.5_20200405_205422.apk包完成_____进行再次安装nsmyly_dalan_coolpad_10_1.0.5_20200405_205422.apk
此手机已安装com.gzdl.nsmy.coolpad包....
------------------------------0___20200405_205422.apk----节点2-------------------------------------安装返回结果：True
1586091351
{'status': True, 'msg': '成功'}
D:/Downloads/nsmyly_dalan_coolpad_10_1.0.5_20200405_205422.apk==com.gzdl.nsmy.coolpad
{'status': True, 'data': {'game_app_name': '女神盟约', 'asset': [{'logo': '', 'load': 'assets/icon_loading.jpg', 'login': 'assets/icon_loginbg.jpg', 'splash': ''}], 'game_original_name': '豪门总裁', 'channel_pinyin': 'coolpad', 'file': [{'load': '340c69da811063b03493df454f37e94a', 'login': 'ae0c0753f58ca29dc4f118f65d9dcbe8'}]}, 'msg': '成功'}
nsmyly_dalan_coolpad_10_1.0.5_20200405_205422.apk
实际图片对应路径{'logo': '', 'load': 'assets/icon_loading.jpg', 'login': 'assets/icon_loginbg.jpg', 'splash': ''}，拆包后后apk目录D:/Downloads/nsmyly_dalan_coolpad_10_1.0.5_20200405_205422/，对应pkg_id=2578
服务端素材图片 ['340c69da811063b03493df454f37e94a.jpg', 'ae0c0753f58ca29dc4f118f65d9dcbe8.jpg']
apk的应用名称= 女神盟约
素材及应用名验证成功,期望匹配数2，实际匹配数2
------------------------------0___20200405_205422.apk----节点3------------------------------------拆包校验结果：True
1586091374
{'status': True, 'msg': '成功'}
手机亮屏状态
0__http://pkg.superdalan.com/game.pkg/download?pkgId=2578&f=nsmyly_dalan_coolpad_10_1.0.5_20200405_205422.apk_非Dalan_Dsdk渠道包，不走自动化流程
-------------------------------------------------------------delete OK-----------------------------------------------------------
全部测试已执行完毕
========================================start程序1111=============================================
====================================2020-04-05 21:00:00===========================================
获取数据库中apk链接= []
========================================start程序1111=============================================
====================================2020-04-05 21:05:00===========================================
获取数据库中apk链接= ['http://pkg.superdalan.com/game.pkg/download?pkgId=2571&f=nsmyly_dalan_qihoo_10_1.0.5_20200405_210543.apk']
[文件大小]:88.90 MB

下载http://pkg.superdalan.com/game.pkg/download?pkgId=2571&f=nsmyly_dalan_qihoo_10_1.0.5_20200405_210543.apk完成！ 用时38.17秒
---------------------------0___20200405_210543.apk----节点1-----------------------------------下载校验结果：True
1586091940
{'msg': '成功', 'status': True}
D:\Downloads下包有['nsmyly_dalan_qihoo_10_1.0.5_20200405_210543.apk']
2020-04-05 21:05:40开始安装nsmyly_dalan_qihoo_10_1.0.5_20200405_210543.apk
D:\Downloads\\nsmyly_dalan_qihoo_10_1.0.5_20200405_210543.apk==com.gzdl.nsmy.qihoo
此手机已安装com.gzdl.nsmy.qihoo包....
True
install_前检查手机已安装nsmyly_dalan_qihoo_10_1.0.5_20200405_210543.apk
开始卸载nsmyly_dalan_qihoo_10_1.0.5_20200405_210543.apk包
卸载nsmyly_dalan_qihoo_10_1.0.5_20200405_210543.apk包完成_____进行再次安装nsmyly_dalan_qihoo_10_1.0.5_20200405_210543.apk
此手机已安装com.gzdl.nsmy.qihoo包....
------------------------------0___20200405_210543.apk----节点2-------------------------------------安装返回结果：True
1586091959
{'msg': '成功', 'status': True}
D:/Downloads/nsmyly_dalan_qihoo_10_1.0.5_20200405_210543.apk==com.gzdl.nsmy.qihoo
{'data': {'channel_pinyin': 'qihoo', 'asset': [{'login': 'assets/icon_loginbg.jpg', 'load': 'assets/icon_loading.jpg', 'splash': '', 'logo': ''}], 'game_app_name': '女神盟约', 'game_original_name': '豪门总裁', 'file': [{'login': '9adaa97cd28684e4651e4a610550c8a3', 'load': '0a63d40a3a24dc3e313c2cdd5b0ded65'}]}, 'msg': '成功', 'status': True}
nsmyly_dalan_qihoo_10_1.0.5_20200405_210543.apk
实际图片对应路径{'login': 'assets/icon_loginbg.jpg', 'load': 'assets/icon_loading.jpg', 'splash': '', 'logo': ''}，拆包后后apk目录D:/Downloads/nsmyly_dalan_qihoo_10_1.0.5_20200405_210543/，对应pkg_id=2571
服务端素材图片 ['0a63d40a3a24dc3e313c2cdd5b0ded65.jpg', '9adaa97cd28684e4651e4a610550c8a3.jpg']
apk的应用名称= 女神盟约
素材及应用名验证成功,期望匹配数2，实际匹配数2
------------------------------0___20200405_210543.apk----节点3------------------------------------拆包校验结果：True
1586091984
{'msg': '成功', 'status': True}
手机亮屏状态
0__http://pkg.superdalan.com/game.pkg/download?pkgId=2571&f=nsmyly_dalan_qihoo_10_1.0.5_20200405_210543.apk_非Dalan_Dsdk渠道包，不走自动化流程
-------------------------------------------------------------delete OK-----------------------------------------------------------
全部测试已执行完毕
========================================start程序1111=============================================
====================================2020-04-05 21:10:00===========================================
获取数据库中apk链接= []
========================================start程序1111=============================================
====================================2020-04-05 21:15:00===========================================
获取数据库中apk链接= []
========================================start程序1111=============================================
====================================2020-04-05 21:20:00===========================================
获取数据库中apk链接= []
========================================start程序1111=============================================
====================================2020-04-05 21:25:00===========================================
获取数据库中apk链接= []
========================================start程序1111=============================================
====================================2020-04-05 21:30:00===========================================
获取数据库中apk链接= []
========================================start程序1111=============================================
====================================2020-04-05 21:35:00===========================================
获取数据库中apk链接= []
========================================start程序1111=============================================
====================================2020-04-05 21:40:00===========================================
获取数据库中apk链接= []
========================================start程序1111=============================================
====================================2020-04-05 21:45:00===========================================
获取数据库中apk链接= []
========================================start程序1111=============================================
====================================2020-04-05 21:50:00===========================================
获取数据库中apk链接= []
========================================start程序1111=============================================
====================================2020-04-05 21:55:00===========================================
获取数据库中apk链接= []
========================================start程序1111=============================================
====================================2020-04-05 22:00:00===========================================
获取数据库中apk链接= []
========================================start程序1111=============================================
====================================2020-04-05 22:05:00===========================================
获取数据库中apk链接= []
========================================start程序1111=============================================
====================================2020-04-05 22:10:00===========================================
获取数据库中apk链接= []
========================================start程序1111=============================================
====================================2020-04-05 22:15:00===========================================
获取数据库中apk链接= []
========================================start程序1111=============================================
====================================2020-04-05 22:20:00===========================================
获取数据库中apk链接= []
========================================start程序1111=============================================
====================================2020-04-05 22:25:00===========================================
获取数据库中apk链接= []
========================================start程序1111=============================================
====================================2020-04-05 22:30:00===========================================
获取数据库中apk链接= []
========================================start程序1111=============================================
====================================2020-04-05 22:35:00===========================================
获取数据库中apk链接= []
========================================start程序1111=============================================
====================================2020-04-05 22:40:00===========================================
获取数据库中apk链接= []
========================================start程序1111=============================================
====================================2020-04-05 22:45:00===========================================
获取数据库中apk链接= []
========================================start程序1111=============================================
====================================2020-04-05 22:50:00===========================================
获取数据库中apk链接= []
========================================start程序1111=============================================
====================================2020-04-05 22:55:00===========================================
获取数据库中apk链接= []
========================================start程序1111=============================================
====================================2020-04-05 23:00:00===========================================
获取数据库中apk链接= []
========================================start程序1111=============================================
====================================2020-04-05 23:05:00===========================================
获取数据库中apk链接= []
========================================start程序1111=============================================
====================================2020-04-05 23:10:00===========================================
获取数据库中apk链接= []
========================================start程序1111=============================================
====================================2020-04-05 23:15:00===========================================
获取数据库中apk链接= []
========================================start程序1111=============================================
====================================2020-04-05 23:20:00===========================================
获取数据库中apk链接= []
========================================start程序1111=============================================
====================================2020-04-05 23:25:00===========================================
获取数据库中apk链接= []
========================================start程序1111=============================================
====================================2020-04-05 23:30:00===========================================
获取数据库中apk链接= []
========================================start程序1111=============================================
====================================2020-04-05 23:35:00===========================================
获取数据库中apk链接= []
========================================start程序1111=============================================
====================================2020-04-05 23:40:00===========================================
获取数据库中apk链接= []
========================================start程序1111=============================================
====================================2020-04-05 23:45:00===========================================
获取数据库中apk链接= []
========================================start程序1111=============================================
====================================2020-04-05 23:50:00===========================================
获取数据库中apk链接= []
========================================start程序1111=============================================
====================================2020-04-05 23:55:00===========================================
获取数据库中apk链接= []
