[2020-05-20 00:00:00,722][8936][log_file.py][line: 23][DEBUG] ## ('从数据库获取apk链接写入日志', [])
[2020-05-20 00:05:00,713][6256][log_file.py][line: 23][DEBUG] ## ('从数据库获取apk链接写入日志', [])
[2020-05-20 00:10:00,718][9200][log_file.py][line: 23][DEBUG] ## ('从数据库获取apk链接写入日志', [])
[2020-05-20 00:15:00,686][11548][log_file.py][line: 23][DEBUG] ## ('从数据库获取apk链接写入日志', [])
[2020-05-20 00:20:00,741][11288][log_file.py][line: 23][DEBUG] ## ('从数据库获取apk链接写入日志', [])
[2020-05-20 00:25:00,758][9204][log_file.py][line: 23][DEBUG] ## ('从数据库获取apk链接写入日志', [])
[2020-05-20 00:30:00,711][3744][log_file.py][line: 23][DEBUG] ## ('从数据库获取apk链接写入日志', [])
[2020-05-20 00:35:00,713][3376][log_file.py][line: 23][DEBUG] ## ('从数据库获取apk链接写入日志', [])
[2020-05-20 00:40:00,790][10828][log_file.py][line: 23][DEBUG] ## ('从数据库获取apk链接写入日志', [])
[2020-05-20 00:45:00,708][7516][log_file.py][line: 23][DEBUG] ## ('从数据库获取apk链接写入日志', [])
[2020-05-20 00:50:00,678][11108][log_file.py][line: 23][DEBUG] ## ('从数据库获取apk链接写入日志', [])
[2020-05-20 00:55:00,710][12600][log_file.py][line: 23][DEBUG] ## ('从数据库获取apk链接写入日志', [])
[2020-05-20 01:00:00,728][2632][log_file.py][line: 23][DEBUG] ## ('从数据库获取apk链接写入日志', [])
[2020-05-20 01:05:00,711][9196][log_file.py][line: 23][DEBUG] ## ('从数据库获取apk链接写入日志', [])
[2020-05-20 01:10:00,729][12544][log_file.py][line: 23][DEBUG] ## ('从数据库获取apk链接写入日志', [])
[2020-05-20 01:15:00,814][11548][log_file.py][line: 23][DEBUG] ## ('从数据库获取apk链接写入日志', [])
[2020-05-20 01:20:00,718][13116][log_file.py][line: 23][DEBUG] ## ('从数据库获取apk链接写入日志', [])
[2020-05-20 01:25:01,371][4940][log_file.py][line: 23][DEBUG] ## ('从数据库获取apk链接写入日志', [])
[2020-05-20 01:30:00,719][6188][log_file.py][line: 23][DEBUG] ## ('从数据库获取apk链接写入日志', [])
[2020-05-20 01:35:00,786][9268][log_file.py][line: 23][DEBUG] ## ('从数据库获取apk链接写入日志', [])
[2020-05-20 01:40:00,752][9884][log_file.py][line: 23][DEBUG] ## ('从数据库获取apk链接写入日志', [])
[2020-05-20 01:45:01,175][6984][log_file.py][line: 23][DEBUG] ## ('从数据库获取apk链接写入日志', [])
[2020-05-20 01:50:00,742][10348][log_file.py][line: 23][DEBUG] ## ('从数据库获取apk链接写入日志', [])
[2020-05-20 01:55:03,237][13280][log_file.py][line: 23][DEBUG] ## ('从数据库获取apk链接写入日志', [])
[2020-05-20 02:00:01,555][12504][log_file.py][line: 23][DEBUG] ## ('从数据库获取apk链接写入日志', [])
[2020-05-20 02:05:00,707][2352][log_file.py][line: 23][DEBUG] ## ('从数据库获取apk链接写入日志', [])
[2020-05-20 02:10:00,685][516][log_file.py][line: 23][DEBUG] ## ('从数据库获取apk链接写入日志', [])
[2020-05-20 02:15:00,667][10464][log_file.py][line: 23][DEBUG] ## ('从数据库获取apk链接写入日志', [])
[2020-05-20 02:20:00,825][10952][log_file.py][line: 23][DEBUG] ## ('从数据库获取apk链接写入日志', [])
[2020-05-20 02:25:00,763][4908][log_file.py][line: 23][DEBUG] ## ('从数据库获取apk链接写入日志', [])
[2020-05-20 02:30:00,735][11004][log_file.py][line: 23][DEBUG] ## ('从数据库获取apk链接写入日志', [])
[2020-05-20 02:35:00,719][11332][log_file.py][line: 23][DEBUG] ## ('从数据库获取apk链接写入日志', [])
[2020-05-20 02:40:00,731][5528][log_file.py][line: 23][DEBUG] ## ('从数据库获取apk链接写入日志', [])
[2020-05-20 02:45:00,701][9204][log_file.py][line: 23][DEBUG] ## ('从数据库获取apk链接写入日志', [])
[2020-05-20 02:50:00,706][12392][log_file.py][line: 23][DEBUG] ## ('从数据库获取apk链接写入日志', [])
[2020-05-20 02:55:00,710][6292][log_file.py][line: 23][DEBUG] ## ('从数据库获取apk链接写入日志', [])
[2020-05-20 03:00:00,744][10620][log_file.py][line: 23][DEBUG] ## ('从数据库获取apk链接写入日志', [])
[2020-05-20 03:05:00,710][12084][log_file.py][line: 23][DEBUG] ## ('从数据库获取apk链接写入日志', [])
[2020-05-20 03:10:00,715][10472][log_file.py][line: 23][DEBUG] ## ('从数据库获取apk链接写入日志', [])
[2020-05-20 03:15:00,709][10884][log_file.py][line: 23][DEBUG] ## ('从数据库获取apk链接写入日志', [])
[2020-05-20 03:20:00,710][12316][log_file.py][line: 23][DEBUG] ## ('从数据库获取apk链接写入日志', [])
[2020-05-20 03:25:00,734][12084][log_file.py][line: 23][DEBUG] ## ('从数据库获取apk链接写入日志', [])
[2020-05-20 03:30:00,725][8500][log_file.py][line: 23][DEBUG] ## ('从数据库获取apk链接写入日志', [])
[2020-05-20 03:35:00,741][9740][log_file.py][line: 23][DEBUG] ## ('从数据库获取apk链接写入日志', [])
[2020-05-20 03:40:00,747][9724][log_file.py][line: 23][DEBUG] ## ('从数据库获取apk链接写入日志', [])
[2020-05-20 03:45:00,778][11308][log_file.py][line: 23][DEBUG] ## ('从数据库获取apk链接写入日志', [])
[2020-05-20 03:50:00,767][10460][log_file.py][line: 23][DEBUG] ## ('从数据库获取apk链接写入日志', [])
[2020-05-20 03:55:00,734][9904][log_file.py][line: 23][DEBUG] ## ('从数据库获取apk链接写入日志', [])
[2020-05-20 04:00:00,711][5944][log_file.py][line: 23][DEBUG] ## ('从数据库获取apk链接写入日志', [])
[2020-05-20 04:05:00,714][6200][log_file.py][line: 23][DEBUG] ## ('从数据库获取apk链接写入日志', [])
[2020-05-20 04:10:00,694][8996][log_file.py][line: 23][DEBUG] ## ('从数据库获取apk链接写入日志', [])
[2020-05-20 04:15:00,698][7964][log_file.py][line: 23][DEBUG] ## ('从数据库获取apk链接写入日志', [])
[2020-05-20 04:20:00,678][10424][log_file.py][line: 23][DEBUG] ## ('从数据库获取apk链接写入日志', [])
[2020-05-20 04:25:00,707][11328][log_file.py][line: 23][DEBUG] ## ('从数据库获取apk链接写入日志', [])
[2020-05-20 04:30:00,756][6232][log_file.py][line: 23][DEBUG] ## ('从数据库获取apk链接写入日志', [])
[2020-05-20 04:35:00,701][5912][log_file.py][line: 23][DEBUG] ## ('从数据库获取apk链接写入日志', [])
[2020-05-20 04:40:00,783][10828][log_file.py][line: 23][DEBUG] ## ('从数据库获取apk链接写入日志', [])
[2020-05-20 04:45:00,710][13308][log_file.py][line: 23][DEBUG] ## ('从数据库获取apk链接写入日志', [])
[2020-05-20 04:50:00,692][8168][log_file.py][line: 23][DEBUG] ## ('从数据库获取apk链接写入日志', [])
[2020-05-20 04:55:00,722][8868][log_file.py][line: 23][DEBUG] ## ('从数据库获取apk链接写入日志', [])
[2020-05-20 05:00:00,726][1820][log_file.py][line: 23][DEBUG] ## ('从数据库获取apk链接写入日志', [])
[2020-05-20 05:05:00,737][1576][log_file.py][line: 23][DEBUG] ## ('从数据库获取apk链接写入日志', [])
[2020-05-20 05:10:00,747][9732][log_file.py][line: 23][DEBUG] ## ('从数据库获取apk链接写入日志', [])
[2020-05-20 05:15:00,727][11268][log_file.py][line: 23][DEBUG] ## ('从数据库获取apk链接写入日志', [])
[2020-05-20 05:20:00,670][13244][log_file.py][line: 23][DEBUG] ## ('从数据库获取apk链接写入日志', [])
[2020-05-20 05:25:00,774][11812][log_file.py][line: 23][DEBUG] ## ('从数据库获取apk链接写入日志', [])
[2020-05-20 05:30:00,687][1524][log_file.py][line: 23][DEBUG] ## ('从数据库获取apk链接写入日志', [])
[2020-05-20 05:35:00,713][11728][log_file.py][line: 23][DEBUG] ## ('从数据库获取apk链接写入日志', [])
[2020-05-20 05:40:00,687][12928][log_file.py][line: 23][DEBUG] ## ('从数据库获取apk链接写入日志', [])
[2020-05-20 05:45:00,722][11432][log_file.py][line: 23][DEBUG] ## ('从数据库获取apk链接写入日志', [])
[2020-05-20 05:50:00,742][10940][log_file.py][line: 23][DEBUG] ## ('从数据库获取apk链接写入日志', [])
[2020-05-20 05:55:00,698][3964][log_file.py][line: 23][DEBUG] ## ('从数据库获取apk链接写入日志', [])
[2020-05-20 06:00:00,701][9684][log_file.py][line: 23][DEBUG] ## ('从数据库获取apk链接写入日志', [])
[2020-05-20 06:05:00,682][1368][log_file.py][line: 23][DEBUG] ## ('从数据库获取apk链接写入日志', [])
[2020-05-20 06:10:00,710][12320][log_file.py][line: 23][DEBUG] ## ('从数据库获取apk链接写入日志', [])
[2020-05-20 06:15:00,683][4996][log_file.py][line: 23][DEBUG] ## ('从数据库获取apk链接写入日志', [])
[2020-05-20 06:20:00,705][8016][log_file.py][line: 23][DEBUG] ## ('从数据库获取apk链接写入日志', [])
[2020-05-20 06:25:00,661][13048][log_file.py][line: 23][DEBUG] ## ('从数据库获取apk链接写入日志', [])
[2020-05-20 06:30:00,724][12528][log_file.py][line: 23][DEBUG] ## ('从数据库获取apk链接写入日志', [])
[2020-05-20 06:35:00,702][9724][log_file.py][line: 23][DEBUG] ## ('从数据库获取apk链接写入日志', [])
[2020-05-20 06:40:00,818][3248][log_file.py][line: 23][DEBUG] ## ('从数据库获取apk链接写入日志', [])
[2020-05-20 06:45:00,693][12568][log_file.py][line: 23][DEBUG] ## ('从数据库获取apk链接写入日志', [])
[2020-05-20 06:50:00,700][12576][log_file.py][line: 23][DEBUG] ## ('从数据库获取apk链接写入日志', [])
[2020-05-20 06:55:00,699][860][log_file.py][line: 23][DEBUG] ## ('从数据库获取apk链接写入日志', [])
[2020-05-20 07:00:00,708][12444][log_file.py][line: 23][DEBUG] ## ('从数据库获取apk链接写入日志', [])
[2020-05-20 07:05:00,691][11528][log_file.py][line: 23][DEBUG] ## ('从数据库获取apk链接写入日志', [])
[2020-05-20 07:10:01,138][7020][log_file.py][line: 23][DEBUG] ## ('从数据库获取apk链接写入日志', [])
[2020-05-20 07:15:00,699][1820][log_file.py][line: 23][DEBUG] ## ('从数据库获取apk链接写入日志', [])
[2020-05-20 07:20:00,710][11784][log_file.py][line: 23][DEBUG] ## ('从数据库获取apk链接写入日志', [])
[2020-05-20 07:25:00,781][5040][log_file.py][line: 23][DEBUG] ## ('从数据库获取apk链接写入日志', [])
[2020-05-20 07:30:01,537][10568][log_file.py][line: 23][DEBUG] ## ('从数据库获取apk链接写入日志', [])
[2020-05-20 07:35:00,724][2268][log_file.py][line: 23][DEBUG] ## ('从数据库获取apk链接写入日志', [])
[2020-05-20 07:40:01,223][10908][log_file.py][line: 23][DEBUG] ## ('从数据库获取apk链接写入日志', [])
[2020-05-20 07:45:00,697][5504][log_file.py][line: 23][DEBUG] ## ('从数据库获取apk链接写入日志', [])
[2020-05-20 07:50:00,680][3768][log_file.py][line: 23][DEBUG] ## ('从数据库获取apk链接写入日志', [])
[2020-05-20 07:55:00,679][10908][log_file.py][line: 23][DEBUG] ## ('从数据库获取apk链接写入日志', [])
[2020-05-20 08:00:00,737][9196][log_file.py][line: 23][DEBUG] ## ('从数据库获取apk链接写入日志', [])
[2020-05-20 08:05:00,713][7504][log_file.py][line: 23][DEBUG] ## ('从数据库获取apk链接写入日志', [])
[2020-05-20 08:10:00,726][4076][log_file.py][line: 23][DEBUG] ## ('从数据库获取apk链接写入日志', [])
[2020-05-20 08:15:00,708][11400][log_file.py][line: 23][DEBUG] ## ('从数据库获取apk链接写入日志', [])
[2020-05-20 08:20:00,668][10060][log_file.py][line: 23][DEBUG] ## ('从数据库获取apk链接写入日志', [])
[2020-05-20 08:25:00,698][11860][log_file.py][line: 23][DEBUG] ## ('从数据库获取apk链接写入日志', [])
[2020-05-20 08:30:01,001][13152][log_file.py][line: 23][DEBUG] ## ('从数据库获取apk链接写入日志', [])
[2020-05-20 08:35:00,718][4748][log_file.py][line: 23][DEBUG] ## ('从数据库获取apk链接写入日志', [])
[2020-05-20 08:40:00,742][13260][log_file.py][line: 23][DEBUG] ## ('从数据库获取apk链接写入日志', [])
[2020-05-20 08:45:00,762][11528][log_file.py][line: 23][DEBUG] ## ('从数据库获取apk链接写入日志', [])
[2020-05-20 08:50:01,293][12444][log_file.py][line: 23][DEBUG] ## ('从数据库获取apk链接写入日志', [])
[2020-05-20 08:55:00,712][3080][log_file.py][line: 23][DEBUG] ## ('从数据库获取apk链接写入日志', [])
[2020-05-20 09:00:00,694][11536][log_file.py][line: 23][DEBUG] ## ('从数据库获取apk链接写入日志', [])
[2020-05-20 09:05:00,674][7484][log_file.py][line: 23][DEBUG] ## ('从数据库获取apk链接写入日志', [])
[2020-05-20 09:10:00,680][12468][log_file.py][line: 23][DEBUG] ## ('从数据库获取apk链接写入日志', [])
[2020-05-20 09:15:00,732][12928][log_file.py][line: 23][DEBUG] ## ('从数据库获取apk链接写入日志', [])
[2020-05-20 09:20:00,743][6232][log_file.py][line: 23][DEBUG] ## ('从数据库获取apk链接写入日志', [])
[2020-05-20 09:25:00,745][11756][log_file.py][line: 23][DEBUG] ## ('从数据库获取apk链接写入日志', [])
[2020-05-20 09:30:00,663][1936][log_file.py][line: 23][DEBUG] ## ('从数据库获取apk链接写入日志', [])
[2020-05-20 09:35:00,721][1336][log_file.py][line: 23][DEBUG] ## ('从数据库获取apk链接写入日志', [])
[2020-05-20 09:40:00,883][6224][log_file.py][line: 23][DEBUG] ## ('从数据库获取apk链接写入日志', [])
[2020-05-20 09:45:00,719][10424][log_file.py][line: 23][DEBUG] ## ('从数据库获取apk链接写入日志', [])
[2020-05-20 09:50:01,388][4996][log_file.py][line: 23][DEBUG] ## ('从数据库获取apk链接写入日志', [])
[2020-05-20 09:55:00,812][7424][log_file.py][line: 23][DEBUG] ## ('从数据库获取apk链接写入日志', [])
[2020-05-20 10:00:00,799][5816][log_file.py][line: 23][DEBUG] ## ('从数据库获取apk链接写入日志', [])
[2020-05-20 10:05:00,730][10768][log_file.py][line: 23][DEBUG] ## ('从数据库获取apk链接写入日志', [])
[2020-05-20 10:10:02,065][13108][log_file.py][line: 23][DEBUG] ## ('从数据库获取apk链接写入日志', [])
[2020-05-20 10:15:00,761][5708][log_file.py][line: 23][DEBUG] ## ('从数据库获取apk链接写入日志', [])
[2020-05-20 10:20:02,171][7020][log_file.py][line: 23][DEBUG] ## ('从数据库获取apk链接写入日志', [])
[2020-05-20 10:25:01,822][10924][log_file.py][line: 23][DEBUG] ## ('从数据库获取apk链接写入日志', [])
[2020-05-20 10:30:01,229][8552][log_file.py][line: 23][DEBUG] ## ('从数据库获取apk链接写入日志', [])
[2020-05-20 10:35:00,800][12804][log_file.py][line: 23][DEBUG] ## ('从数据库获取apk链接写入日志', [])
[2020-05-20 10:40:00,817][6728][log_file.py][line: 23][DEBUG] ## ('从数据库获取apk链接写入日志', [])
[2020-05-20 10:45:00,755][7760][log_file.py][line: 23][DEBUG] ## ('从数据库获取apk链接写入日志', [])
[2020-05-20 10:50:02,484][13180][log_file.py][line: 23][DEBUG] ## ('从数据库获取apk链接写入日志', [])
[2020-05-20 10:55:02,336][9284][log_file.py][line: 23][DEBUG] ## ('从数据库获取apk链接写入日志', [])
[2020-05-20 11:00:01,262][7044][log_file.py][line: 23][DEBUG] ## ('从数据库获取apk链接写入日志', [])
[2020-05-20 11:05:02,595][11008][log_file.py][line: 23][DEBUG] ## ('从数据库获取apk链接写入日志', [])
[2020-05-20 11:10:00,813][9196][log_file.py][line: 23][DEBUG] ## ('从数据库获取apk链接写入日志', [])
[2020-05-20 11:15:00,720][6028][log_file.py][line: 23][DEBUG] ## ('从数据库获取apk链接写入日志', [])
[2020-05-20 11:20:00,802][11908][log_file.py][line: 23][DEBUG] ## ('从数据库获取apk链接写入日志', [])
[2020-05-20 11:25:00,753][3812][log_file.py][line: 23][DEBUG] ## ('从数据库获取apk链接写入日志', [])
[2020-05-20 11:30:00,751][8172][log_file.py][line: 23][DEBUG] ## ('从数据库获取apk链接写入日志', ['http://pkg.superdalan.com/game.pkg/download?pkgId=2674&f=czhlscjr_dalan_xiuxianandroid_75_1.0.0_20200520_112932.apk', 'http://pkg.superdalan.com/game.pkg/download?pkgId=2674&f=czhlscjr_dalan_xiuxianandroid_75_1.0.0_20200520_113059.apk'])
[2020-05-20 11:30:26,527][11484][log_file.py][line: 23][DEBUG] ## ('-----------R8AYIJWO99999999___20200520_113059.apk----节点1-----------下载校验结果：True',)
[2020-05-20 11:30:26,729][12620][log_file.py][line: 23][DEBUG] ## ('-----------54a4c6159804___20200520_112932.apk----节点1-----------下载校验结果：True',)
[2020-05-20 11:30:48,747][12620][log_file.py][line: 23][DEBUG] ## ('---------54a4c6159804___20200520_112932.apk-------节点2------安装返回结果：True',)
[2020-05-20 11:30:48,922][12620][log_file.py][line: 23][DEBUG] ## ('--------54a4c6159804___20200520_112932.apk---节点3--------后台没有配置素材无需校验',)
[2020-05-20 11:30:54,149][12620][log_file.py][line: 23][DEBUG] ## ('54a4c6159804___20200520_112932.apk_非Dalan_Dsdk渠道包，不走自动化流程',)
[2020-05-20 11:30:59,456][11484][log_file.py][line: 23][DEBUG] ## ('---------R8AYIJWO99999999___20200520_113059.apk-------节点2------安装返回结果：True',)
[2020-05-20 11:30:59,609][11484][log_file.py][line: 23][DEBUG] ## ('--------R8AYIJWO99999999___20200520_113059.apk---节点3--------后台没有配置素材无需校验',)
[2020-05-20 11:31:04,804][11484][log_file.py][line: 23][DEBUG] ## ('R8AYIJWO99999999___20200520_113059.apk_非Dalan_Dsdk渠道包，不走自动化流程',)
[2020-05-20 11:35:00,719][6008][log_file.py][line: 23][DEBUG] ## ('从数据库获取apk链接写入日志', [])
[2020-05-20 11:40:00,932][9008][log_file.py][line: 23][DEBUG] ## ('从数据库获取apk链接写入日志', [])
[2020-05-20 11:45:00,739][9060][log_file.py][line: 23][DEBUG] ## ('从数据库获取apk链接写入日志', [])
[2020-05-20 11:50:00,799][6556][log_file.py][line: 23][DEBUG] ## ('从数据库获取apk链接写入日志', [])
[2020-05-20 11:55:00,769][5472][log_file.py][line: 23][DEBUG] ## ('从数据库获取apk链接写入日志', [])
[2020-05-20 12:00:00,733][11004][log_file.py][line: 23][DEBUG] ## ('从数据库获取apk链接写入日志', [])
[2020-05-20 12:05:00,694][876][log_file.py][line: 23][DEBUG] ## ('从数据库获取apk链接写入日志', [])
[2020-05-20 12:10:01,741][11928][log_file.py][line: 23][DEBUG] ## ('从数据库获取apk链接写入日志', [])
[2020-05-20 12:15:00,812][11460][log_file.py][line: 23][DEBUG] ## ('从数据库获取apk链接写入日志', [])
[2020-05-20 12:20:01,542][12240][log_file.py][line: 23][DEBUG] ## ('从数据库获取apk链接写入日志', ['http://pkg.superdalan.com/game.pkg/download?pkgId=261&f=sgzmjl_6kw_android_3_1.0.0_20200520_121659.apk'])
[2020-05-20 12:25:15,724][7516][log_file.py][line: 23][DEBUG] ## ('-----------54a4c6159804___20200520_121659.apk----节点1-----------下载校验结果：True',)
[2020-05-20 12:26:49,684][7516][log_file.py][line: 23][DEBUG] ## ('---------54a4c6159804___20200520_121659.apk-------节点2------安装返回结果：True',)
[2020-05-20 12:27:27,270][7516][log_file.py][line: 23][DEBUG] ## ('------------54a4c6159804___20200520_121659.apk----节点3---------拆包校验结果：False:只有应用名称匹配成功_图片失败',)
[2020-05-20 12:30:02,671][3712][log_file.py][line: 23][DEBUG] ## ('从数据库获取apk链接写入日志', ['http://pkg.superdalan.com/game.pkg/download?pkgId=1220&f=sgzmjlgw_6kw_android_3_1.0.0_20200520_122459.apk'])
[2020-05-20 12:33:18,350][12816][log_file.py][line: 23][DEBUG] ## ('-----------54a4c6159804___20200520_122459.apk----节点1-----------下载校验结果：True',)
[2020-05-20 12:34:51,891][12816][log_file.py][line: 23][DEBUG] ## ('---------54a4c6159804___20200520_122459.apk-------节点2------安装返回结果：True',)
[2020-05-20 12:35:34,441][12816][log_file.py][line: 23][DEBUG] ## ('------------54a4c6159804___20200520_122459.apk----节点3---------拆包校验结果：False:只有应用名称匹配成功_图片失败',)
[2020-05-20 12:40:02,480][10760][log_file.py][line: 23][DEBUG] ## ('从数据库获取apk链接写入日志', [])
[2020-05-20 12:45:00,679][5216][log_file.py][line: 23][DEBUG] ## ('从数据库获取apk链接写入日志', [])
[2020-05-20 12:50:00,675][13060][log_file.py][line: 23][DEBUG] ## ('从数据库获取apk链接写入日志', [])
[2020-05-20 12:55:00,722][4848][log_file.py][line: 23][DEBUG] ## ('从数据库获取apk链接写入日志', [])
[2020-05-20 13:00:00,693][9684][log_file.py][line: 23][DEBUG] ## ('从数据库获取apk链接写入日志', ['http://pkg.superdalan.com/game.pkg/download?pkgId=1219&f=sgyxl8.0_6kw_android_3_1.0.0_20200520_125741.apk'])
[2020-05-20 13:05:24,438][10400][log_file.py][line: 23][DEBUG] ## ('-----------54a4c6159804___20200520_125741.apk----节点1-----------下载校验结果：True',)
[2020-05-20 13:06:56,194][10400][log_file.py][line: 23][DEBUG] ## ('---------54a4c6159804___20200520_125741.apk-------节点2------安装返回结果：True',)
[2020-05-20 13:07:32,075][10400][log_file.py][line: 23][DEBUG] ## ('------------54a4c6159804___20200520_125741.apk----节点3---------拆包校验结果：False:只有应用名称匹配成功_图片失败',)
[2020-05-20 13:10:02,683][4996][log_file.py][line: 23][DEBUG] ## ('从数据库获取apk链接写入日志', [])
[2020-05-20 13:15:00,733][4992][log_file.py][line: 23][DEBUG] ## ('从数据库获取apk链接写入日志', [])
[2020-05-20 13:20:01,244][11004][log_file.py][line: 23][DEBUG] ## ('从数据库获取apk链接写入日志', [])
[2020-05-20 13:25:00,704][8160][log_file.py][line: 23][DEBUG] ## ('从数据库获取apk链接写入日志', [])
[2020-05-20 13:30:00,732][2228][log_file.py][line: 23][DEBUG] ## ('从数据库获取apk链接写入日志', [])
[2020-05-20 13:35:00,724][12696][log_file.py][line: 23][DEBUG] ## ('从数据库获取apk链接写入日志', [])
[2020-05-20 13:40:00,718][2564][log_file.py][line: 23][DEBUG] ## ('从数据库获取apk链接写入日志', [])
[2020-05-20 13:45:00,721][11708][log_file.py][line: 23][DEBUG] ## ('从数据库获取apk链接写入日志', [])
[2020-05-20 13:50:00,998][12892][log_file.py][line: 23][DEBUG] ## ('从数据库获取apk链接写入日志', [])
[2020-05-20 13:55:00,817][9284][log_file.py][line: 23][DEBUG] ## ('从数据库获取apk链接写入日志', [])
[2020-05-20 14:00:00,760][7336][log_file.py][line: 23][DEBUG] ## ('从数据库获取apk链接写入日志', [])
[2020-05-20 14:05:00,722][3080][log_file.py][line: 23][DEBUG] ## ('从数据库获取apk链接写入日志', [])
[2020-05-20 14:10:00,729][12108][log_file.py][line: 23][DEBUG] ## ('从数据库获取apk链接写入日志', [])
[2020-05-20 14:15:00,730][13060][log_file.py][line: 23][DEBUG] ## ('从数据库获取apk链接写入日志', [])
[2020-05-20 14:20:00,743][11616][log_file.py][line: 23][DEBUG] ## ('从数据库获取apk链接写入日志', ['http://pkg.superdalan.com/game.pkg/download?pkgId=2790&f=mxybtgz_junhai_android_74_1.0.0_20200520_142234.apk'])
[2020-05-20 14:20:56,693][11280][log_file.py][line: 23][DEBUG] ## ('-----------54a4c6159804___20200520_142234.apk----节点1-----------下载校验结果：True',)
[2020-05-20 14:21:20,148][11280][log_file.py][line: 23][DEBUG] ## ('---------54a4c6159804___20200520_142234.apk-------节点2------安装返回结果：True',)
[2020-05-20 14:21:20,323][11280][log_file.py][line: 23][DEBUG] ## ('--------54a4c6159804___20200520_142234.apk---节点3--------后台没有配置素材无需校验',)
[2020-05-20 14:21:25,513][11280][log_file.py][line: 23][DEBUG] ## ('54a4c6159804___20200520_142234.apk_非Dalan_Dsdk渠道包，不走自动化流程',)
[2020-05-20 14:25:02,573][9396][log_file.py][line: 23][DEBUG] ## ('从数据库获取apk链接写入日志', ['http://pkg.superdalan.com/game.pkg/download?pkgId=2674&f=czhlscjr_dalan_xiuxianandroid_75_1.0.0_20200520_142805.apk', 'http://pkg.superdalan.com/game.pkg/download?pkgId=2790&f=mxybtgz_junhai_android_74_1.0.0_20200520_142715.apk'])
[2020-05-20 14:25:11,344][12504][log_file.py][line: 23][DEBUG] ## ('-----------54a4c6159804___20200520_142805.apk----节点1-----------下载校验结果：True',)
[2020-05-20 14:25:13,966][10148][log_file.py][line: 23][DEBUG] ## ('-----------R8AYIJWO99999999___20200520_142715.apk----节点1-----------下载校验结果：True',)
[2020-05-20 14:25:33,247][12504][log_file.py][line: 23][DEBUG] ## ('---------54a4c6159804___20200520_142805.apk-------节点2------安装返回结果：True',)
[2020-05-20 14:25:33,395][12504][log_file.py][line: 23][DEBUG] ## ('--------54a4c6159804___20200520_142805.apk---节点3--------后台没有配置素材无需校验',)
[2020-05-20 14:25:38,560][12504][log_file.py][line: 23][DEBUG] ## ('54a4c6159804___20200520_142805.apk_非Dalan_Dsdk渠道包，不走自动化流程',)
[2020-05-20 14:25:51,371][10148][log_file.py][line: 23][DEBUG] ## ('---------R8AYIJWO99999999___20200520_142715.apk-------节点2------安装返回结果：True',)
[2020-05-20 14:25:51,543][10148][log_file.py][line: 23][DEBUG] ## ('--------R8AYIJWO99999999___20200520_142715.apk---节点3--------后台没有配置素材无需校验',)
[2020-05-20 14:25:56,742][10148][log_file.py][line: 23][DEBUG] ## ('R8AYIJWO99999999___20200520_142715.apk_非Dalan_Dsdk渠道包，不走自动化流程',)
[2020-05-20 14:30:01,664][5708][log_file.py][line: 23][DEBUG] ## ('从数据库获取apk链接写入日志', [])
[2020-05-20 14:35:00,789][9640][log_file.py][line: 23][DEBUG] ## ('从数据库获取apk链接写入日志', [])
[2020-05-20 14:40:00,736][9284][log_file.py][line: 23][DEBUG] ## ('从数据库获取apk链接写入日志', ['http://pkg.superdalan.com/game.pkg/download?pkgId=2673&f=sydlry26_rongyao_android_74_1.0.0_20200520_143906.apk', 'http://pkg.superdalan.com/game.pkg/download?pkgId=2720&f=sydl2ry26_rongyao_android_74_1.0.0_20200520_144309.apk'])
[2020-05-20 14:40:11,885][1684][log_file.py][line: 23][DEBUG] ## ('-----------R8AYIJWO99999999___20200520_144309.apk----节点1-----------下载校验结果：True',)
[2020-05-20 14:40:17,733][13244][log_file.py][line: 23][DEBUG] ## ('-----------54a4c6159804___20200520_143906.apk----节点1-----------下载校验结果：True',)
[2020-05-20 14:40:41,332][13244][log_file.py][line: 23][DEBUG] ## ('---------54a4c6159804___20200520_143906.apk-------节点2------安装返回结果：True',)
[2020-05-20 14:40:49,344][1684][log_file.py][line: 23][DEBUG] ## ('---------R8AYIJWO99999999___20200520_144309.apk-------节点2------安装返回结果：True',)
[2020-05-20 14:40:52,516][13244][log_file.py][line: 23][DEBUG] ## ('------------54a4c6159804___20200520_143906.apk----节点3---------拆包校验结果：False:只有应用名称匹配成功_图片失败',)
[2020-05-20 14:40:59,332][1684][log_file.py][line: 23][DEBUG] ## ("------------R8AYIJWO99999999___20200520_144309.apk----节点3---------拆包校验结果：True:['8cd4f331f89cfad481fe78a5caecfb3e.jpg', 'a310c21306e12becd0bc168ad6c79946.jpg', 'b951e08b59b0b2bd8d1c60cc064534a0.jpg']",)
[2020-05-20 14:41:02,242][1684][log_file.py][line: 23][DEBUG] ## ('R8AYIJWO99999999___20200520_144309.apk_非Dalan_Dsdk渠道包，不走自动化流程',)
[2020-05-20 14:45:00,734][13000][log_file.py][line: 23][DEBUG] ## ('从数据库获取apk链接写入日志', ['http://pkg.superdalan.com/game.pkg/download?pkgId=2674&f=czhlscjr_dalan_xiuxianandroid_75_1.0.0_20200520_144404.apk'])
[2020-05-20 14:45:51,975][4976][log_file.py][line: 23][DEBUG] ## ('-----------54a4c6159804___20200520_144404.apk----节点1-----------下载校验结果：True',)
[2020-05-20 14:46:12,063][4976][log_file.py][line: 23][DEBUG] ## ('---------54a4c6159804___20200520_144404.apk-------节点2------安装返回结果：True',)
[2020-05-20 14:46:12,228][4976][log_file.py][line: 23][DEBUG] ## ('--------54a4c6159804___20200520_144404.apk---节点3--------后台没有配置素材无需校验',)
[2020-05-20 14:46:22,245][4976][log_file.py][line: 23][DEBUG] ## ('54a4c6159804___20200520_144404.apk_非Dalan_Dsdk渠道包，不走自动化流程',)
[2020-05-20 14:50:00,748][7272][log_file.py][line: 23][DEBUG] ## ('从数据库获取apk链接写入日志', [])
[2020-05-20 14:55:00,808][1820][log_file.py][line: 23][DEBUG] ## ('从数据库获取apk链接写入日志', ['http://pkg.superdalan.com/game.pkg/download?pkgId=2721&f=sydl3ry26_rongyao_android_74_1.0.0_20200520_145526.apk', 'http://pkg.superdalan.com/game.pkg/download?pkgId=2722&f=sydl4ry26_rongyao_android_74_1.0.0_20200520_145619.apk'])
[2020-05-20 14:55:13,125][3920][log_file.py][line: 23][DEBUG] ## ('-----------54a4c6159804___20200520_145526.apk----节点1-----------下载校验结果：True',)
[2020-05-20 14:55:13,891][11904][log_file.py][line: 23][DEBUG] ## ('-----------R8AYIJWO99999999___20200520_145619.apk----节点1-----------下载校验结果：True',)
[2020-05-20 14:55:36,914][3920][log_file.py][line: 23][DEBUG] ## ('---------54a4c6159804___20200520_145526.apk-------节点2------安装返回结果：True',)
[2020-05-20 14:55:50,885][11904][log_file.py][line: 23][DEBUG] ## ('---------R8AYIJWO99999999___20200520_145619.apk-------节点2------安装返回结果：True',)
[2020-05-20 14:57:09,859][3920][log_file.py][line: 23][DEBUG] ## ("------------54a4c6159804___20200520_145526.apk----节点3---------拆包校验结果：True:['a310c21306e12becd0bc168ad6c79946.jpg', '8cd4f331f89cfad481fe78a5caecfb3e.jpg', 'b951e08b59b0b2bd8d1c60cc064534a0.jpg']",)
[2020-05-20 14:57:12,809][3920][log_file.py][line: 23][DEBUG] ## ('54a4c6159804___20200520_145526.apk_非Dalan_Dsdk渠道包，不走自动化流程',)
[2020-05-20 14:57:36,908][11904][log_file.py][line: 23][DEBUG] ## ("------------R8AYIJWO99999999___20200520_145619.apk----节点3---------拆包校验结果：True:['b951e08b59b0b2bd8d1c60cc064534a0.jpg', '8cd4f331f89cfad481fe78a5caecfb3e.jpg', 'a310c21306e12becd0bc168ad6c79946.jpg']",)
[2020-05-20 14:57:39,928][11904][log_file.py][line: 23][DEBUG] ## ('R8AYIJWO99999999___20200520_145619.apk_非Dalan_Dsdk渠道包，不走自动化流程',)
[2020-05-20 15:00:02,996][8124][log_file.py][line: 23][DEBUG] ## ('从数据库获取apk链接写入日志', [])
[2020-05-20 15:05:02,238][10412][log_file.py][line: 23][DEBUG] ## ('从数据库获取apk链接写入日志', [])
[2020-05-20 15:10:01,673][13040][log_file.py][line: 23][DEBUG] ## ('从数据库获取apk链接写入日志', [])
[2020-05-20 15:15:00,782][5504][log_file.py][line: 23][DEBUG] ## ('从数据库获取apk链接写入日志', [])
[2020-05-20 15:20:00,815][9196][log_file.py][line: 23][DEBUG] ## ('从数据库获取apk链接写入日志', [])
[2020-05-20 15:25:00,773][5716][log_file.py][line: 23][DEBUG] ## ('从数据库获取apk链接写入日志', [])
[2020-05-20 15:30:00,759][13060][log_file.py][line: 23][DEBUG] ## ('从数据库获取apk链接写入日志', [])
[2020-05-20 15:35:00,899][10676][log_file.py][line: 23][DEBUG] ## ('从数据库获取apk链接写入日志', [])
[2020-05-20 15:40:00,786][8184][log_file.py][line: 23][DEBUG] ## ('从数据库获取apk链接写入日志', [])
[2020-05-20 15:45:00,683][11728][log_file.py][line: 23][DEBUG] ## ('从数据库获取apk链接写入日志', [])
[2020-05-20 15:50:00,684][11388][log_file.py][line: 23][DEBUG] ## ('从数据库获取apk链接写入日志', [])
[2020-05-20 15:55:00,750][3620][log_file.py][line: 23][DEBUG] ## ('从数据库获取apk链接写入日志', [])
[2020-05-20 16:00:00,833][9964][log_file.py][line: 23][DEBUG] ## ('从数据库获取apk链接写入日志', [])
[2020-05-20 16:05:00,679][9324][log_file.py][line: 23][DEBUG] ## ('从数据库获取apk链接写入日志', [])
[2020-05-20 16:10:01,793][9196][log_file.py][line: 23][DEBUG] ## ('从数据库获取apk链接写入日志', [])
[2020-05-20 16:15:02,689][3848][log_file.py][line: 23][DEBUG] ## ('从数据库获取apk链接写入日志', [])
[2020-05-20 16:20:01,026][11860][log_file.py][line: 23][DEBUG] ## ('从数据库获取apk链接写入日志', [])
[2020-05-20 16:25:02,865][2784][log_file.py][line: 23][DEBUG] ## ('从数据库获取apk链接写入日志', [])
[2020-05-20 16:30:00,760][7668][log_file.py][line: 23][DEBUG] ## ('从数据库获取apk链接写入日志', [])
[2020-05-20 16:35:00,707][11528][log_file.py][line: 23][DEBUG] ## ('从数据库获取apk链接写入日志', [])
[2020-05-20 16:40:00,723][6120][log_file.py][line: 23][DEBUG] ## ('从数据库获取apk链接写入日志', [])
[2020-05-20 16:45:00,761][11528][log_file.py][line: 23][DEBUG] ## ('从数据库获取apk链接写入日志', ['http://pkg.superdalan.com/game.pkg/download?pkgId=2798&f=jwzgxqg_dalan_submitmirh5_58_1.0.0_20200520_164726.apk'])
[2020-05-20 16:45:34,863][11268][log_file.py][line: 23][DEBUG] ## ('-----------54a4c6159804___20200520_164726.apk----节点1-----------下载校验结果：True',)
[2020-05-20 16:45:46,378][11268][log_file.py][line: 23][DEBUG] ## ('---------54a4c6159804___20200520_164726.apk-------节点2------安装返回结果：True',)
[2020-05-20 16:45:46,544][11268][log_file.py][line: 23][DEBUG] ## ('--------54a4c6159804___20200520_164726.apk---节点3--------后台没有配置素材无需校验',)
[2020-05-20 16:45:53,987][11268][log_file.py][line: 23][DEBUG] ## ('54a4c6159804___20200520_164726.apk_非Dalan_Dsdk渠道包，不走自动化流程',)
[2020-05-20 16:50:00,702][10436][log_file.py][line: 23][DEBUG] ## ('从数据库获取apk链接写入日志', [])
[2020-05-20 16:55:00,742][12104][log_file.py][line: 23][DEBUG] ## ('从数据库获取apk链接写入日志', [])
[2020-05-20 17:00:00,718][3736][log_file.py][line: 23][DEBUG] ## ('从数据库获取apk链接写入日志', [])
[2020-05-20 17:05:00,795][8860][log_file.py][line: 23][DEBUG] ## ('从数据库获取apk链接写入日志', [])
[2020-05-20 17:10:00,761][11572][log_file.py][line: 23][DEBUG] ## ('从数据库获取apk链接写入日志', [])
[2020-05-20 17:15:00,673][5132][log_file.py][line: 23][DEBUG] ## ('从数据库获取apk链接写入日志', [])
[2020-05-20 17:20:00,751][13996][log_file.py][line: 23][DEBUG] ## ('从数据库获取apk链接写入日志', [])
[2020-05-20 17:25:00,768][2040][log_file.py][line: 23][DEBUG] ## ('从数据库获取apk链接写入日志', [])
[2020-05-20 17:30:00,800][5656][log_file.py][line: 23][DEBUG] ## ('从数据库获取apk链接写入日志', [])
[2020-05-20 17:35:00,690][13500][log_file.py][line: 23][DEBUG] ## ('从数据库获取apk链接写入日志', [])
[2020-05-20 17:40:00,710][14116][log_file.py][line: 23][DEBUG] ## ('从数据库获取apk链接写入日志', [])
[2020-05-20 17:45:00,713][12328][log_file.py][line: 23][DEBUG] ## ('从数据库获取apk链接写入日志', [])
[2020-05-20 17:50:00,707][13616][log_file.py][line: 23][DEBUG] ## ('从数据库获取apk链接写入日志', ['http://pkg.superdalan.com/game.pkg/download?pkgId=2798&f=jwzgxqg_dalan_submitmirh5_58_1.0.0_20200520_174956.apk'])
[2020-05-20 17:50:12,893][3976][log_file.py][line: 23][DEBUG] ## ('-----------54a4c6159804___20200520_174956.apk----节点1-----------下载校验结果：True',)
[2020-05-20 17:55:00,713][13060][log_file.py][line: 23][DEBUG] ## ('从数据库获取apk链接写入日志', ['http://pkg.superdalan.com/game.pkg/download?pkgId=2798&f=jwzgxqg_dalan_submitmirh5_58_1.0.0_20200520_174956.apk'])
[2020-05-20 17:55:07,048][13792][log_file.py][line: 23][DEBUG] ## ('-----------54a4c6159804___20200520_174956.apk----节点1-----------下载校验结果：True',)
[2020-05-20 18:00:00,853][13492][log_file.py][line: 23][DEBUG] ## ('从数据库获取apk链接写入日志', ['http://pkg.superdalan.com/game.pkg/download?pkgId=2798&f=jwzgxqg_dalan_submitmirh5_58_1.0.0_20200520_174956.apk'])
[2020-05-20 18:00:07,090][13272][log_file.py][line: 23][DEBUG] ## ('-----------54a4c6159804___20200520_174956.apk----节点1-----------下载校验结果：True',)
[2020-05-20 18:05:00,811][8464][log_file.py][line: 23][DEBUG] ## ('从数据库获取apk链接写入日志', ['http://pkg.superdalan.com/game.pkg/download?pkgId=2798&f=jwzgxqg_dalan_submitmirh5_58_1.0.0_20200520_174956.apk'])
[2020-05-20 18:05:06,986][13464][log_file.py][line: 23][DEBUG] ## ('-----------54a4c6159804___20200520_174956.apk----节点1-----------下载校验结果：True',)
[2020-05-20 18:10:00,719][10060][log_file.py][line: 23][DEBUG] ## ('从数据库获取apk链接写入日志', ['http://pkg.superdalan.com/game.pkg/download?pkgId=2798&f=jwzgxqg_dalan_submitmirh5_58_1.0.0_20200520_174956.apk'])
[2020-05-20 18:10:05,634][14276][log_file.py][line: 23][DEBUG] ## ('-----------54a4c6159804___20200520_174956.apk----节点1-----------下载校验结果：True',)
[2020-05-20 18:15:00,763][14176][log_file.py][line: 23][DEBUG] ## ('从数据库获取apk链接写入日志', ['http://pkg.superdalan.com/game.pkg/download?pkgId=2798&f=jwzgxqg_dalan_submitmirh5_58_1.0.0_20200520_174956.apk'])
[2020-05-20 18:15:06,952][14216][log_file.py][line: 23][DEBUG] ## ('-----------54a4c6159804___20200520_174956.apk----节点1-----------下载校验结果：True',)
[2020-05-20 18:20:00,724][8044][log_file.py][line: 23][DEBUG] ## ('从数据库获取apk链接写入日志', ['http://pkg.superdalan.com/game.pkg/download?pkgId=2798&f=jwzgxqg_dalan_submitmirh5_58_1.0.0_20200520_174956.apk'])
[2020-05-20 18:20:07,056][13656][log_file.py][line: 23][DEBUG] ## ('-----------54a4c6159804___20200520_174956.apk----节点1-----------下载校验结果：True',)
[2020-05-20 18:25:00,729][14288][log_file.py][line: 23][DEBUG] ## ('从数据库获取apk链接写入日志', ['http://pkg.superdalan.com/game.pkg/download?pkgId=2798&f=jwzgxqg_dalan_submitmirh5_58_1.0.0_20200520_174956.apk', 'http://pkg.superdalan.com/game.pkg/download?pkgId=2800&f=shjzcyzstt_dalan_dsdk_48_1.0.0_20200424_220635.apk', 'http://pkg.superdalan.com/game.pkg/download?pkgId=2800&f=shjzcyzstt_dalan_dsdk_48_1.0.0_20200520_182304.apk'])
[2020-05-20 18:25:11,361][7776][log_file.py][line: 23][DEBUG] ## ('-----------54a4c6159804___20200520_174956.apk----节点1-----------下载校验结果：True',)
[2020-05-20 18:25:38,124][11000][log_file.py][line: 23][DEBUG] ## ('-----------R8AYIJWO99999999___20200424_220635.apk----节点1-----------下载校验结果：True',)
[2020-05-20 18:26:51,518][13660][log_file.py][line: 23][DEBUG] ## ('-----------54a4c6159804___20200520_182304.apk----节点1-----------下载校验结果：True',)
[2020-05-20 18:27:27,677][13660][log_file.py][line: 23][DEBUG] ## ('---------54a4c6159804___20200520_182304.apk-------节点2------安装返回结果：True',)
[2020-05-20 18:27:27,887][13660][log_file.py][line: 23][DEBUG] ## ('--------54a4c6159804___20200520_182304.apk---节点3--------后台没有配置素材无需校验',)
[2020-05-20 18:28:35,716][13660][log_file.py][line: 23][DEBUG] ## ('-----------54a4c6159804___20200520_182304.apk----节点4----------打开游戏结果:True',)
[2020-05-20 18:33:07,385][13660][log_file.py][line: 23][DEBUG] ## ('-----------54a4c6159804___20200520_182304.apk----节点5----------登录游戏结果:False',)
[2020-05-20 18:35:02,601][11736][log_file.py][line: 23][DEBUG] ## ('从数据库获取apk链接写入日志', ['http://pkg.superdalan.com/game.pkg/download?pkgId=2674&f=czhlscjr_dalan_xiuxianandroid_75_1.0.0_20200520_183609.apk', 'http://pkg.superdalan.com/game.pkg/download?pkgId=2798&f=jwzgxqg_dalan_submitmirh5_58_1.0.0_20200520_174956.apk', 'http://pkg.superdalan.com/game.pkg/download?pkgId=2800&f=shjzcyzstt_dalan_dsdk_48_1.0.0_20200424_220635.apk', 'http://pkg.superdalan.com/game.pkg/download?pkgId=2800&f=shjzcyzstt_dalan_dsdk_48_1.0.0_20200520_182304.apk'])
[2020-05-20 18:35:14,000][11148][log_file.py][line: 23][DEBUG] ## ('-----------R8AYIJWO99999999___20200520_174956.apk----节点1-----------下载校验结果：True',)
[2020-05-20 18:35:41,397][14084][log_file.py][line: 23][DEBUG] ## ('-----------54a4c6159804___20200520_183609.apk----节点1-----------下载校验结果：True',)
[2020-05-20 18:36:01,085][14084][log_file.py][line: 23][DEBUG] ## ('---------54a4c6159804___20200520_183609.apk-------节点2------安装返回结果：True',)
[2020-05-20 18:36:01,271][14084][log_file.py][line: 23][DEBUG] ## ('--------54a4c6159804___20200520_183609.apk---节点3--------后台没有配置素材无需校验',)
[2020-05-20 18:36:06,540][14084][log_file.py][line: 23][DEBUG] ## ('54a4c6159804___20200520_183609.apk_非Dalan_Dsdk渠道包，不走自动化流程',)
[2020-05-20 18:39:14,406][11956][log_file.py][line: 23][DEBUG] ## ('-----------R8AYIJWO99999999___20200520_182304.apk----节点1-----------下载校验结果：True',)
[2020-05-20 18:39:17,960][7516][log_file.py][line: 23][DEBUG] ## ('-----------54a4c6159804___20200424_220635.apk----节点1-----------下载校验结果：True',)
[2020-05-20 18:39:51,472][7516][log_file.py][line: 23][DEBUG] ## ('---------54a4c6159804___20200424_220635.apk-------节点2------安装返回结果：True',)
[2020-05-20 18:39:51,659][7516][log_file.py][line: 23][DEBUG] ## ('--------54a4c6159804___20200424_220635.apk---节点3--------后台没有配置素材无需校验',)
[2020-05-20 18:40:16,530][11956][log_file.py][line: 23][DEBUG] ## ('---------R8AYIJWO99999999___20200520_182304.apk-------节点2------安装返回结果：True',)
[2020-05-20 18:40:16,673][11956][log_file.py][line: 23][DEBUG] ## ('--------R8AYIJWO99999999___20200520_182304.apk---节点3--------后台没有配置素材无需校验',)
[2020-05-20 18:41:09,430][7516][log_file.py][line: 23][DEBUG] ## ('-----------54a4c6159804___20200424_220635.apk----节点4----------打开游戏结果:True',)
[2020-05-20 18:41:20,260][11956][log_file.py][line: 23][DEBUG] ## ('-----------R8AYIJWO99999999___20200520_182304.apk----节点4----------打开游戏结果:True',)
[2020-05-20 18:42:18,666][7516][log_file.py][line: 23][DEBUG] ## ('-----------54a4c6159804___20200424_220635.apk----节点5----------登录游戏结果:True',)
[2020-05-20 18:42:18,668][11956][log_file.py][line: 23][DEBUG] ## ('-----------R8AYIJWO99999999___20200520_182304.apk----节点5----------登录游戏结果:True',)
[2020-05-20 18:43:01,671][11956][log_file.py][line: 23][DEBUG] ## ('------R8AYIJWO99999999___20200520_182304.apk---节点6-------下单调起微信结果:True',)
[2020-05-20 18:43:03,282][7516][log_file.py][line: 23][DEBUG] ## ('------54a4c6159804___20200424_220635.apk---节点6-------下单调起微信结果:True',)
[2020-05-20 18:45:41,166][13376][log_file.py][line: 23][DEBUG] ## ('从数据库获取apk链接写入日志', ['http://pkg.superdalan.com/game.pkg/download?pkgId=2798&f=jwzgxqg_dalan_submitmirh5_58_1.0.0_20200520_174956.apk'])
[2020-05-20 18:45:54,233][13508][log_file.py][line: 23][DEBUG] ## ('-----------54a4c6159804___20200520_174956.apk----节点1-----------下载校验结果：True',)
[2020-05-20 18:46:05,965][13508][log_file.py][line: 23][DEBUG] ## ('---------54a4c6159804___20200520_174956.apk-------节点2------安装返回结果：True',)
[2020-05-20 18:46:08,443][13508][log_file.py][line: 23][DEBUG] ## ('------------54a4c6159804___20200520_174956.apk----节点3---------拆包校验结果：True:[]',)
[2020-05-20 18:46:09,113][13508][log_file.py][line: 23][DEBUG] ## ('54a4c6159804___20200520_174956.apk_非Dalan_Dsdk渠道包，不走自动化流程',)
[2020-05-20 18:50:01,202][11224][log_file.py][line: 23][DEBUG] ## ('从数据库获取apk链接写入日志', ['http://pkg.superdalan.com/game.pkg/download?pkgId=2325&f=nsmyly_dalan_dysdk_10_1.0.5_20200520_185120.apk'])
[2020-05-20 18:50:40,509][13408][log_file.py][line: 23][DEBUG] ## ('-----------54a4c6159804___20200520_185120.apk----节点1-----------下载校验结果：True',)
[2020-05-20 18:50:59,400][13408][log_file.py][line: 23][DEBUG] ## ('---------54a4c6159804___20200520_185120.apk-------节点2------安装返回结果：True',)
[2020-05-20 18:51:11,982][13408][log_file.py][line: 23][DEBUG] ## ("------------54a4c6159804___20200520_185120.apk----节点3---------拆包校验结果：True:['9adaa97cd28684e4651e4a610550c8a3.jpg', '0a63d40a3a24dc3e313c2cdd5b0ded65.jpg']",)
[2020-05-20 18:51:12,696][13408][log_file.py][line: 23][DEBUG] ## ('54a4c6159804___20200520_185120.apk_非Dalan_Dsdk渠道包，不走自动化流程',)
[2020-05-20 18:55:00,738][8060][log_file.py][line: 23][DEBUG] ## ('从数据库获取apk链接写入日志', [])
[2020-05-20 19:00:00,742][14312][log_file.py][line: 23][DEBUG] ## ('从数据库获取apk链接写入日志', [])
[2020-05-20 19:05:00,705][14208][log_file.py][line: 23][DEBUG] ## ('从数据库获取apk链接写入日志', [])
[2020-05-20 19:10:00,714][13792][log_file.py][line: 23][DEBUG] ## ('从数据库获取apk链接写入日志', [])
[2020-05-20 19:15:00,738][14000][log_file.py][line: 23][DEBUG] ## ('从数据库获取apk链接写入日志', [])
[2020-05-20 19:20:00,723][13704][log_file.py][line: 23][DEBUG] ## ('从数据库获取apk链接写入日志', [])
[2020-05-20 19:25:00,754][13632][log_file.py][line: 23][DEBUG] ## ('从数据库获取apk链接写入日志', [])
[2020-05-20 19:30:00,718][13736][log_file.py][line: 23][DEBUG] ## ('从数据库获取apk链接写入日志', [])
[2020-05-20 19:35:00,736][13452][log_file.py][line: 23][DEBUG] ## ('从数据库获取apk链接写入日志', [])
[2020-05-20 19:40:00,717][10808][log_file.py][line: 23][DEBUG] ## ('从数据库获取apk链接写入日志', [])
[2020-05-20 19:45:00,740][13764][log_file.py][line: 23][DEBUG] ## ('从数据库获取apk链接写入日志', [])
[2020-05-20 19:50:00,742][5656][log_file.py][line: 23][DEBUG] ## ('从数据库获取apk链接写入日志', [])
[2020-05-20 19:55:00,712][13928][log_file.py][line: 23][DEBUG] ## ('从数据库获取apk链接写入日志', [])
[2020-05-20 20:00:00,694][12832][log_file.py][line: 23][DEBUG] ## ('从数据库获取apk链接写入日志', [])
[2020-05-20 20:05:00,714][3316][log_file.py][line: 23][DEBUG] ## ('从数据库获取apk链接写入日志', [])
[2020-05-20 20:10:00,695][6164][log_file.py][line: 23][DEBUG] ## ('从数据库获取apk链接写入日志', [])
[2020-05-20 20:15:00,711][8312][log_file.py][line: 23][DEBUG] ## ('从数据库获取apk链接写入日志', [])
[2020-05-20 20:20:00,711][12032][log_file.py][line: 23][DEBUG] ## ('从数据库获取apk链接写入日志', [])
[2020-05-20 20:25:00,719][11508][log_file.py][line: 23][DEBUG] ## ('从数据库获取apk链接写入日志', [])
[2020-05-20 20:30:00,717][7516][log_file.py][line: 23][DEBUG] ## ('从数据库获取apk链接写入日志', [])
[2020-05-20 20:35:00,730][13068][log_file.py][line: 23][DEBUG] ## ('从数据库获取apk链接写入日志', [])
[2020-05-20 20:40:00,734][14172][log_file.py][line: 23][DEBUG] ## ('从数据库获取apk链接写入日志', [])
[2020-05-20 20:45:00,698][3736][log_file.py][line: 23][DEBUG] ## ('从数据库获取apk链接写入日志', [])
[2020-05-20 20:50:00,718][4728][log_file.py][line: 23][DEBUG] ## ('从数据库获取apk链接写入日志', [])
[2020-05-20 20:55:00,732][13452][log_file.py][line: 23][DEBUG] ## ('从数据库获取apk链接写入日志', [])
[2020-05-20 21:00:00,710][11984][log_file.py][line: 23][DEBUG] ## ('从数据库获取apk链接写入日志', [])
[2020-05-20 21:05:00,741][11860][log_file.py][line: 23][DEBUG] ## ('从数据库获取apk链接写入日志', [])
[2020-05-20 21:10:00,720][13936][log_file.py][line: 23][DEBUG] ## ('从数据库获取apk链接写入日志', [])
[2020-05-20 21:15:00,694][13324][log_file.py][line: 23][DEBUG] ## ('从数据库获取apk链接写入日志', [])
[2020-05-20 21:20:00,688][13708][log_file.py][line: 23][DEBUG] ## ('从数据库获取apk链接写入日志', [])
[2020-05-20 21:25:00,710][13136][log_file.py][line: 23][DEBUG] ## ('从数据库获取apk链接写入日志', [])
[2020-05-20 21:30:00,770][14244][log_file.py][line: 23][DEBUG] ## ('从数据库获取apk链接写入日志', [])
[2020-05-20 21:35:00,684][7452][log_file.py][line: 23][DEBUG] ## ('从数据库获取apk链接写入日志', [])
[2020-05-20 21:40:00,760][14228][log_file.py][line: 23][DEBUG] ## ('从数据库获取apk链接写入日志', [])
[2020-05-20 21:45:00,754][11032][log_file.py][line: 23][DEBUG] ## ('从数据库获取apk链接写入日志', [])
[2020-05-20 21:50:00,731][9732][log_file.py][line: 23][DEBUG] ## ('从数据库获取apk链接写入日志', [])
[2020-05-20 21:55:00,706][8184][log_file.py][line: 23][DEBUG] ## ('从数据库获取apk链接写入日志', [])
[2020-05-20 22:00:00,699][3812][log_file.py][line: 23][DEBUG] ## ('从数据库获取apk链接写入日志', [])
[2020-05-20 22:05:00,724][11552][log_file.py][line: 23][DEBUG] ## ('从数据库获取apk链接写入日志', [])
[2020-05-20 22:10:00,788][14216][log_file.py][line: 23][DEBUG] ## ('从数据库获取apk链接写入日志', [])
[2020-05-20 22:15:00,775][5132][log_file.py][line: 23][DEBUG] ## ('从数据库获取apk链接写入日志', [])
[2020-05-20 22:20:00,864][13664][log_file.py][line: 23][DEBUG] ## ('从数据库获取apk链接写入日志', [])
[2020-05-20 22:25:00,696][13944][log_file.py][line: 23][DEBUG] ## ('从数据库获取apk链接写入日志', [])
[2020-05-20 22:30:01,270][10768][log_file.py][line: 23][DEBUG] ## ('从数据库获取apk链接写入日志', [])
[2020-05-20 22:35:00,716][11508][log_file.py][line: 23][DEBUG] ## ('从数据库获取apk链接写入日志', [])
[2020-05-20 22:40:00,722][9920][log_file.py][line: 23][DEBUG] ## ('从数据库获取apk链接写入日志', [])
[2020-05-20 22:45:00,706][11848][log_file.py][line: 23][DEBUG] ## ('从数据库获取apk链接写入日志', [])
[2020-05-20 22:50:00,708][11308][log_file.py][line: 23][DEBUG] ## ('从数据库获取apk链接写入日志', [])
[2020-05-20 22:55:00,722][11508][log_file.py][line: 23][DEBUG] ## ('从数据库获取apk链接写入日志', [])
[2020-05-20 23:00:00,716][13808][log_file.py][line: 23][DEBUG] ## ('从数据库获取apk链接写入日志', [])
[2020-05-20 23:05:00,677][13120][log_file.py][line: 23][DEBUG] ## ('从数据库获取apk链接写入日志', [])
[2020-05-20 23:10:00,716][5504][log_file.py][line: 23][DEBUG] ## ('从数据库获取apk链接写入日志', [])
[2020-05-20 23:15:00,731][13404][log_file.py][line: 23][DEBUG] ## ('从数据库获取apk链接写入日志', [])
[2020-05-20 23:20:00,746][13392][log_file.py][line: 23][DEBUG] ## ('从数据库获取apk链接写入日志', [])
[2020-05-20 23:25:00,710][6008][log_file.py][line: 23][DEBUG] ## ('从数据库获取apk链接写入日志', [])
[2020-05-20 23:30:00,712][14268][log_file.py][line: 23][DEBUG] ## ('从数据库获取apk链接写入日志', [])
[2020-05-20 23:35:00,738][8256][log_file.py][line: 23][DEBUG] ## ('从数据库获取apk链接写入日志', [])
[2020-05-20 23:40:00,720][12184][log_file.py][line: 23][DEBUG] ## ('从数据库获取apk链接写入日志', [])
[2020-05-20 23:45:00,710][14104][log_file.py][line: 23][DEBUG] ## ('从数据库获取apk链接写入日志', [])
[2020-05-20 23:50:00,818][7516][log_file.py][line: 23][DEBUG] ## ('从数据库获取apk链接写入日志', [])
[2020-05-20 23:55:00,756][13924][log_file.py][line: 23][DEBUG] ## ('从数据库获取apk链接写入日志', [])
