[2020-06-11 00:00:00,685][10084][log_file.py][line: 23][DEBUG] ## ('从数据库获取apk链接写入日志', ['http://pkg.superdalan.com/game.pkg/download?pkgId=2761&f=chwyly1_dalan_huawei_74_1_20200610_205809.apk'])
[2020-06-11 00:00:57,503][28900][log_file.py][line: 23][DEBUG] ## ('-----------b5940085___20200610_205809.apk----节点1-----------下载校验结果：True',)
[2020-06-11 00:05:00,711][14460][log_file.py][line: 23][DEBUG] ## ('从数据库获取apk链接写入日志', ['http://pkg.superdalan.com/game.pkg/download?pkgId=2761&f=chwyly1_dalan_huawei_74_1_20200610_205809.apk'])
[2020-06-11 00:05:57,029][18684][log_file.py][line: 23][DEBUG] ## ('-----------b5940085___20200610_205809.apk----节点1-----------下载校验结果：True',)
[2020-06-11 00:10:00,737][14884][log_file.py][line: 23][DEBUG] ## ('从数据库获取apk链接写入日志', ['http://pkg.superdalan.com/game.pkg/download?pkgId=2761&f=chwyly1_dalan_huawei_74_1_20200610_205809.apk'])
[2020-06-11 00:10:57,704][27316][log_file.py][line: 23][DEBUG] ## ('-----------b5940085___20200610_205809.apk----节点1-----------下载校验结果：True',)
[2020-06-11 00:15:00,741][20764][log_file.py][line: 23][DEBUG] ## ('从数据库获取apk链接写入日志', ['http://pkg.superdalan.com/game.pkg/download?pkgId=2761&f=chwyly1_dalan_huawei_74_1_20200610_205809.apk'])
[2020-06-11 00:15:57,727][14432][log_file.py][line: 23][DEBUG] ## ('-----------b5940085___20200610_205809.apk----节点1-----------下载校验结果：True',)
[2020-06-11 00:20:00,700][32444][log_file.py][line: 23][DEBUG] ## ('从数据库获取apk链接写入日志', ['http://pkg.superdalan.com/game.pkg/download?pkgId=2761&f=chwyly1_dalan_huawei_74_1_20200610_205809.apk'])
[2020-06-11 00:20:57,449][31436][log_file.py][line: 23][DEBUG] ## ('-----------b5940085___20200610_205809.apk----节点1-----------下载校验结果：True',)
[2020-06-11 00:25:00,668][19292][log_file.py][line: 23][DEBUG] ## ('从数据库获取apk链接写入日志', ['http://pkg.superdalan.com/game.pkg/download?pkgId=2761&f=chwyly1_dalan_huawei_74_1_20200610_205809.apk'])
[2020-06-11 00:25:56,075][25232][log_file.py][line: 23][DEBUG] ## ('-----------b5940085___20200610_205809.apk----节点1-----------下载校验结果：True',)
[2020-06-11 00:30:00,722][32960][log_file.py][line: 23][DEBUG] ## ('从数据库获取apk链接写入日志', ['http://pkg.superdalan.com/game.pkg/download?pkgId=2761&f=chwyly1_dalan_huawei_74_1_20200610_205809.apk'])
[2020-06-11 00:30:57,487][32492][log_file.py][line: 23][DEBUG] ## ('-----------b5940085___20200610_205809.apk----节点1-----------下载校验结果：True',)
[2020-06-11 00:35:00,695][33604][log_file.py][line: 23][DEBUG] ## ('从数据库获取apk链接写入日志', ['http://pkg.superdalan.com/game.pkg/download?pkgId=2761&f=chwyly1_dalan_huawei_74_1_20200610_205809.apk'])
[2020-06-11 00:35:56,103][27332][log_file.py][line: 23][DEBUG] ## ('-----------b5940085___20200610_205809.apk----节点1-----------下载校验结果：True',)
[2020-06-11 00:40:00,661][28592][log_file.py][line: 23][DEBUG] ## ('从数据库获取apk链接写入日志', ['http://pkg.superdalan.com/game.pkg/download?pkgId=2761&f=chwyly1_dalan_huawei_74_1_20200610_205809.apk'])
[2020-06-11 00:40:56,606][14192][log_file.py][line: 23][DEBUG] ## ('-----------b5940085___20200610_205809.apk----节点1-----------下载校验结果：True',)
[2020-06-11 00:45:00,712][22164][log_file.py][line: 23][DEBUG] ## ('从数据库获取apk链接写入日志', ['http://pkg.superdalan.com/game.pkg/download?pkgId=2761&f=chwyly1_dalan_huawei_74_1_20200610_205809.apk'])
[2020-06-11 00:45:56,487][13628][log_file.py][line: 23][DEBUG] ## ('-----------b5940085___20200610_205809.apk----节点1-----------下载校验结果：True',)
[2020-06-11 00:50:00,742][11768][log_file.py][line: 23][DEBUG] ## ('从数据库获取apk链接写入日志', ['http://pkg.superdalan.com/game.pkg/download?pkgId=2761&f=chwyly1_dalan_huawei_74_1_20200610_205809.apk'])
[2020-06-11 00:50:57,638][14440][log_file.py][line: 23][DEBUG] ## ('-----------b5940085___20200610_205809.apk----节点1-----------下载校验结果：True',)
[2020-06-11 00:55:00,711][24208][log_file.py][line: 23][DEBUG] ## ('从数据库获取apk链接写入日志', ['http://pkg.superdalan.com/game.pkg/download?pkgId=2761&f=chwyly1_dalan_huawei_74_1_20200610_205809.apk'])
[2020-06-11 00:55:56,276][25252][log_file.py][line: 23][DEBUG] ## ('-----------b5940085___20200610_205809.apk----节点1-----------下载校验结果：True',)
[2020-06-11 01:00:00,703][848][log_file.py][line: 23][DEBUG] ## ('从数据库获取apk链接写入日志', ['http://pkg.superdalan.com/game.pkg/download?pkgId=2761&f=chwyly1_dalan_huawei_74_1_20200610_205809.apk'])
[2020-06-11 01:00:56,859][21484][log_file.py][line: 23][DEBUG] ## ('-----------b5940085___20200610_205809.apk----节点1-----------下载校验结果：True',)
[2020-06-11 01:05:00,697][8028][log_file.py][line: 23][DEBUG] ## ('从数据库获取apk链接写入日志', ['http://pkg.superdalan.com/game.pkg/download?pkgId=2761&f=chwyly1_dalan_huawei_74_1_20200610_205809.apk'])
[2020-06-11 01:05:56,132][12304][log_file.py][line: 23][DEBUG] ## ('-----------b5940085___20200610_205809.apk----节点1-----------下载校验结果：True',)
[2020-06-11 01:10:00,736][35584][log_file.py][line: 23][DEBUG] ## ('从数据库获取apk链接写入日志', ['http://pkg.superdalan.com/game.pkg/download?pkgId=2761&f=chwyly1_dalan_huawei_74_1_20200610_205809.apk'])
[2020-06-11 01:10:56,593][25748][log_file.py][line: 23][DEBUG] ## ('-----------b5940085___20200610_205809.apk----节点1-----------下载校验结果：True',)
[2020-06-11 01:15:00,691][32664][log_file.py][line: 23][DEBUG] ## ('从数据库获取apk链接写入日志', ['http://pkg.superdalan.com/game.pkg/download?pkgId=2761&f=chwyly1_dalan_huawei_74_1_20200610_205809.apk'])
[2020-06-11 01:15:57,913][29908][log_file.py][line: 23][DEBUG] ## ('-----------b5940085___20200610_205809.apk----节点1-----------下载校验结果：True',)
[2020-06-11 01:20:00,712][26180][log_file.py][line: 23][DEBUG] ## ('从数据库获取apk链接写入日志', ['http://pkg.superdalan.com/game.pkg/download?pkgId=2761&f=chwyly1_dalan_huawei_74_1_20200610_205809.apk'])
[2020-06-11 01:20:57,125][34516][log_file.py][line: 23][DEBUG] ## ('-----------b5940085___20200610_205809.apk----节点1-----------下载校验结果：True',)
[2020-06-11 01:25:00,756][34264][log_file.py][line: 23][DEBUG] ## ('从数据库获取apk链接写入日志', ['http://pkg.superdalan.com/game.pkg/download?pkgId=2761&f=chwyly1_dalan_huawei_74_1_20200610_205809.apk'])
[2020-06-11 01:25:56,416][34592][log_file.py][line: 23][DEBUG] ## ('-----------b5940085___20200610_205809.apk----节点1-----------下载校验结果：True',)
[2020-06-11 01:30:00,694][26828][log_file.py][line: 23][DEBUG] ## ('从数据库获取apk链接写入日志', ['http://pkg.superdalan.com/game.pkg/download?pkgId=2761&f=chwyly1_dalan_huawei_74_1_20200610_205809.apk'])
[2020-06-11 01:30:56,163][17456][log_file.py][line: 23][DEBUG] ## ('-----------b5940085___20200610_205809.apk----节点1-----------下载校验结果：True',)
[2020-06-11 01:35:00,739][13460][log_file.py][line: 23][DEBUG] ## ('从数据库获取apk链接写入日志', ['http://pkg.superdalan.com/game.pkg/download?pkgId=2761&f=chwyly1_dalan_huawei_74_1_20200610_205809.apk'])
[2020-06-11 01:35:57,068][25296][log_file.py][line: 23][DEBUG] ## ('-----------b5940085___20200610_205809.apk----节点1-----------下载校验结果：True',)
[2020-06-11 01:40:00,743][12780][log_file.py][line: 23][DEBUG] ## ('从数据库获取apk链接写入日志', ['http://pkg.superdalan.com/game.pkg/download?pkgId=2761&f=chwyly1_dalan_huawei_74_1_20200610_205809.apk'])
[2020-06-11 01:40:57,503][18076][log_file.py][line: 23][DEBUG] ## ('-----------b5940085___20200610_205809.apk----节点1-----------下载校验结果：True',)
[2020-06-11 01:45:00,698][25940][log_file.py][line: 23][DEBUG] ## ('从数据库获取apk链接写入日志', ['http://pkg.superdalan.com/game.pkg/download?pkgId=2761&f=chwyly1_dalan_huawei_74_1_20200610_205809.apk'])
[2020-06-11 01:45:56,011][4928][log_file.py][line: 23][DEBUG] ## ('-----------b5940085___20200610_205809.apk----节点1-----------下载校验结果：True',)
[2020-06-11 01:50:00,725][23096][log_file.py][line: 23][DEBUG] ## ('从数据库获取apk链接写入日志', ['http://pkg.superdalan.com/game.pkg/download?pkgId=2761&f=chwyly1_dalan_huawei_74_1_20200610_205809.apk'])
[2020-06-11 01:50:56,516][20420][log_file.py][line: 23][DEBUG] ## ('-----------b5940085___20200610_205809.apk----节点1-----------下载校验结果：True',)
[2020-06-11 01:55:00,675][24140][log_file.py][line: 23][DEBUG] ## ('从数据库获取apk链接写入日志', ['http://pkg.superdalan.com/game.pkg/download?pkgId=2761&f=chwyly1_dalan_huawei_74_1_20200610_205809.apk'])
[2020-06-11 01:55:58,400][35164][log_file.py][line: 23][DEBUG] ## ('-----------b5940085___20200610_205809.apk----节点1-----------下载校验结果：True',)
[2020-06-11 02:00:00,681][14760][log_file.py][line: 23][DEBUG] ## ('从数据库获取apk链接写入日志', ['http://pkg.superdalan.com/game.pkg/download?pkgId=2761&f=chwyly1_dalan_huawei_74_1_20200610_205809.apk'])
[2020-06-11 02:00:57,947][22700][log_file.py][line: 23][DEBUG] ## ('-----------b5940085___20200610_205809.apk----节点1-----------下载校验结果：True',)
[2020-06-11 02:05:00,684][33152][log_file.py][line: 23][DEBUG] ## ('从数据库获取apk链接写入日志', ['http://pkg.superdalan.com/game.pkg/download?pkgId=2761&f=chwyly1_dalan_huawei_74_1_20200610_205809.apk'])
[2020-06-11 02:05:56,736][12920][log_file.py][line: 23][DEBUG] ## ('-----------b5940085___20200610_205809.apk----节点1-----------下载校验结果：True',)
[2020-06-11 02:10:00,718][11036][log_file.py][line: 23][DEBUG] ## ('从数据库获取apk链接写入日志', ['http://pkg.superdalan.com/game.pkg/download?pkgId=2761&f=chwyly1_dalan_huawei_74_1_20200610_205809.apk'])
[2020-06-11 02:10:56,499][13768][log_file.py][line: 23][DEBUG] ## ('-----------b5940085___20200610_205809.apk----节点1-----------下载校验结果：True',)
[2020-06-11 02:15:00,717][17860][log_file.py][line: 23][DEBUG] ## ('从数据库获取apk链接写入日志', ['http://pkg.superdalan.com/game.pkg/download?pkgId=2761&f=chwyly1_dalan_huawei_74_1_20200610_205809.apk'])
[2020-06-11 02:15:57,380][16368][log_file.py][line: 23][DEBUG] ## ('-----------b5940085___20200610_205809.apk----节点1-----------下载校验结果：True',)
[2020-06-11 02:20:00,731][16360][log_file.py][line: 23][DEBUG] ## ('从数据库获取apk链接写入日志', ['http://pkg.superdalan.com/game.pkg/download?pkgId=2761&f=chwyly1_dalan_huawei_74_1_20200610_205809.apk'])
[2020-06-11 02:20:57,419][3556][log_file.py][line: 23][DEBUG] ## ('-----------b5940085___20200610_205809.apk----节点1-----------下载校验结果：True',)
[2020-06-11 02:25:00,801][35152][log_file.py][line: 23][DEBUG] ## ('从数据库获取apk链接写入日志', ['http://pkg.superdalan.com/game.pkg/download?pkgId=2761&f=chwyly1_dalan_huawei_74_1_20200610_205809.apk'])
[2020-06-11 02:25:57,671][8828][log_file.py][line: 23][DEBUG] ## ('-----------b5940085___20200610_205809.apk----节点1-----------下载校验结果：True',)
[2020-06-11 02:30:00,707][15760][log_file.py][line: 23][DEBUG] ## ('从数据库获取apk链接写入日志', ['http://pkg.superdalan.com/game.pkg/download?pkgId=2761&f=chwyly1_dalan_huawei_74_1_20200610_205809.apk'])
[2020-06-11 02:30:56,518][31796][log_file.py][line: 23][DEBUG] ## ('-----------b5940085___20200610_205809.apk----节点1-----------下载校验结果：True',)
[2020-06-11 02:35:00,729][23628][log_file.py][line: 23][DEBUG] ## ('从数据库获取apk链接写入日志', ['http://pkg.superdalan.com/game.pkg/download?pkgId=2761&f=chwyly1_dalan_huawei_74_1_20200610_205809.apk'])
[2020-06-11 02:35:57,547][4988][log_file.py][line: 23][DEBUG] ## ('-----------b5940085___20200610_205809.apk----节点1-----------下载校验结果：True',)
[2020-06-11 02:40:00,716][10812][log_file.py][line: 23][DEBUG] ## ('从数据库获取apk链接写入日志', ['http://pkg.superdalan.com/game.pkg/download?pkgId=2761&f=chwyly1_dalan_huawei_74_1_20200610_205809.apk'])
[2020-06-11 02:40:56,628][24328][log_file.py][line: 23][DEBUG] ## ('-----------b5940085___20200610_205809.apk----节点1-----------下载校验结果：True',)
[2020-06-11 02:45:00,769][2956][log_file.py][line: 23][DEBUG] ## ('从数据库获取apk链接写入日志', ['http://pkg.superdalan.com/game.pkg/download?pkgId=2761&f=chwyly1_dalan_huawei_74_1_20200610_205809.apk'])
[2020-06-11 02:45:56,554][24500][log_file.py][line: 23][DEBUG] ## ('-----------b5940085___20200610_205809.apk----节点1-----------下载校验结果：True',)
[2020-06-11 02:50:00,701][12892][log_file.py][line: 23][DEBUG] ## ('从数据库获取apk链接写入日志', ['http://pkg.superdalan.com/game.pkg/download?pkgId=2761&f=chwyly1_dalan_huawei_74_1_20200610_205809.apk'])
[2020-06-11 02:50:57,286][24528][log_file.py][line: 23][DEBUG] ## ('-----------b5940085___20200610_205809.apk----节点1-----------下载校验结果：True',)
[2020-06-11 02:55:00,711][20496][log_file.py][line: 23][DEBUG] ## ('从数据库获取apk链接写入日志', ['http://pkg.superdalan.com/game.pkg/download?pkgId=2761&f=chwyly1_dalan_huawei_74_1_20200610_205809.apk'])
[2020-06-11 02:55:56,918][32948][log_file.py][line: 23][DEBUG] ## ('-----------b5940085___20200610_205809.apk----节点1-----------下载校验结果：True',)
[2020-06-11 03:00:00,678][28476][log_file.py][line: 23][DEBUG] ## ('从数据库获取apk链接写入日志', ['http://pkg.superdalan.com/game.pkg/download?pkgId=2761&f=chwyly1_dalan_huawei_74_1_20200610_205809.apk'])
[2020-06-11 03:00:57,063][18928][log_file.py][line: 23][DEBUG] ## ('-----------b5940085___20200610_205809.apk----节点1-----------下载校验结果：True',)
[2020-06-11 03:05:00,718][32620][log_file.py][line: 23][DEBUG] ## ('从数据库获取apk链接写入日志', ['http://pkg.superdalan.com/game.pkg/download?pkgId=2761&f=chwyly1_dalan_huawei_74_1_20200610_205809.apk'])
[2020-06-11 03:05:58,282][17152][log_file.py][line: 23][DEBUG] ## ('-----------b5940085___20200610_205809.apk----节点1-----------下载校验结果：True',)
[2020-06-11 03:10:00,740][23376][log_file.py][line: 23][DEBUG] ## ('从数据库获取apk链接写入日志', ['http://pkg.superdalan.com/game.pkg/download?pkgId=2761&f=chwyly1_dalan_huawei_74_1_20200610_205809.apk'])
[2020-06-11 03:10:57,079][14200][log_file.py][line: 23][DEBUG] ## ('-----------b5940085___20200610_205809.apk----节点1-----------下载校验结果：True',)
[2020-06-11 03:15:00,681][27296][log_file.py][line: 23][DEBUG] ## ('从数据库获取apk链接写入日志', ['http://pkg.superdalan.com/game.pkg/download?pkgId=2761&f=chwyly1_dalan_huawei_74_1_20200610_205809.apk'])
[2020-06-11 03:15:56,329][20836][log_file.py][line: 23][DEBUG] ## ('-----------b5940085___20200610_205809.apk----节点1-----------下载校验结果：True',)
[2020-06-11 03:20:00,735][4388][log_file.py][line: 23][DEBUG] ## ('从数据库获取apk链接写入日志', ['http://pkg.superdalan.com/game.pkg/download?pkgId=2761&f=chwyly1_dalan_huawei_74_1_20200610_205809.apk'])
[2020-06-11 03:20:56,943][12596][log_file.py][line: 23][DEBUG] ## ('-----------b5940085___20200610_205809.apk----节点1-----------下载校验结果：True',)
[2020-06-11 03:25:00,705][23316][log_file.py][line: 23][DEBUG] ## ('从数据库获取apk链接写入日志', ['http://pkg.superdalan.com/game.pkg/download?pkgId=2761&f=chwyly1_dalan_huawei_74_1_20200610_205809.apk'])
[2020-06-11 03:25:56,422][13208][log_file.py][line: 23][DEBUG] ## ('-----------b5940085___20200610_205809.apk----节点1-----------下载校验结果：True',)
[2020-06-11 03:30:00,723][884][log_file.py][line: 23][DEBUG] ## ('从数据库获取apk链接写入日志', ['http://pkg.superdalan.com/game.pkg/download?pkgId=2761&f=chwyly1_dalan_huawei_74_1_20200610_205809.apk'])
[2020-06-11 03:30:56,802][35376][log_file.py][line: 23][DEBUG] ## ('-----------b5940085___20200610_205809.apk----节点1-----------下载校验结果：True',)
[2020-06-11 03:35:00,795][34548][log_file.py][line: 23][DEBUG] ## ('从数据库获取apk链接写入日志', ['http://pkg.superdalan.com/game.pkg/download?pkgId=2761&f=chwyly1_dalan_huawei_74_1_20200610_205809.apk'])
[2020-06-11 03:35:58,247][17016][log_file.py][line: 23][DEBUG] ## ('-----------b5940085___20200610_205809.apk----节点1-----------下载校验结果：True',)
[2020-06-11 03:40:00,716][8032][log_file.py][line: 23][DEBUG] ## ('从数据库获取apk链接写入日志', ['http://pkg.superdalan.com/game.pkg/download?pkgId=2761&f=chwyly1_dalan_huawei_74_1_20200610_205809.apk'])
[2020-06-11 03:40:57,177][26184][log_file.py][line: 23][DEBUG] ## ('-----------b5940085___20200610_205809.apk----节点1-----------下载校验结果：True',)
[2020-06-11 03:45:00,749][10280][log_file.py][line: 23][DEBUG] ## ('从数据库获取apk链接写入日志', ['http://pkg.superdalan.com/game.pkg/download?pkgId=2761&f=chwyly1_dalan_huawei_74_1_20200610_205809.apk'])
[2020-06-11 03:45:57,506][29700][log_file.py][line: 23][DEBUG] ## ('-----------b5940085___20200610_205809.apk----节点1-----------下载校验结果：True',)
[2020-06-11 03:50:00,688][28416][log_file.py][line: 23][DEBUG] ## ('从数据库获取apk链接写入日志', ['http://pkg.superdalan.com/game.pkg/download?pkgId=2761&f=chwyly1_dalan_huawei_74_1_20200610_205809.apk'])
[2020-06-11 03:50:57,324][35028][log_file.py][line: 23][DEBUG] ## ('-----------b5940085___20200610_205809.apk----节点1-----------下载校验结果：True',)
[2020-06-11 03:55:00,720][15364][log_file.py][line: 23][DEBUG] ## ('从数据库获取apk链接写入日志', ['http://pkg.superdalan.com/game.pkg/download?pkgId=2761&f=chwyly1_dalan_huawei_74_1_20200610_205809.apk'])
[2020-06-11 03:55:56,939][34980][log_file.py][line: 23][DEBUG] ## ('-----------b5940085___20200610_205809.apk----节点1-----------下载校验结果：True',)
[2020-06-11 04:00:00,722][17416][log_file.py][line: 23][DEBUG] ## ('从数据库获取apk链接写入日志', ['http://pkg.superdalan.com/game.pkg/download?pkgId=2761&f=chwyly1_dalan_huawei_74_1_20200610_205809.apk'])
[2020-06-11 04:00:56,184][19728][log_file.py][line: 23][DEBUG] ## ('-----------b5940085___20200610_205809.apk----节点1-----------下载校验结果：True',)
[2020-06-11 04:05:00,714][32640][log_file.py][line: 23][DEBUG] ## ('从数据库获取apk链接写入日志', ['http://pkg.superdalan.com/game.pkg/download?pkgId=2761&f=chwyly1_dalan_huawei_74_1_20200610_205809.apk'])
[2020-06-11 04:05:56,840][31276][log_file.py][line: 23][DEBUG] ## ('-----------b5940085___20200610_205809.apk----节点1-----------下载校验结果：True',)
[2020-06-11 04:10:00,727][9704][log_file.py][line: 23][DEBUG] ## ('从数据库获取apk链接写入日志', ['http://pkg.superdalan.com/game.pkg/download?pkgId=2761&f=chwyly1_dalan_huawei_74_1_20200610_205809.apk'])
[2020-06-11 04:10:59,441][34236][log_file.py][line: 23][DEBUG] ## ('-----------b5940085___20200610_205809.apk----节点1-----------下载校验结果：True',)
[2020-06-11 04:15:00,713][12088][log_file.py][line: 23][DEBUG] ## ('从数据库获取apk链接写入日志', ['http://pkg.superdalan.com/game.pkg/download?pkgId=2761&f=chwyly1_dalan_huawei_74_1_20200610_205809.apk'])
[2020-06-11 04:15:57,148][12364][log_file.py][line: 23][DEBUG] ## ('-----------b5940085___20200610_205809.apk----节点1-----------下载校验结果：True',)
[2020-06-11 04:20:00,683][33600][log_file.py][line: 23][DEBUG] ## ('从数据库获取apk链接写入日志', ['http://pkg.superdalan.com/game.pkg/download?pkgId=2761&f=chwyly1_dalan_huawei_74_1_20200610_205809.apk'])
[2020-06-11 04:20:57,249][2092][log_file.py][line: 23][DEBUG] ## ('-----------b5940085___20200610_205809.apk----节点1-----------下载校验结果：True',)
[2020-06-11 04:25:00,719][26372][log_file.py][line: 23][DEBUG] ## ('从数据库获取apk链接写入日志', ['http://pkg.superdalan.com/game.pkg/download?pkgId=2761&f=chwyly1_dalan_huawei_74_1_20200610_205809.apk'])
[2020-06-11 04:25:56,303][11584][log_file.py][line: 23][DEBUG] ## ('-----------b5940085___20200610_205809.apk----节点1-----------下载校验结果：True',)
[2020-06-11 04:30:00,763][9972][log_file.py][line: 23][DEBUG] ## ('从数据库获取apk链接写入日志', ['http://pkg.superdalan.com/game.pkg/download?pkgId=2761&f=chwyly1_dalan_huawei_74_1_20200610_205809.apk'])
[2020-06-11 04:30:57,184][31828][log_file.py][line: 23][DEBUG] ## ('-----------b5940085___20200610_205809.apk----节点1-----------下载校验结果：True',)
[2020-06-11 04:35:00,715][23224][log_file.py][line: 23][DEBUG] ## ('从数据库获取apk链接写入日志', ['http://pkg.superdalan.com/game.pkg/download?pkgId=2761&f=chwyly1_dalan_huawei_74_1_20200610_205809.apk'])
[2020-06-11 04:35:58,056][19300][log_file.py][line: 23][DEBUG] ## ('-----------b5940085___20200610_205809.apk----节点1-----------下载校验结果：True',)
[2020-06-11 04:40:00,724][20240][log_file.py][line: 23][DEBUG] ## ('从数据库获取apk链接写入日志', ['http://pkg.superdalan.com/game.pkg/download?pkgId=2761&f=chwyly1_dalan_huawei_74_1_20200610_205809.apk'])
[2020-06-11 04:40:57,019][30756][log_file.py][line: 23][DEBUG] ## ('-----------b5940085___20200610_205809.apk----节点1-----------下载校验结果：True',)
[2020-06-11 04:45:00,723][10472][log_file.py][line: 23][DEBUG] ## ('从数据库获取apk链接写入日志', ['http://pkg.superdalan.com/game.pkg/download?pkgId=2761&f=chwyly1_dalan_huawei_74_1_20200610_205809.apk'])
[2020-06-11 04:45:56,609][12716][log_file.py][line: 23][DEBUG] ## ('-----------b5940085___20200610_205809.apk----节点1-----------下载校验结果：True',)
[2020-06-11 04:50:00,812][10912][log_file.py][line: 23][DEBUG] ## ('从数据库获取apk链接写入日志', ['http://pkg.superdalan.com/game.pkg/download?pkgId=2761&f=chwyly1_dalan_huawei_74_1_20200610_205809.apk'])
[2020-06-11 04:50:56,521][33268][log_file.py][line: 23][DEBUG] ## ('-----------b5940085___20200610_205809.apk----节点1-----------下载校验结果：True',)
[2020-06-11 04:55:00,712][26752][log_file.py][line: 23][DEBUG] ## ('从数据库获取apk链接写入日志', ['http://pkg.superdalan.com/game.pkg/download?pkgId=2761&f=chwyly1_dalan_huawei_74_1_20200610_205809.apk'])
[2020-06-11 04:55:57,223][20816][log_file.py][line: 23][DEBUG] ## ('-----------b5940085___20200610_205809.apk----节点1-----------下载校验结果：True',)
[2020-06-11 05:00:00,707][26352][log_file.py][line: 23][DEBUG] ## ('从数据库获取apk链接写入日志', ['http://pkg.superdalan.com/game.pkg/download?pkgId=2761&f=chwyly1_dalan_huawei_74_1_20200610_205809.apk'])
[2020-06-11 05:00:57,267][6840][log_file.py][line: 23][DEBUG] ## ('-----------b5940085___20200610_205809.apk----节点1-----------下载校验结果：True',)
[2020-06-11 05:05:00,681][20772][log_file.py][line: 23][DEBUG] ## ('从数据库获取apk链接写入日志', ['http://pkg.superdalan.com/game.pkg/download?pkgId=2761&f=chwyly1_dalan_huawei_74_1_20200610_205809.apk'])
[2020-06-11 05:05:56,534][15808][log_file.py][line: 23][DEBUG] ## ('-----------b5940085___20200610_205809.apk----节点1-----------下载校验结果：True',)
[2020-06-11 05:10:00,732][12456][log_file.py][line: 23][DEBUG] ## ('从数据库获取apk链接写入日志', ['http://pkg.superdalan.com/game.pkg/download?pkgId=2761&f=chwyly1_dalan_huawei_74_1_20200610_205809.apk'])
[2020-06-11 05:10:54,758][6848][log_file.py][line: 23][DEBUG] ## ('-----------b5940085___20200610_205809.apk----节点1-----------下载校验结果：True',)
[2020-06-11 05:15:00,707][17436][log_file.py][line: 23][DEBUG] ## ('从数据库获取apk链接写入日志', ['http://pkg.superdalan.com/game.pkg/download?pkgId=2761&f=chwyly1_dalan_huawei_74_1_20200610_205809.apk'])
[2020-06-11 05:15:57,428][20084][log_file.py][line: 23][DEBUG] ## ('-----------b5940085___20200610_205809.apk----节点1-----------下载校验结果：True',)
[2020-06-11 05:20:00,809][11772][log_file.py][line: 23][DEBUG] ## ('从数据库获取apk链接写入日志', ['http://pkg.superdalan.com/game.pkg/download?pkgId=2761&f=chwyly1_dalan_huawei_74_1_20200610_205809.apk'])
[2020-06-11 05:20:55,354][9704][log_file.py][line: 23][DEBUG] ## ('-----------b5940085___20200610_205809.apk----节点1-----------下载校验结果：True',)
[2020-06-11 05:25:00,691][29608][log_file.py][line: 23][DEBUG] ## ('从数据库获取apk链接写入日志', ['http://pkg.superdalan.com/game.pkg/download?pkgId=2761&f=chwyly1_dalan_huawei_74_1_20200610_205809.apk'])
[2020-06-11 05:25:56,823][20880][log_file.py][line: 23][DEBUG] ## ('-----------b5940085___20200610_205809.apk----节点1-----------下载校验结果：True',)
[2020-06-11 05:30:00,711][26868][log_file.py][line: 23][DEBUG] ## ('从数据库获取apk链接写入日志', ['http://pkg.superdalan.com/game.pkg/download?pkgId=2761&f=chwyly1_dalan_huawei_74_1_20200610_205809.apk'])
[2020-06-11 05:30:56,518][14072][log_file.py][line: 23][DEBUG] ## ('-----------b5940085___20200610_205809.apk----节点1-----------下载校验结果：True',)
[2020-06-11 05:35:00,726][22656][log_file.py][line: 23][DEBUG] ## ('从数据库获取apk链接写入日志', ['http://pkg.superdalan.com/game.pkg/download?pkgId=2761&f=chwyly1_dalan_huawei_74_1_20200610_205809.apk'])
[2020-06-11 05:35:57,341][19696][log_file.py][line: 23][DEBUG] ## ('-----------b5940085___20200610_205809.apk----节点1-----------下载校验结果：True',)
[2020-06-11 05:40:00,721][22320][log_file.py][line: 23][DEBUG] ## ('从数据库获取apk链接写入日志', ['http://pkg.superdalan.com/game.pkg/download?pkgId=2761&f=chwyly1_dalan_huawei_74_1_20200610_205809.apk'])
[2020-06-11 05:40:57,316][28360][log_file.py][line: 23][DEBUG] ## ('-----------b5940085___20200610_205809.apk----节点1-----------下载校验结果：True',)
[2020-06-11 05:45:00,708][15748][log_file.py][line: 23][DEBUG] ## ('从数据库获取apk链接写入日志', ['http://pkg.superdalan.com/game.pkg/download?pkgId=2761&f=chwyly1_dalan_huawei_74_1_20200610_205809.apk'])
[2020-06-11 05:45:56,528][29540][log_file.py][line: 23][DEBUG] ## ('-----------b5940085___20200610_205809.apk----节点1-----------下载校验结果：True',)
[2020-06-11 05:50:00,904][14604][log_file.py][line: 23][DEBUG] ## ('从数据库获取apk链接写入日志', ['http://pkg.superdalan.com/game.pkg/download?pkgId=2761&f=chwyly1_dalan_huawei_74_1_20200610_205809.apk'])
[2020-06-11 05:50:57,580][10412][log_file.py][line: 23][DEBUG] ## ('-----------b5940085___20200610_205809.apk----节点1-----------下载校验结果：True',)
[2020-06-11 05:55:00,714][24176][log_file.py][line: 23][DEBUG] ## ('从数据库获取apk链接写入日志', ['http://pkg.superdalan.com/game.pkg/download?pkgId=2761&f=chwyly1_dalan_huawei_74_1_20200610_205809.apk'])
[2020-06-11 05:55:58,639][11772][log_file.py][line: 23][DEBUG] ## ('-----------b5940085___20200610_205809.apk----节点1-----------下载校验结果：True',)
[2020-06-11 06:00:00,759][17240][log_file.py][line: 23][DEBUG] ## ('从数据库获取apk链接写入日志', ['http://pkg.superdalan.com/game.pkg/download?pkgId=2761&f=chwyly1_dalan_huawei_74_1_20200610_205809.apk'])
[2020-06-11 06:00:57,545][27576][log_file.py][line: 23][DEBUG] ## ('-----------b5940085___20200610_205809.apk----节点1-----------下载校验结果：True',)
[2020-06-11 06:05:00,753][19656][log_file.py][line: 23][DEBUG] ## ('从数据库获取apk链接写入日志', ['http://pkg.superdalan.com/game.pkg/download?pkgId=2761&f=chwyly1_dalan_huawei_74_1_20200610_205809.apk'])
[2020-06-11 06:05:57,236][13672][log_file.py][line: 23][DEBUG] ## ('-----------b5940085___20200610_205809.apk----节点1-----------下载校验结果：True',)
[2020-06-11 06:10:00,778][21668][log_file.py][line: 23][DEBUG] ## ('从数据库获取apk链接写入日志', ['http://pkg.superdalan.com/game.pkg/download?pkgId=2761&f=chwyly1_dalan_huawei_74_1_20200610_205809.apk'])
[2020-06-11 06:10:57,823][32060][log_file.py][line: 23][DEBUG] ## ('-----------b5940085___20200610_205809.apk----节点1-----------下载校验结果：True',)
[2020-06-11 06:15:00,773][30980][log_file.py][line: 23][DEBUG] ## ('从数据库获取apk链接写入日志', ['http://pkg.superdalan.com/game.pkg/download?pkgId=2761&f=chwyly1_dalan_huawei_74_1_20200610_205809.apk'])
[2020-06-11 06:15:57,885][21980][log_file.py][line: 23][DEBUG] ## ('-----------b5940085___20200610_205809.apk----节点1-----------下载校验结果：True',)
[2020-06-11 06:20:01,080][12004][log_file.py][line: 23][DEBUG] ## ('从数据库获取apk链接写入日志', ['http://pkg.superdalan.com/game.pkg/download?pkgId=2761&f=chwyly1_dalan_huawei_74_1_20200610_205809.apk'])
[2020-06-11 06:20:59,351][13000][log_file.py][line: 23][DEBUG] ## ('-----------b5940085___20200610_205809.apk----节点1-----------下载校验结果：True',)
[2020-06-11 06:25:00,739][32120][log_file.py][line: 23][DEBUG] ## ('从数据库获取apk链接写入日志', ['http://pkg.superdalan.com/game.pkg/download?pkgId=2761&f=chwyly1_dalan_huawei_74_1_20200610_205809.apk'])
[2020-06-11 06:25:57,537][18336][log_file.py][line: 23][DEBUG] ## ('-----------b5940085___20200610_205809.apk----节点1-----------下载校验结果：True',)
[2020-06-11 06:30:00,747][10032][log_file.py][line: 23][DEBUG] ## ('从数据库获取apk链接写入日志', ['http://pkg.superdalan.com/game.pkg/download?pkgId=2761&f=chwyly1_dalan_huawei_74_1_20200610_205809.apk'])
[2020-06-11 06:30:59,200][6492][log_file.py][line: 23][DEBUG] ## ('-----------b5940085___20200610_205809.apk----节点1-----------下载校验结果：True',)
[2020-06-11 06:35:00,721][34552][log_file.py][line: 23][DEBUG] ## ('从数据库获取apk链接写入日志', ['http://pkg.superdalan.com/game.pkg/download?pkgId=2761&f=chwyly1_dalan_huawei_74_1_20200610_205809.apk'])
[2020-06-11 06:35:58,647][23584][log_file.py][line: 23][DEBUG] ## ('-----------b5940085___20200610_205809.apk----节点1-----------下载校验结果：True',)
[2020-06-11 06:40:00,708][16692][log_file.py][line: 23][DEBUG] ## ('从数据库获取apk链接写入日志', ['http://pkg.superdalan.com/game.pkg/download?pkgId=2761&f=chwyly1_dalan_huawei_74_1_20200610_205809.apk'])
[2020-06-11 06:40:57,378][15312][log_file.py][line: 23][DEBUG] ## ('-----------b5940085___20200610_205809.apk----节点1-----------下载校验结果：True',)
[2020-06-11 06:45:00,752][21624][log_file.py][line: 23][DEBUG] ## ('从数据库获取apk链接写入日志', ['http://pkg.superdalan.com/game.pkg/download?pkgId=2761&f=chwyly1_dalan_huawei_74_1_20200610_205809.apk'])
[2020-06-11 06:45:56,955][28800][log_file.py][line: 23][DEBUG] ## ('-----------b5940085___20200610_205809.apk----节点1-----------下载校验结果：True',)
[2020-06-11 06:50:00,727][17816][log_file.py][line: 23][DEBUG] ## ('从数据库获取apk链接写入日志', ['http://pkg.superdalan.com/game.pkg/download?pkgId=2761&f=chwyly1_dalan_huawei_74_1_20200610_205809.apk'])
[2020-06-11 06:50:58,444][29436][log_file.py][line: 23][DEBUG] ## ('-----------b5940085___20200610_205809.apk----节点1-----------下载校验结果：True',)
[2020-06-11 06:55:00,696][21096][log_file.py][line: 23][DEBUG] ## ('从数据库获取apk链接写入日志', ['http://pkg.superdalan.com/game.pkg/download?pkgId=2761&f=chwyly1_dalan_huawei_74_1_20200610_205809.apk'])
[2020-06-11 06:55:57,503][17444][log_file.py][line: 23][DEBUG] ## ('-----------b5940085___20200610_205809.apk----节点1-----------下载校验结果：True',)
[2020-06-11 07:00:00,772][35048][log_file.py][line: 23][DEBUG] ## ('从数据库获取apk链接写入日志', ['http://pkg.superdalan.com/game.pkg/download?pkgId=2761&f=chwyly1_dalan_huawei_74_1_20200610_205809.apk'])
[2020-06-11 07:00:57,094][27112][log_file.py][line: 23][DEBUG] ## ('-----------b5940085___20200610_205809.apk----节点1-----------下载校验结果：True',)
[2020-06-11 07:05:00,750][14924][log_file.py][line: 23][DEBUG] ## ('从数据库获取apk链接写入日志', ['http://pkg.superdalan.com/game.pkg/download?pkgId=2761&f=chwyly1_dalan_huawei_74_1_20200610_205809.apk'])
[2020-06-11 07:05:57,834][34276][log_file.py][line: 23][DEBUG] ## ('-----------b5940085___20200610_205809.apk----节点1-----------下载校验结果：True',)
[2020-06-11 07:10:00,702][12036][log_file.py][line: 23][DEBUG] ## ('从数据库获取apk链接写入日志', ['http://pkg.superdalan.com/game.pkg/download?pkgId=2761&f=chwyly1_dalan_huawei_74_1_20200610_205809.apk'])
[2020-06-11 07:10:57,610][11336][log_file.py][line: 23][DEBUG] ## ('-----------b5940085___20200610_205809.apk----节点1-----------下载校验结果：True',)
[2020-06-11 07:15:00,714][33984][log_file.py][line: 23][DEBUG] ## ('从数据库获取apk链接写入日志', ['http://pkg.superdalan.com/game.pkg/download?pkgId=2761&f=chwyly1_dalan_huawei_74_1_20200610_205809.apk'])
[2020-06-11 07:15:58,327][6448][log_file.py][line: 23][DEBUG] ## ('-----------b5940085___20200610_205809.apk----节点1-----------下载校验结果：True',)
[2020-06-11 07:20:00,675][33088][log_file.py][line: 23][DEBUG] ## ('从数据库获取apk链接写入日志', ['http://pkg.superdalan.com/game.pkg/download?pkgId=2761&f=chwyly1_dalan_huawei_74_1_20200610_205809.apk'])
[2020-06-11 07:20:57,968][15836][log_file.py][line: 23][DEBUG] ## ('-----------b5940085___20200610_205809.apk----节点1-----------下载校验结果：True',)
[2020-06-11 07:25:00,719][32400][log_file.py][line: 23][DEBUG] ## ('从数据库获取apk链接写入日志', ['http://pkg.superdalan.com/game.pkg/download?pkgId=2761&f=chwyly1_dalan_huawei_74_1_20200610_205809.apk'])
[2020-06-11 07:25:58,581][10684][log_file.py][line: 23][DEBUG] ## ('-----------b5940085___20200610_205809.apk----节点1-----------下载校验结果：True',)
[2020-06-11 07:30:00,706][34760][log_file.py][line: 23][DEBUG] ## ('从数据库获取apk链接写入日志', ['http://pkg.superdalan.com/game.pkg/download?pkgId=2761&f=chwyly1_dalan_huawei_74_1_20200610_205809.apk'])
[2020-06-11 07:30:58,445][29500][log_file.py][line: 23][DEBUG] ## ('-----------b5940085___20200610_205809.apk----节点1-----------下载校验结果：True',)
[2020-06-11 07:35:00,719][26284][log_file.py][line: 23][DEBUG] ## ('从数据库获取apk链接写入日志', ['http://pkg.superdalan.com/game.pkg/download?pkgId=2761&f=chwyly1_dalan_huawei_74_1_20200610_205809.apk'])
[2020-06-11 07:35:57,249][27792][log_file.py][line: 23][DEBUG] ## ('-----------b5940085___20200610_205809.apk----节点1-----------下载校验结果：True',)
[2020-06-11 07:40:00,707][10808][log_file.py][line: 23][DEBUG] ## ('从数据库获取apk链接写入日志', ['http://pkg.superdalan.com/game.pkg/download?pkgId=2761&f=chwyly1_dalan_huawei_74_1_20200610_205809.apk'])
[2020-06-11 07:40:56,461][12832][log_file.py][line: 23][DEBUG] ## ('-----------b5940085___20200610_205809.apk----节点1-----------下载校验结果：True',)
[2020-06-11 07:45:00,714][23200][log_file.py][line: 23][DEBUG] ## ('从数据库获取apk链接写入日志', ['http://pkg.superdalan.com/game.pkg/download?pkgId=2761&f=chwyly1_dalan_huawei_74_1_20200610_205809.apk'])
[2020-06-11 07:45:57,174][30796][log_file.py][line: 23][DEBUG] ## ('-----------b5940085___20200610_205809.apk----节点1-----------下载校验结果：True',)
[2020-06-11 07:50:00,746][11556][log_file.py][line: 23][DEBUG] ## ('从数据库获取apk链接写入日志', ['http://pkg.superdalan.com/game.pkg/download?pkgId=2761&f=chwyly1_dalan_huawei_74_1_20200610_205809.apk'])
[2020-06-11 07:50:56,615][32744][log_file.py][line: 23][DEBUG] ## ('-----------b5940085___20200610_205809.apk----节点1-----------下载校验结果：True',)
[2020-06-11 07:55:00,701][13100][log_file.py][line: 23][DEBUG] ## ('从数据库获取apk链接写入日志', ['http://pkg.superdalan.com/game.pkg/download?pkgId=2761&f=chwyly1_dalan_huawei_74_1_20200610_205809.apk'])
[2020-06-11 07:55:57,771][5776][log_file.py][line: 23][DEBUG] ## ('-----------b5940085___20200610_205809.apk----节点1-----------下载校验结果：True',)
[2020-06-11 08:00:00,719][5656][log_file.py][line: 23][DEBUG] ## ('从数据库获取apk链接写入日志', ['http://pkg.superdalan.com/game.pkg/download?pkgId=2761&f=chwyly1_dalan_huawei_74_1_20200610_205809.apk'])
[2020-06-11 08:00:56,361][30124][log_file.py][line: 23][DEBUG] ## ('-----------b5940085___20200610_205809.apk----节点1-----------下载校验结果：True',)
[2020-06-11 08:05:00,747][6864][log_file.py][line: 23][DEBUG] ## ('从数据库获取apk链接写入日志', ['http://pkg.superdalan.com/game.pkg/download?pkgId=2761&f=chwyly1_dalan_huawei_74_1_20200610_205809.apk'])
[2020-06-11 08:05:57,556][4340][log_file.py][line: 23][DEBUG] ## ('-----------b5940085___20200610_205809.apk----节点1-----------下载校验结果：True',)
[2020-06-11 08:10:00,741][18652][log_file.py][line: 23][DEBUG] ## ('从数据库获取apk链接写入日志', ['http://pkg.superdalan.com/game.pkg/download?pkgId=2761&f=chwyly1_dalan_huawei_74_1_20200610_205809.apk'])
[2020-06-11 08:10:56,887][21024][log_file.py][line: 23][DEBUG] ## ('-----------b5940085___20200610_205809.apk----节点1-----------下载校验结果：True',)
[2020-06-11 08:15:00,707][20832][log_file.py][line: 23][DEBUG] ## ('从数据库获取apk链接写入日志', ['http://pkg.superdalan.com/game.pkg/download?pkgId=2761&f=chwyly1_dalan_huawei_74_1_20200610_205809.apk'])
[2020-06-11 08:15:56,107][33848][log_file.py][line: 23][DEBUG] ## ('-----------b5940085___20200610_205809.apk----节点1-----------下载校验结果：True',)
[2020-06-11 08:20:00,700][10944][log_file.py][line: 23][DEBUG] ## ('从数据库获取apk链接写入日志', ['http://pkg.superdalan.com/game.pkg/download?pkgId=2761&f=chwyly1_dalan_huawei_74_1_20200610_205809.apk'])
[2020-06-11 08:20:57,162][11012][log_file.py][line: 23][DEBUG] ## ('-----------b5940085___20200610_205809.apk----节点1-----------下载校验结果：True',)
[2020-06-11 08:25:00,726][28840][log_file.py][line: 23][DEBUG] ## ('从数据库获取apk链接写入日志', ['http://pkg.superdalan.com/game.pkg/download?pkgId=2761&f=chwyly1_dalan_huawei_74_1_20200610_205809.apk'])
[2020-06-11 08:25:58,107][4900][log_file.py][line: 23][DEBUG] ## ('-----------b5940085___20200610_205809.apk----节点1-----------下载校验结果：True',)
[2020-06-11 08:30:00,758][30004][log_file.py][line: 23][DEBUG] ## ('从数据库获取apk链接写入日志', ['http://pkg.superdalan.com/game.pkg/download?pkgId=2761&f=chwyly1_dalan_huawei_74_1_20200610_205809.apk'])
[2020-06-11 08:30:57,526][13228][log_file.py][line: 23][DEBUG] ## ('-----------b5940085___20200610_205809.apk----节点1-----------下载校验结果：True',)
[2020-06-11 08:35:00,688][19236][log_file.py][line: 23][DEBUG] ## ('从数据库获取apk链接写入日志', ['http://pkg.superdalan.com/game.pkg/download?pkgId=2761&f=chwyly1_dalan_huawei_74_1_20200610_205809.apk'])
[2020-06-11 08:35:57,162][18456][log_file.py][line: 23][DEBUG] ## ('-----------b5940085___20200610_205809.apk----节点1-----------下载校验结果：True',)
[2020-06-11 08:40:00,842][21012][log_file.py][line: 23][DEBUG] ## ('从数据库获取apk链接写入日志', ['http://pkg.superdalan.com/game.pkg/download?pkgId=2761&f=chwyly1_dalan_huawei_74_1_20200610_205809.apk'])
[2020-06-11 08:40:56,499][13328][log_file.py][line: 23][DEBUG] ## ('-----------b5940085___20200610_205809.apk----节点1-----------下载校验结果：True',)
[2020-06-11 08:45:00,719][16764][log_file.py][line: 23][DEBUG] ## ('从数据库获取apk链接写入日志', ['http://pkg.superdalan.com/game.pkg/download?pkgId=2761&f=chwyly1_dalan_huawei_74_1_20200610_205809.apk'])
[2020-06-11 08:45:56,204][16628][log_file.py][line: 23][DEBUG] ## ('-----------b5940085___20200610_205809.apk----节点1-----------下载校验结果：True',)
[2020-06-11 08:50:00,732][32640][log_file.py][line: 23][DEBUG] ## ('从数据库获取apk链接写入日志', ['http://pkg.superdalan.com/game.pkg/download?pkgId=2761&f=chwyly1_dalan_huawei_74_1_20200610_205809.apk'])
[2020-06-11 08:50:57,432][22312][log_file.py][line: 23][DEBUG] ## ('-----------b5940085___20200610_205809.apk----节点1-----------下载校验结果：True',)
[2020-06-11 08:55:00,707][32372][log_file.py][line: 23][DEBUG] ## ('从数据库获取apk链接写入日志', ['http://pkg.superdalan.com/game.pkg/download?pkgId=2761&f=chwyly1_dalan_huawei_74_1_20200610_205809.apk'])
[2020-06-11 08:55:57,108][34380][log_file.py][line: 23][DEBUG] ## ('-----------b5940085___20200610_205809.apk----节点1-----------下载校验结果：True',)
[2020-06-11 09:00:00,706][18148][log_file.py][line: 23][DEBUG] ## ('从数据库获取apk链接写入日志', ['http://pkg.superdalan.com/game.pkg/download?pkgId=2761&f=chwyly1_dalan_huawei_74_1_20200610_205809.apk'])
[2020-06-11 09:00:57,420][16428][log_file.py][line: 23][DEBUG] ## ('-----------b5940085___20200610_205809.apk----节点1-----------下载校验结果：True',)
[2020-06-11 09:05:00,702][35236][log_file.py][line: 23][DEBUG] ## ('从数据库获取apk链接写入日志', ['http://pkg.superdalan.com/game.pkg/download?pkgId=2761&f=chwyly1_dalan_huawei_74_1_20200610_205809.apk'])
[2020-06-11 09:05:56,709][26936][log_file.py][line: 23][DEBUG] ## ('-----------b5940085___20200610_205809.apk----节点1-----------下载校验结果：True',)
[2020-06-11 09:10:00,778][12736][log_file.py][line: 23][DEBUG] ## ('从数据库获取apk链接写入日志', ['http://pkg.superdalan.com/game.pkg/download?pkgId=2761&f=chwyly1_dalan_huawei_74_1_20200610_205809.apk'])
[2020-06-11 09:10:56,884][29732][log_file.py][line: 23][DEBUG] ## ('-----------b5940085___20200610_205809.apk----节点1-----------下载校验结果：True',)
[2020-06-11 09:15:00,733][31120][log_file.py][line: 23][DEBUG] ## ('从数据库获取apk链接写入日志', ['http://pkg.superdalan.com/game.pkg/download?pkgId=2761&f=chwyly1_dalan_huawei_74_1_20200610_205809.apk'])
[2020-06-11 09:15:56,724][17032][log_file.py][line: 23][DEBUG] ## ('-----------b5940085___20200610_205809.apk----节点1-----------下载校验结果：True',)
[2020-06-11 09:20:00,727][23868][log_file.py][line: 23][DEBUG] ## ('从数据库获取apk链接写入日志', ['http://pkg.superdalan.com/game.pkg/download?pkgId=2761&f=chwyly1_dalan_huawei_74_1_20200610_205809.apk'])
[2020-06-11 09:20:58,018][10260][log_file.py][line: 23][DEBUG] ## ('-----------b5940085___20200610_205809.apk----节点1-----------下载校验结果：True',)
[2020-06-11 09:25:00,679][9408][log_file.py][line: 23][DEBUG] ## ('从数据库获取apk链接写入日志', ['http://pkg.superdalan.com/game.pkg/download?pkgId=2761&f=chwyly1_dalan_huawei_74_1_20200610_205809.apk'])
[2020-06-11 09:25:56,393][32732][log_file.py][line: 23][DEBUG] ## ('-----------b5940085___20200610_205809.apk----节点1-----------下载校验结果：True',)
[2020-06-11 09:30:00,745][20092][log_file.py][line: 23][DEBUG] ## ('从数据库获取apk链接写入日志', ['http://pkg.superdalan.com/game.pkg/download?pkgId=2761&f=chwyly1_dalan_huawei_74_1_20200610_205809.apk'])
[2020-06-11 09:35:00,801][26608][log_file.py][line: 23][DEBUG] ## ('从数据库获取apk链接写入日志', ['http://pkg.superdalan.com/game.pkg/download?pkgId=2761&f=chwyly1_dalan_huawei_74_1_20200610_205809.apk'])
[2020-06-11 09:40:01,071][15176][log_file.py][line: 23][DEBUG] ## ('从数据库获取apk链接写入日志', ['http://pkg.superdalan.com/game.pkg/download?pkgId=2761&f=chwyly1_dalan_huawei_74_1_20200610_205809.apk', 'http://pkg.superdalan.com/game.pkg/download?pkgId=2901&f=sgsmjzzsghgf_dalan_dsdk_3_1.0.0_20200611_093853.apk'])
[2020-06-11 09:40:25,992][12096][log_file.py][line: 23][DEBUG] ## ('-----------b5940085___20200610_205809.apk----节点1-----------下载校验结果：True',)
[2020-06-11 09:40:41,780][12096][log_file.py][line: 23][DEBUG] ## ('---------b5940085___20200610_205809.apk-------节点2------安装返回结果：True',)
[2020-06-11 09:41:27,703][12096][log_file.py][line: 23][DEBUG] ## ("------------b5940085___20200610_205809.apk----节点3---------拆包校验结果：True:['4713d8e70bbb13ab290f4d921fd35bea.jpg', 'd878ce0f1948a4f83c3adeb29298c88a.jpg', '99248f9a7d9afa22a9478f06a6364da7.jpg']",)
[2020-06-11 09:41:28,381][12096][log_file.py][line: 23][DEBUG] ## ('b5940085___20200610_205809.apk_非Dalan_Dsdk渠道包，不走自动化流程',)
[2020-06-11 09:41:28,877][27308][log_file.py][line: 23][DEBUG] ## ('-----------54a4c6159804___20200611_093853.apk----节点1-----------下载校验结果：True',)
[2020-06-11 09:43:31,062][27308][log_file.py][line: 23][DEBUG] ## ('---------54a4c6159804___20200611_093853.apk-------节点2------安装返回结果：True',)
[2020-06-11 09:44:28,719][27308][log_file.py][line: 23][DEBUG] ## ("------------54a4c6159804___20200611_093853.apk----节点3---------拆包校验结果：True:['5f947db9c2c1285be8c680883745e7f1.jpg', '7028b43bc9cabcf82e3b6cc2c1d68937.jpg', 'f5ff1afff27a45b494653530dc24810a.jpg']",)
[2020-06-11 09:44:33,523][27308][log_file.py][line: 23][DEBUG] ## ('54a4c6159804___20200611_093853.apk此原名游戏尚未接入，敬请期待',)
[2020-06-11 09:45:01,060][26548][log_file.py][line: 23][DEBUG] ## ('从数据库获取apk链接写入日志', [])
[2020-06-11 09:50:00,685][28164][log_file.py][line: 23][DEBUG] ## ('从数据库获取apk链接写入日志', [])
[2020-06-11 09:55:00,749][25580][log_file.py][line: 23][DEBUG] ## ('从数据库获取apk链接写入日志', [])
[2020-06-11 10:00:00,789][15732][log_file.py][line: 23][DEBUG] ## ('从数据库获取apk链接写入日志', [])
[2020-06-11 10:05:00,793][20868][log_file.py][line: 23][DEBUG] ## ('从数据库获取apk链接写入日志', [])
[2020-06-11 10:10:00,736][23136][log_file.py][line: 23][DEBUG] ## ('从数据库获取apk链接写入日志', [])
[2020-06-11 10:15:00,775][23436][log_file.py][line: 23][DEBUG] ## ('从数据库获取apk链接写入日志', [])
[2020-06-11 10:20:00,792][23248][log_file.py][line: 23][DEBUG] ## ('从数据库获取apk链接写入日志', [])
[2020-06-11 10:25:00,790][15056][log_file.py][line: 23][DEBUG] ## ('从数据库获取apk链接写入日志', [])
[2020-06-11 10:30:00,804][30564][log_file.py][line: 23][DEBUG] ## ('从数据库获取apk链接写入日志', [])
[2020-06-11 10:35:00,718][31808][log_file.py][line: 23][DEBUG] ## ('从数据库获取apk链接写入日志', [])
[2020-06-11 10:40:00,963][31488][log_file.py][line: 23][DEBUG] ## ('从数据库获取apk链接写入日志', [])
[2020-06-11 10:45:00,749][14232][log_file.py][line: 23][DEBUG] ## ('从数据库获取apk链接写入日志', [])
[2020-06-11 10:50:01,893][10364][log_file.py][line: 23][DEBUG] ## ('从数据库获取apk链接写入日志', [])
[2020-06-11 10:55:01,082][15996][log_file.py][line: 23][DEBUG] ## ('从数据库获取apk链接写入日志', [])
[2020-06-11 11:00:01,947][23032][log_file.py][line: 23][DEBUG] ## ('从数据库获取apk链接写入日志', [])
[2020-06-11 11:05:01,598][20116][log_file.py][line: 23][DEBUG] ## ('从数据库获取apk链接写入日志', [])
[2020-06-11 11:10:01,249][31612][log_file.py][line: 23][DEBUG] ## ('从数据库获取apk链接写入日志', [])
[2020-06-11 11:15:00,709][18808][log_file.py][line: 23][DEBUG] ## ('从数据库获取apk链接写入日志', [])
[2020-06-11 11:20:00,732][11376][log_file.py][line: 23][DEBUG] ## ('从数据库获取apk链接写入日志', [])
[2020-06-11 11:25:00,770][29676][log_file.py][line: 23][DEBUG] ## ('从数据库获取apk链接写入日志', [])
[2020-06-11 11:30:00,736][19972][log_file.py][line: 23][DEBUG] ## ('从数据库获取apk链接写入日志', ['http://pkg.superdalan.com/game.pkg/download?pkgId=2901&f=sgsmjzzsghgf_dalan_dsdk_3_1.0.0_20200611_112732.apk'])
[2020-06-11 11:31:28,543][28124][log_file.py][line: 23][DEBUG] ## ('-----------b5940085___20200611_112732.apk----节点1-----------下载校验结果：True',)
[2020-06-11 11:32:53,710][28124][log_file.py][line: 23][DEBUG] ## ('---------b5940085___20200611_112732.apk-------节点2------安装返回结果：True',)
[2020-06-11 11:34:07,517][28124][log_file.py][line: 23][DEBUG] ## ('------------b5940085___20200611_112732.apk----节点3---------拆包校验结果：False:只有应用名称匹配成功_图片失败',)
[2020-06-11 11:35:01,683][29692][log_file.py][line: 23][DEBUG] ## ('从数据库获取apk链接写入日志', [])
[2020-06-11 11:40:00,769][23644][log_file.py][line: 23][DEBUG] ## ('从数据库获取apk链接写入日志', [])
[2020-06-11 11:45:00,761][7196][log_file.py][line: 23][DEBUG] ## ('从数据库获取apk链接写入日志', [])
[2020-06-11 11:50:00,796][16644][log_file.py][line: 23][DEBUG] ## ('从数据库获取apk链接写入日志', [])
[2020-06-11 11:55:00,790][19240][log_file.py][line: 23][DEBUG] ## ('从数据库获取apk链接写入日志', [])
[2020-06-11 12:00:00,745][21620][log_file.py][line: 23][DEBUG] ## ('从数据库获取apk链接写入日志', [])
[2020-06-11 12:05:00,807][14640][log_file.py][line: 23][DEBUG] ## ('从数据库获取apk链接写入日志', [])
[2020-06-11 12:10:00,731][33084][log_file.py][line: 23][DEBUG] ## ('从数据库获取apk链接写入日志', [])
[2020-06-11 12:15:00,733][23084][log_file.py][line: 23][DEBUG] ## ('从数据库获取apk链接写入日志', [])
[2020-06-11 12:20:00,725][32660][log_file.py][line: 23][DEBUG] ## ('从数据库获取apk链接写入日志', [])
[2020-06-11 12:25:00,768][18384][log_file.py][line: 23][DEBUG] ## ('从数据库获取apk链接写入日志', [])
[2020-06-11 12:30:00,709][29548][log_file.py][line: 23][DEBUG] ## ('从数据库获取apk链接写入日志', [])
[2020-06-11 12:35:00,726][10884][log_file.py][line: 23][DEBUG] ## ('从数据库获取apk链接写入日志', [])
[2020-06-11 12:40:00,771][12004][log_file.py][line: 23][DEBUG] ## ('从数据库获取apk链接写入日志', [])
[2020-06-11 12:45:00,733][25564][log_file.py][line: 23][DEBUG] ## ('从数据库获取apk链接写入日志', [])
[2020-06-11 12:50:00,771][17652][log_file.py][line: 23][DEBUG] ## ('从数据库获取apk链接写入日志', [])
[2020-06-11 12:55:00,776][17156][log_file.py][line: 23][DEBUG] ## ('从数据库获取apk链接写入日志', [])
[2020-06-11 13:00:00,751][22864][log_file.py][line: 23][DEBUG] ## ('从数据库获取apk链接写入日志', [])
[2020-06-11 13:05:00,732][26508][log_file.py][line: 23][DEBUG] ## ('从数据库获取apk链接写入日志', [])
[2020-06-11 13:10:00,744][33596][log_file.py][line: 23][DEBUG] ## ('从数据库获取apk链接写入日志', [])
[2020-06-11 13:15:00,734][30204][log_file.py][line: 23][DEBUG] ## ('从数据库获取apk链接写入日志', [])
[2020-06-11 13:20:00,729][5584][log_file.py][line: 23][DEBUG] ## ('从数据库获取apk链接写入日志', [])
[2020-06-11 13:25:00,701][13368][log_file.py][line: 23][DEBUG] ## ('从数据库获取apk链接写入日志', [])
[2020-06-11 13:30:00,787][22028][log_file.py][line: 23][DEBUG] ## ('从数据库获取apk链接写入日志', [])
[2020-06-11 13:35:00,744][20628][log_file.py][line: 23][DEBUG] ## ('从数据库获取apk链接写入日志', [])
[2020-06-11 13:40:00,783][22264][log_file.py][line: 23][DEBUG] ## ('从数据库获取apk链接写入日志', [])
[2020-06-11 13:45:00,719][27416][log_file.py][line: 23][DEBUG] ## ('从数据库获取apk链接写入日志', [])
[2020-06-11 13:50:00,736][25724][log_file.py][line: 23][DEBUG] ## ('从数据库获取apk链接写入日志', [])
[2020-06-11 13:55:00,760][31704][log_file.py][line: 23][DEBUG] ## ('从数据库获取apk链接写入日志', [])
[2020-06-11 14:00:00,709][21940][log_file.py][line: 23][DEBUG] ## ('从数据库获取apk链接写入日志', [])
[2020-06-11 14:05:00,769][30712][log_file.py][line: 23][DEBUG] ## ('从数据库获取apk链接写入日志', [])
[2020-06-11 14:10:00,789][29500][log_file.py][line: 23][DEBUG] ## ('从数据库获取apk链接写入日志', [])
[2020-06-11 14:15:00,755][21680][log_file.py][line: 23][DEBUG] ## ('从数据库获取apk链接写入日志', [])
[2020-06-11 14:20:00,773][33048][log_file.py][line: 23][DEBUG] ## ('从数据库获取apk链接写入日志', [])
[2020-06-11 14:25:00,719][5536][log_file.py][line: 23][DEBUG] ## ('从数据库获取apk链接写入日志', [])
[2020-06-11 14:30:00,759][12764][log_file.py][line: 23][DEBUG] ## ('从数据库获取apk链接写入日志', [])
[2020-06-11 14:35:00,752][28820][log_file.py][line: 23][DEBUG] ## ('从数据库获取apk链接写入日志', [])
[2020-06-11 14:40:00,801][29864][log_file.py][line: 23][DEBUG] ## ('从数据库获取apk链接写入日志', [])
[2020-06-11 14:45:00,763][17556][log_file.py][line: 23][DEBUG] ## ('从数据库获取apk链接写入日志', [])
[2020-06-11 14:50:00,814][15472][log_file.py][line: 23][DEBUG] ## ('从数据库获取apk链接写入日志', [])
[2020-06-11 14:55:00,799][21864][log_file.py][line: 23][DEBUG] ## ('从数据库获取apk链接写入日志', [])
[2020-06-11 15:00:00,730][18044][log_file.py][line: 23][DEBUG] ## ('从数据库获取apk链接写入日志', [])
[2020-06-11 15:05:00,760][18156][log_file.py][line: 23][DEBUG] ## ('从数据库获取apk链接写入日志', [])
[2020-06-11 15:10:00,744][18400][log_file.py][line: 23][DEBUG] ## ('从数据库获取apk链接写入日志', [])
[2020-06-11 15:15:00,845][19244][log_file.py][line: 23][DEBUG] ## ('从数据库获取apk链接写入日志', [])
[2020-06-11 15:20:00,757][35764][log_file.py][line: 23][DEBUG] ## ('从数据库获取apk链接写入日志', ['http://pkg.superdalan.com/game.pkg/download?pkgId=2830&f=chwyly1_dalan_lenovo_74_1_20200611_151950.apk', 'http://pkg.superdalan.com/game.pkg/download?pkgId=2834&f=chwyly1_dalan_coolpad_74_1_20200611_151842.apk'])
[2020-06-11 15:20:26,146][9392][log_file.py][line: 23][DEBUG] ## ('-----------b5940085___20200611_151950.apk----节点1-----------下载校验结果：True',)
[2020-06-11 15:20:29,967][12644][log_file.py][line: 23][DEBUG] ## ('-----------54a4c6159804___20200611_151842.apk----节点1-----------下载校验结果：True',)
[2020-06-11 15:20:54,493][9392][log_file.py][line: 23][DEBUG] ## ('---------b5940085___20200611_151950.apk-------节点2------安装返回结果：True',)
[2020-06-11 15:21:12,404][12644][log_file.py][line: 23][DEBUG] ## ('---------54a4c6159804___20200611_151842.apk-------节点2------安装返回结果：True',)
[2020-06-11 15:21:59,969][9392][log_file.py][line: 23][DEBUG] ## ("------------b5940085___20200611_151950.apk----节点3---------拆包校验结果：True:['99248f9a7d9afa22a9478f06a6364da7.jpg', 'd878ce0f1948a4f83c3adeb29298c88a.jpg', '4713d8e70bbb13ab290f4d921fd35bea.jpg']",)
[2020-06-11 15:22:01,055][9392][log_file.py][line: 23][DEBUG] ## ('b5940085___20200611_151950.apk_非Dalan_Dsdk渠道包，不走自动化流程',)
[2020-06-11 15:22:43,510][12644][log_file.py][line: 23][DEBUG] ## ("------------54a4c6159804___20200611_151842.apk----节点3---------拆包校验结果：True:['4713d8e70bbb13ab290f4d921fd35bea.jpg', 'd878ce0f1948a4f83c3adeb29298c88a.jpg', '99248f9a7d9afa22a9478f06a6364da7.jpg']",)
[2020-06-11 15:22:46,601][12644][log_file.py][line: 23][DEBUG] ## ('54a4c6159804___20200611_151842.apk_非Dalan_Dsdk渠道包，不走自动化流程',)
[2020-06-11 15:25:01,367][9384][log_file.py][line: 23][DEBUG] ## ('从数据库获取apk链接写入日志', [])
[2020-06-11 15:30:00,846][34336][log_file.py][line: 23][DEBUG] ## ('从数据库获取apk链接写入日志', [])
[2020-06-11 15:35:00,769][19336][log_file.py][line: 23][DEBUG] ## ('从数据库获取apk链接写入日志', [])
[2020-06-11 15:40:00,725][18748][log_file.py][line: 23][DEBUG] ## ('从数据库获取apk链接写入日志', [])
[2020-06-11 15:45:00,768][24000][log_file.py][line: 23][DEBUG] ## ('从数据库获取apk链接写入日志', [])
[2020-06-11 15:50:00,776][11724][log_file.py][line: 23][DEBUG] ## ('从数据库获取apk链接写入日志', [])
[2020-06-11 15:55:00,805][28848][log_file.py][line: 23][DEBUG] ## ('从数据库获取apk链接写入日志', [])
[2020-06-11 16:00:00,748][16260][log_file.py][line: 23][DEBUG] ## ('从数据库获取apk链接写入日志', [])
[2020-06-11 16:05:00,739][17704][log_file.py][line: 23][DEBUG] ## ('从数据库获取apk链接写入日志', [])
[2020-06-11 16:10:00,760][28508][log_file.py][line: 23][DEBUG] ## ('从数据库获取apk链接写入日志', [])
[2020-06-11 16:15:01,123][17888][log_file.py][line: 23][DEBUG] ## ('从数据库获取apk链接写入日志', [])
[2020-06-11 16:20:00,791][8524][log_file.py][line: 23][DEBUG] ## ('从数据库获取apk链接写入日志', [])
[2020-06-11 16:25:00,850][30588][log_file.py][line: 23][DEBUG] ## ('从数据库获取apk链接写入日志', [])
[2020-06-11 16:30:00,746][34236][log_file.py][line: 23][DEBUG] ## ('从数据库获取apk链接写入日志', [])
[2020-06-11 16:35:00,984][34972][log_file.py][line: 23][DEBUG] ## ('从数据库获取apk链接写入日志', [])
[2020-06-11 16:40:01,278][27548][log_file.py][line: 23][DEBUG] ## ('从数据库获取apk链接写入日志', [])
[2020-06-11 16:45:00,811][23128][log_file.py][line: 23][DEBUG] ## ('从数据库获取apk链接写入日志', [])
[2020-06-11 16:50:00,808][34548][log_file.py][line: 23][DEBUG] ## ('从数据库获取apk链接写入日志', [])
[2020-06-11 16:55:00,756][21912][log_file.py][line: 23][DEBUG] ## ('从数据库获取apk链接写入日志', [])
[2020-06-11 17:00:00,788][34884][log_file.py][line: 23][DEBUG] ## ('从数据库获取apk链接写入日志', [])
[2020-06-11 17:05:00,802][16860][log_file.py][line: 23][DEBUG] ## ('从数据库获取apk链接写入日志', [])
[2020-06-11 17:10:00,793][26000][log_file.py][line: 23][DEBUG] ## ('从数据库获取apk链接写入日志', [])
[2020-06-11 17:15:00,726][31444][log_file.py][line: 23][DEBUG] ## ('从数据库获取apk链接写入日志', [])
[2020-06-11 17:20:00,710][18364][log_file.py][line: 23][DEBUG] ## ('从数据库获取apk链接写入日志', [])
[2020-06-11 17:25:00,754][21652][log_file.py][line: 23][DEBUG] ## ('从数据库获取apk链接写入日志', [])
[2020-06-11 17:30:01,711][26608][log_file.py][line: 23][DEBUG] ## ('从数据库获取apk链接写入日志', [])
[2020-06-11 17:35:01,245][24584][log_file.py][line: 23][DEBUG] ## ('从数据库获取apk链接写入日志', [])
[2020-06-11 17:40:01,049][27988][log_file.py][line: 23][DEBUG] ## ('从数据库获取apk链接写入日志', [])
[2020-06-11 17:45:00,932][32912][log_file.py][line: 23][DEBUG] ## ('从数据库获取apk链接写入日志', ['http://pkg.superdalan.com/game.pkg/download?pkgId=2903&f=xxktoppo_dalan_oppo_48_1.0.0_20200611_174534.apk'])
[2020-06-11 17:46:26,678][12776][log_file.py][line: 23][DEBUG] ## ('-----------b5940085___20200611_174534.apk----节点1-----------下载校验结果：True',)
[2020-06-11 17:50:01,077][28032][log_file.py][line: 23][DEBUG] ## ('从数据库获取apk链接写入日志', ['http://pkg.superdalan.com/game.pkg/download?pkgId=2903&f=xxktoppo_dalan_oppo_48_1.0.0_20200611_174534.apk'])
[2020-06-11 17:52:06,127][29328][log_file.py][line: 23][DEBUG] ## ('-----------b5940085___20200611_174534.apk----节点1-----------下载校验结果：True',)
[2020-06-11 17:55:00,987][25872][log_file.py][line: 23][DEBUG] ## ('从数据库获取apk链接写入日志', ['http://pkg.superdalan.com/game.pkg/download?pkgId=2903&f=xxktoppo_dalan_oppo_48_1.0.0_20200611_174534.apk'])
[2020-06-11 18:00:00,770][18604][log_file.py][line: 23][DEBUG] ## ('从数据库获取apk链接写入日志', ['http://pkg.superdalan.com/game.pkg/download?pkgId=2903&f=xxktoppo_dalan_oppo_48_1.0.0_20200611_174534.apk'])
[2020-06-11 18:05:00,983][29384][log_file.py][line: 23][DEBUG] ## ('从数据库获取apk链接写入日志', ['http://pkg.superdalan.com/game.pkg/download?pkgId=2903&f=xxktoppo_dalan_oppo_48_1.0.0_20200611_174534.apk'])
[2020-06-11 18:07:02,574][32560][log_file.py][line: 23][DEBUG] ## ('-----------b5940085___20200611_174534.apk----节点1-----------下载校验结果：True',)
[2020-06-11 18:10:00,968][22628][log_file.py][line: 23][DEBUG] ## ('从数据库获取apk链接写入日志', ['http://pkg.superdalan.com/game.pkg/download?pkgId=2903&f=xxktoppo_dalan_oppo_48_1.0.0_20200611_174534.apk'])
[2020-06-11 18:12:00,550][28416][log_file.py][line: 23][DEBUG] ## ('-----------b5940085___20200611_174534.apk----节点1-----------下载校验结果：True',)
[2020-06-11 18:15:01,261][30940][log_file.py][line: 23][DEBUG] ## ('从数据库获取apk链接写入日志', ['http://pkg.superdalan.com/game.pkg/download?pkgId=2903&f=xxktoppo_dalan_oppo_48_1.0.0_20200611_174534.apk'])
[2020-06-11 18:15:30,457][26588][log_file.py][line: 23][DEBUG] ## ('-----------b5940085___20200611_174534.apk----节点1-----------下载校验结果：True',)
[2020-06-11 18:20:01,402][26564][log_file.py][line: 23][DEBUG] ## ('从数据库获取apk链接写入日志', ['http://pkg.superdalan.com/game.pkg/download?pkgId=2903&f=xxktoppo_dalan_oppo_48_1.0.0_20200611_174534.apk'])
[2020-06-11 18:20:49,952][31548][log_file.py][line: 23][DEBUG] ## ('-----------b5940085___20200611_174534.apk----节点1-----------下载校验结果：True',)
[2020-06-11 18:21:29,557][31548][log_file.py][line: 23][DEBUG] ## ('---------b5940085___20200611_174534.apk-------节点2------安装返回结果：True',)
[2020-06-11 18:22:15,680][31548][log_file.py][line: 23][DEBUG] ## ("------------b5940085___20200611_174534.apk----节点3---------拆包校验结果：True:['ee31490da22bae2ac673e19646b3b8b9.jpg', '2d52357c47a93840fbedf73eac04c010.jpg']",)
[2020-06-11 18:22:16,361][31548][log_file.py][line: 23][DEBUG] ## ('b5940085___20200611_174534.apk_非Dalan_Dsdk渠道包，不走自动化流程',)
[2020-06-11 18:25:01,583][23824][log_file.py][line: 23][DEBUG] ## ('从数据库获取apk链接写入日志', [])
[2020-06-11 18:30:00,723][27996][log_file.py][line: 23][DEBUG] ## ('从数据库获取apk链接写入日志', ['http://pkg.superdalan.com/game.pkg/download?pkgId=2548&f=ntxsry_rongyao_android_48_1.0.0_20200611_183307.apk'])
[2020-06-11 18:31:56,129][32008][log_file.py][line: 23][DEBUG] ## ('-----------b5940085___20200611_183307.apk----节点1-----------下载校验结果：True',)
[2020-06-11 18:32:28,827][32008][log_file.py][line: 23][DEBUG] ## ('---------b5940085___20200611_183307.apk-------节点2------安装返回结果：True',)
[2020-06-11 18:32:34,041][32008][log_file.py][line: 23][DEBUG] ## ('--------b5940085___20200611_183307.apk---节点3--------后台没有配置素材无需校验',)
[2020-06-11 18:32:39,225][32008][log_file.py][line: 23][DEBUG] ## ('b5940085___20200611_183307.apk_非Dalan_Dsdk渠道包，不走自动化流程',)
[2020-06-11 18:35:01,418][17708][log_file.py][line: 23][DEBUG] ## ('从数据库获取apk链接写入日志', [])
[2020-06-11 18:40:00,785][20596][log_file.py][line: 23][DEBUG] ## ('从数据库获取apk链接写入日志', [])
[2020-06-11 18:45:01,709][28252][log_file.py][line: 23][DEBUG] ## ('从数据库获取apk链接写入日志', [])
[2020-06-11 18:50:00,732][12588][log_file.py][line: 23][DEBUG] ## ('从数据库获取apk链接写入日志', [])
[2020-06-11 18:55:00,710][16856][log_file.py][line: 23][DEBUG] ## ('从数据库获取apk链接写入日志', [])
[2020-06-11 19:00:00,731][33232][log_file.py][line: 23][DEBUG] ## ('从数据库获取apk链接写入日志', [])
[2020-06-11 19:05:00,785][13016][log_file.py][line: 23][DEBUG] ## ('从数据库获取apk链接写入日志', [])
[2020-06-11 19:10:00,745][13924][log_file.py][line: 23][DEBUG] ## ('从数据库获取apk链接写入日志', [])
[2020-06-11 19:15:00,741][34916][log_file.py][line: 23][DEBUG] ## ('从数据库获取apk链接写入日志', [])
[2020-06-11 19:20:01,371][15860][log_file.py][line: 23][DEBUG] ## ('从数据库获取apk链接写入日志', [])
[2020-06-11 19:25:00,728][21092][log_file.py][line: 23][DEBUG] ## ('从数据库获取apk链接写入日志', [])
[2020-06-11 19:30:10,367][13688][log_file.py][line: 23][DEBUG] ## ('从数据库获取apk链接写入日志', [])
[2020-06-11 19:35:01,461][27020][log_file.py][line: 23][DEBUG] ## ('从数据库获取apk链接写入日志', [])
[2020-06-11 19:40:00,720][14568][log_file.py][line: 23][DEBUG] ## ('从数据库获取apk链接写入日志', [])
[2020-06-11 19:45:00,999][11324][log_file.py][line: 23][DEBUG] ## ('从数据库获取apk链接写入日志', [])
[2020-06-11 19:50:00,770][32040][log_file.py][line: 23][DEBUG] ## ('从数据库获取apk链接写入日志', [])
[2020-06-11 19:55:00,723][26696][log_file.py][line: 23][DEBUG] ## ('从数据库获取apk链接写入日志', [])
[2020-06-11 20:00:00,755][17764][log_file.py][line: 23][DEBUG] ## ('从数据库获取apk链接写入日志', [])
[2020-06-11 20:05:00,758][30280][log_file.py][line: 23][DEBUG] ## ('从数据库获取apk链接写入日志', [])
[2020-06-11 20:10:00,725][14508][log_file.py][line: 23][DEBUG] ## ('从数据库获取apk链接写入日志', [])
[2020-06-11 20:15:00,721][26548][log_file.py][line: 23][DEBUG] ## ('从数据库获取apk链接写入日志', [])
[2020-06-11 20:20:00,712][10496][log_file.py][line: 23][DEBUG] ## ('从数据库获取apk链接写入日志', [])
[2020-06-11 20:25:00,836][28152][log_file.py][line: 23][DEBUG] ## ('从数据库获取apk链接写入日志', [])
[2020-06-11 20:30:00,738][13984][log_file.py][line: 23][DEBUG] ## ('从数据库获取apk链接写入日志', [])
[2020-06-11 20:35:00,714][15184][log_file.py][line: 23][DEBUG] ## ('从数据库获取apk链接写入日志', [])
[2020-06-11 20:40:00,697][21320][log_file.py][line: 23][DEBUG] ## ('从数据库获取apk链接写入日志', [])
[2020-06-11 20:45:00,693][29180][log_file.py][line: 23][DEBUG] ## ('从数据库获取apk链接写入日志', [])
[2020-06-11 20:50:00,720][20612][log_file.py][line: 23][DEBUG] ## ('从数据库获取apk链接写入日志', [])
[2020-06-11 20:55:00,892][32304][log_file.py][line: 23][DEBUG] ## ('从数据库获取apk链接写入日志', [])
[2020-06-11 21:00:00,711][28032][log_file.py][line: 23][DEBUG] ## ('从数据库获取apk链接写入日志', [])
[2020-06-11 21:05:00,747][13152][log_file.py][line: 23][DEBUG] ## ('从数据库获取apk链接写入日志', [])
[2020-06-11 21:10:00,712][29580][log_file.py][line: 23][DEBUG] ## ('从数据库获取apk链接写入日志', [])
[2020-06-11 21:15:00,720][14168][log_file.py][line: 23][DEBUG] ## ('从数据库获取apk链接写入日志', [])
[2020-06-11 21:20:00,679][11616][log_file.py][line: 23][DEBUG] ## ('从数据库获取apk链接写入日志', [])
[2020-06-11 21:25:00,738][8816][log_file.py][line: 23][DEBUG] ## ('从数据库获取apk链接写入日志', [])
[2020-06-11 21:30:00,761][34124][log_file.py][line: 23][DEBUG] ## ('从数据库获取apk链接写入日志', [])
[2020-06-11 21:35:00,710][21864][log_file.py][line: 23][DEBUG] ## ('从数据库获取apk链接写入日志', [])
[2020-06-11 21:40:00,743][24512][log_file.py][line: 23][DEBUG] ## ('从数据库获取apk链接写入日志', [])
[2020-06-11 21:45:00,722][20668][log_file.py][line: 23][DEBUG] ## ('从数据库获取apk链接写入日志', [])
[2020-06-11 21:50:00,716][22584][log_file.py][line: 23][DEBUG] ## ('从数据库获取apk链接写入日志', [])
[2020-06-11 21:55:00,717][20836][log_file.py][line: 23][DEBUG] ## ('从数据库获取apk链接写入日志', [])
[2020-06-11 22:00:00,731][32144][log_file.py][line: 23][DEBUG] ## ('从数据库获取apk链接写入日志', [])
[2020-06-11 22:05:00,731][6860][log_file.py][line: 23][DEBUG] ## ('从数据库获取apk链接写入日志', [])
[2020-06-11 22:10:00,689][31088][log_file.py][line: 23][DEBUG] ## ('从数据库获取apk链接写入日志', [])
[2020-06-11 22:15:00,681][29432][log_file.py][line: 23][DEBUG] ## ('从数据库获取apk链接写入日志', [])
[2020-06-11 22:20:00,708][18656][log_file.py][line: 23][DEBUG] ## ('从数据库获取apk链接写入日志', [])
[2020-06-11 22:25:00,689][14168][log_file.py][line: 23][DEBUG] ## ('从数据库获取apk链接写入日志', [])
[2020-06-11 22:30:00,711][4564][log_file.py][line: 23][DEBUG] ## ('从数据库获取apk链接写入日志', [])
[2020-06-11 22:35:00,696][12320][log_file.py][line: 23][DEBUG] ## ('从数据库获取apk链接写入日志', [])
[2020-06-11 22:40:00,740][23952][log_file.py][line: 23][DEBUG] ## ('从数据库获取apk链接写入日志', [])
[2020-06-11 22:45:00,717][27652][log_file.py][line: 23][DEBUG] ## ('从数据库获取apk链接写入日志', ['http://pkg.superdalan.com/game.pkg/download?pkgId=2905&f=chwymxdfyzjtt_dalan_xy_dsdk_74_1.0.0_20200611_224541.apk', 'http://pkg.superdalan.com/game.pkg/download?pkgId=2906&f=chwymxqsttt_dalan_xy_dsdk_74_1.0.0_20200611_224742.apk'])
[2020-06-11 22:46:42,285][4184][log_file.py][line: 23][DEBUG] ## ('-----------b5940085___20200611_224541.apk----节点1-----------下载校验结果：True',)
[2020-06-11 22:46:43,746][29888][log_file.py][line: 23][DEBUG] ## ('-----------54a4c6159804___20200611_224742.apk----节点1-----------下载校验结果：True',)
[2020-06-11 22:46:59,879][4184][log_file.py][line: 23][DEBUG] ## ('---------b5940085___20200611_224541.apk-------节点2------安装返回结果：True',)
[2020-06-11 22:47:08,507][29888][log_file.py][line: 23][DEBUG] ## ('---------54a4c6159804___20200611_224742.apk-------节点2------安装返回结果：True',)
[2020-06-11 22:47:10,923][4184][log_file.py][line: 23][DEBUG] ## ("------------b5940085___20200611_224541.apk----节点3---------拆包校验结果：True:['ec5f327503c58eb9a4ad02f34d65b373.jpg', '8d659c8009bb316763652156ba2b999a.jpg']",)
[2020-06-11 22:47:41,854][29888][log_file.py][line: 23][DEBUG] ## ("------------54a4c6159804___20200611_224742.apk----节点3---------拆包校验结果：True:['8d659c8009bb316763652156ba2b999a.jpg', 'ec5f327503c58eb9a4ad02f34d65b373.jpg']",)
[2020-06-11 22:48:17,954][4184][log_file.py][line: 23][DEBUG] ## ('-----------b5940085___20200611_224541.apk----节点4----------打开游戏结果:True',)
[2020-06-11 22:49:05,930][29888][log_file.py][line: 23][DEBUG] ## ('-----------54a4c6159804___20200611_224742.apk----节点4----------打开游戏结果:True',)
[2020-06-11 22:49:28,976][4184][log_file.py][line: 23][DEBUG] ## ('-----------b5940085___20200611_224541.apk----节点5----------登录游戏结果:False',)
[2020-06-11 22:50:03,731][29888][log_file.py][line: 23][DEBUG] ## ('-----------54a4c6159804___20200611_224742.apk----节点5----------登录游戏结果:False',)
[2020-06-11 22:55:01,108][26268][log_file.py][line: 23][DEBUG] ## ('从数据库获取apk链接写入日志', ['http://pkg.superdalan.com/game.pkg/download?pkgId=2905&f=chwymxdfyzjtt_dalan_xy_dsdk_74_1.0.0_20200611_224541.apk',
 'http://pkg.superdalan.com/game.pkg/download?pkgId=2906&f=chwymxqsttt_dalan_xy_dsdk_74_1.0.0_20200611_224742.apk'])
[2020-06-11 22:56:59,553][10808][log_file.py][line: 23][DEBUG] ## ('-----------b5940085___20200611_224541.apk----节点1-----------下载校验结果：True',)
[2020-06-11 22:57:03,873][15876][log_file.py][line: 23][DEBUG] ## ('-----------54a4c6159804___20200611_224742.apk----节点1-----------下载校验结果：True',)
[2020-06-11 22:57:17,624][10808][log_file.py][line: 23][DEBUG] ## ('---------b5940085___20200611_224541.apk-------节点2------安装返回结果：True',)
[2020-06-11 22:57:26,931][15876][log_file.py][line: 23][DEBUG] ## ('---------54a4c6159804___20200611_224742.apk-------节点2------安装返回结果：True',)
[2020-06-11 22:57:27,328][10808][log_file.py][line: 23][DEBUG] ## ("------------b5940085___20200611_224541.apk----节点3---------拆包校验结果：True:['ec5f327503c58eb9a4ad02f34d65b373.jpg', '8d659c8009bb316763652156ba2b999a.jpg']",)
[2020-06-11 22:57:44,647][15876][log_file.py][line: 23][DEBUG] ## ("------------54a4c6159804___20200611_224742.apk----节点3---------拆包校验结果：True:['ec5f327503c58eb9a4ad02f34d65b373.jpg', '8d659c8009bb316763652156ba2b999a.jpg']",)
[2020-06-11 22:58:30,456][10808][log_file.py][line: 23][DEBUG] ## ('-----------b5940085___20200611_224541.apk----节点4----------打开游戏结果:True',)
[2020-06-11 22:59:06,774][15876][log_file.py][line: 23][DEBUG] ## ('-----------54a4c6159804___20200611_224742.apk----节点4----------打开游戏结果:True',)
[2020-06-11 22:59:41,060][10808][log_file.py][line: 23][DEBUG] ## ('-----------b5940085___20200611_224541.apk----节点5----------登录游戏结果:False',)
[2020-06-11 23:00:21,094][15876][log_file.py][line: 23][DEBUG] ## ('-----------54a4c6159804___20200611_224742.apk----节点5----------登录游戏结果:False',)
[2020-06-11 23:05:01,361][17268][log_file.py][line: 23][DEBUG] ## ('从数据库获取apk链接写入日志', [])
[2020-06-11 23:10:00,720][29732][log_file.py][line: 23][DEBUG] ## ('从数据库获取apk链接写入日志', [])
[2020-06-11 23:15:00,754][25680][log_file.py][line: 23][DEBUG] ## ('从数据库获取apk链接写入日志', [])
[2020-06-11 23:20:00,756][24572][log_file.py][line: 23][DEBUG] ## ('从数据库获取apk链接写入日志', [])
[2020-06-11 23:25:00,752][15904][log_file.py][line: 23][DEBUG] ## ('从数据库获取apk链接写入日志', [])
[2020-06-11 23:30:00,761][31852][log_file.py][line: 23][DEBUG] ## ('从数据库获取apk链接写入日志', [])
[2020-06-11 23:35:00,720][7144][log_file.py][line: 23][DEBUG] ## ('从数据库获取apk链接写入日志', [])
[2020-06-11 23:40:00,729][19040][log_file.py][line: 23][DEBUG] ## ('从数据库获取apk链接写入日志', [])
[2020-06-11 23:45:00,728][27828][log_file.py][line: 23][DEBUG] ## ('从数据库获取apk链接写入日志', [])
[2020-06-11 23:50:00,729][22680][log_file.py][line: 23][DEBUG] ## ('从数据库获取apk链接写入日志', [])
[2020-06-11 23:55:00,721][15516][log_file.py][line: 23][DEBUG] ## ('从数据库获取apk链接写入日志', [])
