[2020-06-05 09:44:12,764][15652][log_file.py][line: 23][DEBUG] ## ('从数据库获取apk链接写入日志', ['http://pkg.superdalan.com/game.pkg/download?pkgId=2867&f=shjsscswzjh2_dalan_dsdk_48_1.0.0_20200604_205559.apk', 'http://pkg.superdalan.com/game.pkg/download?pkgId=2868&f=shjsscswzjhtt2_dalan_dsdk_48_1.0.0_20200604_230354.apk', 'http://pkg.superdalan.com/game.pkg/download?pkgId=2872&f=shjcyzswzjh2_dalan_dsdk_48_1.0.0_20200604_205715.apk', 'http://pkg.superdalan.com/game.pkg/download?pkgId=2873&f=shjyssrwzjh2_dalan_dsdk_48_1.0.0_20200604_205825.apk', 'http://pkg.superdalan.com/game.pkg/download?pkgId=2874&f=shjpgktwzjh2_dalan_dsdk_48_1.0.0_20200604_205953.apk', 'http://pkg.superdalan.com/game.pkg/download?pkgId=2875&f=shjwzjh2_dalan_dsdk_48_1.0.0_20200604_210124.apk', 'http://pkg.superdalan.com/game.pkg/download?pkgId=2878&f=zyrgwzjh2_dalan_dsdk_48_1.0.0_20200604_210331.apk', 'http://pkg.superdalan.com/game.pkg/download?pkgId=2879&f=mszywzjh2_dalan_dsdk_48_1.0.0_20200604_210456.apk', 'http://pkg.superdalan.com/game.pkg/download?pkgId=2880&f=dxcyzwzjh2_dalan_dsdk_48_1.0.0_20200604_210638.apk', 'http://pkg.superdalan.com/game.pkg/download?pkgId=2881&f=shjjdyswzjh_dalan_dsdk_48_1.0.0_20200604_210917.apk', 'http://pkg.superdalan.com/game.pkg/download?pkgId=2882&f=shjcyzswzjhtt2_dalan_dsdk_48_1.0.0_20200604_230507.apk', 'http://pkg.superdalan.com/game.pkg/download?pkgId=2883&f=shjwzjhtt2_dalan_dsdk_48_1.0.0_20200604_230619.apk', 'http://pkg.superdalan.com/game.pkg/download?pkgId=2884&f=shjyssrwzjhtt2_dalan_dsdk_48_1.0.0_20200604_230744.apk', 'http://pkg.superdalan.com/game.pkg/download?pkgId=2885&f=shjpgktwzjhtt2_dalan_dsdk_48_1.0.0_20200604_230921.apk', 'http://pkg.superdalan.com/game.pkg/download?pkgId=2887&f=zyrgwzjhtt2_dalan_dsdk_48_1.0.0_20200604_231050.apk', 'http://pkg.superdalan.com/game.pkg/download?pkgId=2888&f=mszywzjhtt2_dalan_dsdk_48_1.0.0_20200604_231223.apk', 'http://pkg.superdalan.com/game.pkg/download?pkgId=2889&f=dxcyzwzjhtt2_dalan_dsdk_48_1.0.0_20200604_231348.apk', 'http://pkg.superdalan.com/game.pkg/download?pkgId=2890&f=shjjdyswzjhtt_dalan_dsdk_48_1.0.0_20200604_231527.apk'])
[2020-06-05 09:44:41,472][14616][log_file.py][line: 23][DEBUG] ## ('-----------QDY4C17818002168___20200604_205715.apk----节点1-----------下载校验结果：True',)
[2020-06-05 09:44:42,014][9268][log_file.py][line: 23][DEBUG] ## ('-----------54a4c6159804___20200604_205559.apk----节点1-----------下载校验结果：True',)
[2020-06-05 09:44:43,354][31632][log_file.py][line: 23][DEBUG] ## ('-----------R8AYIJWO99999999___20200604_230354.apk----节点1-----------下载校验结果：True',)
[2020-06-05 09:45:18,593][14616][log_file.py][line: 23][DEBUG] ## ('---------QDY4C17818002168___20200604_205715.apk-------节点2------安装返回结果：True',)
[2020-06-05 09:45:26,949][14616][log_file.py][line: 23][DEBUG] ## ("------------QDY4C17818002168___20200604_205715.apk----节点3---------拆包校验结果：True:['aa1fee8116606143edab59b0cba50edd.jpg', 'f3cf2e592ffa09105239e52e5f93c7a4.jpg']",)
[2020-06-05 09:45:33,100][9268][log_file.py][line: 23][DEBUG] ## ('---------54a4c6159804___20200604_205559.apk-------节点2------安装返回结果：True',)
[2020-06-05 09:45:39,336][9268][log_file.py][line: 23][DEBUG] ## ("------------54a4c6159804___20200604_205559.apk----节点3---------拆包校验结果：True:['472c54bed83c2d3356c6942b6774e165.jpg', 'c2824af34d3b9b5435bbdf9a36d63620.jpg']",)
[2020-06-05 09:46:16,461][31632][log_file.py][line: 23][DEBUG] ## ('---------R8AYIJWO99999999___20200604_230354.apk-------节点2------安装返回结果：True',)
[2020-06-05 09:46:21,229][31632][log_file.py][line: 23][DEBUG] ## ("------------R8AYIJWO99999999___20200604_230354.apk----节点3---------拆包校验结果：True:['c2824af34d3b9b5435bbdf9a36d63620.jpg', '472c54bed83c2d3356c6942b6774e165.jpg']",)
[2020-06-05 09:47:19,226][31632][log_file.py][line: 23][DEBUG] ## ('-----------R8AYIJWO99999999___20200604_230354.apk----节点4----------打开游戏结果:True',)
[2020-06-05 09:47:42,758][14616][log_file.py][line: 23][DEBUG] ## ('-----------QDY4C17818002168___20200604_205715.apk----节点4----------打开游戏结果:True',)
[2020-06-05 09:47:48,139][9268][log_file.py][line: 23][DEBUG] ## ('-----------54a4c6159804___20200604_205559.apk----节点4----------打开游戏结果:False',)
[2020-06-05 09:48:06,696][31632][log_file.py][line: 23][DEBUG] ## ('-----------R8AYIJWO99999999___20200604_230354.apk----节点5----------登录游戏结果:True',)
[2020-06-05 09:48:09,318][14616][log_file.py][line: 23][DEBUG] ## ('-----------QDY4C17818002168___20200604_205715.apk----节点5----------登录游戏结果:False',)
[2020-06-05 09:48:53,011][31632][log_file.py][line: 23][DEBUG] ## ('------R8AYIJWO99999999___20200604_230354.apk---节点6-------下单调起微信结果:True',)
[2020-06-05 09:49:23,720][15516][log_file.py][line: 23][DEBUG] ## ('-----------R8AYIJWO99999999___20200604_205953.apk----节点1-----------下载校验结果：True',)
[2020-06-05 09:49:27,799][35768][log_file.py][line: 23][DEBUG] ## ('-----------QDY4C17818002168___20200604_210124.apk----节点1-----------下载校验结果：True',)
[2020-06-05 09:49:29,601][32764][log_file.py][line: 23][DEBUG] ## ('-----------54a4c6159804___20200604_205825.apk----节点1-----------下载校验结果：True',)
[2020-06-05 09:50:06,520][35768][log_file.py][line: 23][DEBUG] ## ('---------QDY4C17818002168___20200604_210124.apk-------节点2------安装返回结果：True',)
[2020-06-05 09:50:08,183][32764][log_file.py][line: 23][DEBUG] ## ('---------54a4c6159804___20200604_205825.apk-------节点2------安装返回结果：True',)
[2020-06-05 09:50:15,021][35768][log_file.py][line: 23][DEBUG] ## ("------------QDY4C17818002168___20200604_210124.apk----节点3---------拆包校验结果：True:['1d5fde3028e1175e3a0ce920219d708d.jpg', 'ef0334525653ef158f4212bb53a1d41f.jpg']",)
[2020-06-05 09:50:21,591][32764][log_file.py][line: 23][DEBUG] ## ("------------54a4c6159804___20200604_205825.apk----节点3---------拆包校验结果：True:['11c48624d842b0c01ffa107977c01b23.jpg', '8ad900d397856e46fab55b85a1a518f7.jpg']",)
[2020-06-05 09:50:43,763][15516][log_file.py][line: 23][DEBUG] ## ('---------R8AYIJWO99999999___20200604_205953.apk-------节点2------安装返回结果：True',)
[2020-06-05 09:50:49,596][15516][log_file.py][line: 23][DEBUG] ## ("------------R8AYIJWO99999999___20200604_205953.apk----节点3---------拆包校验结果：True:['79b9918cd2d3cc52b128a5f46deb1fe2.jpg', '237a731a768ad0b3fd8cd26378b775ca.jpg']",)
[2020-06-05 09:51:20,745][32764][log_file.py][line: 23][DEBUG] ## ('-----------54a4c6159804___20200604_205825.apk----节点4----------打开游戏结果:True',)
[2020-06-05 09:51:29,005][35768][log_file.py][line: 23][DEBUG] ## ('-----------QDY4C17818002168___20200604_210124.apk----节点4----------打开游戏结果:True',)
[2020-06-05 09:51:42,498][15516][log_file.py][line: 23][DEBUG] ## ('-----------R8AYIJWO99999999___20200604_205953.apk----节点4----------打开游戏结果:True',)
[2020-06-05 09:52:08,377][32764][log_file.py][line: 23][DEBUG] ## ('-----------54a4c6159804___20200604_205825.apk----节点5----------登录游戏结果:True',)
[2020-06-05 09:52:31,394][15516][log_file.py][line: 23][DEBUG] ## ('-----------R8AYIJWO99999999___20200604_205953.apk----节点5----------登录游戏结果:True',)
[2020-06-05 09:52:47,154][35768][log_file.py][line: 23][DEBUG] ## ('-----------QDY4C17818002168___20200604_210124.apk----节点5----------登录游戏结果:True',)
[2020-06-05 09:52:55,081][32764][log_file.py][line: 23][DEBUG] ## ('------54a4c6159804___20200604_205825.apk---节点6-------下单调起微信结果:True',)
[2020-06-05 09:53:06,121][35768][log_file.py][line: 23][DEBUG] ## ('------QDY4C17818002168___20200604_210124.apk---节点6-------下单调起微信结果:False',)
[2020-06-05 09:53:16,215][15516][log_file.py][line: 23][DEBUG] ## ('------R8AYIJWO99999999___20200604_205953.apk---节点6-------下单调起微信结果:True',)
[2020-06-05 09:54:17,940][23804][log_file.py][line: 23][DEBUG] ## ('-----------R8AYIJWO99999999___20200604_210456.apk----节点1-----------下载校验结果：True',)
[2020-06-05 09:54:17,992][11268][log_file.py][line: 23][DEBUG] ## ('-----------54a4c6159804___20200604_210331.apk----节点1-----------下载校验结果：True',)
[2020-06-05 09:54:19,181][22492][log_file.py][line: 23][DEBUG] ## ('-----------QDY4C17818002168___20200604_210638.apk----节点1-----------下载校验结果：True',)
[2020-06-05 09:54:56,236][11268][log_file.py][line: 23][DEBUG] ## ('---------54a4c6159804___20200604_210331.apk-------节点2------安装返回结果：True',)
[2020-06-05 09:55:03,438][22492][log_file.py][line: 23][DEBUG] ## ('---------QDY4C17818002168___20200604_210638.apk-------节点2------安装返回结果：True',)
[2020-06-05 09:55:05,557][11268][log_file.py][line: 23][DEBUG] ## ("------------54a4c6159804___20200604_210331.apk----节点3---------拆包校验结果：True:['b7106ab8b3620cbc509ef6175a822fe2.jpg', '1e32ad2c77982fed8732b25d7e482a1d.jpg']",)
[2020-06-05 09:55:09,592][22492][log_file.py][line: 23][DEBUG] ## ("------------QDY4C17818002168___20200604_210638.apk----节点3---------拆包校验结果：True:['ee3626ffc2400e6e32032f7307c6abcd.jpg', 'dc69aae724ca5a7b8d5715f88e471c95.jpg']",)
[2020-06-05 09:55:30,913][23804][log_file.py][line: 23][DEBUG] ## ('---------R8AYIJWO99999999___20200604_210456.apk-------节点2------安装返回结果：True',)
[2020-06-05 09:55:37,092][23804][log_file.py][line: 23][DEBUG] ## ("------------R8AYIJWO99999999___20200604_210456.apk----节点3---------拆包校验结果：True:['874f34768a3132bb26be7a3abb7677c7.jpg', '5b6abeb701e38265f3e0bf0d61ca295b.jpg']",)
[2020-06-05 09:56:03,291][11268][log_file.py][line: 23][DEBUG] ## ('-----------54a4c6159804___20200604_210331.apk----节点4----------打开游戏结果:True',)
[2020-06-05 09:56:29,459][23804][log_file.py][line: 23][DEBUG] ## ('-----------R8AYIJWO99999999___20200604_210456.apk----节点4----------打开游戏结果:True',)
[2020-06-05 09:57:06,594][22492][log_file.py][line: 23][DEBUG] ## ('-----------QDY4C17818002168___20200604_210638.apk----节点4----------打开游戏结果:True',)
[2020-06-05 09:58:08,691][22492][log_file.py][line: 23][DEBUG] ## ('-----------QDY4C17818002168___20200604_210638.apk----节点5----------登录游戏结果:False',)
[2020-06-05 09:58:47,941][17992][log_file.py][line: 23][DEBUG] ## ('-----------R8AYIJWO99999999___20200604_230507.apk----节点1-----------下载校验结果：True',)
[2020-06-05 09:58:48,052][21224][log_file.py][line: 23][DEBUG] ## ('-----------54a4c6159804___20200604_210917.apk----节点1-----------下载校验结果：True',)
[2020-06-05 09:58:49,190][26228][log_file.py][line: 23][DEBUG] ## ('-----------QDY4C17818002168___20200604_230619.apk----节点1-----------下载校验结果：True',)
[2020-06-05 09:59:27,615][21224][log_file.py][line: 23][DEBUG] ## ('---------54a4c6159804___20200604_210917.apk-------节点2------安装返回结果：True',)
[2020-06-05 09:59:38,853][21224][log_file.py][line: 23][DEBUG] ## ("------------54a4c6159804___20200604_210917.apk----节点3---------拆包校验结果：True:['76ab9b853e4b1ac48c66b7caf9d0d898.jpg', 'a309441de6e6f702c28141ede88678a4.jpg']",)
[2020-06-05 09:59:49,190][26228][log_file.py][line: 23][DEBUG] ## ('---------QDY4C17818002168___20200604_230619.apk-------节点2------安装返回结果：True',)
[2020-06-05 09:59:56,341][26228][log_file.py][line: 23][DEBUG] ## ("------------QDY4C17818002168___20200604_230619.apk----节点3---------拆包校验结果：True:['ef0334525653ef158f4212bb53a1d41f.jpg', '1d5fde3028e1175e3a0ce920219d708d.jpg']",)
[2020-06-05 10:00:00,260][17992][log_file.py][line: 23][DEBUG] ## ('---------R8AYIJWO99999999___20200604_230507.apk-------节点2------安装返回结果：True',)
[2020-06-05 10:00:05,424][17992][log_file.py][line: 23][DEBUG] ## ("------------R8AYIJWO99999999___20200604_230507.apk----节点3---------拆包校验结果：True:['aa1fee8116606143edab59b0cba50edd.jpg', 'f3cf2e592ffa09105239e52e5f93c7a4.jpg']",)
[2020-06-05 10:00:39,047][21224][log_file.py][line: 23][DEBUG] ## ('-----------54a4c6159804___20200604_210917.apk----节点4----------打开游戏结果:True',)
[2020-06-05 10:01:01,710][17992][log_file.py][line: 23][DEBUG] ## ('-----------R8AYIJWO99999999___20200604_230507.apk----节点4----------打开游戏结果:True',)
[2020-06-05 10:04:07,449][26228][log_file.py][line: 23][DEBUG] ## ('-----------QDY4C17818002168___20200604_230619.apk----节点4----------打开游戏结果:False',)
[2020-06-05 10:04:36,399][25044][log_file.py][line: 23][DEBUG] ## ('-----------54a4c6159804___20200604_230744.apk----节点1-----------下载校验结果：True',)
[2020-06-05 10:04:37,454][12916][log_file.py][line: 23][DEBUG] ## ('-----------R8AYIJWO99999999___20200604_230921.apk----节点1-----------下载校验结果：True',)
[2020-06-05 10:05:00,356][11896][log_file.py][line: 23][DEBUG] ## ('-----------QDY4C17818002168___20200604_231050.apk----节点1-----------下载校验结果：True',)
[2020-06-05 10:05:18,187][25044][log_file.py][line: 23][DEBUG] ## ('---------54a4c6159804___20200604_230744.apk-------节点2------安装返回结果：True',)
[2020-06-05 10:05:32,446][25044][log_file.py][line: 23][DEBUG] ## ("------------54a4c6159804___20200604_230744.apk----节点3---------拆包校验结果：True:['11c48624d842b0c01ffa107977c01b23.jpg', '8ad900d397856e46fab55b85a1a518f7.jpg']",)
[2020-06-05 10:05:50,238][11896][log_file.py][line: 23][DEBUG] ## ('---------QDY4C17818002168___20200604_231050.apk-------节点2------安装返回结果：True',)
[2020-06-05 10:05:52,444][12916][log_file.py][line: 23][DEBUG] ## ('---------R8AYIJWO99999999___20200604_230921.apk-------节点2------安装返回结果：True',)
[2020-06-05 10:05:58,638][12916][log_file.py][line: 23][DEBUG] ## ("------------R8AYIJWO99999999___20200604_230921.apk----节点3---------拆包校验结果：True:['79b9918cd2d3cc52b128a5f46deb1fe2.jpg', '237a731a768ad0b3fd8cd26378b775ca.jpg']",)
[2020-06-05 10:06:02,919][11896][log_file.py][line: 23][DEBUG] ## ("------------QDY4C17818002168___20200604_231050.apk----节点3---------拆包校验结果：True:['b7106ab8b3620cbc509ef6175a822fe2.jpg', '1e32ad2c77982fed8732b25d7e482a1d.jpg']",)
[2020-06-05 10:06:37,536][25044][log_file.py][line: 23][DEBUG] ## ('-----------54a4c6159804___20200604_230744.apk----节点4----------打开游戏结果:True',)
[2020-06-05 10:07:06,537][12916][log_file.py][line: 23][DEBUG] ## ('-----------R8AYIJWO99999999___20200604_230921.apk----节点4----------打开游戏结果:True',)
[2020-06-05 10:08:44,133][11896][log_file.py][line: 23][DEBUG] ## ('-----------QDY4C17818002168___20200604_231050.apk----节点4----------打开游戏结果:False',)
[2020-06-05 10:11:29,741][12916][log_file.py][line: 23][DEBUG] ## ('-----------R8AYIJWO99999999___20200604_230921.apk----节点5----------登录游戏结果:False',)
[2020-06-05 10:12:04,514][10576][log_file.py][line: 23][DEBUG] ## ('-----------R8AYIJWO99999999___20200604_231348.apk----节点1-----------下载校验结果：True',)
[2020-06-05 10:12:04,790][24956][log_file.py][line: 23][DEBUG] ## ('-----------QDY4C17818002168___20200604_231527.apk----节点1-----------下载校验结果：True',)
[2020-06-05 10:12:05,371][10364][log_file.py][line: 23][DEBUG] ## ('-----------54a4c6159804___20200604_231223.apk----节点1-----------下载校验结果：True',)
[2020-06-05 10:12:40,670][24956][log_file.py][line: 23][DEBUG] ## ('---------QDY4C17818002168___20200604_231527.apk-------节点2------安装返回结果：True',)
[2020-06-05 10:12:43,059][10364][log_file.py][line: 23][DEBUG] ## ('---------54a4c6159804___20200604_231223.apk-------节点2------安装返回结果：True',)
[2020-06-05 10:12:51,109][10364][log_file.py][line: 23][DEBUG] ## ("------------54a4c6159804___20200604_231223.apk----节点3---------拆包校验结果：True:['874f34768a3132bb26be7a3abb7677c7.jpg', '5b6abeb701e38265f3e0bf0d61ca295b.jpg']",)
[2020-06-05 10:13:01,155][24956][log_file.py][line: 23][DEBUG] ## ("------------QDY4C17818002168___20200604_231527.apk----节点3---------拆包校验结果：True:['76ab9b853e4b1ac48c66b7caf9d0d898.jpg', 'a309441de6e6f702c28141ede88678a4.jpg']",)
[2020-06-05 10:13:18,946][10576][log_file.py][line: 23][DEBUG] ## ('---------R8AYIJWO99999999___20200604_231348.apk-------节点2------安装返回结果：True',)
[2020-06-05 10:13:23,903][10576][log_file.py][line: 23][DEBUG] ## ("------------R8AYIJWO99999999___20200604_231348.apk----节点3---------拆包校验结果：True:['dc69aae724ca5a7b8d5715f88e471c95.jpg', 'ee3626ffc2400e6e32032f7307c6abcd.jpg']",)
[2020-06-05 10:13:48,202][10364][log_file.py][line: 23][DEBUG] ## ('-----------54a4c6159804___20200604_231223.apk----节点4----------打开游戏结果:True',)
[2020-06-05 10:14:11,090][24956][log_file.py][line: 23][DEBUG] ## ('-----------QDY4C17818002168___20200604_231527.apk----节点4----------打开游戏结果:True',)
[2020-06-05 10:14:33,473][10576][log_file.py][line: 23][DEBUG] ## ('-----------R8AYIJWO99999999___20200604_231348.apk----节点4----------打开游戏结果:True',)
[2020-06-05 12:39:30,444][13196][log_file.py][line: 23][DEBUG] ## ('从数据库获取apk链接写入日志', ['http://pkg.superdalan.com/game.pkg/download?pkgId=2880&f=dxcyzwzjh2_dalan_dsdk_48_1.0.0_20200604_210638.apk ', 'http://pkg.superdalan.com/game.pkg/download?pkgId=2888&f=mszywzjhtt2_dalan_dsdk_48_1.0.0_20200604_231223.apk ', 'http://pkg.superdalan.com/game.pkg/download?pkgId=2889&f=dxcyzwzjhtt2_dalan_dsdk_48_1.0.0_20200604_231348.apk', 'http://pkg.superdalan.com/game.pkg/download?pkgId=2890&f=shjjdyswzjhtt_dalan_dsdk_48_1.0.0_20200604_231527.apk'])
[2020-06-05 12:40:16,045][14560][log_file.py][line: 23][DEBUG] ## ('从数据库获取apk链接写入日志', ['http://pkg.superdalan.com/game.pkg/download?pkgId=2880&f=dxcyzwzjh2_dalan_dsdk_48_1.0.0_20200604_210638.apk ', 'http://pkg.superdalan.com/game.pkg/download?pkgId=2888&f=mszywzjhtt2_dalan_dsdk_48_1.0.0_20200604_231223.apk ', 'http://pkg.superdalan.com/game.pkg/download?pkgId=2889&f=dxcyzwzjhtt2_dalan_dsdk_48_1.0.0_20200604_231348.apk', 'http://pkg.superdalan.com/game.pkg/download?pkgId=2890&f=shjjdyswzjhtt_dalan_dsdk_48_1.0.0_20200604_231527.apk'])
[2020-06-05 12:40:47,914][14972][log_file.py][line: 23][DEBUG] ## ('-----------QDY4C17818002168___20200604_231348.apk----节点1-----------下载校验结果：True',)
[2020-06-05 12:40:49,455][15844][log_file.py][line: 23][DEBUG] ## ('-----------R8AYIJWO99999999__20200604_231223.apk ----节点1-----------下载校验结果：True',)
[2020-06-05 12:40:51,675][26592][log_file.py][line: 23][DEBUG] ## ('-----------54a4c6159804__20200604_210638.apk ----节点1-----------下载校验结果：True',)
[2020-06-05 12:41:46,608][16836][log_file.py][line: 23][DEBUG] ## ('从数据库获取apk链接写入日志', ['http://pkg.superdalan.com/game.pkg/download?pkgId=2880&f=dxcyzwzjh2_dalan_dsdk_48_1.0.0_20200604_210638.apk ', 'http://pkg.superdalan.com/game.pkg/download?pkgId=2888&f=mszywzjhtt2_dalan_dsdk_48_1.0.0_20200604_231223.apk ', 'http://pkg.superdalan.com/game.pkg/download?pkgId=2889&f=dxcyzwzjhtt2_dalan_dsdk_48_1.0.0_20200604_231348.apk', 'http://pkg.superdalan.com/game.pkg/download?pkgId=2890&f=shjjdyswzjhtt_dalan_dsdk_48_1.0.0_20200604_231527.apk'])
[2020-06-05 12:42:15,462][10908][log_file.py][line: 23][DEBUG] ## ('-----------R8AYIJWO99999999__20200604_231223.apk ----节点1-----------下载校验结果：True',)
[2020-06-05 12:42:17,104][23972][log_file.py][line: 23][DEBUG] ## ('-----------QDY4C17818002168___20200604_231348.apk----节点1-----------下载校验结果：True',)
[2020-06-05 12:42:17,474][15632][log_file.py][line: 23][DEBUG] ## ('-----------54a4c6159804__20200604_210638.apk ----节点1-----------下载校验结果：True',)
[2020-06-05 13:32:32,298][30832][log_file.py][line: 23][DEBUG] ## ('从数据库获取apk链接写入日志', ['http://pkg.superdalan.com/game.pkg/download?pkgId=2880&f=dxcyzwzjh2_dalan_dsdk_48_1.0.0_20200604_210638.apk', 'http://pkg.superdalan.com/game.pkg/download?pkgId=2888&f=mszywzjhtt2_dalan_dsdk_48_1.0.0_20200604_231223.apk', 'http://pkg.superdalan.com/game.pkg/download?pkgId=2889&f=dxcyzwzjhtt2_dalan_dsdk_48_1.0.0_20200604_231348.apk', 'http://pkg.superdalan.com/game.pkg/download?pkgId=2890&f=shjjdyswzjhtt_dalan_dsdk_48_1.0.0_20200604_231527.apk'])
[2020-06-05 13:32:59,160][31540][log_file.py][line: 23][DEBUG] ## ('-----------R8AYIJWO99999999___20200604_231223.apk----节点1-----------下载校验结果：True',)
[2020-06-05 13:33:02,798][25924][log_file.py][line: 23][DEBUG] ## ('-----------QDY4C17818002168___20200604_231348.apk----节点1-----------下载校验结果：True',)
[2020-06-05 13:33:04,195][24480][log_file.py][line: 23][DEBUG] ## ('-----------54a4c6159804___20200604_210638.apk----节点1-----------下载校验结果：True',)
[2020-06-05 13:33:39,592][25924][log_file.py][line: 23][DEBUG] ## ('---------QDY4C17818002168___20200604_231348.apk-------节点2------安装返回结果：True',)
[2020-06-05 13:33:48,700][25924][log_file.py][line: 23][DEBUG] ## ("------------QDY4C17818002168___20200604_231348.apk----节点3---------拆包校验结果：True:['ee3626ffc2400e6e32032f7307c6abcd.jpg', 'dc69aae724ca5a7b8d5715f88e471c95.jpg']",)
[2020-06-05 13:33:54,656][24480][log_file.py][line: 23][DEBUG] ## ('---------54a4c6159804___20200604_210638.apk-------节点2------安装返回结果：True',)
[2020-06-05 13:34:00,308][24480][log_file.py][line: 23][DEBUG] ## ("------------54a4c6159804___20200604_210638.apk----节点3---------拆包校验结果：True:['ee3626ffc2400e6e32032f7307c6abcd.jpg', 'dc69aae724ca5a7b8d5715f88e471c95.jpg']",)
[2020-06-05 13:34:13,875][31540][log_file.py][line: 23][DEBUG] ## ('---------R8AYIJWO99999999___20200604_231223.apk-------节点2------安装返回结果：True',)
[2020-06-05 13:34:20,704][31540][log_file.py][line: 23][DEBUG] ## ("------------R8AYIJWO99999999___20200604_231223.apk----节点3---------拆包校验结果：True:['5b6abeb701e38265f3e0bf0d61ca295b.jpg', '874f34768a3132bb26be7a3abb7677c7.jpg']",)
[2020-06-05 13:34:59,738][25924][log_file.py][line: 23][DEBUG] ## ('-----------QDY4C17818002168___20200604_231348.apk----节点4----------打开游戏结果:True',)
[2020-06-05 13:35:03,351][24480][log_file.py][line: 23][DEBUG] ## ('-----------54a4c6159804___20200604_210638.apk----节点4----------打开游戏结果:True',)
[2020-06-05 13:35:23,478][31540][log_file.py][line: 23][DEBUG] ## ('-----------R8AYIJWO99999999___20200604_231223.apk----节点4----------打开游戏结果:True',)
[2020-06-05 13:35:50,730][24480][log_file.py][line: 23][DEBUG] ## ('-----------54a4c6159804___20200604_210638.apk----节点5----------登录游戏结果:True',)
[2020-06-05 13:35:54,704][25924][log_file.py][line: 23][DEBUG] ## ('-----------QDY4C17818002168___20200604_231348.apk----节点5----------登录游戏结果:True',)
[2020-06-05 13:36:11,097][31540][log_file.py][line: 23][DEBUG] ## ('-----------R8AYIJWO99999999___20200604_231223.apk----节点5----------登录游戏结果:True',)
[2020-06-05 13:36:35,304][24480][log_file.py][line: 23][DEBUG] ## ('------54a4c6159804___20200604_210638.apk---节点6-------下单调起微信结果:False',)
[2020-06-05 13:36:42,032][25924][log_file.py][line: 23][DEBUG] ## ('------QDY4C17818002168___20200604_231348.apk---节点6-------下单调起微信结果:True',)
[2020-06-05 13:37:00,886][31540][log_file.py][line: 23][DEBUG] ## ('------R8AYIJWO99999999___20200604_231223.apk---节点6-------下单调起微信结果:False',)
[2020-06-05 13:37:22,284][30644][log_file.py][line: 23][DEBUG] ## ('-----------54a4c6159804___20200604_231527.apk----节点1-----------下载校验结果：True',)
[2020-06-05 13:38:00,721][30644][log_file.py][line: 23][DEBUG] ## ('---------54a4c6159804___20200604_231527.apk-------节点2------安装返回结果：True',)
[2020-06-05 13:38:10,069][30644][log_file.py][line: 23][DEBUG] ## ("------------54a4c6159804___20200604_231527.apk----节点3---------拆包校验结果：True:['76ab9b853e4b1ac48c66b7caf9d0d898.jpg', 'a309441de6e6f702c28141ede88678a4.jpg']",)
[2020-06-05 13:39:18,079][30644][log_file.py][line: 23][DEBUG] ## ('-----------54a4c6159804___20200604_231527.apk----节点4----------打开游戏结果:True',)
[2020-06-05 13:41:16,727][33920][log_file.py][line: 23][DEBUG] ## ('从数据库获取apk链接写入日志', ['http://pkg.superdalan.com/game.pkg/download?pkgId=2880&f=dxcyzwzjh2_dalan_dsdk_48_1.0.0_20200604_210638.apk',
'http://pkg.superdalan.com/game.pkg/download?pkgId=2888&f=mszywzjhtt2_dalan_dsdk_48_1.0.0_20200604_231223.apk', 'h
ttp://pkg.superdalan.com/game.pkg/download?pkgId=2890&f=shjjdyswzjhtt_dalan_dsdk_48_1.0.0_20200604_231527.apk'])
[2020-06-05 13:41:49,963][12284][log_file.py][line: 23][DEBUG] ## ('-----------QDY4C17818002168___20200604_231527.apk----节点1-----------下载校验结果：True',)
[2020-06-05 13:41:55,796][35608][log_file.py][line: 23][DEBUG] ## ('-----------R8AYIJWO99999999___20200604_231223.apk----节点1-----------下载校验结果：True',)
[2020-06-05 13:41:55,961][21680][log_file.py][line: 23][DEBUG] ## ('-----------54a4c6159804___20200604_210638.apk----节点1-----------下载校验结果：True',)
[2020-06-05 13:42:28,517][12284][log_file.py][line: 23][DEBUG] ## ('---------QDY4C17818002168___20200604_231527.apk-------节点2------安装返回结果：True',)
[2020-06-05 13:42:34,169][21680][log_file.py][line: 23][DEBUG] ## ('---------54a4c6159804___20200604_210638.apk-------节点2------安装返回结果：True',)
[2020-06-05 13:42:39,260][12284][log_file.py][line: 23][DEBUG] ## ("------------QDY4C17818002168___20200604_231527.apk----节点3---------拆包校验结果：True:['a309441de6e6f702c28141ede88678a4.jpg', '76ab9b853e4b1ac48c66b7caf9d0d898.jpg']",)
[2020-06-05 13:42:39,293][21680][log_file.py][line: 23][DEBUG] ## ("------------54a4c6159804___20200604_210638.apk----节点3---------拆包校验结果：True:['dc69aae724ca5a7b8d5715f88e471c95.jpg', 'ee3626ffc2400e6e32032f7307c6abcd.jpg']",)
[2020-06-05 13:43:29,828][35608][log_file.py][line: 23][DEBUG] ## ('---------R8AYIJWO99999999___20200604_231223.apk-------节点2------安装返回结果：True',)
[2020-06-05 13:43:36,207][35608][log_file.py][line: 23][DEBUG] ## ("------------R8AYIJWO99999999___20200604_231223.apk----节点3---------拆包校验结果：True:['5b6abeb701e38265f3e0bf0d61ca295b.jpg', '874f34768a3132bb26be7a3abb7677c7.jpg']",)
[2020-06-05 13:43:42,126][21680][log_file.py][line: 23][DEBUG] ## ('-----------54a4c6159804___20200604_210638.apk----节点4----------打开游戏结果:True',)
[2020-06-05 13:43:49,508][12284][log_file.py][line: 23][DEBUG] ## ('-----------QDY4C17818002168___20200604_231527.apk----节点4----------打开游戏结果:True',)
[2020-06-05 13:44:28,709][21680][log_file.py][line: 23][DEBUG] ## ('-----------54a4c6159804___20200604_210638.apk----节点5----------登录游戏结果:True',)
[2020-06-05 13:44:33,853][35608][log_file.py][line: 23][DEBUG] ## ('-----------R8AYIJWO99999999___20200604_231223.apk----节点4----------打开游戏结果:True',)
[2020-06-05 13:44:44,284][12284][log_file.py][line: 23][DEBUG] ## ('-----------QDY4C17818002168___20200604_231527.apk----节点5----------登录游戏结果:True',)
[2020-06-05 13:45:14,600][21680][log_file.py][line: 23][DEBUG] ## ('------54a4c6159804___20200604_210638.apk---节点6-------下单调起微信结果:True',)
[2020-06-05 13:45:23,834][35608][log_file.py][line: 23][DEBUG] ## ('-----------R8AYIJWO99999999___20200604_231223.apk----节点5----------登录游戏结果:True',)
[2020-06-05 13:45:32,156][12284][log_file.py][line: 23][DEBUG] ## ('------QDY4C17818002168___20200604_231527.apk---节点6-------下单调起微信结果:True',)
[2020-06-05 13:45:56,512][35608][log_file.py][line: 23][DEBUG] ## ('------R8AYIJWO99999999___20200604_231223.apk---节点6-------下单调起微信结果:False',)
[2020-06-05 15:00:26,068][30828][log_file.py][line: 23][DEBUG] ## ('从数据库获取apk链接写入日志', ['http://pkg.superdalan.com/game.pkg/download?pkgId=2623&f=shmykshb_dalan_dsdk_48_1.0.0_20200420_081329.apk', 'http://pkg.superdalan.com/game.pkg/download?pkgId=2770&f=wjfy_dalan_dsdk_48_1.0.0_20191213_181736.apk', 'http://pkg.superdalan.com/game.pkg/download?pkgId=2770&f=wjfy_dalan_dsdk_48_1.0.0_20200313_113403.apk', 'http://pkg.superdalan.com/game.pkg/download?pkgId=2770&f=wjfy_dalan_dsdk_48_1.0.0_20200327_152456.apk', 'http://pkg.superdalan.com/game.pkg/download?pkgId=2770&f=wjfy_dalan_dsdk_48_1.0.0_20200411_230914.apk', 'http://pkg.superdalan.com/game.pkg/download?pkgId=2770&f=wjfy_dalan_dsdk_48_1.0.0_20200522_114320.apk', 'http://pkg.superdalan.com/game.pkg/download?pkgId=2890&f=shjjdyswzjhtt_dalan_dsdk_48_1.0.0_20200605_150052.apk'])
[2020-06-05 15:00:58,778][33796][log_file.py][line: 23][DEBUG] ## ('-----------QDY4C17818002168___20200313_113403.apk----节点1-----------下载校验结果：True',)
[2020-06-05 15:01:01,214][26276][log_file.py][line: 23][DEBUG] ## ('-----------54a4c6159804___20200420_081329.apk----节点1-----------下载校验结果：True',)
[2020-06-05 15:01:02,241][25972][log_file.py][line: 23][DEBUG] ## ('-----------R8AYIJWO99999999___20191213_181736.apk----节点1-----------下载校验结果：True',)
[2020-06-05 15:01:36,011][33796][log_file.py][line: 23][DEBUG] ## ('---------QDY4C17818002168___20200313_113403.apk-------节点2------安装返回结果：True',)
[2020-06-05 15:01:36,211][33796][log_file.py][line: 23][DEBUG] ## ('--------QDY4C17818002168___20200313_113403.apk---节点3--------后台没有配置素材无需校验',)
[2020-06-05 15:01:52,246][26276][log_file.py][line: 23][DEBUG] ## ('---------54a4c6159804___20200420_081329.apk-------节点2------安装返回结果：True',)
[2020-06-05 15:02:04,084][26276][log_file.py][line: 23][DEBUG] ## ('------------54a4c6159804___20200420_081329.apk----节点3---------拆包校验结果：False:只有应用名称匹配成功_图片失败',)
[2020-06-05 15:03:28,103][33796][log_file.py][line: 23][DEBUG] ## ('-----------QDY4C17818002168___20200313_113403.apk----节点4----------打开游戏结果:True',)
[2020-06-05 15:04:17,232][25972][log_file.py][line: 23][DEBUG] ## ('---------R8AYIJWO99999999___20191213_181736.apk-------节点2------安装返回结果：True',)
[2020-06-05 15:04:17,421][25972][log_file.py][line: 23][DEBUG] ## ('--------R8AYIJWO99999999___20191213_181736.apk---节点3--------后台没有配置素材无需校验',)
[2020-06-05 15:06:30,335][25972][log_file.py][line: 23][DEBUG] ## ('-----------R8AYIJWO99999999___20191213_181736.apk----节点4----------打开游戏结果:False',)
[2020-06-05 15:07:48,286][33796][log_file.py][line: 23][DEBUG] ## ('-----------QDY4C17818002168___20200313_113403.apk----节点5----------登录游戏结果:False',)
[2020-06-05 15:08:21,929][12636][log_file.py][line: 23][DEBUG] ## ('-----------54a4c6159804___20200327_152456.apk----节点1-----------下载校验结果：True',)
[2020-06-05 15:08:26,913][17184][log_file.py][line: 23][DEBUG] ## ('-----------QDY4C17818002168___20200522_114320.apk----节点1-----------下载校验结果：True',)
[2020-06-05 15:08:27,826][16668][log_file.py][line: 23][DEBUG] ## ('-----------R8AYIJWO99999999___20200411_230914.apk----节点1-----------下载校验结果：True',)
[2020-06-05 15:09:03,805][17184][log_file.py][line: 23][DEBUG] ## ('---------QDY4C17818002168___20200522_114320.apk-------节点2------安装返回结果：True',)
[2020-06-05 15:09:03,924][17184][log_file.py][line: 23][DEBUG] ## ('--------QDY4C17818002168___20200522_114320.apk---节点3--------后台没有配置素材无需校验',)
[2020-06-05 15:09:15,399][12636][log_file.py][line: 23][DEBUG] ## ('---------54a4c6159804___20200327_152456.apk-------节点2------安装返回结果：True',)
[2020-06-05 15:09:15,547][12636][log_file.py][line: 23][DEBUG] ## ('--------54a4c6159804___20200327_152456.apk---节点3--------后台没有配置素材无需校验',)
[2020-06-05 15:09:58,445][16668][log_file.py][line: 23][DEBUG] ## ('---------R8AYIJWO99999999___20200411_230914.apk-------节点2------安装返回结果：True',)
[2020-06-05 15:09:58,651][16668][log_file.py][line: 23][DEBUG] ## ('--------R8AYIJWO99999999___20200411_230914.apk---节点3--------后台没有配置素材无需校验',)
[2020-06-05 15:10:57,024][17184][log_file.py][line: 23][DEBUG] ## ('-----------QDY4C17818002168___20200522_114320.apk----节点4----------打开游戏结果:True',)
[2020-06-05 15:11:39,468][16668][log_file.py][line: 23][DEBUG] ## ('-----------R8AYIJWO99999999___20200411_230914.apk----节点4----------打开游戏结果:True',)
[2020-06-05 15:11:40,251][12636][log_file.py][line: 23][DEBUG] ## ('-----------54a4c6159804___20200327_152456.apk----节点4----------打开游戏结果:False',)
[2020-06-05 15:11:58,197][17184][log_file.py][line: 23][DEBUG] ## ('-----------QDY4C17818002168___20200522_114320.apk----节点5----------登录游戏结果:True',)
[2020-06-05 15:12:10,898][16668][log_file.py][line: 23][DEBUG] ## ('-----------R8AYIJWO99999999___20200411_230914.apk----节点5----------登录游戏结果:False',)
[2020-06-05 15:12:48,642][17184][log_file.py][line: 23][DEBUG] ## ('------QDY4C17818002168___20200522_114320.apk---节点6-------下单调起微信结果:True',)
[2020-06-05 15:13:03,626][25084][log_file.py][line: 23][DEBUG] ## ('-----------54a4c6159804___20200605_150052.apk----节点1-----------下载校验结果：True',)
[2020-06-05 15:13:41,130][25084][log_file.py][line: 23][DEBUG] ## ('---------54a4c6159804___20200605_150052.apk-------节点2------安装返回结果：True',)
[2020-06-05 15:13:53,032][25084][log_file.py][line: 23][DEBUG] ## ("------------54a4c6159804___20200605_150052.apk----节点3---------拆包校验结果：True:['76ab9b853e4b1ac48c66b7caf9d0d898.jpg', 'a309441de6e6f702c28141ede88678a4.jpg']",)
[2020-06-05 15:15:04,343][25084][log_file.py][line: 23][DEBUG] ## ('-----------54a4c6159804___20200605_150052.apk----节点4----------打开游戏结果:True',)
[2020-06-05 15:15:51,462][25084][log_file.py][line: 23][DEBUG] ## ('-----------54a4c6159804___20200605_150052.apk----节点5----------登录游戏结果:True',)
[2020-06-05 18:54:44,724][20248][log_file.py][line: 23][DEBUG] ## ('从数据库获取apk链接写入日志', ['http://pkg.superdalan.com/game.pkg/download?pkgId=2770&f=wjfy_dalan_dsdk_48_1.0.0_20191213_181736.apk', 'http://pkg.superdalan.com/game.pkg/download?pkgId=2894&f=txjh26_tianxie_android_48_1_20200605_174455.apk'])
[2020-06-05 18:55:08,569][14020][log_file.py][line: 23][DEBUG] ## ('-----------R8AYIJWO99999999___20200605_174455.apk----节点1-----------下载校验结果：True',)
[2020-06-05 18:55:10,938][35728][log_file.py][line: 23][DEBUG] ## ('-----------54a4c6159804___20191213_181736.apk----节点1-----------下载校验结果：True',)
[2020-06-05 18:55:44,128][35728][log_file.py][line: 23][DEBUG] ## ('---------54a4c6159804___20191213_181736.apk-------节点2------安装返回结果：True',)
[2020-06-05 18:55:44,263][35728][log_file.py][line: 23][DEBUG] ## ('--------54a4c6159804___20191213_181736.apk---节点3--------后台没有配置素材无需校验',)
[2020-06-05 18:56:51,011][14020][log_file.py][line: 23][DEBUG] ## ('---------R8AYIJWO99999999___20200605_174455.apk-------节点2------安装返回结果：True',)
[2020-06-05 18:56:56,758][14020][log_file.py][line: 23][DEBUG] ## ("------------R8AYIJWO99999999___20200605_174455.apk----节点3---------拆包校验结果：True:['3c83eac20a08318f7d6de72264128969.jpg']",)
[2020-06-05 18:56:57,518][14020][log_file.py][line: 23][DEBUG] ## ('R8AYIJWO99999999___20200605_174455.apk_非Dalan_Dsdk渠道包，不走自动化流程',)
[2020-06-05 18:57:54,964][35728][log_file.py][line: 23][DEBUG] ## ('-----------54a4c6159804___20191213_181736.apk----节点4----------打开游戏结果:False',)
[2020-06-05 19:09:43,058][17008][log_file.py][line: 23][DEBUG] ## ('从数据库获取apk链接写入日志', ['http://pkg.superdalan.com/game.pkg/download?pkgId=2890&f=shjjdyswzjhtt_dalan_dsdk_48_1.0.0_20200605_150052.apk'])
[2020-06-05 19:10:03,589][10048][log_file.py][line: 23][DEBUG] ## ('-----------54a4c6159804___20200605_150052.apk----节点1-----------下载校验结果：True',)
[2020-06-05 19:10:42,029][10048][log_file.py][line: 23][DEBUG] ## ('---------54a4c6159804___20200605_150052.apk-------节点2------安装返回结果：True',)
[2020-06-05 19:10:51,741][10048][log_file.py][line: 23][DEBUG] ## ("------------54a4c6159804___20200605_150052.apk----节点3---------拆包校验结果：True:['76ab9b853e4b1ac48c66b7caf9d0d898.jpg', 'a309441de6e6f702c28141ede88678a4.jpg']",)
[2020-06-05 19:12:01,158][10048][log_file.py][line: 23][DEBUG] ## ('-----------54a4c6159804___20200605_150052.apk----节点4----------打开游戏结果:True',)
[2020-06-05 19:12:51,401][10048][log_file.py][line: 23][DEBUG] ## ('-----------54a4c6159804___20200605_150052.apk----节点5----------登录游戏结果:True',)
[2020-06-05 19:13:19,795][10048][log_file.py][line: 23][DEBUG] ## ('------54a4c6159804___20200605_150052.apk---节点6-------下单调起微信结果:False',)
[2020-06-05 19:14:58,547][10832][log_file.py][line: 23][DEBUG] ## ('从数据库获取apk链接写入日志', ['http://pkg.superdalan.com/game.pkg/download?pkgId=2890&f=shjjdyswzjhtt_dalan_dsdk_48_1.0.0_20200605_150052.apk'])
[2020-06-05 19:15:15,058][29684][log_file.py][line: 23][DEBUG] ## ('-----------54a4c6159804___20200605_150052.apk----节点1-----------下载校验结果：True',)
[2020-06-05 19:15:57,778][29684][log_file.py][line: 23][DEBUG] ## ('---------54a4c6159804___20200605_150052.apk-------节点2------安装返回结果：True',)
[2020-06-05 19:16:07,378][29684][log_file.py][line: 23][DEBUG] ## ("------------54a4c6159804___20200605_150052.apk----节点3---------拆包校验结果：True:['76ab9b853e4b1ac48c66b7caf9d0d898.jpg', 'a309441de6e6f702c28141ede88678a4.jpg']",)
[2020-06-05 19:17:35,787][29684][log_file.py][line: 23][DEBUG] ## ('-----------54a4c6159804___20200605_150052.apk----节点4----------打开游戏结果:True',)
[2020-06-05 19:18:27,440][29684][log_file.py][line: 23][DEBUG] ## ('-----------54a4c6159804___20200605_150052.apk----节点5----------登录游戏结果:True',)
[2020-06-05 19:19:14,778][29684][log_file.py][line: 23][DEBUG] ## ('------54a4c6159804___20200605_150052.apk---节点6-------下单调起微信结果:False',)
[2020-06-05 19:29:48,867][16012][log_file.py][line: 23][DEBUG] ## ('从数据库获取apk链接写入日志', [])
[2020-06-05 19:29:55,205][20108][log_file.py][line: 23][DEBUG] ## ('从数据库获取apk链接写入日志', ['http://pkg.superdalan.com/game.pkg/download?pkgId=2890&f=shjjdyswzjhtt_dalan_dsdk_48_1.0.0_20200605_150052.apk'])
[2020-06-05 19:30:11,297][26096][log_file.py][line: 23][DEBUG] ## ('-----------54a4c6159804___20200605_150052.apk----节点1-----------下载校验结果：True',)
[2020-06-05 19:30:44,011][26096][log_file.py][line: 23][DEBUG] ## ('---------54a4c6159804___20200605_150052.apk-------节点2------安装返回结果：True',)
[2020-06-05 19:30:53,271][26096][log_file.py][line: 23][DEBUG] ## ("------------54a4c6159804___20200605_150052.apk----节点3---------拆包校验结果：True:['76ab9b853e4b1ac48c66b7caf9d0d898.jpg', 'a309441de6e6f702c28141ede88678a4.jpg']",)
[2020-06-05 19:31:57,480][26096][log_file.py][line: 23][DEBUG] ## ('-----------54a4c6159804___20200605_150052.apk----节点4----------打开游戏结果:True',)
[2020-06-05 19:32:48,882][26096][log_file.py][line: 23][DEBUG] ## ('-----------54a4c6159804___20200605_150052.apk----节点5----------登录游戏结果:True',)
[2020-06-05 19:33:37,116][26096][log_file.py][line: 23][DEBUG] ## ('------54a4c6159804___20200605_150052.apk---节点6-------下单调起微信结果:True',)
