[2020-05-18 00:00:00,666][7528][log_file.py][line: 23][DEBUG] ## ('从数据库获取apk链接写入日志', [])
[2020-05-18 00:05:00,745][1944][log_file.py][line: 23][DEBUG] ## ('从数据库获取apk链接写入日志', [])
[2020-05-18 00:10:00,679][7680][log_file.py][line: 23][DEBUG] ## ('从数据库获取apk链接写入日志', [])
[2020-05-18 00:15:00,711][12412][log_file.py][line: 23][DEBUG] ## ('从数据库获取apk链接写入日志', [])
[2020-05-18 00:20:00,688][12360][log_file.py][line: 23][DEBUG] ## ('从数据库获取apk链接写入日志', [])
[2020-05-18 00:25:00,686][8048][log_file.py][line: 23][DEBUG] ## ('从数据库获取apk链接写入日志', [])
[2020-05-18 00:30:00,908][3340][log_file.py][line: 23][DEBUG] ## ('从数据库获取apk链接写入日志', [])
[2020-05-18 00:35:00,694][11508][log_file.py][line: 23][DEBUG] ## ('从数据库获取apk链接写入日志', [])
[2020-05-18 00:40:00,688][11784][log_file.py][line: 23][DEBUG] ## ('从数据库获取apk链接写入日志', [])
[2020-05-18 00:45:00,695][4784][log_file.py][line: 23][DEBUG] ## ('从数据库获取apk链接写入日志', [])
[2020-05-18 00:50:00,726][9604][log_file.py][line: 23][DEBUG] ## ('从数据库获取apk链接写入日志', [])
[2020-05-18 00:55:00,679][12540][log_file.py][line: 23][DEBUG] ## ('从数据库获取apk链接写入日志', [])
[2020-05-18 01:00:00,695][6676][log_file.py][line: 23][DEBUG] ## ('从数据库获取apk链接写入日志', [])
[2020-05-18 01:05:00,709][12088][log_file.py][line: 23][DEBUG] ## ('从数据库获取apk链接写入日志', [])
[2020-05-18 01:10:00,710][4348][log_file.py][line: 23][DEBUG] ## ('从数据库获取apk链接写入日志', [])
[2020-05-18 01:15:00,685][4536][log_file.py][line: 23][DEBUG] ## ('从数据库获取apk链接写入日志', [])
[2020-05-18 01:20:00,697][11976][log_file.py][line: 23][DEBUG] ## ('从数据库获取apk链接写入日志', [])
[2020-05-18 01:25:00,673][3976][log_file.py][line: 23][DEBUG] ## ('从数据库获取apk链接写入日志', [])
[2020-05-18 01:30:00,686][11452][log_file.py][line: 23][DEBUG] ## ('从数据库获取apk链接写入日志', [])
[2020-05-18 01:35:00,669][3076][log_file.py][line: 23][DEBUG] ## ('从数据库获取apk链接写入日志', [])
[2020-05-18 01:40:00,825][7488][log_file.py][line: 23][DEBUG] ## ('从数据库获取apk链接写入日志', [])
[2020-05-18 01:45:00,737][596][log_file.py][line: 23][DEBUG] ## ('从数据库获取apk链接写入日志', [])
[2020-05-18 01:50:00,768][12060][log_file.py][line: 23][DEBUG] ## ('从数据库获取apk链接写入日志', [])
[2020-05-18 01:55:00,697][4772][log_file.py][line: 23][DEBUG] ## ('从数据库获取apk链接写入日志', [])
[2020-05-18 02:00:00,714][10860][log_file.py][line: 23][DEBUG] ## ('从数据库获取apk链接写入日志', [])
[2020-05-18 02:05:00,694][5392][log_file.py][line: 23][DEBUG] ## ('从数据库获取apk链接写入日志', [])
[2020-05-18 02:10:00,642][3848][log_file.py][line: 23][DEBUG] ## ('从数据库获取apk链接写入日志', [])
[2020-05-18 02:15:00,698][11012][log_file.py][line: 23][DEBUG] ## ('从数据库获取apk链接写入日志', [])
[2020-05-18 02:20:00,757][5848][log_file.py][line: 23][DEBUG] ## ('从数据库获取apk链接写入日志', [])
[2020-05-18 02:25:00,681][5376][log_file.py][line: 23][DEBUG] ## ('从数据库获取apk链接写入日志', [])
[2020-05-18 02:30:00,715][4080][log_file.py][line: 23][DEBUG] ## ('从数据库获取apk链接写入日志', [])
[2020-05-18 02:35:00,711][9540][log_file.py][line: 23][DEBUG] ## ('从数据库获取apk链接写入日志', [])
[2020-05-18 02:40:00,677][6172][log_file.py][line: 23][DEBUG] ## ('从数据库获取apk链接写入日志', [])
[2020-05-18 02:45:00,667][12932][log_file.py][line: 23][DEBUG] ## ('从数据库获取apk链接写入日志', [])
[2020-05-18 02:50:00,714][12512][log_file.py][line: 23][DEBUG] ## ('从数据库获取apk链接写入日志', [])
[2020-05-18 02:55:00,671][5912][log_file.py][line: 23][DEBUG] ## ('从数据库获取apk链接写入日志', [])
[2020-05-18 03:00:00,688][10148][log_file.py][line: 23][DEBUG] ## ('从数据库获取apk链接写入日志', [])
[2020-05-18 03:05:00,692][10320][log_file.py][line: 23][DEBUG] ## ('从数据库获取apk链接写入日志', [])
[2020-05-18 03:10:00,731][12960][log_file.py][line: 23][DEBUG] ## ('从数据库获取apk链接写入日志', [])
[2020-05-18 03:15:00,683][11708][log_file.py][line: 23][DEBUG] ## ('从数据库获取apk链接写入日志', [])
[2020-05-18 03:20:00,653][12064][log_file.py][line: 23][DEBUG] ## ('从数据库获取apk链接写入日志', [])
[2020-05-18 03:25:00,690][9604][log_file.py][line: 23][DEBUG] ## ('从数据库获取apk链接写入日志', [])
[2020-05-18 03:30:00,692][12748][log_file.py][line: 23][DEBUG] ## ('从数据库获取apk链接写入日志', [])
[2020-05-18 03:35:00,828][6244][log_file.py][line: 23][DEBUG] ## ('从数据库获取apk链接写入日志', [])
[2020-05-18 03:40:00,713][12360][log_file.py][line: 23][DEBUG] ## ('从数据库获取apk链接写入日志', [])
[2020-05-18 03:45:00,718][3964][log_file.py][line: 23][DEBUG] ## ('从数据库获取apk链接写入日志', [])
[2020-05-18 03:50:00,679][7512][log_file.py][line: 23][DEBUG] ## ('从数据库获取apk链接写入日志', [])
[2020-05-18 03:55:00,680][3372][log_file.py][line: 23][DEBUG] ## ('从数据库获取apk链接写入日志', [])
[2020-05-18 04:00:00,695][13148][log_file.py][line: 23][DEBUG] ## ('从数据库获取apk链接写入日志', [])
[2020-05-18 04:05:00,700][12928][log_file.py][line: 23][DEBUG] ## ('从数据库获取apk链接写入日志', [])
[2020-05-18 04:10:00,758][8280][log_file.py][line: 23][DEBUG] ## ('从数据库获取apk链接写入日志', [])
[2020-05-18 04:15:00,713][7488][log_file.py][line: 23][DEBUG] ## ('从数据库获取apk链接写入日志', [])
[2020-05-18 04:20:00,705][10200][log_file.py][line: 23][DEBUG] ## ('从数据库获取apk链接写入日志', [])
[2020-05-18 04:25:00,666][11792][log_file.py][line: 23][DEBUG] ## ('从数据库获取apk链接写入日志', [])
[2020-05-18 04:30:00,752][12176][log_file.py][line: 23][DEBUG] ## ('从数据库获取apk链接写入日志', [])
[2020-05-18 04:35:00,722][524][log_file.py][line: 23][DEBUG] ## ('从数据库获取apk链接写入日志', [])
[2020-05-18 04:40:00,687][12640][log_file.py][line: 23][DEBUG] ## ('从数据库获取apk链接写入日志', [])
[2020-05-18 04:45:00,692][12120][log_file.py][line: 23][DEBUG] ## ('从数据库获取apk链接写入日志', [])
[2020-05-18 04:50:00,745][11644][log_file.py][line: 23][DEBUG] ## ('从数据库获取apk链接写入日志', [])
[2020-05-18 04:55:00,714][10200][log_file.py][line: 23][DEBUG] ## ('从数据库获取apk链接写入日志', [])
[2020-05-18 05:00:00,677][11024][log_file.py][line: 23][DEBUG] ## ('从数据库获取apk链接写入日志', [])
[2020-05-18 05:05:00,708][3388][log_file.py][line: 23][DEBUG] ## ('从数据库获取apk链接写入日志', [])
[2020-05-18 05:10:00,676][12964][log_file.py][line: 23][DEBUG] ## ('从数据库获取apk链接写入日志', [])
[2020-05-18 05:15:00,654][11068][log_file.py][line: 23][DEBUG] ## ('从数据库获取apk链接写入日志', [])
[2020-05-18 05:20:00,706][3736][log_file.py][line: 23][DEBUG] ## ('从数据库获取apk链接写入日志', [])
[2020-05-18 05:25:00,688][10640][log_file.py][line: 23][DEBUG] ## ('从数据库获取apk链接写入日志', [])
[2020-05-18 05:30:00,678][12504][log_file.py][line: 23][DEBUG] ## ('从数据库获取apk链接写入日志', [])
[2020-05-18 05:35:00,672][8868][log_file.py][line: 23][DEBUG] ## ('从数据库获取apk链接写入日志', [])
[2020-05-18 05:40:00,684][10468][log_file.py][line: 23][DEBUG] ## ('从数据库获取apk链接写入日志', [])
[2020-05-18 05:45:00,703][10860][log_file.py][line: 23][DEBUG] ## ('从数据库获取apk链接写入日志', [])
[2020-05-18 05:50:00,683][12640][log_file.py][line: 23][DEBUG] ## ('从数据库获取apk链接写入日志', [])
[2020-05-18 05:55:00,683][5376][log_file.py][line: 23][DEBUG] ## ('从数据库获取apk链接写入日志', [])
[2020-05-18 06:00:00,656][4420][log_file.py][line: 23][DEBUG] ## ('从数据库获取apk链接写入日志', [])
[2020-05-18 06:05:00,707][12440][log_file.py][line: 23][DEBUG] ## ('从数据库获取apk链接写入日志', [])
[2020-05-18 06:10:00,678][8800][log_file.py][line: 23][DEBUG] ## ('从数据库获取apk链接写入日志', [])
[2020-05-18 06:15:00,674][12736][log_file.py][line: 23][DEBUG] ## ('从数据库获取apk链接写入日志', [])
[2020-05-18 06:20:00,673][8172][log_file.py][line: 23][DEBUG] ## ('从数据库获取apk链接写入日志', [])
[2020-05-18 06:25:00,746][6728][log_file.py][line: 23][DEBUG] ## ('从数据库获取apk链接写入日志', [])
[2020-05-18 06:30:00,694][3324][log_file.py][line: 23][DEBUG] ## ('从数据库获取apk链接写入日志', [])
[2020-05-18 06:35:00,674][6792][log_file.py][line: 23][DEBUG] ## ('从数据库获取apk链接写入日志', [])
[2020-05-18 06:40:00,682][416][log_file.py][line: 23][DEBUG] ## ('从数据库获取apk链接写入日志', [])
[2020-05-18 06:45:00,679][2472][log_file.py][line: 23][DEBUG] ## ('从数据库获取apk链接写入日志', [])
[2020-05-18 06:50:00,700][6064][log_file.py][line: 23][DEBUG] ## ('从数据库获取apk链接写入日志', [])
[2020-05-18 06:55:00,700][12616][log_file.py][line: 23][DEBUG] ## ('从数据库获取apk链接写入日志', [])
[2020-05-18 07:00:00,674][8492][log_file.py][line: 23][DEBUG] ## ('从数据库获取apk链接写入日志', [])
[2020-05-18 07:05:00,646][13068][log_file.py][line: 23][DEBUG] ## ('从数据库获取apk链接写入日志', [])
[2020-05-18 07:10:00,680][9200][log_file.py][line: 23][DEBUG] ## ('从数据库获取apk链接写入日志', [])
[2020-05-18 07:15:00,680][11452][log_file.py][line: 23][DEBUG] ## ('从数据库获取apk链接写入日志', [])
[2020-05-18 07:20:00,675][3752][log_file.py][line: 23][DEBUG] ## ('从数据库获取apk链接写入日志', [])
[2020-05-18 07:25:00,710][13108][log_file.py][line: 23][DEBUG] ## ('从数据库获取apk链接写入日志', [])
[2020-05-18 07:30:00,692][10804][log_file.py][line: 23][DEBUG] ## ('从数据库获取apk链接写入日志', [])
[2020-05-18 07:35:00,655][13280][log_file.py][line: 23][DEBUG] ## ('从数据库获取apk链接写入日志', [])
[2020-05-18 07:40:00,684][13212][log_file.py][line: 23][DEBUG] ## ('从数据库获取apk链接写入日志', [])
[2020-05-18 07:45:00,690][11444][log_file.py][line: 23][DEBUG] ## ('从数据库获取apk链接写入日志', [])
[2020-05-18 07:50:00,716][3976][log_file.py][line: 23][DEBUG] ## ('从数据库获取apk链接写入日志', [])
[2020-05-18 07:55:00,681][9136][log_file.py][line: 23][DEBUG] ## ('从数据库获取apk链接写入日志', [])
[2020-05-18 08:00:00,665][7448][log_file.py][line: 23][DEBUG] ## ('从数据库获取apk链接写入日志', [])
[2020-05-18 08:05:00,710][12144][log_file.py][line: 23][DEBUG] ## ('从数据库获取apk链接写入日志', [])
[2020-05-18 08:10:00,677][11024][log_file.py][line: 23][DEBUG] ## ('从数据库获取apk链接写入日志', [])
[2020-05-18 08:15:00,715][596][log_file.py][line: 23][DEBUG] ## ('从数据库获取apk链接写入日志', [])
[2020-05-18 08:20:00,697][8500][log_file.py][line: 23][DEBUG] ## ('从数据库获取apk链接写入日志', [])
[2020-05-18 08:25:00,656][12912][log_file.py][line: 23][DEBUG] ## ('从数据库获取apk链接写入日志', [])
[2020-05-18 08:30:00,709][568][log_file.py][line: 23][DEBUG] ## ('从数据库获取apk链接写入日志', [])
[2020-05-18 08:35:00,665][11572][log_file.py][line: 23][DEBUG] ## ('从数据库获取apk链接写入日志', [])
[2020-05-18 08:40:00,693][5552][log_file.py][line: 23][DEBUG] ## ('从数据库获取apk链接写入日志', [])
[2020-05-18 08:45:00,672][8456][log_file.py][line: 23][DEBUG] ## ('从数据库获取apk链接写入日志', [])
[2020-05-18 08:50:00,718][6244][log_file.py][line: 23][DEBUG] ## ('从数据库获取apk链接写入日志', [])
[2020-05-18 08:55:00,672][10876][log_file.py][line: 23][DEBUG] ## ('从数据库获取apk链接写入日志', [])
[2020-05-18 09:00:00,768][11508][log_file.py][line: 23][DEBUG] ## ('从数据库获取apk链接写入日志', [])
[2020-05-18 09:05:00,660][11496][log_file.py][line: 23][DEBUG] ## ('从数据库获取apk链接写入日志', [])
[2020-05-18 09:10:00,667][13216][log_file.py][line: 23][DEBUG] ## ('从数据库获取apk链接写入日志', [])
[2020-05-18 09:15:00,715][4192][log_file.py][line: 23][DEBUG] ## ('从数据库获取apk链接写入日志', [])
[2020-05-18 09:20:00,693][10668][log_file.py][line: 23][DEBUG] ## ('从数据库获取apk链接写入日志', [])
[2020-05-18 09:25:00,713][5464][log_file.py][line: 23][DEBUG] ## ('从数据库获取apk链接写入日志', [])
[2020-05-18 09:30:00,685][6304][log_file.py][line: 23][DEBUG] ## ('从数据库获取apk链接写入日志', [])
[2020-05-18 09:35:00,664][2456][log_file.py][line: 23][DEBUG] ## ('从数据库获取apk链接写入日志', [])
[2020-05-18 09:40:00,652][12820][log_file.py][line: 23][DEBUG] ## ('从数据库获取apk链接写入日志', [])
[2020-05-18 09:45:00,692][11996][log_file.py][line: 23][DEBUG] ## ('从数据库获取apk链接写入日志', [])
[2020-05-18 09:50:00,741][2568][log_file.py][line: 23][DEBUG] ## ('从数据库获取apk链接写入日志', ['http://pkg.superdalan.com/game.pkg/download?pkgId=2715&f=chwymxdzjtt_dalan_xy_dsdk_74_1.0.0_20200515_163704.apk'])
[2020-05-18 09:51:05,666][3376][log_file.py][line: 23][DEBUG] ## ('-----------54a4c6159804___20200515_163704.apk----节点1-----------下载校验结果：True',)
[2020-05-18 09:51:39,122][3376][log_file.py][line: 23][DEBUG] ## ('---------54a4c6159804___20200515_163704.apk-------节点2------安装返回结果：True',)
[2020-05-18 09:51:44,885][3376][log_file.py][line: 23][DEBUG] ## ("------------54a4c6159804___20200515_163704.apk----节点3---------拆包校验结果：True:['ec5f327503c58eb9a4ad02f34d65b373.jpg', '478ac16f060c2fdd87244bc39167dcf5.jpg']",)
[2020-05-18 09:53:08,872][3376][log_file.py][line: 23][DEBUG] ## ('-----------54a4c6159804___20200515_163704.apk----节点4----------打开游戏结果:True',)
[2020-05-18 09:54:07,451][3376][log_file.py][line: 23][DEBUG] ## ('-----------54a4c6159804___20200515_163704.apk----节点5----------登录游戏结果:True',)
[2020-05-18 09:54:47,265][3376][log_file.py][line: 23][DEBUG] ## ('------54a4c6159804___20200515_163704.apk---节点6-------下单调起微信结果:True',)
[2020-05-18 09:55:00,694][10880][log_file.py][line: 23][DEBUG] ## ('从数据库获取apk链接写入日志', [])
[2020-05-18 10:00:00,734][9764][log_file.py][line: 23][DEBUG] ## ('从数据库获取apk链接写入日志', [])
[2020-05-18 10:05:00,714][7612][log_file.py][line: 23][DEBUG] ## ('从数据库获取apk链接写入日志', [])
[2020-05-18 10:10:00,764][12596][log_file.py][line: 23][DEBUG] ## ('从数据库获取apk链接写入日志', [])
[2020-05-18 10:15:00,689][13180][log_file.py][line: 23][DEBUG] ## ('从数据库获取apk链接写入日志', [])
[2020-05-18 10:20:00,671][13080][log_file.py][line: 23][DEBUG] ## ('从数据库获取apk链接写入日志', [])
[2020-05-18 10:25:00,703][12304][log_file.py][line: 23][DEBUG] ## ('从数据库获取apk链接写入日志', [])
[2020-05-18 10:30:00,786][9568][log_file.py][line: 23][DEBUG] ## ('从数据库获取apk链接写入日志', [])
[2020-05-18 10:35:00,721][13304][log_file.py][line: 23][DEBUG] ## ('从数据库获取apk链接写入日志', [])
[2020-05-18 10:40:00,896][12864][log_file.py][line: 23][DEBUG] ## ('从数据库获取apk链接写入日志', [])
[2020-05-18 10:45:00,686][3324][log_file.py][line: 23][DEBUG] ## ('从数据库获取apk链接写入日志', [])
[2020-05-18 10:50:00,730][13036][log_file.py][line: 23][DEBUG] ## ('从数据库获取apk链接写入日志', [])
[2020-05-18 10:55:00,704][5480][log_file.py][line: 23][DEBUG] ## ('从数据库获取apk链接写入日志', [])
[2020-05-18 11:00:00,705][5916][log_file.py][line: 23][DEBUG] ## ('从数据库获取apk链接写入日志', [])
[2020-05-18 11:05:00,684][1736][log_file.py][line: 23][DEBUG] ## ('从数据库获取apk链接写入日志', [])
[2020-05-18 11:10:00,766][12444][log_file.py][line: 23][DEBUG] ## ('从数据库获取apk链接写入日志', [])
[2020-05-18 11:15:00,734][10660][log_file.py][line: 23][DEBUG] ## ('从数据库获取apk链接写入日志', [])
[2020-05-18 11:20:00,695][10816][log_file.py][line: 23][DEBUG] ## ('从数据库获取apk链接写入日志', [])
[2020-05-18 11:25:00,742][10560][log_file.py][line: 23][DEBUG] ## ('从数据库获取apk链接写入日志', [])
[2020-05-18 11:30:00,738][3044][log_file.py][line: 23][DEBUG] ## ('从数据库获取apk链接写入日志', [])
[2020-05-18 11:35:00,759][4748][log_file.py][line: 23][DEBUG] ## ('从数据库获取apk链接写入日志', [])
[2020-05-18 11:40:00,739][3272][log_file.py][line: 23][DEBUG] ## ('从数据库获取apk链接写入日志', [])
[2020-05-18 11:45:00,785][3324][log_file.py][line: 23][DEBUG] ## ('从数据库获取apk链接写入日志', [])
[2020-05-18 11:50:00,691][10316][log_file.py][line: 23][DEBUG] ## ('从数据库获取apk链接写入日志', [])
[2020-05-18 11:55:00,723][5480][log_file.py][line: 23][DEBUG] ## ('从数据库获取apk链接写入日志', [])
[2020-05-18 12:00:00,678][10560][log_file.py][line: 23][DEBUG] ## ('从数据库获取apk链接写入日志', [])
[2020-05-18 12:05:00,708][5552][log_file.py][line: 23][DEBUG] ## ('从数据库获取apk链接写入日志', [])
[2020-05-18 12:10:00,833][7772][log_file.py][line: 23][DEBUG] ## ('从数据库获取apk链接写入日志', [])
[2020-05-18 12:15:00,747][560][log_file.py][line: 23][DEBUG] ## ('从数据库获取apk链接写入日志', [])
[2020-05-18 12:20:00,741][596][log_file.py][line: 23][DEBUG] ## ('从数据库获取apk链接写入日志', [])
[2020-05-18 12:25:00,763][876][log_file.py][line: 23][DEBUG] ## ('从数据库获取apk链接写入日志', [])
[2020-05-18 12:30:00,696][4780][log_file.py][line: 23][DEBUG] ## ('从数据库获取apk链接写入日志', [])
[2020-05-18 12:35:00,695][6156][log_file.py][line: 23][DEBUG] ## ('从数据库获取apk链接写入日志', [])
[2020-05-18 12:40:00,735][4684][log_file.py][line: 23][DEBUG] ## ('从数据库获取apk链接写入日志', [])
[2020-05-18 12:45:00,736][10936][log_file.py][line: 23][DEBUG] ## ('从数据库获取apk链接写入日志', [])
[2020-05-18 12:50:00,715][4536][log_file.py][line: 23][DEBUG] ## ('从数据库获取apk链接写入日志', [])
[2020-05-18 12:55:00,712][4440][log_file.py][line: 23][DEBUG] ## ('从数据库获取apk链接写入日志', [])
[2020-05-18 13:00:00,811][12216][log_file.py][line: 23][DEBUG] ## ('从数据库获取apk链接写入日志', [])
[2020-05-18 13:05:00,693][4104][log_file.py][line: 23][DEBUG] ## ('从数据库获取apk链接写入日志', [])
[2020-05-18 13:10:00,687][10976][log_file.py][line: 23][DEBUG] ## ('从数据库获取apk链接写入日志', [])
[2020-05-18 13:15:00,680][8468][log_file.py][line: 23][DEBUG] ## ('从数据库获取apk链接写入日志', [])
[2020-05-18 13:20:00,690][5848][log_file.py][line: 23][DEBUG] ## ('从数据库获取apk链接写入日志', [])
[2020-05-18 13:25:00,699][11384][log_file.py][line: 23][DEBUG] ## ('从数据库获取apk链接写入日志', [])
[2020-05-18 13:30:00,789][4852][log_file.py][line: 23][DEBUG] ## ('从数据库获取apk链接写入日志', [])
[2020-05-18 13:35:00,696][12060][log_file.py][line: 23][DEBUG] ## ('从数据库获取apk链接写入日志', [])
[2020-05-18 13:40:00,694][4784][log_file.py][line: 23][DEBUG] ## ('从数据库获取apk链接写入日志', [])
[2020-05-18 13:45:00,705][8480][log_file.py][line: 23][DEBUG] ## ('从数据库获取apk链接写入日志', [])
[2020-05-18 13:50:00,666][11304][log_file.py][line: 23][DEBUG] ## ('从数据库获取apk链接写入日志', [])
[2020-05-18 13:55:00,694][12792][log_file.py][line: 23][DEBUG] ## ('从数据库获取apk链接写入日志', [])
[2020-05-18 14:00:00,685][6256][log_file.py][line: 23][DEBUG] ## ('从数据库获取apk链接写入日志', [])
[2020-05-18 14:05:00,756][11224][log_file.py][line: 23][DEBUG] ## ('从数据库获取apk链接写入日志', [])
[2020-05-18 14:10:00,895][3412][log_file.py][line: 23][DEBUG] ## ('从数据库获取apk链接写入日志', [])
[2020-05-18 14:15:11,658][11024][log_file.py][line: 23][DEBUG] ## ('从数据库获取apk链接写入日志', [])
[2020-05-18 14:20:00,742][12304][log_file.py][line: 23][DEBUG] ## ('从数据库获取apk链接写入日志', [])
[2020-05-18 14:25:00,713][5040][log_file.py][line: 23][DEBUG] ## ('从数据库获取apk链接写入日志', [])
[2020-05-18 14:30:00,778][1256][log_file.py][line: 23][DEBUG] ## ('从数据库获取apk链接写入日志', [])
[2020-05-18 14:35:00,739][3376][log_file.py][line: 23][DEBUG] ## ('从数据库获取apk链接写入日志', [])
[2020-05-18 14:40:00,750][12224][log_file.py][line: 23][DEBUG] ## ('从数据库获取apk链接写入日志', [])
[2020-05-18 14:45:00,715][6804][log_file.py][line: 23][DEBUG] ## ('从数据库获取apk链接写入日志', [])
[2020-05-18 14:50:00,700][13036][log_file.py][line: 23][DEBUG] ## ('从数据库获取apk链接写入日志', [])
[2020-05-18 14:55:00,746][4248][log_file.py][line: 23][DEBUG] ## ('从数据库获取apk链接写入日志', [])
[2020-05-18 15:00:00,723][12768][log_file.py][line: 23][DEBUG] ## ('从数据库获取apk链接写入日志', [])
[2020-05-18 15:05:00,999][4160][log_file.py][line: 23][DEBUG] ## ('从数据库获取apk链接写入日志', [])
[2020-05-18 15:10:00,753][12656][log_file.py][line: 23][DEBUG] ## ('从数据库获取apk链接写入日志', [])
[2020-05-18 15:15:00,748][5312][log_file.py][line: 23][DEBUG] ## ('从数据库获取apk链接写入日志', [])
[2020-05-18 15:20:00,689][10488][log_file.py][line: 23][DEBUG] ## ('从数据库获取apk链接写入日志', [])
[2020-05-18 15:25:00,723][9992][log_file.py][line: 23][DEBUG] ## ('从数据库获取apk链接写入日志', [])
[2020-05-18 15:30:00,698][1328][log_file.py][line: 23][DEBUG] ## ('从数据库获取apk链接写入日志', [])
[2020-05-18 15:35:00,745][4892][log_file.py][line: 23][DEBUG] ## ('从数据库获取apk链接写入日志', [])
[2020-05-18 15:40:02,378][10332][log_file.py][line: 23][DEBUG] ## ('从数据库获取apk链接写入日志', [])
[2020-05-18 15:45:00,742][11648][log_file.py][line: 23][DEBUG] ## ('从数据库获取apk链接写入日志', [])
[2020-05-18 15:50:00,817][6360][log_file.py][line: 23][DEBUG] ## ('从数据库获取apk链接写入日志', [])
[2020-05-18 15:55:00,851][8168][log_file.py][line: 23][DEBUG] ## ('从数据库获取apk链接写入日志', [])
[2020-05-18 16:00:02,802][7504][log_file.py][line: 23][DEBUG] ## ('从数据库获取apk链接写入日志', [])
[2020-05-18 16:05:00,737][11756][log_file.py][line: 23][DEBUG] ## ('从数据库获取apk链接写入日志', [])
[2020-05-18 16:10:00,751][2464][log_file.py][line: 23][DEBUG] ## ('从数据库获取apk链接写入日志', [])
[2020-05-18 16:15:00,816][11340][log_file.py][line: 23][DEBUG] ## ('从数据库获取apk链接写入日志', [])
[2020-05-18 16:20:00,731][6260][log_file.py][line: 23][DEBUG] ## ('从数据库获取apk链接写入日志', [])
[2020-05-18 16:25:01,017][12720][log_file.py][line: 23][DEBUG] ## ('从数据库获取apk链接写入日志', ['http://pkg.superdalan.com/game.pkg/download?pkgId=2784&f=jwjtzflbgdtwng_dalan_dsdk_48_1.0.0_20200518_162639.apk'])
[2020-05-18 16:25:27,501][8064][log_file.py][line: 23][DEBUG] ## ('-----------54a4c6159804___20200518_162639.apk----节点1-----------下载校验结果：True',)
[2020-05-18 16:26:09,722][8064][log_file.py][line: 23][DEBUG] ## ('---------54a4c6159804___20200518_162639.apk-------节点2------安装返回结果：True',)
[2020-05-18 16:26:23,984][8064][log_file.py][line: 23][DEBUG] ## ('------------54a4c6159804___20200518_162639.apk----节点3---------拆包校验结果：True:[]',)
[2020-05-18 16:28:25,363][8064][log_file.py][line: 23][DEBUG] ## ('-----------54a4c6159804___20200518_162639.apk----节点4----------打开游戏结果:False',)
[2020-05-18 16:30:02,340][8504][log_file.py][line: 23][DEBUG] ## ('从数据库获取apk链接写入日志', ['http://pkg.superdalan.com/game.pkg/download?pkgId=2784&f=jwjtzflbgdtwng_dalan_dsdk_48_1.0.0_20200518_162639.apk'])
[2020-05-18 16:31:51,625][12588][log_file.py][line: 23][DEBUG] ## ('-----------54a4c6159804___20200518_162639.apk----节点1-----------下载校验结果：True',)
[2020-05-18 16:32:28,356][12588][log_file.py][line: 23][DEBUG] ## ('---------54a4c6159804___20200518_162639.apk-------节点2------安装返回结果：True',)
[2020-05-18 16:32:32,539][12588][log_file.py][line: 23][DEBUG] ## ('------------54a4c6159804___20200518_162639.apk----节点3---------拆包校验结果：True:[]',)
[2020-05-18 16:34:31,887][12588][log_file.py][line: 23][DEBUG] ## ('-----------54a4c6159804___20200518_162639.apk----节点4----------打开游戏结果:False',)
[2020-05-18 16:35:00,641][13120][log_file.py][line: 23][DEBUG] ## ('从数据库获取apk链接写入日志', ['http://pkg.superdalan.com/game.pkg/download?pkgId=2784&f=jwjtzflbgdtwng_dalan_dsdk_48_1.0.0_20200518_162639.apk'])
[2020-05-18 16:35:19,295][8188][log_file.py][line: 23][DEBUG] ## ('-----------54a4c6159804___20200518_162639.apk----节点1-----------下载校验结果：True',)
[2020-05-18 16:35:54,846][8188][log_file.py][line: 23][DEBUG] ## ('---------54a4c6159804___20200518_162639.apk-------节点2------安装返回结果：True',)
[2020-05-18 16:35:59,419][8188][log_file.py][line: 23][DEBUG] ## ('------------54a4c6159804___20200518_162639.apk----节点3---------拆包校验结果：True:[]',)
[2020-05-18 16:37:57,493][8188][log_file.py][line: 23][DEBUG] ## ('-----------54a4c6159804___20200518_162639.apk----节点4----------打开游戏结果:False',)
[2020-05-18 16:40:00,742][11032][log_file.py][line: 23][DEBUG] ## ('从数据库获取apk链接写入日志', ['http://pkg.superdalan.com/game.pkg/download?pkgId=2784&f=jwjtzflbgdtwng_dalan_dsdk_48_1.0.0_20200518_162639.apk'])
[2020-05-18 16:40:19,866][8044][log_file.py][line: 23][DEBUG] ## ('-----------54a4c6159804___20200518_162639.apk----节点1-----------下载校验结果：True',)
[2020-05-18 16:40:56,603][8044][log_file.py][line: 23][DEBUG] ## ('---------54a4c6159804___20200518_162639.apk-------节点2------安装返回结果：True',)
[2020-05-18 16:41:00,245][8044][log_file.py][line: 23][DEBUG] ## ('------------54a4c6159804___20200518_162639.apk----节点3---------拆包校验结果：True:[]',)
[2020-05-18 16:42:57,965][8044][log_file.py][line: 23][DEBUG] ## ('-----------54a4c6159804___20200518_162639.apk----节点4----------打开游戏结果:False',)
[2020-05-18 16:45:00,717][12792][log_file.py][line: 23][DEBUG] ## ('从数据库获取apk链接写入日志', ['http://pkg.superdalan.com/game.pkg/download?pkgId=2784&f=jwjtzflbgdtwng_dalan_dsdk_48_1.0.0_20200518_162639.apk'])
[2020-05-18 16:50:00,694][12192][log_file.py][line: 23][DEBUG] ## ('从数据库获取apk链接写入日志', ['http://pkg.superdalan.com/game.pkg/download?pkgId=2784&f=jwjtzflbgdtwng_dalan_dsdk_48_1.0.0_20200518_162639.apk'])
[2020-05-18 16:50:33,919][11784][log_file.py][line: 23][DEBUG] ## ('-----------54a4c6159804___20200518_162639.apk----节点1-----------下载校验结果：True',)
[2020-05-18 16:51:12,907][11784][log_file.py][line: 23][DEBUG] ## ('---------54a4c6159804___20200518_162639.apk-------节点2------安装返回结果：True',)
[2020-05-18 16:51:16,282][11784][log_file.py][line: 23][DEBUG] ## ('------------54a4c6159804___20200518_162639.apk----节点3---------拆包校验结果：True:[]',)
[2020-05-18 16:53:16,343][11784][log_file.py][line: 23][DEBUG] ## ('-----------54a4c6159804___20200518_162639.apk----节点4----------打开游戏结果:False',)
[2020-05-18 16:55:00,698][436][log_file.py][line: 23][DEBUG] ## ('从数据库获取apk链接写入日志', ['http://pkg.superdalan.com/game.pkg/download?pkgId=2784&f=jwjtzflbgdtwng_dalan_dsdk_48_1.0.0_20200518_162639.apk'])
[2020-05-18 16:55:30,632][3884][log_file.py][line: 23][DEBUG] ## ('-----------54a4c6159804___20200518_162639.apk----节点1-----------下载校验结果：True',)
[2020-05-18 16:56:05,115][3884][log_file.py][line: 23][DEBUG] ## ('---------54a4c6159804___20200518_162639.apk-------节点2------安装返回结果：True',)
[2020-05-18 16:56:08,714][3884][log_file.py][line: 23][DEBUG] ## ('------------54a4c6159804___20200518_162639.apk----节点3---------拆包校验结果：True:[]',)
[2020-05-18 16:58:06,459][3884][log_file.py][line: 23][DEBUG] ## ('-----------54a4c6159804___20200518_162639.apk----节点4----------打开游戏结果:False',)
[2020-05-18 17:00:00,694][8108][log_file.py][line: 23][DEBUG] ## ('从数据库获取apk链接写入日志', ['http://pkg.superdalan.com/game.pkg/download?pkgId=2784&f=jwjtzflbgdtwng_dalan_dsdk_48_1.0.0_20200518_162639.apk'])
[2020-05-18 17:01:25,509][11108][log_file.py][line: 23][DEBUG] ## ('-----------54a4c6159804___20200518_162639.apk----节点1-----------下载校验结果：True',)
[2020-05-18 17:02:01,351][11108][log_file.py][line: 23][DEBUG] ## ('---------54a4c6159804___20200518_162639.apk-------节点2------安装返回结果：True',)
[2020-05-18 17:02:04,821][11108][log_file.py][line: 23][DEBUG] ## ('------------54a4c6159804___20200518_162639.apk----节点3---------拆包校验结果：True:[]',)
[2020-05-18 17:04:02,376][11108][log_file.py][line: 23][DEBUG] ## ('-----------54a4c6159804___20200518_162639.apk----节点4----------打开游戏结果:False',)
[2020-05-18 17:05:00,820][8184][log_file.py][line: 23][DEBUG] ## ('从数据库获取apk链接写入日志', ['http://pkg.superdalan.com/game.pkg/download?pkgId=2784&f=jwjtzflbgdtwng_dalan_dsdk_48_1.0.0_20200518_162639.apk'])
[2020-05-18 17:10:00,740][6368][log_file.py][line: 23][DEBUG] ## ('从数据库获取apk链接写入日志', ['http://pkg.superdalan.com/game.pkg/download?pkgId=2784&f=jwjtzflbgdtwng_dalan_dsdk_48_1.0.0_20200518_162639.apk'])
[2020-05-18 17:15:00,682][8104][log_file.py][line: 23][DEBUG] ## ('从数据库获取apk链接写入日志', ['http://pkg.superdalan.com/game.pkg/download?pkgId=2784&f=jwjtzflbgdtwng_dalan_dsdk_48_1.0.0_20200518_162639.apk'])
[2020-05-18 17:20:00,723][3300][log_file.py][line: 23][DEBUG] ## ('从数据库获取apk链接写入日志', ['http://pkg.superdalan.com/game.pkg/download?pkgId=2784&f=jwjtzflbgdtwng_dalan_dsdk_48_1.0.0_20200518_162639.apk'])
[2020-05-18 17:25:00,686][6740][log_file.py][line: 23][DEBUG] ## ('从数据库获取apk链接写入日志', ['http://pkg.superdalan.com/game.pkg/download?pkgId=2784&f=jwjtzflbgdtwng_dalan_dsdk_48_1.0.0_20200518_162639.apk'])
[2020-05-18 17:30:00,753][10908][log_file.py][line: 23][DEBUG] ## ('从数据库获取apk链接写入日志', ['http://pkg.superdalan.com/game.pkg/download?pkgId=2784&f=jwjtzflbgdtwng_dalan_dsdk_48_1.0.0_20200518_162639.apk'])
[2020-05-18 17:30:04,296][10620][log_file.py][line: 23][DEBUG] ## ('-----------54a4c6159804___20200518_162639.apk----节点1-----------下载校验结果：False',)
[2020-05-18 17:45:00,715][4172][log_file.py][line: 23][DEBUG] ## ('从数据库获取apk链接写入日志', ['http://pkg.superdalan.com/game.pkg/download?pkgId=2715&f=chwymxdzjtt_dalan_xy_dsdk_74_1.0.0_20200515_163704.apk', 'http://pkg.superdalan.com/game.pkg/download?pkgId=2784&f=jwjtzflbgdtwng_dalan_dsdknopay_48_1.0.0_20200518_172604.apk', 'http://pkg.superdalan.com/game.pkg/download?pkgId=2784&f=jwjtzflbgdtwng_dalan_dsdknopay_48_1.0.0_20200518_173516.apk'])
[2020-05-18 17:45:03,238][3016][log_file.py][line: 23][DEBUG] ## ('-----------R8AYIJWO99999999___20200518_172604.apk----节点1-----------下载校验结果：False',)
[2020-05-18 17:45:12,404][572][log_file.py][line: 23][DEBUG] ## ('-----------54a4c6159804___20200515_163704.apk----节点1-----------下载校验结果：True',)
[2020-05-18 17:45:43,149][572][log_file.py][line: 23][DEBUG] ## ('---------54a4c6159804___20200515_163704.apk-------节点2------安装返回结果：True',)
[2020-05-18 17:45:49,382][572][log_file.py][line: 23][DEBUG] ## ("------------54a4c6159804___20200515_163704.apk----节点3---------拆包校验结果：True:['ec5f327503c58eb9a4ad02f34d65b373.jpg', '478ac16f060c2fdd87244bc39167dcf5.jpg']",)
[2020-05-18 17:47:13,577][572][log_file.py][line: 23][DEBUG] ## ('-----------54a4c6159804___20200515_163704.apk----节点4----------打开游戏结果:True',)
[2020-05-18 17:48:11,005][572][log_file.py][line: 23][DEBUG] ## ('-----------54a4c6159804___20200515_163704.apk----节点5----------登录游戏结果:True',)
[2020-05-18 17:48:49,249][572][log_file.py][line: 23][DEBUG] ## ('------54a4c6159804___20200515_163704.apk---节点6-------下单调起微信结果:True',)
[2020-05-18 18:05:01,599][7516][log_file.py][line: 23][DEBUG] ## ('从数据库获取apk链接写入日志', ['http://pkg.superdalan.com/game.pkg/download?pkgId=2784&f=jwjtzflbgdtwng_dalan_dsdknopay_48_1.0.0_20200518_173516.apk'])
[2020-05-18 18:05:34,173][11452][log_file.py][line: 23][DEBUG] ## ('-----------54a4c6159804___20200518_173516.apk----节点1-----------下载校验结果：True',)
[2020-05-18 18:06:10,903][11452][log_file.py][line: 23][DEBUG] ## ('---------54a4c6159804___20200518_173516.apk-------节点2------安装返回结果：True',)
[2020-05-18 18:06:16,263][11452][log_file.py][line: 23][DEBUG] ## ('------------54a4c6159804___20200518_173516.apk----节点3---------拆包校验结果：True:[]',)
[2020-05-18 18:07:42,606][11452][log_file.py][line: 23][DEBUG] ## ('-----------54a4c6159804___20200518_173516.apk----节点4----------打开游戏结果:True',)
[2020-05-18 18:08:37,189][11452][log_file.py][line: 23][DEBUG] ## ('-----------54a4c6159804___20200518_173516.apk----节点5----------登录游戏结果:True',)
[2020-05-18 18:09:05,139][11452][log_file.py][line: 23][DEBUG] ## ('------54a4c6159804___20200518_173516.apk---节点6-------下单调起微信结果:False',)
[2020-05-18 18:10:02,107][8304][log_file.py][line: 23][DEBUG] ## ('从数据库获取apk链接写入日志', ['http://pkg.superdalan.com/game.pkg/download?pkgId=2784&f=jwjtzflbgdtwng_dalan_dsdknopay_48_1.0.0_20200518_173516.apk'])
[2020-05-18 18:10:26,497][5928][log_file.py][line: 23][DEBUG] ## ('-----------54a4c6159804___20200518_173516.apk----节点1-----------下载校验结果：True',)
[2020-05-18 18:11:06,477][5928][log_file.py][line: 23][DEBUG] ## ('---------54a4c6159804___20200518_173516.apk-------节点2------安装返回结果：True',)
[2020-05-18 18:11:16,223][5928][log_file.py][line: 23][DEBUG] ## ('------------54a4c6159804___20200518_173516.apk----节点3---------拆包校验结果：True:[]',)
[2020-05-18 18:12:38,838][5928][log_file.py][line: 23][DEBUG] ## ('-----------54a4c6159804___20200518_173516.apk----节点4----------打开游戏结果:True',)
[2020-05-18 18:13:31,343][5928][log_file.py][line: 23][DEBUG] ## ('-----------54a4c6159804___20200518_173516.apk----节点5----------登录游戏结果:True',)
[2020-05-18 18:13:59,003][5928][log_file.py][line: 23][DEBUG] ## ('------54a4c6159804___20200518_173516.apk---节点6-------下单调起微信结果:False',)
[2020-05-18 18:15:03,000][4992][log_file.py][line: 23][DEBUG] ## ('从数据库获取apk链接写入日志', [])
[2020-05-18 18:20:00,865][3324][log_file.py][line: 23][DEBUG] ## ('从数据库获取apk链接写入日志', [])
[2020-05-18 18:25:00,762][3412][log_file.py][line: 23][DEBUG] ## ('从数据库获取apk链接写入日志', [])
[2020-05-18 18:30:00,893][11628][log_file.py][line: 23][DEBUG] ## ('从数据库获取apk链接写入日志', [])
[2020-05-18 18:35:00,744][11672][log_file.py][line: 23][DEBUG] ## ('从数据库获取apk链接写入日志', [])
[2020-05-18 18:40:00,793][11380][log_file.py][line: 23][DEBUG] ## ('从数据库获取apk链接写入日志', [])
[2020-05-18 18:45:00,716][12712][log_file.py][line: 23][DEBUG] ## ('从数据库获取apk链接写入日志', [])
[2020-05-18 18:50:00,806][4992][log_file.py][line: 23][DEBUG] ## ('从数据库获取apk链接写入日志', [])
[2020-05-18 18:55:00,768][524][log_file.py][line: 23][DEBUG] ## ('从数据库获取apk链接写入日志', [])
[2020-05-18 19:00:00,807][6436][log_file.py][line: 23][DEBUG] ## ('从数据库获取apk链接写入日志', [])
[2020-05-18 19:05:00,786][11836][log_file.py][line: 23][DEBUG] ## ('从数据库获取apk链接写入日志', [])
[2020-05-18 19:10:00,900][3080][log_file.py][line: 23][DEBUG] ## ('从数据库获取apk链接写入日志', [])
[2020-05-18 19:15:00,757][10784][log_file.py][line: 23][DEBUG] ## ('从数据库获取apk链接写入日志', [])
[2020-05-18 19:20:02,436][11108][log_file.py][line: 23][DEBUG] ## ('从数据库获取apk链接写入日志', [])
[2020-05-18 19:25:02,641][596][log_file.py][line: 23][DEBUG] ## ('从数据库获取apk链接写入日志', [])
[2020-05-18 19:30:00,799][11676][log_file.py][line: 23][DEBUG] ## ('从数据库获取apk链接写入日志', [])
[2020-05-18 19:35:00,705][10856][log_file.py][line: 23][DEBUG] ## ('从数据库获取apk链接写入日志', [])
[2020-05-18 19:40:00,717][12336][log_file.py][line: 23][DEBUG] ## ('从数据库获取apk链接写入日志', [])
[2020-05-18 19:45:00,690][10468][log_file.py][line: 23][DEBUG] ## ('从数据库获取apk链接写入日志', [])
[2020-05-18 19:50:00,766][9168][log_file.py][line: 23][DEBUG] ## ('从数据库获取apk链接写入日志', [])
[2020-05-18 19:55:00,776][10508][log_file.py][line: 23][DEBUG] ## ('从数据库获取apk链接写入日志', [])
[2020-05-18 20:00:00,762][12724][log_file.py][line: 23][DEBUG] ## ('从数据库获取apk链接写入日志', [])
[2020-05-18 20:05:00,797][12224][log_file.py][line: 23][DEBUG] ## ('从数据库获取apk链接写入日志', [])
[2020-05-18 20:10:00,759][4984][log_file.py][line: 23][DEBUG] ## ('从数据库获取apk链接写入日志', [])
[2020-05-18 20:15:00,827][12504][log_file.py][line: 23][DEBUG] ## ('从数据库获取apk链接写入日志', ['http://pkg.superdalan.com/game.pkg/download?pkgId=2715&f=chwymxdzjtt_dalan_xy_dsdk_74_1.0.0_20200515_163704.apk', 'http://pkg.superdalan.com/game.pkg/download?pkgId=2784&f=jwjtzflbgdtwng_dalan_dsdk_48_1.0.0_20200518_162639.apk'])
[2020-05-18 20:20:00,738][5912][log_file.py][line: 23][DEBUG] ## ('从数据库获取apk链接写入日志', ['http://pkg.superdalan.com/game.pkg/download?pkgId=2715&f=chwymxdzjtt_dalan_xy_dsdk_74_1.0.0_20200515_163704.apk', 'http://pkg.superdalan.com/game.pkg/download?pkgId=2784&f=jwjtzflbgdtwng_dalan_dsdk_48_1.0.0_20200518_162639.apk'])
[2020-05-18 20:21:49,245][10308][log_file.py][line: 23][DEBUG] ## ('-----------54a4c6159804___20200515_163704.apk----节点1-----------下载校验结果：True',)
[2020-05-18 20:22:05,092][12328][log_file.py][line: 23][DEBUG] ## ('-----------R8AYIJWO99999999___20200518_162639.apk----节点1-----------下载校验结果：True',)
[2020-05-18 20:22:13,764][10308][log_file.py][line: 23][DEBUG] ## ('---------54a4c6159804___20200515_163704.apk-------节点2------安装返回结果：True',)
[2020-05-18 20:22:48,292][10308][log_file.py][line: 23][DEBUG] ## ("------------54a4c6159804___20200515_163704.apk----节点3---------拆包校验结果：True:['ec5f327503c58eb9a4ad02f34d65b373.jpg', '478ac16f060c2fdd87244bc39167dcf5.jpg']",)
[2020-05-18 20:23:15,506][12328][log_file.py][line: 23][DEBUG] ## ('---------R8AYIJWO99999999___20200518_162639.apk-------节点2------安装返回结果：True',)
[2020-05-18 20:23:38,780][12328][log_file.py][line: 23][DEBUG] ## ('------------R8AYIJWO99999999___20200518_162639.apk----节点3---------拆包校验结果：True:[]',)
[2020-05-18 20:24:18,590][10308][log_file.py][line: 23][DEBUG] ## ('-----------54a4c6159804___20200515_163704.apk----节点4----------打开游戏结果:True',)
[2020-05-18 20:25:29,439][10308][log_file.py][line: 23][DEBUG] ## ('-----------54a4c6159804___20200515_163704.apk----节点5----------登录游戏结果:True',)
[2020-05-18 20:25:40,098][12328][log_file.py][line: 23][DEBUG] ## ('-----------R8AYIJWO99999999___20200518_162639.apk----节点4----------打开游戏结果:False',)
[2020-05-18 20:26:09,040][10308][log_file.py][line: 23][DEBUG] ## ('------54a4c6159804___20200515_163704.apk---节点6-------下单调起微信结果:True',)
[2020-05-18 20:30:02,622][11428][log_file.py][line: 23][DEBUG] ## ('从数据库获取apk链接写入日志', ['http://pkg.superdalan.com/game.pkg/download?pkgId=1622&f=jscs_dalan_dsdk_10_1.0.0_20200518_202924.apk', 'http://pkg.superdalan.com/game.pkg/download?pkgId=2784&f=jwjtzflbgdtwng_dalan_dsdk_48_1.0.0_20200518_162639.apk'])
[2020-05-18 20:30:20,142][1856][log_file.py][line: 23][DEBUG] ## ('-----------54a4c6159804___20200518_202924.apk----节点1-----------下载校验结果：True',)
[2020-05-18 20:30:31,484][7272][log_file.py][line: 23][DEBUG] ## ('-----------R8AYIJWO99999999___20200518_162639.apk----节点1-----------下载校验结果：True',)
[2020-05-18 20:30:40,177][1856][log_file.py][line: 23][DEBUG] ## ('---------54a4c6159804___20200518_202924.apk-------节点2------安装返回结果：True',)
[2020-05-18 20:30:40,288][1856][log_file.py][line: 23][DEBUG] ## ('--------54a4c6159804___20200518_202924.apk---节点3--------后台没有配置素材无需校验',)
[2020-05-18 20:30:45,608][1856][log_file.py][line: 23][DEBUG] ## ('54a4c6159804___20200518_202924.apk此原名游戏尚未接入，敬请期待',)
[2020-05-18 20:31:30,059][7272][log_file.py][line: 23][DEBUG] ## ('---------R8AYIJWO99999999___20200518_162639.apk-------节点2------安装返回结果：True',)
[2020-05-18 20:31:34,482][7272][log_file.py][line: 23][DEBUG] ## ('------------R8AYIJWO99999999___20200518_162639.apk----节点3---------拆包校验结果：True:[]',)
[2020-05-18 20:33:31,253][7272][log_file.py][line: 23][DEBUG] ## ('-----------R8AYIJWO99999999___20200518_162639.apk----节点4----------打开游戏结果:False',)
[2020-05-18 20:35:00,878][9336][log_file.py][line: 23][DEBUG] ## ('从数据库获取apk链接写入日志', [])
[2020-05-18 20:40:00,751][5668][log_file.py][line: 23][DEBUG] ## ('从数据库获取apk链接写入日志', [])
[2020-05-18 20:45:00,761][10880][log_file.py][line: 23][DEBUG] ## ('从数据库获取apk链接写入日志', [])
[2020-05-18 20:50:00,775][10532][log_file.py][line: 23][DEBUG] ## ('从数据库获取apk链接写入日志', [])
[2020-05-18 20:55:00,756][4844][log_file.py][line: 23][DEBUG] ## ('从数据库获取apk链接写入日志', [])
[2020-05-18 21:00:00,993][7192][log_file.py][line: 23][DEBUG] ## ('从数据库获取apk链接写入日志', [])
[2020-05-18 21:05:00,717][8996][log_file.py][line: 23][DEBUG] ## ('从数据库获取apk链接写入日志', [])
[2020-05-18 21:10:00,717][12504][log_file.py][line: 23][DEBUG] ## ('从数据库获取apk链接写入日志', [])
[2020-05-18 21:15:00,718][6704][log_file.py][line: 23][DEBUG] ## ('从数据库获取apk链接写入日志', [])
[2020-05-18 21:20:00,738][10640][log_file.py][line: 23][DEBUG] ## ('从数据库获取apk链接写入日志', ['http://pkg.superdalan.com/game.pkg/download?pkgId=2784&f=jwjtzflbgdtwng_dalan_dsdknopay_48_1.0.0_20200518_211852.apk'])
[2020-05-18 21:21:51,021][6236][log_file.py][line: 23][DEBUG] ## ('-----------54a4c6159804___20200518_211852.apk----节点1-----------下载校验结果：True',)
[2020-05-18 21:22:31,795][6236][log_file.py][line: 23][DEBUG] ## ('---------54a4c6159804___20200518_211852.apk-------节点2------安装返回结果：True',)
[2020-05-18 21:22:48,685][6236][log_file.py][line: 23][DEBUG] ## ('------------54a4c6159804___20200518_211852.apk----节点3---------拆包校验结果：True:[]',)
[2020-05-18 21:24:02,037][6236][log_file.py][line: 23][DEBUG] ## ('-----------54a4c6159804___20200518_211852.apk----节点4----------打开游戏结果:True',)
[2020-05-18 21:24:53,174][6236][log_file.py][line: 23][DEBUG] ## ('-----------54a4c6159804___20200518_211852.apk----节点5----------登录游戏结果:True',)
[2020-05-18 21:25:21,035][6236][log_file.py][line: 23][DEBUG] ## ('------54a4c6159804___20200518_211852.apk---节点6-------下单调起微信结果:False',)
[2020-05-18 21:30:03,534][12568][log_file.py][line: 23][DEBUG] ## ('从数据库获取apk链接写入日志', ['http://pkg.superdalan.com/game.pkg/download?pkgId=2784&f=jwjtzflbgdtwng_dalan_dsdknopay_48_1.0.0_20200518_211852.apk'])
[2020-05-18 21:31:53,499][7772][log_file.py][line: 23][DEBUG] ## ('-----------54a4c6159804___20200518_211852.apk----节点1-----------下载校验结果：True',)
[2020-05-18 21:32:27,664][7772][log_file.py][line: 23][DEBUG] ## ('---------54a4c6159804___20200518_211852.apk-------节点2------安装返回结果：True',)
[2020-05-18 21:32:32,027][7772][log_file.py][line: 23][DEBUG] ## ('------------54a4c6159804___20200518_211852.apk----节点3---------拆包校验结果：True:[]',)
[2020-05-18 21:33:39,590][7772][log_file.py][line: 23][DEBUG] ## ('-----------54a4c6159804___20200518_211852.apk----节点4----------打开游戏结果:True',)
[2020-05-18 21:34:25,697][7772][log_file.py][line: 23][DEBUG] ## ('-----------54a4c6159804___20200518_211852.apk----节点5----------登录游戏结果:True',)
[2020-05-18 21:34:58,783][7772][log_file.py][line: 23][DEBUG] ## ('------54a4c6159804___20200518_211852.apk---节点6-------下单调起微信结果:False',)
[2020-05-18 21:40:02,186][3020][log_file.py][line: 23][DEBUG] ## ('从数据库获取apk链接写入日志', [])
[2020-05-18 21:45:00,728][12824][log_file.py][line: 23][DEBUG] ## ('从数据库获取apk链接写入日志', [])
[2020-05-18 21:50:00,707][4824][log_file.py][line: 23][DEBUG] ## ('从数据库获取apk链接写入日志', [])
[2020-05-18 21:55:00,706][4372][log_file.py][line: 23][DEBUG] ## ('从数据库获取apk链接写入日志', [])
[2020-05-18 22:00:00,691][11428][log_file.py][line: 23][DEBUG] ## ('从数据库获取apk链接写入日志', [])
[2020-05-18 22:05:00,729][11972][log_file.py][line: 23][DEBUG] ## ('从数据库获取apk链接写入日志', [])
[2020-05-18 22:10:00,734][2040][log_file.py][line: 23][DEBUG] ## ('从数据库获取apk链接写入日志', [])
[2020-05-18 22:15:00,808][4192][log_file.py][line: 23][DEBUG] ## ('从数据库获取apk链接写入日志', [])
[2020-05-18 22:20:01,090][8104][log_file.py][line: 23][DEBUG] ## ('从数据库获取apk链接写入日志', ['http://pkg.superdalan.com/game.pkg/download?pkgId=2784&f=jwjtzflbgdtwng_dalan_dsdknopay_48_1.0.0_20200518_222050.apk'])
[2020-05-18 22:21:53,346][11908][log_file.py][line: 23][DEBUG] ## ('-----------54a4c6159804___20200518_222050.apk----节点1-----------下载校验结果：True',)
[2020-05-18 22:22:25,985][11908][log_file.py][line: 23][DEBUG] ## ('---------54a4c6159804___20200518_222050.apk-------节点2------安装返回结果：True',)
[2020-05-18 22:22:34,610][11908][log_file.py][line: 23][DEBUG] ## ('------------54a4c6159804___20200518_222050.apk----节点3---------拆包校验结果：True:[]',)
[2020-05-18 22:23:45,816][11908][log_file.py][line: 23][DEBUG] ## ('-----------54a4c6159804___20200518_222050.apk----节点4----------打开游戏结果:True',)
[2020-05-18 22:24:35,352][11908][log_file.py][line: 23][DEBUG] ## ('-----------54a4c6159804___20200518_222050.apk----节点5----------登录游戏结果:True',)
[2020-05-18 22:25:09,167][11908][log_file.py][line: 23][DEBUG] ## ('------54a4c6159804___20200518_222050.apk---节点6-------下单调起微信结果:False',)
[2020-05-18 22:30:02,243][12788][log_file.py][line: 23][DEBUG] ## ('从数据库获取apk链接写入日志', ['http://pkg.superdalan.com/game.pkg/download?pkgId=2784&f=jwjtzflbgdtwng_dalan_dsdknopay_48_1.0.0_20200518_222050.apk'])
[2020-05-18 22:31:51,125][13128][log_file.py][line: 23][DEBUG] ## ('-----------54a4c6159804___20200518_222050.apk----节点1-----------下载校验结果：True',)
[2020-05-18 22:32:25,901][13128][log_file.py][line: 23][DEBUG] ## ('---------54a4c6159804___20200518_222050.apk-------节点2------安装返回结果：True',)
[2020-05-18 22:32:30,112][13128][log_file.py][line: 23][DEBUG] ## ('------------54a4c6159804___20200518_222050.apk----节点3---------拆包校验结果：True:[]',)
[2020-05-18 22:33:39,281][13128][log_file.py][line: 23][DEBUG] ## ('-----------54a4c6159804___20200518_222050.apk----节点4----------打开游戏结果:True',)
[2020-05-18 22:34:29,230][13128][log_file.py][line: 23][DEBUG] ## ('-----------54a4c6159804___20200518_222050.apk----节点5----------登录游戏结果:True',)
[2020-05-18 22:34:56,559][13128][log_file.py][line: 23][DEBUG] ## ('------54a4c6159804___20200518_222050.apk---节点6-------下单调起微信结果:False',)
[2020-05-18 22:40:02,149][7964][log_file.py][line: 23][DEBUG] ## ('从数据库获取apk链接写入日志', [])
[2020-05-18 22:45:00,712][13040][log_file.py][line: 23][DEBUG] ## ('从数据库获取apk链接写入日志', [])
[2020-05-18 22:50:00,713][13028][log_file.py][line: 23][DEBUG] ## ('从数据库获取apk链接写入日志', [])
[2020-05-18 22:55:00,763][884][log_file.py][line: 23][DEBUG] ## ('从数据库获取apk链接写入日志', [])
[2020-05-18 23:00:00,752][11268][log_file.py][line: 23][DEBUG] ## ('从数据库获取apk链接写入日志', [])
[2020-05-18 23:05:00,789][7128][log_file.py][line: 23][DEBUG] ## ('从数据库获取apk链接写入日志', [])
[2020-05-18 23:10:00,704][8696][log_file.py][line: 23][DEBUG] ## ('从数据库获取apk链接写入日志', [])
[2020-05-18 23:15:00,709][6188][log_file.py][line: 23][DEBUG] ## ('从数据库获取apk链接写入日志', [])
[2020-05-18 23:20:00,854][1164][log_file.py][line: 23][DEBUG] ## ('从数据库获取apk链接写入日志', [])
[2020-05-18 23:25:00,737][11972][log_file.py][line: 23][DEBUG] ## ('从数据库获取apk链接写入日志', [])
[2020-05-18 23:30:00,710][11680][log_file.py][line: 23][DEBUG] ## ('从数据库获取apk链接写入日志', [])
[2020-05-18 23:35:00,722][11988][log_file.py][line: 23][DEBUG] ## ('从数据库获取apk链接写入日志', [])
[2020-05-18 23:40:00,721][2460][log_file.py][line: 23][DEBUG] ## ('从数据库获取apk链接写入日志', [])
[2020-05-18 23:45:00,731][11356][log_file.py][line: 23][DEBUG] ## ('从数据库获取apk链接写入日志', [])
[2020-05-18 23:50:00,762][3324][log_file.py][line: 23][DEBUG] ## ('从数据库获取apk链接写入日志', [])
[2020-05-18 23:55:00,719][9156][log_file.py][line: 23][DEBUG] ## ('从数据库获取apk链接写入日志', [])
