[2020-05-27 18:20:01,340][14648][log_file.py][line: 23][DEBUG] ## ('从数据库获取apk链接写入日志', [])
[2020-05-27 18:25:00,788][10680][log_file.py][line: 23][DEBUG] ## ('从数据库获取apk链接写入日志', [])
[2020-05-27 18:30:00,820][15624][log_file.py][line: 23][DEBUG] ## ('从数据库获取apk链接写入日志', [])
[2020-05-27 18:35:00,757][16224][log_file.py][line: 23][DEBUG] ## ('从数据库获取apk链接写入日志', ['http://pkg.superdalan.com/game.pkg/download?pkgId=2726&f=mxybtjhapizs26_junhai_android_74_1.0.0_20200527_183640.apk'])
[2020-05-27 18:35:27,551][5964][log_file.py][line: 23][DEBUG] ## ('-----------54a4c6159804___20200527_183640.apk----节点1-----------下载校验结果：True',)
[2020-05-27 18:35:52,651][5964][log_file.py][line: 23][DEBUG] ## ('---------54a4c6159804___20200527_183640.apk-------节点2------安装返回结果：True',)
[2020-05-27 18:35:52,835][5964][log_file.py][line: 23][DEBUG] ## ('--------54a4c6159804___20200527_183640.apk---节点3--------后台没有配置素材无需校验',)
[2020-05-27 18:36:00,339][5964][log_file.py][line: 23][DEBUG] ## ('54a4c6159804___20200527_183640.apk_非Dalan_Dsdk渠道包，不走自动化流程',)
[2020-05-27 18:40:00,866][16144][log_file.py][line: 23][DEBUG] ## ('从数据库获取apk链接写入日志', ['http://pkg.superdalan.com/game.pkg/download?pkgId=2790&f=mxybtgz_junhai_android_74_1.0.0_20200527_184105.apk'])
[2020-05-27 18:40:56,896][16320][log_file.py][line: 23][DEBUG] ## ('-----------54a4c6159804___20200527_184105.apk----节点1-----------下载校验结果：True',)
[2020-05-27 18:41:20,118][16320][log_file.py][line: 23][DEBUG] ## ('---------54a4c6159804___20200527_184105.apk-------节点2------安装返回结果：True',)
[2020-05-27 18:41:20,302][16320][log_file.py][line: 23][DEBUG] ## ('--------54a4c6159804___20200527_184105.apk---节点3--------后台没有配置素材无需校验',)
[2020-05-27 18:41:25,505][16320][log_file.py][line: 23][DEBUG] ## ('54a4c6159804___20200527_184105.apk_非Dalan_Dsdk渠道包，不走自动化流程',)
[2020-05-27 18:45:00,823][5608][log_file.py][line: 23][DEBUG] ## ('从数据库获取apk链接写入日志', [])
[2020-05-27 18:50:01,310][13316][log_file.py][line: 23][DEBUG] ## ('从数据库获取apk链接写入日志', [])
[2020-05-27 18:55:01,205][15044][log_file.py][line: 23][DEBUG] ## ('从数据库获取apk链接写入日志', ['http://pkg.superdalan.com/game.pkg/download?pkgId=2558&f=hycs_dalan_dsdk_61_1.0.0_20200527_185521.apk'])
[2020-05-27 18:55:09,392][10952][log_file.py][line: 23][DEBUG] ## ('-----------54a4c6159804___20200527_185521.apk----节点1-----------下载校验结果：True',)
[2020-05-27 18:55:23,957][10952][log_file.py][line: 23][DEBUG] ## ('---------54a4c6159804___20200527_185521.apk-------节点2------安装返回结果：True',)
[2020-05-27 18:55:27,641][10952][log_file.py][line: 23][DEBUG] ## ('------------54a4c6159804___20200527_185521.apk----节点3---------拆包校验结果：True:[]',)
[2020-05-27 18:55:31,275][10952][log_file.py][line: 23][DEBUG] ## ('54a4c6159804___20200527_185521.apk此原名游戏尚未接入，敬请期待',)
[2020-05-27 19:00:01,545][13068][log_file.py][line: 23][DEBUG] ## ('从数据库获取apk链接写入日志', [])
[2020-05-27 19:05:00,721][15468][log_file.py][line: 23][DEBUG] ## ('从数据库获取apk链接写入日志', [])
[2020-05-27 19:10:02,179][16680][log_file.py][line: 23][DEBUG] ## ('从数据库获取apk链接写入日志', [])
[2020-05-27 19:15:00,987][16228][log_file.py][line: 23][DEBUG] ## ('从数据库获取apk链接写入日志', [])
[2020-05-27 19:20:04,600][16572][log_file.py][line: 23][DEBUG] ## ('从数据库获取apk链接写入日志', [])
[2020-05-27 19:25:02,270][9012][log_file.py][line: 23][DEBUG] ## ('从数据库获取apk链接写入日志', [])
[2020-05-27 19:30:00,740][16608][log_file.py][line: 23][DEBUG] ## ('从数据库获取apk链接写入日志', [])
[2020-05-27 19:35:00,773][14824][log_file.py][line: 23][DEBUG] ## ('从数据库获取apk链接写入日志', [])
[2020-05-27 19:40:00,758][16388][log_file.py][line: 23][DEBUG] ## ('从数据库获取apk链接写入日志', [])
[2020-05-27 19:45:00,776][16788][log_file.py][line: 23][DEBUG] ## ('从数据库获取apk链接写入日志', [])
[2020-05-27 19:50:00,792][524][log_file.py][line: 23][DEBUG] ## ('从数据库获取apk链接写入日志', [])
[2020-05-27 19:55:00,765][15468][log_file.py][line: 23][DEBUG] ## ('从数据库获取apk链接写入日志', ['http://pkg.superdalan.com/game.pkg/download?pkgId=2286&f=jwjtgw_dalan_dsdk_48_1.0.0_20200527_195245.apk', 'http://pkg.superdalan.com/game.pkg/download?pkgId=2823&f=test2_dalan_xy_dsdk_61_1.0.0_20200527_195358.apk'])
[2020-05-27 19:55:18,784][17028][log_file.py][line: 23][DEBUG] ## ('-----------R8AYIJWO99999999___20200527_195358.apk----节点1-----------下载校验结果：True',)
[2020-05-27 19:55:38,894][17028][log_file.py][line: 23][DEBUG] ## ('---------R8AYIJWO99999999___20200527_195358.apk-------节点2------安装返回结果：True',)
[2020-05-27 20:05:38,239][7600][log_file.py][line: 23][DEBUG] ## ('从数据库获取apk链接写入日志', ['http://pkg.superdalan.com/game.pkg/download?pkgId=2286&f=jwjtgw_dalan_dsdk_48_1.0.0_20200527_195245.apk', 'http://pkg.superdalan.com/game.pkg/download?pkgId=2823&f=test2_dalan_xy_dsdk_61_1.0.0_20200527_195358.apk', 'http://pkg.superdalan.com/game.pkg/download?pkgId=2823&f=test2_dalan_xy_dsdk_61_1.0.0_20200527_200033.apk', 'http://pkg.superdalan.com/game.pkg/download?pkgId=2823&f=test2_dalan_xy_dsdk_61_1.0.0_20200527_200214.apk'])
[2020-05-27 20:05:54,922][4740][log_file.py][line: 23][DEBUG] ## ('-----------R8AYIJWO99999999___20200527_195358.apk----节点1-----------下载校验结果：True',)
[2020-05-27 20:06:17,288][4740][log_file.py][line: 23][DEBUG] ## ('---------R8AYIJWO99999999___20200527_195358.apk-------节点2------安装返回结果：True',)
[2020-05-27 20:06:20,774][4740][log_file.py][line: 23][DEBUG] ## ("------------R8AYIJWO99999999___20200527_195358.apk----节点3---------拆包校验结果：True:['a5c8b9f129269654764b2022b598b76e.jpg']",)
[2020-05-27 20:06:25,889][4740][log_file.py][line: 23][DEBUG] ## ('R8AYIJWO99999999___20200527_195358.apk此原名游戏尚未接入，敬请期待',)
[2020-05-27 20:07:52,244][7508][log_file.py][line: 23][DEBUG] ## ('-----------54a4c6159804___20200527_195245.apk----节点1-----------下载校验结果：True',)
[2020-05-27 20:08:31,390][7508][log_file.py][line: 23][DEBUG] ## ('---------54a4c6159804___20200527_195245.apk-------节点2------安装返回结果：True',)
[2020-05-27 20:09:26,368][7508][log_file.py][line: 23][DEBUG] ## ("------------54a4c6159804___20200527_195245.apk----节点3---------拆包校验结果：True:['941e74bff974dedd8d5c966f5b9e01ea.jpg', 'cc12f932e8274e9e818f1cabb28797a3.jpg']",)
[2020-05-27 20:11:30,832][7508][log_file.py][line: 23][DEBUG] ## ('-----------54a4c6159804___20200527_195245.apk----节点4----------打开游戏结果:False',)
[2020-05-27 20:11:36,485][6640][log_file.py][line: 23][DEBUG] ## ('-----------R8AYIJWO99999999___20200527_200214.apk----节点1-----------下载校验结果：False',)
[2020-05-27 20:11:36,683][3284][log_file.py][line: 23][DEBUG] ## ('-----------54a4c6159804___20200527_200033.apk----节点1-----------下载校验结果：False',)
[2020-05-27 20:15:00,667][8992][log_file.py][line: 23][DEBUG] ## ('从数据库获取apk链接写入日志', ['http://pkg.superdalan.com/game.pkg/download?pkgId=2286&f=jwjtgw_dalan_dsdk_48_1.0.0_20200527_195245.apk', 'http://pkg.superdalan.com/game.pkg/download?pkgId=2286&f=jwjtgw_dalan_dsdk_48_1.0.0_20200527_201730.apk', 'http://pkg.superdalan.com/game.pkg/download?pkgId=2823&f=test2_dalan_xy_dsdk_61_1.0.0_20200527_201606.apk'])
[2020-05-27 20:15:07,600][2432][log_file.py][line: 23][DEBUG] ## ('-----------54a4c6159804___20200527_195245.apk----节点1-----------下载校验结果：False',)
[2020-05-27 20:16:21,198][5316][log_file.py][line: 23][DEBUG] ## ('-----------R8AYIJWO99999999___20200527_201730.apk----节点1-----------下载校验结果：True',)
[2020-05-27 20:17:30,867][5316][log_file.py][line: 23][DEBUG] ## ('---------R8AYIJWO99999999___20200527_201730.apk-------节点2------安装返回结果：True',)
[2020-05-27 20:17:41,858][5316][log_file.py][line: 23][DEBUG] ## ("------------R8AYIJWO99999999___20200527_201730.apk----节点3---------拆包校验结果：True:['cc12f932e8274e9e818f1cabb28797a3.jpg', '941e74bff974dedd8d5c966f5b9e01ea.jpg']",)
[2020-05-27 20:18:55,312][5316][log_file.py][line: 23][DEBUG] ## ('-----------R8AYIJWO99999999___20200527_201730.apk----节点4----------打开游戏结果:True',)
[2020-05-27 20:19:23,555][7692][log_file.py][line: 23][DEBUG] ## ('-----------54a4c6159804___20200527_201606.apk----节点1-----------下载校验结果：False',)
[2020-05-27 20:20:00,635][7520][log_file.py][line: 23][DEBUG] ## ('从数据库获取apk链接写入日志', ['http://pkg.superdalan.com/game.pkg/download?pkgId=2286&f=jwjtgw_dalan_dsdk_48_1.0.0_20200527_201730.apk', 'http://pkg.superdalan.com/game.pkg/download?pkgId=2823&f=test2_dalan_xy_dsdk_61_1.0.0_20200527_202329.apk'])
[2020-05-27 20:20:19,053][7776][log_file.py][line: 23][DEBUG] ## ('-----------R8AYIJWO99999999___20200527_202329.apk----节点1-----------下载校验结果：True',)
[2020-05-27 20:20:42,496][7776][log_file.py][line: 23][DEBUG] ## ('---------R8AYIJWO99999999___20200527_202329.apk-------节点2------安装返回结果：True',)
[2020-05-27 20:20:44,213][7776][log_file.py][line: 23][DEBUG] ## ("------------R8AYIJWO99999999___20200527_202329.apk----节点3---------拆包校验结果：True:['a5c8b9f129269654764b2022b598b76e.jpg']",)
[2020-05-27 20:20:44,962][7776][log_file.py][line: 23][DEBUG] ## ('R8AYIJWO99999999___20200527_202329.apk此原名游戏尚未接入，敬请期待',)
[2020-05-27 20:20:49,002][7452][log_file.py][line: 23][DEBUG] ## ('-----------54a4c6159804___20200527_201730.apk----节点1-----------下载校验结果：True',)
[2020-05-27 20:21:30,233][7452][log_file.py][line: 23][DEBUG] ## ('---------54a4c6159804___20200527_201730.apk-------节点2------安装返回结果：True',)
[2020-05-27 20:21:39,495][7452][log_file.py][line: 23][DEBUG] ## ("------------54a4c6159804___20200527_201730.apk----节点3---------拆包校验结果：True:['941e74bff974dedd8d5c966f5b9e01ea.jpg', 'cc12f932e8274e9e818f1cabb28797a3.jpg']",)
[2020-05-27 20:22:48,663][7452][log_file.py][line: 23][DEBUG] ## ('-----------54a4c6159804___20200527_201730.apk----节点4----------打开游戏结果:True',)
[2020-05-27 20:23:38,340][7452][log_file.py][line: 23][DEBUG] ## ('-----------54a4c6159804___20200527_201730.apk----节点5----------登录游戏结果:True',)
[2020-05-27 20:24:22,571][7452][log_file.py][line: 23][DEBUG] ## ('------54a4c6159804___20200527_201730.apk---节点6-------下单调起微信结果:True',)
[2020-05-27 20:25:00,642][8632][log_file.py][line: 23][DEBUG] ## ('从数据库获取apk链接写入日志', ['http://pkg.superdalan.com/game.pkg/download?pkgId=2823&f=test2_dalan_xy_dsdk_61_1.0.0_20200527_202706.apk'])
[2020-05-27 20:25:07,865][8756][log_file.py][line: 23][DEBUG] ## ('-----------54a4c6159804___20200527_202706.apk----节点1-----------下载校验结果：True',)
[2020-05-27 20:26:21,203][8756][log_file.py][line: 23][DEBUG] ## ('---------54a4c6159804___20200527_202706.apk-------节点2------安装返回结果：未知异常_404',)
[2020-05-27 20:30:00,756][8304][log_file.py][line: 23][DEBUG] ## ('从数据库获取apk链接写入日志', [])
[2020-05-27 20:35:00,687][3292][log_file.py][line: 23][DEBUG] ## ('从数据库获取apk链接写入日志', ['http://pkg.superdalan.com/game.pkg/download?pkgId=2823&f=test2_dalan_xy_dsdk_61_1.0.0_20200527_203434.apk'])
[2020-05-27 20:35:09,541][7924][log_file.py][line: 23][DEBUG] ## ('-----------54a4c6159804___20200527_203434.apk----节点1-----------下载校验结果：True',)
[2020-05-27 20:35:21,078][7924][log_file.py][line: 23][DEBUG] ## ('---------54a4c6159804___20200527_203434.apk-------节点2------安装返回结果：True',)
[2020-05-27 20:35:22,452][7924][log_file.py][line: 23][DEBUG] ## ("------------54a4c6159804___20200527_203434.apk----节点3---------拆包校验结果：True:['a5c8b9f129269654764b2022b598b76e.jpg']",)
[2020-05-27 20:35:25,511][7924][log_file.py][line: 23][DEBUG] ## ('54a4c6159804___20200527_203434.apk此原名游戏尚未接入，敬请期待',)
[2020-05-27 20:40:00,762][5632][log_file.py][line: 23][DEBUG] ## ('从数据库获取apk链接写入日志', [])
[2020-05-27 20:45:00,702][8360][log_file.py][line: 23][DEBUG] ## ('从数据库获取apk链接写入日志', ['http://pkg.superdalan.com/game.pkg/download?pkgId=2286&f=jwjtgw_dalan_dsdk_48_1.0.0_20200527_204453.apk'])
[2020-05-27 20:47:03,662][8388][log_file.py][line: 23][DEBUG] ## ('-----------54a4c6159804___20200527_204453.apk----节点1-----------下载校验结果：True',)
[2020-05-27 20:47:40,095][8388][log_file.py][line: 23][DEBUG] ## ('---------54a4c6159804___20200527_204453.apk-------节点2------安装返回结果：True',)
[2020-05-27 20:47:47,628][8388][log_file.py][line: 23][DEBUG] ## ("------------54a4c6159804___20200527_204453.apk----节点3---------拆包校验结果：True:['941e74bff974dedd8d5c966f5b9e01ea.jpg', 'cc12f932e8274e9e818f1cabb28797a3.jpg']",)
[2020-05-27 20:48:56,541][8388][log_file.py][line: 23][DEBUG] ## ('-----------54a4c6159804___20200527_204453.apk----节点4----------打开游戏结果:True',)
[2020-05-27 20:49:45,942][8388][log_file.py][line: 23][DEBUG] ## ('-----------54a4c6159804___20200527_204453.apk----节点5----------登录游戏结果:True',)
[2020-05-27 20:50:28,989][8388][log_file.py][line: 23][DEBUG] ## ('------54a4c6159804___20200527_204453.apk---节点6-------下单调起微信结果:True',)
[2020-05-27 20:55:00,737][7148][log_file.py][line: 23][DEBUG] ## ('从数据库获取apk链接写入日志', [])
[2020-05-27 21:00:46,251][8380][log_file.py][line: 23][DEBUG] ## ('从数据库获取apk链接写入日志', [])
[2020-05-27 21:05:00,846][1444][log_file.py][line: 23][DEBUG] ## ('从数据库获取apk链接写入日志', [])
[2020-05-27 21:10:00,609][756][log_file.py][line: 23][DEBUG] ## ('从数据库获取apk链接写入日志', ['http://pkg.superdalan.com/game.pkg/download?pkgId=2635&f=jsjhwzjhtt_dalan_dsdk_48_1.0.0_20200527_210937.apk'])
[2020-05-27 21:12:08,888][4840][log_file.py][line: 23][DEBUG] ## ('-----------54a4c6159804___20200527_210937.apk----节点1-----------下载校验结果：True',)
[2020-05-27 21:12:51,644][4840][log_file.py][line: 23][DEBUG] ## ('---------54a4c6159804___20200527_210937.apk-------节点2------安装返回结果：True',)
[2020-05-27 21:13:01,255][4840][log_file.py][line: 23][DEBUG] ## ("------------54a4c6159804___20200527_210937.apk----节点3---------拆包校验结果：True:['5089ed39894927cb8f1d8b423e064026.jpg', '4fee9032dcbf277e3f281d25143bbc5b.jpg']",)
[2020-05-27 21:14:16,178][4840][log_file.py][line: 23][DEBUG] ## ('-----------54a4c6159804___20200527_210937.apk----节点4----------打开游戏结果:True',)
[2020-05-27 21:15:09,046][4840][log_file.py][line: 23][DEBUG] ## ('-----------54a4c6159804___20200527_210937.apk----节点5----------登录游戏结果:True',)
[2020-05-27 21:15:55,312][4840][log_file.py][line: 23][DEBUG] ## ('------54a4c6159804___20200527_210937.apk---节点6-------下单调起微信结果:True',)
[2020-05-27 21:20:00,648][3324][log_file.py][line: 23][DEBUG] ## ('从数据库获取apk链接写入日志', [])
[2020-05-27 21:25:00,639][1404][log_file.py][line: 23][DEBUG] ## ('从数据库获取apk链接写入日志', [])
[2020-05-27 21:30:00,636][7344][log_file.py][line: 23][DEBUG] ## ('从数据库获取apk链接写入日志', [])
[2020-05-27 21:35:00,671][6096][log_file.py][line: 23][DEBUG] ## ('从数据库获取apk链接写入日志', [])
[2020-05-27 21:40:00,645][5884][log_file.py][line: 23][DEBUG] ## ('从数据库获取apk链接写入日志', ['http://pkg.superdalan.com/game.pkg/download?pkgId=2823&f=test2_dalan_xy_dsdk_61_1.0.0_20200527_214054.apk'])
[2020-05-27 21:40:17,018][6932][log_file.py][line: 23][DEBUG] ## ('-----------54a4c6159804___20200527_214054.apk----节点1-----------下载校验结果：True',)
[2020-05-27 21:40:30,050][6932][log_file.py][line: 23][DEBUG] ## ('---------54a4c6159804___20200527_214054.apk-------节点2------安装返回结果：True',)
[2020-05-27 21:40:31,390][6932][log_file.py][line: 23][DEBUG] ## ("------------54a4c6159804___20200527_214054.apk----节点3---------拆包校验结果：True:['a5c8b9f129269654764b2022b598b76e.jpg']",)
[2020-05-27 21:40:34,410][6932][log_file.py][line: 23][DEBUG] ## ('54a4c6159804___20200527_214054.apk此原名游戏尚未接入，敬请期待',)
[2020-05-27 21:45:00,646][2704][log_file.py][line: 23][DEBUG] ## ('从数据库获取apk链接写入日志', [])
[2020-05-27 21:50:00,699][4792][log_file.py][line: 23][DEBUG] ## ('从数据库获取apk链接写入日志', [])
[2020-05-27 21:55:00,595][7776][log_file.py][line: 23][DEBUG] ## ('从数据库获取apk链接写入日志', [])
[2020-05-27 22:00:00,614][4012][log_file.py][line: 23][DEBUG] ## ('从数据库获取apk链接写入日志', [])
[2020-05-27 22:05:00,687][8064][log_file.py][line: 23][DEBUG] ## ('从数据库获取apk链接写入日志', [])
[2020-05-27 22:10:00,629][8980][log_file.py][line: 23][DEBUG] ## ('从数据库获取apk链接写入日志', ['http://pkg.superdalan.com/game.pkg/download?pkgId=2823&f=test2_dalan_xy_dsdk_61_1.0.0_20200527_221110.apk'])
[2020-05-27 22:10:15,280][8460][log_file.py][line: 23][DEBUG] ## ('-----------54a4c6159804___20200527_221110.apk----节点1-----------下载校验结果：True',)
[2020-05-27 22:10:28,622][8460][log_file.py][line: 23][DEBUG] ## ('---------54a4c6159804___20200527_221110.apk-------节点2------安装返回结果：True',)
[2020-05-27 22:10:29,953][8460][log_file.py][line: 23][DEBUG] ## ("------------54a4c6159804___20200527_221110.apk----节点3---------拆包校验结果：True:['a5c8b9f129269654764b2022b598b76e.jpg']",)
[2020-05-27 22:10:33,043][8460][log_file.py][line: 23][DEBUG] ## ('54a4c6159804___20200527_221110.apk此原名游戏尚未接入，敬请期待',)
[2020-05-27 22:15:00,631][6940][log_file.py][line: 23][DEBUG] ## ('从数据库获取apk链接写入日志', [])
[2020-05-27 22:20:00,685][7216][log_file.py][line: 23][DEBUG] ## ('从数据库获取apk链接写入日志', [])
[2020-05-27 22:25:00,599][7980][log_file.py][line: 23][DEBUG] ## ('从数据库获取apk链接写入日志', [])
[2020-05-27 22:30:00,611][8064][log_file.py][line: 23][DEBUG] ## ('从数据库获取apk链接写入日志', [])
[2020-05-27 22:35:00,705][740][log_file.py][line: 23][DEBUG] ## ('从数据库获取apk链接写入日志', [])
[2020-05-27 22:40:00,636][5880][log_file.py][line: 23][DEBUG] ## ('从数据库获取apk链接写入日志', [])
[2020-05-27 22:45:00,666][8956][log_file.py][line: 23][DEBUG] ## ('从数据库获取apk链接写入日志', [])
[2020-05-27 22:50:00,670][7624][log_file.py][line: 23][DEBUG] ## ('从数据库获取apk链接写入日志', [])
[2020-05-27 22:55:00,626][4292][log_file.py][line: 23][DEBUG] ## ('从数据库获取apk链接写入日志', [])
[2020-05-27 23:00:00,614][7104][log_file.py][line: 23][DEBUG] ## ('从数据库获取apk链接写入日志', [])
[2020-05-27 23:05:00,691][8248][log_file.py][line: 23][DEBUG] ## ('从数据库获取apk链接写入日志', [])
[2020-05-27 23:10:00,623][3136][log_file.py][line: 23][DEBUG] ## ('从数据库获取apk链接写入日志', [])
[2020-05-27 23:15:00,596][4224][log_file.py][line: 23][DEBUG] ## ('从数据库获取apk链接写入日志', [])
[2020-05-27 23:20:00,728][3760][log_file.py][line: 23][DEBUG] ## ('从数据库获取apk链接写入日志', [])
[2020-05-27 23:25:00,637][8376][log_file.py][line: 23][DEBUG] ## ('从数据库获取apk链接写入日志', [])
[2020-05-27 23:30:00,625][5528][log_file.py][line: 23][DEBUG] ## ('从数据库获取apk链接写入日志', [])
[2020-05-27 23:35:00,699][2420][log_file.py][line: 23][DEBUG] ## ('从数据库获取apk链接写入日志', [])
[2020-05-27 23:40:00,585][2212][log_file.py][line: 23][DEBUG] ## ('从数据库获取apk链接写入日志', [])
[2020-05-27 23:45:00,646][3136][log_file.py][line: 23][DEBUG] ## ('从数据库获取apk链接写入日志', [])
[2020-05-27 23:50:00,750][7212][log_file.py][line: 23][DEBUG] ## ('从数据库获取apk链接写入日志', [])
[2020-05-27 23:55:00,743][4144][log_file.py][line: 23][DEBUG] ## ('从数据库获取apk链接写入日志', [])
