[2020-04-18 00:00:00,603][8716][log_file.py][line: 23][DEBUG] ## ('从数据库获取apk链接写入日志', [])
[2020-04-18 00:05:00,498][9400][log_file.py][line: 23][DEBUG] ## ('从数据库获取apk链接写入日志', [])
[2020-04-18 00:10:00,529][11928][log_file.py][line: 23][DEBUG] ## ('从数据库获取apk链接写入日志', [])
[2020-04-18 00:15:00,557][11252][log_file.py][line: 23][DEBUG] ## ('从数据库获取apk链接写入日志', [])
[2020-04-18 00:20:00,560][11112][log_file.py][line: 23][DEBUG] ## ('从数据库获取apk链接写入日志', [])
[2020-04-18 00:25:00,518][11580][log_file.py][line: 23][DEBUG] ## ('从数据库获取apk链接写入日志', [])
[2020-04-18 00:30:00,561][12116][log_file.py][line: 23][DEBUG] ## ('从数据库获取apk链接写入日志', [])
[2020-04-18 00:35:00,595][7316][log_file.py][line: 23][DEBUG] ## ('从数据库获取apk链接写入日志', [])
[2020-04-18 00:40:00,486][2744][log_file.py][line: 23][DEBUG] ## ('从数据库获取apk链接写入日志', [])
[2020-04-18 00:45:00,536][12180][log_file.py][line: 23][DEBUG] ## ('从数据库获取apk链接写入日志', [])
[2020-04-18 00:50:00,535][8432][log_file.py][line: 23][DEBUG] ## ('从数据库获取apk链接写入日志', [])
[2020-04-18 00:55:00,536][3344][log_file.py][line: 23][DEBUG] ## ('从数据库获取apk链接写入日志', [])
[2020-04-18 01:00:00,546][10496][log_file.py][line: 23][DEBUG] ## ('从数据库获取apk链接写入日志', [])
[2020-04-18 01:05:00,495][9704][log_file.py][line: 23][DEBUG] ## ('从数据库获取apk链接写入日志', [])
[2020-04-18 01:10:00,540][11128][log_file.py][line: 23][DEBUG] ## ('从数据库获取apk链接写入日志', [])
[2020-04-18 01:15:00,494][12272][log_file.py][line: 23][DEBUG] ## ('从数据库获取apk链接写入日志', [])
[2020-04-18 01:20:00,537][8232][log_file.py][line: 23][DEBUG] ## ('从数据库获取apk链接写入日志', [])
[2020-04-18 01:25:00,591][9096][log_file.py][line: 23][DEBUG] ## ('从数据库获取apk链接写入日志', [])
[2020-04-18 01:30:00,595][9648][log_file.py][line: 23][DEBUG] ## ('从数据库获取apk链接写入日志', [])
[2020-04-18 01:35:00,510][9196][log_file.py][line: 23][DEBUG] ## ('从数据库获取apk链接写入日志', [])
[2020-04-18 01:40:00,536][9636][log_file.py][line: 23][DEBUG] ## ('从数据库获取apk链接写入日志', [])
[2020-04-18 01:45:00,542][11356][log_file.py][line: 23][DEBUG] ## ('从数据库获取apk链接写入日志', [])
[2020-04-18 01:50:00,521][6228][log_file.py][line: 23][DEBUG] ## ('从数据库获取apk链接写入日志', [])
[2020-04-18 01:55:00,556][9176][log_file.py][line: 23][DEBUG] ## ('从数据库获取apk链接写入日志', [])
[2020-04-18 02:00:00,519][5452][log_file.py][line: 23][DEBUG] ## ('从数据库获取apk链接写入日志', [])
[2020-04-18 02:05:00,509][5768][log_file.py][line: 23][DEBUG] ## ('从数据库获取apk链接写入日志', [])
[2020-04-18 02:10:00,559][9364][log_file.py][line: 23][DEBUG] ## ('从数据库获取apk链接写入日志', [])
[2020-04-18 02:15:00,562][11356][log_file.py][line: 23][DEBUG] ## ('从数据库获取apk链接写入日志', [])
[2020-04-18 02:20:00,568][5568][log_file.py][line: 23][DEBUG] ## ('从数据库获取apk链接写入日志', [])
[2020-04-18 02:25:00,487][10304][log_file.py][line: 23][DEBUG] ## ('从数据库获取apk链接写入日志', [])
[2020-04-18 02:30:00,534][12084][log_file.py][line: 23][DEBUG] ## ('从数据库获取apk链接写入日志', [])
[2020-04-18 02:35:00,585][9080][log_file.py][line: 23][DEBUG] ## ('从数据库获取apk链接写入日志', [])
[2020-04-18 02:40:00,549][8544][log_file.py][line: 23][DEBUG] ## ('从数据库获取apk链接写入日志', [])
[2020-04-18 02:45:00,518][8760][log_file.py][line: 23][DEBUG] ## ('从数据库获取apk链接写入日志', [])
[2020-04-18 02:50:00,543][12000][log_file.py][line: 23][DEBUG] ## ('从数据库获取apk链接写入日志', [])
[2020-04-18 02:55:00,529][11996][log_file.py][line: 23][DEBUG] ## ('从数据库获取apk链接写入日志', [])
[2020-04-18 03:00:00,530][12100][log_file.py][line: 23][DEBUG] ## ('从数据库获取apk链接写入日志', [])
[2020-04-18 03:05:00,530][11988][log_file.py][line: 23][DEBUG] ## ('从数据库获取apk链接写入日志', [])
[2020-04-18 03:10:00,576][8896][log_file.py][line: 23][DEBUG] ## ('从数据库获取apk链接写入日志', [])
[2020-04-18 03:15:00,539][11384][log_file.py][line: 23][DEBUG] ## ('从数据库获取apk链接写入日志', [])
[2020-04-18 03:20:00,512][11564][log_file.py][line: 23][DEBUG] ## ('从数据库获取apk链接写入日志', [])
[2020-04-18 03:25:00,640][11636][log_file.py][line: 23][DEBUG] ## ('从数据库获取apk链接写入日志', [])
[2020-04-18 03:30:00,563][9184][log_file.py][line: 23][DEBUG] ## ('从数据库获取apk链接写入日志', [])
[2020-04-18 03:35:00,511][8668][log_file.py][line: 23][DEBUG] ## ('从数据库获取apk链接写入日志', [])
[2020-04-18 03:40:00,598][8624][log_file.py][line: 23][DEBUG] ## ('从数据库获取apk链接写入日志', [])
[2020-04-18 03:45:00,548][10544][log_file.py][line: 23][DEBUG] ## ('从数据库获取apk链接写入日志', [])
[2020-04-18 03:50:00,577][9528][log_file.py][line: 23][DEBUG] ## ('从数据库获取apk链接写入日志', [])
[2020-04-18 03:55:00,509][11204][log_file.py][line: 23][DEBUG] ## ('从数据库获取apk链接写入日志', [])
[2020-04-18 04:00:00,543][11120][log_file.py][line: 23][DEBUG] ## ('从数据库获取apk链接写入日志', [])
[2020-04-18 04:05:00,482][9180][log_file.py][line: 23][DEBUG] ## ('从数据库获取apk链接写入日志', [])
[2020-04-18 04:10:00,527][9400][log_file.py][line: 23][DEBUG] ## ('从数据库获取apk链接写入日志', [])
[2020-04-18 04:15:00,583][6192][log_file.py][line: 23][DEBUG] ## ('从数据库获取apk链接写入日志', [])
[2020-04-18 04:20:00,540][10064][log_file.py][line: 23][DEBUG] ## ('从数据库获取apk链接写入日志', [])
[2020-04-18 04:25:00,524][6800][log_file.py][line: 23][DEBUG] ## ('从数据库获取apk链接写入日志', [])
[2020-04-18 04:30:00,544][8808][log_file.py][line: 23][DEBUG] ## ('从数据库获取apk链接写入日志', [])
[2020-04-18 04:35:00,561][9124][log_file.py][line: 23][DEBUG] ## ('从数据库获取apk链接写入日志', [])
[2020-04-18 04:40:00,527][4504][log_file.py][line: 23][DEBUG] ## ('从数据库获取apk链接写入日志', [])
[2020-04-18 04:45:00,538][10988][log_file.py][line: 23][DEBUG] ## ('从数据库获取apk链接写入日志', [])
[2020-04-18 04:50:00,543][10664][log_file.py][line: 23][DEBUG] ## ('从数据库获取apk链接写入日志', [])
[2020-04-18 04:55:00,540][11284][log_file.py][line: 23][DEBUG] ## ('从数据库获取apk链接写入日志', [])
[2020-04-18 05:00:00,513][8256][log_file.py][line: 23][DEBUG] ## ('从数据库获取apk链接写入日志', [])
[2020-04-18 05:05:01,410][9924][log_file.py][line: 23][DEBUG] ## ('从数据库获取apk链接写入日志', [])
[2020-04-18 05:10:00,572][12152][log_file.py][line: 23][DEBUG] ## ('从数据库获取apk链接写入日志', [])
[2020-04-18 05:15:00,531][10748][log_file.py][line: 23][DEBUG] ## ('从数据库获取apk链接写入日志', [])
[2020-04-18 05:20:00,516][8592][log_file.py][line: 23][DEBUG] ## ('从数据库获取apk链接写入日志', [])
[2020-04-18 05:25:00,551][7012][log_file.py][line: 23][DEBUG] ## ('从数据库获取apk链接写入日志', [])
[2020-04-18 05:30:00,602][10496][log_file.py][line: 23][DEBUG] ## ('从数据库获取apk链接写入日志', [])
[2020-04-18 05:35:00,519][12100][log_file.py][line: 23][DEBUG] ## ('从数据库获取apk链接写入日志', [])
[2020-04-18 05:40:00,546][9776][log_file.py][line: 23][DEBUG] ## ('从数据库获取apk链接写入日志', [])
[2020-04-18 05:45:00,523][11440][log_file.py][line: 23][DEBUG] ## ('从数据库获取apk链接写入日志', [])
[2020-04-18 05:50:00,497][9688][log_file.py][line: 23][DEBUG] ## ('从数据库获取apk链接写入日志', [])
[2020-04-18 05:55:00,587][5376][log_file.py][line: 23][DEBUG] ## ('从数据库获取apk链接写入日志', [])
[2020-04-18 06:00:00,530][8256][log_file.py][line: 23][DEBUG] ## ('从数据库获取apk链接写入日志', [])
[2020-04-18 06:05:00,525][9924][log_file.py][line: 23][DEBUG] ## ('从数据库获取apk链接写入日志', [])
[2020-04-18 06:10:00,526][9276][log_file.py][line: 23][DEBUG] ## ('从数据库获取apk链接写入日志', [])
[2020-04-18 06:15:00,532][11320][log_file.py][line: 23][DEBUG] ## ('从数据库获取apk链接写入日志', [])
[2020-04-18 06:20:00,547][11812][log_file.py][line: 23][DEBUG] ## ('从数据库获取apk链接写入日志', [])
[2020-04-18 06:25:00,521][11920][log_file.py][line: 23][DEBUG] ## ('从数据库获取apk链接写入日志', [])
[2020-04-18 06:30:00,539][12024][log_file.py][line: 23][DEBUG] ## ('从数据库获取apk链接写入日志', [])
[2020-04-18 06:35:00,573][11836][log_file.py][line: 23][DEBUG] ## ('从数据库获取apk链接写入日志', [])
[2020-04-18 06:40:00,551][12044][log_file.py][line: 23][DEBUG] ## ('从数据库获取apk链接写入日志', [])
[2020-04-18 06:45:01,243][10488][log_file.py][line: 23][DEBUG] ## ('从数据库获取apk链接写入日志', [])
[2020-04-18 06:50:00,559][11456][log_file.py][line: 23][DEBUG] ## ('从数据库获取apk链接写入日志', [])
[2020-04-18 06:55:00,540][2800][log_file.py][line: 23][DEBUG] ## ('从数据库获取apk链接写入日志', [])
[2020-04-18 07:00:00,503][11372][log_file.py][line: 23][DEBUG] ## ('从数据库获取apk链接写入日志', [])
[2020-04-18 07:05:00,531][7520][log_file.py][line: 23][DEBUG] ## ('从数据库获取apk链接写入日志', [])
[2020-04-18 07:10:00,532][12172][log_file.py][line: 23][DEBUG] ## ('从数据库获取apk链接写入日志', [])
[2020-04-18 07:15:00,562][10064][log_file.py][line: 23][DEBUG] ## ('从数据库获取apk链接写入日志', [])
[2020-04-18 07:20:00,517][11460][log_file.py][line: 23][DEBUG] ## ('从数据库获取apk链接写入日志', [])
[2020-04-18 07:25:00,549][1100][log_file.py][line: 23][DEBUG] ## ('从数据库获取apk链接写入日志', [])
[2020-04-18 07:30:00,562][10548][log_file.py][line: 23][DEBUG] ## ('从数据库获取apk链接写入日志', [])
[2020-04-18 07:35:00,502][9240][log_file.py][line: 23][DEBUG] ## ('从数据库获取apk链接写入日志', [])
[2020-04-18 07:40:00,551][8624][log_file.py][line: 23][DEBUG] ## ('从数据库获取apk链接写入日志', [])
[2020-04-18 07:45:00,551][12176][log_file.py][line: 23][DEBUG] ## ('从数据库获取apk链接写入日志', [])
[2020-04-18 07:50:00,536][11348][log_file.py][line: 23][DEBUG] ## ('从数据库获取apk链接写入日志', [])
[2020-04-18 07:55:00,557][7644][log_file.py][line: 23][DEBUG] ## ('从数据库获取apk链接写入日志', [])
[2020-04-18 08:00:00,551][12232][log_file.py][line: 23][DEBUG] ## ('从数据库获取apk链接写入日志', [])
[2020-04-18 08:05:00,529][3200][log_file.py][line: 23][DEBUG] ## ('从数据库获取apk链接写入日志', [])
[2020-04-18 08:10:00,529][11460][log_file.py][line: 23][DEBUG] ## ('从数据库获取apk链接写入日志', [])
[2020-04-18 08:15:00,505][7424][log_file.py][line: 23][DEBUG] ## ('从数据库获取apk链接写入日志', [])
[2020-04-18 08:20:00,628][4468][log_file.py][line: 23][DEBUG] ## ('从数据库获取apk链接写入日志', [])
[2020-04-18 08:25:00,614][4468][log_file.py][line: 23][DEBUG] ## ('从数据库获取apk链接写入日志', [])
[2020-04-18 08:30:00,526][5452][log_file.py][line: 23][DEBUG] ## ('从数据库获取apk链接写入日志', [])
[2020-04-18 08:35:00,530][9560][log_file.py][line: 23][DEBUG] ## ('从数据库获取apk链接写入日志', [])
[2020-04-18 08:40:00,515][11420][log_file.py][line: 23][DEBUG] ## ('从数据库获取apk链接写入日志', [])
[2020-04-18 08:45:00,531][12220][log_file.py][line: 23][DEBUG] ## ('从数据库获取apk链接写入日志', [])
[2020-04-18 08:50:00,571][11420][log_file.py][line: 23][DEBUG] ## ('从数据库获取apk链接写入日志', [])
[2020-04-18 08:55:00,525][5684][log_file.py][line: 23][DEBUG] ## ('从数据库获取apk链接写入日志', [])
[2020-04-18 09:00:00,542][12044][log_file.py][line: 23][DEBUG] ## ('从数据库获取apk链接写入日志', [])
[2020-04-18 09:05:00,555][5768][log_file.py][line: 23][DEBUG] ## ('从数据库获取apk链接写入日志', [])
[2020-04-18 09:10:00,530][2768][log_file.py][line: 23][DEBUG] ## ('从数据库获取apk链接写入日志', [])
[2020-04-18 09:15:00,546][10556][log_file.py][line: 23][DEBUG] ## ('从数据库获取apk链接写入日志', [])
[2020-04-18 09:20:00,524][11928][log_file.py][line: 23][DEBUG] ## ('从数据库获取apk链接写入日志', [])
[2020-04-18 09:25:00,548][11260][log_file.py][line: 23][DEBUG] ## ('从数据库获取apk链接写入日志', [])
[2020-04-18 09:30:00,563][8396][log_file.py][line: 23][DEBUG] ## ('从数据库获取apk链接写入日志', [])
[2020-04-18 09:35:00,690][3492][log_file.py][line: 23][DEBUG] ## ('从数据库获取apk链接写入日志', [])
[2020-04-18 09:40:00,529][10876][log_file.py][line: 23][DEBUG] ## ('从数据库获取apk链接写入日志', [])
[2020-04-18 09:45:00,547][9496][log_file.py][line: 23][DEBUG] ## ('从数据库获取apk链接写入日志', [])
[2020-04-18 09:50:00,482][9156][log_file.py][line: 23][DEBUG] ## ('从数据库获取apk链接写入日志', [])
[2020-04-18 09:55:00,619][2268][log_file.py][line: 23][DEBUG] ## ('从数据库获取apk链接写入日志', [])
[2020-04-18 10:00:00,582][11404][log_file.py][line: 23][DEBUG] ## ('从数据库获取apk链接写入日志', [])
[2020-04-18 10:05:00,563][12240][log_file.py][line: 23][DEBUG] ## ('从数据库获取apk链接写入日志', [])
[2020-04-18 10:10:00,551][2744][log_file.py][line: 23][DEBUG] ## ('从数据库获取apk链接写入日志', [])
[2020-04-18 10:15:00,511][10600][log_file.py][line: 23][DEBUG] ## ('从数据库获取apk链接写入日志', [])
[2020-04-18 10:20:00,526][10788][log_file.py][line: 23][DEBUG] ## ('从数据库获取apk链接写入日志', [])
[2020-04-18 10:25:00,477][10548][log_file.py][line: 23][DEBUG] ## ('从数据库获取apk链接写入日志', ['http://pkg.superdalan.com/game.pkg/download?pkgId=2607&f=dxcyzwzjhgdt_dalan_dsdk_48_1.0.0_20200415_120419.apk'])
[2020-04-18 10:25:18,471][10548][log_file.py][line: 23][DEBUG] ## ('-----------0___20200415_120419.apk----节点1-----------下载校验结果：True',)
[2020-04-18 10:26:07,725][10548][log_file.py][line: 23][DEBUG] ## ('---------0___20200415_120419.apk-------节点2------安装返回结果：True',)
[2020-04-18 10:27:02,778][10548][log_file.py][line: 23][DEBUG] ## ("------------0___20200415_120419.apk----节点3---------拆包校验结果：True:['dc69aae724ca5a7b8d5715f88e471c95.jpg', 'ee3626ffc2400e6e32032f7307c6abcd.jpg']",)
[2020-04-18 10:28:34,566][10548][log_file.py][line: 23][DEBUG] ## ('-----------0___20200415_120419.apk----节点4----------打开游戏结果:True',)
[2020-04-18 10:29:18,967][10548][log_file.py][line: 23][DEBUG] ## ('-----------0___20200415_120419.apk---节点5----------登录游戏结果:True',)
[2020-04-18 10:29:57,892][10548][log_file.py][line: 23][DEBUG] ## ('------0___20200415_120419.apk---节点6-------下单调起微信结果:True',)
[2020-04-18 10:35:01,577][10552][log_file.py][line: 23][DEBUG] ## ('从数据库获取apk链接写入日志', [])
[2020-04-18 10:40:00,553][8404][log_file.py][line: 23][DEBUG] ## ('从数据库获取apk链接写入日志', [])
[2020-04-18 10:45:00,637][10488][log_file.py][line: 23][DEBUG] ## ('从数据库获取apk链接写入日志', [])
[2020-04-18 10:50:00,588][11464][log_file.py][line: 23][DEBUG] ## ('从数据库获取apk链接写入日志', [])
[2020-04-18 10:55:00,533][7644][log_file.py][line: 23][DEBUG] ## ('从数据库获取apk链接写入日志', [])
[2020-04-18 11:00:00,520][5572][log_file.py][line: 23][DEBUG] ## ('从数据库获取apk链接写入日志', [])
[2020-04-18 11:05:00,602][4180][log_file.py][line: 23][DEBUG] ## ('从数据库获取apk链接写入日志', [])
[2020-04-18 11:10:00,557][3992][log_file.py][line: 23][DEBUG] ## ('从数据库获取apk链接写入日志', [])
[2020-04-18 11:15:00,527][3392][log_file.py][line: 23][DEBUG] ## ('从数据库获取apk链接写入日志', [])
[2020-04-18 11:20:00,548][8684][log_file.py][line: 23][DEBUG] ## ('从数据库获取apk链接写入日志', [])
[2020-04-18 11:25:00,526][11560][log_file.py][line: 23][DEBUG] ## ('从数据库获取apk链接写入日志', [])
[2020-04-18 11:30:00,492][11804][log_file.py][line: 23][DEBUG] ## ('从数据库获取apk链接写入日志', [])
[2020-04-18 11:35:00,536][11636][log_file.py][line: 23][DEBUG] ## ('从数据库获取apk链接写入日志', [])
[2020-04-18 11:40:00,597][5536][log_file.py][line: 23][DEBUG] ## ('从数据库获取apk链接写入日志', [])
[2020-04-18 11:45:00,591][10140][log_file.py][line: 23][DEBUG] ## ('从数据库获取apk链接写入日志', [])
[2020-04-18 11:50:00,542][12104][log_file.py][line: 23][DEBUG] ## ('从数据库获取apk链接写入日志', [])
[2020-04-18 11:55:00,536][12268][log_file.py][line: 23][DEBUG] ## ('从数据库获取apk链接写入日志', [])
[2020-04-18 12:00:00,548][9196][log_file.py][line: 23][DEBUG] ## ('从数据库获取apk链接写入日志', [])
[2020-04-18 12:05:00,506][11688][log_file.py][line: 23][DEBUG] ## ('从数据库获取apk链接写入日志', [])
[2020-04-18 12:10:00,542][5288][log_file.py][line: 23][DEBUG] ## ('从数据库获取apk链接写入日志', [])
[2020-04-18 12:15:00,550][12128][log_file.py][line: 23][DEBUG] ## ('从数据库获取apk链接写入日志', [])
[2020-04-18 12:20:00,518][11492][log_file.py][line: 23][DEBUG] ## ('从数据库获取apk链接写入日志', [])
[2020-04-18 12:25:00,543][3480][log_file.py][line: 23][DEBUG] ## ('从数据库获取apk链接写入日志', [])
[2020-04-18 12:30:00,548][12044][log_file.py][line: 23][DEBUG] ## ('从数据库获取apk链接写入日志', [])
[2020-04-18 12:35:00,525][9896][log_file.py][line: 23][DEBUG] ## ('从数据库获取apk链接写入日志', [])
[2020-04-18 12:40:00,528][10556][log_file.py][line: 23][DEBUG] ## ('从数据库获取apk链接写入日志', [])
[2020-04-18 12:45:00,529][11120][log_file.py][line: 23][DEBUG] ## ('从数据库获取apk链接写入日志', [])
[2020-04-18 12:50:00,527][8508][log_file.py][line: 23][DEBUG] ## ('从数据库获取apk链接写入日志', [])
[2020-04-18 12:55:00,576][12096][log_file.py][line: 23][DEBUG] ## ('从数据库获取apk链接写入日志', [])
[2020-04-18 13:00:00,568][10100][log_file.py][line: 23][DEBUG] ## ('从数据库获取apk链接写入日志', [])
[2020-04-18 13:05:00,482][10536][log_file.py][line: 23][DEBUG] ## ('从数据库获取apk链接写入日志', [])
[2020-04-18 13:10:00,542][9180][log_file.py][line: 23][DEBUG] ## ('从数据库获取apk链接写入日志', [])
[2020-04-18 13:15:00,488][8432][log_file.py][line: 23][DEBUG] ## ('从数据库获取apk链接写入日志', [])
[2020-04-18 13:20:00,553][6764][log_file.py][line: 23][DEBUG] ## ('从数据库获取apk链接写入日志', [])
[2020-04-18 13:25:00,562][8544][log_file.py][line: 23][DEBUG] ## ('从数据库获取apk链接写入日志', [])
[2020-04-18 13:30:00,559][12056][log_file.py][line: 23][DEBUG] ## ('从数据库获取apk链接写入日志', [])
[2020-04-18 13:35:00,585][11228][log_file.py][line: 23][DEBUG] ## ('从数据库获取apk链接写入日志', [])
[2020-04-18 13:40:00,547][11580][log_file.py][line: 23][DEBUG] ## ('从数据库获取apk链接写入日志', [])
[2020-04-18 13:45:00,630][10872][log_file.py][line: 23][DEBUG] ## ('从数据库获取apk链接写入日志', [])
[2020-04-18 13:50:00,500][10280][log_file.py][line: 23][DEBUG] ## ('从数据库获取apk链接写入日志', [])
[2020-04-18 13:55:00,553][2780][log_file.py][line: 23][DEBUG] ## ('从数据库获取apk链接写入日志', [])
[2020-04-18 14:00:00,583][2984][log_file.py][line: 23][DEBUG] ## ('从数据库获取apk链接写入日志', [])
[2020-04-18 14:05:00,520][9520][log_file.py][line: 23][DEBUG] ## ('从数据库获取apk链接写入日志', [])
[2020-04-18 14:10:00,537][10292][log_file.py][line: 23][DEBUG] ## ('从数据库获取apk链接写入日志', [])
[2020-04-18 14:15:00,614][11764][log_file.py][line: 23][DEBUG] ## ('从数据库获取apk链接写入日志', [])
[2020-04-18 14:20:00,545][9788][log_file.py][line: 23][DEBUG] ## ('从数据库获取apk链接写入日志', [])
[2020-04-18 14:25:00,514][9648][log_file.py][line: 23][DEBUG] ## ('从数据库获取apk链接写入日志', [])
[2020-04-18 14:30:00,496][12268][log_file.py][line: 23][DEBUG] ## ('从数据库获取apk链接写入日志', [])
[2020-04-18 14:35:00,522][3412][log_file.py][line: 23][DEBUG] ## ('从数据库获取apk链接写入日志', [])
[2020-04-18 14:40:00,644][11840][log_file.py][line: 23][DEBUG] ## ('从数据库获取apk链接写入日志', [])
[2020-04-18 14:45:00,634][6908][log_file.py][line: 23][DEBUG] ## ('从数据库获取apk链接写入日志', [])
[2020-04-18 14:50:00,562][9892][log_file.py][line: 23][DEBUG] ## ('从数据库获取apk链接写入日志', [])
[2020-04-18 14:55:00,506][1724][log_file.py][line: 23][DEBUG] ## ('从数据库获取apk链接写入日志', [])
[2020-04-18 15:00:00,510][11960][log_file.py][line: 23][DEBUG] ## ('从数据库获取apk链接写入日志', [])
[2020-04-18 15:05:00,492][2744][log_file.py][line: 23][DEBUG] ## ('从数据库获取apk链接写入日志', [])
[2020-04-18 15:10:00,601][10316][log_file.py][line: 23][DEBUG] ## ('从数据库获取apk链接写入日志', [])
[2020-04-18 15:15:00,585][10496][log_file.py][line: 23][DEBUG] ## ('从数据库获取apk链接写入日志', [])
[2020-04-18 15:20:00,513][11000][log_file.py][line: 23][DEBUG] ## ('从数据库获取apk链接写入日志', [])
[2020-04-18 15:25:00,550][6872][log_file.py][line: 23][DEBUG] ## ('从数据库获取apk链接写入日志', [])
[2020-04-18 15:30:00,519][12028][log_file.py][line: 23][DEBUG] ## ('从数据库获取apk链接写入日志', [])
[2020-04-18 15:35:00,511][8528][log_file.py][line: 23][DEBUG] ## ('从数据库获取apk链接写入日志', [])
[2020-04-18 15:40:00,553][10756][log_file.py][line: 23][DEBUG] ## ('从数据库获取apk链接写入日志', [])
[2020-04-18 15:45:00,594][5376][log_file.py][line: 23][DEBUG] ## ('从数据库获取apk链接写入日志', [])
[2020-04-18 15:50:00,537][9792][log_file.py][line: 23][DEBUG] ## ('从数据库获取apk链接写入日志', [])
[2020-04-18 15:55:00,496][9640][log_file.py][line: 23][DEBUG] ## ('从数据库获取apk链接写入日志', [])
[2020-04-18 16:00:00,542][12120][log_file.py][line: 23][DEBUG] ## ('从数据库获取apk链接写入日志', [])
[2020-04-18 16:05:00,574][12284][log_file.py][line: 23][DEBUG] ## ('从数据库获取apk链接写入日志', [])
[2020-04-18 16:10:00,496][9744][log_file.py][line: 23][DEBUG] ## ('从数据库获取apk链接写入日志', [])
[2020-04-18 16:15:00,535][12104][log_file.py][line: 23][DEBUG] ## ('从数据库获取apk链接写入日志', [])
[2020-04-18 16:20:00,556][7260][log_file.py][line: 23][DEBUG] ## ('从数据库获取apk链接写入日志', [])
[2020-04-18 16:25:00,562][10340][log_file.py][line: 23][DEBUG] ## ('从数据库获取apk链接写入日志', [])
[2020-04-18 16:30:00,608][9548][log_file.py][line: 23][DEBUG] ## ('从数据库获取apk链接写入日志', [])
[2020-04-18 16:35:00,523][6000][log_file.py][line: 23][DEBUG] ## ('从数据库获取apk链接写入日志', [])
[2020-04-18 16:40:00,613][8372][log_file.py][line: 23][DEBUG] ## ('从数据库获取apk链接写入日志', [])
[2020-04-18 16:45:00,512][2740][log_file.py][line: 23][DEBUG] ## ('从数据库获取apk链接写入日志', [])
[2020-04-18 16:50:00,551][2760][log_file.py][line: 23][DEBUG] ## ('从数据库获取apk链接写入日志', [])
[2020-04-18 16:55:00,551][12208][log_file.py][line: 23][DEBUG] ## ('从数据库获取apk链接写入日志', [])
[2020-04-18 17:00:00,569][10624][log_file.py][line: 23][DEBUG] ## ('从数据库获取apk链接写入日志', [])
[2020-04-18 17:05:00,629][9028][log_file.py][line: 23][DEBUG] ## ('从数据库获取apk链接写入日志', [])
[2020-04-18 17:10:00,520][11536][log_file.py][line: 23][DEBUG] ## ('从数据库获取apk链接写入日志', [])
[2020-04-18 17:15:00,543][11704][log_file.py][line: 23][DEBUG] ## ('从数据库获取apk链接写入日志', [])
[2020-04-18 17:20:00,540][9792][log_file.py][line: 23][DEBUG] ## ('从数据库获取apk链接写入日志', [])
[2020-04-18 17:25:00,638][4500][log_file.py][line: 23][DEBUG] ## ('从数据库获取apk链接写入日志', [])
[2020-04-18 17:30:00,550][10252][log_file.py][line: 23][DEBUG] ## ('从数据库获取apk链接写入日志', [])
[2020-04-18 17:35:00,607][10180][log_file.py][line: 23][DEBUG] ## ('从数据库获取apk链接写入日志', [])
[2020-04-18 17:40:00,538][9692][log_file.py][line: 23][DEBUG] ## ('从数据库获取apk链接写入日志', [])
[2020-04-18 17:45:00,553][9240][log_file.py][line: 23][DEBUG] ## ('从数据库获取apk链接写入日志', [])
[2020-04-18 17:50:00,512][8528][log_file.py][line: 23][DEBUG] ## ('从数据库获取apk链接写入日志', [])
[2020-04-18 17:55:00,530][6800][log_file.py][line: 23][DEBUG] ## ('从数据库获取apk链接写入日志', [])
[2020-04-18 18:00:00,605][11896][log_file.py][line: 23][DEBUG] ## ('从数据库获取apk链接写入日志', [])
[2020-04-18 18:05:00,568][6764][log_file.py][line: 23][DEBUG] ## ('从数据库获取apk链接写入日志', [])
[2020-04-18 18:10:00,530][12180][log_file.py][line: 23][DEBUG] ## ('从数据库获取apk链接写入日志', [])
[2020-04-18 18:15:00,531][10204][log_file.py][line: 23][DEBUG] ## ('从数据库获取apk链接写入日志', [])
[2020-04-18 18:20:00,540][11996][log_file.py][line: 23][DEBUG] ## ('从数据库获取apk链接写入日志', [])
[2020-04-18 18:25:00,500][7316][log_file.py][line: 23][DEBUG] ## ('从数据库获取apk链接写入日志', [])
[2020-04-18 18:30:00,537][9448][log_file.py][line: 23][DEBUG] ## ('从数据库获取apk链接写入日志', [])
[2020-04-18 18:35:00,523][3492][log_file.py][line: 23][DEBUG] ## ('从数据库获取apk链接写入日志', [])
[2020-04-18 18:40:00,653][10332][log_file.py][line: 23][DEBUG] ## ('从数据库获取apk链接写入日志', [])
[2020-04-18 18:45:00,484][1040][log_file.py][line: 23][DEBUG] ## ('从数据库获取apk链接写入日志', [])
[2020-04-18 18:50:00,552][6112][log_file.py][line: 23][DEBUG] ## ('从数据库获取apk链接写入日志', [])
[2020-04-18 18:55:00,540][3272][log_file.py][line: 23][DEBUG] ## ('从数据库获取apk链接写入日志', [])
[2020-04-18 19:00:00,507][8872][log_file.py][line: 23][DEBUG] ## ('从数据库获取apk链接写入日志', [])
[2020-04-18 19:05:01,749][10788][log_file.py][line: 23][DEBUG] ## ('从数据库获取apk链接写入日志', [])
[2020-04-18 19:10:00,541][5544][log_file.py][line: 23][DEBUG] ## ('从数据库获取apk链接写入日志', [])
[2020-04-18 19:15:00,556][11836][log_file.py][line: 23][DEBUG] ## ('从数据库获取apk链接写入日志', [])
[2020-04-18 19:20:00,504][11856][log_file.py][line: 23][DEBUG] ## ('从数据库获取apk链接写入日志', [])
[2020-04-18 19:25:00,537][9276][log_file.py][line: 23][DEBUG] ## ('从数据库获取apk链接写入日志', [])
[2020-04-18 19:30:00,574][2808][log_file.py][line: 23][DEBUG] ## ('从数据库获取apk链接写入日志', [])
[2020-04-18 19:35:00,513][4148][log_file.py][line: 23][DEBUG] ## ('从数据库获取apk链接写入日志', [])
[2020-04-18 19:40:00,555][11920][log_file.py][line: 23][DEBUG] ## ('从数据库获取apk链接写入日志', [])
[2020-04-18 19:45:00,609][11124][log_file.py][line: 23][DEBUG] ## ('从数据库获取apk链接写入日志', [])
[2020-04-18 19:50:00,605][10944][log_file.py][line: 23][DEBUG] ## ('从数据库获取apk链接写入日志', [])
[2020-04-18 19:55:00,512][9320][log_file.py][line: 23][DEBUG] ## ('从数据库获取apk链接写入日志', [])
[2020-04-18 20:00:00,539][8680][log_file.py][line: 23][DEBUG] ## ('从数据库获取apk链接写入日志', [])
[2020-04-18 20:05:00,524][7464][log_file.py][line: 23][DEBUG] ## ('从数据库获取apk链接写入日志', [])
[2020-04-18 20:10:00,511][11416][log_file.py][line: 23][DEBUG] ## ('从数据库获取apk链接写入日志', [])
[2020-04-18 20:15:00,572][5664][log_file.py][line: 23][DEBUG] ## ('从数据库获取apk链接写入日志', [])
[2020-04-18 20:20:00,511][11612][log_file.py][line: 23][DEBUG] ## ('从数据库获取apk链接写入日志', [])
[2020-04-18 20:25:00,552][1732][log_file.py][line: 23][DEBUG] ## ('从数据库获取apk链接写入日志', [])
[2020-04-18 20:30:00,562][9140][log_file.py][line: 23][DEBUG] ## ('从数据库获取apk链接写入日志', [])
[2020-04-18 20:35:00,551][10536][log_file.py][line: 23][DEBUG] ## ('从数据库获取apk链接写入日志', [])
[2020-04-18 20:40:00,529][9456][log_file.py][line: 23][DEBUG] ## ('从数据库获取apk链接写入日志', [])
[2020-04-18 20:45:01,332][11136][log_file.py][line: 23][DEBUG] ## ('从数据库获取apk链接写入日志', [])
[2020-04-18 20:50:00,546][2136][log_file.py][line: 23][DEBUG] ## ('从数据库获取apk链接写入日志', [])
[2020-04-18 20:55:00,538][1508][log_file.py][line: 23][DEBUG] ## ('从数据库获取apk链接写入日志', [])
[2020-04-18 21:00:00,518][3076][log_file.py][line: 23][DEBUG] ## ('从数据库获取apk链接写入日志', [])
[2020-04-18 21:05:00,543][11524][log_file.py][line: 23][DEBUG] ## ('从数据库获取apk链接写入日志', [])
[2020-04-18 21:10:00,539][10948][log_file.py][line: 23][DEBUG] ## ('从数据库获取apk链接写入日志', [])
[2020-04-18 21:15:00,579][6116][log_file.py][line: 23][DEBUG] ## ('从数据库获取apk链接写入日志', [])
[2020-04-18 21:20:00,510][11436][log_file.py][line: 23][DEBUG] ## ('从数据库获取apk链接写入日志', [])
[2020-04-18 21:25:00,548][7464][log_file.py][line: 23][DEBUG] ## ('从数据库获取apk链接写入日志', [])
[2020-04-18 21:30:00,527][7148][log_file.py][line: 23][DEBUG] ## ('从数据库获取apk链接写入日志', [])
[2020-04-18 21:35:00,565][9864][log_file.py][line: 23][DEBUG] ## ('从数据库获取apk链接写入日志', [])
[2020-04-18 21:40:00,551][11120][log_file.py][line: 23][DEBUG] ## ('从数据库获取apk链接写入日志', [])
[2020-04-18 21:45:00,585][9616][log_file.py][line: 23][DEBUG] ## ('从数据库获取apk链接写入日志', [])
[2020-04-18 21:50:00,536][11800][log_file.py][line: 23][DEBUG] ## ('从数据库获取apk链接写入日志', [])
[2020-04-18 21:55:00,527][8760][log_file.py][line: 23][DEBUG] ## ('从数据库获取apk链接写入日志', [])
[2020-04-18 22:00:00,572][11392][log_file.py][line: 23][DEBUG] ## ('从数据库获取apk链接写入日志', [])
[2020-04-18 22:05:00,531][11704][log_file.py][line: 23][DEBUG] ## ('从数据库获取apk链接写入日志', [])
[2020-04-18 22:10:00,550][5288][log_file.py][line: 23][DEBUG] ## ('从数据库获取apk链接写入日志', [])
[2020-04-18 22:15:00,521][10132][log_file.py][line: 23][DEBUG] ## ('从数据库获取apk链接写入日志', [])
[2020-04-18 22:20:00,519][6260][log_file.py][line: 23][DEBUG] ## ('从数据库获取apk链接写入日志', [])
[2020-04-18 22:25:00,564][12104][log_file.py][line: 23][DEBUG] ## ('从数据库获取apk链接写入日志', [])
[2020-04-18 22:30:00,529][3340][log_file.py][line: 23][DEBUG] ## ('从数据库获取apk链接写入日志', [])
[2020-04-18 22:35:00,513][9192][log_file.py][line: 23][DEBUG] ## ('从数据库获取apk链接写入日志', [])
[2020-04-18 22:40:00,579][1100][log_file.py][line: 23][DEBUG] ## ('从数据库获取apk链接写入日志', [])
[2020-04-18 22:45:00,526][10836][log_file.py][line: 23][DEBUG] ## ('从数据库获取apk链接写入日志', [])
[2020-04-18 22:50:00,539][10100][log_file.py][line: 23][DEBUG] ## ('从数据库获取apk链接写入日志', [])
[2020-04-18 22:55:00,558][11416][log_file.py][line: 23][DEBUG] ## ('从数据库获取apk链接写入日志', [])
[2020-04-18 23:00:00,486][5244][log_file.py][line: 23][DEBUG] ## ('从数据库获取apk链接写入日志', [])
[2020-04-18 23:05:00,562][11740][log_file.py][line: 23][DEBUG] ## ('从数据库获取apk链接写入日志', [])
[2020-04-18 23:10:00,556][11336][log_file.py][line: 23][DEBUG] ## ('从数据库获取apk链接写入日志', [])
[2020-04-18 23:15:00,534][10552][log_file.py][line: 23][DEBUG] ## ('从数据库获取apk链接写入日志', [])
[2020-04-18 23:20:00,536][2732][log_file.py][line: 23][DEBUG] ## ('从数据库获取apk链接写入日志', [])
[2020-04-18 23:25:00,559][11496][log_file.py][line: 23][DEBUG] ## ('从数据库获取apk链接写入日志', [])
[2020-04-18 23:30:00,549][11216][log_file.py][line: 23][DEBUG] ## ('从数据库获取apk链接写入日志', [])
[2020-04-18 23:35:01,439][5376][log_file.py][line: 23][DEBUG] ## ('从数据库获取apk链接写入日志', [])
[2020-04-18 23:40:00,562][2708][log_file.py][line: 23][DEBUG] ## ('从数据库获取apk链接写入日志', [])
[2020-04-18 23:45:00,531][6320][log_file.py][line: 23][DEBUG] ## ('从数据库获取apk链接写入日志', [])
[2020-04-18 23:50:00,550][11156][log_file.py][line: 23][DEBUG] ## ('从数据库获取apk链接写入日志', [])
[2020-04-18 23:55:00,538][11796][log_file.py][line: 23][DEBUG] ## ('从数据库获取apk链接写入日志', [])
