[2020-05-21 19:40:00,720][14560][log_file.py][line: 23][DEBUG] ## ('从数据库获取apk链接写入日志', [])
[2020-05-21 19:45:00,745][14444][log_file.py][line: 23][DEBUG] ## ('从数据库获取apk链接写入日志', [])
[2020-05-21 19:50:03,058][13120][log_file.py][line: 23][DEBUG] ## ('从数据库获取apk链接写入日志', [])
[2020-05-21 19:55:02,785][2264][log_file.py][line: 23][DEBUG] ## ('从数据库获取apk链接写入日志', [])
[2020-05-21 20:00:00,782][13780][log_file.py][line: 23][DEBUG] ## ('从数据库获取apk链接写入日志', ['http://pkg.superdalan.com/game.pkg/download?pkgId=2548&f=ntxsry_rongyao_android_48_1.0.0_20200521_195820.apk'])
[2020-05-21 20:02:06,407][14088][log_file.py][line: 23][DEBUG] ## ('-----------54a4c6159804___20200521_195820.apk----节点1-----------下载校验结果：True',)
[2020-05-21 20:02:56,493][14088][log_file.py][line: 23][DEBUG] ## ('---------54a4c6159804___20200521_195820.apk-------节点2------安装返回结果：True',)
[2020-05-21 20:03:03,232][14088][log_file.py][line: 23][DEBUG] ## ('--------54a4c6159804___20200521_195820.apk---节点3--------后台没有配置素材无需校验',)
[2020-05-21 20:03:10,717][14088][log_file.py][line: 23][DEBUG] ## ('54a4c6159804___20200521_195820.apk_非Dalan_Dsdk渠道包，不走自动化流程',)
[2020-05-21 20:05:04,030][9540][log_file.py][line: 23][DEBUG] ## ('从数据库获取apk链接写入日志', [])
[2020-05-21 20:10:00,892][13728][log_file.py][line: 23][DEBUG] ## ('从数据库获取apk链接写入日志', [])
[2020-05-21 20:15:02,871][7196][log_file.py][line: 23][DEBUG] ## ('从数据库获取apk链接写入日志', [])
[2020-05-21 20:20:00,699][12024][log_file.py][line: 23][DEBUG] ## ('从数据库获取apk链接写入日志', [])
[2020-05-21 20:25:00,737][12420][log_file.py][line: 23][DEBUG] ## ('从数据库获取apk链接写入日志', ['http://pkg.superdalan.com/game.pkg/download?pkgId=2346&f=rongyao26_rongyao_android_48_1.0.0_20200521_202415.apk'])
[2020-05-21 20:26:58,495][13504][log_file.py][line: 23][DEBUG] ## ('-----------54a4c6159804___20200521_202415.apk----节点1-----------下载校验结果：True',)
[2020-05-21 20:27:37,957][13504][log_file.py][line: 23][DEBUG] ## ('---------54a4c6159804___20200521_202415.apk-------节点2------安装返回结果：True',)
[2020-05-21 20:27:38,270][13504][log_file.py][line: 23][DEBUG] ## ('--------54a4c6159804___20200521_202415.apk---节点3--------后台没有配置素材无需校验',)
[2020-05-21 20:27:45,786][13504][log_file.py][line: 23][DEBUG] ## ('54a4c6159804___20200521_202415.apk_非Dalan_Dsdk渠道包，不走自动化流程',)
[2020-05-21 20:30:00,714][15296][log_file.py][line: 23][DEBUG] ## ('从数据库获取apk链接写入日志', ['http://pkg.superdalan.com/game.pkg/download?pkgId=2349&f=rongyao22_rongyao_android_48_1.0.0_20200521_202842.apk'])
[2020-05-21 20:31:51,269][14440][log_file.py][line: 23][DEBUG] ## ('-----------54a4c6159804___20200521_202842.apk----节点1-----------下载校验结果：True',)
[2020-05-21 20:32:34,773][14440][log_file.py][line: 23][DEBUG] ## ('---------54a4c6159804___20200521_202842.apk-------节点2------安装返回结果：True',)
[2020-05-21 20:32:34,906][14440][log_file.py][line: 23][DEBUG] ## ('--------54a4c6159804___20200521_202842.apk---节点3--------后台没有配置素材无需校验',)
[2020-05-21 20:32:40,079][14440][log_file.py][line: 23][DEBUG] ## ('54a4c6159804___20200521_202842.apk_非Dalan_Dsdk渠道包，不走自动化流程',)
[2020-05-25 12:00:00,768][11716][log_file.py][line: 23][DEBUG] ## ('从数据库获取apk链接写入日志', ['http://pkg.superdalan.com/game.pkg/download?pkgId=2236&f=qyjtt_dalan_dsdk_48_1.0.0_20200525_120040.apk'])
[2020-05-25 12:00:34,361][9144][log_file.py][line: 23][DEBUG] ## ('-----------54a4c6159804___20200525_120040.apk----节点1-----------下载校验结果：True',)
[2020-05-25 12:05:01,955][12868][log_file.py][line: 23][DEBUG] ## ('从数据库获取apk链接写入日志', ['http://pkg.superdalan.com/game.pkg/download?pkgId=2236&f=qyjtt_dalan_dsdk_48_1.0.0_20200525_120040.apk', 'http://pkg.superdalan.com/game.pkg/download?pkgId=2285&f=mszytt_dalan_dsdk_48_1.0.0_20200525_120219.apk'])
[2020-05-25 12:05:23,046][12172][log_file.py][line: 23][DEBUG] ## ('-----------54a4c6159804___20200525_120040.apk----节点1-----------下载校验结果：True',)
[2020-05-25 12:05:25,945][11884][log_file.py][line: 23][DEBUG] ## ('-----------R8AYIJWO99999999___20200525_120219.apk----节点1-----------下载校验结果：True',)
[2020-05-25 12:06:38,253][12172][log_file.py][line: 23][DEBUG] ## ('---------54a4c6159804___20200525_120040.apk-------节点2------安装返回结果：True',)
[2020-05-25 12:06:57,657][12172][log_file.py][line: 23][DEBUG] ## ("------------54a4c6159804___20200525_120040.apk----节点3---------拆包校验结果：True:['55a4752d2937871a59fd3546e7fc26c0.jpg', '0701c31342d4c11e52a4454525ed84a7.jpg']",)
[2020-05-25 12:07:01,830][11884][log_file.py][line: 23][DEBUG] ## ('---------R8AYIJWO99999999___20200525_120219.apk-------节点2------安装返回结果：True',)
[2020-05-25 12:07:44,613][11884][log_file.py][line: 23][DEBUG] ## ("------------R8AYIJWO99999999___20200525_120219.apk----节点3---------拆包校验结果：True:['874f34768a3132bb26be7a3abb7677c7.jpg', '5b6abeb701e38265f3e0bf0d61ca295b.jpg']",)
[2020-05-25 12:08:10,858][12172][log_file.py][line: 23][DEBUG] ## ('-----------54a4c6159804___20200525_120040.apk----节点4----------打开游戏结果:True',)
[2020-05-25 12:08:54,999][11884][log_file.py][line: 23][DEBUG] ## ('-----------R8AYIJWO99999999___20200525_120219.apk----节点4----------打开游戏结果:True',)
[2020-05-25 12:09:06,235][12172][log_file.py][line: 23][DEBUG] ## ('-----------54a4c6159804___20200525_120040.apk----节点5----------登录游戏结果:True',)
[2020-05-25 12:09:44,419][11884][log_file.py][line: 23][DEBUG] ## ('-----------R8AYIJWO99999999___20200525_120219.apk----节点5----------登录游戏结果:True',)
[2020-05-25 12:09:51,146][12172][log_file.py][line: 23][DEBUG] ## ('------54a4c6159804___20200525_120040.apk---节点6-------下单调起微信结果:True',)
[2020-05-25 12:10:27,152][11884][log_file.py][line: 23][DEBUG] ## ('------R8AYIJWO99999999___20200525_120219.apk---节点6-------下单调起微信结果:True',)