[2020-05-29 00:00:00,675][10580][log_file.py][line: 23][DEBUG] ## ('从数据库获取apk链接写入日志', [])
[2020-05-29 00:05:00,724][12172][log_file.py][line: 23][DEBUG] ## ('从数据库获取apk链接写入日志', [])
[2020-05-29 00:10:00,699][7068][log_file.py][line: 23][DEBUG] ## ('从数据库获取apk链接写入日志', [])
[2020-05-29 00:15:00,679][10716][log_file.py][line: 23][DEBUG] ## ('从数据库获取apk链接写入日志', [])
[2020-05-29 00:20:00,656][12100][log_file.py][line: 23][DEBUG] ## ('从数据库获取apk链接写入日志', [])
[2020-05-29 00:25:00,709][12000][log_file.py][line: 23][DEBUG] ## ('从数据库获取apk链接写入日志', [])
[2020-05-29 00:30:00,666][4768][log_file.py][line: 23][DEBUG] ## ('从数据库获取apk链接写入日志', [])
[2020-05-29 00:35:00,649][7624][log_file.py][line: 23][DEBUG] ## ('从数据库获取apk链接写入日志', [])
[2020-05-29 00:40:00,694][9732][log_file.py][line: 23][DEBUG] ## ('从数据库获取apk链接写入日志', [])
[2020-05-29 00:45:00,725][11708][log_file.py][line: 23][DEBUG] ## ('从数据库获取apk链接写入日志', [])
[2020-05-29 00:50:00,710][10760][log_file.py][line: 23][DEBUG] ## ('从数据库获取apk链接写入日志', [])
[2020-05-29 00:55:00,690][9576][log_file.py][line: 23][DEBUG] ## ('从数据库获取apk链接写入日志', [])
[2020-05-29 01:00:00,707][9532][log_file.py][line: 23][DEBUG] ## ('从数据库获取apk链接写入日志', [])
[2020-05-29 01:05:00,682][11160][log_file.py][line: 23][DEBUG] ## ('从数据库获取apk链接写入日志', [])
[2020-05-29 01:10:00,681][11212][log_file.py][line: 23][DEBUG] ## ('从数据库获取apk链接写入日志', [])
[2020-05-29 01:15:00,666][7760][log_file.py][line: 23][DEBUG] ## ('从数据库获取apk链接写入日志', [])
[2020-05-29 01:20:00,669][12220][log_file.py][line: 23][DEBUG] ## ('从数据库获取apk链接写入日志', [])
[2020-05-29 01:25:00,704][7860][log_file.py][line: 23][DEBUG] ## ('从数据库获取apk链接写入日志', [])
[2020-05-29 01:30:00,676][9848][log_file.py][line: 23][DEBUG] ## ('从数据库获取apk链接写入日志', [])
[2020-05-29 01:35:00,659][3196][log_file.py][line: 23][DEBUG] ## ('从数据库获取apk链接写入日志', [])
[2020-05-29 01:40:00,674][4688][log_file.py][line: 23][DEBUG] ## ('从数据库获取apk链接写入日志', [])
[2020-05-29 01:45:00,692][11564][log_file.py][line: 23][DEBUG] ## ('从数据库获取apk链接写入日志', [])
[2020-05-29 01:50:00,713][10272][log_file.py][line: 23][DEBUG] ## ('从数据库获取apk链接写入日志', [])
[2020-05-29 01:55:00,648][5320][log_file.py][line: 23][DEBUG] ## ('从数据库获取apk链接写入日志', [])
[2020-05-29 02:00:00,711][10652][log_file.py][line: 23][DEBUG] ## ('从数据库获取apk链接写入日志', [])
[2020-05-29 02:05:00,693][11976][log_file.py][line: 23][DEBUG] ## ('从数据库获取apk链接写入日志', [])
[2020-05-29 02:10:00,687][11292][log_file.py][line: 23][DEBUG] ## ('从数据库获取apk链接写入日志', [])
[2020-05-29 02:15:00,707][11360][log_file.py][line: 23][DEBUG] ## ('从数据库获取apk链接写入日志', [])
[2020-05-29 02:20:00,721][1200][log_file.py][line: 23][DEBUG] ## ('从数据库获取apk链接写入日志', [])
[2020-05-29 02:25:00,724][11720][log_file.py][line: 23][DEBUG] ## ('从数据库获取apk链接写入日志', [])
[2020-05-29 02:30:00,698][6516][log_file.py][line: 23][DEBUG] ## ('从数据库获取apk链接写入日志', [])
[2020-05-29 02:35:00,634][11604][log_file.py][line: 23][DEBUG] ## ('从数据库获取apk链接写入日志', [])
[2020-05-29 02:40:00,688][5568][log_file.py][line: 23][DEBUG] ## ('从数据库获取apk链接写入日志', [])
[2020-05-29 02:45:00,703][11444][log_file.py][line: 23][DEBUG] ## ('从数据库获取apk链接写入日志', [])
[2020-05-29 02:50:00,682][9476][log_file.py][line: 23][DEBUG] ## ('从数据库获取apk链接写入日志', [])
[2020-05-29 02:55:00,701][3536][log_file.py][line: 23][DEBUG] ## ('从数据库获取apk链接写入日志', [])
[2020-05-29 03:00:00,700][8724][log_file.py][line: 23][DEBUG] ## ('从数据库获取apk链接写入日志', [])
[2020-05-29 03:05:00,677][11816][log_file.py][line: 23][DEBUG] ## ('从数据库获取apk链接写入日志', [])
[2020-05-29 03:10:00,733][7068][log_file.py][line: 23][DEBUG] ## ('从数据库获取apk链接写入日志', [])
[2020-05-29 03:15:00,627][11044][log_file.py][line: 23][DEBUG] ## ('从数据库获取apk链接写入日志', [])
[2020-05-29 03:20:00,687][3516][log_file.py][line: 23][DEBUG] ## ('从数据库获取apk链接写入日志', [])
[2020-05-29 03:25:00,687][5160][log_file.py][line: 23][DEBUG] ## ('从数据库获取apk链接写入日志', [])
[2020-05-29 03:30:00,698][7516][log_file.py][line: 23][DEBUG] ## ('从数据库获取apk链接写入日志', [])
[2020-05-29 03:35:00,698][9408][log_file.py][line: 23][DEBUG] ## ('从数据库获取apk链接写入日志', [])
[2020-05-29 03:40:00,689][10928][log_file.py][line: 23][DEBUG] ## ('从数据库获取apk链接写入日志', [])
[2020-05-29 03:45:00,677][11688][log_file.py][line: 23][DEBUG] ## ('从数据库获取apk链接写入日志', [])
[2020-05-29 03:50:00,658][2000][log_file.py][line: 23][DEBUG] ## ('从数据库获取apk链接写入日志', [])
[2020-05-29 03:55:00,680][9852][log_file.py][line: 23][DEBUG] ## ('从数据库获取apk链接写入日志', [])
[2020-05-29 04:00:00,644][7732][log_file.py][line: 23][DEBUG] ## ('从数据库获取apk链接写入日志', [])
[2020-05-29 04:05:00,683][7280][log_file.py][line: 23][DEBUG] ## ('从数据库获取apk链接写入日志', [])
[2020-05-29 04:10:00,731][9608][log_file.py][line: 23][DEBUG] ## ('从数据库获取apk链接写入日志', [])
[2020-05-29 04:15:00,686][9856][log_file.py][line: 23][DEBUG] ## ('从数据库获取apk链接写入日志', [])
[2020-05-29 04:20:00,735][3080][log_file.py][line: 23][DEBUG] ## ('从数据库获取apk链接写入日志', [])
[2020-05-29 04:25:00,685][12272][log_file.py][line: 23][DEBUG] ## ('从数据库获取apk链接写入日志', [])
[2020-05-29 04:30:00,634][11332][log_file.py][line: 23][DEBUG] ## ('从数据库获取apk链接写入日志', [])
[2020-05-29 04:35:00,695][11660][log_file.py][line: 23][DEBUG] ## ('从数据库获取apk链接写入日志', [])
[2020-05-29 04:40:00,684][11308][log_file.py][line: 23][DEBUG] ## ('从数据库获取apk链接写入日志', [])
[2020-05-29 04:45:00,720][3348][log_file.py][line: 23][DEBUG] ## ('从数据库获取apk链接写入日志', [])
[2020-05-29 04:50:00,730][1752][log_file.py][line: 23][DEBUG] ## ('从数据库获取apk链接写入日志', [])
[2020-05-29 04:55:00,723][4784][log_file.py][line: 23][DEBUG] ## ('从数据库获取apk链接写入日志', [])
[2020-05-29 05:00:00,678][10760][log_file.py][line: 23][DEBUG] ## ('从数据库获取apk链接写入日志', [])
[2020-05-29 05:05:00,632][10612][log_file.py][line: 23][DEBUG] ## ('从数据库获取apk链接写入日志', [])
[2020-05-29 05:10:00,678][1904][log_file.py][line: 23][DEBUG] ## ('从数据库获取apk链接写入日志', [])
[2020-05-29 05:15:00,717][10968][log_file.py][line: 23][DEBUG] ## ('从数据库获取apk链接写入日志', [])
[2020-05-29 05:20:00,659][9948][log_file.py][line: 23][DEBUG] ## ('从数据库获取apk链接写入日志', [])
[2020-05-29 05:25:00,669][3396][log_file.py][line: 23][DEBUG] ## ('从数据库获取apk链接写入日志', [])
[2020-05-29 05:30:00,687][9764][log_file.py][line: 23][DEBUG] ## ('从数据库获取apk链接写入日志', [])
[2020-05-29 05:35:00,651][9692][log_file.py][line: 23][DEBUG] ## ('从数据库获取apk链接写入日志', [])
[2020-05-29 05:40:00,643][5112][log_file.py][line: 23][DEBUG] ## ('从数据库获取apk链接写入日志', [])
[2020-05-29 05:45:00,695][9536][log_file.py][line: 23][DEBUG] ## ('从数据库获取apk链接写入日志', [])
[2020-05-29 05:50:00,696][10632][log_file.py][line: 23][DEBUG] ## ('从数据库获取apk链接写入日志', [])
[2020-05-29 05:55:00,647][5112][log_file.py][line: 23][DEBUG] ## ('从数据库获取apk链接写入日志', [])
[2020-05-29 06:00:00,667][11636][log_file.py][line: 23][DEBUG] ## ('从数据库获取apk链接写入日志', [])
[2020-05-29 06:05:00,708][10896][log_file.py][line: 23][DEBUG] ## ('从数据库获取apk链接写入日志', [])
[2020-05-29 06:10:00,678][11476][log_file.py][line: 23][DEBUG] ## ('从数据库获取apk链接写入日志', [])
[2020-05-29 06:15:00,756][9744][log_file.py][line: 23][DEBUG] ## ('从数据库获取apk链接写入日志', [])
[2020-05-29 06:20:00,700][4744][log_file.py][line: 23][DEBUG] ## ('从数据库获取apk链接写入日志', [])
[2020-05-29 06:25:00,717][11952][log_file.py][line: 23][DEBUG] ## ('从数据库获取apk链接写入日志', [])
[2020-05-29 06:30:00,689][9684][log_file.py][line: 23][DEBUG] ## ('从数据库获取apk链接写入日志', [])
[2020-05-29 06:35:00,714][8316][log_file.py][line: 23][DEBUG] ## ('从数据库获取apk链接写入日志', [])
[2020-05-29 06:40:00,669][3604][log_file.py][line: 23][DEBUG] ## ('从数据库获取apk链接写入日志', [])
[2020-05-29 06:45:00,674][11792][log_file.py][line: 23][DEBUG] ## ('从数据库获取apk链接写入日志', [])
[2020-05-29 06:50:00,643][6788][log_file.py][line: 23][DEBUG] ## ('从数据库获取apk链接写入日志', [])
[2020-05-29 06:55:00,681][10848][log_file.py][line: 23][DEBUG] ## ('从数据库获取apk链接写入日志', [])
[2020-05-29 07:00:00,697][9396][log_file.py][line: 23][DEBUG] ## ('从数据库获取apk链接写入日志', [])
[2020-05-29 07:05:00,691][11340][log_file.py][line: 23][DEBUG] ## ('从数据库获取apk链接写入日志', [])
[2020-05-29 07:10:00,681][12272][log_file.py][line: 23][DEBUG] ## ('从数据库获取apk链接写入日志', [])
[2020-05-29 07:15:00,672][4744][log_file.py][line: 23][DEBUG] ## ('从数据库获取apk链接写入日志', [])
[2020-05-29 07:20:00,653][10236][log_file.py][line: 23][DEBUG] ## ('从数据库获取apk链接写入日志', [])
[2020-05-29 07:25:00,658][12080][log_file.py][line: 23][DEBUG] ## ('从数据库获取apk链接写入日志', [])
[2020-05-29 07:30:00,707][5124][log_file.py][line: 23][DEBUG] ## ('从数据库获取apk链接写入日志', [])
[2020-05-29 07:35:00,674][3916][log_file.py][line: 23][DEBUG] ## ('从数据库获取apk链接写入日志', [])
[2020-05-29 07:40:00,718][11932][log_file.py][line: 23][DEBUG] ## ('从数据库获取apk链接写入日志', [])
[2020-05-29 07:45:00,666][1280][log_file.py][line: 23][DEBUG] ## ('从数据库获取apk链接写入日志', [])
[2020-05-29 07:50:00,710][10216][log_file.py][line: 23][DEBUG] ## ('从数据库获取apk链接写入日志', [])
[2020-05-29 07:55:00,685][11212][log_file.py][line: 23][DEBUG] ## ('从数据库获取apk链接写入日志', [])
[2020-05-29 08:00:00,693][6516][log_file.py][line: 23][DEBUG] ## ('从数据库获取apk链接写入日志', [])
[2020-05-29 08:05:00,691][4140][log_file.py][line: 23][DEBUG] ## ('从数据库获取apk链接写入日志', [])
[2020-05-29 08:10:00,735][8184][log_file.py][line: 23][DEBUG] ## ('从数据库获取apk链接写入日志', [])
[2020-05-29 08:15:00,713][10896][log_file.py][line: 23][DEBUG] ## ('从数据库获取apk链接写入日志', [])
[2020-05-29 08:20:00,661][11816][log_file.py][line: 23][DEBUG] ## ('从数据库获取apk链接写入日志', [])
[2020-05-29 08:25:00,699][11560][log_file.py][line: 23][DEBUG] ## ('从数据库获取apk链接写入日志', [])
[2020-05-29 08:30:00,675][11360][log_file.py][line: 23][DEBUG] ## ('从数据库获取apk链接写入日志', [])
[2020-05-29 08:35:00,675][12276][log_file.py][line: 23][DEBUG] ## ('从数据库获取apk链接写入日志', [])
[2020-05-29 08:40:00,689][9476][log_file.py][line: 23][DEBUG] ## ('从数据库获取apk链接写入日志', [])
[2020-05-29 08:45:00,672][9872][log_file.py][line: 23][DEBUG] ## ('从数据库获取apk链接写入日志', [])
[2020-05-29 08:50:00,698][6952][log_file.py][line: 23][DEBUG] ## ('从数据库获取apk链接写入日志', [])
[2020-05-29 08:55:00,687][11660][log_file.py][line: 23][DEBUG] ## ('从数据库获取apk链接写入日志', [])
[2020-05-29 09:00:00,663][12220][log_file.py][line: 23][DEBUG] ## ('从数据库获取apk链接写入日志', [])
[2020-05-29 09:05:00,649][11780][log_file.py][line: 23][DEBUG] ## ('从数据库获取apk链接写入日志', [])
[2020-05-29 09:10:00,667][9876][log_file.py][line: 23][DEBUG] ## ('从数据库获取apk链接写入日志', [])
[2020-05-29 09:15:00,686][10308][log_file.py][line: 23][DEBUG] ## ('从数据库获取apk链接写入日志', [])
[2020-05-29 09:20:00,692][10468][log_file.py][line: 23][DEBUG] ## ('从数据库获取apk链接写入日志', [])
[2020-05-29 09:25:00,698][12160][log_file.py][line: 23][DEBUG] ## ('从数据库获取apk链接写入日志', [])
[2020-05-29 09:30:00,691][3660][log_file.py][line: 23][DEBUG] ## ('从数据库获取apk链接写入日志', [])
[2020-05-29 09:35:00,683][10904][log_file.py][line: 23][DEBUG] ## ('从数据库获取apk链接写入日志', [])
[2020-05-29 09:40:00,643][12052][log_file.py][line: 23][DEBUG] ## ('从数据库获取apk链接写入日志', [])
[2020-05-29 09:45:00,705][5320][log_file.py][line: 23][DEBUG] ## ('从数据库获取apk链接写入日志', [])
[2020-05-29 09:50:00,690][8652][log_file.py][line: 23][DEBUG] ## ('从数据库获取apk链接写入日志', [])
[2020-05-29 09:55:00,669][9380][log_file.py][line: 23][DEBUG] ## ('从数据库获取apk链接写入日志', [])
[2020-05-29 10:00:00,662][4492][log_file.py][line: 23][DEBUG] ## ('从数据库获取apk链接写入日志', [])
[2020-05-29 10:05:00,718][11816][log_file.py][line: 23][DEBUG] ## ('从数据库获取apk链接写入日志', [])
[2020-05-29 10:10:00,854][7268][log_file.py][line: 23][DEBUG] ## ('从数据库获取apk链接写入日志', [])
[2020-05-29 10:15:00,708][3592][log_file.py][line: 23][DEBUG] ## ('从数据库获取apk链接写入日志', [])
[2020-05-29 10:20:00,664][6764][log_file.py][line: 23][DEBUG] ## ('从数据库获取apk链接写入日志', [])
[2020-05-29 10:25:00,717][9760][log_file.py][line: 23][DEBUG] ## ('从数据库获取apk链接写入日志', [])
[2020-05-29 10:30:00,731][2888][log_file.py][line: 23][DEBUG] ## ('从数据库获取apk链接写入日志', [])
[2020-05-29 10:35:00,717][11796][log_file.py][line: 23][DEBUG] ## ('从数据库获取apk链接写入日志', [])
[2020-05-29 10:40:00,651][6264][log_file.py][line: 23][DEBUG] ## ('从数据库获取apk链接写入日志', [])
[2020-05-29 10:45:00,711][1200][log_file.py][line: 23][DEBUG] ## ('从数据库获取apk链接写入日志', [])
[2020-05-29 10:50:00,716][9324][log_file.py][line: 23][DEBUG] ## ('从数据库获取apk链接写入日志', [])
[2020-05-29 10:55:00,706][8184][log_file.py][line: 23][DEBUG] ## ('从数据库获取apk链接写入日志', [])
[2020-05-29 11:00:00,685][2540][log_file.py][line: 23][DEBUG] ## ('从数据库获取apk链接写入日志', [])
[2020-05-29 11:05:00,698][10216][log_file.py][line: 23][DEBUG] ## ('从数据库获取apk链接写入日志', [])
[2020-05-29 11:10:00,749][11340][log_file.py][line: 23][DEBUG] ## ('从数据库获取apk链接写入日志', [])
[2020-05-29 11:15:00,663][11576][log_file.py][line: 23][DEBUG] ## ('从数据库获取apk链接写入日志', ['http://pkg.superdalan.com/game.pkg/download?pkgId=2825&f=lltxwzjhbd_dalan_dsdk_48_1.0.0_20200528_203440.apk', 'http://pkg.superdalan.com/game.pkg/download?pkgId=2825&f=lltxwzjhbd_dalan_dsdk_48_1.0.0_20200529_111705.apk'])
[2020-05-29 11:20:00,703][10620][log_file.py][line: 23][DEBUG] ## ('从数据库获取apk链接写入日志', ['http://pkg.superdalan.com/game.pkg/download?pkgId=2825&f=lltxwzjhbd_dalan_dsdk_48_1.0.0_20200528_203440.apk', 'http://pkg.superdalan.com/game.pkg/download?pkgId=2825&f=lltxwzjhbd_dalan_dsdk_48_1.0.0_20200529_111705.apk'])
[2020-05-29 11:20:22,575][11060][log_file.py][line: 23][DEBUG] ## ('-----------R8AYIJWO99999999___20200529_111705.apk----节点1-----------下载校验结果：True',)
[2020-05-29 11:20:22,712][10976][log_file.py][line: 23][DEBUG] ## ('-----------54a4c6159804___20200528_203440.apk----节点1-----------下载校验结果：True',)
[2020-05-29 11:21:09,247][10976][log_file.py][line: 23][DEBUG] ## ('---------54a4c6159804___20200528_203440.apk-------节点2------安装返回结果：True',)
[2020-05-29 11:21:34,019][11060][log_file.py][line: 23][DEBUG] ## ('---------R8AYIJWO99999999___20200529_111705.apk-------节点2------安装返回结果：True',)
[2020-05-29 11:21:35,724][10976][log_file.py][line: 23][DEBUG] ## ("------------54a4c6159804___20200528_203440.apk----节点3---------拆包校验结果：True:['37cef88c236306b8e48789247403dea8.jpg', '691621af884e8be6af6ecd70b27000cb.jpg']",)
[2020-05-29 11:22:21,624][11060][log_file.py][line: 23][DEBUG] ## ("------------R8AYIJWO99999999___20200529_111705.apk----节点3---------拆包校验结果：True:['37cef88c236306b8e48789247403dea8.jpg', '691621af884e8be6af6ecd70b27000cb.jpg']",)
[2020-05-29 11:23:49,909][10976][log_file.py][line: 23][DEBUG] ## ('-----------54a4c6159804___20200528_203440.apk----节点4----------打开游戏结果:False',)
[2020-05-29 11:24:22,512][11060][log_file.py][line: 23][DEBUG] ## ('-----------R8AYIJWO99999999___20200529_111705.apk----节点4----------打开游戏结果:False',)
[2020-05-29 11:35:14,965][4648][log_file.py][line: 23][DEBUG] ## ('从数据库获取apk链接写入日志', ['http://pkg.superdalan.com/game.pkg/download?pkgId=2825&f=lltxwzjhbd_dalan_dsdk_48_1.0.0_20200528_203440.apk', 'http://pkg.superdalan.com/game.pkg/download?pkgId=2825&f=lltxwzjhbd_dalan_dsdk_48_1.0.0_20200529_111705.apk'])
[2020-05-29 11:36:06,485][8260][log_file.py][line: 23][DEBUG] ## ('-----------54a4c6159804___20200528_203440.apk----节点1-----------下载校验结果：True',)
[2020-05-29 11:36:07,715][8996][log_file.py][line: 23][DEBUG] ## ('-----------R8AYIJWO99999999___20200529_111705.apk----节点1-----------下载校验结果：True',)
[2020-05-29 11:36:47,295][8260][log_file.py][line: 23][DEBUG] ## ('---------54a4c6159804___20200528_203440.apk-------节点2------安装返回结果：True',)
[2020-05-29 11:36:53,956][8260][log_file.py][line: 23][DEBUG] ## ("------------54a4c6159804___20200528_203440.apk----节点3---------拆包校验结果：True:['37cef88c236306b8e48789247403dea8.jpg', '691621af884e8be6af6ecd70b27000cb.jpg']",)
[2020-05-29 11:37:15,360][8996][log_file.py][line: 23][DEBUG] ## ('---------R8AYIJWO99999999___20200529_111705.apk-------节点2------安装返回结果：True',)
[2020-05-29 11:37:28,142][8996][log_file.py][line: 23][DEBUG] ## ("------------R8AYIJWO99999999___20200529_111705.apk----节点3---------拆包校验结果：True:['37cef88c236306b8e48789247403dea8.jpg', '691621af884e8be6af6ecd70b27000cb.jpg']",)
[2020-05-29 11:39:11,814][8260][log_file.py][line: 23][DEBUG] ## ('-----------54a4c6159804___20200528_203440.apk----节点4----------打开游戏结果:False',)
[2020-05-29 11:39:53,430][8996][log_file.py][line: 23][DEBUG] ## ('-----------R8AYIJWO99999999___20200529_111705.apk----节点4----------打开游戏结果:False',)
[2020-05-29 11:51:29,164][10956][log_file.py][line: 23][DEBUG] ## ('从数据库获取apk链接写入日志', [])
[2020-05-29 12:24:24,794][8888][log_file.py][line: 23][DEBUG] ## ('从数据库获取apk链接写入日志', [])
[2020-05-29 12:33:26,181][10124][log_file.py][line: 23][DEBUG] ## ('从数据库获取apk链接写入日志', ['http://pkg.superdalan.com/game.pkg/download?pkgId=2818&f=chwymxbdmgdt_dalan_xy_dsdk_74_1.0.0_20200529_123120.apk'])
[2020-05-29 12:55:11,633][2824][log_file.py][line: 23][DEBUG] ## ('-----------54a4c6159804___20200529_123120.apk----节点1-----------下载校验结果：True',)
[2020-05-29 14:10:13,167][7800][log_file.py][line: 23][DEBUG] ## ('从数据库获取apk链接写入日志', ['http://pkg.superdalan.com/game.pkg/download?pkgId=2818&f=chwymxbdmgdt_dalan_xy_dsdk_74_1.0.0_20200529_123120.apk'])
[2020-05-29 14:11:16,758][9560][log_file.py][line: 23][DEBUG] ## ('-----------54a4c6159804___20200529_123120.apk----节点1-----------下载校验结果：True',)
[2020-05-29 14:11:47,512][9560][log_file.py][line: 23][DEBUG] ## ('---------54a4c6159804___20200529_123120.apk-------节点2------安装返回结果：True',)
[2020-05-29 14:12:05,015][9560][log_file.py][line: 23][DEBUG] ## ("------------54a4c6159804___20200529_123120.apk----节点3---------拆包校验结果：True:['6793799a7dab43ee1f8ef815de68e627.jpg', '9ae4d43287c2f57e0b8934521dff38bd.jpg']",)
[2020-05-29 14:13:41,038][9560][log_file.py][line: 23][DEBUG] ## ('-----------54a4c6159804___20200529_123120.apk----节点4----------打开游戏结果:True',)
[2020-05-29 14:14:46,324][9560][log_file.py][line: 23][DEBUG] ## ('-----------54a4c6159804___20200529_123120.apk----节点5----------登录游戏结果:True',)
[2020-05-29 14:15:33,366][9560][log_file.py][line: 23][DEBUG] ## ('------54a4c6159804___20200529_123120.apk---节点6-------下单调起微信结果:True',)
[2020-05-29 14:20:00,761][10180][log_file.py][line: 23][DEBUG] ## ('从数据库获取apk链接写入日志', ['http://pkg.superdalan.com/game.pkg/download?pkgId=2826&f=fzzjmyxlzz2gdtdb_dalan_xy_dsdk_61_1.0.0_20200529_141458.apk', 'http://pkg.superdalan.com/game.pkg/download?pkgId=2838&f=xxsyoppo_biguo_oppo_66_1.0.0_20200529_141632.apk'])
[2020-05-29 14:20:28,055][4084][log_file.py][line: 23][DEBUG] ## ('-----------54a4c6159804___20200529_141458.apk----节点1-----------下载校验结果：True',)
[2020-05-29 14:20:41,056][4084][log_file.py][line: 23][DEBUG] ## ('---------54a4c6159804___20200529_141458.apk-------节点2------安装返回结果：True',)
[2020-05-29 14:20:42,826][4084][log_file.py][line: 23][DEBUG] ## ("------------54a4c6159804___20200529_141458.apk----节点3---------拆包校验结果：True:['a5c8b9f129269654764b2022b598b76e.jpg']",)
[2020-05-29 14:20:43,746][4084][log_file.py][line: 23][DEBUG] ## ('54a4c6159804___20200529_141458.apk此原名游戏尚未接入，敬请期待',)
[2020-05-29 14:21:32,804][5596][log_file.py][line: 23][DEBUG] ## ('-----------R8AYIJWO99999999___20200529_141632.apk----节点1-----------下载校验结果：True',)
[2020-05-29 14:22:46,246][5596][log_file.py][line: 23][DEBUG] ## ('---------R8AYIJWO99999999___20200529_141632.apk-------节点2------安装返回结果：True',)
[2020-05-29 14:22:55,899][5596][log_file.py][line: 23][DEBUG] ## ("------------R8AYIJWO99999999___20200529_141632.apk----节点3---------拆包校验结果：True:['5da88017da1cc0e5abda9d6c93e1e930.jpg', '8d2dd4d105003ef4240dbe93efda2c35.jpg', '98a23e6bc0f5694fb4f0957b2a84b7cd.jpg', '49c81ed464d99245b3105e94aacfbf10.jpg']",)
[2020-05-29 14:22:56,679][5596][log_file.py][line: 23][DEBUG] ## ('R8AYIJWO99999999___20200529_141632.apk_非Dalan_Dsdk渠道包，不走自动化流程',)
[2020-05-29 14:25:00,803][10956][log_file.py][line: 23][DEBUG] ## ('从数据库获取apk链接写入日志', [])
[2020-05-29 14:30:00,810][7716][log_file.py][line: 23][DEBUG] ## ('从数据库获取apk链接写入日志', [])
[2020-05-29 14:35:00,714][10680][log_file.py][line: 23][DEBUG] ## ('从数据库获取apk链接写入日志', [])
[2020-05-29 14:40:00,829][11120][log_file.py][line: 23][DEBUG] ## ('从数据库获取apk链接写入日志', [])
[2020-05-29 14:45:00,792][7396][log_file.py][line: 23][DEBUG] ## ('从数据库获取apk链接写入日志', [])
[2020-05-29 14:50:06,763][1300][log_file.py][line: 23][DEBUG] ## ('从数据库获取apk链接写入日志', [])
[2020-05-29 14:55:40,048][8964][log_file.py][line: 23][DEBUG] ## ('从数据库获取apk链接写入日志', [])
[2020-05-29 15:00:00,804][9620][log_file.py][line: 23][DEBUG] ## ('从数据库获取apk链接写入日志', [])
[2020-05-29 15:05:00,867][5304][log_file.py][line: 23][DEBUG] ## ('从数据库获取apk链接写入日志', [])
[2020-05-29 15:10:00,819][7492][log_file.py][line: 23][DEBUG] ## ('从数据库获取apk链接写入日志', [])
[2020-05-29 15:15:00,794][6336][log_file.py][line: 23][DEBUG] ## ('从数据库获取apk链接写入日志', [])
[2020-05-29 15:20:00,751][8608][log_file.py][line: 23][DEBUG] ## ('从数据库获取apk链接写入日志', [])
[2020-05-29 15:25:00,748][9544][log_file.py][line: 23][DEBUG] ## ('从数据库获取apk链接写入日志', ['http://pkg.superdalan.com/game.pkg/download?pkgId=2839&f=chwyfzdlhbtt_dalan_xy_dsdk_74_1.0.0_20200529_152624.apk'])
[2020-05-29 15:26:09,315][9392][log_file.py][line: 23][DEBUG] ## ('-----------54a4c6159804___20200529_152624.apk----节点1-----------下载校验结果：True',)
[2020-05-29 15:27:32,789][9392][log_file.py][line: 23][DEBUG] ## ('---------54a4c6159804___20200529_152624.apk-------节点2------安装返回结果：未知异常_404',)
[2020-05-29 15:30:00,823][2884][log_file.py][line: 23][DEBUG] ## ('从数据库获取apk链接写入日志', [])
[2020-05-29 15:35:00,808][10196][log_file.py][line: 23][DEBUG] ## ('从数据库获取apk链接写入日志', [])
[2020-05-29 15:40:00,809][10004][log_file.py][line: 23][DEBUG] ## ('从数据库获取apk链接写入日志', ['http://pkg.superdalan.com/game.pkg/download?pkgId=2839&f=chwyfzdlhbtt_dalan_xy_dsdk_74_1.0.0_20200529_154124.apk', 'http://pkg.superdalan.com/game.pkg/download?pkgId=2840&f=chwysezrhbtt_dalan_xy_dsdk_74_1.0.0_20200529_153956.apk'])
[2020-05-29 15:40:13,121][7500][log_file.py][line: 23][DEBUG] ## ('-----------R8AYIJWO99999999___20200529_153956.apk----节点1-----------下载校验结果：True',)
[2020-05-29 15:40:14,722][11248][log_file.py][line: 23][DEBUG] ## ('-----------54a4c6159804___20200529_154124.apk----节点1-----------下载校验结果：True',)
[2020-05-29 15:40:40,191][11248][log_file.py][line: 23][DEBUG] ## ('---------54a4c6159804___20200529_154124.apk-------节点2------安装返回结果：True',)
[2020-05-29 15:40:51,676][11248][log_file.py][line: 23][DEBUG] ## ("------------54a4c6159804___20200529_154124.apk----节点3---------拆包校验结果：True:['ff9a0110904b578eb3126a28afc44a5d.jpg', 'a76b178c72948b57cea6991ad8e8ba9a.jpg']",)
[2020-05-29 15:41:25,079][7500][log_file.py][line: 23][DEBUG] ## ('---------R8AYIJWO99999999___20200529_153956.apk-------节点2------安装返回结果：True',)
[2020-05-29 15:41:48,775][7500][log_file.py][line: 23][DEBUG] ## ("------------R8AYIJWO99999999___20200529_153956.apk----节点3---------拆包校验结果：True:['31358011b1eb68dfee64d8510b7df144.jpg', 'aa0a4df1bd67d59fb91bfd7dbdfcfafe.jpg']",)
[2020-05-29 15:42:22,696][11248][log_file.py][line: 23][DEBUG] ## ('-----------54a4c6159804___20200529_154124.apk----节点4----------打开游戏结果:True',)
[2020-05-29 15:43:31,151][11248][log_file.py][line: 23][DEBUG] ## ('-----------54a4c6159804___20200529_154124.apk----节点5----------登录游戏结果:False',)
[2020-05-29 15:43:40,498][7500][log_file.py][line: 23][DEBUG] ## ('-----------R8AYIJWO99999999___20200529_153956.apk----节点4----------打开游戏结果:False',)
[2020-05-29 15:45:02,458][8672][log_file.py][line: 23][DEBUG] ## ('从数据库获取apk链接写入日志', ['http://pkg.superdalan.com/game.pkg/download?pkgId=2839&f=chwyfzdlhbtt_dalan_xy_dsdk_74_1.0.0_20200529_154124.apk', 'http://pkg.superdalan.com/game.pkg/download?pkgId=2840&f=chwysezrhbtt_dalan_xy_dsdk_74_1.0.0_20200529_153956.apk'])
[2020-05-29 15:46:58,587][11248][log_file.py][line: 23][DEBUG] ## ('-----------R8AYIJWO99999999___20200529_153956.apk----节点1-----------下载校验结果：True',)
[2020-05-29 15:47:00,700][1572][log_file.py][line: 23][DEBUG] ## ('-----------54a4c6159804___20200529_154124.apk----节点1-----------下载校验结果：True',)
[2020-05-29 15:47:25,509][1572][log_file.py][line: 23][DEBUG] ## ('---------54a4c6159804___20200529_154124.apk-------节点2------安装返回结果：True',)
[2020-05-29 15:47:34,851][1572][log_file.py][line: 23][DEBUG] ## ("------------54a4c6159804___20200529_154124.apk----节点3---------拆包校验结果：True:['a76b178c72948b57cea6991ad8e8ba9a.jpg', 'ff9a0110904b578eb3126a28afc44a5d.jpg']",)
[2020-05-29 15:48:05,328][11248][log_file.py][line: 23][DEBUG] ## ('---------R8AYIJWO99999999___20200529_153956.apk-------节点2------安装返回结果：True',)
[2020-05-29 15:48:14,575][11248][log_file.py][line: 23][DEBUG] ## ("------------R8AYIJWO99999999___20200529_153956.apk----节点3---------拆包校验结果：True:['31358011b1eb68dfee64d8510b7df144.jpg', 'aa0a4df1bd67d59fb91bfd7dbdfcfafe.jpg']",)
[2020-05-29 15:49:04,932][1572][log_file.py][line: 23][DEBUG] ## ('-----------54a4c6159804___20200529_154124.apk----节点4----------打开游戏结果:True',)
[2020-05-29 15:50:08,824][11248][log_file.py][line: 23][DEBUG] ## ('-----------R8AYIJWO99999999___20200529_153956.apk----节点4----------打开游戏结果:False',)
[2020-05-29 15:50:12,561][1572][log_file.py][line: 23][DEBUG] ## ('-----------54a4c6159804___20200529_154124.apk----节点5----------登录游戏结果:False',)
[2020-05-29 15:55:02,844][6076][log_file.py][line: 23][DEBUG] ## ('从数据库获取apk链接写入日志', ['http://pkg.superdalan.com/game.pkg/download?pkgId=2841&f=chwyxxyzhbtt_dalan_xy_dsdk_74_1.0.0_20200529_155202.apk'])
[2020-05-29 15:56:18,873][8412][log_file.py][line: 23][DEBUG] ## ('-----------54a4c6159804___20200529_155202.apk----节点1-----------下载校验结果：True',)
[2020-05-29 15:56:46,526][8412][log_file.py][line: 23][DEBUG] ## ('---------54a4c6159804___20200529_155202.apk-------节点2------安装返回结果：True',)
[2020-05-29 15:57:00,642][8412][log_file.py][line: 23][DEBUG] ## ("------------54a4c6159804___20200529_155202.apk----节点3---------拆包校验结果：True:['98bee8074c4a4464d30f047a27c32818.jpg', '8c8b1cf9f9f23eecbfaddcb66fe4933e.jpg']",)
[2020-05-29 15:58:25,800][8412][log_file.py][line: 23][DEBUG] ## ('-----------54a4c6159804___20200529_155202.apk----节点4----------打开游戏结果:True',)
[2020-05-29 15:59:35,520][8412][log_file.py][line: 23][DEBUG] ## ('-----------54a4c6159804___20200529_155202.apk----节点5----------登录游戏结果:False',)
[2020-05-29 16:00:03,534][12192][log_file.py][line: 23][DEBUG] ## ('从数据库获取apk链接写入日志', ['http://pkg.superdalan.com/game.pkg/download?pkgId=2841&f=chwyxxyzhbtt_dalan_xy_dsdk_74_1.0.0_20200529_155202.apk'])
[2020-05-29 16:00:25,250][844][log_file.py][line: 23][DEBUG] ## ('-----------54a4c6159804___20200529_155202.apk----节点1-----------下载校验结果：True',)
[2020-05-29 16:00:49,010][844][log_file.py][line: 23][DEBUG] ## ('---------54a4c6159804___20200529_155202.apk-------节点2------安装返回结果：True',)
[2020-05-29 16:00:58,863][844][log_file.py][line: 23][DEBUG] ## ("------------54a4c6159804___20200529_155202.apk----节点3---------拆包校验结果：True:['8c8b1cf9f9f23eecbfaddcb66fe4933e.jpg', '98bee8074c4a4464d30f047a27c32818.jpg']",)
[2020-05-29 16:02:19,260][844][log_file.py][line: 23][DEBUG] ## ('-----------54a4c6159804___20200529_155202.apk----节点4----------打开游戏结果:True',)
[2020-05-29 16:03:24,613][844][log_file.py][line: 23][DEBUG] ## ('-----------54a4c6159804___20200529_155202.apk----节点5----------登录游戏结果:False',)
[2020-05-29 16:05:03,664][11824][log_file.py][line: 23][DEBUG] ## ('从数据库获取apk链接写入日志', [])
[2020-05-29 16:10:00,709][2228][log_file.py][line: 23][DEBUG] ## ('从数据库获取apk链接写入日志', [])
[2020-05-29 16:15:00,731][2220][log_file.py][line: 23][DEBUG] ## ('从数据库获取apk链接写入日志', [])
[2020-05-29 16:20:00,703][12540][log_file.py][line: 23][DEBUG] ## ('从数据库获取apk链接写入日志', [])
[2020-05-29 16:25:00,656][9320][log_file.py][line: 23][DEBUG] ## ('从数据库获取apk链接写入日志', ['http://pkg.superdalan.com/game.pkg/download?pkgId=2842&f=chwyfzdlhbgdt_dalan_xy_dsdk_74_1.0.0_20200529_162638.apk'])
[2020-05-29 16:25:24,646][6636][log_file.py][line: 23][DEBUG] ## ('-----------54a4c6159804___20200529_162638.apk----节点1-----------下载校验结果：True',)
[2020-05-29 16:25:53,472][6636][log_file.py][line: 23][DEBUG] ## ('---------54a4c6159804___20200529_162638.apk-------节点2------安装返回结果：True',)
[2020-05-29 16:26:05,556][6636][log_file.py][line: 23][DEBUG] ## ("------------54a4c6159804___20200529_162638.apk----节点3---------拆包校验结果：True:['ff9a0110904b578eb3126a28afc44a5d.jpg', 'a76b178c72948b57cea6991ad8e8ba9a.jpg']",)
[2020-05-29 16:27:26,879][6636][log_file.py][line: 23][DEBUG] ## ('-----------54a4c6159804___20200529_162638.apk----节点4----------打开游戏结果:True',)
[2020-05-29 16:28:31,995][6636][log_file.py][line: 23][DEBUG] ## ('-----------54a4c6159804___20200529_162638.apk----节点5----------登录游戏结果:False',)
[2020-05-29 16:30:02,568][11996][log_file.py][line: 23][DEBUG] ## ('从数据库获取apk链接写入日志', ['http://pkg.superdalan.com/game.pkg/download?pkgId=2842&f=chwyfzdlhbgdt_dalan_xy_dsdk_74_1.0.0_20200529_162638.apk'])
[2020-05-29 16:31:07,393][11852][log_file.py][line: 23][DEBUG] ## ('-----------54a4c6159804___20200529_162638.apk----节点1-----------下载校验结果：True',)
[2020-05-29 16:31:32,062][11852][log_file.py][line: 23][DEBUG] ## ('---------54a4c6159804___20200529_162638.apk-------节点2------安装返回结果：True',)
[2020-05-29 16:31:39,929][11852][log_file.py][line: 23][DEBUG] ## ("------------54a4c6159804___20200529_162638.apk----节点3---------拆包校验结果：True:['a76b178c72948b57cea6991ad8e8ba9a.jpg', 'ff9a0110904b578eb3126a28afc44a5d.jpg']",)
[2020-05-29 16:32:58,655][11852][log_file.py][line: 23][DEBUG] ## ('-----------54a4c6159804___20200529_162638.apk----节点4----------打开游戏结果:True',)
[2020-05-29 16:34:04,073][11852][log_file.py][line: 23][DEBUG] ## ('-----------54a4c6159804___20200529_162638.apk----节点5----------登录游戏结果:False',)
[2020-05-29 16:35:00,657][11548][log_file.py][line: 23][DEBUG] ## ('从数据库获取apk链接写入日志', [])
[2020-05-29 16:40:00,721][13080][log_file.py][line: 23][DEBUG] ## ('从数据库获取apk链接写入日志', [])
[2020-05-29 16:45:00,676][9000][log_file.py][line: 23][DEBUG] ## ('从数据库获取apk链接写入日志', [])
[2020-05-29 16:50:00,652][592][log_file.py][line: 23][DEBUG] ## ('从数据库获取apk链接写入日志', ['http://pkg.superdalan.com/game.pkg/download?pkgId=2838&f=xxsyoppo_biguo_oppo_66_1.0.0_20200529_164954.apk'])
[2020-05-29 16:51:21,103][9336][log_file.py][line: 23][DEBUG] ## ('-----------54a4c6159804___20200529_164954.apk----节点1-----------下载校验结果：True',)
[2020-05-29 16:51:57,019][9336][log_file.py][line: 23][DEBUG] ## ('---------54a4c6159804___20200529_164954.apk-------节点2------安装返回结果：True',)
[2020-05-29 16:52:05,982][9336][log_file.py][line: 23][DEBUG] ## ("------------54a4c6159804___20200529_164954.apk----节点3---------拆包校验结果：True:['8d2dd4d105003ef4240dbe93efda2c35.jpg', '98a23e6bc0f5694fb4f0957b2a84b7cd.jpg', '49c81ed464d99245b3105e94aacfbf10.jpg', '5da88017da1cc0e5abda9d6c93e1e930.jpg']",)
[2020-05-29 16:52:06,724][9336][log_file.py][line: 23][DEBUG] ## ('54a4c6159804___20200529_164954.apk_非Dalan_Dsdk渠道包，不走自动化流程',)
[2020-05-29 16:55:00,766][4140][log_file.py][line: 23][DEBUG] ## ('从数据库获取apk链接写入日志', [])
[2020-05-29 17:00:00,683][13228][log_file.py][line: 23][DEBUG] ## ('从数据库获取apk链接写入日志', [])
[2020-05-29 17:05:00,745][7396][log_file.py][line: 23][DEBUG] ## ('从数据库获取apk链接写入日志', ['http://pkg.superdalan.com/game.pkg/download?pkgId=2844&f=chwyfzdlmxwgdt_dalan_xy_dsdk_74_1.0.0_20200529_170539.apk'])
[2020-05-29 17:05:27,914][6060][log_file.py][line: 23][DEBUG] ## ('-----------54a4c6159804___20200529_170539.apk----节点1-----------下载校验结果：True',)
[2020-05-29 17:05:52,434][6060][log_file.py][line: 23][DEBUG] ## ('---------54a4c6159804___20200529_170539.apk-------节点2------安装返回结果：True',)
[2020-05-29 17:06:00,637][6060][log_file.py][line: 23][DEBUG] ## ("------------54a4c6159804___20200529_170539.apk----节点3---------拆包校验结果：True:['ff9a0110904b578eb3126a28afc44a5d.jpg', 'a76b178c72948b57cea6991ad8e8ba9a.jpg']",)
[2020-05-29 17:07:38,811][6060][log_file.py][line: 23][DEBUG] ## ('-----------54a4c6159804___20200529_170539.apk----节点4----------打开游戏结果:True',)
[2020-05-29 17:08:43,281][6060][log_file.py][line: 23][DEBUG] ## ('-----------54a4c6159804___20200529_170539.apk----节点5----------登录游戏结果:False',)
[2020-05-29 17:10:00,706][12612][log_file.py][line: 23][DEBUG] ## ('从数据库获取apk链接写入日志', ['http://pkg.superdalan.com/game.pkg/download?pkgId=2844&f=chwyfzdlmxwgdt_dalan_xy_dsdk_74_1.0.0_20200529_170539.apk'])
[2020-05-29 17:11:03,473][7528][log_file.py][line: 23][DEBUG] ## ('-----------54a4c6159804___20200529_170539.apk----节点1-----------下载校验结果：True',)
[2020-05-29 17:11:26,599][7528][log_file.py][line: 23][DEBUG] ## ('---------54a4c6159804___20200529_170539.apk-------节点2------安装返回结果：True',)
[2020-05-29 17:11:34,499][7528][log_file.py][line: 23][DEBUG] ## ("------------54a4c6159804___20200529_170539.apk----节点3---------拆包校验结果：True:['ff9a0110904b578eb3126a28afc44a5d.jpg', 'a76b178c72948b57cea6991ad8e8ba9a.jpg']",)
[2020-05-29 17:13:08,168][7528][log_file.py][line: 23][DEBUG] ## ('-----------54a4c6159804___20200529_170539.apk----节点4----------打开游戏结果:True',)
[2020-05-29 17:14:12,408][7528][log_file.py][line: 23][DEBUG] ## ('-----------54a4c6159804___20200529_170539.apk----节点5----------登录游戏结果:False',)
[2020-05-29 17:15:00,692][12248][log_file.py][line: 23][DEBUG] ## ('从数据库获取apk链接写入日志', [])
[2020-05-29 17:20:00,745][9420][log_file.py][line: 23][DEBUG] ## ('从数据库获取apk链接写入日志', [])
[2020-05-29 17:20:55,910][9780][log_file.py][line: 23][DEBUG] ## ('从数据库获取apk链接写入日志', ['http://pkg.superdalan.com/game.pkg/download?pkgId=2844&f=chwyfzdlmxwgdt_dalan_xy_dsdk_74_1.0.0_20200529_170539.apk'])
[2020-05-29 17:21:04,739][12676][log_file.py][line: 23][DEBUG] ## ('-----------b5940085___20200529_170539.apk----节点1-----------下载校验结果：True',)
[2020-05-29 17:21:25,560][12676][log_file.py][line: 23][DEBUG] ## ('---------b5940085___20200529_170539.apk-------节点2------安装返回结果：True',)
[2020-05-29 17:21:34,116][12676][log_file.py][line: 23][DEBUG] ## ("------------b5940085___20200529_170539.apk----节点3---------拆包校验结果：True:['a76b178c72948b57cea6991ad8e8ba9a.jpg', 'ff9a0110904b578eb3126a28afc44a5d.jpg']",)
[2020-05-29 17:21:50,613][11456][log_file.py][line: 23][DEBUG] ## ('从数据库获取apk链接写入日志', ['http://pkg.superdalan.com/game.pkg/download?pkgId=2844&f=chwyfzdlmxwgdt_dalan_xy_dsdk_74_1.0.0_20200529_170539.apk'])
[2020-05-29 17:21:59,486][11940][log_file.py][line: 23][DEBUG] ## ('-----------b5940085___20200529_170539.apk----节点1-----------下载校验结果：True',)
[2020-05-29 17:22:19,075][11940][log_file.py][line: 23][DEBUG] ## ('---------b5940085___20200529_170539.apk-------节点2------安装返回结果：True',)
[2020-05-29 17:22:26,880][11940][log_file.py][line: 23][DEBUG] ## ("------------b5940085___20200529_170539.apk----节点3---------拆包校验结果：True:['ff9a0110904b578eb3126a28afc44a5d.jpg', 'a76b178c72948b57cea6991ad8e8ba9a.jpg']",)
[2020-05-29 17:25:00,658][8236][log_file.py][line: 23][DEBUG] ## ('从数据库获取apk链接写入日志', ['http://pkg.superdalan.com/game.pkg/download?pkgId=2844&f=chwyfzdlmxwgdt_dalan_xy_dsdk_74_1.0.0_20200529_170539.apk'])
[2020-05-29 17:30:00,630][11560][log_file.py][line: 23][DEBUG] ## ('从数据库获取apk链接写入日志', ['http://pkg.superdalan.com/game.pkg/download?pkgId=2844&f=chwyfzdlmxwgdt_dalan_xy_dsdk_74_1.0.0_20200529_170539.apk'])
[2020-05-29 17:35:00,791][12944][log_file.py][line: 23][DEBUG] ## ('从数据库获取apk链接写入日志', ['http://pkg.superdalan.com/game.pkg/download?pkgId=2844&f=chwyfzdlmxwgdt_dalan_xy_dsdk_74_1.0.0_20200529_170539.apk'])
[2020-05-29 17:35:16,202][7388][log_file.py][line: 23][DEBUG] ## ('-----------b5940085___20200529_170539.apk----节点1-----------下载校验结果：True',)
[2020-05-29 17:40:00,856][9100][log_file.py][line: 23][DEBUG] ## ('从数据库获取apk链接写入日志', ['http://pkg.superdalan.com/game.pkg/download?pkgId=2844&f=chwyfzdlmxwgdt_dalan_xy_dsdk_74_1.0.0_20200529_170539.apk'])
[2020-05-29 17:40:56,221][4476][log_file.py][line: 23][DEBUG] ## ('-----------b5940085___20200529_170539.apk----节点1-----------下载校验结果：True',)
[2020-05-29 17:41:15,141][4476][log_file.py][line: 23][DEBUG] ## ('---------b5940085___20200529_170539.apk-------节点2------安装返回结果：True',)
[2020-05-29 17:41:23,757][4476][log_file.py][line: 23][DEBUG] ## ("------------b5940085___20200529_170539.apk----节点3---------拆包校验结果：True:['ff9a0110904b578eb3126a28afc44a5d.jpg', 'a76b178c72948b57cea6991ad8e8ba9a.jpg']",)
[2020-05-29 17:45:00,706][11836][log_file.py][line: 23][DEBUG] ## ('从数据库获取apk链接写入日志', ['http://pkg.superdalan.com/game.pkg/download?pkgId=2844&f=chwyfzdlmxwgdt_dalan_xy_dsdk_74_1.0.0_20200529_170539.apk'])
[2020-05-29 17:50:01,140][9100][log_file.py][line: 23][DEBUG] ## ('从数据库获取apk链接写入日志', ['http://pkg.superdalan.com/game.pkg/download?pkgId=2815&f=txjh_tianxie_android_48_1.0.0_20200529_175101.apk', 'http://pkg.superdalan.com/game.pkg/download?pkgId=2844&f=chwyfzdlmxwgdt_dalan_xy_dsdk_74_1.0.0_20200529_170539.apk'])
[2020-05-29 17:50:22,125][11868][log_file.py][line: 23][DEBUG] ## ('-----------R8AYIJWO99999999___20200529_170539.apk----节点1-----------下载校验结果：True',)
[2020-05-29 17:50:31,770][11464][log_file.py][line: 23][DEBUG] ## ('-----------b5940085___20200529_175101.apk----节点1-----------下载校验结果：True',)
[2020-05-29 17:51:06,116][11464][log_file.py][line: 23][DEBUG] ## ('---------b5940085___20200529_175101.apk-------节点2------安装返回结果：未知异常_404',)
[2020-05-29 17:51:32,965][11868][log_file.py][line: 23][DEBUG] ## ('---------R8AYIJWO99999999___20200529_170539.apk-------节点2------安装返回结果：True',)
[2020-05-29 17:51:42,014][11868][log_file.py][line: 23][DEBUG] ## ("------------R8AYIJWO99999999___20200529_170539.apk----节点3---------拆包校验结果：True:['a76b178c72948b57cea6991ad8e8ba9a.jpg', 'ff9a0110904b578eb3126a28afc44a5d.jpg']",)
[2020-05-29 17:53:24,593][11868][log_file.py][line: 23][DEBUG] ## ('-----------R8AYIJWO99999999___20200529_170539.apk----节点4----------打开游戏结果:False',)
[2020-05-29 17:55:00,963][8852][log_file.py][line: 23][DEBUG] ## ('从数据库获取apk链接写入日志', ['http://pkg.superdalan.com/game.pkg/download?pkgId=2346&f=rongyao26_rongyao_android_48_1.0.0_20200529_175452.apk', 'http://pkg.superdalan.com/game.pkg/download?pkgId=2349&f=rongyao22_rongyao_android_48_1.0.0_20200529_175703.apk', 'http://pkg.superdalan.com/game.pkg/download?pkgId=2844&f=chwyfzdlmxwgdt_dalan_xy_dsdk_74_1.0.0_20200529_170539.apk'])
[2020-05-29 17:58:29,270][6740][log_file.py][line: 23][DEBUG] ## ('-----------b5940085___20200529_175452.apk----节点1-----------下载校验结果：True',)
[2020-05-29 17:58:30,842][5764][log_file.py][line: 23][DEBUG] ## ('-----------R8AYIJWO99999999___20200529_175703.apk----节点1-----------下载校验结果：True',)
[2020-05-29 17:59:04,424][6740][log_file.py][line: 23][DEBUG] ## ('---------b5940085___20200529_175452.apk-------节点2------安装返回结果：未知异常_404',)
[2020-05-29 18:00:22,551][5764][log_file.py][line: 23][DEBUG] ## ('---------R8AYIJWO99999999___20200529_175703.apk-------节点2------安装返回结果：True',)
[2020-05-29 18:00:22,719][5764][log_file.py][line: 23][DEBUG] ## ('--------R8AYIJWO99999999___20200529_175703.apk---节点3--------后台没有配置素材无需校验',)
[2020-05-29 18:00:27,936][5764][log_file.py][line: 23][DEBUG] ## ('R8AYIJWO99999999___20200529_175703.apk_非Dalan_Dsdk渠道包，不走自动化流程',)
[2020-05-29 18:01:26,497][11392][log_file.py][line: 23][DEBUG] ## ('-----------b5940085___20200529_170539.apk----节点1-----------下载校验结果：True',)
[2020-05-29 18:01:53,481][11392][log_file.py][line: 23][DEBUG] ## ('---------b5940085___20200529_170539.apk-------节点2------安装返回结果：未知异常_404',)
[2020-05-29 18:05:00,745][3396][log_file.py][line: 23][DEBUG] ## ('从数据库获取apk链接写入日志', [])
[2020-05-29 18:10:00,795][12124][log_file.py][line: 23][DEBUG] ## ('从数据库获取apk链接写入日志', [])
[2020-05-29 18:15:00,758][11104][log_file.py][line: 23][DEBUG] ## ('从数据库获取apk链接写入日志', ['http://pkg.superdalan.com/game.pkg/download?pkgId=2839&f=chwyfzdlhbtt_dalan_xy_dsdk_74_1.0.0_20200529_181421.apk', 'http://pkg.superdalan.com/game.pkg/download?pkgId=2840&f=chwysezrhbtt_dalan_xy_dsdk_74_1.0.0_20200529_181302.apk', 'http://pkg.superdalan.com/game.pkg/download?pkgId=2841&f=chwyxxyzhbtt_dalan_xy_dsdk_74_1.0.0_20200529_181544.apk', 'http://pkg.superdalan.com/game.pkg/download?pkgId=2842&f=chwyfzdlhbgdt_dalan_xy_dsdk_74_1.0.0_20200529_181654.apk', 'http://pkg.superdalan.com/game.pkg/download?pkgId=2844&f=chwyfzdlmxwgdt_dalan_xy_dsdk_74_1.0.0_20200529_181801.apk'])
[2020-05-29 18:15:12,025][11276][log_file.py][line: 23][DEBUG] ## ('-----------b5940085___20200529_181421.apk----节点1-----------下载校验结果：True',)
[2020-05-29 18:15:13,035][10932][log_file.py][line: 23][DEBUG] ## ('-----------R8AYIJWO99999999___20200529_181302.apk----节点1-----------下载校验结果：True',)
[2020-05-29 18:15:39,440][11276][log_file.py][line: 23][DEBUG] ## ('---------b5940085___20200529_181421.apk-------节点2------安装返回结果：未知异常_404',)
[2020-05-29 18:16:16,637][10932][log_file.py][line: 23][DEBUG] ## ('---------R8AYIJWO99999999___20200529_181302.apk-------节点2------安装返回结果：True',)
[2020-05-29 18:16:26,963][10932][log_file.py][line: 23][DEBUG] ## ("------------R8AYIJWO99999999___20200529_181302.apk----节点3---------拆包校验结果：True:['aa0a4df1bd67d59fb91bfd7dbdfcfafe.jpg', 'd38935586abe158640c09f7f26969575.jpg']",)
[2020-05-29 18:18:09,862][10932][log_file.py][line: 23][DEBUG] ## ('-----------R8AYIJWO99999999___20200529_181302.apk----节点4----------打开游戏结果:False',)
[2020-05-29 18:18:21,170][4408][log_file.py][line: 23][DEBUG] ## ('-----------b5940085___20200529_181544.apk----节点1-----------下载校验结果：True',)
[2020-05-29 18:18:22,271][7956][log_file.py][line: 23][DEBUG] ## ('-----------R8AYIJWO99999999___20200529_181654.apk----节点1-----------下载校验结果：True',)
[2020-05-29 18:18:47,487][4408][log_file.py][line: 23][DEBUG] ## ('---------b5940085___20200529_181544.apk-------节点2------安装返回结果：未知异常_404',)
[2020-05-29 18:19:23,864][7956][log_file.py][line: 23][DEBUG] ## ('---------R8AYIJWO99999999___20200529_181654.apk-------节点2------安装返回结果：True',)
[2020-05-29 18:19:32,590][7956][log_file.py][line: 23][DEBUG] ## ("------------R8AYIJWO99999999___20200529_181654.apk----节点3---------拆包校验结果：True:['a76b178c72948b57cea6991ad8e8ba9a.jpg', 'ff9a0110904b578eb3126a28afc44a5d.jpg']",)
[2020-05-29 18:21:15,544][7956][log_file.py][line: 23][DEBUG] ## ('-----------R8AYIJWO99999999___20200529_181654.apk----节点4----------打开游戏结果:False',)
[2020-05-29 18:21:25,452][9832][log_file.py][line: 23][DEBUG] ## ('-----------b5940085___20200529_181801.apk----节点1-----------下载校验结果：True',)
[2020-05-29 18:21:53,015][9832][log_file.py][line: 23][DEBUG] ## ('---------b5940085___20200529_181801.apk-------节点2------安装返回结果：未知异常_404',)
[2020-05-29 18:25:00,744][6520][log_file.py][line: 23][DEBUG] ## ('从数据库获取apk链接写入日志', ['http://pkg.superdalan.com/game.pkg/download?pkgId=2840&f=chwysezrhbtt_dalan_xy_dsdk_74_1.0.0_20200529_181302.apk', 'http://pkg.superdalan.com/game.pkg/download?pkgId=2842&f=chwyfzdlhbgdt_dalan_xy_dsdk_74_1.0.0_20200529_181654.apk'])
[2020-05-29 18:25:58,817][6180][log_file.py][line: 23][DEBUG] ## ('-----------b5940085___20200529_181302.apk----节点1-----------下载校验结果：True',)
[2020-05-29 18:25:59,270][11744][log_file.py][line: 23][DEBUG] ## ('-----------R8AYIJWO99999999___20200529_181654.apk----节点1-----------下载校验结果：True',)
[2020-05-29 18:26:24,976][6180][log_file.py][line: 23][DEBUG] ## ('---------b5940085___20200529_181302.apk-------节点2------安装返回结果：未知异常_404',)
[2020-05-29 18:27:03,632][11744][log_file.py][line: 23][DEBUG] ## ('---------R8AYIJWO99999999___20200529_181654.apk-------节点2------安装返回结果：True',)
[2020-05-29 18:27:11,783][11744][log_file.py][line: 23][DEBUG] ## ("------------R8AYIJWO99999999___20200529_181654.apk----节点3---------拆包校验结果：True:['ff9a0110904b578eb3126a28afc44a5d.jpg', 'a76b178c72948b57cea6991ad8e8ba9a.jpg']",)
[2020-05-29 18:28:55,864][11744][log_file.py][line: 23][DEBUG] ## ('-----------R8AYIJWO99999999___20200529_181654.apk----节点4----------打开游戏结果:False',)
[2020-05-29 18:30:00,743][8508][log_file.py][line: 23][DEBUG] ## ('从数据库获取apk链接写入日志', [])
[2020-05-29 18:35:00,710][12648][log_file.py][line: 23][DEBUG] ## ('从数据库获取apk链接写入日志', [])
[2020-05-29 18:40:00,754][7820][log_file.py][line: 23][DEBUG] ## ('从数据库获取apk链接写入日志', [])
[2020-05-29 18:45:00,697][6408][log_file.py][line: 23][DEBUG] ## ('从数据库获取apk链接写入日志', [])
[2020-05-29 18:50:00,701][3160][log_file.py][line: 23][DEBUG] ## ('从数据库获取apk链接写入日志', [])
[2020-05-29 18:55:00,731][11668][log_file.py][line: 23][DEBUG] ## ('从数据库获取apk链接写入日志', [])
[2020-05-29 19:00:00,725][12280][log_file.py][line: 23][DEBUG] ## ('从数据库获取apk链接写入日志', [])
[2020-05-29 19:05:00,687][4124][log_file.py][line: 23][DEBUG] ## ('从数据库获取apk链接写入日志', [])
[2020-05-29 19:10:00,712][2008][log_file.py][line: 23][DEBUG] ## ('从数据库获取apk链接写入日志', [])
[2020-05-29 19:15:00,685][7324][log_file.py][line: 23][DEBUG] ## ('从数据库获取apk链接写入日志', [])
[2020-05-29 19:20:00,664][12360][log_file.py][line: 23][DEBUG] ## ('从数据库获取apk链接写入日志', [])
[2020-05-29 19:25:00,653][4172][log_file.py][line: 23][DEBUG] ## ('从数据库获取apk链接写入日志', [])
[2020-05-29 19:30:00,649][12816][log_file.py][line: 23][DEBUG] ## ('从数据库获取apk链接写入日志', [])
[2020-05-29 19:35:00,708][9104][log_file.py][line: 23][DEBUG] ## ('从数据库获取apk链接写入日志', [])
[2020-05-29 19:40:00,888][11456][log_file.py][line: 23][DEBUG] ## ('从数据库获取apk链接写入日志', [])
[2020-05-29 19:45:00,776][13176][log_file.py][line: 23][DEBUG] ## ('从数据库获取apk链接写入日志', [])
[2020-05-29 19:50:00,766][13084][log_file.py][line: 23][DEBUG] ## ('从数据库获取apk链接写入日志', [])
[2020-05-29 19:55:00,770][6792][log_file.py][line: 23][DEBUG] ## ('从数据库获取apk链接写入日志', [])
[2020-05-29 20:00:00,825][9264][log_file.py][line: 23][DEBUG] ## ('从数据库获取apk链接写入日志', [])
[2020-05-29 20:05:00,732][11244][log_file.py][line: 23][DEBUG] ## ('从数据库获取apk链接写入日志', ['http://pkg.superdalan.com/game.pkg/download?pkgId=2840&f=chwysezrhbtt_dalan_xy_dsdk_74_1.0.0_20200529_181302.apk'])
[2020-05-29 20:05:22,636][7472][log_file.py][line: 23][DEBUG] ## ('-----------R8AYIJWO99999999___20200529_181302.apk----节点1-----------下载校验结果：True',)
[2020-05-29 20:06:17,544][7472][log_file.py][line: 23][DEBUG] ## ('---------R8AYIJWO99999999___20200529_181302.apk-------节点2------安装返回结果：True',)
[2020-05-29 20:06:27,831][7472][log_file.py][line: 23][DEBUG] ## ("------------R8AYIJWO99999999___20200529_181302.apk----节点3---------拆包校验结果：True:['aa0a4df1bd67d59fb91bfd7dbdfcfafe.jpg', 'd38935586abe158640c09f7f26969575.jpg']",)
[2020-05-29 20:07:26,845][7472][log_file.py][line: 23][DEBUG] ## ('-----------R8AYIJWO99999999___20200529_181302.apk----节点4----------打开游戏结果:True',)
[2020-05-29 20:08:33,708][7472][log_file.py][line: 23][DEBUG] ## ('-----------R8AYIJWO99999999___20200529_181302.apk----节点5----------登录游戏结果:False',)
[2020-05-29 20:10:01,244][11576][log_file.py][line: 23][DEBUG] ## ('从数据库获取apk链接写入日志', ['http://pkg.superdalan.com/game.pkg/download?pkgId=2840&f=chwysezrhbtt_dalan_xy_dsdk_74_1.0.0_20200529_181302.apk'])
[2020-05-29 20:10:18,767][9564][log_file.py][line: 23][DEBUG] ## ('-----------R8AYIJWO99999999___20200529_181302.apk----节点1-----------下载校验结果：True',)
[2020-05-29 20:11:21,109][9564][log_file.py][line: 23][DEBUG] ## ('---------R8AYIJWO99999999___20200529_181302.apk-------节点2------安装返回结果：True',)
[2020-05-29 20:11:33,640][9564][log_file.py][line: 23][DEBUG] ## ("------------R8AYIJWO99999999___20200529_181302.apk----节点3---------拆包校验结果：True:['aa0a4df1bd67d59fb91bfd7dbdfcfafe.jpg', 'd38935586abe158640c09f7f26969575.jpg']",)
[2020-05-29 20:15:00,749][9348][log_file.py][line: 23][DEBUG] ## ('从数据库获取apk链接写入日志', ['http://pkg.superdalan.com/game.pkg/download?pkgId=2840&f=chwysezrhbtt_dalan_xy_dsdk_74_1.0.0_20200529_181302.apk'])
[2020-05-29 20:16:07,073][12812][log_file.py][line: 23][DEBUG] ## ('-----------R8AYIJWO99999999___20200529_181302.apk----节点1-----------下载校验结果：True',)
[2020-05-29 20:17:00,227][12812][log_file.py][line: 23][DEBUG] ## ('---------R8AYIJWO99999999___20200529_181302.apk-------节点2------安装返回结果：True',)
[2020-05-29 20:17:09,813][12812][log_file.py][line: 23][DEBUG] ## ("------------R8AYIJWO99999999___20200529_181302.apk----节点3---------拆包校验结果：True:['aa0a4df1bd67d59fb91bfd7dbdfcfafe.jpg', 'd38935586abe158640c09f7f26969575.jpg']",)
[2020-05-29 20:18:07,529][12812][log_file.py][line: 23][DEBUG] ## ('-----------R8AYIJWO99999999___20200529_181302.apk----节点4----------打开游戏结果:True',)
[2020-05-29 20:19:13,548][12812][log_file.py][line: 23][DEBUG] ## ('-----------R8AYIJWO99999999___20200529_181302.apk----节点5----------登录游戏结果:False',)
[2020-05-29 20:20:01,041][11828][log_file.py][line: 23][DEBUG] ## ('从数据库获取apk链接写入日志', [])
[2020-05-29 20:25:00,702][9744][log_file.py][line: 23][DEBUG] ## ('从数据库获取apk链接写入日志', [])
[2020-05-29 20:30:00,758][11448][log_file.py][line: 23][DEBUG] ## ('从数据库获取apk链接写入日志', [])
[2020-05-29 20:35:00,661][4556][log_file.py][line: 23][DEBUG] ## ('从数据库获取apk链接写入日志', [])
[2020-05-29 20:40:00,718][6760][log_file.py][line: 23][DEBUG] ## ('从数据库获取apk链接写入日志', [])
[2020-05-29 20:42:15,300][11432][log_file.py][line: 23][DEBUG] ## ('从数据库获取apk链接写入日志', ['http://pkg.superdalan.com/game.pkg/download?pkgId=2840&f=chwysezrhbtt_dalan_xy_dsdk_74_1.0.0_20200529_181302.apk'])
[2020-05-29 20:42:24,870][5852][log_file.py][line: 23][DEBUG] ## ('-----------54a4c6159804___20200529_181302.apk----节点1-----------下载校验结果：True',)
[2020-05-29 20:43:45,427][5852][log_file.py][line: 23][DEBUG] ## ('---------54a4c6159804___20200529_181302.apk-------节点2------安装返回结果：未知异常_404',)
[2020-05-29 20:43:58,459][8452][log_file.py][line: 23][DEBUG] ## ('从数据库获取apk链接写入日志', [])
[2020-05-29 20:44:15,719][11964][log_file.py][line: 23][DEBUG] ## ('从数据库获取apk链接写入日志', ['http://pkg.superdalan.com/game.pkg/download?pkgId=2840&f=chwysezrhbtt_dalan_xy_dsdk_74_1.0.0_20200529_181302.apk'])
[2020-05-29 20:44:24,689][10104][log_file.py][line: 23][DEBUG] ## ('-----------54a4c6159804___20200529_181302.apk----节点1-----------下载校验结果：True',)
[2020-05-29 20:44:52,555][10104][log_file.py][line: 23][DEBUG] ## ('---------54a4c6159804___20200529_181302.apk-------节点2------安装返回结果：True',)
[2020-05-29 20:45:00,653][12364][log_file.py][line: 23][DEBUG] ## ('从数据库获取apk链接写入日志', ['http://pkg.superdalan.com/game.pkg/download?pkgId=2840&f=chwysezrhbtt_dalan_xy_dsdk_74_1.0.0_20200529_181302.apk'])
[2020-05-29 20:45:01,641][10104][log_file.py][line: 23][DEBUG] ## ('------------54a4c6159804___20200529_181302.apk----节点3---------拆包校验结果：False:只有图片匹配成功_应用名失败',)
[2020-05-29 20:50:00,705][10892][log_file.py][line: 23][DEBUG] ## ('从数据库获取apk链接写入日志', [])
[2020-05-29 20:55:00,760][8204][log_file.py][line: 23][DEBUG] ## ('从数据库获取apk链接写入日志', [])
[2020-05-29 21:00:00,723][11384][log_file.py][line: 23][DEBUG] ## ('从数据库获取apk链接写入日志', [])
[2020-05-29 21:05:00,721][5948][log_file.py][line: 23][DEBUG] ## ('从数据库获取apk链接写入日志', [])
[2020-05-29 21:10:00,762][6908][log_file.py][line: 23][DEBUG] ## ('从数据库获取apk链接写入日志', [])
[2020-05-29 21:15:00,693][8828][log_file.py][line: 23][DEBUG] ## ('从数据库获取apk链接写入日志', [])
[2020-05-29 21:20:00,669][10028][log_file.py][line: 23][DEBUG] ## ('从数据库获取apk链接写入日志', [])
[2020-05-29 21:25:00,836][8252][log_file.py][line: 23][DEBUG] ## ('从数据库获取apk链接写入日志', [])
[2020-05-29 21:30:00,706][2108][log_file.py][line: 23][DEBUG] ## ('从数据库获取apk链接写入日志', [])
[2020-05-29 21:35:00,719][12184][log_file.py][line: 23][DEBUG] ## ('从数据库获取apk链接写入日志', [])
[2020-05-29 21:40:00,734][6152][log_file.py][line: 23][DEBUG] ## ('从数据库获取apk链接写入日志', [])
[2020-05-29 21:45:00,669][12656][log_file.py][line: 23][DEBUG] ## ('从数据库获取apk链接写入日志', [])
[2020-05-29 21:50:00,742][12136][log_file.py][line: 23][DEBUG] ## ('从数据库获取apk链接写入日志', [])
[2020-05-29 21:55:00,701][3424][log_file.py][line: 23][DEBUG] ## ('从数据库获取apk链接写入日志', [])
[2020-05-29 22:00:00,667][8272][log_file.py][line: 23][DEBUG] ## ('从数据库获取apk链接写入日志', [])
[2020-05-29 22:05:00,730][7528][log_file.py][line: 23][DEBUG] ## ('从数据库获取apk链接写入日志', [])
[2020-05-29 22:10:00,670][2372][log_file.py][line: 23][DEBUG] ## ('从数据库获取apk链接写入日志', [])
[2020-05-29 22:15:00,671][12240][log_file.py][line: 23][DEBUG] ## ('从数据库获取apk链接写入日志', [])
[2020-05-29 22:20:00,656][12844][log_file.py][line: 23][DEBUG] ## ('从数据库获取apk链接写入日志', [])
[2020-05-29 22:25:00,728][8812][log_file.py][line: 23][DEBUG] ## ('从数据库获取apk链接写入日志', [])
[2020-05-29 22:30:00,694][9264][log_file.py][line: 23][DEBUG] ## ('从数据库获取apk链接写入日志', [])
[2020-05-29 22:35:00,688][11556][log_file.py][line: 23][DEBUG] ## ('从数据库获取apk链接写入日志', [])
[2020-05-29 22:40:00,698][4180][log_file.py][line: 23][DEBUG] ## ('从数据库获取apk链接写入日志', [])
[2020-05-29 22:45:00,727][11276][log_file.py][line: 23][DEBUG] ## ('从数据库获取apk链接写入日志', [])
[2020-05-29 22:50:00,688][4184][log_file.py][line: 23][DEBUG] ## ('从数据库获取apk链接写入日志', [])
[2020-05-29 22:55:00,667][12704][log_file.py][line: 23][DEBUG] ## ('从数据库获取apk链接写入日志', [])
[2020-05-29 23:00:00,725][2300][log_file.py][line: 23][DEBUG] ## ('从数据库获取apk链接写入日志', [])
[2020-05-29 23:05:00,636][7520][log_file.py][line: 23][DEBUG] ## ('从数据库获取apk链接写入日志', [])
[2020-05-29 23:10:00,679][11524][log_file.py][line: 23][DEBUG] ## ('从数据库获取apk链接写入日志', [])
[2020-05-29 23:15:00,720][7752][log_file.py][line: 23][DEBUG] ## ('从数据库获取apk链接写入日志', [])
[2020-05-29 23:20:00,697][2172][log_file.py][line: 23][DEBUG] ## ('从数据库获取apk链接写入日志', [])
[2020-05-29 23:25:00,698][4468][log_file.py][line: 23][DEBUG] ## ('从数据库获取apk链接写入日志', [])
[2020-05-29 23:30:00,668][2680][log_file.py][line: 23][DEBUG] ## ('从数据库获取apk链接写入日志', [])
[2020-05-29 23:35:00,676][9740][log_file.py][line: 23][DEBUG] ## ('从数据库获取apk链接写入日志', [])
[2020-05-29 23:40:00,729][3716][log_file.py][line: 23][DEBUG] ## ('从数据库获取apk链接写入日志', [])
[2020-05-29 23:45:00,705][6576][log_file.py][line: 23][DEBUG] ## ('从数据库获取apk链接写入日志', [])
[2020-05-29 23:50:00,687][2132][log_file.py][line: 23][DEBUG] ## ('从数据库获取apk链接写入日志', [])
[2020-05-29 23:55:00,708][11504][log_file.py][line: 23][DEBUG] ## ('从数据库获取apk链接写入日志', [])
