[2020-05-25 00:00:01,092][5048][log_file.py][line: 23][DEBUG] ## ('从数据库获取apk链接写入日志', [])
[2020-05-25 00:05:00,822][2424][log_file.py][line: 23][DEBUG] ## ('从数据库获取apk链接写入日志', [])
[2020-05-25 00:10:00,674][12828][log_file.py][line: 23][DEBUG] ## ('从数据库获取apk链接写入日志', [])
[2020-05-25 00:15:00,729][10264][log_file.py][line: 23][DEBUG] ## ('从数据库获取apk链接写入日志', [])
[2020-05-25 00:20:00,728][13920][log_file.py][line: 23][DEBUG] ## ('从数据库获取apk链接写入日志', [])
[2020-05-25 00:25:00,693][13656][log_file.py][line: 23][DEBUG] ## ('从数据库获取apk链接写入日志', [])
[2020-05-25 00:30:00,712][11972][log_file.py][line: 23][DEBUG] ## ('从数据库获取apk链接写入日志', [])
[2020-05-25 00:35:00,711][14696][log_file.py][line: 23][DEBUG] ## ('从数据库获取apk链接写入日志', [])
[2020-05-25 00:40:00,689][10628][log_file.py][line: 23][DEBUG] ## ('从数据库获取apk链接写入日志', [])
[2020-05-25 00:45:00,689][12356][log_file.py][line: 23][DEBUG] ## ('从数据库获取apk链接写入日志', [])
[2020-05-25 00:50:00,719][3964][log_file.py][line: 23][DEBUG] ## ('从数据库获取apk链接写入日志', [])
[2020-05-25 00:55:00,716][11356][log_file.py][line: 23][DEBUG] ## ('从数据库获取apk链接写入日志', [])
[2020-05-25 01:00:00,739][11320][log_file.py][line: 23][DEBUG] ## ('从数据库获取apk链接写入日志', [])
[2020-05-25 01:05:00,750][15220][log_file.py][line: 23][DEBUG] ## ('从数据库获取apk链接写入日志', [])
[2020-05-25 01:10:00,730][6056][log_file.py][line: 23][DEBUG] ## ('从数据库获取apk链接写入日志', [])
[2020-05-25 01:15:00,740][13960][log_file.py][line: 23][DEBUG] ## ('从数据库获取apk链接写入日志', [])
[2020-05-25 01:20:00,753][14940][log_file.py][line: 23][DEBUG] ## ('从数据库获取apk链接写入日志', [])
[2020-05-25 01:25:00,696][5524][log_file.py][line: 23][DEBUG] ## ('从数据库获取apk链接写入日志', [])
[2020-05-25 01:30:00,696][7284][log_file.py][line: 23][DEBUG] ## ('从数据库获取apk链接写入日志', [])
[2020-05-25 01:35:00,761][5524][log_file.py][line: 23][DEBUG] ## ('从数据库获取apk链接写入日志', [])
[2020-05-25 01:40:00,703][12812][log_file.py][line: 23][DEBUG] ## ('从数据库获取apk链接写入日志', [])
[2020-05-25 01:45:00,711][14752][log_file.py][line: 23][DEBUG] ## ('从数据库获取apk链接写入日志', [])
[2020-05-25 01:50:00,685][11176][log_file.py][line: 23][DEBUG] ## ('从数据库获取apk链接写入日志', [])
[2020-05-25 01:55:00,705][12440][log_file.py][line: 23][DEBUG] ## ('从数据库获取apk链接写入日志', [])
[2020-05-25 02:00:00,683][14520][log_file.py][line: 23][DEBUG] ## ('从数据库获取apk链接写入日志', [])
[2020-05-25 02:05:00,704][9132][log_file.py][line: 23][DEBUG] ## ('从数据库获取apk链接写入日志', [])
[2020-05-25 02:10:00,752][13448][log_file.py][line: 23][DEBUG] ## ('从数据库获取apk链接写入日志', [])
[2020-05-25 02:15:00,692][9144][log_file.py][line: 23][DEBUG] ## ('从数据库获取apk链接写入日志', [])
[2020-05-25 02:20:00,761][7348][log_file.py][line: 23][DEBUG] ## ('从数据库获取apk链接写入日志', [])
[2020-05-25 02:25:00,712][5964][log_file.py][line: 23][DEBUG] ## ('从数据库获取apk链接写入日志', [])
[2020-05-25 02:30:00,717][5456][log_file.py][line: 23][DEBUG] ## ('从数据库获取apk链接写入日志', [])
[2020-05-25 02:35:00,719][160][log_file.py][line: 23][DEBUG] ## ('从数据库获取apk链接写入日志', [])
[2020-05-25 02:40:00,742][12460][log_file.py][line: 23][DEBUG] ## ('从数据库获取apk链接写入日志', [])
[2020-05-25 02:45:00,718][12360][log_file.py][line: 23][DEBUG] ## ('从数据库获取apk链接写入日志', [])
[2020-05-25 02:50:00,713][7424][log_file.py][line: 23][DEBUG] ## ('从数据库获取apk链接写入日志', [])
[2020-05-25 02:55:00,691][7776][log_file.py][line: 23][DEBUG] ## ('从数据库获取apk链接写入日志', [])
[2020-05-25 03:00:00,684][14588][log_file.py][line: 23][DEBUG] ## ('从数据库获取apk链接写入日志', [])
[2020-05-25 03:05:00,697][13772][log_file.py][line: 23][DEBUG] ## ('从数据库获取apk链接写入日志', [])
[2020-05-25 03:10:00,706][5244][log_file.py][line: 23][DEBUG] ## ('从数据库获取apk链接写入日志', [])
[2020-05-25 03:15:00,742][11972][log_file.py][line: 23][DEBUG] ## ('从数据库获取apk链接写入日志', [])
[2020-05-25 03:20:00,693][11928][log_file.py][line: 23][DEBUG] ## ('从数据库获取apk链接写入日志', [])
[2020-05-25 03:25:00,747][15180][log_file.py][line: 23][DEBUG] ## ('从数据库获取apk链接写入日志', [])
[2020-05-25 03:30:00,728][10860][log_file.py][line: 23][DEBUG] ## ('从数据库获取apk链接写入日志', [])
[2020-05-25 03:35:00,713][4372][log_file.py][line: 23][DEBUG] ## ('从数据库获取apk链接写入日志', [])
[2020-05-25 03:40:01,455][13480][log_file.py][line: 23][DEBUG] ## ('从数据库获取apk链接写入日志', [])
[2020-05-25 03:45:00,731][11876][log_file.py][line: 23][DEBUG] ## ('从数据库获取apk链接写入日志', [])
[2020-05-25 03:50:00,773][12296][log_file.py][line: 23][DEBUG] ## ('从数据库获取apk链接写入日志', [])
[2020-05-25 03:55:00,699][14892][log_file.py][line: 23][DEBUG] ## ('从数据库获取apk链接写入日志', [])
[2020-05-25 04:00:00,721][10468][log_file.py][line: 23][DEBUG] ## ('从数据库获取apk链接写入日志', [])
[2020-05-25 04:05:00,712][13792][log_file.py][line: 23][DEBUG] ## ('从数据库获取apk链接写入日志', [])
[2020-05-25 04:10:00,684][11552][log_file.py][line: 23][DEBUG] ## ('从数据库获取apk链接写入日志', [])
[2020-05-25 04:15:00,706][12432][log_file.py][line: 23][DEBUG] ## ('从数据库获取apk链接写入日志', [])
[2020-05-25 04:20:00,737][12900][log_file.py][line: 23][DEBUG] ## ('从数据库获取apk链接写入日志', [])
[2020-05-25 04:25:00,680][10884][log_file.py][line: 23][DEBUG] ## ('从数据库获取apk链接写入日志', [])
[2020-05-25 04:30:01,471][14348][log_file.py][line: 23][DEBUG] ## ('从数据库获取apk链接写入日志', [])
[2020-05-25 04:35:00,726][4908][log_file.py][line: 23][DEBUG] ## ('从数据库获取apk链接写入日志', [])
[2020-05-25 04:40:00,724][12296][log_file.py][line: 23][DEBUG] ## ('从数据库获取apk链接写入日志', [])
[2020-05-25 04:45:00,718][6832][log_file.py][line: 23][DEBUG] ## ('从数据库获取apk链接写入日志', [])
[2020-05-25 04:50:01,763][13912][log_file.py][line: 23][DEBUG] ## ('从数据库获取apk链接写入日志', [])
[2020-05-25 04:55:00,698][14760][log_file.py][line: 23][DEBUG] ## ('从数据库获取apk链接写入日志', [])
[2020-05-25 05:00:00,726][14228][log_file.py][line: 23][DEBUG] ## ('从数据库获取apk链接写入日志', [])
[2020-05-25 05:05:00,727][572][log_file.py][line: 23][DEBUG] ## ('从数据库获取apk链接写入日志', [])
[2020-05-25 05:10:00,713][14844][log_file.py][line: 23][DEBUG] ## ('从数据库获取apk链接写入日志', [])
[2020-05-25 05:15:00,700][10524][log_file.py][line: 23][DEBUG] ## ('从数据库获取apk链接写入日志', [])
[2020-05-25 05:20:00,675][14128][log_file.py][line: 23][DEBUG] ## ('从数据库获取apk链接写入日志', [])
[2020-05-25 05:25:00,703][12464][log_file.py][line: 23][DEBUG] ## ('从数据库获取apk链接写入日志', [])
[2020-05-25 05:30:00,740][13316][log_file.py][line: 23][DEBUG] ## ('从数据库获取apk链接写入日志', [])
[2020-05-25 05:35:00,702][14160][log_file.py][line: 23][DEBUG] ## ('从数据库获取apk链接写入日志', [])
[2020-05-25 05:40:00,722][8184][log_file.py][line: 23][DEBUG] ## ('从数据库获取apk链接写入日志', [])
[2020-05-25 05:45:00,737][13304][log_file.py][line: 23][DEBUG] ## ('从数据库获取apk链接写入日志', [])
[2020-05-25 05:50:00,720][4872][log_file.py][line: 23][DEBUG] ## ('从数据库获取apk链接写入日志', [])
[2020-05-25 05:55:00,669][9396][log_file.py][line: 23][DEBUG] ## ('从数据库获取apk链接写入日志', [])
[2020-05-25 06:00:01,338][13212][log_file.py][line: 23][DEBUG] ## ('从数据库获取apk链接写入日志', [])
[2020-05-25 06:05:00,723][14920][log_file.py][line: 23][DEBUG] ## ('从数据库获取apk链接写入日志', [])
[2020-05-25 06:10:00,725][9196][log_file.py][line: 23][DEBUG] ## ('从数据库获取apk链接写入日志', [])
[2020-05-25 06:15:00,747][11068][log_file.py][line: 23][DEBUG] ## ('从数据库获取apk链接写入日志', [])
[2020-05-25 06:20:00,706][4340][log_file.py][line: 23][DEBUG] ## ('从数据库获取apk链接写入日志', [])
[2020-05-25 06:25:00,723][14516][log_file.py][line: 23][DEBUG] ## ('从数据库获取apk链接写入日志', [])
[2020-05-25 06:30:00,679][12116][log_file.py][line: 23][DEBUG] ## ('从数据库获取apk链接写入日志', [])
[2020-05-25 06:35:00,713][12828][log_file.py][line: 23][DEBUG] ## ('从数据库获取apk链接写入日志', [])
[2020-05-25 06:40:00,711][14004][log_file.py][line: 23][DEBUG] ## ('从数据库获取apk链接写入日志', [])
[2020-05-25 06:45:00,735][2464][log_file.py][line: 23][DEBUG] ## ('从数据库获取apk链接写入日志', [])
[2020-05-25 06:50:00,720][14796][log_file.py][line: 23][DEBUG] ## ('从数据库获取apk链接写入日志', [])
[2020-05-25 06:55:00,679][13912][log_file.py][line: 23][DEBUG] ## ('从数据库获取apk链接写入日志', [])
[2020-05-25 07:00:00,727][11340][log_file.py][line: 23][DEBUG] ## ('从数据库获取apk链接写入日志', [])
[2020-05-25 07:05:00,794][14456][log_file.py][line: 23][DEBUG] ## ('从数据库获取apk链接写入日志', [])
[2020-05-25 07:10:00,753][8256][log_file.py][line: 23][DEBUG] ## ('从数据库获取apk链接写入日志', [])
[2020-05-25 07:15:00,684][13496][log_file.py][line: 23][DEBUG] ## ('从数据库获取apk链接写入日志', [])
[2020-05-25 07:20:01,070][14160][log_file.py][line: 23][DEBUG] ## ('从数据库获取apk链接写入日志', [])
[2020-05-25 07:25:00,711][9764][log_file.py][line: 23][DEBUG] ## ('从数据库获取apk链接写入日志', [])
[2020-05-25 07:30:00,696][13624][log_file.py][line: 23][DEBUG] ## ('从数据库获取apk链接写入日志', [])
[2020-05-25 07:35:00,764][12964][log_file.py][line: 23][DEBUG] ## ('从数据库获取apk链接写入日志', [])
[2020-05-25 07:40:01,646][15352][log_file.py][line: 23][DEBUG] ## ('从数据库获取apk链接写入日志', [])
[2020-05-25 07:45:00,711][10860][log_file.py][line: 23][DEBUG] ## ('从数据库获取apk链接写入日志', [])
[2020-05-25 07:50:00,685][10452][log_file.py][line: 23][DEBUG] ## ('从数据库获取apk链接写入日志', [])
[2020-05-25 07:55:00,700][12172][log_file.py][line: 23][DEBUG] ## ('从数据库获取apk链接写入日志', [])
[2020-05-25 08:00:00,671][2504][log_file.py][line: 23][DEBUG] ## ('从数据库获取apk链接写入日志', [])
[2020-05-25 08:05:00,700][5456][log_file.py][line: 23][DEBUG] ## ('从数据库获取apk链接写入日志', [])
[2020-05-25 08:10:00,674][1044][log_file.py][line: 23][DEBUG] ## ('从数据库获取apk链接写入日志', [])
[2020-05-25 08:15:00,710][13220][log_file.py][line: 23][DEBUG] ## ('从数据库获取apk链接写入日志', [])
[2020-05-25 08:20:00,709][14084][log_file.py][line: 23][DEBUG] ## ('从数据库获取apk链接写入日志', [])
[2020-05-25 08:25:00,749][8312][log_file.py][line: 23][DEBUG] ## ('从数据库获取apk链接写入日志', [])
[2020-05-25 08:30:01,428][10608][log_file.py][line: 23][DEBUG] ## ('从数据库获取apk链接写入日志', [])
[2020-05-25 08:35:00,723][8312][log_file.py][line: 23][DEBUG] ## ('从数据库获取apk链接写入日志', [])
[2020-05-25 08:40:00,720][12620][log_file.py][line: 23][DEBUG] ## ('从数据库获取apk链接写入日志', [])
[2020-05-25 08:45:00,693][11648][log_file.py][line: 23][DEBUG] ## ('从数据库获取apk链接写入日志', [])
[2020-05-25 08:50:01,348][8552][log_file.py][line: 23][DEBUG] ## ('从数据库获取apk链接写入日志', [])
[2020-05-25 08:55:00,732][4248][log_file.py][line: 23][DEBUG] ## ('从数据库获取apk链接写入日志', [])
[2020-05-25 09:00:00,760][6796][log_file.py][line: 23][DEBUG] ## ('从数据库获取apk链接写入日志', [])
[2020-05-25 09:05:00,668][10256][log_file.py][line: 23][DEBUG] ## ('从数据库获取apk链接写入日志', [])
[2020-05-25 09:10:00,815][13996][log_file.py][line: 23][DEBUG] ## ('从数据库获取apk链接写入日志', [])
[2020-05-25 09:15:00,711][11112][log_file.py][line: 23][DEBUG] ## ('从数据库获取apk链接写入日志', [])
[2020-05-25 09:20:00,688][14400][log_file.py][line: 23][DEBUG] ## ('从数据库获取apk链接写入日志', [])
[2020-05-25 09:25:00,709][15240][log_file.py][line: 23][DEBUG] ## ('从数据库获取apk链接写入日志', [])
[2020-05-25 09:30:00,701][14104][log_file.py][line: 23][DEBUG] ## ('从数据库获取apk链接写入日志', [])
[2020-05-25 09:35:00,719][1256][log_file.py][line: 23][DEBUG] ## ('从数据库获取apk链接写入日志', [])
[2020-05-25 09:40:00,703][13636][log_file.py][line: 23][DEBUG] ## ('从数据库获取apk链接写入日志', [])
[2020-05-25 09:45:00,736][10256][log_file.py][line: 23][DEBUG] ## ('从数据库获取apk链接写入日志', [])
[2020-05-25 09:50:00,693][11648][log_file.py][line: 23][DEBUG] ## ('从数据库获取apk链接写入日志', [])
[2020-05-25 09:55:00,729][8184][log_file.py][line: 23][DEBUG] ## ('从数据库获取apk链接写入日志', [])
[2020-05-25 10:00:00,729][13928][log_file.py][line: 23][DEBUG] ## ('从数据库获取apk链接写入日志', [])
[2020-05-25 10:05:00,710][3964][log_file.py][line: 23][DEBUG] ## ('从数据库获取apk链接写入日志', [])
[2020-05-25 10:10:02,189][9292][log_file.py][line: 23][DEBUG] ## ('从数据库获取apk链接写入日志', [])
[2020-05-25 10:15:00,700][10740][log_file.py][line: 23][DEBUG] ## ('从数据库获取apk链接写入日志', [])
[2020-05-25 10:20:00,798][6236][log_file.py][line: 23][DEBUG] ## ('从数据库获取apk链接写入日志', [])
[2020-05-25 10:25:00,884][13144][log_file.py][line: 23][DEBUG] ## ('从数据库获取apk链接写入日志', [])
[2020-05-25 10:30:01,079][6220][log_file.py][line: 23][DEBUG] ## ('从数据库获取apk链接写入日志', [])
[2020-05-25 10:35:00,779][13552][log_file.py][line: 23][DEBUG] ## ('从数据库获取apk链接写入日志', [])
[2020-05-25 10:40:02,658][11724][log_file.py][line: 23][DEBUG] ## ('从数据库获取apk链接写入日志', [])
[2020-05-25 10:45:00,782][13184][log_file.py][line: 23][DEBUG] ## ('从数据库获取apk链接写入日志', [])
[2020-05-25 10:50:01,683][12864][log_file.py][line: 23][DEBUG] ## ('从数据库获取apk链接写入日志', [])
[2020-05-25 10:55:00,812][14812][log_file.py][line: 23][DEBUG] ## ('从数据库获取apk链接写入日志', [])
[2020-05-25 11:00:00,705][12160][log_file.py][line: 23][DEBUG] ## ('从数据库获取apk链接写入日志', [])
[2020-05-25 11:05:00,713][6056][log_file.py][line: 23][DEBUG] ## ('从数据库获取apk链接写入日志', [])
[2020-05-25 11:10:02,374][11884][log_file.py][line: 23][DEBUG] ## ('从数据库获取apk链接写入日志', [])
[2020-05-25 11:15:01,456][3360][log_file.py][line: 23][DEBUG] ## ('从数据库获取apk链接写入日志', [])
[2020-05-25 11:20:02,496][11768][log_file.py][line: 23][DEBUG] ## ('从数据库获取apk链接写入日志', [])
[2020-05-25 11:25:02,843][15072][log_file.py][line: 23][DEBUG] ## ('从数据库获取apk链接写入日志', [])
[2020-05-25 11:30:03,404][13448][log_file.py][line: 23][DEBUG] ## ('从数据库获取apk链接写入日志', [])
[2020-05-25 11:35:01,275][10264][log_file.py][line: 23][DEBUG] ## ('从数据库获取apk链接写入日志', [])
[2020-05-25 11:40:01,693][10468][log_file.py][line: 23][DEBUG] ## ('从数据库获取apk链接写入日志', [])
[2020-05-25 11:45:00,708][14268][log_file.py][line: 23][DEBUG] ## ('从数据库获取apk链接写入日志', [])
[2020-05-25 11:50:02,187][6028][log_file.py][line: 23][DEBUG] ## ('从数据库获取apk链接写入日志', [])
[2020-05-25 11:55:02,008][15348][log_file.py][line: 23][DEBUG] ## ('从数据库获取apk链接写入日志', [])
[2020-05-25 12:00:00,768][11716][log_file.py][line: 23][DEBUG] ## ('从数据库获取apk链接写入日志', ['http://pkg.superdalan.com/game.pkg/download?pkgId=2236&f=qyjtt_dalan_dsdk_48_1.0.0_20200525_120040.apk'])
[2020-05-25 12:00:34,361][9144][log_file.py][line: 23][DEBUG] ## ('-----------54a4c6159804___20200525_120040.apk----节点1-----------下载校验结果：True',)
[2020-05-25 12:05:01,955][12868][log_file.py][line: 23][DEBUG] ## ('从数据库获取apk链接写入日志', ['http://pkg.superdalan.com/game.pkg/download?pkgId=2236&f=qyjtt_dalan_dsdk_48_1.0.0_20200525_120040.apk', 'http://pkg.superdalan.com/game.pkg/download?pkgId=2285&f=mszytt_dalan_dsdk_48_1.0.0_20200525_120219.apk'])
[2020-05-25 12:05:23,046][12172][log_file.py][line: 23][DEBUG] ## ('-----------54a4c6159804___20200525_120040.apk----节点1-----------下载校验结果：True',)
[2020-05-25 12:05:25,945][11884][log_file.py][line: 23][DEBUG] ## ('-----------R8AYIJWO99999999___20200525_120219.apk----节点1-----------下载校验结果：True',)
[2020-05-25 12:06:38,253][12172][log_file.py][line: 23][DEBUG] ## ('---------54a4c6159804___20200525_120040.apk-------节点2------安装返回结果：True',)
[2020-05-25 12:06:57,657][12172][log_file.py][line: 23][DEBUG] ## ("------------54a4c6159804___20200525_120040.apk----节点3---------拆包校验结果：True:['55a4752d2937871a59fd3546e7fc26c0.jpg', '0701c31342d4c11e52a4454525ed84a7.jpg']",)
[2020-05-25 12:07:01,830][11884][log_file.py][line: 23][DEBUG] ## ('---------R8AYIJWO99999999___20200525_120219.apk-------节点2------安装返回结果：True',)
[2020-05-25 12:07:44,613][11884][log_file.py][line: 23][DEBUG] ## ("------------R8AYIJWO99999999___20200525_120219.apk----节点3---------拆包校验结果：True:['874f34768a3132bb26be7a3abb7677c7.jpg', '5b6abeb701e38265f3e0bf0d61ca295b.jpg']",)
[2020-05-25 12:08:10,858][12172][log_file.py][line: 23][DEBUG] ## ('-----------54a4c6159804___20200525_120040.apk----节点4----------打开游戏结果:True',)
[2020-05-25 12:08:54,999][11884][log_file.py][line: 23][DEBUG] ## ('-----------R8AYIJWO99999999___20200525_120219.apk----节点4----------打开游戏结果:True',)
[2020-05-25 12:09:06,235][12172][log_file.py][line: 23][DEBUG] ## ('-----------54a4c6159804___20200525_120040.apk----节点5----------登录游戏结果:True',)
[2020-05-25 12:09:44,419][11884][log_file.py][line: 23][DEBUG] ## ('-----------R8AYIJWO99999999___20200525_120219.apk----节点5----------登录游戏结果:True',)
[2020-05-25 12:09:51,146][12172][log_file.py][line: 23][DEBUG] ## ('------54a4c6159804___20200525_120040.apk---节点6-------下单调起微信结果:True',)
[2020-05-25 12:10:27,152][11884][log_file.py][line: 23][DEBUG] ## ('------R8AYIJWO99999999___20200525_120219.apk---节点6-------下单调起微信结果:True',)
[2020-05-25 12:15:02,081][15356][log_file.py][line: 23][DEBUG] ## ('从数据库获取apk链接写入日志', [])
[2020-05-25 12:20:01,517][16160][log_file.py][line: 23][DEBUG] ## ('从数据库获取apk链接写入日志', [])
[2020-05-25 12:25:00,689][3420][log_file.py][line: 23][DEBUG] ## ('从数据库获取apk链接写入日志', [])
[2020-05-25 12:30:00,790][14572][log_file.py][line: 23][DEBUG] ## ('从数据库获取apk链接写入日志', [])
[2020-05-25 12:34:44,767][12964][log_file.py][line: 23][DEBUG] ## ('从数据库获取apk链接写入日志', ['http://pkg.superdalan.com/game.pkg/download?pkgId=2516&f=xkjhwzjh_dalan_dsdk_48_1.0.0_20200522_172951.apk', 'http://pkg.superdalan.com/game.pkg/download?pkgId=2813&f=chwyxxyztt_dalan_xy_dsdk_74_1.0.0_20200525_123650.apk'])
[2020-05-25 12:34:57,138][13412][log_file.py][line: 23][DEBUG] ## ('-----------R8AYIJWO99999999___20200525_123650.apk----节点1-----------下载校验结果：True',)
[2020-05-25 12:35:00,826][15172][log_file.py][line: 23][DEBUG] ## ('从数据库获取apk链接写入日志', ['http://pkg.superdalan.com/game.pkg/download?pkgId=2516&f=xkjhwzjh_dalan_dsdk_48_1.0.0_20200522_172951.apk', 'http://pkg.superdalan.com/game.pkg/download?pkgId=2813&f=chwyxxyztt_dalan_xy_dsdk_74_1.0.0_20200525_123650.apk'])
[2020-05-25 12:35:04,317][13412][log_file.py][line: 23][DEBUG] ## ('---------R8AYIJWO99999999___20200525_123650.apk-------节点2------安装返回结果：未知异常_404',)
[2020-05-25 12:35:08,588][16360][log_file.py][line: 23][DEBUG] ## ('-----------54a4c6159804___20200522_172951.apk----节点1-----------下载校验结果：True',)
[2020-05-25 12:35:49,571][16360][log_file.py][line: 23][DEBUG] ## ('---------54a4c6159804___20200522_172951.apk-------节点2------安装返回结果：True',)
[2020-05-25 12:36:00,429][16360][log_file.py][line: 23][DEBUG] ## ("------------54a4c6159804___20200522_172951.apk----节点3---------拆包校验结果：True:['6ce7e354e4bfd420bd2638a02dfcd52c.jpg', '9baae0e1fd1931f1c3d3c88c2e647465.jpg']",)
[2020-05-25 12:38:08,751][16360][log_file.py][line: 23][DEBUG] ## ('-----------54a4c6159804___20200522_172951.apk----节点4----------打开游戏结果:False',)
[2020-05-25 12:40:00,801][16120][log_file.py][line: 23][DEBUG] ## ('从数据库获取apk链接写入日志', ['http://pkg.superdalan.com/game.pkg/download?pkgId=2516&f=xkjhwzjh_dalan_dsdk_48_1.0.0_20200522_172951.apk'])
[2020-05-25 12:40:22,727][14692][log_file.py][line: 23][DEBUG] ## ('-----------54a4c6159804___20200522_172951.apk----节点1-----------下载校验结果：True',)
[2020-05-25 12:41:00,037][14692][log_file.py][line: 23][DEBUG] ## ('---------54a4c6159804___20200522_172951.apk-------节点2------安装返回结果：True',)
[2020-05-25 12:41:05,839][14692][log_file.py][line: 23][DEBUG] ## ("------------54a4c6159804___20200522_172951.apk----节点3---------拆包校验结果：True:['6ce7e354e4bfd420bd2638a02dfcd52c.jpg', '9baae0e1fd1931f1c3d3c88c2e647465.jpg']",)
[2020-05-25 12:42:13,030][14692][log_file.py][line: 23][DEBUG] ## ('-----------54a4c6159804___20200522_172951.apk----节点4----------打开游戏结果:True',)
[2020-05-25 12:43:05,544][14692][log_file.py][line: 23][DEBUG] ## ('-----------54a4c6159804___20200522_172951.apk----节点5----------登录游戏结果:True',)
[2020-05-25 12:43:49,656][14692][log_file.py][line: 23][DEBUG] ## ('------54a4c6159804___20200522_172951.apk---节点6-------下单调起微信结果:True',)
[2020-05-25 12:45:00,877][15284][log_file.py][line: 23][DEBUG] ## ('从数据库获取apk链接写入日志', [])
[2020-05-25 12:50:00,772][4756][log_file.py][line: 23][DEBUG] ## ('从数据库获取apk链接写入日志', [])
[2020-05-25 12:55:00,714][16308][log_file.py][line: 23][DEBUG] ## ('从数据库获取apk链接写入日志', [])
[2020-05-25 13:00:00,706][8964][log_file.py][line: 23][DEBUG] ## ('从数据库获取apk链接写入日志', [])
[2020-05-25 13:05:00,717][15652][log_file.py][line: 23][DEBUG] ## ('从数据库获取apk链接写入日志', [])
[2020-05-25 13:10:00,684][12296][log_file.py][line: 23][DEBUG] ## ('从数据库获取apk链接写入日志', [])
[2020-05-25 13:15:00,730][14156][log_file.py][line: 23][DEBUG] ## ('从数据库获取apk链接写入日志', [])
[2020-05-25 13:20:01,031][15976][log_file.py][line: 23][DEBUG] ## ('从数据库获取apk链接写入日志', [])
[2020-05-25 13:25:00,724][15860][log_file.py][line: 23][DEBUG] ## ('从数据库获取apk链接写入日志', [])
[2020-05-25 13:30:00,726][15632][log_file.py][line: 23][DEBUG] ## ('从数据库获取apk链接写入日志', [])
[2020-05-25 13:35:00,710][10680][log_file.py][line: 23][DEBUG] ## ('从数据库获取apk链接写入日志', [])
[2020-05-25 13:40:00,713][10264][log_file.py][line: 23][DEBUG] ## ('从数据库获取apk链接写入日志', [])
[2020-05-25 13:45:00,716][16340][log_file.py][line: 23][DEBUG] ## ('从数据库获取apk链接写入日志', [])
[2020-05-25 13:50:00,726][8256][log_file.py][line: 23][DEBUG] ## ('从数据库获取apk链接写入日志', [])
[2020-05-25 13:55:00,765][14368][log_file.py][line: 23][DEBUG] ## ('从数据库获取apk链接写入日志', [])
[2020-05-25 14:00:00,731][15860][log_file.py][line: 23][DEBUG] ## ('从数据库获取apk链接写入日志', [])
[2020-05-25 14:05:00,751][16336][log_file.py][line: 23][DEBUG] ## ('从数据库获取apk链接写入日志', [])
[2020-05-25 14:10:00,745][11660][log_file.py][line: 23][DEBUG] ## ('从数据库获取apk链接写入日志', [])
[2020-05-25 14:15:00,774][16224][log_file.py][line: 23][DEBUG] ## ('从数据库获取apk链接写入日志', [])
[2020-05-25 14:20:00,861][15876][log_file.py][line: 23][DEBUG] ## ('从数据库获取apk链接写入日志', [])
[2020-05-25 14:25:00,774][16200][log_file.py][line: 23][DEBUG] ## ('从数据库获取apk链接写入日志', [])
[2020-05-25 14:30:00,782][3360][log_file.py][line: 23][DEBUG] ## ('从数据库获取apk链接写入日志', [])
[2020-05-25 14:35:00,775][11648][log_file.py][line: 23][DEBUG] ## ('从数据库获取apk链接写入日志', [])
[2020-05-25 14:40:00,783][15840][log_file.py][line: 23][DEBUG] ## ('从数据库获取apk链接写入日志', [])
[2020-05-25 14:45:00,764][15488][log_file.py][line: 23][DEBUG] ## ('从数据库获取apk链接写入日志', [])
[2020-05-25 14:50:00,749][13132][log_file.py][line: 23][DEBUG] ## ('从数据库获取apk链接写入日志', [])
[2020-05-25 14:55:00,788][15244][log_file.py][line: 23][DEBUG] ## ('从数据库获取apk链接写入日志', [])
[2020-05-25 15:00:01,802][12376][log_file.py][line: 23][DEBUG] ## ('从数据库获取apk链接写入日志', [])
[2020-05-25 15:05:00,744][13848][log_file.py][line: 23][DEBUG] ## ('从数据库获取apk链接写入日志', [])
[2020-05-25 15:10:00,827][12932][log_file.py][line: 23][DEBUG] ## ('从数据库获取apk链接写入日志', [])
[2020-05-25 15:15:00,714][12516][log_file.py][line: 23][DEBUG] ## ('从数据库获取apk链接写入日志', [])
[2020-05-25 15:20:01,124][15896][log_file.py][line: 23][DEBUG] ## ('从数据库获取apk链接写入日志', ['http://pkg.superdalan.com/game.pkg/download?pkgId=2813&f=chwyxxyztt_dalan_xy_dsdk_74_1.0.0_20200525_152233.apk'])
[2020-05-25 15:21:01,972][13636][log_file.py][line: 23][DEBUG] ## ('-----------54a4c6159804___20200525_152233.apk----节点1-----------下载校验结果：True',)
[2020-05-25 15:21:37,144][13636][log_file.py][line: 23][DEBUG] ## ('---------54a4c6159804___20200525_152233.apk-------节点2------安装返回结果：True',)
[2020-05-25 15:22:02,285][13636][log_file.py][line: 23][DEBUG] ## ("------------54a4c6159804___20200525_152233.apk----节点3---------拆包校验结果：True:['8c8b1cf9f9f23eecbfaddcb66fe4933e.jpg', '98bee8074c4a4464d30f047a27c32818.jpg']",)
[2020-05-25 15:24:07,410][13636][log_file.py][line: 23][DEBUG] ## ('-----------54a4c6159804___20200525_152233.apk----节点4----------打开游戏结果:False',)
[2020-05-25 15:25:01,494][15384][log_file.py][line: 23][DEBUG] ## ('从数据库获取apk链接写入日志', ['http://pkg.superdalan.com/game.pkg/download?pkgId=2813&f=chwyxxyztt_dalan_xy_dsdk_74_1.0.0_20200525_152233.apk'])
[2020-05-25 15:26:05,632][5348][log_file.py][line: 23][DEBUG] ## ('-----------54a4c6159804___20200525_152233.apk----节点1-----------下载校验结果：True',)
[2020-05-25 15:26:30,666][5348][log_file.py][line: 23][DEBUG] ## ('---------54a4c6159804___20200525_152233.apk-------节点2------安装返回结果：True',)
[2020-05-25 15:26:40,077][5348][log_file.py][line: 23][DEBUG] ## ("------------54a4c6159804___20200525_152233.apk----节点3---------拆包校验结果：True:['8c8b1cf9f9f23eecbfaddcb66fe4933e.jpg', '98bee8074c4a4464d30f047a27c32818.jpg']",)
[2020-05-25 15:28:43,757][5348][log_file.py][line: 23][DEBUG] ## ('-----------54a4c6159804___20200525_152233.apk----节点4----------打开游戏结果:False',)
[2020-05-25 15:30:00,942][7928][log_file.py][line: 23][DEBUG] ## ('从数据库获取apk链接写入日志', [])
[2020-05-25 15:35:00,769][4660][log_file.py][line: 23][DEBUG] ## ('从数据库获取apk链接写入日志', [])
[2020-05-25 15:40:00,739][16200][log_file.py][line: 23][DEBUG] ## ('从数据库获取apk链接写入日志', [])
[2020-05-25 15:45:00,703][15800][log_file.py][line: 23][DEBUG] ## ('从数据库获取apk链接写入日志', [])
[2020-05-25 15:50:00,739][15044][log_file.py][line: 23][DEBUG] ## ('从数据库获取apk链接写入日志', [])
[2020-05-25 15:55:00,767][16296][log_file.py][line: 23][DEBUG] ## ('从数据库获取apk链接写入日志', [])
[2020-05-25 16:00:00,826][13912][log_file.py][line: 23][DEBUG] ## ('从数据库获取apk链接写入日志', [])
[2020-05-25 16:05:00,862][13684][log_file.py][line: 23][DEBUG] ## ('从数据库获取apk链接写入日志', [])
[2020-05-25 16:10:00,750][12864][log_file.py][line: 23][DEBUG] ## ('从数据库获取apk链接写入日志', [])
[2020-05-25 16:15:00,720][9732][log_file.py][line: 23][DEBUG] ## ('从数据库获取apk链接写入日志', ['http://pkg.superdalan.com/game.pkg/download?pkgId=2800&f=shjzcyzstt_dalan_dsdk_48_1.0.0_20200525_161448.apk'])
[2020-05-25 16:15:29,659][14348][log_file.py][line: 23][DEBUG] ## ('-----------54a4c6159804___20200525_161448.apk----节点1-----------下载校验结果：True',)
[2020-05-25 16:16:28,000][14348][log_file.py][line: 23][DEBUG] ## ('---------54a4c6159804___20200525_161448.apk-------节点2------安装返回结果：True',)
[2020-05-25 16:16:29,782][14348][log_file.py][line: 23][DEBUG] ## ('--------54a4c6159804___20200525_161448.apk---节点3--------后台没有配置素材无需校验',)
[2020-05-25 16:18:49,631][14348][log_file.py][line: 23][DEBUG] ## ('-----------54a4c6159804___20200525_161448.apk----节点4----------打开游戏结果:False',)
[2020-05-25 16:20:01,893][12864][log_file.py][line: 23][DEBUG] ## ('从数据库获取apk链接写入日志', ['http://pkg.superdalan.com/game.pkg/download?pkgId=2800&f=shjzcyzstt_dalan_dsdk_48_1.0.0_20200525_161448.apk'])
[2020-05-25 16:22:00,743][6224][log_file.py][line: 23][DEBUG] ## ('-----------54a4c6159804___20200525_161448.apk----节点1-----------下载校验结果：True',)
[2020-05-25 16:22:45,533][6224][log_file.py][line: 23][DEBUG] ## ('---------54a4c6159804___20200525_161448.apk-------节点2------安装返回结果：True',)
[2020-05-25 16:22:51,345][6224][log_file.py][line: 23][DEBUG] ## ('--------54a4c6159804___20200525_161448.apk---节点3--------后台没有配置素材无需校验',)
[2020-05-25 16:25:09,438][6224][log_file.py][line: 23][DEBUG] ## ('-----------54a4c6159804___20200525_161448.apk----节点4----------打开游戏结果:False',)
[2020-05-25 16:30:01,492][6236][log_file.py][line: 23][DEBUG] ## ('从数据库获取apk链接写入日志', [])
[2020-05-25 16:35:00,737][15788][log_file.py][line: 23][DEBUG] ## ('从数据库获取apk链接写入日志', [])
[2020-05-25 16:40:00,756][14040][log_file.py][line: 23][DEBUG] ## ('从数据库获取apk链接写入日志', [])
[2020-05-25 16:45:00,724][6792][log_file.py][line: 23][DEBUG] ## ('从数据库获取apk链接写入日志', [])
[2020-05-25 16:50:00,687][15020][log_file.py][line: 23][DEBUG] ## ('从数据库获取apk链接写入日志', [])
[2020-05-25 16:55:00,772][15040][log_file.py][line: 23][DEBUG] ## ('从数据库获取apk链接写入日志', [])
[2020-05-25 17:00:00,737][9324][log_file.py][line: 23][DEBUG] ## ('从数据库获取apk链接写入日志', [])
[2020-05-25 17:05:00,783][9800][log_file.py][line: 23][DEBUG] ## ('从数据库获取apk链接写入日志', [])
[2020-05-25 17:10:00,793][4348][log_file.py][line: 23][DEBUG] ## ('从数据库获取apk链接写入日志', [])
[2020-05-25 17:15:00,807][3620][log_file.py][line: 23][DEBUG] ## ('从数据库获取apk链接写入日志', [])
[2020-05-25 17:20:00,834][13968][log_file.py][line: 23][DEBUG] ## ('从数据库获取apk链接写入日志', [])
[2020-05-25 17:25:00,782][748][log_file.py][line: 23][DEBUG] ## ('从数据库获取apk链接写入日志', [])
[2020-05-25 17:30:00,776][9040][log_file.py][line: 23][DEBUG] ## ('从数据库获取apk链接写入日志', [])
[2020-05-25 17:35:00,760][9396][log_file.py][line: 23][DEBUG] ## ('从数据库获取apk链接写入日志', [])
[2020-05-25 17:40:00,764][10264][log_file.py][line: 23][DEBUG] ## ('从数据库获取apk链接写入日志', ['http://pkg.superdalan.com/game.pkg/download?pkgId=2810&f=jtyzxyx_dalan_xiuxianandroid_72_1.0.0_20200525_173944.apk'])
[2020-05-25 17:40:09,207][15368][log_file.py][line: 23][DEBUG] ## ('-----------54a4c6159804___20200525_173944.apk----节点1-----------下载校验结果：True',)
[2020-05-25 17:40:27,702][15368][log_file.py][line: 23][DEBUG] ## ('---------54a4c6159804___20200525_173944.apk-------节点2------安装返回结果：True',)
[2020-05-25 17:40:27,854][15368][log_file.py][line: 23][DEBUG] ## ('--------54a4c6159804___20200525_173944.apk---节点3--------后台没有配置素材无需校验',)
[2020-05-25 17:40:35,383][15368][log_file.py][line: 23][DEBUG] ## ('54a4c6159804___20200525_173944.apk_非Dalan_Dsdk渠道包，不走自动化流程',)
[2020-05-25 17:45:00,726][12200][log_file.py][line: 23][DEBUG] ## ('从数据库获取apk链接写入日志', [])
[2020-05-25 17:50:00,777][11724][log_file.py][line: 23][DEBUG] ## ('从数据库获取apk链接写入日志', [])
[2020-05-25 17:55:00,739][15600][log_file.py][line: 23][DEBUG] ## ('从数据库获取apk链接写入日志', [])
[2020-05-25 18:00:00,758][11068][log_file.py][line: 23][DEBUG] ## ('从数据库获取apk链接写入日志', [])
[2020-05-25 18:05:00,780][15692][log_file.py][line: 23][DEBUG] ## ('从数据库获取apk链接写入日志', [])
[2020-05-25 18:10:00,766][15348][log_file.py][line: 23][DEBUG] ## ('从数据库获取apk链接写入日志', [])
[2020-05-25 18:15:00,727][6172][log_file.py][line: 23][DEBUG] ## ('从数据库获取apk链接写入日志', [])
[2020-05-25 18:20:00,756][15244][log_file.py][line: 23][DEBUG] ## ('从数据库获取apk链接写入日志', [])
[2020-05-25 18:25:00,752][14208][log_file.py][line: 23][DEBUG] ## ('从数据库获取apk链接写入日志', [])
[2020-05-25 18:30:00,811][12172][log_file.py][line: 23][DEBUG] ## ('从数据库获取apk链接写入日志', [])
[2020-05-25 18:35:00,748][11340][log_file.py][line: 23][DEBUG] ## ('从数据库获取apk链接写入日志', [])
[2020-05-25 18:40:01,727][5048][log_file.py][line: 23][DEBUG] ## ('从数据库获取apk链接写入日志', ['http://pkg.superdalan.com/game.pkg/download?pkgId=2797&f=hbcs_dalan_xy_dsdk_74_1.0.0_20200525_183756.apk'])
[2020-05-25 18:41:00,841][15440][log_file.py][line: 23][DEBUG] ## ('-----------54a4c6159804___20200525_183756.apk----节点1-----------下载校验结果：True',)
[2020-05-25 18:41:28,640][15440][log_file.py][line: 23][DEBUG] ## ('---------54a4c6159804___20200525_183756.apk-------节点2------安装返回结果：True',)
[2020-05-25 18:41:28,811][15440][log_file.py][line: 23][DEBUG] ## ('--------54a4c6159804___20200525_183756.apk---节点3--------后台没有配置素材无需校验',)
[2020-05-25 18:43:07,513][15440][log_file.py][line: 23][DEBUG] ## ('-----------54a4c6159804___20200525_183756.apk----节点4----------打开游戏结果:True',)
[2020-05-25 18:44:06,144][15440][log_file.py][line: 23][DEBUG] ## ('-----------54a4c6159804___20200525_183756.apk----节点5----------登录游戏结果:True',)
[2020-05-25 18:44:45,847][15440][log_file.py][line: 23][DEBUG] ## ('------54a4c6159804___20200525_183756.apk---节点6-------下单调起微信结果:True',)
[2020-05-25 18:45:01,732][15752][log_file.py][line: 23][DEBUG] ## ('从数据库获取apk链接写入日志', [])
[2020-05-25 18:50:00,726][15480][log_file.py][line: 23][DEBUG] ## ('从数据库获取apk链接写入日志', [])
[2020-05-25 18:55:00,745][15536][log_file.py][line: 23][DEBUG] ## ('从数据库获取apk链接写入日志', [])
[2020-05-25 19:00:00,756][8504][log_file.py][line: 23][DEBUG] ## ('从数据库获取apk链接写入日志', [])
[2020-05-25 19:05:00,825][7036][log_file.py][line: 23][DEBUG] ## ('从数据库获取apk链接写入日志', [])
[2020-05-25 19:10:00,724][16320][log_file.py][line: 23][DEBUG] ## ('从数据库获取apk链接写入日志', [])
[2020-05-25 19:15:00,889][15852][log_file.py][line: 23][DEBUG] ## ('从数据库获取apk链接写入日志', [])
[2020-05-25 19:20:00,711][8160][log_file.py][line: 23][DEBUG] ## ('从数据库获取apk链接写入日志', [])
[2020-05-25 19:25:00,775][13744][log_file.py][line: 23][DEBUG] ## ('从数据库获取apk链接写入日志', [])
[2020-05-25 19:30:00,753][12200][log_file.py][line: 23][DEBUG] ## ('从数据库获取apk链接写入日志', [])
[2020-05-25 19:35:00,710][14640][log_file.py][line: 23][DEBUG] ## ('从数据库获取apk链接写入日志', [])
[2020-05-25 19:40:00,746][14696][log_file.py][line: 23][DEBUG] ## ('从数据库获取apk链接写入日志', [])
[2020-05-25 19:45:00,754][6056][log_file.py][line: 23][DEBUG] ## ('从数据库获取apk链接写入日志', [])
[2020-05-25 19:50:00,735][16064][log_file.py][line: 23][DEBUG] ## ('从数据库获取apk链接写入日志', [])
[2020-05-25 19:55:00,729][13128][log_file.py][line: 23][DEBUG] ## ('从数据库获取apk链接写入日志', [])
[2020-05-25 20:00:00,738][13636][log_file.py][line: 23][DEBUG] ## ('从数据库获取apk链接写入日志', [])
[2020-05-25 20:05:00,702][1368][log_file.py][line: 23][DEBUG] ## ('从数据库获取apk链接写入日志', [])
[2020-05-25 20:10:00,696][3060][log_file.py][line: 23][DEBUG] ## ('从数据库获取apk链接写入日志', [])
[2020-05-25 20:15:00,729][16188][log_file.py][line: 23][DEBUG] ## ('从数据库获取apk链接写入日志', [])
[2020-05-25 20:20:00,743][14632][log_file.py][line: 23][DEBUG] ## ('从数据库获取apk链接写入日志', [])
[2020-05-25 20:25:00,701][16304][log_file.py][line: 23][DEBUG] ## ('从数据库获取apk链接写入日志', [])
[2020-05-25 20:30:00,744][1044][log_file.py][line: 23][DEBUG] ## ('从数据库获取apk链接写入日志', [])
[2020-05-25 20:35:00,688][15160][log_file.py][line: 23][DEBUG] ## ('从数据库获取apk链接写入日志', [])
[2020-05-25 20:40:00,750][14092][log_file.py][line: 23][DEBUG] ## ('从数据库获取apk链接写入日志', [])
[2020-05-25 20:45:00,701][16316][log_file.py][line: 23][DEBUG] ## ('从数据库获取apk链接写入日志', [])
[2020-05-25 20:50:00,745][13820][log_file.py][line: 23][DEBUG] ## ('从数据库获取apk链接写入日志', [])
[2020-05-25 20:55:00,756][5048][log_file.py][line: 23][DEBUG] ## ('从数据库获取apk链接写入日志', [])
[2020-05-25 21:00:00,730][15992][log_file.py][line: 23][DEBUG] ## ('从数据库获取apk链接写入日志', [])
[2020-05-25 21:05:00,723][13656][log_file.py][line: 23][DEBUG] ## ('从数据库获取apk链接写入日志', [])
[2020-05-25 21:10:00,750][13316][log_file.py][line: 23][DEBUG] ## ('从数据库获取apk链接写入日志', [])
[2020-05-25 21:15:00,741][15832][log_file.py][line: 23][DEBUG] ## ('从数据库获取apk链接写入日志', [])
[2020-05-25 21:20:00,713][15612][log_file.py][line: 23][DEBUG] ## ('从数据库获取apk链接写入日志', [])
[2020-05-25 21:25:00,746][15484][log_file.py][line: 23][DEBUG] ## ('从数据库获取apk链接写入日志', [])
[2020-05-25 21:30:00,720][16132][log_file.py][line: 23][DEBUG] ## ('从数据库获取apk链接写入日志', [])
[2020-05-25 21:35:00,786][16292][log_file.py][line: 23][DEBUG] ## ('从数据库获取apk链接写入日志', [])
[2020-05-25 21:40:00,750][10740][log_file.py][line: 23][DEBUG] ## ('从数据库获取apk链接写入日志', [])
[2020-05-25 21:45:00,729][11628][log_file.py][line: 23][DEBUG] ## ('从数据库获取apk链接写入日志', [])
[2020-05-25 21:50:00,738][4780][log_file.py][line: 23][DEBUG] ## ('从数据库获取apk链接写入日志', [])
[2020-05-25 21:55:00,690][12356][log_file.py][line: 23][DEBUG] ## ('从数据库获取apk链接写入日志', [])
[2020-05-25 22:00:00,695][1368][log_file.py][line: 23][DEBUG] ## ('从数据库获取apk链接写入日志', [])
[2020-05-25 22:05:00,728][12600][log_file.py][line: 23][DEBUG] ## ('从数据库获取apk链接写入日志', [])
[2020-05-25 22:10:00,740][9920][log_file.py][line: 23][DEBUG] ## ('从数据库获取apk链接写入日志', [])
[2020-05-25 22:15:00,849][7196][log_file.py][line: 23][DEBUG] ## ('从数据库获取apk链接写入日志', [])
[2020-05-25 22:20:00,722][2424][log_file.py][line: 23][DEBUG] ## ('从数据库获取apk链接写入日志', [])
[2020-05-25 22:25:00,746][15220][log_file.py][line: 23][DEBUG] ## ('从数据库获取apk链接写入日志', [])
[2020-05-25 22:30:00,726][15404][log_file.py][line: 23][DEBUG] ## ('从数据库获取apk链接写入日志', [])
[2020-05-25 22:35:00,694][15884][log_file.py][line: 23][DEBUG] ## ('从数据库获取apk链接写入日志', [])
[2020-05-25 22:40:00,744][14976][log_file.py][line: 23][DEBUG] ## ('从数据库获取apk链接写入日志', [])
[2020-05-25 22:45:00,759][13836][log_file.py][line: 23][DEBUG] ## ('从数据库获取apk链接写入日志', [])
[2020-05-25 22:50:00,772][16140][log_file.py][line: 23][DEBUG] ## ('从数据库获取apk链接写入日志', [])
[2020-05-25 22:55:00,701][13308][log_file.py][line: 23][DEBUG] ## ('从数据库获取apk链接写入日志', [])
[2020-05-25 23:00:00,700][9964][log_file.py][line: 23][DEBUG] ## ('从数据库获取apk链接写入日志', [])
[2020-05-25 23:05:00,742][8964][log_file.py][line: 23][DEBUG] ## ('从数据库获取apk链接写入日志', [])
[2020-05-25 23:10:00,738][15184][log_file.py][line: 23][DEBUG] ## ('从数据库获取apk链接写入日志', [])
[2020-05-25 23:15:00,736][11660][log_file.py][line: 23][DEBUG] ## ('从数据库获取apk链接写入日志', [])
[2020-05-25 23:20:00,764][15908][log_file.py][line: 23][DEBUG] ## ('从数据库获取apk链接写入日志', [])
[2020-05-25 23:25:00,767][16016][log_file.py][line: 23][DEBUG] ## ('从数据库获取apk链接写入日志', [])
[2020-05-25 23:30:00,787][5524][log_file.py][line: 23][DEBUG] ## ('从数据库获取apk链接写入日志', [])
[2020-05-25 23:35:00,723][6984][log_file.py][line: 23][DEBUG] ## ('从数据库获取apk链接写入日志', [])
[2020-05-25 23:40:00,755][11072][log_file.py][line: 23][DEBUG] ## ('从数据库获取apk链接写入日志', [])
[2020-05-25 23:45:00,721][2276][log_file.py][line: 23][DEBUG] ## ('从数据库获取apk链接写入日志', [])
[2020-05-25 23:50:00,756][16332][log_file.py][line: 23][DEBUG] ## ('从数据库获取apk链接写入日志', [])
[2020-05-25 23:55:00,699][5540][log_file.py][line: 23][DEBUG] ## ('从数据库获取apk链接写入日志', [])
