[2020-04-14 18:38:10,100][10004][log_file.py][line: 23][DEBUG] ## ('从数据库获取apk链接写入日志', ['http://pkg.superdalan.com/game.pkg/download?pkgId=2346&f=rongyao26_rongyao_android_48_1.0.0_20200414_182324.apk', 'http://pkg.superdalan.com/game.pkg/download?pkgId=2604&f=lmhxgdtzb_dalan_dsdk_59_1.0.0_20200414_171501.apk', 'http://pkg.superdalan.com/game.pkg/download?pkgId=2604&f=lmhxgdtzb_dalan_dsdk_59_1.0.0_20200414_182750.apk', 'http://pkg.superdalan.com/game.pkg/download?pkgId=2605&f=lmhxgdtzb_dalan_dsdk_59_1.0.0_20200414_182750.apk'])
[2020-04-14 18:40:00,622][7712][log_file.py][line: 23][DEBUG] ## ('从数据库获取apk链接写入日志', ['http://pkg.superdalan.com/game.pkg/download?pkgId=2346&f=rongyao26_rongyao_android_48_1.0.0_20200414_182324.apk', 'http://pkg.superdalan.com/game.pkg/download?pkgId=2604&f=lmhxgdtzb_dalan_dsdk_59_1.0.0_20200414_171501.apk', 'http://pkg.superdalan.com/game.pkg/download?pkgId=2604&f=lmhxgdtzb_dalan_dsdk_59_1.0.0_20200414_182750.apk', 'http://pkg.superdalan.com/game.pkg/download?pkgId=2604&f=lmhxgdtzb_dalan_dsdk_59_1.0.0_20200414_182854.apk', 'http://pkg.superdalan.com/game.pkg/download?pkgId=2605&f=lmhxgdtzb_dalan_dsdk_59_1.0.0_20200414_182750.apk'])
[2020-04-14 18:42:21,747][10004][log_file.py][line: 23][DEBUG] ## ('-----------0___20200414_182324.apk----节点1-----------下载校验结果：True',)
[2020-04-14 18:43:00,845][10004][log_file.py][line: 23][DEBUG] ## ('---------0___20200414_182324.apk-------节点2------安装返回结果：True',)
[2020-04-14 18:43:01,009][10004][log_file.py][line: 23][DEBUG] ## ('--------0___20200414_182324.apk---节点3--------后台没有配置素材无需校验',)
[2020-04-14 18:43:08,495][10004][log_file.py][line: 23][DEBUG] ## ('0__http://pkg.superdalan.com/game.pkg/download?pkgId=2346&f=rongyao26_rongyao_android_48_1.0.0_20200414_182324.apk_非Dalan_Dsdk渠道包，不走自动化流程',)
[2020-04-14 18:44:30,356][10004][log_file.py][line: 23][DEBUG] ## ('-----------1___20200414_171501.apk----节点1-----------下载校验结果：True',)
[2020-04-14 18:44:54,931][10004][log_file.py][line: 23][DEBUG] ## ('---------1___20200414_171501.apk-------节点2------安装返回结果：包名获取失败_原因apk损坏',)
[2020-04-14 18:45:00,568][4460][log_file.py][line: 23][DEBUG] ## ('从数据库获取apk链接写入日志', ['http://pkg.superdalan.com/game.pkg/download?pkgId=2349&f=rongyao22_rongyao_android_48_1.0.0_20200414_183728.apk', 'http://pkg.superdalan.com/game.pkg/download?pkgId=2548&f=ntxsry_rongyao_android_48_1.0.0_20200414_184011.apk', 'http://pkg.superdalan.com/game.pkg/download?pkgId=2604&f=lmhxgdtzb_dalan_dsdk_59_1.0.0_20200414_182750.apk', 'http://pkg.superdalan.com/game.pkg/download?pkgId=2604&f=lmhxgdtzb_dalan_dsdk_59_1.0.0_20200414_182854.apk', 'http://pkg.superdalan.com/game.pkg/download?pkgId=2605&f=lmhxgdtzb_dalan_dsdk_59_1.0.0_20200414_182750.apk'])
[2020-04-14 18:45:11,649][10004][log_file.py][line: 23][DEBUG] ## ('-----------2___20200414_182750.apk----节点1-----------下载校验结果：True',)
[2020-04-14 18:45:32,163][10004][log_file.py][line: 23][DEBUG] ## ('---------2___20200414_182750.apk-------节点2------安装返回结果：包名获取失败_原因apk损坏',)
[2020-04-14 18:45:53,345][10004][log_file.py][line: 23][DEBUG] ## ('-----------3___20200414_182750.apk----节点1-----------下载校验结果：True',)
[2020-04-14 18:46:28,714][10004][log_file.py][line: 23][DEBUG] ## ('---------3___20200414_182750.apk-------节点2------安装返回结果：True',)
[2020-04-14 18:46:28,838][10004][log_file.py][line: 23][DEBUG] ## ('--------3___20200414_182750.apk---节点3--------后台没有配置素材无需校验',)
[2020-04-14 18:47:03,046][10004][log_file.py][line: 23][DEBUG] ## ('3__http://pkg.superdalan.com/game.pkg/download?pkgId=2605&f=lmhxgdtzb_dalan_dsdk_59_1.0.0_20200414_182750.apk此原名游戏尚未接入，敬请期待',)
[2020-04-14 18:50:00,619][11516][log_file.py][line: 23][DEBUG] ## ('从数据库获取apk链接写入日志', ['http://pkg.superdalan.com/game.pkg/download?pkgId=2349&f=rongyao22_rongyao_android_48_1.0.0_20200414_183728.apk',
'http://pkg.superdalan.com/game.pkg/download?pkgId=2548&f=ntxsry_rongyao_android_48_1.0.0_20200414_184011.apk', 'http://pkg.superdalan.com/game.pkg/download?pkgId=2604&f=lmhxgdtzb_dalan_dsdk_59_1.0.0_20200414_182854.apk'])
[2020-04-14 18:50:04,945][11516][log_file.py][line: 23][DEBUG] ## ('-----------0___20200414_183728.apk----节点1-----------下载校验结果：True',)
[2020-04-14 18:50:12,554][11516][log_file.py][line: 23][DEBUG] ## ('---------0___20200414_183728.apk-------节点2------安装返回结果：包名获取失败_原因apk损坏',)
[2020-04-14 18:50:27,673][11516][log_file.py][line: 23][DEBUG] ## ('-----------1___20200414_184011.apk----节点1-----------下载校验结果：True',)
[2020-04-14 18:50:40,776][11516][log_file.py][line: 23][DEBUG] ## ('---------1___20200414_184011.apk-------节点2------安装返回结果：包名获取失败_原因apk损坏',)
[2020-04-14 18:50:43,113][11516][log_file.py][line: 23][DEBUG] ## ('-----------2___20200414_182854.apk----节点1-----------下载校验结果：True',)
[2020-04-14 18:50:56,002][11516][log_file.py][line: 23][DEBUG] ## ('---------2___20200414_182854.apk-------节点2------安装返回结果：包名获取失败_原因apk损坏',)
[2020-04-14 18:55:00,651][3336][log_file.py][line: 23][DEBUG] ## ('从数据库获取apk链接写入日志', [])
[2020-04-14 19:00:00,589][8992][log_file.py][line: 23][DEBUG] ## ('从数据库获取apk链接写入日志', [])
[2020-04-14 19:05:00,598][12972][log_file.py][line: 23][DEBUG] ## ('从数据库获取apk链接写入日志', ['http://pkg.superdalan.com/game.pkg/download?pkgId=2604&f=lmhxgdtzb_dalan_dsdk_59_1.0.0_20200414_190442.apk'])
[2020-04-14 19:05:13,698][12972][log_file.py][line: 23][DEBUG] ## ('-----------0___20200414_190442.apk----节点1-----------下载校验结果：True',)
[2020-04-14 19:05:51,516][12972][log_file.py][line: 23][DEBUG] ## ('---------0___20200414_190442.apk-------节点2------安装返回结果：True',)
[2020-04-14 19:05:51,663][12972][log_file.py][line: 23][DEBUG] ## ('--------0___20200414_190442.apk---节点3--------后台没有配置素材无需校验',)
[2020-04-14 19:06:27,063][12972][log_file.py][line: 23][DEBUG] ## ('0__http://pkg.superdalan.com/game.pkg/download?pkgId=2604&f=lmhxgdtzb_dalan_dsdk_59_1.0.0_20200414_190442.apk此原名游戏尚未接入，敬请期待',)
[2020-04-14 19:10:00,563][11324][log_file.py][line: 23][DEBUG] ## ('从数据库获取apk链接写入日志', [])
[2020-04-14 19:15:00,585][7180][log_file.py][line: 23][DEBUG] ## ('从数据库获取apk链接写入日志', [])
[2020-04-14 19:20:00,595][10268][log_file.py][line: 23][DEBUG] ## ('从数据库获取apk链接写入日志', ['http://pkg.superdalan.com/game.pkg/download?pkgId=2349&f=rongyao22_rongyao_android_48_1.0.0_20200414_192118.apk'])
[2020-04-14 19:20:08,674][10268][log_file.py][line: 23][DEBUG] ## ('-----------0___20200414_192118.apk----节点1-----------下载校验结果：True',)
[2020-04-14 19:20:49,161][10268][log_file.py][line: 23][DEBUG] ## ('---------0___20200414_192118.apk-------节点2------安装返回结果：True',)
[2020-04-14 19:20:49,306][10268][log_file.py][line: 23][DEBUG] ## ('--------0___20200414_192118.apk---节点3--------后台没有配置素材无需校验',)
[2020-04-14 19:20:56,818][10268][log_file.py][line: 23][DEBUG] ## ('0__http://pkg.superdalan.com/game.pkg/download?pkgId=2349&f=rongyao22_rongyao_android_48_1.0.0_20200414_192118.apk_非Dalan_Dsdk渠道包，不走自动化流程',)
[2020-04-14 19:25:00,587][10904][log_file.py][line: 23][DEBUG] ## ('从数据库获取apk链接写入日志', ['http://pkg.superdalan.com/game.pkg/download?pkgId=2346&f=rongyao26_rongyao_android_48_1.0.0_20200414_192333.apk'])
[2020-04-14 19:25:08,091][10904][log_file.py][line: 23][DEBUG] ## ('-----------0___20200414_192333.apk----节点1-----------下载校验结果：True',)
[2020-04-14 19:25:41,746][10904][log_file.py][line: 23][DEBUG] ## ('---------0___20200414_192333.apk-------节点2------安装返回结果：True',)
[2020-04-14 19:25:41,894][10904][log_file.py][line: 23][DEBUG] ## ('--------0___20200414_192333.apk---节点3--------后台没有配置素材无需校验',)
[2020-04-14 19:25:47,165][10904][log_file.py][line: 23][DEBUG] ## ('0__http://pkg.superdalan.com/game.pkg/download?pkgId=2346&f=rongyao26_rongyao_android_48_1.0.0_20200414_192333.apk_非Dalan_Dsdk渠道包，不走自动化流程',)
[2020-04-14 19:30:00,648][2772][log_file.py][line: 23][DEBUG] ## ('从数据库获取apk链接写入日志', [])
[2020-04-14 19:35:00,587][11508][log_file.py][line: 23][DEBUG] ## ('从数据库获取apk链接写入日志', [])
[2020-04-14 19:40:00,614][12068][log_file.py][line: 23][DEBUG] ## ('从数据库获取apk链接写入日志', [])
[2020-04-14 19:45:00,585][2984][log_file.py][line: 23][DEBUG] ## ('从数据库获取apk链接写入日志', [])
[2020-04-14 19:50:00,567][11260][log_file.py][line: 23][DEBUG] ## ('从数据库获取apk链接写入日志', [])
[2020-04-14 19:55:00,592][10828][log_file.py][line: 23][DEBUG] ## ('从数据库获取apk链接写入日志', [])
[2020-04-14 20:05:00,624][11700][log_file.py][line: 23][DEBUG] ## ('从数据库获取apk链接写入日志', [])
[2020-04-14 20:10:00,620][12752][log_file.py][line: 23][DEBUG] ## ('从数据库获取apk链接写入日志', ['http://pkg.superdalan.com/game.pkg/download?pkgId=1646&f=ceshiyong_dalan_xy_dsdk_49_1.0.0_20200414_200958.apk'])
[2020-04-14 20:10:05,242][12752][log_file.py][line: 23][DEBUG] ## ('-----------0___20200414_200958.apk----节点1-----------下载校验结果：True',)
[2020-04-14 20:10:20,552][12752][log_file.py][line: 23][DEBUG] ## ('---------0___20200414_200958.apk-------节点2------安装返回结果：True',)
[2020-04-14 20:10:20,705][12752][log_file.py][line: 23][DEBUG] ## ('--------0___20200414_200958.apk---节点3--------后台没有配置素材无需校验',)
[2020-04-14 20:10:28,099][12752][log_file.py][line: 23][DEBUG] ## ('0__http://pkg.superdalan.com/game.pkg/download?pkgId=1646&f=ceshiyong_dalan_xy_dsdk_49_1.0.0_20200414_200958.apk_非Dalan_Dsdk渠道包，不走自动化流程',)
[2020-04-14 20:15:00,570][11560][log_file.py][line: 23][DEBUG] ## ('从数据库获取apk链接写入日志', [])
[2020-04-14 20:20:00,581][2580][log_file.py][line: 23][DEBUG] ## ('从数据库获取apk链接写入日志', [])
[2020-04-14 20:25:00,671][3480][log_file.py][line: 23][DEBUG] ## ('从数据库获取apk链接写入日志', ['http://pkg.superdalan.com/game.pkg/download?pkgId=1646&f=ceshiyong_dalan_xy_dsdk_49_1.0.0_20200414_202411.apk',
 'http://pkg.superdalan.com/game.pkg/download?pkgId=1646&f=ceshiyong_dalan_xy_dsdk_49_1.0.0_20200414_202611.apk'])
[2020-04-14 20:25:04,761][3480][log_file.py][line: 23][DEBUG] ## ('-----------0___20200414_202411.apk----节点1-----------下载校验结果：True',)
[2020-04-14 20:25:17,208][3480][log_file.py][line: 23][DEBUG] ## ('---------0___20200414_202411.apk-------节点2------安装返回结果：True',)
[2020-04-14 20:25:17,349][3480][log_file.py][line: 23][DEBUG] ## ('--------0___20200414_202411.apk---节点3--------后台没有配置素材无需校验',)
[2020-04-14 20:25:24,780][3480][log_file.py][line: 23][DEBUG] ## ('0__http://pkg.superdalan.com/game.pkg/download?pkgId=1646&f=ceshiyong_dalan_xy_dsdk_49_1.0.0_20200414_202411.apk_非Dalan_Dsdk渠道包，不走自动化流程',)
[2020-04-14 20:25:29,526][3480][log_file.py][line: 23][DEBUG] ## ('-----------1___20200414_202611.apk----节点1-----------下载校验结果：True',)
[2020-04-14 20:25:41,641][3480][log_file.py][line: 23][DEBUG] ## ('---------1___20200414_202611.apk-------节点2------安装返回结果：True',)
[2020-04-14 20:25:41,791][3480][log_file.py][line: 23][DEBUG] ## ('--------1___20200414_202611.apk---节点3--------后台没有配置素材无需校验',)
[2020-04-14 20:25:47,019][3480][log_file.py][line: 23][DEBUG] ## ('1__http://pkg.superdalan.com/game.pkg/download?pkgId=1646&f=ceshiyong_dalan_xy_dsdk_49_1.0.0_20200414_202611.apk_非Dalan_Dsdk渠道包，不走自动化流程',)
[2020-04-14 20:30:00,678][13296][log_file.py][line: 23][DEBUG] ## ('从数据库获取apk链接写入日志', [])
[2020-04-14 20:35:00,582][12512][log_file.py][line: 23][DEBUG] ## ('从数据库获取apk链接写入日志', [])
[2020-04-14 20:40:00,565][3620][log_file.py][line: 23][DEBUG] ## ('从数据库获取apk链接写入日志', [])
[2020-04-14 20:45:00,588][12516][log_file.py][line: 23][DEBUG] ## ('从数据库获取apk链接写入日志', [])
[2020-04-14 20:50:00,572][9980][log_file.py][line: 23][DEBUG] ## ('从数据库获取apk链接写入日志', [])
[2020-04-14 20:55:00,567][10976][log_file.py][line: 23][DEBUG] ## ('从数据库获取apk链接写入日志', [])
[2020-04-14 21:00:00,588][12812][log_file.py][line: 23][DEBUG] ## ('从数据库获取apk链接写入日志', [])
[2020-04-14 21:05:00,572][5728][log_file.py][line: 23][DEBUG] ## ('从数据库获取apk链接写入日志', [])
[2020-04-14 21:10:00,579][10772][log_file.py][line: 23][DEBUG] ## ('从数据库获取apk链接写入日志', [])
[2020-04-14 21:15:00,572][12300][log_file.py][line: 23][DEBUG] ## ('从数据库获取apk链接写入日志', [])
[2020-04-14 21:20:00,611][10456][log_file.py][line: 23][DEBUG] ## ('从数据库获取apk链接写入日志', [])
[2020-04-14 21:25:00,546][9016][log_file.py][line: 23][DEBUG] ## ('从数据库获取apk链接写入日志', [])
[2020-04-14 21:30:00,567][1356][log_file.py][line: 23][DEBUG] ## ('从数据库获取apk链接写入日志', [])
[2020-04-14 21:35:00,629][12884][log_file.py][line: 23][DEBUG] ## ('从数据库获取apk链接写入日志', [])
[2020-04-14 21:40:00,564][4788][log_file.py][line: 23][DEBUG] ## ('从数据库获取apk链接写入日志', [])
[2020-04-14 21:45:00,587][9716][log_file.py][line: 23][DEBUG] ## ('从数据库获取apk链接写入日志', [])
[2020-04-14 21:50:00,587][11928][log_file.py][line: 23][DEBUG] ## ('从数据库获取apk链接写入日志', [])
[2020-04-14 21:55:00,564][7240][log_file.py][line: 23][DEBUG] ## ('从数据库获取apk链接写入日志', [])
[2020-04-14 22:00:00,576][1300][log_file.py][line: 23][DEBUG] ## ('从数据库获取apk链接写入日志', [])
[2020-04-14 22:05:00,558][4840][log_file.py][line: 23][DEBUG] ## ('从数据库获取apk链接写入日志', [])
[2020-04-14 22:10:00,599][10164][log_file.py][line: 23][DEBUG] ## ('从数据库获取apk链接写入日志', [])
[2020-04-14 22:15:00,550][12624][log_file.py][line: 23][DEBUG] ## ('从数据库获取apk链接写入日志', [])
[2020-04-14 22:20:00,599][4156][log_file.py][line: 23][DEBUG] ## ('从数据库获取apk链接写入日志', [])
[2020-04-14 22:25:00,600][12508][log_file.py][line: 23][DEBUG] ## ('从数据库获取apk链接写入日志', [])
[2020-04-14 22:30:00,647][12188][log_file.py][line: 23][DEBUG] ## ('从数据库获取apk链接写入日志', [])
[2020-04-14 22:35:00,587][9320][log_file.py][line: 23][DEBUG] ## ('从数据库获取apk链接写入日志', [])
[2020-04-14 22:40:00,589][11372][log_file.py][line: 23][DEBUG] ## ('从数据库获取apk链接写入日志', [])
[2020-04-14 22:45:00,563][12500][log_file.py][line: 23][DEBUG] ## ('从数据库获取apk链接写入日志', [])
[2020-04-14 22:50:00,548][11896][log_file.py][line: 23][DEBUG] ## ('从数据库获取apk链接写入日志', [])
[2020-04-14 22:55:00,580][11556][log_file.py][line: 23][DEBUG] ## ('从数据库获取apk链接写入日志', [])
[2020-04-14 23:00:00,545][10632][log_file.py][line: 23][DEBUG] ## ('从数据库获取apk链接写入日志', [])
[2020-04-14 23:05:00,551][12164][log_file.py][line: 23][DEBUG] ## ('从数据库获取apk链接写入日志', [])
[2020-04-14 23:10:00,590][11368][log_file.py][line: 23][DEBUG] ## ('从数据库获取apk链接写入日志', [])
[2020-04-14 23:15:00,546][9108][log_file.py][line: 23][DEBUG] ## ('从数据库获取apk链接写入日志', [])
[2020-04-14 23:20:00,597][12092][log_file.py][line: 23][DEBUG] ## ('从数据库获取apk链接写入日志', ['http://pkg.superdalan.com/game.pkg/download?pkgId=2606&f=dxcyzwzjhgdt_dalan_dsdk_48_1.0.0_20200414_231841.apk'])
[2020-04-14 23:20:08,268][12092][log_file.py][line: 23][DEBUG] ## ('-----------0___20200414_231841.apk----节点1-----------下载校验结果：True',)
[2020-04-14 23:20:47,403][12092][log_file.py][line: 23][DEBUG] ## ('---------0___20200414_231841.apk-------节点2------安装返回结果：True',)
[2020-04-14 23:21:09,039][12092][log_file.py][line: 23][DEBUG] ## ('------------0___20200414_231841.apk----节点3---------拆包校验结果：True',)
[2020-04-14 23:22:16,359][12092][log_file.py][line: 23][DEBUG] ## ('-----------0___20200414_231841.apk----节点4----------打开游戏结果:True',)
[2020-04-14 23:22:58,717][12092][log_file.py][line: 23][DEBUG] ## ('-----------0___20200414_231841.apk---节点5----------登录游戏结果:True',)
[2020-04-14 23:23:34,820][12092][log_file.py][line: 23][DEBUG] ## ('------0___20200414_231841.apk---节点6-------下单调起微信结果:False',)
[2020-04-14 23:25:00,564][9288][log_file.py][line: 23][DEBUG] ## ('从数据库获取apk链接写入日志', [])
[2020-04-14 23:30:00,590][9240][log_file.py][line: 23][DEBUG] ## ('从数据库获取apk链接写入日志', [])
[2020-04-14 23:35:00,592][8376][log_file.py][line: 23][DEBUG] ## ('从数据库获取apk链接写入日志', [])
[2020-04-14 23:40:00,581][12852][log_file.py][line: 23][DEBUG] ## ('从数据库获取apk链接写入日志', [])
[2020-04-14 23:45:00,599][8956][log_file.py][line: 23][DEBUG] ## ('从数据库获取apk链接写入日志', [])
[2020-04-14 23:50:00,586][12096][log_file.py][line: 23][DEBUG] ## ('从数据库获取apk链接写入日志', [])
[2020-04-14 23:55:00,594][11328][log_file.py][line: 23][DEBUG] ## ('从数据库获取apk链接写入日志', [])
