[2020-06-13 00:00:00,709][44340][log_file.py][line: 23][DEBUG] ## ('从数据库获取apk链接写入日志', [])
[2020-06-13 00:05:00,682][44676][log_file.py][line: 23][DEBUG] ## ('从数据库获取apk链接写入日志', [])
[2020-06-13 00:10:00,745][43148][log_file.py][line: 23][DEBUG] ## ('从数据库获取apk链接写入日志', [])
[2020-06-13 00:15:00,757][34504][log_file.py][line: 23][DEBUG] ## ('从数据库获取apk链接写入日志', [])
[2020-06-13 00:20:00,740][44776][log_file.py][line: 23][DEBUG] ## ('从数据库获取apk链接写入日志', [])
[2020-06-13 00:25:00,731][44556][log_file.py][line: 23][DEBUG] ## ('从数据库获取apk链接写入日志', [])
[2020-06-13 00:30:00,689][35852][log_file.py][line: 23][DEBUG] ## ('从数据库获取apk链接写入日志', [])
[2020-06-13 00:35:00,707][44544][log_file.py][line: 23][DEBUG] ## ('从数据库获取apk链接写入日志', [])
[2020-06-13 00:40:00,731][44720][log_file.py][line: 23][DEBUG] ## ('从数据库获取apk链接写入日志', [])
[2020-06-13 00:45:00,754][44220][log_file.py][line: 23][DEBUG] ## ('从数据库获取apk链接写入日志', [])
[2020-06-13 00:50:00,723][44016][log_file.py][line: 23][DEBUG] ## ('从数据库获取apk链接写入日志', [])
[2020-06-13 00:55:00,754][44472][log_file.py][line: 23][DEBUG] ## ('从数据库获取apk链接写入日志', [])
[2020-06-13 01:00:00,733][43812][log_file.py][line: 23][DEBUG] ## ('从数据库获取apk链接写入日志', [])
[2020-06-13 01:05:00,745][44244][log_file.py][line: 23][DEBUG] ## ('从数据库获取apk链接写入日志', [])
[2020-06-13 01:10:00,722][45896][log_file.py][line: 23][DEBUG] ## ('从数据库获取apk链接写入日志', [])
[2020-06-13 01:15:00,737][43812][log_file.py][line: 23][DEBUG] ## ('从数据库获取apk链接写入日志', [])
[2020-06-13 01:20:00,697][45480][log_file.py][line: 23][DEBUG] ## ('从数据库获取apk链接写入日志', [])
[2020-06-13 01:25:00,706][45344][log_file.py][line: 23][DEBUG] ## ('从数据库获取apk链接写入日志', [])
[2020-06-13 01:30:00,722][44528][log_file.py][line: 23][DEBUG] ## ('从数据库获取apk链接写入日志', [])
[2020-06-13 01:35:00,691][45716][log_file.py][line: 23][DEBUG] ## ('从数据库获取apk链接写入日志', [])
[2020-06-13 01:40:00,754][45212][log_file.py][line: 23][DEBUG] ## ('从数据库获取apk链接写入日志', [])
[2020-06-13 01:45:00,723][45868][log_file.py][line: 23][DEBUG] ## ('从数据库获取apk链接写入日志', ['http://pkg.superdalan.com/game.pkg/download?pkgId=2760&f=chwyly1_dalan_vivo_74_1_20200613_014542.apk'])
[2020-06-13 01:46:06,225][45432][log_file.py][line: 23][DEBUG] ## ('-----------54a4c6159804___20200613_014542.apk----节点1-----------下载校验结果：True',)
[2020-06-13 01:46:42,249][45432][log_file.py][line: 23][DEBUG] ## ('---------54a4c6159804___20200613_014542.apk-------节点2------安装返回结果：True',)
[2020-06-13 01:47:21,243][45432][log_file.py][line: 23][DEBUG] ## ("------------54a4c6159804___20200613_014542.apk----节点3---------拆包校验结果：True:['d878ce0f1948a4f83c3adeb29298c88a.jpg', '4713d8e70bbb13ab290f4d921fd35bea.jpg', '99248f9a7d9afa22a9478f06a6364da7.jpg']",)
[2020-06-13 01:47:24,217][45432][log_file.py][line: 23][DEBUG] ## ('54a4c6159804___20200613_014542.apk_非Dalan_Dsdk渠道包，不走自动化流程',)
[2020-06-13 01:50:00,859][45836][log_file.py][line: 23][DEBUG] ## ('从数据库获取apk链接写入日志', [])
[2020-06-13 01:55:00,737][45160][log_file.py][line: 23][DEBUG] ## ('从数据库获取apk链接写入日志', [])
[2020-06-13 02:00:00,790][45804][log_file.py][line: 23][DEBUG] ## ('从数据库获取apk链接写入日志', ['http://pkg.superdalan.com/game.pkg/download?pkgId=2760&f=chwyly1_dalan_vivo_74_1_20200613_020119.apk'])
[2020-06-13 02:01:08,595][45632][log_file.py][line: 23][DEBUG] ## ('-----------54a4c6159804___20200613_020119.apk----节点1-----------下载校验结果：True',)
[2020-06-13 02:01:44,378][45632][log_file.py][line: 23][DEBUG] ## ('---------54a4c6159804___20200613_020119.apk-------节点2------安装返回结果：True',)
[2020-06-13 02:02:05,546][45632][log_file.py][line: 23][DEBUG] ## ("------------54a4c6159804___20200613_020119.apk----节点3---------拆包校验结果：True:['99248f9a7d9afa22a9478f06a6364da7.jpg', '4713d8e70bbb13ab290f4d921fd35bea.jpg', 'd878ce0f1948a4f83c3adeb29298c88a.jpg']",)
[2020-06-13 02:02:08,536][45632][log_file.py][line: 23][DEBUG] ## ('54a4c6159804___20200613_020119.apk_非Dalan_Dsdk渠道包，不走自动化流程',)
[2020-06-13 02:05:00,748][43588][log_file.py][line: 23][DEBUG] ## ('从数据库获取apk链接写入日志', [])
[2020-06-13 02:10:00,716][44552][log_file.py][line: 23][DEBUG] ## ('从数据库获取apk链接写入日志', [])
[2020-06-13 02:15:00,717][45588][log_file.py][line: 23][DEBUG] ## ('从数据库获取apk链接写入日志', [])
[2020-06-13 02:20:00,683][44540][log_file.py][line: 23][DEBUG] ## ('从数据库获取apk链接写入日志', [])
[2020-06-13 02:25:00,754][45644][log_file.py][line: 23][DEBUG] ## ('从数据库获取apk链接写入日志', [])
[2020-06-13 02:30:00,715][44600][log_file.py][line: 23][DEBUG] ## ('从数据库获取apk链接写入日志', [])
[2020-06-13 02:35:00,714][44280][log_file.py][line: 23][DEBUG] ## ('从数据库获取apk链接写入日志', [])
[2020-06-13 02:40:00,727][45792][log_file.py][line: 23][DEBUG] ## ('从数据库获取apk链接写入日志', [])
[2020-06-13 02:45:00,721][45460][log_file.py][line: 23][DEBUG] ## ('从数据库获取apk链接写入日志', [])
[2020-06-13 02:50:00,745][45492][log_file.py][line: 23][DEBUG] ## ('从数据库获取apk链接写入日志', [])
[2020-06-13 02:55:00,770][45536][log_file.py][line: 23][DEBUG] ## ('从数据库获取apk链接写入日志', [])
[2020-06-13 03:00:00,752][43828][log_file.py][line: 23][DEBUG] ## ('从数据库获取apk链接写入日志', [])
[2020-06-13 03:05:00,734][46128][log_file.py][line: 23][DEBUG] ## ('从数据库获取apk链接写入日志', [])
[2020-06-13 03:10:00,737][44896][log_file.py][line: 23][DEBUG] ## ('从数据库获取apk链接写入日志', [])
[2020-06-13 03:15:00,735][44972][log_file.py][line: 23][DEBUG] ## ('从数据库获取apk链接写入日志', [])
[2020-06-13 03:20:00,705][45960][log_file.py][line: 23][DEBUG] ## ('从数据库获取apk链接写入日志', [])
[2020-06-13 03:25:00,748][46168][log_file.py][line: 23][DEBUG] ## ('从数据库获取apk链接写入日志', [])
[2020-06-13 03:30:00,754][45172][log_file.py][line: 23][DEBUG] ## ('从数据库获取apk链接写入日志', [])
[2020-06-13 03:35:00,707][47096][log_file.py][line: 23][DEBUG] ## ('从数据库获取apk链接写入日志', [])
[2020-06-13 03:40:00,744][44768][log_file.py][line: 23][DEBUG] ## ('从数据库获取apk链接写入日志', [])
[2020-06-13 03:45:00,728][45124][log_file.py][line: 23][DEBUG] ## ('从数据库获取apk链接写入日志', [])
[2020-06-13 03:50:00,782][46184][log_file.py][line: 23][DEBUG] ## ('从数据库获取apk链接写入日志', [])
[2020-06-13 03:55:00,730][43836][log_file.py][line: 23][DEBUG] ## ('从数据库获取apk链接写入日志', [])
[2020-06-13 04:00:00,741][43656][log_file.py][line: 23][DEBUG] ## ('从数据库获取apk链接写入日志', [])
[2020-06-13 04:05:00,738][46228][log_file.py][line: 23][DEBUG] ## ('从数据库获取apk链接写入日志', [])
[2020-06-13 04:10:00,753][45616][log_file.py][line: 23][DEBUG] ## ('从数据库获取apk链接写入日志', [])
[2020-06-13 04:15:00,738][46148][log_file.py][line: 23][DEBUG] ## ('从数据库获取apk链接写入日志', [])
[2020-06-13 04:20:00,750][47036][log_file.py][line: 23][DEBUG] ## ('从数据库获取apk链接写入日志', [])
[2020-06-13 04:25:00,719][45496][log_file.py][line: 23][DEBUG] ## ('从数据库获取apk链接写入日志', [])
[2020-06-13 04:30:00,730][45808][log_file.py][line: 23][DEBUG] ## ('从数据库获取apk链接写入日志', [])
[2020-06-13 04:35:00,739][44184][log_file.py][line: 23][DEBUG] ## ('从数据库获取apk链接写入日志', [])
[2020-06-13 04:40:00,718][47976][log_file.py][line: 23][DEBUG] ## ('从数据库获取apk链接写入日志', [])
[2020-06-13 04:45:00,773][47572][log_file.py][line: 23][DEBUG] ## ('从数据库获取apk链接写入日志', [])
[2020-06-13 04:50:00,723][47536][log_file.py][line: 23][DEBUG] ## ('从数据库获取apk链接写入日志', [])
[2020-06-13 04:55:00,755][43632][log_file.py][line: 23][DEBUG] ## ('从数据库获取apk链接写入日志', [])
[2020-06-13 05:00:00,747][46796][log_file.py][line: 23][DEBUG] ## ('从数据库获取apk链接写入日志', [])
[2020-06-13 05:05:00,726][44500][log_file.py][line: 23][DEBUG] ## ('从数据库获取apk链接写入日志', [])
[2020-06-13 05:10:00,727][47320][log_file.py][line: 23][DEBUG] ## ('从数据库获取apk链接写入日志', [])
[2020-06-13 05:15:00,743][48076][log_file.py][line: 23][DEBUG] ## ('从数据库获取apk链接写入日志', [])
[2020-06-13 05:20:00,701][47476][log_file.py][line: 23][DEBUG] ## ('从数据库获取apk链接写入日志', [])
[2020-06-13 05:25:00,719][46144][log_file.py][line: 23][DEBUG] ## ('从数据库获取apk链接写入日志', [])
[2020-06-13 05:30:00,771][45260][log_file.py][line: 23][DEBUG] ## ('从数据库获取apk链接写入日志', [])
[2020-06-13 05:35:00,755][47944][log_file.py][line: 23][DEBUG] ## ('从数据库获取apk链接写入日志', [])
[2020-06-13 05:40:00,730][48004][log_file.py][line: 23][DEBUG] ## ('从数据库获取apk链接写入日志', [])
[2020-06-13 05:45:00,709][44100][log_file.py][line: 23][DEBUG] ## ('从数据库获取apk链接写入日志', [])
[2020-06-13 05:50:00,707][46132][log_file.py][line: 23][DEBUG] ## ('从数据库获取apk链接写入日志', [])
[2020-06-13 05:55:00,733][47716][log_file.py][line: 23][DEBUG] ## ('从数据库获取apk链接写入日志', [])
[2020-06-13 06:00:00,707][46244][log_file.py][line: 23][DEBUG] ## ('从数据库获取apk链接写入日志', [])
[2020-06-13 06:05:00,732][47936][log_file.py][line: 23][DEBUG] ## ('从数据库获取apk链接写入日志', [])
[2020-06-13 06:10:00,712][47008][log_file.py][line: 23][DEBUG] ## ('从数据库获取apk链接写入日志', [])
[2020-06-13 06:15:00,711][47188][log_file.py][line: 23][DEBUG] ## ('从数据库获取apk链接写入日志', [])
[2020-06-13 06:20:00,736][46020][log_file.py][line: 23][DEBUG] ## ('从数据库获取apk链接写入日志', [])
[2020-06-13 06:25:00,728][48064][log_file.py][line: 23][DEBUG] ## ('从数据库获取apk链接写入日志', [])
[2020-06-13 06:30:00,745][45116][log_file.py][line: 23][DEBUG] ## ('从数据库获取apk链接写入日志', [])
[2020-06-13 06:35:00,782][47988][log_file.py][line: 23][DEBUG] ## ('从数据库获取apk链接写入日志', [])
[2020-06-13 06:40:00,748][48184][log_file.py][line: 23][DEBUG] ## ('从数据库获取apk链接写入日志', [])
[2020-06-13 06:45:00,760][48540][log_file.py][line: 23][DEBUG] ## ('从数据库获取apk链接写入日志', [])
[2020-06-13 06:50:00,736][48728][log_file.py][line: 23][DEBUG] ## ('从数据库获取apk链接写入日志', [])
[2020-06-13 06:55:00,743][48284][log_file.py][line: 23][DEBUG] ## ('从数据库获取apk链接写入日志', [])
[2020-06-13 07:00:00,763][47304][log_file.py][line: 23][DEBUG] ## ('从数据库获取apk链接写入日志', [])
[2020-06-13 07:05:00,734][47832][log_file.py][line: 23][DEBUG] ## ('从数据库获取apk链接写入日志', [])
[2020-06-13 07:10:00,748][48292][log_file.py][line: 23][DEBUG] ## ('从数据库获取apk链接写入日志', [])
[2020-06-13 07:15:00,742][48124][log_file.py][line: 23][DEBUG] ## ('从数据库获取apk链接写入日志', [])
[2020-06-13 07:20:00,770][47580][log_file.py][line: 23][DEBUG] ## ('从数据库获取apk链接写入日志', [])
[2020-06-13 07:25:00,826][46868][log_file.py][line: 23][DEBUG] ## ('从数据库获取apk链接写入日志', [])
[2020-06-13 07:30:00,714][47416][log_file.py][line: 23][DEBUG] ## ('从数据库获取apk链接写入日志', [])
[2020-06-13 07:35:00,727][44360][log_file.py][line: 23][DEBUG] ## ('从数据库获取apk链接写入日志', [])
[2020-06-13 07:40:00,754][46424][log_file.py][line: 23][DEBUG] ## ('从数据库获取apk链接写入日志', [])
[2020-06-13 07:45:00,751][48960][log_file.py][line: 23][DEBUG] ## ('从数据库获取apk链接写入日志', [])
[2020-06-13 07:50:00,724][48708][log_file.py][line: 23][DEBUG] ## ('从数据库获取apk链接写入日志', [])
[2020-06-13 07:55:00,731][48724][log_file.py][line: 23][DEBUG] ## ('从数据库获取apk链接写入日志', [])
[2020-06-13 08:00:00,758][47676][log_file.py][line: 23][DEBUG] ## ('从数据库获取apk链接写入日志', [])
[2020-06-13 08:05:00,737][48264][log_file.py][line: 23][DEBUG] ## ('从数据库获取apk链接写入日志', [])
[2020-06-13 08:10:00,745][48232][log_file.py][line: 23][DEBUG] ## ('从数据库获取apk链接写入日志', [])
[2020-06-13 08:15:00,696][48036][log_file.py][line: 23][DEBUG] ## ('从数据库获取apk链接写入日志', [])
[2020-06-13 08:20:00,762][48420][log_file.py][line: 23][DEBUG] ## ('从数据库获取apk链接写入日志', [])
[2020-06-13 08:25:00,787][46616][log_file.py][line: 23][DEBUG] ## ('从数据库获取apk链接写入日志', [])
[2020-06-13 08:30:00,735][48388][log_file.py][line: 23][DEBUG] ## ('从数据库获取apk链接写入日志', [])
[2020-06-13 08:35:00,736][48172][log_file.py][line: 23][DEBUG] ## ('从数据库获取apk链接写入日志', [])
[2020-06-13 08:40:00,740][50064][log_file.py][line: 23][DEBUG] ## ('从数据库获取apk链接写入日志', [])
[2020-06-13 08:45:00,735][50092][log_file.py][line: 23][DEBUG] ## ('从数据库获取apk链接写入日志', [])
[2020-06-13 08:50:00,777][49580][log_file.py][line: 23][DEBUG] ## ('从数据库获取apk链接写入日志', [])
[2020-06-13 08:55:00,727][47676][log_file.py][line: 23][DEBUG] ## ('从数据库获取apk链接写入日志', [])
[2020-06-13 09:00:00,751][49396][log_file.py][line: 23][DEBUG] ## ('从数据库获取apk链接写入日志', [])
[2020-06-13 09:05:00,727][49824][log_file.py][line: 23][DEBUG] ## ('从数据库获取apk链接写入日志', [])
[2020-06-13 09:10:00,746][32960][log_file.py][line: 23][DEBUG] ## ('从数据库获取apk链接写入日志', [])
[2020-06-13 09:15:00,732][48400][log_file.py][line: 23][DEBUG] ## ('从数据库获取apk链接写入日志', [])
[2020-06-13 09:20:00,792][50076][log_file.py][line: 23][DEBUG] ## ('从数据库获取apk链接写入日志', [])
[2020-06-13 09:25:00,735][49640][log_file.py][line: 23][DEBUG] ## ('从数据库获取apk链接写入日志', [])
[2020-06-13 09:30:00,763][49180][log_file.py][line: 23][DEBUG] ## ('从数据库获取apk链接写入日志', [])
[2020-06-13 09:35:00,729][49908][log_file.py][line: 23][DEBUG] ## ('从数据库获取apk链接写入日志', [])
[2020-06-13 09:40:00,760][49616][log_file.py][line: 23][DEBUG] ## ('从数据库获取apk链接写入日志', [])
[2020-06-13 09:45:00,724][49936][log_file.py][line: 23][DEBUG] ## ('从数据库获取apk链接写入日志', [])
[2020-06-13 09:50:00,759][48316][log_file.py][line: 23][DEBUG] ## ('从数据库获取apk链接写入日志', [])
[2020-06-13 09:55:00,791][48412][log_file.py][line: 23][DEBUG] ## ('从数据库获取apk链接写入日志', [])
[2020-06-13 10:00:00,754][49368][log_file.py][line: 23][DEBUG] ## ('从数据库获取apk链接写入日志', [])
[2020-06-13 10:05:00,776][49296][log_file.py][line: 23][DEBUG] ## ('从数据库获取apk链接写入日志', [])
[2020-06-13 10:10:00,725][47568][log_file.py][line: 23][DEBUG] ## ('从数据库获取apk链接写入日志', [])
[2020-06-13 10:15:00,793][48532][log_file.py][line: 23][DEBUG] ## ('从数据库获取apk链接写入日志', [])
[2020-06-13 10:20:00,715][48352][log_file.py][line: 23][DEBUG] ## ('从数据库获取apk链接写入日志', [])
[2020-06-13 10:25:00,710][49308][log_file.py][line: 23][DEBUG] ## ('从数据库获取apk链接写入日志', [])
[2020-06-13 10:30:00,709][50340][log_file.py][line: 23][DEBUG] ## ('从数据库获取apk链接写入日志', [])
[2020-06-13 10:35:00,747][49276][log_file.py][line: 23][DEBUG] ## ('从数据库获取apk链接写入日志', [])
[2020-06-13 10:40:00,697][48540][log_file.py][line: 23][DEBUG] ## ('从数据库获取apk链接写入日志', [])
[2020-06-13 10:45:00,718][49420][log_file.py][line: 23][DEBUG] ## ('从数据库获取apk链接写入日志', [])
[2020-06-13 10:50:00,730][51148][log_file.py][line: 23][DEBUG] ## ('从数据库获取apk链接写入日志', [])
[2020-06-13 10:55:00,706][51068][log_file.py][line: 23][DEBUG] ## ('从数据库获取apk链接写入日志', [])
[2020-06-13 11:00:00,747][48240][log_file.py][line: 23][DEBUG] ## ('从数据库获取apk链接写入日志', [])
[2020-06-13 11:05:00,739][50020][log_file.py][line: 23][DEBUG] ## ('从数据库获取apk链接写入日志', [])
[2020-06-13 11:10:00,697][51144][log_file.py][line: 23][DEBUG] ## ('从数据库获取apk链接写入日志', [])
[2020-06-13 11:15:00,716][49420][log_file.py][line: 23][DEBUG] ## ('从数据库获取apk链接写入日志', [])
[2020-06-13 11:20:00,753][49200][log_file.py][line: 23][DEBUG] ## ('从数据库获取apk链接写入日志', [])
[2020-06-13 11:25:00,759][48780][log_file.py][line: 23][DEBUG] ## ('从数据库获取apk链接写入日志', [])
[2020-06-13 11:30:00,729][51036][log_file.py][line: 23][DEBUG] ## ('从数据库获取apk链接写入日志', [])
[2020-06-13 11:35:00,737][50484][log_file.py][line: 23][DEBUG] ## ('从数据库获取apk链接写入日志', [])
[2020-06-13 11:40:00,710][50508][log_file.py][line: 23][DEBUG] ## ('从数据库获取apk链接写入日志', [])
[2020-06-13 11:45:00,736][49984][log_file.py][line: 23][DEBUG] ## ('从数据库获取apk链接写入日志', [])
[2020-06-13 11:50:00,765][50460][log_file.py][line: 23][DEBUG] ## ('从数据库获取apk链接写入日志', [])
[2020-06-13 11:55:00,741][51220][log_file.py][line: 23][DEBUG] ## ('从数据库获取apk链接写入日志', [])
[2020-06-13 12:00:00,726][49104][log_file.py][line: 23][DEBUG] ## ('从数据库获取apk链接写入日志', [])
[2020-06-13 12:05:00,720][50796][log_file.py][line: 23][DEBUG] ## ('从数据库获取apk链接写入日志', [])
[2020-06-13 12:10:00,960][50568][log_file.py][line: 23][DEBUG] ## ('从数据库获取apk链接写入日志', [])
[2020-06-13 12:15:00,705][51780][log_file.py][line: 23][DEBUG] ## ('从数据库获取apk链接写入日志', [])
[2020-06-13 12:20:00,751][51804][log_file.py][line: 23][DEBUG] ## ('从数据库获取apk链接写入日志', [])
[2020-06-13 12:25:00,753][50520][log_file.py][line: 23][DEBUG] ## ('从数据库获取apk链接写入日志', [])
[2020-06-13 12:30:00,726][51548][log_file.py][line: 23][DEBUG] ## ('从数据库获取apk链接写入日志', [])
[2020-06-13 12:35:00,726][52052][log_file.py][line: 23][DEBUG] ## ('从数据库获取apk链接写入日志', [])
[2020-06-13 12:40:00,705][51860][log_file.py][line: 23][DEBUG] ## ('从数据库获取apk链接写入日志', [])
[2020-06-13 12:45:00,775][51708][log_file.py][line: 23][DEBUG] ## ('从数据库获取apk链接写入日志', [])
[2020-06-13 12:50:00,725][51336][log_file.py][line: 23][DEBUG] ## ('从数据库获取apk链接写入日志', [])
[2020-06-13 12:55:00,740][49916][log_file.py][line: 23][DEBUG] ## ('从数据库获取apk链接写入日志', [])
[2020-06-13 13:00:00,722][51544][log_file.py][line: 23][DEBUG] ## ('从数据库获取apk链接写入日志', [])
[2020-06-13 13:05:00,777][51768][log_file.py][line: 23][DEBUG] ## ('从数据库获取apk链接写入日志', [])
[2020-06-13 13:10:00,710][51256][log_file.py][line: 23][DEBUG] ## ('从数据库获取apk链接写入日志', [])
[2020-06-13 13:15:00,718][46072][log_file.py][line: 23][DEBUG] ## ('从数据库获取apk链接写入日志', [])
[2020-06-13 13:20:00,785][52592][log_file.py][line: 23][DEBUG] ## ('从数据库获取apk链接写入日志', [])
[2020-06-13 13:25:00,701][52592][log_file.py][line: 23][DEBUG] ## ('从数据库获取apk链接写入日志', [])
[2020-06-13 13:30:00,725][52744][log_file.py][line: 23][DEBUG] ## ('从数据库获取apk链接写入日志', [])
[2020-06-13 13:35:00,727][52580][log_file.py][line: 23][DEBUG] ## ('从数据库获取apk链接写入日志', [])
[2020-06-13 13:40:00,737][51252][log_file.py][line: 23][DEBUG] ## ('从数据库获取apk链接写入日志', [])
[2020-06-13 13:45:00,735][52448][log_file.py][line: 23][DEBUG] ## ('从数据库获取apk链接写入日志', [])
[2020-06-13 13:50:00,734][52640][log_file.py][line: 23][DEBUG] ## ('从数据库获取apk链接写入日志', [])
[2020-06-13 13:55:00,719][50996][log_file.py][line: 23][DEBUG] ## ('从数据库获取apk链接写入日志', [])
[2020-06-13 14:00:00,712][52900][log_file.py][line: 23][DEBUG] ## ('从数据库获取apk链接写入日志', [])
[2020-06-13 14:05:00,760][52880][log_file.py][line: 23][DEBUG] ## ('从数据库获取apk链接写入日志', [])
[2020-06-13 14:10:00,706][48796][log_file.py][line: 23][DEBUG] ## ('从数据库获取apk链接写入日志', [])
[2020-06-13 14:15:00,733][52352][log_file.py][line: 23][DEBUG] ## ('从数据库获取apk链接写入日志', [])
[2020-06-13 14:20:00,714][50392][log_file.py][line: 23][DEBUG] ## ('从数据库获取apk链接写入日志', [])
[2020-06-13 14:25:00,746][53168][log_file.py][line: 23][DEBUG] ## ('从数据库获取apk链接写入日志', [])
[2020-06-13 14:30:00,753][51032][log_file.py][line: 23][DEBUG] ## ('从数据库获取apk链接写入日志', [])
[2020-06-13 14:35:00,720][53036][log_file.py][line: 23][DEBUG] ## ('从数据库获取apk链接写入日志', [])
[2020-06-13 14:40:00,707][50820][log_file.py][line: 23][DEBUG] ## ('从数据库获取apk链接写入日志', [])
[2020-06-13 14:45:00,763][51524][log_file.py][line: 23][DEBUG] ## ('从数据库获取apk链接写入日志', [])
[2020-06-13 14:50:00,718][47568][log_file.py][line: 23][DEBUG] ## ('从数据库获取apk链接写入日志', [])
[2020-06-13 14:55:00,737][52188][log_file.py][line: 23][DEBUG] ## ('从数据库获取apk链接写入日志', [])
[2020-06-13 15:00:00,719][50308][log_file.py][line: 23][DEBUG] ## ('从数据库获取apk链接写入日志', [])
[2020-06-13 15:05:00,716][53168][log_file.py][line: 23][DEBUG] ## ('从数据库获取apk链接写入日志', [])
[2020-06-13 15:10:00,718][51240][log_file.py][line: 23][DEBUG] ## ('从数据库获取apk链接写入日志', [])
[2020-06-13 15:15:00,762][51180][log_file.py][line: 23][DEBUG] ## ('从数据库获取apk链接写入日志', [])
[2020-06-13 15:20:00,745][52732][log_file.py][line: 23][DEBUG] ## ('从数据库获取apk链接写入日志', [])
[2020-06-13 15:25:00,744][50820][log_file.py][line: 23][DEBUG] ## ('从数据库获取apk链接写入日志', [])
[2020-06-13 15:30:00,744][52744][log_file.py][line: 23][DEBUG] ## ('从数据库获取apk链接写入日志', [])
[2020-06-13 15:35:00,757][53484][log_file.py][line: 23][DEBUG] ## ('从数据库获取apk链接写入日志', [])
[2020-06-13 15:40:00,760][51180][log_file.py][line: 23][DEBUG] ## ('从数据库获取apk链接写入日志', [])
[2020-06-13 15:45:00,740][53960][log_file.py][line: 23][DEBUG] ## ('从数据库获取apk链接写入日志', [])
[2020-06-13 15:50:00,781][51300][log_file.py][line: 23][DEBUG] ## ('从数据库获取apk链接写入日志', [])
[2020-06-13 15:55:00,728][54188][log_file.py][line: 23][DEBUG] ## ('从数据库获取apk链接写入日志', [])
[2020-06-13 16:00:00,734][51616][log_file.py][line: 23][DEBUG] ## ('从数据库获取apk链接写入日志', [])
[2020-06-13 16:05:00,741][51276][log_file.py][line: 23][DEBUG] ## ('从数据库获取apk链接写入日志', [])
[2020-06-13 16:10:00,739][53344][log_file.py][line: 23][DEBUG] ## ('从数据库获取apk链接写入日志', [])
[2020-06-13 16:15:00,743][54200][log_file.py][line: 23][DEBUG] ## ('从数据库获取apk链接写入日志', [])
[2020-06-13 16:20:00,750][50272][log_file.py][line: 23][DEBUG] ## ('从数据库获取apk链接写入日志', [])
[2020-06-13 16:25:00,750][53072][log_file.py][line: 23][DEBUG] ## ('从数据库获取apk链接写入日志', [])
[2020-06-13 16:30:00,758][52336][log_file.py][line: 23][DEBUG] ## ('从数据库获取apk链接写入日志', [])
[2020-06-13 16:35:00,729][54060][log_file.py][line: 23][DEBUG] ## ('从数据库获取apk链接写入日志', [])
[2020-06-13 16:40:00,721][54152][log_file.py][line: 23][DEBUG] ## ('从数据库获取apk链接写入日志', [])
[2020-06-13 16:45:00,739][53296][log_file.py][line: 23][DEBUG] ## ('从数据库获取apk链接写入日志', [])
[2020-06-13 16:50:00,726][53876][log_file.py][line: 23][DEBUG] ## ('从数据库获取apk链接写入日志', [])
[2020-06-13 16:55:00,726][53376][log_file.py][line: 23][DEBUG] ## ('从数据库获取apk链接写入日志', [])
[2020-06-13 17:00:00,764][51916][log_file.py][line: 23][DEBUG] ## ('从数据库获取apk链接写入日志', [])
[2020-06-13 17:05:00,777][53456][log_file.py][line: 23][DEBUG] ## ('从数据库获取apk链接写入日志', [])
[2020-06-13 17:10:00,767][51308][log_file.py][line: 23][DEBUG] ## ('从数据库获取apk链接写入日志', [])
[2020-06-13 17:15:00,744][54896][log_file.py][line: 23][DEBUG] ## ('从数据库获取apk链接写入日志', [])
[2020-06-13 17:20:00,764][53804][log_file.py][line: 23][DEBUG] ## ('从数据库获取apk链接写入日志', [])
[2020-06-13 17:25:00,765][53952][log_file.py][line: 23][DEBUG] ## ('从数据库获取apk链接写入日志', ['http://pkg.superdalan.com/game.pkg/download?pkgId=2673&f=sydlry26_rongyao_android_74_1.0.0_20200613_172507.apk'])
[2020-06-13 17:26:07,656][54376][log_file.py][line: 23][DEBUG] ## ('-----------54a4c6159804___20200613_172507.apk----节点1-----------下载校验结果：True',)
[2020-06-13 17:26:42,839][54376][log_file.py][line: 23][DEBUG] ## ('---------54a4c6159804___20200613_172507.apk-------节点2------安装返回结果：True',)
[2020-06-13 17:26:55,522][54376][log_file.py][line: 23][DEBUG] ## ("------------54a4c6159804___20200613_172507.apk----节点3---------拆包校验结果：True:['b951e08b59b0b2bd8d1c60cc064534a0.jpg', '8cd4f331f89cfad481fe78a5caecfb3e.jpg', 'a310c21306e12becd0bc168ad6c79946.jpg']",)
[2020-06-13 17:26:58,475][54376][log_file.py][line: 23][DEBUG] ## ('54a4c6159804___20200613_172507.apk_非Dalan_Dsdk渠道包，不走自动化流程',)
[2020-06-13 17:30:00,739][54364][log_file.py][line: 23][DEBUG] ## ('从数据库获取apk链接写入日志', [])
[2020-06-13 17:35:00,731][53112][log_file.py][line: 23][DEBUG] ## ('从数据库获取apk链接写入日志', ['http://pkg.superdalan.com/game.pkg/download?pkgId=2908&f=chwysydlhf_rongyao_android_74_1.0.0_20200613_173406.apk'])
[2020-06-13 17:36:05,288][54332][log_file.py][line: 23][DEBUG] ## ('-----------54a4c6159804___20200613_173406.apk----节点1-----------下载校验结果：True',)
[2020-06-13 17:36:29,396][54332][log_file.py][line: 23][DEBUG] ## ('---------54a4c6159804___20200613_173406.apk-------节点2------安装返回结果：True',)
[2020-06-13 17:36:40,528][54332][log_file.py][line: 23][DEBUG] ## ("------------54a4c6159804___20200613_173406.apk----节点3---------拆包校验结果：True:['8cd4f331f89cfad481fe78a5caecfb3e.jpg', 'b951e08b59b0b2bd8d1c60cc064534a0.jpg', 'a310c21306e12becd0bc168ad6c79946.jpg']",)
[2020-06-13 17:36:41,286][54332][log_file.py][line: 23][DEBUG] ## ('54a4c6159804___20200613_173406.apk_非Dalan_Dsdk渠道包，不走自动化流程',)
[2020-06-13 17:40:00,778][53872][log_file.py][line: 23][DEBUG] ## ('从数据库获取apk链接写入日志', [])
[2020-06-13 17:45:00,774][53500][log_file.py][line: 23][DEBUG] ## ('从数据库获取apk链接写入日志', ['http://pkg.superdalan.com/game.pkg/download?pkgId=2909&f=chwywphmxhf_tianxie_android_74_1.0.0_20200613_174317.apk'])
[2020-06-13 17:46:04,147][52620][log_file.py][line: 23][DEBUG] ## ('-----------54a4c6159804___20200613_174317.apk----节点1-----------下载校验结果：True',)
[2020-06-13 17:46:39,779][52620][log_file.py][line: 23][DEBUG] ## ('---------54a4c6159804___20200613_174317.apk-------节点2------安装返回结果：True',)
[2020-06-13 17:46:39,933][52620][log_file.py][line: 23][DEBUG] ## ('--------54a4c6159804___20200613_174317.apk---节点3--------后台没有配置素材无需校验',)
[2020-06-13 17:46:47,353][52620][log_file.py][line: 23][DEBUG] ## ('54a4c6159804___20200613_174317.apk_非Dalan_Dsdk渠道包，不走自动化流程',)
[2020-06-13 17:50:00,753][52956][log_file.py][line: 23][DEBUG] ## ('从数据库获取apk链接写入日志', ['http://pkg.superdalan.com/game.pkg/download?pkgId=2909&f=chwywphmxhf_tianxie_android_74_1.0.0_20200613_175002.apk'])
[2020-06-13 17:50:55,768][54664][log_file.py][line: 23][DEBUG] ## ('-----------54a4c6159804___20200613_175002.apk----节点1-----------下载校验结果：True',)
[2020-06-13 17:51:19,426][54664][log_file.py][line: 23][DEBUG] ## ('---------54a4c6159804___20200613_175002.apk-------节点2------安装返回结果：True',)
[2020-06-13 17:51:19,598][54664][log_file.py][line: 23][DEBUG] ## ('--------54a4c6159804___20200613_175002.apk---节点3--------后台没有配置素材无需校验',)
[2020-06-13 17:51:24,838][54664][log_file.py][line: 23][DEBUG] ## ('54a4c6159804___20200613_175002.apk_非Dalan_Dsdk渠道包，不走自动化流程',)
[2020-06-13 17:55:00,726][55128][log_file.py][line: 23][DEBUG] ## ('从数据库获取apk链接写入日志', [])
[2020-06-13 18:00:00,761][54664][log_file.py][line: 23][DEBUG] ## ('从数据库获取apk链接写入日志', [])
[2020-06-13 18:05:00,719][54332][log_file.py][line: 23][DEBUG] ## ('从数据库获取apk链接写入日志', [])
[2020-06-13 18:10:00,745][54588][log_file.py][line: 23][DEBUG] ## ('从数据库获取apk链接写入日志', [])
[2020-06-13 18:15:00,776][52144][log_file.py][line: 23][DEBUG] ## ('从数据库获取apk链接写入日志', [])
[2020-06-13 18:20:00,736][55284][log_file.py][line: 23][DEBUG] ## ('从数据库获取apk链接写入日志', [])
[2020-06-13 18:25:00,735][54900][log_file.py][line: 23][DEBUG] ## ('从数据库获取apk链接写入日志', [])
[2020-06-13 18:30:00,757][53728][log_file.py][line: 23][DEBUG] ## ('从数据库获取apk链接写入日志', [])
[2020-06-13 18:35:00,703][53400][log_file.py][line: 23][DEBUG] ## ('从数据库获取apk链接写入日志', [])
[2020-06-13 18:40:00,764][55016][log_file.py][line: 23][DEBUG] ## ('从数据库获取apk链接写入日志', [])
[2020-06-13 18:45:00,719][54920][log_file.py][line: 23][DEBUG] ## ('从数据库获取apk链接写入日志', [])
[2020-06-13 18:50:00,786][54392][log_file.py][line: 23][DEBUG] ## ('从数据库获取apk链接写入日志', ['http://pkg.superdalan.com/game.pkg/download?pkgId=2909&f=chwywphmxhf_tianxie_android_74_1.0.0_20200613_185142.apk'])
[2020-06-13 18:50:56,200][55000][log_file.py][line: 23][DEBUG] ## ('-----------54a4c6159804___20200613_185142.apk----节点1-----------下载校验结果：True',)
[2020-06-13 18:51:30,122][55000][log_file.py][line: 23][DEBUG] ## ('---------54a4c6159804___20200613_185142.apk-------节点2------安装返回结果：True',)
[2020-06-13 18:51:30,280][55000][log_file.py][line: 23][DEBUG] ## ('--------54a4c6159804___20200613_185142.apk---节点3--------后台没有配置素材无需校验',)
[2020-06-13 18:51:37,746][55000][log_file.py][line: 23][DEBUG] ## ('54a4c6159804___20200613_185142.apk_非Dalan_Dsdk渠道包，不走自动化流程',)
[2020-06-13 18:55:00,766][56248][log_file.py][line: 23][DEBUG] ## ('从数据库获取apk链接写入日志', [])
[2020-06-13 19:00:00,712][56188][log_file.py][line: 23][DEBUG] ## ('从数据库获取apk链接写入日志', [])
[2020-06-13 19:05:00,725][56236][log_file.py][line: 23][DEBUG] ## ('从数据库获取apk链接写入日志', [])
[2020-06-13 19:10:00,732][55976][log_file.py][line: 23][DEBUG] ## ('从数据库获取apk链接写入日志', ['http://pkg.superdalan.com/game.pkg/download?pkgId=2910&f=chwymxybtgzhf_junhai_android_74_1.0.0_20200604_181115.apk', 'http://pkg.superdalan.com/game.pkg/download?pkgId=2910&f=chwymxybtgzhf_junhai_android_74_1.0.0_20200605_101834.apk', 'http://pkg.superdalan.com/game.pkg/download?pkgId=2910&f=chwymxybtgzhf_junhai_android_74_1.0.0_20200613_190837.apk'])
[2020-06-13 19:12:19,964][55980][log_file.py][line: 23][DEBUG] ## ('-----------b5940085___20200605_101834.apk----节点1-----------下载校验结果：True',)
[2020-06-13 19:12:24,211][54232][log_file.py][line: 23][DEBUG] ## ('-----------R8AYIJWO99999999___20200613_190837.apk----节点1-----------下载校验结果：True',)
[2020-06-13 19:12:25,213][55928][log_file.py][line: 23][DEBUG] ## ('-----------54a4c6159804___20200604_181115.apk----节点1-----------下载校验结果：True',)
[2020-06-13 19:12:36,619][55980][log_file.py][line: 23][DEBUG] ## ('---------b5940085___20200605_101834.apk-------节点2------安装返回结果：True',)
[2020-06-13 19:12:36,781][55980][log_file.py][line: 23][DEBUG] ## ('--------b5940085___20200605_101834.apk---节点3--------后台没有配置素材无需校验',)
[2020-06-13 19:12:42,582][55980][log_file.py][line: 23][DEBUG] ## ('b5940085___20200605_101834.apk_非Dalan_Dsdk渠道包，不走自动化流程',)
[2020-06-13 19:12:59,496][55928][log_file.py][line: 23][DEBUG] ## ('---------54a4c6159804___20200604_181115.apk-------节点2------安装返回结果：True',)
[2020-06-13 19:12:59,671][55928][log_file.py][line: 23][DEBUG] ## ('--------54a4c6159804___20200604_181115.apk---节点3--------后台没有配置素材无需校验',)
[2020-06-13 19:13:07,111][55928][log_file.py][line: 23][DEBUG] ## ('54a4c6159804___20200604_181115.apk_非Dalan_Dsdk渠道包，不走自动化流程',)
[2020-06-13 19:13:09,482][54232][log_file.py][line: 23][DEBUG] ## ('---------R8AYIJWO99999999___20200613_190837.apk-------节点2------安装返回结果：True',)
[2020-06-13 19:13:09,807][54232][log_file.py][line: 23][DEBUG] ## ('--------R8AYIJWO99999999___20200613_190837.apk---节点3--------后台没有配置素材无需校验',)
[2020-06-13 19:13:17,082][54232][log_file.py][line: 23][DEBUG] ## ('R8AYIJWO99999999___20200613_190837.apk_非Dalan_Dsdk渠道包，不走自动化流程',)
[2020-06-13 19:15:00,727][56200][log_file.py][line: 23][DEBUG] ## ('从数据库获取apk链接写入日志', [])
[2020-06-13 19:20:00,731][55492][log_file.py][line: 23][DEBUG] ## ('从数据库获取apk链接写入日志', [])
[2020-06-13 19:25:00,761][56008][log_file.py][line: 23][DEBUG] ## ('从数据库获取apk链接写入日志', [])
[2020-06-13 19:30:00,853][55104][log_file.py][line: 23][DEBUG] ## ('从数据库获取apk链接写入日志', [])
[2020-06-13 19:35:00,735][54188][log_file.py][line: 23][DEBUG] ## ('从数据库获取apk链接写入日志', [])
[2020-06-13 19:40:00,725][56104][log_file.py][line: 23][DEBUG] ## ('从数据库获取apk链接写入日志', [])
[2020-06-13 19:45:00,727][54184][log_file.py][line: 23][DEBUG] ## ('从数据库获取apk链接写入日志', [])
[2020-06-13 19:50:00,716][55776][log_file.py][line: 23][DEBUG] ## ('从数据库获取apk链接写入日志', [])
[2020-06-13 19:55:00,752][53312][log_file.py][line: 23][DEBUG] ## ('从数据库获取apk链接写入日志', [])
[2020-06-13 20:00:00,748][55512][log_file.py][line: 23][DEBUG] ## ('从数据库获取apk链接写入日志', [])
[2020-06-13 20:05:00,755][55376][log_file.py][line: 23][DEBUG] ## ('从数据库获取apk链接写入日志', [])
[2020-06-13 20:10:00,717][54176][log_file.py][line: 23][DEBUG] ## ('从数据库获取apk链接写入日志', [])
[2020-06-13 20:15:00,753][54844][log_file.py][line: 23][DEBUG] ## ('从数据库获取apk链接写入日志', [])
[2020-06-13 20:20:00,694][56216][log_file.py][line: 23][DEBUG] ## ('从数据库获取apk链接写入日志', [])
[2020-06-13 20:25:00,737][53448][log_file.py][line: 23][DEBUG] ## ('从数据库获取apk链接写入日志', [])
[2020-06-13 20:30:00,745][56056][log_file.py][line: 23][DEBUG] ## ('从数据库获取apk链接写入日志', [])
[2020-06-13 20:35:00,723][52084][log_file.py][line: 23][DEBUG] ## ('从数据库获取apk链接写入日志', [])
[2020-06-13 20:40:00,819][55996][log_file.py][line: 23][DEBUG] ## ('从数据库获取apk链接写入日志', [])
[2020-06-13 20:45:00,720][54596][log_file.py][line: 23][DEBUG] ## ('从数据库获取apk链接写入日志', [])
[2020-06-13 20:50:00,746][55716][log_file.py][line: 23][DEBUG] ## ('从数据库获取apk链接写入日志', [])
[2020-06-13 20:55:00,708][57148][log_file.py][line: 23][DEBUG] ## ('从数据库获取apk链接写入日志', [])
[2020-06-13 21:00:00,782][57232][log_file.py][line: 23][DEBUG] ## ('从数据库获取apk链接写入日志', [])
[2020-06-13 21:05:00,711][56864][log_file.py][line: 23][DEBUG] ## ('从数据库获取apk链接写入日志', [])
[2020-06-13 21:10:00,719][54844][log_file.py][line: 23][DEBUG] ## ('从数据库获取apk链接写入日志', [])
[2020-06-13 21:15:00,739][57132][log_file.py][line: 23][DEBUG] ## ('从数据库获取apk链接写入日志', [])
[2020-06-13 21:20:00,703][57228][log_file.py][line: 23][DEBUG] ## ('从数据库获取apk链接写入日志', [])
[2020-06-13 21:25:00,845][56924][log_file.py][line: 23][DEBUG] ## ('从数据库获取apk链接写入日志', [])
[2020-06-13 21:30:00,741][55520][log_file.py][line: 23][DEBUG] ## ('从数据库获取apk链接写入日志', [])
[2020-06-13 21:35:00,760][57232][log_file.py][line: 23][DEBUG] ## ('从数据库获取apk链接写入日志', [])
[2020-06-13 21:40:00,738][56788][log_file.py][line: 23][DEBUG] ## ('从数据库获取apk链接写入日志', [])
[2020-06-13 21:45:00,769][57328][log_file.py][line: 23][DEBUG] ## ('从数据库获取apk链接写入日志', [])
[2020-06-13 21:50:00,730][53004][log_file.py][line: 23][DEBUG] ## ('从数据库获取apk链接写入日志', [])
[2020-06-13 21:55:00,707][57148][log_file.py][line: 23][DEBUG] ## ('从数据库获取apk链接写入日志', [])
[2020-06-13 22:00:00,709][54996][log_file.py][line: 23][DEBUG] ## ('从数据库获取apk链接写入日志', [])
[2020-06-13 22:05:00,760][57340][log_file.py][line: 23][DEBUG] ## ('从数据库获取apk链接写入日志', [])
[2020-06-13 22:10:00,757][56560][log_file.py][line: 23][DEBUG] ## ('从数据库获取apk链接写入日志', [])
[2020-06-13 22:15:00,732][55860][log_file.py][line: 23][DEBUG] ## ('从数据库获取apk链接写入日志', [])
[2020-06-13 22:20:00,701][48644][log_file.py][line: 23][DEBUG] ## ('从数据库获取apk链接写入日志', [])
[2020-06-13 22:25:00,758][56412][log_file.py][line: 23][DEBUG] ## ('从数据库获取apk链接写入日志', [])
[2020-06-13 22:30:00,738][55832][log_file.py][line: 23][DEBUG] ## ('从数据库获取apk链接写入日志', [])
[2020-06-13 22:35:00,746][56856][log_file.py][line: 23][DEBUG] ## ('从数据库获取apk链接写入日志', [])
[2020-06-13 22:40:00,729][56632][log_file.py][line: 23][DEBUG] ## ('从数据库获取apk链接写入日志', [])
[2020-06-13 22:45:00,763][57540][log_file.py][line: 23][DEBUG] ## ('从数据库获取apk链接写入日志', [])
[2020-06-13 22:50:00,720][53456][log_file.py][line: 23][DEBUG] ## ('从数据库获取apk链接写入日志', [])
[2020-06-13 22:55:00,727][58284][log_file.py][line: 23][DEBUG] ## ('从数据库获取apk链接写入日志', [])
[2020-06-13 23:00:00,728][58100][log_file.py][line: 23][DEBUG] ## ('从数据库获取apk链接写入日志', [])
[2020-06-13 23:05:00,743][57248][log_file.py][line: 23][DEBUG] ## ('从数据库获取apk链接写入日志', [])
[2020-06-13 23:10:00,713][57204][log_file.py][line: 23][DEBUG] ## ('从数据库获取apk链接写入日志', [])
[2020-06-13 23:15:00,746][58088][log_file.py][line: 23][DEBUG] ## ('从数据库获取apk链接写入日志', [])
[2020-06-13 23:20:00,718][57980][log_file.py][line: 23][DEBUG] ## ('从数据库获取apk链接写入日志', [])
[2020-06-13 23:25:00,747][57284][log_file.py][line: 23][DEBUG] ## ('从数据库获取apk链接写入日志', [])
[2020-06-13 23:30:00,746][58092][log_file.py][line: 23][DEBUG] ## ('从数据库获取apk链接写入日志', [])
[2020-06-13 23:35:00,732][57968][log_file.py][line: 23][DEBUG] ## ('从数据库获取apk链接写入日志', [])
[2020-06-13 23:40:00,722][57792][log_file.py][line: 23][DEBUG] ## ('从数据库获取apk链接写入日志', [])
[2020-06-13 23:45:00,729][58308][log_file.py][line: 23][DEBUG] ## ('从数据库获取apk链接写入日志', [])
[2020-06-13 23:50:00,784][56860][log_file.py][line: 23][DEBUG] ## ('从数据库获取apk链接写入日志', [])
[2020-06-13 23:55:00,714][58196][log_file.py][line: 23][DEBUG] ## ('从数据库获取apk链接写入日志', [])
