[2020-06-03 14:15:00,725][10912][log_file.py][line: 23][DEBUG] ## ('从数据库获取apk链接写入日志', [])
[2020-06-03 14:20:00,722][13296][log_file.py][line: 23][DEBUG] ## ('从数据库获取apk链接写入日志', [])
[2020-06-03 14:25:00,690][10764][log_file.py][line: 23][DEBUG] ## ('从数据库获取apk链接写入日志', [])
[2020-06-03 14:30:00,712][5792][log_file.py][line: 23][DEBUG] ## ('从数据库获取apk链接写入日志', [])
[2020-06-03 14:35:00,693][10052][log_file.py][line: 23][DEBUG] ## ('从数据库获取apk链接写入日志', [])
[2020-06-03 14:40:00,685][4300][log_file.py][line: 23][DEBUG] ## ('从数据库获取apk链接写入日志', [])
[2020-06-03 14:45:00,705][1824][log_file.py][line: 23][DEBUG] ## ('从数据库获取apk链接写入日志', [])
[2020-06-03 14:48:47,647][10244][log_file.py][line: 23][DEBUG] ## ('从数据库获取apk链接写入日志', ['http://pkg.superdalan.com/game.pkg/download?pkgId=2067&f=nsmyfx_dalan_dsdk_10_1.0.0_20200527_103331.apk', 'http://pkg.superdalan.com/game.pkg/download?pkgId=2351&f=nsmyly_dalan_dsdk_10_1.0.5_20200403_185656.apk'])
[2020-06-03 14:48:58,422][13204][log_file.py][line: 23][DEBUG] ## ('-----------R8AYIJWO99999999___20200527_103331.apk----节点1-----------下载校验结果：True',)
[2020-06-03 14:49:00,105][8828][log_file.py][line: 23][DEBUG] ## ('-----------QDY4C17818002168___20200403_185656.apk----节点1-----------下载校验结果：True',)
[2020-06-03 14:49:21,303][8828][log_file.py][line: 23][DEBUG] ## ('---------QDY4C17818002168___20200403_185656.apk-------节点2------安装返回结果：True',)
[2020-06-03 14:49:32,874][8828][log_file.py][line: 23][DEBUG] ## ("------------QDY4C17818002168___20200403_185656.apk----节点3---------拆包校验结果：True:['9adaa97cd28684e4651e4a610550c8a3.jpg', '0a63d40a3a24dc3e313c2cdd5b0ded65.jpg']",)
[2020-06-03 14:49:40,490][13204][log_file.py][line: 23][DEBUG] ## ('---------R8AYIJWO99999999___20200527_103331.apk-------节点2------安装返回结果：True',)
[2020-06-03 14:49:44,895][13204][log_file.py][line: 23][DEBUG] ## ("------------R8AYIJWO99999999___20200527_103331.apk----节点3---------拆包校验结果：True:['31ed96cab4565a4f8350cf0fa06e1cd2.jpg', '588b58e5e0c85555e5fa6847236a6610.jpg']",)
[2020-06-03 14:50:00,729][10368][log_file.py][line: 23][DEBUG] ## ('从数据库获取apk链接写入日志', ['http://pkg.superdalan.com/game.pkg/download?pkgId=2067&f=nsmyfx_dalan_dsdk_10_1.0.0_20200527_103331.apk', 'http://pkg.superdalan.com/game.pkg/download?pkgId=2351&f=nsmyly_dalan_dsdk_10_1.0.5_20200403_185656.apk'])
[2020-06-03 14:50:26,809][13204][log_file.py][line: 23][DEBUG] ## ('-----------R8AYIJWO99999999___20200527_103331.apk----节点4----------打开游戏结果:True',)
[2020-06-03 14:50:38,019][8828][log_file.py][line: 23][DEBUG] ## ('-----------QDY4C17818002168___20200403_185656.apk----节点4----------打开游戏结果:True',)
[2020-06-03 14:55:00,707][11880][log_file.py][line: 23][DEBUG] ## ('从数据库获取apk链接写入日志', ['http://pkg.superdalan.com/game.pkg/download?pkgId=2067&f=nsmyfx_dalan_dsdk_10_1.0.0_20200527_103331.apk', 'http://pkg.superdalan.com/game.pkg/download?pkgId=2351&f=nsmyly_dalan_dsdk_10_1.0.5_20200403_185656.apk'])
[2020-06-03 14:56:03,140][12620][log_file.py][line: 23][DEBUG] ## ('-----------R8AYIJWO99999999___20200527_103331.apk----节点1-----------下载校验结果：True',)
[2020-06-03 14:56:10,203][11956][log_file.py][line: 23][DEBUG] ## ('-----------QDY4C17818002168___20200403_185656.apk----节点1-----------下载校验结果：True',)
[2020-06-03 14:56:29,747][11956][log_file.py][line: 23][DEBUG] ## ('---------QDY4C17818002168___20200403_185656.apk-------节点2------安装返回结果：True',)
[2020-06-03 14:56:33,423][12620][log_file.py][line: 23][DEBUG] ## ('---------R8AYIJWO99999999___20200527_103331.apk-------节点2------安装返回结果：True',)
[2020-06-03 14:56:38,635][12620][log_file.py][line: 23][DEBUG] ## ("------------R8AYIJWO99999999___20200527_103331.apk----节点3---------拆包校验结果：True:['31ed96cab4565a4f8350cf0fa06e1cd2.jpg', '588b58e5e0c85555e5fa6847236a6610.jpg']",)
[2020-06-03 14:56:42,948][11956][log_file.py][line: 23][DEBUG] ## ("------------QDY4C17818002168___20200403_185656.apk----节点3---------拆包校验结果：True:['0a63d40a3a24dc3e313c2cdd5b0ded65.jpg', '9adaa97cd28684e4651e4a610550c8a3.jpg']",)
[2020-06-03 14:58:47,464][12812][log_file.py][line: 23][DEBUG] ## ('从数据库获取apk链接写入日志', ['http://pkg.superdalan.com/game.pkg/download?pkgId=2067&f=nsmyfx_dalan_dsdk_10_1.0.0_20200527_103331.apk', 'http://pkg.superdalan.com/game.pkg/download?pkgId=2351&f=nsmyly_dalan_dsdk_10_1.0.5_20200403_185656.apk'])
[2020-06-03 14:58:57,423][12224][log_file.py][line: 23][DEBUG] ## ('-----------R8AYIJWO99999999___20200527_103331.apk----节点1-----------下载校验结果：True',)
[2020-06-03 14:58:58,082][7668][log_file.py][line: 23][DEBUG] ## ('-----------QDY4C17818002168___20200403_185656.apk----节点1-----------下载校验结果：True',)
[2020-06-03 14:59:17,823][7668][log_file.py][line: 23][DEBUG] ## ('---------QDY4C17818002168___20200403_185656.apk-------节点2------安装返回结果：True',)
[2020-06-03 14:59:27,802][12224][log_file.py][line: 23][DEBUG] ## ('---------R8AYIJWO99999999___20200527_103331.apk-------节点2------安装返回结果：True',)
[2020-06-03 14:59:29,401][7668][log_file.py][line: 23][DEBUG] ## ("------------QDY4C17818002168___20200403_185656.apk----节点3---------拆包校验结果：True:['0a63d40a3a24dc3e313c2cdd5b0ded65.jpg', '9adaa97cd28684e4651e4a610550c8a3.jpg']",)
[2020-06-03 14:59:32,577][12224][log_file.py][line: 23][DEBUG] ## ("------------R8AYIJWO99999999___20200527_103331.apk----节点3---------拆包校验结果：True:['31ed96cab4565a4f8350cf0fa06e1cd2.jpg', '588b58e5e0c85555e5fa6847236a6610.jpg']",)
[2020-06-03 15:00:00,677][12548][log_file.py][line: 23][DEBUG] ## ('从数据库获取apk链接写入日志', ['http://pkg.superdalan.com/game.pkg/download?pkgId=2067&f=nsmyfx_dalan_dsdk_10_1.0.0_20200527_103331.apk', 'http://pkg.superdalan.com/game.pkg/download?pkgId=2351&f=nsmyly_dalan_dsdk_10_1.0.5_20200403_185656.apk'])
[2020-06-03 15:00:13,670][12224][log_file.py][line: 23][DEBUG] ## ('-----------R8AYIJWO99999999___20200527_103331.apk----节点4----------打开游戏结果:True',)
[2020-06-03 15:00:42,910][7668][log_file.py][line: 23][DEBUG] ## ('-----------QDY4C17818002168___20200403_185656.apk----节点4----------打开游戏结果:True',)
[2020-06-03 15:05:00,689][11992][log_file.py][line: 23][DEBUG] ## ('从数据库获取apk链接写入日志', ['http://pkg.superdalan.com/game.pkg/download?pkgId=1403&f=shjtt_dalan_dsdk_8_1.0.0_20200603_150555.apk', 'http://pkg.superdalan.com/game.pkg/download?pkgId=2067&f=nsmyfx_dalan_dsdk_10_1.0.0_20200527_103331.apk', 'http://pkg.superdalan.com/game.pkg/download?pkgId=2351&f=nsmyly_dalan_dsdk_10_1.0.5_20200403_185656.apk'])
[2020-06-03 15:10:00,717][12284][log_file.py][line: 23][DEBUG] ## ('从数据库获取apk链接写入日志', ['http://pkg.superdalan.com/game.pkg/download?pkgId=1403&f=shjtt_dalan_dsdk_8_1.0.0_20200603_150555.apk', 'http://pkg.superdalan.com/game.pkg/download?pkgId=2067&f=nsmyfx_dalan_dsdk_10_1.0.0_20200527_103331.apk', 'http://pkg.superdalan.com/game.pkg/download?pkgId=2351&f=nsmyly_dalan_dsdk_10_1.0.5_20200403_185656.apk', 'http://pkg.superdalan.com/game.pkg/download?pkgId=2826&f=fzzjmyxlzz2gdtdb_dalan_xy_dsdk_61_1.0.0_20200603_151110.apk', 'http://pkg.superdalan.com/game.pkg/download?pkgId=2828&f=fzzjmyxlzz2gdt_dalan_xy_dsdk_61_1.0.0_20200603_151159.apk', 'http://pkg.superdalan.com/game.pkg/download?pkgId=2829&f=fzzjmyxlzz2tt_dalan_xy_dsdk_61_1.0.0_20200603_151023.apk'])
[2020-06-03 15:10:39,530][12716][log_file.py][line: 23][DEBUG] ## ('从数据库获取apk链接写入日志', ['http://pkg.superdalan.com/game.pkg/download?pkgId=1403&f=shjtt_dalan_dsdk_8_1.0.0_20200603_150555.apk', 'http://pkg.superdalan.com/game.pkg/download?pkgId=2067&f=nsmyfx_dalan_dsdk_10_1.0.0_20200527_103331.apk', 'http://pkg.superdalan.com/game.pkg/download?pkgId=2351&f=nsmyly_dalan_dsdk_10_1.0.5_20200403_185656.apk', 'http://pkg.superdalan.com/game.pkg/download?pkgId=2826&f=fzzjmyxlzz2gdtdb_dalan_xy_dsdk_61_1.0.0_20200603_151110.apk', 'http://pkg.superdalan.com/game.pkg/download?pkgId=2828&f=fzzjmyxlzz2gdt_dalan_xy_dsdk_61_1.0.0_20200603_151159.apk', 'http://pkg.superdalan.com/game.pkg/download?pkgId=2829&f=fzzjmyxlzz2tt_dalan_xy_dsdk_61_1.0.0_20200603_151023.apk'])
[2020-06-03 15:10:47,029][12284][log_file.py][line: 23][DEBUG] ## ('-----------QDY4C17818002168___20200527_103331.apk----节点1-----------下载校验结果：True',)
[2020-06-03 15:10:57,558][11640][log_file.py][line: 23][DEBUG] ## ('-----------R8AYIJWO99999999___20200603_150555.apk----节点1-----------下载校验结果：True',)
[2020-06-03 15:11:07,576][12284][log_file.py][line: 23][DEBUG] ## ('---------QDY4C17818002168___20200527_103331.apk-------节点2------安装返回结果：True',)
[2020-06-03 15:11:12,342][12284][log_file.py][line: 23][DEBUG] ## ("------------QDY4C17818002168___20200527_103331.apk----节点3---------拆包校验结果：True:['31ed96cab4565a4f8350cf0fa06e1cd2.jpg', '588b58e5e0c85555e5fa6847236a6610.jpg']",)
[2020-06-03 15:12:15,232][12284][log_file.py][line: 23][DEBUG] ## ('-----------QDY4C17818002168___20200527_103331.apk----节点4----------打开游戏结果:True',)
[2020-06-03 15:12:33,561][11640][log_file.py][line: 23][DEBUG] ## ('---------R8AYIJWO99999999___20200603_150555.apk-------节点2------安装返回结果：True',)
[2020-06-03 15:12:41,038][11640][log_file.py][line: 23][DEBUG] ## ("------------R8AYIJWO99999999___20200603_150555.apk----节点3---------拆包校验结果：True:['90fc00e8f95c0f60b254fe7b99fa03df.jpg', '7105e4529548d6fe35c3feb958404c05.jpg']",)
[2020-06-03 15:12:41,807][11640][log_file.py][line: 23][DEBUG] ## ('R8AYIJWO99999999___20200603_150555.apk此原名游戏尚未接入，敬请期待',)
[2020-06-03 15:13:25,719][12284][log_file.py][line: 23][DEBUG] ## ('-----------QDY4C17818002168___20200527_103331.apk----节点5----------登录游戏结果:True',)
[2020-06-03 15:14:06,495][12384][log_file.py][line: 23][DEBUG] ## ('-----------QDY4C17818002168___20200603_151110.apk----节点1-----------下载校验结果：True',)
[2020-06-03 15:14:10,166][12456][log_file.py][line: 23][DEBUG] ## ('-----------R8AYIJWO99999999___20200403_185656.apk----节点1-----------下载校验结果：True',)
[2020-06-03 15:14:18,299][12384][log_file.py][line: 23][DEBUG] ## ('---------QDY4C17818002168___20200603_151110.apk-------节点2------安装返回结果：True',)
[2020-06-03 15:14:19,941][12384][log_file.py][line: 23][DEBUG] ## ("------------QDY4C17818002168___20200603_151110.apk----节点3---------拆包校验结果：True:['a5c8b9f129269654764b2022b598b76e.jpg']",)
[2020-06-03 15:14:20,759][12384][log_file.py][line: 23][DEBUG] ## ('QDY4C17818002168___20200603_151110.apk此原名游戏尚未接入，敬请期待',)
[2020-06-03 15:14:42,382][12456][log_file.py][line: 23][DEBUG] ## ('---------R8AYIJWO99999999___20200403_185656.apk-------节点2------安装返回结果：True',)
[2020-06-03 15:14:55,046][12456][log_file.py][line: 23][DEBUG] ## ("------------R8AYIJWO99999999___20200403_185656.apk----节点3---------拆包校验结果：True:['9adaa97cd28684e4651e4a610550c8a3.jpg', '0a63d40a3a24dc3e313c2cdd5b0ded65.jpg']",)
[2020-06-03 15:15:00,776][10744][log_file.py][line: 23][DEBUG] ## ('从数据库获取apk链接写入日志', ['http://pkg.superdalan.com/game.pkg/download?pkgId=2067&f=nsmyfx_dalan_dsdk_10_1.0.0_20200527_103331.apk', 'http://pkg.superdalan.com/game.pkg/download?pkgId=2351&f=nsmyly_dalan_dsdk_10_1.0.5_20200403_185656.apk', 'http://pkg.superdalan.com/game.pkg/download?pkgId=2828&f=fzzjmyxlzz2gdt_dalan_xy_dsdk_61_1.0.0_20200603_151159.apk', 'http://pkg.superdalan.com/game.pkg/download?pkgId=2829&f=fzzjmyxlzz2tt_dalan_xy_dsdk_61_1.0.0_20200603_151023.apk'])
[2020-06-03 15:15:35,449][12456][log_file.py][line: 23][DEBUG] ## ('-----------R8AYIJWO99999999___20200403_185656.apk----节点4----------打开游戏结果:True',)
[2020-06-03 15:16:29,217][12456][log_file.py][line: 23][DEBUG] ## ('-----------R8AYIJWO99999999___20200403_185656.apk----节点5----------登录游戏结果:False',)
[2020-06-03 15:16:33,222][11544][log_file.py][line: 23][DEBUG] ## ('-----------R8AYIJWO99999999___20200603_151159.apk----节点1-----------下载校验结果：True',)
[2020-06-03 15:16:34,368][12032][log_file.py][line: 23][DEBUG] ## ('-----------QDY4C17818002168___20200603_151023.apk----节点1-----------下载校验结果：True',)
[2020-06-03 15:16:46,011][12032][log_file.py][line: 23][DEBUG] ## ('---------QDY4C17818002168___20200603_151023.apk-------节点2------安装返回结果：True',)
[2020-06-03 15:16:51,936][11544][log_file.py][line: 23][DEBUG] ## ('---------R8AYIJWO99999999___20200603_151159.apk-------节点2------安装返回结果：True',)
[2020-06-03 15:16:53,720][12032][log_file.py][line: 23][DEBUG] ## ("------------QDY4C17818002168___20200603_151023.apk----节点3---------拆包校验结果：True:['a5c8b9f129269654764b2022b598b76e.jpg']",)
[2020-06-03 15:16:54,498][12032][log_file.py][line: 23][DEBUG] ## ('QDY4C17818002168___20200603_151023.apk此原名游戏尚未接入，敬请期待',)
[2020-06-03 15:16:55,024][11544][log_file.py][line: 23][DEBUG] ## ("------------R8AYIJWO99999999___20200603_151159.apk----节点3---------拆包校验结果：True:['a5c8b9f129269654764b2022b598b76e.jpg']",)
[2020-06-03 15:16:55,793][11544][log_file.py][line: 23][DEBUG] ## ('R8AYIJWO99999999___20200603_151159.apk此原名游戏尚未接入，敬请期待',)
[2020-06-03 15:20:00,859][2764][log_file.py][line: 23][DEBUG] ## ('从数据库获取apk链接写入日志', ['http://pkg.superdalan.com/game.pkg/download?pkgId=2067&f=nsmyfx_dalan_dsdk_10_1.0.0_20200527_103331.apk', 'http://pkg.superdalan.com/game.pkg/download?pkgId=2286&f=jwjtgw_dalan_dsdk_48_1.0.0_20200603_152145.apk', 'http://pkg.superdalan.com/game.pkg/download?pkgId=2351&f=nsmyly_dalan_dsdk_10_1.0.5_20200403_185656.apk'])
[2020-06-03 15:25:00,685][6556][log_file.py][line: 23][DEBUG] ## ('从数据库获取apk链接写入日志', ['http://pkg.superdalan.com/game.pkg/download?pkgId=2067&f=nsmyfx_dalan_dsdk_10_1.0.0_20200527_103331.apk', 'http://pkg.superdalan.com/game.pkg/download?pkgId=2286&f=jwjtgw_dalan_dsdk_48_1.0.0_20200603_152145.apk', 'http://pkg.superdalan.com/game.pkg/download?pkgId=2351&f=nsmyly_dalan_dsdk_10_1.0.5_20200403_185656.apk'])
[2020-06-03 15:30:00,719][13080][log_file.py][line: 23][DEBUG] ## ('从数据库获取apk链接写入日志', ['http://pkg.superdalan.com/game.pkg/download?pkgId=2067&f=nsmyfx_dalan_dsdk_10_1.0.0_20200527_103331.apk', 'http://pkg.superdalan.com/game.pkg/download?pkgId=2286&f=jwjtgw_dalan_dsdk_48_1.0.0_20200603_152145.apk', 'http://pkg.superdalan.com/game.pkg/download?pkgId=2351&f=nsmyly_dalan_dsdk_10_1.0.5_20200403_185656.apk'])
[2020-06-03 15:35:00,698][5160][log_file.py][line: 23][DEBUG] ## ('从数据库获取apk链接写入日志', ['http://pkg.superdalan.com/game.pkg/download?pkgId=2067&f=nsmyfx_dalan_dsdk_10_1.0.0_20200527_103331.apk', 'http://pkg.superdalan.com/game.pkg/download?pkgId=2286&f=jwjtgw_dalan_dsdk_48_1.0.0_20200603_152145.apk', 'http://pkg.superdalan.com/game.pkg/download?pkgId=2351&f=nsmyly_dalan_dsdk_10_1.0.5_20200403_185656.apk'])
[2020-06-03 15:40:00,675][12284][log_file.py][line: 23][DEBUG] ## ('从数据库获取apk链接写入日志', ['http://pkg.superdalan.com/game.pkg/download?pkgId=2067&f=nsmyfx_dalan_dsdk_10_1.0.0_20200527_103331.apk', 'http://pkg.superdalan.com/game.pkg/download?pkgId=2286&f=jwjtgw_dalan_dsdk_48_1.0.0_20200603_152145.apk', 'http://pkg.superdalan.com/game.pkg/download?pkgId=2351&f=nsmyly_dalan_dsdk_10_1.0.5_20200403_185656.apk'])
[2020-06-03 15:45:00,708][9764][log_file.py][line: 23][DEBUG] ## ('从数据库获取apk链接写入日志', ['http://pkg.superdalan.com/game.pkg/download?pkgId=2067&f=nsmyfx_dalan_dsdk_10_1.0.0_20200527_103331.apk', 'http://pkg.superdalan.com/game.pkg/download?pkgId=2286&f=jwjtgw_dalan_dsdk_48_1.0.0_20200603_152145.apk', 'http://pkg.superdalan.com/game.pkg/download?pkgId=2351&f=nsmyly_dalan_dsdk_10_1.0.5_20200403_185656.apk'])
[2020-06-03 15:50:00,656][10996][log_file.py][line: 23][DEBUG] ## ('从数据库获取apk链接写入日志', ['http://pkg.superdalan.com/game.pkg/download?pkgId=2067&f=nsmyfx_dalan_dsdk_10_1.0.0_20200527_103331.apk', 'http://pkg.superdalan.com/game.pkg/download?pkgId=2286&f=jwjtgw_dalan_dsdk_48_1.0.0_20200603_152145.apk', 'http://pkg.superdalan.com/game.pkg/download?pkgId=2351&f=nsmyly_dalan_dsdk_10_1.0.5_20200403_185656.apk'])
[2020-06-03 15:53:01,081][10820][log_file.py][line: 23][DEBUG] ## ('从数据库获取apk链接写入日志', ['http://pkg.superdalan.com/game.pkg/download?pkgId=2351&f=nsmyly_dalan_dsdk_10_1.0.5_20200403_185656.apk', 'http://pkg.superdalan.com/game.pkg/download?pkgId=2496&f=nsmygdtsdk_dalan_dsdk_10_1.0.0_20200427_122925.apk'])
[2020-06-03 15:53:10,101][12808][log_file.py][line: 23][DEBUG] ## ('-----------R8AYIJWO99999999___20200403_185656.apk----节点1-----------下载校验结果：True',)
[2020-06-03 15:53:12,787][11176][log_file.py][line: 23][DEBUG] ## ('-----------QDY4C17818002168___20200427_122925.apk----节点1-----------下载校验结果：True',)
[2020-06-03 15:53:31,468][11176][log_file.py][line: 23][DEBUG] ## ('---------QDY4C17818002168___20200427_122925.apk-------节点2------安装返回结果：True',)
[2020-06-03 15:53:37,710][11176][log_file.py][line: 23][DEBUG] ## ("------------QDY4C17818002168___20200427_122925.apk----节点3---------拆包校验结果：True:['6ff13ae0cd20ccc557f8d451edf15b51.jpg', '9313c01e1de9f5d6b15e8f96504ebc7e.jpg']",)
[2020-06-03 15:53:50,849][12808][log_file.py][line: 23][DEBUG] ## ('---------R8AYIJWO99999999___20200403_185656.apk-------节点2------安装返回结果：True',)
[2020-06-03 15:54:02,534][12808][log_file.py][line: 23][DEBUG] ## ("------------R8AYIJWO99999999___20200403_185656.apk----节点3---------拆包校验结果：True:['9adaa97cd28684e4651e4a610550c8a3.jpg', '0a63d40a3a24dc3e313c2cdd5b0ded65.jpg']",)
[2020-06-03 15:54:40,551][11176][log_file.py][line: 23][DEBUG] ## ('-----------QDY4C17818002168___20200427_122925.apk----节点4----------打开游戏结果:True',)
[2020-06-03 15:54:44,242][12808][log_file.py][line: 23][DEBUG] ## ('-----------R8AYIJWO99999999___20200403_185656.apk----节点4----------打开游戏结果:True',)
[2020-06-03 15:55:00,703][12320][log_file.py][line: 23][DEBUG] ## ('从数据库获取apk链接写入日志', ['http://pkg.superdalan.com/game.pkg/download?pkgId=2351&f=nsmyly_dalan_dsdk_10_1.0.5_20200403_185656.apk', 'http://pkg.superdalan.com/game.pkg/download?pkgId=2496&f=nsmygdtsdk_dalan_dsdk_10_1.0.0_20200427_122925.apk'])
[2020-06-03 16:00:00,676][10084][log_file.py][line: 23][DEBUG] ## ('从数据库获取apk链接写入日志', ['http://pkg.superdalan.com/game.pkg/download?pkgId=2351&f=nsmyly_dalan_dsdk_10_1.0.5_20200403_185656.apk', 'http://pkg.superdalan.com/game.pkg/download?pkgId=2496&f=nsmygdtsdk_dalan_dsdk_10_1.0.0_20200427_122925.apk', 'http://pkg.superdalan.com/game.pkg/download?pkgId=2854&f=xxsyhuawei_biguo_huawei_66_1.0.0_20200603_160158.apk'])
[2020-06-03 16:02:24,030][13036][log_file.py][line: 23][DEBUG] ## ('从数据库获取apk链接写入日志', ['http://pkg.superdalan.com/game.pkg/download?pkgId=2351&f=nsmyly_dalan_dsdk_10_1.0.5_20200403_185656.apk', 'http://pkg.superdalan.com/game.pkg/download?pkgId=2496&f=nsmygdtsdk_dalan_dsdk_10_1.0.0_20200427_122925.apk', 'http://pkg.superdalan.com/game.pkg/download?pkgId=2854&f=xxsyhuawei_biguo_huawei_66_1.0.0_20200603_160158.apk'])
[2020-06-03 16:02:33,436][10324][log_file.py][line: 23][DEBUG] ## ('-----------R8AYIJWO99999999___20200403_185656.apk----节点1-----------下载校验结果：True',)
[2020-06-03 16:02:34,534][11728][log_file.py][line: 23][DEBUG] ## ('-----------QDY4C17818002168___20200427_122925.apk----节点1-----------下载校验结果：True',)
[2020-06-03 16:02:54,038][11728][log_file.py][line: 23][DEBUG] ## ('---------QDY4C17818002168___20200427_122925.apk-------节点2------安装返回结果：True',)
[2020-06-03 16:02:59,908][11728][log_file.py][line: 23][DEBUG] ## ("------------QDY4C17818002168___20200427_122925.apk----节点3---------拆包校验结果：True:['6ff13ae0cd20ccc557f8d451edf15b51.jpg', '9313c01e1de9f5d6b15e8f96504ebc7e.jpg']",)
[2020-06-03 16:03:03,410][10324][log_file.py][line: 23][DEBUG] ## ('---------R8AYIJWO99999999___20200403_185656.apk-------节点2------安装返回结果：True',)
[2020-06-03 16:03:14,890][10324][log_file.py][line: 23][DEBUG] ## ("------------R8AYIJWO99999999___20200403_185656.apk----节点3---------拆包校验结果：True:['0a63d40a3a24dc3e313c2cdd5b0ded65.jpg', '9adaa97cd28684e4651e4a610550c8a3.jpg']",)
[2020-06-03 16:03:54,763][10324][log_file.py][line: 23][DEBUG] ## ('-----------R8AYIJWO99999999___20200403_185656.apk----节点4----------打开游戏结果:True',)
[2020-06-03 16:03:57,528][11728][log_file.py][line: 23][DEBUG] ## ('-----------QDY4C17818002168___20200427_122925.apk----节点4----------打开游戏结果:True',)
[2020-06-03 16:04:53,276][11728][log_file.py][line: 23][DEBUG] ## ('-----------QDY4C17818002168___20200427_122925.apk----节点5----------登录游戏结果:True',)
[2020-06-03 16:05:00,707][13104][log_file.py][line: 23][DEBUG] ## ('从数据库获取apk链接写入日志', ['http://pkg.superdalan.com/game.pkg/download?pkgId=2351&f=nsmyly_dalan_dsdk_10_1.0.5_20200403_185656.apk', 'http://pkg.superdalan.com/game.pkg/download?pkgId=2496&f=nsmygdtsdk_dalan_dsdk_10_1.0.0_20200427_122925.apk', 'http://pkg.superdalan.com/game.pkg/download?pkgId=2854&f=xxsyhuawei_biguo_huawei_66_1.0.0_20200603_160158.apk'])
[2020-06-03 16:05:11,498][10324][log_file.py][line: 23][DEBUG] ## ('-----------R8AYIJWO99999999___20200403_185656.apk----节点5----------登录游戏结果:True',)
[2020-06-03 16:05:26,316][11728][log_file.py][line: 23][DEBUG] ## ('------QDY4C17818002168___20200427_122925.apk---节点6-------下单调起微信结果:False',)
[2020-06-03 16:05:46,557][10324][log_file.py][line: 23][DEBUG] ## ('------R8AYIJWO99999999___20200403_185656.apk---节点6-------下单调起微信结果:True',)
[2020-06-03 16:06:01,192][13204][log_file.py][line: 23][DEBUG] ## ('-----------R8AYIJWO99999999___20200603_160158.apk----节点1-----------下载校验结果：True',)
[2020-06-03 16:06:10,338][4324][log_file.py][line: 23][DEBUG] ## ('-----------R8AYIJWO99999999___20200403_185656.apk----节点1-----------下载校验结果：True',)
[2020-06-03 16:06:13,715][12132][log_file.py][line: 23][DEBUG] ## ('-----------QDY4C17818002168___20200427_122925.apk----节点1-----------下载校验结果：True',)
[2020-06-03 16:06:32,853][12132][log_file.py][line: 23][DEBUG] ## ('---------QDY4C17818002168___20200427_122925.apk-------节点2------安装返回结果：True',)
[2020-06-03 16:06:39,259][12132][log_file.py][line: 23][DEBUG] ## ("------------QDY4C17818002168___20200427_122925.apk----节点3---------拆包校验结果：True:['9313c01e1de9f5d6b15e8f96504ebc7e.jpg', '6ff13ae0cd20ccc557f8d451edf15b51.jpg']",)
[2020-06-03 16:06:42,117][4324][log_file.py][line: 23][DEBUG] ## ('---------R8AYIJWO99999999___20200403_185656.apk-------节点2------安装返回结果：True',)
[2020-06-03 16:06:54,121][4324][log_file.py][line: 23][DEBUG] ## ("------------R8AYIJWO99999999___20200403_185656.apk----节点3---------拆包校验结果：True:['0a63d40a3a24dc3e313c2cdd5b0ded65.jpg', '9adaa97cd28684e4651e4a610550c8a3.jpg']",)
[2020-06-03 16:06:54,755][13204][log_file.py][line: 23][DEBUG] ## ('---------R8AYIJWO99999999___20200603_160158.apk-------节点2------安装返回结果：True',)
[2020-06-03 16:07:04,545][13204][log_file.py][line: 23][DEBUG] ## ("------------R8AYIJWO99999999___20200603_160158.apk----节点3---------拆包校验结果：True:['49c81ed464d99245b3105e94aacfbf10.jpg', '98a23e6bc0f5694fb4f0957b2a84b7cd.jpg', '8d2dd4d105003ef4240dbe93efda2c35.jpg', '5da88017da1cc0e5abda9d6c93e1e930.jpg']",)
[2020-06-03 16:07:05,244][13204][log_file.py][line: 23][DEBUG] ## ('R8AYIJWO99999999___20200603_160158.apk_非Dalan_Dsdk渠道包，不走自动化流程',)
[2020-06-03 16:10:00,742][12312][log_file.py][line: 23][DEBUG] ## ('从数据库获取apk链接写入日志', ['http://pkg.superdalan.com/game.pkg/download?pkgId=2496&f=nsmygdtsdk_dalan_dsdk_10_1.0.0_20200427_122925.apk'])
[2020-06-03 16:10:43,884][8156][log_file.py][line: 23][DEBUG] ## ('-----------R8AYIJWO99999999___20200427_122925.apk----节点1-----------下载校验结果：True',)
[2020-06-03 16:11:12,642][8156][log_file.py][line: 23][DEBUG] ## ('---------R8AYIJWO99999999___20200427_122925.apk-------节点2------安装返回结果：True',)
[2020-06-03 16:11:20,385][8156][log_file.py][line: 23][DEBUG] ## ("------------R8AYIJWO99999999___20200427_122925.apk----节点3---------拆包校验结果：True:['9313c01e1de9f5d6b15e8f96504ebc7e.jpg', '6ff13ae0cd20ccc557f8d451edf15b51.jpg']",)
[2020-06-03 16:12:02,525][8156][log_file.py][line: 23][DEBUG] ## ('-----------R8AYIJWO99999999___20200427_122925.apk----节点4----------打开游戏结果:True',)
[2020-06-03 16:12:54,307][8156][log_file.py][line: 23][DEBUG] ## ('-----------R8AYIJWO99999999___20200427_122925.apk----节点5----------登录游戏结果:True',)
[2020-06-03 16:13:30,010][8156][log_file.py][line: 23][DEBUG] ## ('------R8AYIJWO99999999___20200427_122925.apk---节点6-------下单调起微信结果:True',)
[2020-06-03 16:15:00,685][12088][log_file.py][line: 23][DEBUG] ## ('从数据库获取apk链接写入日志', [])
[2020-06-03 16:20:00,694][4276][log_file.py][line: 23][DEBUG] ## ('从数据库获取apk链接写入日志', [])
[2020-06-03 16:25:00,686][11464][log_file.py][line: 23][DEBUG] ## ('从数据库获取apk链接写入日志', [])
[2020-06-03 16:30:00,720][11140][log_file.py][line: 23][DEBUG] ## ('从数据库获取apk链接写入日志', [])
[2020-06-03 16:35:00,673][4328][log_file.py][line: 23][DEBUG] ## ('从数据库获取apk链接写入日志', [])
[2020-06-03 16:40:00,702][12416][log_file.py][line: 23][DEBUG] ## ('从数据库获取apk链接写入日志', ['http://pkg.superdalan.com/game.pkg/download?pkgId=2286&f=jwjtgw_dalan_dsdk_48_1.0.0_20200603_163938.apk'])
[2020-06-03 16:45:00,689][7104][log_file.py][line: 23][DEBUG] ## ('从数据库获取apk链接写入日志', ['http://pkg.superdalan.com/game.pkg/download?pkgId=2286&f=jwjtgw_dalan_dsdk_48_1.0.0_20200603_163938.apk'])
[2020-06-03 16:45:55,150][11736][log_file.py][line: 23][DEBUG] ## ('从数据库获取apk链接写入日志', ['http://pkg.superdalan.com/game.pkg/download?pkgId=2286&f=jwjtgw_dalan_dsdk_48_1.0.0_20200603_163938.apk', 'http://pkg.superdalan.com/game.pkg/download?pkgId=2496&f=nsmygdtsdk_dalan_dsdk_10_1.0.0_20200427_122925.apk'])
[2020-06-03 16:46:07,009][13192][log_file.py][line: 23][DEBUG] ## ('从数据库获取apk链接写入日志', ['http://pkg.superdalan.com/game.pkg/download?pkgId=2286&f=jwjtgw_dalan_dsdk_48_1.0.0_20200603_163938.apk', 'http://pkg.superdalan.com/game.pkg/download?pkgId=2496&f=nsmygdtsdk_dalan_dsdk_10_1.0.0_20200427_122925.apk'])
[2020-06-03 16:46:18,833][7944][log_file.py][line: 23][DEBUG] ## ('-----------QDY4C17818002168___20200427_122925.apk----节点1-----------下载校验结果：True',)
[2020-06-03 16:46:23,092][9248][log_file.py][line: 23][DEBUG] ## ('-----------b5940085___20200603_163938.apk----节点1-----------下载校验结果：True',)
[2020-06-03 16:46:38,494][7944][log_file.py][line: 23][DEBUG] ## ('---------QDY4C17818002168___20200427_122925.apk-------节点2------安装返回结果：True',)
[2020-06-03 16:46:45,105][7944][log_file.py][line: 23][DEBUG] ## ("------------QDY4C17818002168___20200427_122925.apk----节点3---------拆包校验结果：True:['9313c01e1de9f5d6b15e8f96504ebc7e.jpg', '6ff13ae0cd20ccc557f8d451edf15b51.jpg']",)
[2020-06-03 16:46:45,419][9248][log_file.py][line: 23][DEBUG] ## ('---------b5940085___20200603_163938.apk-------节点2------安装返回结果：True',)
[2020-06-03 16:46:53,063][9248][log_file.py][line: 23][DEBUG] ## ("------------b5940085___20200603_163938.apk----节点3---------拆包校验结果：True:['941e74bff974dedd8d5c966f5b9e01ea.jpg', 'cc12f932e8274e9e818f1cabb28797a3.jpg']",)
[2020-06-03 16:47:45,032][7944][log_file.py][line: 23][DEBUG] ## ('-----------QDY4C17818002168___20200427_122925.apk----节点4----------打开游戏结果:True',)
[2020-06-03 16:47:45,567][9248][log_file.py][line: 23][DEBUG] ## ('-----------b5940085___20200603_163938.apk----节点4----------打开游戏结果:True',)
[2020-06-03 16:48:04,553][9248][log_file.py][line: 23][DEBUG] ## ('-----------b5940085___20200603_163938.apk----节点5----------登录游戏结果:False',)
[2020-06-03 16:48:40,371][7944][log_file.py][line: 23][DEBUG] ## ('-----------QDY4C17818002168___20200427_122925.apk----节点5----------登录游戏结果:True',)
[2020-06-03 16:49:13,433][7944][log_file.py][line: 23][DEBUG] ## ('------QDY4C17818002168___20200427_122925.apk---节点6-------下单调起微信结果:False',)
[2020-06-03 16:50:00,685][11812][log_file.py][line: 23][DEBUG] ## ('从数据库获取apk链接写入日志', ['http://pkg.superdalan.com/game.pkg/download?pkgId=2286&f=jwjtgw_dalan_dsdk_48_1.0.0_20200603_163938.apk', 'http://pkg.superdalan.com/game.pkg/download?pkgId=2496&f=nsmygdtsdk_dalan_dsdk_10_1.0.0_20200427_122925.apk'])
[2020-06-03 16:50:15,985][3092][log_file.py][line: 23][DEBUG] ## ('从数据库获取apk链接写入日志', ['http://pkg.superdalan.com/game.pkg/download?pkgId=2286&f=jwjtgw_dalan_dsdk_48_1.0.0_20200603_163938.apk', 'http://pkg.superdalan.com/game.pkg/download?pkgId=2496&f=nsmygdtsdk_dalan_dsdk_10_1.0.0_20200427_122925.apk'])
[2020-06-03 16:50:24,850][5524][log_file.py][line: 23][DEBUG] ## ('-----------b5940085___20200427_122925.apk----节点1-----------下载校验结果：True',)
[2020-06-03 16:50:31,667][6724][log_file.py][line: 23][DEBUG] ## ('-----------54a4c6159804___20200603_163938.apk----节点1-----------下载校验结果：True',)
[2020-06-03 16:50:36,892][5524][log_file.py][line: 23][DEBUG] ## ('---------b5940085___20200427_122925.apk-------节点2------安装返回结果：True',)
[2020-06-03 16:50:43,885][5524][log_file.py][line: 23][DEBUG] ## ("------------b5940085___20200427_122925.apk----节点3---------拆包校验结果：True:['6ff13ae0cd20ccc557f8d451edf15b51.jpg', '9313c01e1de9f5d6b15e8f96504ebc7e.jpg']",)
[2020-06-03 16:51:11,422][6724][log_file.py][line: 23][DEBUG] ## ('---------54a4c6159804___20200603_163938.apk-------节点2------安装返回结果：True',)
[2020-06-03 16:51:18,802][6724][log_file.py][line: 23][DEBUG] ## ("------------54a4c6159804___20200603_163938.apk----节点3---------拆包校验结果：True:['941e74bff974dedd8d5c966f5b9e01ea.jpg', 'cc12f932e8274e9e818f1cabb28797a3.jpg']",)
[2020-06-03 16:51:22,251][5524][log_file.py][line: 23][DEBUG] ## ('-----------b5940085___20200427_122925.apk----节点4----------打开游戏结果:True',)
[2020-06-03 16:51:57,273][5524][log_file.py][line: 23][DEBUG] ## ('-----------b5940085___20200427_122925.apk----节点5----------登录游戏结果:False',)
[2020-06-03 16:53:24,144][6724][log_file.py][line: 23][DEBUG] ## ('-----------54a4c6159804___20200603_163938.apk----节点4----------打开游戏结果:False',)
[2020-06-03 16:55:00,674][5536][log_file.py][line: 23][DEBUG] ## ('从数据库获取apk链接写入日志', ['http://pkg.superdalan.com/game.pkg/download?pkgId=2857&f=fzzjhxjygdt_dalan_xy_dsdk_61_1.0.0_20200603_165705.apk'])
[2020-06-03 17:00:00,706][9028][log_file.py][line: 23][DEBUG] ## ('从数据库获取apk链接写入日志', [])
[2020-06-03 17:05:00,731][10384][log_file.py][line: 23][DEBUG] ## ('从数据库获取apk链接写入日志', ['http://pkg.superdalan.com/game.pkg/download?pkgId=2857&f=fzzjhxjygdt_dalan_xy_dsdk_61_1.0.0_20200603_170632.apk'])
[2020-06-03 17:10:00,695][12652][log_file.py][line: 23][DEBUG] ## ('从数据库获取apk链接写入日志', ['http://pkg.superdalan.com/game.pkg/download?pkgId=2826&f=fzzjmyxlzz2gdtdb_dalan_xy_dsdk_61_1.0.0_20200603_171206.apk', 'http://pkg.superdalan.com/game.pkg/download?pkgId=2828&f=fzzjmyxlzz2gdt_dalan_xy_dsdk_61_1.0.0_20200603_171239.apk', 'http://pkg.superdalan.com/game.pkg/download?pkgId=2829&f=fzzjmyxlzz2tt_dalan_xy_dsdk_61_1.0.0_20200603_171313.apk', 'http://pkg.superdalan.com/game.pkg/download?pkgId=2857&f=fzzjhxjygdt_dalan_xy_dsdk_61_1.0.0_20200603_170632.apk', 'http://pkg.superdalan.com/game.pkg/download?pkgId=2857&f=fzzjhxjygdt_dalan_xy_dsdk_61_1.0.0_20200603_171128.apk'])
[2020-06-03 17:15:00,957][8008][log_file.py][line: 23][DEBUG] ## ('从数据库获取apk链接写入日志', ['http://pkg.superdalan.com/game.pkg/download?pkgId=2826&f=fzzjmyxlzz2gdtdb_dalan_xy_dsdk_61_1.0.0_20200603_171206.apk', 'http://pkg.superdalan.com/game.pkg/download?pkgId=2828&f=fzzjmyxlzz2gdt_dalan_xy_dsdk_61_1.0.0_20200603_171239.apk', 'http://pkg.superdalan.com/game.pkg/download?pkgId=2829&f=fzzjmyxlzz2tt_dalan_xy_dsdk_61_1.0.0_20200603_171313.apk', 'http://pkg.superdalan.com/game.pkg/download?pkgId=2857&f=fzzjhxjygdt_dalan_xy_dsdk_61_1.0.0_20200603_170632.apk', 'http://pkg.superdalan.com/game.pkg/download?pkgId=2857&f=fzzjhxjygdt_dalan_xy_dsdk_61_1.0.0_20200603_171128.apk'])
[2020-06-03 17:20:00,875][5776][log_file.py][line: 23][DEBUG] ## ('从数据库获取apk链接写入日志', ['http://pkg.superdalan.com/game.pkg/download?pkgId=2786&f=chwyfkmxwtest_dalan_xy_dsdk_74_1.0.0_20200603_172206.apk', 'http://pkg.superdalan.com/game.pkg/download?pkgId=2826&f=fzzjmyxlzz2gdtdb_dalan_xy_dsdk_61_1.0.0_20200603_171206.apk', 'http://pkg.superdalan.com/game.pkg/download?pkgId=2828&f=fzzjmyxlzz2gdt_dalan_xy_dsdk_61_1.0.0_20200603_171239.apk', 'http://pkg.superdalan.com/game.pkg/download?pkgId=2829&f=fzzjmyxlzz2tt_dalan_xy_dsdk_61_1.0.0_20200603_171313.apk', 'http://pkg.superdalan.com/game.pkg/download?pkgId=2857&f=fzzjhxjygdt_dalan_xy_dsdk_61_1.0.0_20200603_170632.apk', 'http://pkg.superdalan.com/game.pkg/download?pkgId=2857&f=fzzjhxjygdt_dalan_xy_dsdk_61_1.0.0_20200603_171128.apk'])
[2020-06-03 17:25:00,695][15520][log_file.py][line: 23][DEBUG] ## ('从数据库获取apk链接写入日志', [])
[2020-06-03 17:30:00,683][1884][log_file.py][line: 23][DEBUG] ## ('从数据库获取apk链接写入日志', [])
[2020-06-03 17:35:00,700][16456][log_file.py][line: 23][DEBUG] ## ('从数据库获取apk链接写入日志', [])
[2020-06-03 17:40:00,773][19220][log_file.py][line: 23][DEBUG] ## ('从数据库获取apk链接写入日志', [])
[2020-06-03 17:45:00,689][4552][log_file.py][line: 23][DEBUG] ## ('从数据库获取apk链接写入日志', [])
[2020-06-03 17:50:00,717][20020][log_file.py][line: 23][DEBUG] ## ('从数据库获取apk链接写入日志', [])
[2020-06-03 17:55:00,682][20796][log_file.py][line: 23][DEBUG] ## ('从数据库获取apk链接写入日志', [])
[2020-06-03 18:00:00,711][22320][log_file.py][line: 23][DEBUG] ## ('从数据库获取apk链接写入日志', [])
[2020-06-03 18:05:00,701][25176][log_file.py][line: 23][DEBUG] ## ('从数据库获取apk链接写入日志', [])
[2020-06-03 18:10:00,718][25648][log_file.py][line: 23][DEBUG] ## ('从数据库获取apk链接写入日志', [])
[2020-06-03 18:15:00,673][25984][log_file.py][line: 23][DEBUG] ## ('从数据库获取apk链接写入日志', [])
[2020-06-03 18:20:00,754][28304][log_file.py][line: 23][DEBUG] ## ('从数据库获取apk链接写入日志', ['http://pkg.superdalan.com/game.pkg/download?pkgId=2854&f=xxsyhuawei_biguo_huawei_66_1.0.0_20200603_182105.apk'])
[2020-06-03 18:25:00,673][24832][log_file.py][line: 23][DEBUG] ## ('从数据库获取apk链接写入日志', ['http://pkg.superdalan.com/game.pkg/download?pkgId=2853&f=xxsyvivo_biguo_vivo_66_1.0.0_20200603_182304.apk', 'http://pkg.superdalan.com/game.pkg/download?pkgId=2854&f=xxsyhuawei_biguo_huawei_66_1.0.0_20200603_182105.apk'])
[2020-06-03 18:30:00,743][29568][log_file.py][line: 23][DEBUG] ## ('从数据库获取apk链接写入日志', ['http://pkg.superdalan.com/game.pkg/download?pkgId=2853&f=xxsyvivo_biguo_vivo_66_1.0.0_20200603_182304.apk', 'http://pkg.superdalan.com/game.pkg/download?pkgId=2854&f=xxsyhuawei_biguo_huawei_66_1.0.0_20200603_182105.apk'])
[2020-06-03 18:35:00,720][29536][log_file.py][line: 23][DEBUG] ## ('从数据库获取apk链接写入日志', ['http://pkg.superdalan.com/game.pkg/download?pkgId=2496&f=nsmygdtsdk_dalan_dsdk_10_1.0.0_20200427_122925.apk', 'http://pkg.superdalan.com/game.pkg/download?pkgId=2853&f=xxsyvivo_biguo_vivo_66_1.0.0_20200603_182304.apk', 'http://pkg.superdalan.com/game.pkg/download?pkgId=2854&f=xxsyhuawei_biguo_huawei_66_1.0.0_20200603_182105.apk'])
[2020-06-03 18:35:49,071][13240][log_file.py][line: 23][DEBUG] ## ('-----------54a4c6159804___20200427_122925.apk----节点1-----------下载校验结果：True',)
[2020-06-03 18:35:54,326][30900][log_file.py][line: 23][DEBUG] ## ('-----------R8AYIJWO99999999___20200603_182304.apk----节点1-----------下载校验结果：True',)
[2020-06-03 18:36:10,616][13240][log_file.py][line: 23][DEBUG] ## ('---------54a4c6159804___20200427_122925.apk-------节点2------安装返回结果：True',)
[2020-06-03 18:36:18,567][13240][log_file.py][line: 23][DEBUG] ## ("------------54a4c6159804___20200427_122925.apk----节点3---------拆包校验结果：True:['9313c01e1de9f5d6b15e8f96504ebc7e.jpg', '6ff13ae0cd20ccc557f8d451edf15b51.jpg']",)
[2020-06-03 18:36:58,740][30900][log_file.py][line: 23][DEBUG] ## ('---------R8AYIJWO99999999___20200603_182304.apk-------节点2------安装返回结果：True',)
[2020-06-03 18:37:10,903][30900][log_file.py][line: 23][DEBUG] ## ("------------R8AYIJWO99999999___20200603_182304.apk----节点3---------拆包校验结果：True:['98a23e6bc0f5694fb4f0957b2a84b7cd.jpg', '49c81ed464d99245b3105e94aacfbf10.jpg', '5da88017da1cc0e5abda9d6c93e1e930.jpg', '8d2dd4d105003ef4240dbe93efda2c35.jpg']",)
[2020-06-03 18:37:13,624][30900][log_file.py][line: 23][DEBUG] ## ('R8AYIJWO99999999___20200603_182304.apk_非Dalan_Dsdk渠道包，不走自动化流程',)
[2020-06-03 18:37:34,063][13240][log_file.py][line: 23][DEBUG] ## ('-----------54a4c6159804___20200427_122925.apk----节点4----------打开游戏结果:True',)
[2020-06-03 18:38:13,003][13240][log_file.py][line: 23][DEBUG] ## ('-----------54a4c6159804___20200427_122925.apk----节点5----------登录游戏结果:False',)
[2020-06-03 18:38:25,184][32232][log_file.py][line: 23][DEBUG] ## ('-----------54a4c6159804___20200603_182105.apk----节点1-----------下载校验结果：True',)
[2020-06-03 18:39:01,634][32232][log_file.py][line: 23][DEBUG] ## ('---------54a4c6159804___20200603_182105.apk-------节点2------安装返回结果：True',)
[2020-06-03 18:39:15,080][32232][log_file.py][line: 23][DEBUG] ## ("------------54a4c6159804___20200603_182105.apk----节点3---------拆包校验结果：True:['49c81ed464d99245b3105e94aacfbf10.jpg', '98a23e6bc0f5694fb4f0957b2a84b7cd.jpg', '8d2dd4d105003ef4240dbe93efda2c35.jpg', '5da88017da1cc0e5abda9d6c93e1e930.jpg']",)
[2020-06-03 18:39:15,780][32232][log_file.py][line: 23][DEBUG] ## ('54a4c6159804___20200603_182105.apk_非Dalan_Dsdk渠道包，不走自动化流程',)
[2020-06-03 18:40:00,695][5644][log_file.py][line: 23][DEBUG] ## ('从数据库获取apk链接写入日志', ['http://pkg.superdalan.com/game.pkg/download?pkgId=2496&f=nsmygdtsdk_dalan_dsdk_10_1.0.0_20200427_122925.apk'])
[2020-06-03 18:40:46,373][27580][log_file.py][line: 23][DEBUG] ## ('-----------54a4c6159804___20200427_122925.apk----节点1-----------下载校验结果：True',)
[2020-06-03 18:41:04,717][27580][log_file.py][line: 23][DEBUG] ## ('---------54a4c6159804___20200427_122925.apk-------节点2------安装返回结果：True',)
[2020-06-03 18:41:11,460][27580][log_file.py][line: 23][DEBUG] ## ("------------54a4c6159804___20200427_122925.apk----节点3---------拆包校验结果：True:['9313c01e1de9f5d6b15e8f96504ebc7e.jpg', '6ff13ae0cd20ccc557f8d451edf15b51.jpg']",)
[2020-06-03 18:42:19,014][27580][log_file.py][line: 23][DEBUG] ## ('-----------54a4c6159804___20200427_122925.apk----节点4----------打开游戏结果:True',)
[2020-06-03 18:42:39,304][27580][log_file.py][line: 23][DEBUG] ## ('-----------54a4c6159804___20200427_122925.apk----节点5----------登录游戏结果:False',)
[2020-06-03 18:45:00,713][28660][log_file.py][line: 23][DEBUG] ## ('从数据库获取apk链接写入日志', [])
[2020-06-03 18:50:00,749][31848][log_file.py][line: 23][DEBUG] ## ('从数据库获取apk链接写入日志', [])
[2020-06-03 18:55:00,673][32904][log_file.py][line: 23][DEBUG] ## ('从数据库获取apk链接写入日志', [])
[2020-06-03 19:00:00,694][29720][log_file.py][line: 23][DEBUG] ## ('从数据库获取apk链接写入日志', [])
[2020-06-03 19:05:00,685][31724][log_file.py][line: 23][DEBUG] ## ('从数据库获取apk链接写入日志', [])
[2020-06-03 19:10:00,713][13992][log_file.py][line: 23][DEBUG] ## ('从数据库获取apk链接写入日志', [])
[2020-06-03 19:15:00,782][15060][log_file.py][line: 23][DEBUG] ## ('从数据库获取apk链接写入日志', [])
[2020-06-03 19:20:00,700][33356][log_file.py][line: 23][DEBUG] ## ('从数据库获取apk链接写入日志', [])
[2020-06-03 19:25:00,691][11992][log_file.py][line: 23][DEBUG] ## ('从数据库获取apk链接写入日志', [])
[2020-06-03 19:30:00,740][6152][log_file.py][line: 23][DEBUG] ## ('从数据库获取apk链接写入日志', [])
[2020-06-03 19:35:00,754][32736][log_file.py][line: 23][DEBUG] ## ('从数据库获取apk链接写入日志', [])
[2020-06-03 19:40:00,742][11560][log_file.py][line: 23][DEBUG] ## ('从数据库获取apk链接写入日志', [])
[2020-06-03 19:45:00,716][6056][log_file.py][line: 23][DEBUG] ## ('从数据库获取apk链接写入日志', [])
[2020-06-03 19:50:01,176][28160][log_file.py][line: 23][DEBUG] ## ('从数据库获取apk链接写入日志', [])
[2020-06-03 19:55:00,816][33952][log_file.py][line: 23][DEBUG] ## ('从数据库获取apk链接写入日志', [])
[2020-06-03 20:00:00,703][34348][log_file.py][line: 23][DEBUG] ## ('从数据库获取apk链接写入日志', [])
[2020-06-03 20:05:00,680][33896][log_file.py][line: 23][DEBUG] ## ('从数据库获取apk链接写入日志', [])
[2020-06-03 20:10:00,752][31184][log_file.py][line: 23][DEBUG] ## ('从数据库获取apk链接写入日志', [])
[2020-06-03 20:15:00,742][32888][log_file.py][line: 23][DEBUG] ## ('从数据库获取apk链接写入日志', [])
[2020-06-03 20:20:00,741][12024][log_file.py][line: 23][DEBUG] ## ('从数据库获取apk链接写入日志', [])
[2020-06-03 20:25:00,697][34584][log_file.py][line: 23][DEBUG] ## ('从数据库获取apk链接写入日志', [])
[2020-06-03 20:30:00,710][13140][log_file.py][line: 23][DEBUG] ## ('从数据库获取apk链接写入日志', ['http://pkg.superdalan.com/game.pkg/download?pkgId=2826&f=fzzjmyxlzz2gdtdb_dalan_xy_dsdk_61_1.0.0_20200603_203232.apk'])
[2020-06-03 20:32:42,950][34408][log_file.py][line: 23][DEBUG] ## ('从数据库获取apk链接写入日志', ['http://pkg.superdalan.com/game.pkg/download?pkgId=2067&f=nsmyfx_dalan_dsdk_10_1.0.0_20200527_103331.apk', 'http://pkg.superdalan.com/game.pkg/download?pkgId=2496&f=nsmygdtsdk_dalan_dsdk_10_1.0.0_20200427_122925.apk'])
[2020-06-03 20:32:52,704][5136][log_file.py][line: 23][DEBUG] ## ('-----------b5940085___20200527_103331.apk----节点1-----------下载校验结果：True',)
[2020-06-03 20:32:53,501][34076][log_file.py][line: 23][DEBUG] ## ('-----------R8AYIJWO99999999___20200427_122925.apk----节点1-----------下载校验结果：True',)
[2020-06-03 20:33:05,711][5136][log_file.py][line: 23][DEBUG] ## ('---------b5940085___20200527_103331.apk-------节点2------安装返回结果：True',)
[2020-06-03 20:33:11,205][5136][log_file.py][line: 23][DEBUG] ## ("------------b5940085___20200527_103331.apk----节点3---------拆包校验结果：True:['588b58e5e0c85555e5fa6847236a6610.jpg', '31ed96cab4565a4f8350cf0fa06e1cd2.jpg']",)
[2020-06-03 20:33:33,661][34076][log_file.py][line: 23][DEBUG] ## ('---------R8AYIJWO99999999___20200427_122925.apk-------节点2------安装返回结果：True',)
[2020-06-03 20:33:40,007][34076][log_file.py][line: 23][DEBUG] ## ("------------R8AYIJWO99999999___20200427_122925.apk----节点3---------拆包校验结果：True:['6ff13ae0cd20ccc557f8d451edf15b51.jpg', '9313c01e1de9f5d6b15e8f96504ebc7e.jpg']",)
[2020-06-03 20:34:22,009][34076][log_file.py][line: 23][DEBUG] ## ('-----------R8AYIJWO99999999___20200427_122925.apk----节点4----------打开游戏结果:True',)
[2020-06-03 20:35:00,844][33932][log_file.py][line: 23][DEBUG] ## ('从数据库获取apk链接写入日志', ['http://pkg.superdalan.com/game.pkg/download?pkgId=2067&f=nsmyfx_dalan_dsdk_10_1.0.0_20200527_103331.apk', 'http://pkg.superdalan.com/game.pkg/download?pkgId=2496&f=nsmygdtsdk_dalan_dsdk_10_1.0.0_20200427_122925.apk'])
[2020-06-03 20:35:15,199][34076][log_file.py][line: 23][DEBUG] ## ('-----------R8AYIJWO99999999___20200427_122925.apk----节点5----------登录游戏结果:True',)
[2020-06-03 20:35:18,513][29828][log_file.py][line: 23][DEBUG] ## ('-----------b5940085___20200527_103331.apk----节点1-----------下载校验结果：True',)
[2020-06-03 20:35:18,859][30900][log_file.py][line: 23][DEBUG] ## ('-----------R8AYIJWO99999999___20200427_122925.apk----节点1-----------下载校验结果：True',)
[2020-06-03 20:35:28,186][5136][log_file.py][line: 23][DEBUG] ## ('-----------b5940085___20200527_103331.apk----节点4----------打开游戏结果:False',)
[2020-06-03 20:35:32,384][29828][log_file.py][line: 23][DEBUG] ## ('---------b5940085___20200527_103331.apk-------节点2------安装返回结果：True',)
[2020-06-03 20:35:34,789][34076][log_file.py][line: 23][DEBUG] ## ('------R8AYIJWO99999999___20200427_122925.apk---节点6-------下单调起微信结果:False',)
[2020-06-03 20:35:51,359][29828][log_file.py][line: 23][DEBUG] ## ("------------b5940085___20200527_103331.apk----节点3---------拆包校验结果：True:['588b58e5e0c85555e5fa6847236a6610.jpg', '31ed96cab4565a4f8350cf0fa06e1cd2.jpg']",)
[2020-06-03 20:35:56,257][30900][log_file.py][line: 23][DEBUG] ## ('---------R8AYIJWO99999999___20200427_122925.apk-------节点2------安装返回结果：True',)
[2020-06-03 20:36:04,081][30900][log_file.py][line: 23][DEBUG] ## ("------------R8AYIJWO99999999___20200427_122925.apk----节点3---------拆包校验结果：True:['9313c01e1de9f5d6b15e8f96504ebc7e.jpg', '6ff13ae0cd20ccc557f8d451edf15b51.jpg']",)
[2020-06-03 20:36:45,281][30900][log_file.py][line: 23][DEBUG] ## ('-----------R8AYIJWO99999999___20200427_122925.apk----节点4----------打开游戏结果:True',)
[2020-06-03 20:37:38,446][30900][log_file.py][line: 23][DEBUG] ## ('-----------R8AYIJWO99999999___20200427_122925.apk----节点5----------登录游戏结果:True',)
[2020-06-03 20:38:06,864][29828][log_file.py][line: 23][DEBUG] ## ('-----------b5940085___20200527_103331.apk----节点4----------打开游戏结果:False',)
[2020-06-03 20:38:13,601][30900][log_file.py][line: 23][DEBUG] ## ('------R8AYIJWO99999999___20200427_122925.apk---节点6-------下单调起微信结果:True',)
[2020-06-03 20:40:00,710][34032][log_file.py][line: 23][DEBUG] ## ('从数据库获取apk链接写入日志', [])
[2020-06-03 20:45:00,752][10688][log_file.py][line: 23][DEBUG] ## ('从数据库获取apk链接写入日志', [])
[2020-06-03 20:47:12,671][34696][log_file.py][line: 23][DEBUG] ## ('从数据库获取apk链接写入日志', [])
[2020-06-03 20:47:52,785][34268][log_file.py][line: 23][DEBUG] ## ('从数据库获取apk链接写入日志', ['http://pkg.superdalan.com/game.pkg/download?pkgId=2067&f=nsmyfx_dalan_dsdk_10_1.0.0_20200527_103331.apk', 'http://pkg.superdalan.com/game.pkg/download?pkgId=2111&f=hymsgdtdblt_dalan_dsdk_10_1.0.0_20200320_103041.apk'])
[2020-06-03 20:48:00,674][33672][log_file.py][line: 23][DEBUG] ## ('-----------b5940085___20200527_103331.apk----节点1-----------下载校验结果：True',)
[2020-06-03 20:48:01,961][29788][log_file.py][line: 23][DEBUG] ## ('-----------R8AYIJWO99999999___20200320_103041.apk----节点1-----------下载校验结果：True',)
[2020-06-03 20:48:13,908][33672][log_file.py][line: 23][DEBUG] ## ('---------b5940085___20200527_103331.apk-------节点2------安装返回结果：True',)
[2020-06-03 20:48:18,732][33672][log_file.py][line: 23][DEBUG] ## ("------------b5940085___20200527_103331.apk----节点3---------拆包校验结果：True:['31ed96cab4565a4f8350cf0fa06e1cd2.jpg', '588b58e5e0c85555e5fa6847236a6610.jpg']",)
[2020-06-03 20:48:31,857][29788][log_file.py][line: 23][DEBUG] ## ('---------R8AYIJWO99999999___20200320_103041.apk-------节点2------安装返回结果：True',)
[2020-06-03 20:48:35,301][29788][log_file.py][line: 23][DEBUG] ## ("------------R8AYIJWO99999999___20200320_103041.apk----节点3---------拆包校验结果：True:['8ff6913bc17fd72cd9e9dedcb669c71e.jpg', '8e407692c2da3d825a7f24457305b351.jpg']",)
[2020-06-03 20:49:19,419][29788][log_file.py][line: 23][DEBUG] ## ('-----------R8AYIJWO99999999___20200320_103041.apk----节点4----------打开游戏结果:True',)
[2020-06-03 20:50:00,782][34068][log_file.py][line: 23][DEBUG] ## ('从数据库获取apk链接写入日志', ['http://pkg.superdalan.com/game.pkg/download?pkgId=2067&f=nsmyfx_dalan_dsdk_10_1.0.0_20200527_103331.apk', 'http://pkg.superdalan.com/game.pkg/download?pkgId=2111&f=hymsgdtdblt_dalan_dsdk_10_1.0.0_20200320_103041.apk'])
[2020-06-03 20:50:11,077][29788][log_file.py][line: 23][DEBUG] ## ('-----------R8AYIJWO99999999___20200320_103041.apk----节点5----------登录游戏结果:True',)
[2020-06-03 20:50:46,939][29788][log_file.py][line: 23][DEBUG] ## ('------R8AYIJWO99999999___20200320_103041.apk---节点6-------下单调起微信结果:True',)
[2020-06-03 20:55:00,829][32492][log_file.py][line: 23][DEBUG] ## ('从数据库获取apk链接写入日志', ['http://pkg.superdalan.com/game.pkg/download?pkgId=2067&f=nsmyfx_dalan_dsdk_10_1.0.0_20200527_103331.apk'])
[2020-06-03 20:57:25,864][14736][log_file.py][line: 23][DEBUG] ## ('从数据库获取apk链接写入日志', ['http://pkg.superdalan.com/game.pkg/download?pkgId=2067&f=nsmyfx_dalan_dsdk_10_1.0.0_20200527_103331.apk', 'http://pkg.superdalan.com/game.pkg/download?pkgId=2111&f=hymsgdtdblt_dalan_dsdk_10_1.0.0_20200320_103041.apk'])
[2020-06-03 20:58:43,682][33440][log_file.py][line: 23][DEBUG] ## ('从数据库获取apk链接写入日志', ['http://pkg.superdalan.com/game.pkg/download?pkgId=2067&f=nsmyfx_dalan_dsdk_10_1.0.0_20200527_103331.apk', 'http://pkg.superdalan.com/game.pkg/download?pkgId=2111&f=hymsgdtdblt_dalan_dsdk_10_1.0.0_20200320_103041.apk'])
[2020-06-03 20:58:50,516][32788][log_file.py][line: 23][DEBUG] ## ('-----------R8AYIJWO99999999___20200320_103041.apk----节点1-----------下载校验结果：True',)
[2020-06-03 20:58:50,958][5600][log_file.py][line: 23][DEBUG] ## ('-----------b5940085___20200527_103331.apk----节点1-----------下载校验结果：True',)
[2020-06-03 20:59:04,201][5600][log_file.py][line: 23][DEBUG] ## ('---------b5940085___20200527_103331.apk-------节点2------安装返回结果：True',)
[2020-06-03 20:59:08,604][5600][log_file.py][line: 23][DEBUG] ## ("------------b5940085___20200527_103331.apk----节点3---------拆包校验结果：True:['588b58e5e0c85555e5fa6847236a6610.jpg', '31ed96cab4565a4f8350cf0fa06e1cd2.jpg']",)
[2020-06-03 20:59:21,324][32788][log_file.py][line: 23][DEBUG] ## ('---------R8AYIJWO99999999___20200320_103041.apk-------节点2------安装返回结果：True',)
[2020-06-03 20:59:24,441][32788][log_file.py][line: 23][DEBUG] ## ("------------R8AYIJWO99999999___20200320_103041.apk----节点3---------拆包校验结果：True:['8ff6913bc17fd72cd9e9dedcb669c71e.jpg', '8e407692c2da3d825a7f24457305b351.jpg']",)
[2020-06-03 21:00:00,747][33624][log_file.py][line: 23][DEBUG] ## ('从数据库获取apk链接写入日志', ['http://pkg.superdalan.com/game.pkg/download?pkgId=2067&f=nsmyfx_dalan_dsdk_10_1.0.0_20200527_103331.apk', 'http://pkg.superdalan.com/game.pkg/download?pkgId=2111&f=hymsgdtdblt_dalan_dsdk_10_1.0.0_20200320_103041.apk'])
[2020-06-03 21:00:08,920][32788][log_file.py][line: 23][DEBUG] ## ('-----------R8AYIJWO99999999___20200320_103041.apk----节点4----------打开游戏结果:True',)
[2020-06-03 21:01:01,403][32788][log_file.py][line: 23][DEBUG] ## ('-----------R8AYIJWO99999999___20200320_103041.apk----节点5----------登录游戏结果:True',)
[2020-06-03 21:01:37,893][32788][log_file.py][line: 23][DEBUG] ## ('------R8AYIJWO99999999___20200320_103041.apk---节点6-------下单调起微信结果:True',)
[2020-06-03 21:05:00,639][15088][log_file.py][line: 23][DEBUG] ## ('从数据库获取apk链接写入日志', ['http://pkg.superdalan.com/game.pkg/download?pkgId=2067&f=nsmyfx_dalan_dsdk_10_1.0.0_20200527_103331.apk'])
[2020-06-03 21:09:53,376][34176][log_file.py][line: 23][DEBUG] ## ('从数据库获取apk链接写入日志', ['http://pkg.superdalan.com/game.pkg/download?pkgId=2111&f=hymsgdtdblt_dalan_dsdk_10_1.0.0_20200320_103041.apk'])
[2020-06-03 21:09:59,202][32248][log_file.py][line: 23][DEBUG] ## ('-----------b5940085___20200320_103041.apk----节点1-----------下载校验结果：True',)
[2020-06-03 21:10:00,685][34076][log_file.py][line: 23][DEBUG] ## ('从数据库获取apk链接写入日志', ['http://pkg.superdalan.com/game.pkg/download?pkgId=2111&f=hymsgdtdblt_dalan_dsdk_10_1.0.0_20200320_103041.apk'])
[2020-06-03 21:10:04,818][32248][log_file.py][line: 23][DEBUG] ## ('---------b5940085___20200320_103041.apk-------节点2------安装返回结果：包名获取失败_原因apk损坏',)
[2020-06-03 21:10:20,074][12652][log_file.py][line: 23][DEBUG] ## ('从数据库获取apk链接写入日志', [])
[2020-06-03 21:10:26,585][10448][log_file.py][line: 23][DEBUG] ## ('从数据库获取apk链接写入日志', ['http://pkg.superdalan.com/game.pkg/download?pkgId=2111&f=hymsgdtdblt_dalan_dsdk_10_1.0.0_20200320_103041.apk'])
[2020-06-03 21:10:31,429][33344][log_file.py][line: 23][DEBUG] ## ('-----------b5940085___20200320_103041.apk----节点1-----------下载校验结果：True',)
[2020-06-03 21:10:42,888][33344][log_file.py][line: 23][DEBUG] ## ('---------b5940085___20200320_103041.apk-------节点2------安装返回结果：True',)
[2020-06-03 21:10:46,101][33344][log_file.py][line: 23][DEBUG] ## ("------------b5940085___20200320_103041.apk----节点3---------拆包校验结果：True:['8ff6913bc17fd72cd9e9dedcb669c71e.jpg', '8e407692c2da3d825a7f24457305b351.jpg']",)
[2020-06-03 21:13:49,727][34128][log_file.py][line: 23][DEBUG] ## ('从数据库获取apk链接写入日志', ['http://pkg.superdalan.com/game.pkg/download?pkgId=2111&f=hymsgdtdblt_dalan_dsdk_10_1.0.0_20200320_103041.apk'])
[2020-06-03 21:13:54,746][32684][log_file.py][line: 23][DEBUG] ## ('-----------b5940085___20200320_103041.apk----节点1-----------下载校验结果：True',)
[2020-06-03 21:14:07,634][32684][log_file.py][line: 23][DEBUG] ## ('---------b5940085___20200320_103041.apk-------节点2------安装返回结果：True',)
[2020-06-03 21:14:11,330][32684][log_file.py][line: 23][DEBUG] ## ("------------b5940085___20200320_103041.apk----节点3---------拆包校验结果：True:['8e407692c2da3d825a7f24457305b351.jpg', '8ff6913bc17fd72cd9e9dedcb669c71e.jpg']",)
[2020-06-03 21:15:00,665][12024][log_file.py][line: 23][DEBUG] ## ('从数据库获取apk链接写入日志', ['http://pkg.superdalan.com/game.pkg/download?pkgId=2111&f=hymsgdtdblt_dalan_dsdk_10_1.0.0_20200320_103041.apk'])
[2020-06-03 21:20:00,709][29504][log_file.py][line: 23][DEBUG] ## ('从数据库获取apk链接写入日志', ['http://pkg.superdalan.com/game.pkg/download?pkgId=2111&f=hymsgdtdblt_dalan_dsdk_10_1.0.0_20200320_103041.apk'])
[2020-06-03 21:20:08,032][34124][log_file.py][line: 23][DEBUG] ## ('-----------b5940085___20200320_103041.apk----节点1-----------下载校验结果：True',)
[2020-06-03 21:20:20,607][34124][log_file.py][line: 23][DEBUG] ## ('---------b5940085___20200320_103041.apk-------节点2------安装返回结果：True',)
[2020-06-03 21:20:24,897][34124][log_file.py][line: 23][DEBUG] ## ("------------b5940085___20200320_103041.apk----节点3---------拆包校验结果：True:['8ff6913bc17fd72cd9e9dedcb669c71e.jpg', '8e407692c2da3d825a7f24457305b351.jpg']",)
[2020-06-03 21:22:49,397][30952][log_file.py][line: 23][DEBUG] ## ('从数据库获取apk链接写入日志', ['http://pkg.superdalan.com/game.pkg/download?pkgId=2111&f=hymsgdtdblt_dalan_dsdk_10_1.0.0_20200320_103041.apk'])
[2020-06-03 21:22:54,855][34492][log_file.py][line: 23][DEBUG] ## ('-----------b5940085___20200320_103041.apk----节点1-----------下载校验结果：True',)
[2020-06-03 21:23:07,904][34492][log_file.py][line: 23][DEBUG] ## ('---------b5940085___20200320_103041.apk-------节点2------安装返回结果：True',)
[2020-06-03 21:23:11,172][34492][log_file.py][line: 23][DEBUG] ## ("------------b5940085___20200320_103041.apk----节点3---------拆包校验结果：True:['8e407692c2da3d825a7f24457305b351.jpg', '8ff6913bc17fd72cd9e9dedcb669c71e.jpg']",)
[2020-06-03 21:23:52,740][34492][log_file.py][line: 23][DEBUG] ## ('-----------b5940085___20200320_103041.apk----节点4----------打开游戏结果:True',)
[2020-06-03 21:25:00,739][34116][log_file.py][line: 23][DEBUG] ## ('从数据库获取apk链接写入日志', ['http://pkg.superdalan.com/game.pkg/download?pkgId=2111&f=hymsgdtdblt_dalan_dsdk_10_1.0.0_20200320_103041.apk'])
[2020-06-03 21:30:00,693][34224][log_file.py][line: 23][DEBUG] ## ('从数据库获取apk链接写入日志', ['http://pkg.superdalan.com/game.pkg/download?pkgId=2111&f=hymsgdtdblt_dalan_dsdk_10_1.0.0_20200320_103041.apk'])
[2020-06-03 21:35:00,665][34484][log_file.py][line: 23][DEBUG] ## ('从数据库获取apk链接写入日志', ['http://pkg.superdalan.com/game.pkg/download?pkgId=2111&f=hymsgdtdblt_dalan_dsdk_10_1.0.0_20200320_103041.apk'])
[2020-06-03 21:36:04,894][15252][log_file.py][line: 23][DEBUG] ## ('从数据库获取apk链接写入日志', ['http://pkg.superdalan.com/game.pkg/download?pkgId=2520&f=shfy2gdtsdk_dalan_dsdk_10_1.0.0_20200521_150112.apk'])
[2020-06-03 21:36:09,753][30684][log_file.py][line: 23][DEBUG] ## ('-----------b5940085___20200521_150112.apk----节点1-----------下载校验结果：True',)
[2020-06-03 21:36:23,737][30684][log_file.py][line: 23][DEBUG] ## ('---------b5940085___20200521_150112.apk-------节点2------安装返回结果：True',)
[2020-06-03 21:36:31,040][30684][log_file.py][line: 23][DEBUG] ## ("------------b5940085___20200521_150112.apk----节点3---------拆包校验结果：True:['e87360d110b2a13169acd004f42933d2.jpg', '4327532fd530ff1469f890e72235265b.jpg']",)
[2020-06-03 21:37:12,255][30684][log_file.py][line: 23][DEBUG] ## ('-----------b5940085___20200521_150112.apk----节点4----------打开游戏结果:True',)
[2020-06-03 21:40:00,730][33932][log_file.py][line: 23][DEBUG] ## ('从数据库获取apk链接写入日志', ['http://pkg.superdalan.com/game.pkg/download?pkgId=2520&f=shfy2gdtsdk_dalan_dsdk_10_1.0.0_20200521_150112.apk'])
[2020-06-03 21:45:00,729][25404][log_file.py][line: 23][DEBUG] ## ('从数据库获取apk链接写入日志', ['http://pkg.superdalan.com/game.pkg/download?pkgId=2520&f=shfy2gdtsdk_dalan_dsdk_10_1.0.0_20200521_150112.apk'])
[2020-06-03 21:47:39,567][15712][log_file.py][line: 23][DEBUG] ## ('从数据库获取apk链接写入日志', ['http://pkg.superdalan.com/game.pkg/download?pkgId=2520&f=shfy2gdtsdk_dalan_dsdk_10_1.0.0_20200521_150112.apk'])
[2020-06-03 21:47:44,366][16016][log_file.py][line: 23][DEBUG] ## ('-----------b5940085___20200521_150112.apk----节点1-----------下载校验结果：True',)
[2020-06-03 21:47:57,123][16016][log_file.py][line: 23][DEBUG] ## ('---------b5940085___20200521_150112.apk-------节点2------安装返回结果：True',)
[2020-06-03 21:48:04,593][16016][log_file.py][line: 23][DEBUG] ## ("------------b5940085___20200521_150112.apk----节点3---------拆包校验结果：True:['4327532fd530ff1469f890e72235265b.jpg', 'e87360d110b2a13169acd004f42933d2.jpg']",)
[2020-06-03 21:48:45,981][16016][log_file.py][line: 23][DEBUG] ## ('-----------b5940085___20200521_150112.apk----节点4----------打开游戏结果:True',)
[2020-06-03 21:50:00,695][34556][log_file.py][line: 23][DEBUG] ## ('从数据库获取apk链接写入日志', ['http://pkg.superdalan.com/game.pkg/download?pkgId=2520&f=shfy2gdtsdk_dalan_dsdk_10_1.0.0_20200521_150112.apk'])
[2020-06-03 21:50:47,079][34788][log_file.py][line: 23][DEBUG] ## ('从数据库获取apk链接写入日志', ['http://pkg.superdalan.com/game.pkg/download?pkgId=2520&f=shfy2gdtsdk_dalan_dsdk_10_1.0.0_20200521_150112.apk'])
[2020-06-03 21:50:51,849][12960][log_file.py][line: 23][DEBUG] ## ('-----------b5940085___20200521_150112.apk----节点1-----------下载校验结果：True',)
[2020-06-03 21:51:05,046][12960][log_file.py][line: 23][DEBUG] ## ('---------b5940085___20200521_150112.apk-------节点2------安装返回结果：True',)
[2020-06-03 21:51:12,295][12960][log_file.py][line: 23][DEBUG] ## ("------------b5940085___20200521_150112.apk----节点3---------拆包校验结果：True:['e87360d110b2a13169acd004f42933d2.jpg', '4327532fd530ff1469f890e72235265b.jpg']",)
[2020-06-03 21:51:53,596][12960][log_file.py][line: 23][DEBUG] ## ('-----------b5940085___20200521_150112.apk----节点4----------打开游戏结果:True',)
[2020-06-03 21:55:00,679][34440][log_file.py][line: 23][DEBUG] ## ('从数据库获取apk链接写入日志', ['http://pkg.superdalan.com/game.pkg/download?pkgId=2520&f=shfy2gdtsdk_dalan_dsdk_10_1.0.0_20200521_150112.apk'])
[2020-06-03 21:55:48,658][34168][log_file.py][line: 23][DEBUG] ## ('从数据库获取apk链接写入日志', ['http://pkg.superdalan.com/game.pkg/download?pkgId=2520&f=shfy2gdtsdk_dalan_dsdk_10_1.0.0_20200521_150112.apk'])
[2020-06-03 21:55:53,821][33980][log_file.py][line: 23][DEBUG] ## ('-----------b5940085___20200521_150112.apk----节点1-----------下载校验结果：True',)
[2020-06-03 21:56:07,072][33980][log_file.py][line: 23][DEBUG] ## ('---------b5940085___20200521_150112.apk-------节点2------安装返回结果：True',)
[2020-06-03 21:56:15,208][33980][log_file.py][line: 23][DEBUG] ## ("------------b5940085___20200521_150112.apk----节点3---------拆包校验结果：True:['e87360d110b2a13169acd004f42933d2.jpg', '4327532fd530ff1469f890e72235265b.jpg']",)
[2020-06-03 21:56:56,682][33980][log_file.py][line: 23][DEBUG] ## ('-----------b5940085___20200521_150112.apk----节点4----------打开游戏结果:True',)
[2020-06-03 22:00:00,838][33632][log_file.py][line: 23][DEBUG] ## ('从数据库获取apk链接写入日志', ['http://pkg.superdalan.com/game.pkg/download?pkgId=2520&f=shfy2gdtsdk_dalan_dsdk_10_1.0.0_20200521_150112.apk'])
[2020-06-03 22:05:00,669][34804][log_file.py][line: 23][DEBUG] ## ('从数据库获取apk链接写入日志', ['http://pkg.superdalan.com/game.pkg/download?pkgId=2520&f=shfy2gdtsdk_dalan_dsdk_10_1.0.0_20200521_150112.apk'])
[2020-06-03 22:06:13,875][26676][log_file.py][line: 23][DEBUG] ## ('从数据库获取apk链接写入日志', ['http://pkg.superdalan.com/game.pkg/download?pkgId=2520&f=shfy2gdtsdk_dalan_dsdk_10_1.0.0_20200521_150112.apk'])
[2020-06-03 22:06:19,189][34224][log_file.py][line: 23][DEBUG] ## ('-----------b5940085___20200521_150112.apk----节点1-----------下载校验结果：True',)
[2020-06-03 22:06:32,742][34224][log_file.py][line: 23][DEBUG] ## ('---------b5940085___20200521_150112.apk-------节点2------安装返回结果：True',)
[2020-06-03 22:06:40,034][34224][log_file.py][line: 23][DEBUG] ## ("------------b5940085___20200521_150112.apk----节点3---------拆包校验结果：True:['e87360d110b2a13169acd004f42933d2.jpg', '4327532fd530ff1469f890e72235265b.jpg']",)
[2020-06-03 22:07:22,784][34224][log_file.py][line: 23][DEBUG] ## ('-----------b5940085___20200521_150112.apk----节点4----------打开游戏结果:True',)
[2020-06-03 22:10:00,677][33016][log_file.py][line: 23][DEBUG] ## ('从数据库获取apk链接写入日志', ['http://pkg.superdalan.com/game.pkg/download?pkgId=2520&f=shfy2gdtsdk_dalan_dsdk_10_1.0.0_20200521_150112.apk'])
[2020-06-03 22:10:38,757][34192][log_file.py][line: 23][DEBUG] ## ('-----------b5940085___20200521_150112.apk----节点1-----------下载校验结果：True',)
[2020-06-03 22:10:51,689][34192][log_file.py][line: 23][DEBUG] ## ('---------b5940085___20200521_150112.apk-------节点2------安装返回结果：True',)
[2020-06-03 22:10:59,344][34192][log_file.py][line: 23][DEBUG] ## ("------------b5940085___20200521_150112.apk----节点3---------拆包校验结果：True:['4327532fd530ff1469f890e72235265b.jpg', 'e87360d110b2a13169acd004f42933d2.jpg']",)
[2020-06-03 22:11:41,236][34192][log_file.py][line: 23][DEBUG] ## ('-----------b5940085___20200521_150112.apk----节点4----------打开游戏结果:True',)
[2020-06-03 22:15:00,689][33984][log_file.py][line: 23][DEBUG] ## ('从数据库获取apk链接写入日志', ['http://pkg.superdalan.com/game.pkg/download?pkgId=2520&f=shfy2gdtsdk_dalan_dsdk_10_1.0.0_20200521_150112.apk'])
[2020-06-03 22:15:38,372][27580][log_file.py][line: 23][DEBUG] ## ('-----------b5940085___20200521_150112.apk----节点1-----------下载校验结果：True',)
[2020-06-03 22:15:51,400][27580][log_file.py][line: 23][DEBUG] ## ('---------b5940085___20200521_150112.apk-------节点2------安装返回结果：True',)
[2020-06-03 22:15:58,493][27580][log_file.py][line: 23][DEBUG] ## ("------------b5940085___20200521_150112.apk----节点3---------拆包校验结果：True:['4327532fd530ff1469f890e72235265b.jpg', 'e87360d110b2a13169acd004f42933d2.jpg']",)
[2020-06-03 22:16:40,671][27580][log_file.py][line: 23][DEBUG] ## ('-----------b5940085___20200521_150112.apk----节点4----------打开游戏结果:True',)
[2020-06-03 22:20:00,715][33412][log_file.py][line: 23][DEBUG] ## ('从数据库获取apk链接写入日志', ['http://pkg.superdalan.com/game.pkg/download?pkgId=2520&f=shfy2gdtsdk_dalan_dsdk_10_1.0.0_20200521_150112.apk'])
[2020-06-03 22:20:37,867][10936][log_file.py][line: 23][DEBUG] ## ('-----------b5940085___20200521_150112.apk----节点1-----------下载校验结果：True',)
[2020-06-03 22:20:51,804][10936][log_file.py][line: 23][DEBUG] ## ('---------b5940085___20200521_150112.apk-------节点2------安装返回结果：True',)
[2020-06-03 22:21:03,650][10936][log_file.py][line: 23][DEBUG] ## ("------------b5940085___20200521_150112.apk----节点3---------拆包校验结果：True:['4327532fd530ff1469f890e72235265b.jpg', 'e87360d110b2a13169acd004f42933d2.jpg']",)
[2020-06-03 22:21:45,021][10936][log_file.py][line: 23][DEBUG] ## ('-----------b5940085___20200521_150112.apk----节点4----------打开游戏结果:True',)
[2020-06-03 22:25:00,719][31444][log_file.py][line: 23][DEBUG] ## ('从数据库获取apk链接写入日志', ['http://pkg.superdalan.com/game.pkg/download?pkgId=2520&f=shfy2gdtsdk_dalan_dsdk_10_1.0.0_20200521_150112.apk'])
[2020-06-03 22:25:36,930][34432][log_file.py][line: 23][DEBUG] ## ('-----------b5940085___20200521_150112.apk----节点1-----------下载校验结果：True',)
[2020-06-03 22:25:49,921][34432][log_file.py][line: 23][DEBUG] ## ('---------b5940085___20200521_150112.apk-------节点2------安装返回结果：True',)
[2020-06-03 22:25:57,357][34432][log_file.py][line: 23][DEBUG] ## ("------------b5940085___20200521_150112.apk----节点3---------拆包校验结果：True:['4327532fd530ff1469f890e72235265b.jpg', 'e87360d110b2a13169acd004f42933d2.jpg']",)
[2020-06-03 22:26:38,901][34432][log_file.py][line: 23][DEBUG] ## ('-----------b5940085___20200521_150112.apk----节点4----------打开游戏结果:True',)
[2020-06-03 22:30:00,691][15196][log_file.py][line: 23][DEBUG] ## ('从数据库获取apk链接写入日志', ['http://pkg.superdalan.com/game.pkg/download?pkgId=2520&f=shfy2gdtsdk_dalan_dsdk_10_1.0.0_20200521_150112.apk'])
[2020-06-03 22:30:38,075][14244][log_file.py][line: 23][DEBUG] ## ('-----------b5940085___20200521_150112.apk----节点1-----------下载校验结果：True',)
[2020-06-03 22:30:50,640][14244][log_file.py][line: 23][DEBUG] ## ('---------b5940085___20200521_150112.apk-------节点2------安装返回结果：True',)
[2020-06-03 22:30:57,948][14244][log_file.py][line: 23][DEBUG] ## ("------------b5940085___20200521_150112.apk----节点3---------拆包校验结果：True:['4327532fd530ff1469f890e72235265b.jpg', 'e87360d110b2a13169acd004f42933d2.jpg']",)
[2020-06-03 22:31:39,328][14244][log_file.py][line: 23][DEBUG] ## ('-----------b5940085___20200521_150112.apk----节点4----------打开游戏结果:True',)
[2020-06-03 22:35:00,673][34572][log_file.py][line: 23][DEBUG] ## ('从数据库获取apk链接写入日志', ['http://pkg.superdalan.com/game.pkg/download?pkgId=2520&f=shfy2gdtsdk_dalan_dsdk_10_1.0.0_20200521_150112.apk'])
[2020-06-03 22:35:38,337][34464][log_file.py][line: 23][DEBUG] ## ('-----------b5940085___20200521_150112.apk----节点1-----------下载校验结果：True',)
[2020-06-03 22:35:51,031][34464][log_file.py][line: 23][DEBUG] ## ('---------b5940085___20200521_150112.apk-------节点2------安装返回结果：True',)
[2020-06-03 22:35:58,067][34464][log_file.py][line: 23][DEBUG] ## ("------------b5940085___20200521_150112.apk----节点3---------拆包校验结果：True:['4327532fd530ff1469f890e72235265b.jpg', 'e87360d110b2a13169acd004f42933d2.jpg']",)
[2020-06-03 22:36:39,422][34464][log_file.py][line: 23][DEBUG] ## ('-----------b5940085___20200521_150112.apk----节点4----------打开游戏结果:True',)
[2020-06-03 22:40:00,694][34128][log_file.py][line: 23][DEBUG] ## ('从数据库获取apk链接写入日志', ['http://pkg.superdalan.com/game.pkg/download?pkgId=2520&f=shfy2gdtsdk_dalan_dsdk_10_1.0.0_20200521_150112.apk'])
[2020-06-03 22:40:38,917][12024][log_file.py][line: 23][DEBUG] ## ('-----------b5940085___20200521_150112.apk----节点1-----------下载校验结果：True',)
[2020-06-03 22:40:51,980][12024][log_file.py][line: 23][DEBUG] ## ('---------b5940085___20200521_150112.apk-------节点2------安装返回结果：True',)
[2020-06-03 22:40:59,260][12024][log_file.py][line: 23][DEBUG] ## ("------------b5940085___20200521_150112.apk----节点3---------拆包校验结果：True:['4327532fd530ff1469f890e72235265b.jpg', 'e87360d110b2a13169acd004f42933d2.jpg']",)
[2020-06-03 22:41:41,034][12024][log_file.py][line: 23][DEBUG] ## ('-----------b5940085___20200521_150112.apk----节点4----------打开游戏结果:True',)
[2020-06-03 22:45:00,692][34116][log_file.py][line: 23][DEBUG] ## ('从数据库获取apk链接写入日志', ['http://pkg.superdalan.com/game.pkg/download?pkgId=2520&f=shfy2gdtsdk_dalan_dsdk_10_1.0.0_20200521_150112.apk'])
[2020-06-03 22:45:37,881][31108][log_file.py][line: 23][DEBUG] ## ('-----------b5940085___20200521_150112.apk----节点1-----------下载校验结果：True',)
[2020-06-03 22:45:51,689][31108][log_file.py][line: 23][DEBUG] ## ('---------b5940085___20200521_150112.apk-------节点2------安装返回结果：True',)
[2020-06-03 22:45:59,556][31108][log_file.py][line: 23][DEBUG] ## ("------------b5940085___20200521_150112.apk----节点3---------拆包校验结果：True:['4327532fd530ff1469f890e72235265b.jpg', 'e87360d110b2a13169acd004f42933d2.jpg']",)
[2020-06-03 22:46:41,079][31108][log_file.py][line: 23][DEBUG] ## ('-----------b5940085___20200521_150112.apk----节点4----------打开游戏结果:True',)
[2020-06-03 22:50:00,851][33460][log_file.py][line: 23][DEBUG] ## ('从数据库获取apk链接写入日志', ['http://pkg.superdalan.com/game.pkg/download?pkgId=2520&f=shfy2gdtsdk_dalan_dsdk_10_1.0.0_20200521_150112.apk'])
[2020-06-03 22:50:39,157][11776][log_file.py][line: 23][DEBUG] ## ('-----------b5940085___20200521_150112.apk----节点1-----------下载校验结果：True',)
[2020-06-03 22:50:52,404][11776][log_file.py][line: 23][DEBUG] ## ('---------b5940085___20200521_150112.apk-------节点2------安装返回结果：True',)
[2020-06-03 22:51:01,619][11776][log_file.py][line: 23][DEBUG] ## ("------------b5940085___20200521_150112.apk----节点3---------拆包校验结果：True:['e87360d110b2a13169acd004f42933d2.jpg', '4327532fd530ff1469f890e72235265b.jpg']",)
[2020-06-03 22:51:43,140][11776][log_file.py][line: 23][DEBUG] ## ('-----------b5940085___20200521_150112.apk----节点4----------打开游戏结果:True',)
[2020-06-03 22:55:00,704][31024][log_file.py][line: 23][DEBUG] ## ('从数据库获取apk链接写入日志', ['http://pkg.superdalan.com/game.pkg/download?pkgId=2520&f=shfy2gdtsdk_dalan_dsdk_10_1.0.0_20200521_150112.apk'])
[2020-06-03 22:55:37,766][33884][log_file.py][line: 23][DEBUG] ## ('-----------b5940085___20200521_150112.apk----节点1-----------下载校验结果：True',)
[2020-06-03 22:55:51,116][33884][log_file.py][line: 23][DEBUG] ## ('---------b5940085___20200521_150112.apk-------节点2------安装返回结果：True',)
[2020-06-03 22:55:58,109][33884][log_file.py][line: 23][DEBUG] ## ("------------b5940085___20200521_150112.apk----节点3---------拆包校验结果：True:['e87360d110b2a13169acd004f42933d2.jpg', '4327532fd530ff1469f890e72235265b.jpg']",)
[2020-06-03 22:56:40,018][33884][log_file.py][line: 23][DEBUG] ## ('-----------b5940085___20200521_150112.apk----节点4----------打开游戏结果:True',)
[2020-06-03 23:00:00,674][15488][log_file.py][line: 23][DEBUG] ## ('从数据库获取apk链接写入日志', ['http://pkg.superdalan.com/game.pkg/download?pkgId=2520&f=shfy2gdtsdk_dalan_dsdk_10_1.0.0_20200521_150112.apk'])
[2020-06-03 23:00:38,592][29788][log_file.py][line: 23][DEBUG] ## ('-----------b5940085___20200521_150112.apk----节点1-----------下载校验结果：True',)
[2020-06-03 23:00:52,948][29788][log_file.py][line: 23][DEBUG] ## ('---------b5940085___20200521_150112.apk-------节点2------安装返回结果：True',)
[2020-06-03 23:01:02,092][29788][log_file.py][line: 23][DEBUG] ## ("------------b5940085___20200521_150112.apk----节点3---------拆包校验结果：True:['e87360d110b2a13169acd004f42933d2.jpg', '4327532fd530ff1469f890e72235265b.jpg']",)
[2020-06-03 23:01:43,815][29788][log_file.py][line: 23][DEBUG] ## ('-----------b5940085___20200521_150112.apk----节点4----------打开游戏结果:True',)
[2020-06-03 23:05:00,710][34160][log_file.py][line: 23][DEBUG] ## ('从数据库获取apk链接写入日志', ['http://pkg.superdalan.com/game.pkg/download?pkgId=2520&f=shfy2gdtsdk_dalan_dsdk_10_1.0.0_20200521_150112.apk'])
[2020-06-03 23:05:38,319][34376][log_file.py][line: 23][DEBUG] ## ('-----------b5940085___20200521_150112.apk----节点1-----------下载校验结果：True',)
[2020-06-03 23:05:51,294][34376][log_file.py][line: 23][DEBUG] ## ('---------b5940085___20200521_150112.apk-------节点2------安装返回结果：True',)
[2020-06-03 23:05:58,405][34376][log_file.py][line: 23][DEBUG] ## ("------------b5940085___20200521_150112.apk----节点3---------拆包校验结果：True:['e87360d110b2a13169acd004f42933d2.jpg', '4327532fd530ff1469f890e72235265b.jpg']",)
[2020-06-03 23:06:39,918][34376][log_file.py][line: 23][DEBUG] ## ('-----------b5940085___20200521_150112.apk----节点4----------打开游戏结果:True',)
[2020-06-03 23:10:00,663][10480][log_file.py][line: 23][DEBUG] ## ('从数据库获取apk链接写入日志', ['http://pkg.superdalan.com/game.pkg/download?pkgId=2520&f=shfy2gdtsdk_dalan_dsdk_10_1.0.0_20200521_150112.apk'])
[2020-06-03 23:10:37,445][11232][log_file.py][line: 23][DEBUG] ## ('-----------b5940085___20200521_150112.apk----节点1-----------下载校验结果：True',)
[2020-06-03 23:10:50,739][11232][log_file.py][line: 23][DEBUG] ## ('---------b5940085___20200521_150112.apk-------节点2------安装返回结果：True',)
[2020-06-03 23:10:59,885][11232][log_file.py][line: 23][DEBUG] ## ("------------b5940085___20200521_150112.apk----节点3---------拆包校验结果：True:['4327532fd530ff1469f890e72235265b.jpg', 'e87360d110b2a13169acd004f42933d2.jpg']",)
[2020-06-03 23:11:41,659][11232][log_file.py][line: 23][DEBUG] ## ('-----------b5940085___20200521_150112.apk----节点4----------打开游戏结果:True',)
[2020-06-03 23:15:00,673][33912][log_file.py][line: 23][DEBUG] ## ('从数据库获取apk链接写入日志', ['http://pkg.superdalan.com/game.pkg/download?pkgId=2520&f=shfy2gdtsdk_dalan_dsdk_10_1.0.0_20200521_150112.apk'])
[2020-06-03 23:15:38,132][34064][log_file.py][line: 23][DEBUG] ## ('-----------b5940085___20200521_150112.apk----节点1-----------下载校验结果：True',)
[2020-06-03 23:15:51,240][34064][log_file.py][line: 23][DEBUG] ## ('---------b5940085___20200521_150112.apk-------节点2------安装返回结果：True',)
[2020-06-03 23:15:59,705][34064][log_file.py][line: 23][DEBUG] ## ("------------b5940085___20200521_150112.apk----节点3---------拆包校验结果：True:['4327532fd530ff1469f890e72235265b.jpg', 'e87360d110b2a13169acd004f42933d2.jpg']",)
[2020-06-03 23:16:41,257][34064][log_file.py][line: 23][DEBUG] ## ('-----------b5940085___20200521_150112.apk----节点4----------打开游戏结果:True',)
[2020-06-03 23:20:00,695][33296][log_file.py][line: 23][DEBUG] ## ('从数据库获取apk链接写入日志', ['http://pkg.superdalan.com/game.pkg/download?pkgId=2520&f=shfy2gdtsdk_dalan_dsdk_10_1.0.0_20200521_150112.apk'])
[2020-06-03 23:20:37,830][34508][log_file.py][line: 23][DEBUG] ## ('-----------b5940085___20200521_150112.apk----节点1-----------下载校验结果：True',)
[2020-06-03 23:20:51,203][34508][log_file.py][line: 23][DEBUG] ## ('---------b5940085___20200521_150112.apk-------节点2------安装返回结果：True',)
[2020-06-03 23:20:59,793][34508][log_file.py][line: 23][DEBUG] ## ("------------b5940085___20200521_150112.apk----节点3---------拆包校验结果：True:['e87360d110b2a13169acd004f42933d2.jpg', '4327532fd530ff1469f890e72235265b.jpg']",)
[2020-06-03 23:21:41,544][34508][log_file.py][line: 23][DEBUG] ## ('-----------b5940085___20200521_150112.apk----节点4----------打开游戏结果:True',)
[2020-06-03 23:25:00,717][30780][log_file.py][line: 23][DEBUG] ## ('从数据库获取apk链接写入日志', ['http://pkg.superdalan.com/game.pkg/download?pkgId=2520&f=shfy2gdtsdk_dalan_dsdk_10_1.0.0_20200521_150112.apk'])
[2020-06-03 23:25:38,464][30056][log_file.py][line: 23][DEBUG] ## ('-----------b5940085___20200521_150112.apk----节点1-----------下载校验结果：True',)
[2020-06-03 23:25:51,622][30056][log_file.py][line: 23][DEBUG] ## ('---------b5940085___20200521_150112.apk-------节点2------安装返回结果：True',)
[2020-06-03 23:25:59,982][30056][log_file.py][line: 23][DEBUG] ## ("------------b5940085___20200521_150112.apk----节点3---------拆包校验结果：True:['e87360d110b2a13169acd004f42933d2.jpg', '4327532fd530ff1469f890e72235265b.jpg']",)
[2020-06-03 23:26:41,502][30056][log_file.py][line: 23][DEBUG] ## ('-----------b5940085___20200521_150112.apk----节点4----------打开游戏结果:True',)
[2020-06-03 23:30:00,724][32756][log_file.py][line: 23][DEBUG] ## ('从数据库获取apk链接写入日志', ['http://pkg.superdalan.com/game.pkg/download?pkgId=2520&f=shfy2gdtsdk_dalan_dsdk_10_1.0.0_20200521_150112.apk'])
[2020-06-03 23:30:38,431][29964][log_file.py][line: 23][DEBUG] ## ('-----------b5940085___20200521_150112.apk----节点1-----------下载校验结果：True',)
[2020-06-03 23:30:52,023][29964][log_file.py][line: 23][DEBUG] ## ('---------b5940085___20200521_150112.apk-------节点2------安装返回结果：True',)
[2020-06-03 23:31:01,392][29964][log_file.py][line: 23][DEBUG] ## ("------------b5940085___20200521_150112.apk----节点3---------拆包校验结果：True:['4327532fd530ff1469f890e72235265b.jpg', 'e87360d110b2a13169acd004f42933d2.jpg']",)
[2020-06-03 23:31:43,211][29964][log_file.py][line: 23][DEBUG] ## ('-----------b5940085___20200521_150112.apk----节点4----------打开游戏结果:True',)
[2020-06-03 23:35:00,686][33432][log_file.py][line: 23][DEBUG] ## ('从数据库获取apk链接写入日志', ['http://pkg.superdalan.com/game.pkg/download?pkgId=2520&f=shfy2gdtsdk_dalan_dsdk_10_1.0.0_20200521_150112.apk'])
[2020-06-03 23:35:37,730][30672][log_file.py][line: 23][DEBUG] ## ('-----------b5940085___20200521_150112.apk----节点1-----------下载校验结果：True',)
[2020-06-03 23:35:50,988][30672][log_file.py][line: 23][DEBUG] ## ('---------b5940085___20200521_150112.apk-------节点2------安装返回结果：True',)
[2020-06-03 23:35:58,293][30672][log_file.py][line: 23][DEBUG] ## ("------------b5940085___20200521_150112.apk----节点3---------拆包校验结果：True:['4327532fd530ff1469f890e72235265b.jpg', 'e87360d110b2a13169acd004f42933d2.jpg']",)
[2020-06-03 23:36:39,894][30672][log_file.py][line: 23][DEBUG] ## ('-----------b5940085___20200521_150112.apk----节点4----------打开游戏结果:True',)
[2020-06-03 23:40:00,681][34088][log_file.py][line: 23][DEBUG] ## ('从数据库获取apk链接写入日志', ['http://pkg.superdalan.com/game.pkg/download?pkgId=2520&f=shfy2gdtsdk_dalan_dsdk_10_1.0.0_20200521_150112.apk'])
[2020-06-03 23:40:37,514][34496][log_file.py][line: 23][DEBUG] ## ('-----------b5940085___20200521_150112.apk----节点1-----------下载校验结果：True',)
[2020-06-03 23:40:51,103][34496][log_file.py][line: 23][DEBUG] ## ('---------b5940085___20200521_150112.apk-------节点2------安装返回结果：True',)
[2020-06-03 23:40:59,678][34496][log_file.py][line: 23][DEBUG] ## ("------------b5940085___20200521_150112.apk----节点3---------拆包校验结果：True:['4327532fd530ff1469f890e72235265b.jpg', 'e87360d110b2a13169acd004f42933d2.jpg']",)
[2020-06-03 23:41:41,123][34496][log_file.py][line: 23][DEBUG] ## ('-----------b5940085___20200521_150112.apk----节点4----------打开游戏结果:True',)
[2020-06-03 23:45:00,687][34260][log_file.py][line: 23][DEBUG] ## ('从数据库获取apk链接写入日志', ['http://pkg.superdalan.com/game.pkg/download?pkgId=2520&f=shfy2gdtsdk_dalan_dsdk_10_1.0.0_20200521_150112.apk'])
[2020-06-03 23:45:37,509][12456][log_file.py][line: 23][DEBUG] ## ('-----------b5940085___20200521_150112.apk----节点1-----------下载校验结果：True',)
[2020-06-03 23:45:51,079][12456][log_file.py][line: 23][DEBUG] ## ('---------b5940085___20200521_150112.apk-------节点2------安装返回结果：True',)
[2020-06-03 23:45:58,050][12456][log_file.py][line: 23][DEBUG] ## ("------------b5940085___20200521_150112.apk----节点3---------拆包校验结果：True:['e87360d110b2a13169acd004f42933d2.jpg', '4327532fd530ff1469f890e72235265b.jpg']",)
[2020-06-03 23:46:39,998][12456][log_file.py][line: 23][DEBUG] ## ('-----------b5940085___20200521_150112.apk----节点4----------打开游戏结果:True',)
[2020-06-03 23:50:00,687][30260][log_file.py][line: 23][DEBUG] ## ('从数据库获取apk链接写入日志', ['http://pkg.superdalan.com/game.pkg/download?pkgId=2520&f=shfy2gdtsdk_dalan_dsdk_10_1.0.0_20200521_150112.apk'])
[2020-06-03 23:50:37,130][12320][log_file.py][line: 23][DEBUG] ## ('-----------b5940085___20200521_150112.apk----节点1-----------下载校验结果：True',)
[2020-06-03 23:50:50,221][12320][log_file.py][line: 23][DEBUG] ## ('---------b5940085___20200521_150112.apk-------节点2------安装返回结果：True',)
[2020-06-03 23:50:57,281][12320][log_file.py][line: 23][DEBUG] ## ("------------b5940085___20200521_150112.apk----节点3---------拆包校验结果：True:['e87360d110b2a13169acd004f42933d2.jpg', '4327532fd530ff1469f890e72235265b.jpg']",)
[2020-06-03 23:51:38,810][12320][log_file.py][line: 23][DEBUG] ## ('-----------b5940085___20200521_150112.apk----节点4----------打开游戏结果:True',)
[2020-06-03 23:55:00,692][28076][log_file.py][line: 23][DEBUG] ## ('从数据库获取apk链接写入日志', ['http://pkg.superdalan.com/game.pkg/download?pkgId=2520&f=shfy2gdtsdk_dalan_dsdk_10_1.0.0_20200521_150112.apk'])
[2020-06-03 23:55:37,087][34572][log_file.py][line: 23][DEBUG] ## ('-----------b5940085___20200521_150112.apk----节点1-----------下载校验结果：True',)
[2020-06-03 23:55:50,443][34572][log_file.py][line: 23][DEBUG] ## ('---------b5940085___20200521_150112.apk-------节点2------安装返回结果：True',)
[2020-06-03 23:55:57,816][34572][log_file.py][line: 23][DEBUG] ## ("------------b5940085___20200521_150112.apk----节点3---------拆包校验结果：True:['4327532fd530ff1469f890e72235265b.jpg', 'e87360d110b2a13169acd004f42933d2.jpg']",)
[2020-06-03 23:56:39,281][34572][log_file.py][line: 23][DEBUG] ## ('-----------b5940085___20200521_150112.apk----节点4----------打开游戏结果:True',)
