[2020-05-26 00:00:00,736][572][log_file.py][line: 23][DEBUG] ## ('从数据库获取apk链接写入日志', [])
[2020-05-26 00:05:00,721][572][log_file.py][line: 23][DEBUG] ## ('从数据库获取apk链接写入日志', [])
[2020-05-26 00:10:00,719][15804][log_file.py][line: 23][DEBUG] ## ('从数据库获取apk链接写入日志', [])
[2020-05-26 00:15:00,778][4160][log_file.py][line: 23][DEBUG] ## ('从数据库获取apk链接写入日志', [])
[2020-05-26 00:20:00,746][16300][log_file.py][line: 23][DEBUG] ## ('从数据库获取apk链接写入日志', [])
[2020-05-26 00:25:00,757][12460][log_file.py][line: 23][DEBUG] ## ('从数据库获取apk链接写入日志', [])
[2020-05-26 00:30:00,731][3060][log_file.py][line: 23][DEBUG] ## ('从数据库获取apk链接写入日志', [])
[2020-05-26 00:35:00,731][15404][log_file.py][line: 23][DEBUG] ## ('从数据库获取apk链接写入日志', [])
[2020-05-26 00:40:00,757][16364][log_file.py][line: 23][DEBUG] ## ('从数据库获取apk链接写入日志', [])
[2020-05-26 00:45:00,779][14712][log_file.py][line: 23][DEBUG] ## ('从数据库获取apk链接写入日志', [])
[2020-05-26 00:50:00,775][8036][log_file.py][line: 23][DEBUG] ## ('从数据库获取apk链接写入日志', [])
[2020-05-26 00:55:00,756][15800][log_file.py][line: 23][DEBUG] ## ('从数据库获取apk链接写入日志', [])
[2020-05-26 01:00:00,738][14344][log_file.py][line: 23][DEBUG] ## ('从数据库获取apk链接写入日志', [])
[2020-05-26 01:05:00,690][15356][log_file.py][line: 23][DEBUG] ## ('从数据库获取apk链接写入日志', [])
[2020-05-26 01:10:00,740][15740][log_file.py][line: 23][DEBUG] ## ('从数据库获取apk链接写入日志', [])
[2020-05-26 01:15:00,710][1324][log_file.py][line: 23][DEBUG] ## ('从数据库获取apk链接写入日志', [])
[2020-05-26 01:20:00,730][15952][log_file.py][line: 23][DEBUG] ## ('从数据库获取apk链接写入日志', [])
[2020-05-26 01:25:00,690][13736][log_file.py][line: 23][DEBUG] ## ('从数据库获取apk链接写入日志', [])
[2020-05-26 01:30:00,728][1324][log_file.py][line: 23][DEBUG] ## ('从数据库获取apk链接写入日志', [])
[2020-05-26 01:35:00,752][12408][log_file.py][line: 23][DEBUG] ## ('从数据库获取apk链接写入日志', [])
[2020-05-26 01:40:00,780][2700][log_file.py][line: 23][DEBUG] ## ('从数据库获取apk链接写入日志', [])
[2020-05-26 01:45:00,756][5396][log_file.py][line: 23][DEBUG] ## ('从数据库获取apk链接写入日志', [])
[2020-05-26 01:50:00,694][9964][log_file.py][line: 23][DEBUG] ## ('从数据库获取apk链接写入日志', [])
[2020-05-26 01:55:00,714][3316][log_file.py][line: 23][DEBUG] ## ('从数据库获取apk链接写入日志', [])
[2020-05-26 02:00:00,743][15900][log_file.py][line: 23][DEBUG] ## ('从数据库获取apk链接写入日志', [])
[2020-05-26 02:05:00,752][16280][log_file.py][line: 23][DEBUG] ## ('从数据库获取apk链接写入日志', [])
[2020-05-26 02:10:00,724][8036][log_file.py][line: 23][DEBUG] ## ('从数据库获取apk链接写入日志', [])
[2020-05-26 02:15:00,799][13960][log_file.py][line: 23][DEBUG] ## ('从数据库获取apk链接写入日志', [])
[2020-05-26 02:20:00,746][11436][log_file.py][line: 23][DEBUG] ## ('从数据库获取apk链接写入日志', [])
[2020-05-26 02:25:01,435][12336][log_file.py][line: 23][DEBUG] ## ('从数据库获取apk链接写入日志', [])
[2020-05-26 02:30:00,724][9964][log_file.py][line: 23][DEBUG] ## ('从数据库获取apk链接写入日志', [])
[2020-05-26 02:35:00,769][13400][log_file.py][line: 23][DEBUG] ## ('从数据库获取apk链接写入日志', [])
[2020-05-26 02:40:00,735][13032][log_file.py][line: 23][DEBUG] ## ('从数据库获取apk链接写入日志', [])
[2020-05-26 02:45:00,726][15312][log_file.py][line: 23][DEBUG] ## ('从数据库获取apk链接写入日志', [])
[2020-05-26 02:50:00,762][5692][log_file.py][line: 23][DEBUG] ## ('从数据库获取apk链接写入日志', [])
[2020-05-26 02:55:00,694][15692][log_file.py][line: 23][DEBUG] ## ('从数据库获取apk链接写入日志', [])
[2020-05-26 03:00:01,720][14132][log_file.py][line: 23][DEBUG] ## ('从数据库获取apk链接写入日志', [])
[2020-05-26 03:05:01,629][12588][log_file.py][line: 23][DEBUG] ## ('从数据库获取apk链接写入日志', [])
[2020-05-26 03:10:01,133][15952][log_file.py][line: 23][DEBUG] ## ('从数据库获取apk链接写入日志', [])
[2020-05-26 03:15:00,720][12916][log_file.py][line: 23][DEBUG] ## ('从数据库获取apk链接写入日志', [])
[2020-05-26 03:20:00,726][15180][log_file.py][line: 23][DEBUG] ## ('从数据库获取apk链接写入日志', [])
[2020-05-26 03:25:00,728][15808][log_file.py][line: 23][DEBUG] ## ('从数据库获取apk链接写入日志', [])
[2020-05-26 03:30:00,705][14228][log_file.py][line: 23][DEBUG] ## ('从数据库获取apk链接写入日志', [])
[2020-05-26 03:35:00,686][15584][log_file.py][line: 23][DEBUG] ## ('从数据库获取apk链接写入日志', [])
[2020-05-26 03:40:00,735][7928][log_file.py][line: 23][DEBUG] ## ('从数据库获取apk链接写入日志', [])
[2020-05-26 03:45:00,707][12336][log_file.py][line: 23][DEBUG] ## ('从数据库获取apk链接写入日志', [])
[2020-05-26 03:50:00,746][15460][log_file.py][line: 23][DEBUG] ## ('从数据库获取apk链接写入日志', [])
[2020-05-26 03:55:00,723][15596][log_file.py][line: 23][DEBUG] ## ('从数据库获取apk链接写入日志', [])
[2020-05-26 04:00:00,853][15912][log_file.py][line: 23][DEBUG] ## ('从数据库获取apk链接写入日志', [])
[2020-05-26 04:05:00,743][12464][log_file.py][line: 23][DEBUG] ## ('从数据库获取apk链接写入日志', [])
[2020-05-26 04:10:00,683][16064][log_file.py][line: 23][DEBUG] ## ('从数据库获取apk链接写入日志', [])
[2020-05-26 04:15:00,898][15820][log_file.py][line: 23][DEBUG] ## ('从数据库获取apk链接写入日志', [])
[2020-05-26 04:20:00,726][748][log_file.py][line: 23][DEBUG] ## ('从数据库获取apk链接写入日志', [])
[2020-05-26 04:25:00,796][13736][log_file.py][line: 23][DEBUG] ## ('从数据库获取apk链接写入日志', [])
[2020-05-26 04:30:00,709][7036][log_file.py][line: 23][DEBUG] ## ('从数据库获取apk链接写入日志', [])
[2020-05-26 04:35:00,768][11708][log_file.py][line: 23][DEBUG] ## ('从数据库获取apk链接写入日志', [])
[2020-05-26 04:40:00,703][15356][log_file.py][line: 23][DEBUG] ## ('从数据库获取apk链接写入日志', [])
[2020-05-26 04:45:00,681][13752][log_file.py][line: 23][DEBUG] ## ('从数据库获取apk链接写入日志', [])
[2020-05-26 04:50:00,711][11508][log_file.py][line: 23][DEBUG] ## ('从数据库获取apk链接写入日志', [])
[2020-05-26 04:55:00,761][8964][log_file.py][line: 23][DEBUG] ## ('从数据库获取apk链接写入日志', [])
[2020-05-26 05:00:00,745][13644][log_file.py][line: 23][DEBUG] ## ('从数据库获取apk链接写入日志', [])
[2020-05-26 05:05:00,788][8860][log_file.py][line: 23][DEBUG] ## ('从数据库获取apk链接写入日志', [])
[2020-05-26 05:10:00,699][6028][log_file.py][line: 23][DEBUG] ## ('从数据库获取apk链接写入日志', [])
[2020-05-26 05:15:00,711][16152][log_file.py][line: 23][DEBUG] ## ('从数据库获取apk链接写入日志', [])
[2020-05-26 05:20:00,692][16324][log_file.py][line: 23][DEBUG] ## ('从数据库获取apk链接写入日志', [])
[2020-05-26 05:25:00,843][2268][log_file.py][line: 23][DEBUG] ## ('从数据库获取apk链接写入日志', [])
[2020-05-26 05:30:00,718][2464][log_file.py][line: 23][DEBUG] ## ('从数据库获取apk链接写入日志', [])
[2020-05-26 05:35:00,735][12172][log_file.py][line: 23][DEBUG] ## ('从数据库获取apk链接写入日志', [])
[2020-05-26 05:40:00,691][15848][log_file.py][line: 23][DEBUG] ## ('从数据库获取apk链接写入日志', [])
[2020-05-26 05:45:00,705][14132][log_file.py][line: 23][DEBUG] ## ('从数据库获取apk链接写入日志', [])
[2020-05-26 05:50:00,724][7528][log_file.py][line: 23][DEBUG] ## ('从数据库获取apk链接写入日志', [])
[2020-05-26 05:55:00,708][5840][log_file.py][line: 23][DEBUG] ## ('从数据库获取apk链接写入日志', [])
[2020-05-26 06:00:00,709][12836][log_file.py][line: 23][DEBUG] ## ('从数据库获取apk链接写入日志', [])
[2020-05-26 06:05:00,743][15908][log_file.py][line: 23][DEBUG] ## ('从数据库获取apk链接写入日志', [])
[2020-05-26 06:10:00,723][15728][log_file.py][line: 23][DEBUG] ## ('从数据库获取apk链接写入日志', [])
[2020-05-26 06:15:00,811][15468][log_file.py][line: 23][DEBUG] ## ('从数据库获取apk链接写入日志', [])
[2020-05-26 06:20:00,718][15600][log_file.py][line: 23][DEBUG] ## ('从数据库获取apk链接写入日志', [])
[2020-05-26 06:25:00,963][13756][log_file.py][line: 23][DEBUG] ## ('从数据库获取apk链接写入日志', [])
[2020-05-26 06:30:00,727][10760][log_file.py][line: 23][DEBUG] ## ('从数据库获取apk链接写入日志', [])
[2020-05-26 06:35:01,398][14420][log_file.py][line: 23][DEBUG] ## ('从数据库获取apk链接写入日志', [])
[2020-05-26 06:40:00,708][8184][log_file.py][line: 23][DEBUG] ## ('从数据库获取apk链接写入日志', [])
[2020-05-26 06:45:00,745][13960][log_file.py][line: 23][DEBUG] ## ('从数据库获取apk链接写入日志', [])
[2020-05-26 06:50:00,770][5504][log_file.py][line: 23][DEBUG] ## ('从数据库获取apk链接写入日志', [])
[2020-05-26 06:55:00,746][5524][log_file.py][line: 23][DEBUG] ## ('从数据库获取apk链接写入日志', [])
[2020-05-26 07:00:00,689][15348][log_file.py][line: 23][DEBUG] ## ('从数据库获取apk链接写入日志', [])
[2020-05-26 07:05:00,708][14768][log_file.py][line: 23][DEBUG] ## ('从数据库获取apk链接写入日志', [])
[2020-05-26 07:10:00,700][13960][log_file.py][line: 23][DEBUG] ## ('从数据库获取apk链接写入日志', [])
[2020-05-26 07:15:00,759][14768][log_file.py][line: 23][DEBUG] ## ('从数据库获取apk链接写入日志', [])
[2020-05-26 07:20:00,716][15784][log_file.py][line: 23][DEBUG] ## ('从数据库获取apk链接写入日志', [])
[2020-05-26 07:25:01,108][14364][log_file.py][line: 23][DEBUG] ## ('从数据库获取apk链接写入日志', [])
[2020-05-26 07:30:00,753][9144][log_file.py][line: 23][DEBUG] ## ('从数据库获取apk链接写入日志', [])
[2020-05-26 07:35:00,713][16080][log_file.py][line: 23][DEBUG] ## ('从数据库获取apk链接写入日志', [])
[2020-05-26 07:40:00,710][4160][log_file.py][line: 23][DEBUG] ## ('从数据库获取apk链接写入日志', [])
[2020-05-26 07:45:00,710][15484][log_file.py][line: 23][DEBUG] ## ('从数据库获取apk链接写入日志', [])
[2020-05-26 07:50:00,738][4160][log_file.py][line: 23][DEBUG] ## ('从数据库获取apk链接写入日志', [])
[2020-05-26 07:55:00,707][15912][log_file.py][line: 23][DEBUG] ## ('从数据库获取apk链接写入日志', [])
[2020-05-26 08:00:00,909][12596][log_file.py][line: 23][DEBUG] ## ('从数据库获取apk链接写入日志', [])
[2020-05-26 08:05:00,716][15788][log_file.py][line: 23][DEBUG] ## ('从数据库获取apk链接写入日志', [])
[2020-05-26 08:10:00,686][15900][log_file.py][line: 23][DEBUG] ## ('从数据库获取apk链接写入日志', [])
[2020-05-26 08:15:01,338][15184][log_file.py][line: 23][DEBUG] ## ('从数据库获取apk链接写入日志', [])
[2020-05-26 08:20:00,720][3060][log_file.py][line: 23][DEBUG] ## ('从数据库获取apk链接写入日志', [])
[2020-05-26 08:25:00,704][15848][log_file.py][line: 23][DEBUG] ## ('从数据库获取apk链接写入日志', [])
[2020-05-26 08:30:00,727][9764][log_file.py][line: 23][DEBUG] ## ('从数据库获取apk链接写入日志', [])
[2020-05-26 08:35:00,726][11356][log_file.py][line: 23][DEBUG] ## ('从数据库获取apk链接写入日志', [])
[2020-05-26 08:40:00,687][12456][log_file.py][line: 23][DEBUG] ## ('从数据库获取apk链接写入日志', [])
[2020-05-26 08:45:00,678][524][log_file.py][line: 23][DEBUG] ## ('从数据库获取apk链接写入日志', [])
[2020-05-26 08:50:00,743][8032][log_file.py][line: 23][DEBUG] ## ('从数据库获取apk链接写入日志', [])
[2020-05-26 08:55:00,753][14680][log_file.py][line: 23][DEBUG] ## ('从数据库获取apk链接写入日志', [])
[2020-05-26 09:00:00,727][15552][log_file.py][line: 23][DEBUG] ## ('从数据库获取apk链接写入日志', [])
[2020-05-26 09:05:00,727][14112][log_file.py][line: 23][DEBUG] ## ('从数据库获取apk链接写入日志', [])
[2020-05-26 09:10:00,750][14576][log_file.py][line: 23][DEBUG] ## ('从数据库获取apk链接写入日志', [])
[2020-05-26 09:15:00,680][13424][log_file.py][line: 23][DEBUG] ## ('从数据库获取apk链接写入日志', [])
[2020-05-26 09:20:00,715][15584][log_file.py][line: 23][DEBUG] ## ('从数据库获取apk链接写入日志', [])
[2020-05-26 09:25:00,726][15348][log_file.py][line: 23][DEBUG] ## ('从数据库获取apk链接写入日志', [])
[2020-05-26 09:30:00,698][15124][log_file.py][line: 23][DEBUG] ## ('从数据库获取apk链接写入日志', [])
[2020-05-26 09:35:00,697][14228][log_file.py][line: 23][DEBUG] ## ('从数据库获取apk链接写入日志', [])
[2020-05-26 09:40:00,724][15128][log_file.py][line: 23][DEBUG] ## ('从数据库获取apk链接写入日志', [])
[2020-05-26 09:45:00,696][14920][log_file.py][line: 23][DEBUG] ## ('从数据库获取apk链接写入日志', [])
[2020-05-26 09:50:00,721][14156][log_file.py][line: 23][DEBUG] ## ('从数据库获取apk链接写入日志', [])
[2020-05-26 09:55:00,707][16248][log_file.py][line: 23][DEBUG] ## ('从数据库获取apk链接写入日志', [])
[2020-05-26 10:00:00,741][13944][log_file.py][line: 23][DEBUG] ## ('从数据库获取apk链接写入日志', [])
[2020-05-26 10:05:00,678][11516][log_file.py][line: 23][DEBUG] ## ('从数据库获取apk链接写入日志', [])
[2020-05-26 10:10:00,788][12184][log_file.py][line: 23][DEBUG] ## ('从数据库获取apk链接写入日志', [])
[2020-05-26 10:15:00,755][15960][log_file.py][line: 23][DEBUG] ## ('从数据库获取apk链接写入日志', [])
[2020-05-26 10:20:00,760][13060][log_file.py][line: 23][DEBUG] ## ('从数据库获取apk链接写入日志', [])
[2020-05-26 10:25:01,298][7584][log_file.py][line: 23][DEBUG] ## ('从数据库获取apk链接写入日志', [])
[2020-05-26 10:30:00,685][11972][log_file.py][line: 23][DEBUG] ## ('从数据库获取apk链接写入日志', [])
[2020-05-26 10:35:01,807][13644][log_file.py][line: 23][DEBUG] ## ('从数据库获取apk链接写入日志', [])
[2020-05-26 10:40:00,894][12996][log_file.py][line: 23][DEBUG] ## ('从数据库获取apk链接写入日志', [])
[2020-05-26 10:45:00,748][9764][log_file.py][line: 23][DEBUG] ## ('从数据库获取apk链接写入日志', [])
[2020-05-26 10:50:00,799][10668][log_file.py][line: 23][DEBUG] ## ('从数据库获取apk链接写入日志', [])
[2020-05-26 10:55:01,822][15184][log_file.py][line: 23][DEBUG] ## ('从数据库获取apk链接写入日志', ['http://pkg.superdalan.com/game.pkg/download?pkgId=2516&f=xkjhwzjh_dalan_dsdk_48_1.0.0_20200522_172951.apk'])
[2020-05-26 10:55:24,918][15256][log_file.py][line: 23][DEBUG] ## ('-----------54a4c6159804___20200522_172951.apk----节点1-----------下载校验结果：True',)
[2020-05-26 10:56:23,589][15256][log_file.py][line: 23][DEBUG] ## ('---------54a4c6159804___20200522_172951.apk-------节点2------安装返回结果：True',)
[2020-05-26 10:56:57,148][15256][log_file.py][line: 23][DEBUG] ## ("------------54a4c6159804___20200522_172951.apk----节点3---------拆包校验结果：True:['9baae0e1fd1931f1c3d3c88c2e647465.jpg', '6ce7e354e4bfd420bd2638a02dfcd52c.jpg']",)
[2020-05-26 10:58:10,480][15256][log_file.py][line: 23][DEBUG] ## ('-----------54a4c6159804___20200522_172951.apk----节点4----------打开游戏结果:True',)
[2020-05-26 10:59:02,413][15256][log_file.py][line: 23][DEBUG] ## ('-----------54a4c6159804___20200522_172951.apk----节点5----------登录游戏结果:True',)
[2020-05-26 10:59:46,226][15256][log_file.py][line: 23][DEBUG] ## ('------54a4c6159804___20200522_172951.apk---节点6-------下单调起微信结果:True',)
[2020-05-26 11:00:01,056][5040][log_file.py][line: 23][DEBUG] ## ('从数据库获取apk链接写入日志', [])
[2020-05-26 11:05:00,727][13636][log_file.py][line: 23][DEBUG] ## ('从数据库获取apk链接写入日志', [])
[2020-05-26 11:10:00,698][15896][log_file.py][line: 23][DEBUG] ## ('从数据库获取apk链接写入日志', [])
[2020-05-26 11:15:00,813][15712][log_file.py][line: 23][DEBUG] ## ('从数据库获取apk链接写入日志', [])
[2020-05-26 11:20:00,754][15716][log_file.py][line: 23][DEBUG] ## ('从数据库获取apk链接写入日志', [])
[2020-05-26 11:25:00,759][5396][log_file.py][line: 23][DEBUG] ## ('从数据库获取apk链接写入日志', [])
[2020-05-26 11:30:00,754][13824][log_file.py][line: 23][DEBUG] ## ('从数据库获取apk链接写入日志', [])
[2020-05-26 11:35:00,726][11248][log_file.py][line: 23][DEBUG] ## ('从数据库获取apk链接写入日志', [])
[2020-05-26 11:40:00,766][16308][log_file.py][line: 23][DEBUG] ## ('从数据库获取apk链接写入日志', [])
[2020-05-26 11:45:00,776][13068][log_file.py][line: 23][DEBUG] ## ('从数据库获取apk链接写入日志', [])
[2020-05-26 11:50:00,779][13796][log_file.py][line: 23][DEBUG] ## ('从数据库获取apk链接写入日志', [])
[2020-05-26 11:55:00,778][2276][log_file.py][line: 23][DEBUG] ## ('从数据库获取apk链接写入日志', [])
[2020-05-26 12:00:00,734][16312][log_file.py][line: 23][DEBUG] ## ('从数据库获取apk链接写入日志', [])
[2020-05-26 12:05:00,754][15884][log_file.py][line: 23][DEBUG] ## ('从数据库获取apk链接写入日志', [])
[2020-05-26 12:10:00,739][15312][log_file.py][line: 23][DEBUG] ## ('从数据库获取apk链接写入日志', [])
[2020-05-26 12:15:00,753][8576][log_file.py][line: 23][DEBUG] ## ('从数据库获取apk链接写入日志', [])
[2020-05-26 12:20:00,799][16332][log_file.py][line: 23][DEBUG] ## ('从数据库获取apk链接写入日志', [])
[2020-05-26 12:25:00,785][4996][log_file.py][line: 23][DEBUG] ## ('从数据库获取apk链接写入日志', [])
[2020-05-26 12:30:00,895][15204][log_file.py][line: 23][DEBUG] ## ('从数据库获取apk链接写入日志', [])
[2020-05-26 12:35:00,757][13588][log_file.py][line: 23][DEBUG] ## ('从数据库获取apk链接写入日志', [])
[2020-05-26 12:40:00,977][14136][log_file.py][line: 23][DEBUG] ## ('从数据库获取apk链接写入日志', [])
[2020-05-26 12:45:00,850][10680][log_file.py][line: 23][DEBUG] ## ('从数据库获取apk链接写入日志', [])
[2020-05-26 12:50:00,738][15456][log_file.py][line: 23][DEBUG] ## ('从数据库获取apk链接写入日志', [])
[2020-05-26 12:55:00,755][10552][log_file.py][line: 23][DEBUG] ## ('从数据库获取apk链接写入日志', [])
[2020-05-26 13:00:00,736][5312][log_file.py][line: 23][DEBUG] ## ('从数据库获取apk链接写入日志', [])
[2020-05-26 13:05:00,712][14936][log_file.py][line: 23][DEBUG] ## ('从数据库获取apk链接写入日志', [])
[2020-05-26 13:10:00,773][15376][log_file.py][line: 23][DEBUG] ## ('从数据库获取apk链接写入日志', [])
[2020-05-26 13:15:00,895][596][log_file.py][line: 23][DEBUG] ## ('从数据库获取apk链接写入日志', [])
[2020-05-26 13:20:00,744][14864][log_file.py][line: 23][DEBUG] ## ('从数据库获取apk链接写入日志', [])
[2020-05-26 13:25:00,752][9684][log_file.py][line: 23][DEBUG] ## ('从数据库获取apk链接写入日志', [])
[2020-05-26 13:30:00,761][11724][log_file.py][line: 23][DEBUG] ## ('从数据库获取apk链接写入日志', [])
[2020-05-26 13:35:00,733][12848][log_file.py][line: 23][DEBUG] ## ('从数据库获取apk链接写入日志', [])
[2020-05-26 13:40:00,731][14320][log_file.py][line: 23][DEBUG] ## ('从数据库获取apk链接写入日志', [])
[2020-05-26 13:45:00,706][4100][log_file.py][line: 23][DEBUG] ## ('从数据库获取apk链接写入日志', [])
[2020-05-26 13:50:00,726][15936][log_file.py][line: 23][DEBUG] ## ('从数据库获取apk链接写入日志', [])
[2020-05-26 13:55:00,749][15016][log_file.py][line: 23][DEBUG] ## ('从数据库获取apk链接写入日志', [])
[2020-05-26 14:00:01,023][15596][log_file.py][line: 23][DEBUG] ## ('从数据库获取apk链接写入日志', [])
[2020-05-26 14:05:00,780][12864][log_file.py][line: 23][DEBUG] ## ('从数据库获取apk链接写入日志', [])
[2020-05-26 14:10:00,762][2472][log_file.py][line: 23][DEBUG] ## ('从数据库获取apk链接写入日志', [])
[2020-05-26 14:15:00,754][15860][log_file.py][line: 23][DEBUG] ## ('从数据库获取apk链接写入日志', [])
[2020-05-26 14:20:00,712][14880][log_file.py][line: 23][DEBUG] ## ('从数据库获取apk链接写入日志', [])
[2020-05-26 14:25:00,697][9112][log_file.py][line: 23][DEBUG] ## ('从数据库获取apk链接写入日志', [])
[2020-05-26 14:30:00,751][9188][log_file.py][line: 23][DEBUG] ## ('从数据库获取apk链接写入日志', [])
[2020-05-26 14:35:00,728][13820][log_file.py][line: 23][DEBUG] ## ('从数据库获取apk链接写入日志', [])
[2020-05-26 14:40:00,720][3476][log_file.py][line: 23][DEBUG] ## ('从数据库获取apk链接写入日志', [])
[2020-05-26 14:45:00,815][14156][log_file.py][line: 23][DEBUG] ## ('从数据库获取apk链接写入日志', [])
[2020-05-26 14:50:00,729][14940][log_file.py][line: 23][DEBUG] ## ('从数据库获取apk链接写入日志', [])
[2020-05-26 14:55:00,732][7928][log_file.py][line: 23][DEBUG] ## ('从数据库获取apk链接写入日志', [])
[2020-05-26 15:00:00,731][13848][log_file.py][line: 23][DEBUG] ## ('从数据库获取apk链接写入日志', [])
[2020-05-26 15:05:00,751][15212][log_file.py][line: 23][DEBUG] ## ('从数据库获取apk链接写入日志', [])
[2020-05-26 15:10:00,748][15452][log_file.py][line: 23][DEBUG] ## ('从数据库获取apk链接写入日志', [])
[2020-05-26 15:15:00,703][2424][log_file.py][line: 23][DEBUG] ## ('从数据库获取apk链接写入日志', [])
[2020-05-26 15:20:00,720][13260][log_file.py][line: 23][DEBUG] ## ('从数据库获取apk链接写入日志', [])
[2020-05-26 15:25:00,709][14648][log_file.py][line: 23][DEBUG] ## ('从数据库获取apk链接写入日志', [])
[2020-05-26 15:30:00,721][14228][log_file.py][line: 23][DEBUG] ## ('从数据库获取apk链接写入日志', [])
[2020-05-26 15:35:00,717][15828][log_file.py][line: 23][DEBUG] ## ('从数据库获取apk链接写入日志', ['http://pkg.superdalan.com/game.pkg/download?pkgId=2440&f=zgfslxoppo_biguo_oppomirh5_43_1.0.0_20200526_153531.apk', 'http://pkg.superdalan.com/game.pkg/download?pkgId=2463&f=zgfslxvivo_biguo_vivomirh5_43_1.0.0_20200526_153600.apk'])
[2020-05-26 15:35:08,801][13796][log_file.py][line: 23][DEBUG] ## ('-----------54a4c6159804___20200526_153531.apk----节点1-----------下载校验结果：True',)
[2020-05-26 15:35:12,597][16100][log_file.py][line: 23][DEBUG] ## ('-----------R8AYIJWO99999999___20200526_153600.apk----节点1-----------下载校验结果：True',)
[2020-05-26 15:35:21,497][13796][log_file.py][line: 23][DEBUG] ## ('---------54a4c6159804___20200526_153531.apk-------节点2------安装返回结果：True',)
[2020-05-26 15:35:21,619][13796][log_file.py][line: 23][DEBUG] ## ('--------54a4c6159804___20200526_153531.apk---节点3--------后台没有配置素材无需校验',)
[2020-05-26 15:35:29,115][13796][log_file.py][line: 23][DEBUG] ## ('54a4c6159804___20200526_153531.apk_非Dalan_Dsdk渠道包，不走自动化流程',)
[2020-05-26 15:35:36,134][16100][log_file.py][line: 23][DEBUG] ## ('---------R8AYIJWO99999999___20200526_153600.apk-------节点2------安装返回结果：True',)
[2020-05-26 15:35:36,302][16100][log_file.py][line: 23][DEBUG] ## ('--------R8AYIJWO99999999___20200526_153600.apk---节点3--------后台没有配置素材无需校验',)
[2020-05-26 15:35:41,521][16100][log_file.py][line: 23][DEBUG] ## ('R8AYIJWO99999999___20200526_153600.apk_非Dalan_Dsdk渠道包，不走自动化流程',)
[2020-05-26 15:40:00,757][15972][log_file.py][line: 23][DEBUG] ## ('从数据库获取apk链接写入日志', [])
[2020-05-26 15:45:00,749][13132][log_file.py][line: 23][DEBUG] ## ('从数据库获取apk链接写入日志', [])
[2020-05-26 15:50:00,742][15156][log_file.py][line: 23][DEBUG] ## ('从数据库获取apk链接写入日志', ['http://pkg.superdalan.com/game.pkg/download?pkgId=2463&f=zgfslxvivo_biguo_vivomirh5_43_1.0.0_20200526_154834.apk'])
[2020-05-26 15:50:31,455][4340][log_file.py][line: 23][DEBUG] ## ('-----------54a4c6159804___20200526_154834.apk----节点1-----------下载校验结果：True',)
[2020-05-26 15:50:47,370][4340][log_file.py][line: 23][DEBUG] ## ('---------54a4c6159804___20200526_154834.apk-------节点2------安装返回结果：True',)
[2020-05-26 15:50:47,504][4340][log_file.py][line: 23][DEBUG] ## ('--------54a4c6159804___20200526_154834.apk---节点3--------后台没有配置素材无需校验',)
[2020-05-26 15:50:55,016][4340][log_file.py][line: 23][DEBUG] ## ('54a4c6159804___20200526_154834.apk_非Dalan_Dsdk渠道包，不走自动化流程',)
[2020-05-26 15:55:00,769][13928][log_file.py][line: 23][DEBUG] ## ('从数据库获取apk链接写入日志', [])
[2020-05-26 16:00:00,724][16000][log_file.py][line: 23][DEBUG] ## ('从数据库获取apk链接写入日志', [])
[2020-05-26 16:05:00,775][15908][log_file.py][line: 23][DEBUG] ## ('从数据库获取apk链接写入日志', [])
[2020-05-26 16:10:00,782][16232][log_file.py][line: 23][DEBUG] ## ('从数据库获取apk链接写入日志', [])
[2020-05-26 16:15:00,775][11248][log_file.py][line: 23][DEBUG] ## ('从数据库获取apk链接写入日志', [])
[2020-05-26 16:20:00,728][11676][log_file.py][line: 23][DEBUG] ## ('从数据库获取apk链接写入日志', [])
[2020-05-26 16:25:00,756][15556][log_file.py][line: 23][DEBUG] ## ('从数据库获取apk链接写入日志', [])
[2020-05-26 16:30:00,754][11928][log_file.py][line: 23][DEBUG] ## ('从数据库获取apk链接写入日志', ['http://pkg.superdalan.com/game.pkg/download?pkgId=2818&f=chwymxbdmgdt_dalan_xy_dsdk_74_1.0.0_20200526_163102.apk'])
[2020-05-26 16:30:59,516][13636][log_file.py][line: 23][DEBUG] ## ('-----------54a4c6159804___20200526_163102.apk----节点1-----------下载校验结果：True',)
[2020-05-26 16:31:26,543][13636][log_file.py][line: 23][DEBUG] ## ('---------54a4c6159804___20200526_163102.apk-------节点2------安装返回结果：True',)
[2020-05-26 16:31:49,733][13636][log_file.py][line: 23][DEBUG] ## ("------------54a4c6159804___20200526_163102.apk----节点3---------拆包校验结果：True:['6793799a7dab43ee1f8ef815de68e627.jpg', '9ae4d43287c2f57e0b8934521dff38bd.jpg']",)
[2020-05-26 16:33:40,830][13636][log_file.py][line: 23][DEBUG] ## ('-----------54a4c6159804___20200526_163102.apk----节点4----------打开游戏结果:False',)
[2020-05-26 16:35:01,199][15884][log_file.py][line: 23][DEBUG] ## ('从数据库获取apk链接写入日志', ['http://pkg.superdalan.com/game.pkg/download?pkgId=2818&f=chwymxbdmgdt_dalan_xy_dsdk_74_1.0.0_20200526_163102.apk'])
[2020-05-26 16:36:07,984][14128][log_file.py][line: 23][DEBUG] ## ('-----------54a4c6159804___20200526_163102.apk----节点1-----------下载校验结果：True',)
[2020-05-26 16:36:31,434][14128][log_file.py][line: 23][DEBUG] ## ('---------54a4c6159804___20200526_163102.apk-------节点2------安装返回结果：True',)
[2020-05-26 16:36:42,657][14128][log_file.py][line: 23][DEBUG] ## ("------------54a4c6159804___20200526_163102.apk----节点3---------拆包校验结果：True:['6793799a7dab43ee1f8ef815de68e627.jpg', '9ae4d43287c2f57e0b8934521dff38bd.jpg']",)
[2020-05-26 16:38:11,686][14128][log_file.py][line: 23][DEBUG] ## ('-----------54a4c6159804___20200526_163102.apk----节点4----------打开游戏结果:True',)
[2020-05-26 16:39:12,399][14128][log_file.py][line: 23][DEBUG] ## ('-----------54a4c6159804___20200526_163102.apk----节点5----------登录游戏结果:True',)
[2020-05-26 16:39:51,521][14128][log_file.py][line: 23][DEBUG] ## ('------54a4c6159804___20200526_163102.apk---节点6-------下单调起微信结果:True',)
[2020-05-26 16:40:00,862][12200][log_file.py][line: 23][DEBUG] ## ('从数据库获取apk链接写入日志', [])
[2020-05-26 16:45:00,710][6200][log_file.py][line: 23][DEBUG] ## ('从数据库获取apk链接写入日志', [])
[2020-05-26 16:50:00,753][8312][log_file.py][line: 23][DEBUG] ## ('从数据库获取apk链接写入日志', [])
[2020-05-26 16:55:00,895][13668][log_file.py][line: 23][DEBUG] ## ('从数据库获取apk链接写入日志', [])
[2020-05-26 17:00:00,743][4908][log_file.py][line: 23][DEBUG] ## ('从数据库获取apk链接写入日志', [])
[2020-05-26 17:05:00,734][11880][log_file.py][line: 23][DEBUG] ## ('从数据库获取apk链接写入日志', [])
[2020-05-26 17:10:00,724][15972][log_file.py][line: 23][DEBUG] ## ('从数据库获取apk链接写入日志', [])
[2020-05-26 17:15:01,068][6804][log_file.py][line: 23][DEBUG] ## ('从数据库获取apk链接写入日志', [])
[2020-05-26 17:20:00,755][10412][log_file.py][line: 23][DEBUG] ## ('从数据库获取apk链接写入日志', [])
[2020-05-26 17:25:00,849][9032][log_file.py][line: 23][DEBUG] ## ('从数据库获取apk链接写入日志', [])
[2020-05-26 17:30:00,712][2424][log_file.py][line: 23][DEBUG] ## ('从数据库获取apk链接写入日志', [])
[2020-05-26 17:35:00,748][4924][log_file.py][line: 23][DEBUG] ## ('从数据库获取apk链接写入日志', [])
[2020-05-26 17:40:00,766][13960][log_file.py][line: 23][DEBUG] ## ('从数据库获取apk链接写入日志', [])
[2020-05-26 17:45:00,766][12836][log_file.py][line: 23][DEBUG] ## ('从数据库获取apk链接写入日志', [])
[2020-05-26 17:50:00,729][7032][log_file.py][line: 23][DEBUG] ## ('从数据库获取apk链接写入日志', [])
[2020-05-26 17:55:00,828][14852][log_file.py][line: 23][DEBUG] ## ('从数据库获取apk链接写入日志', [])
[2020-05-26 18:00:01,554][15400][log_file.py][line: 23][DEBUG] ## ('从数据库获取apk链接写入日志', ['http://pkg.superdalan.com/game.pkg/download?pkgId=2077&f=jwjtgzh_dalan_dsdk_48_1.0.0_20200526_180028.apk', 'http://pkg.superdalan.com/game.pkg/download?pkgId=2286&f=jwjtgw_dalan_dsdk_48_1.0.0_20200526_180150.apk', 'http://pkg.superdalan.com/game.pkg/download?pkgId=2815&f=txjh_tianxie_android_48_1.0.0_20200526_175910.apk'])
[2020-05-26 18:03:56,610][9348][log_file.py][line: 23][DEBUG] ## ('-----------R8AYIJWO99999999___20200526_180150.apk----节点1-----------下载校验结果：True',)
[2020-05-26 18:04:06,636][16332][log_file.py][line: 23][DEBUG] ## ('-----------54a4c6159804___20200526_180028.apk----节点1-----------下载校验结果：True',)
[2020-05-26 18:06:13,803][9348][log_file.py][line: 23][DEBUG] ## ('---------R8AYIJWO99999999___20200526_180150.apk-------节点2------安装返回结果：True',)
[2020-05-26 18:06:31,815][16332][log_file.py][line: 23][DEBUG] ## ('---------54a4c6159804___20200526_180028.apk-------节点2------安装返回结果：True',)
[2020-05-26 18:07:24,382][9348][log_file.py][line: 23][DEBUG] ## ("------------R8AYIJWO99999999___20200526_180150.apk----节点3---------拆包校验结果：True:['cc12f932e8274e9e818f1cabb28797a3.jpg', '941e74bff974dedd8d5c966f5b9e01ea.jpg']",)
[2020-05-26 18:07:24,487][16332][log_file.py][line: 23][DEBUG] ## ("------------54a4c6159804___20200526_180028.apk----节点3---------拆包校验结果：True:['941e74bff974dedd8d5c966f5b9e01ea.jpg', 'cc12f932e8274e9e818f1cabb28797a3.jpg']",)
[2020-05-26 18:08:36,821][9348][log_file.py][line: 23][DEBUG] ## ('-----------R8AYIJWO99999999___20200526_180150.apk----节点4----------打开游戏结果:True',)
[2020-05-26 18:08:42,263][16332][log_file.py][line: 23][DEBUG] ## ('-----------54a4c6159804___20200526_180028.apk----节点4----------打开游戏结果:True',)
[2020-05-26 18:09:27,625][9348][log_file.py][line: 23][DEBUG] ## ('-----------R8AYIJWO99999999___20200526_180150.apk----节点5----------登录游戏结果:True',)
[2020-05-26 18:09:34,169][16332][log_file.py][line: 23][DEBUG] ## ('-----------54a4c6159804___20200526_180028.apk----节点5----------登录游戏结果:True',)
[2020-05-26 18:10:10,106][9348][log_file.py][line: 23][DEBUG] ## ('------R8AYIJWO99999999___20200526_180150.apk---节点6-------下单调起微信结果:True',)
[2020-05-26 18:10:17,921][16332][log_file.py][line: 23][DEBUG] ## ('------54a4c6159804___20200526_180028.apk---节点6-------下单调起微信结果:True',)
[2020-05-26 18:10:40,133][15484][log_file.py][line: 23][DEBUG] ## ('-----------54a4c6159804___20200526_175910.apk----节点1-----------下载校验结果：True',)
[2020-05-26 18:11:21,633][15484][log_file.py][line: 23][DEBUG] ## ('---------54a4c6159804___20200526_175910.apk-------节点2------安装返回结果：True',)
[2020-05-26 18:11:21,992][15484][log_file.py][line: 23][DEBUG] ## ('--------54a4c6159804___20200526_175910.apk---节点3--------后台没有配置素材无需校验',)
[2020-05-26 18:11:27,209][15484][log_file.py][line: 23][DEBUG] ## ('54a4c6159804___20200526_175910.apk_非Dalan_Dsdk渠道包，不走自动化流程',)
[2020-05-26 18:15:00,988][15168][log_file.py][line: 23][DEBUG] ## ('从数据库获取apk链接写入日志', ['http://pkg.superdalan.com/game.pkg/download?pkgId=2287&f=jwjttj_dalan_dsdk_48_1.0.0_20200526_180319.apk', 'http://pkg.superdalan.com/game.pkg/download?pkgId=2288&f=jwjtfx_dalan_dsdk_48_1.0.0_20200526_180445.apk'])
[2020-05-26 18:18:23,602][14508][log_file.py][line: 23][DEBUG] ## ('-----------R8AYIJWO99999999___20200526_180445.apk----节点1-----------下载校验结果：True',)
[2020-05-26 18:18:31,716][13544][log_file.py][line: 23][DEBUG] ## ('-----------54a4c6159804___20200526_180319.apk----节点1-----------下载校验结果：True',)
[2020-05-26 18:19:33,272][14508][log_file.py][line: 23][DEBUG] ## ('---------R8AYIJWO99999999___20200526_180445.apk-------节点2------安装返回结果：True',)
[2020-05-26 18:19:39,121][13544][log_file.py][line: 23][DEBUG] ## ('---------54a4c6159804___20200526_180319.apk-------节点2------安装返回结果：True',)
[2020-05-26 18:21:07,208][13544][log_file.py][line: 23][DEBUG] ## ("------------54a4c6159804___20200526_180319.apk----节点3---------拆包校验结果：True:['cc12f932e8274e9e818f1cabb28797a3.jpg', '941e74bff974dedd8d5c966f5b9e01ea.jpg']",)
[2020-05-26 18:21:07,212][14508][log_file.py][line: 23][DEBUG] ## ("------------R8AYIJWO99999999___20200526_180445.apk----节点3---------拆包校验结果：True:['cc12f932e8274e9e818f1cabb28797a3.jpg', '941e74bff974dedd8d5c966f5b9e01ea.jpg']",)
[2020-05-26 18:22:22,382][14508][log_file.py][line: 23][DEBUG] ## ('-----------R8AYIJWO99999999___20200526_180445.apk----节点4----------打开游戏结果:True',)
[2020-05-26 18:22:23,504][13544][log_file.py][line: 23][DEBUG] ## ('-----------54a4c6159804___20200526_180319.apk----节点4----------打开游戏结果:True',)
[2020-05-26 18:23:16,975][14508][log_file.py][line: 23][DEBUG] ## ('-----------R8AYIJWO99999999___20200526_180445.apk----节点5----------登录游戏结果:True',)
[2020-05-26 18:23:17,714][13544][log_file.py][line: 23][DEBUG] ## ('-----------54a4c6159804___20200526_180319.apk----节点5----------登录游戏结果:True',)
[2020-05-26 18:24:03,549][14508][log_file.py][line: 23][DEBUG] ## ('------R8AYIJWO99999999___20200526_180445.apk---节点6-------下单调起微信结果:True',)
[2020-05-26 18:24:03,610][13544][log_file.py][line: 23][DEBUG] ## ('------54a4c6159804___20200526_180319.apk---节点6-------下单调起微信结果:False',)
[2020-05-26 18:25:00,697][2436][log_file.py][line: 23][DEBUG] ## ('从数据库获取apk链接写入日志', ['http://pkg.superdalan.com/game.pkg/download?pkgId=1369&f=zllgw_dalan_dsdk_19_1.0.0_20200526_182805.apk', 'http://pkg.superdalan.com/game.pkg/download?pkgId=2287&f=jwjttj_dalan_dsdk_48_1.0.0_20200526_180319.apk'])
[2020-05-26 18:25:13,649][14992][log_file.py][line: 23][DEBUG] ## ('-----------54a4c6159804___20200526_182805.apk----节点1-----------下载校验结果：True',)
[2020-05-26 18:25:23,967][15460][log_file.py][line: 23][DEBUG] ## ('-----------R8AYIJWO99999999___20200526_180319.apk----节点1-----------下载校验结果：True',)
[2020-05-26 18:25:33,900][14992][log_file.py][line: 23][DEBUG] ## ('---------54a4c6159804___20200526_182805.apk-------节点2------安装返回结果：True',)
[2020-05-26 18:25:44,799][14992][log_file.py][line: 23][DEBUG] ## ("------------54a4c6159804___20200526_182805.apk----节点3---------拆包校验结果：True:['afc33e90859bf26b581bd8ca25064950.jpg', 'c13d4564c2fb62056db3b422a5482d31.jpg']",)
[2020-05-26 18:25:45,874][14992][log_file.py][line: 23][DEBUG] ## ('54a4c6159804___20200526_182805.apk此原名游戏尚未接入，敬请期待',)
[2020-05-26 18:26:28,218][15460][log_file.py][line: 23][DEBUG] ## ('---------R8AYIJWO99999999___20200526_180319.apk-------节点2------安装返回结果：True',)
[2020-05-26 18:26:39,660][15460][log_file.py][line: 23][DEBUG] ## ("------------R8AYIJWO99999999___20200526_180319.apk----节点3---------拆包校验结果：True:['cc12f932e8274e9e818f1cabb28797a3.jpg', '941e74bff974dedd8d5c966f5b9e01ea.jpg']",)
[2020-05-26 18:27:48,068][15460][log_file.py][line: 23][DEBUG] ## ('-----------R8AYIJWO99999999___20200526_180319.apk----节点4----------打开游戏结果:True',)
[2020-05-26 18:30:00,799][4208][log_file.py][line: 23][DEBUG] ## ('从数据库获取apk链接写入日志', ['http://pkg.superdalan.com/game.pkg/download?pkgId=1179&f=qyzgzh_dalan_dsdk_34_1.0.0_20200526_183000.apk', 'http://pkg.superdalan.com/game.pkg/download?pkgId=1367&f=qyzgw_dalan_dsdk_34_1.0.0_20200526_183143.apk', 'http://pkg.superdalan.com/game.pkg/download?pkgId=1368&f=jzxgw_dalan_dsdk_7_1.0.0_20200526_182859.apk', 'http://pkg.superdalan.com/game.pkg/download?pkgId=2287&f=jwjttj_dalan_dsdk_48_1.0.0_20200526_180319.apk'])
[2020-05-26 18:30:32,076][15500][log_file.py][line: 23][DEBUG] ## ('-----------R8AYIJWO99999999___20200526_183143.apk----节点1-----------下载校验结果：True',)
[2020-05-26 18:30:32,446][11840][log_file.py][line: 23][DEBUG] ## ('-----------54a4c6159804___20200526_183000.apk----节点1-----------下载校验结果：True',)
[2020-05-26 18:31:12,474][11840][log_file.py][line: 23][DEBUG] ## ('---------54a4c6159804___20200526_183000.apk-------节点2------安装返回结果：True',)
[2020-05-26 18:31:24,947][11840][log_file.py][line: 23][DEBUG] ## ("------------54a4c6159804___20200526_183000.apk----节点3---------拆包校验结果：True:['29cb852cb39a91de6c550bd2500afd69.jpg', '29cb852cb39a91de6c550bd2500afd69.jpg', '3901caff710ac5c41769cd48147597b0.jpg', 'e9f1c06a80da52c0bc1a201536e0b34f.jpg']",)
[2020-05-26 18:31:25,809][11840][log_file.py][line: 23][DEBUG] ## ('54a4c6159804___20200526_183000.apk此原名游戏尚未接入，敬请期待',)
[2020-05-26 18:32:06,366][15500][log_file.py][line: 23][DEBUG] ## ('---------R8AYIJWO99999999___20200526_183143.apk-------节点2------安装返回结果：True',)
[2020-05-26 18:32:36,002][15500][log_file.py][line: 23][DEBUG] ## ("------------R8AYIJWO99999999___20200526_183143.apk----节点3---------拆包校验结果：True:['3901caff710ac5c41769cd48147597b0.jpg', '29cb852cb39a91de6c550bd2500afd69.jpg', 'e9f1c06a80da52c0bc1a201536e0b34f.jpg']",)
[2020-05-26 18:32:36,877][15500][log_file.py][line: 23][DEBUG] ## ('R8AYIJWO99999999___20200526_183143.apk此原名游戏尚未接入，敬请期待',)
[2020-05-26 18:32:51,347][15884][log_file.py][line: 23][DEBUG] ## ('-----------54a4c6159804___20200526_182859.apk----节点1-----------下载校验结果：True',)
[2020-05-26 18:33:05,362][14300][log_file.py][line: 23][DEBUG] ## ('-----------R8AYIJWO99999999___20200526_180319.apk----节点1-----------下载校验结果：True',)
[2020-05-26 18:33:09,464][15884][log_file.py][line: 23][DEBUG] ## ('---------54a4c6159804___20200526_182859.apk-------节点2------安装返回结果：True',)
[2020-05-26 18:33:20,193][15884][log_file.py][line: 23][DEBUG] ## ("------------54a4c6159804___20200526_182859.apk----节点3---------拆包校验结果：True:['34fb86feb52b1084c80eac27922c6fa6.jpg', '6b89211b12bc6259e73f9ea46fb62c83.jpg', 'd4ff9f5988b0549dfee5b0f2f86ffe28.jpg']",)
[2020-05-26 18:33:21,047][15884][log_file.py][line: 23][DEBUG] ## ('54a4c6159804___20200526_182859.apk此原名游戏尚未接入，敬请期待',)
[2020-05-26 18:34:24,131][14300][log_file.py][line: 23][DEBUG] ## ('---------R8AYIJWO99999999___20200526_180319.apk-------节点2------安装返回结果：True',)
[2020-05-26 18:34:42,985][14300][log_file.py][line: 23][DEBUG] ## ("------------R8AYIJWO99999999___20200526_180319.apk----节点3---------拆包校验结果：True:['cc12f932e8274e9e818f1cabb28797a3.jpg', '941e74bff974dedd8d5c966f5b9e01ea.jpg']",)
[2020-05-26 18:35:47,520][14300][log_file.py][line: 23][DEBUG] ## ('-----------R8AYIJWO99999999___20200526_180319.apk----节点4----------打开游戏结果:True',)
[2020-05-26 18:36:38,859][14300][log_file.py][line: 23][DEBUG] ## ('-----------R8AYIJWO99999999___20200526_180319.apk----节点5----------登录游戏结果:True',)
[2020-05-26 18:37:26,172][14300][log_file.py][line: 23][DEBUG] ## ('------R8AYIJWO99999999___20200526_180319.apk---节点6-------下单调起微信结果:False',)
[2020-05-26 18:40:00,763][6140][log_file.py][line: 23][DEBUG] ## ('从数据库获取apk链接写入日志', ['http://pkg.superdalan.com/game.pkg/download?pkgId=1370&f=tgfmlgw_dalan_dsdk_8_1.0.0_20200526_183318.apk', 'http://pkg.superdalan.com/game.pkg/download?pkgId=1371&f=zsggw_dalan_dsdk_3_1.0.0_20200526_183517.apk', 'http://pkg.superdalan.com/game.pkg/download?pkgId=1533&f=tgfmlgzh_dalan_dsdk_8_1.0.0_20200526_183756.apk', 'http://pkg.superdalan.com/game.pkg/download?pkgId=1534&f=zllgzh_dalan_dsdk_19_1.0.0_20200526_183948.apk', 'http://pkg.superdalan.com/game.pkg/download?pkgId=1535&f=jzxgzh_dalan_dsdk_7_1.0.0_20200526_184057.apk'])
#####################################################
###################################################################################################[2020-05-26 18:45:00,696][11072][log_file.py][line: 23][DEBUG] ## ('从数据库获取apk链接写入日志', ['http://pkg.superdalan.com/game.pkg/download?pkgId=1532&f=zsggzh_dalan_dsdk_3_1.0.0_20200526_184402.apk'])
[2020-05-26 18:50:00,774][15452][log_file.py][line: 23][DEBUG] ## ('从数据库获取apk链接写入日志', ['http://pkg.superdalan.com/game.pkg/download?pkgId=1532&f=zsggzh_dalan_dsdk_3_1.0.0_20200526_184402.apk', 'http://pkg.superdalan.com/game.pkg/download?pkgId=1745&f=zsgtj_dalan_dsdk_3_1.0.0_20200526_184643.apk', 'http://pkg.superdalan.com/game.pkg/download?pkgId=1747&f=tgfmltj_dalan_dsdk_8_1.0.0_20200526_184931.apk'])
[2020-05-26 18:55:00,728][11376][log_file.py][line: 23][DEBUG] ## ('从数据库获取apk链接写入日志', ['http://pkg.superdalan.com/game.pkg/download?pkgId=1747&f=tgfmltj_dalan_dsdk_8_1.0.0_20200526_184931.apk', 'http://pkg.superdalan.com/game.pkg/download?pkgId=2066&f=zsgsdkfx_dalan_dsdk_3_1.0.0_20200526_185355.apk'])
[2020-05-26 19:00:00,694][15952][log_file.py][line: 23][DEBUG] ## ('从数据库获取apk链接写入日志', ['http://pkg.superdalan.com/game.pkg/download?pkgId=2391&f=shjtt_dalan_dsdk_48_1.0.0_20200522_122019.apk', 'http://pkg.superdalan.com/game.pkg/download?pkgId=2434&f=jzxfx_dalan_dsdk_7_1_20200526_190102.apk'])
[2020-05-26 19:05:00,981][15872][log_file.py][line: 23][DEBUG] ## ('从数据库获取apk链接写入日志', ['http://pkg.superdalan.com/game.pkg/download?pkgId=2391&f=shjtt_dalan_dsdk_48_1.0.0_20200522_122019.apk', 'http://pkg.superdalan.com/game.pkg/download?pkgId=2434&f=jzxfx_dalan_dsdk_7_1_20200526_190102.apk'])
[2020-05-26 19:10:00,695][4984][log_file.py][line: 23][DEBUG] ## ('从数据库获取apk链接写入日志', ['http://pkg.superdalan.com/game.pkg/download?pkgId=2391&f=shjtt_dalan_dsdk_48_1.0.0_20200522_122019.apk', 'http://pkg.superdalan.com/game.pkg/download?pkgId=2434&f=jzxfx_dalan_dsdk_7_1_20200526_190102.apk'])
[2020-05-26 19:15:00,750][13756][log_file.py][line: 23][DEBUG] ## ('从数据库获取apk链接写入日志', ['http://pkg.superdalan.com/game.pkg/download?pkgId=2391&f=shjtt_dalan_dsdk_48_1.0.0_20200522_122019.apk', 'http://pkg.superdalan.com/game.pkg/download?pkgId=2434&f=jzxfx_dalan_dsdk_7_1_20200526_190102.apk'])
[2020-05-26 19:20:00,722][15620][log_file.py][line: 23][DEBUG] ## ('从数据库获取apk链接写入日志', ['http://pkg.superdalan.com/game.pkg/download?pkgId=2391&f=shjtt_dalan_dsdk_48_1.0.0_20200522_122019.apk', 'http://pkg.superdalan.com/game.pkg/download?pkgId=2434&f=jzxfx_dalan_dsdk_7_1_20200526_190102.apk'])
[2020-05-26 19:25:00,845][6832][log_file.py][line: 23][DEBUG] ## ('从数据库获取apk链接写入日志', ['http://pkg.superdalan.com/game.pkg/download?pkgId=2434&f=jzxfx_dalan_dsdk_7_1_20200526_190102.apk'])
[2020-05-26 19:30:00,762][11008][log_file.py][line: 23][DEBUG] ## ('从数据库获取apk链接写入日志', ['http://pkg.superdalan.com/game.pkg/download?pkgId=2077&f=jwjtgzh_dalan_dsdk_48_1.0.0_20200526_180028.apk'
, 'http://pkg.superdalan.com/game.pkg/download?pkgId=2286&f=jwjtgw_dalan_dsdk_48_1.0.0_20200526_180150.apk', 'http://pkg.superdalan.com/game.pkg/download?pkgId=2287&f=jwjttj_dalan_dsdk_48_1.0.0_20200526_180319.apk',
'http://pkg.superdalan.com/game.pkg/download?pkgId=2288&f=jwjtfx_dalan_dsdk_48_1.0.0_20200526_180445.apk'])
[2020-05-26 19:30:31,999][14624][log_file.py][line: 23][DEBUG] ## ('-----------54a4c6159804___20200526_180028.apk----节点1-----------下载校验结果：True',)
[2020-05-26 19:30:33,148][4676][log_file.py][line: 23][DEBUG] ## ('-----------R8AYIJWO99999999___20200526_180150.apk----节点1-----------下载校验结果：True',)
[2020-05-26 19:31:21,236][14624][log_file.py][line: 23][DEBUG] ## ('---------54a4c6159804___20200526_180028.apk-------节点2------安装返回结果：True',)
[2020-05-26 19:32:09,652][14624][log_file.py][line: 23][DEBUG] ## ("------------54a4c6159804___20200526_180028.apk----节点3---------拆包校验结果：True:['941e74bff974dedd8d5c966f5b9e01ea.jpg', 'cc12f932e8274e9e818f1cabb28797a3.jpg']",)
[2020-05-26 19:32:47,169][4676][log_file.py][line: 23][DEBUG] ## ('---------R8AYIJWO99999999___20200526_180150.apk-------节点2------安装返回结果：True',)
[2020-05-26 19:33:22,065][14624][log_file.py][line: 23][DEBUG] ## ('-----------54a4c6159804___20200526_180028.apk----节点4----------打开游戏结果:True',)
[2020-05-26 19:33:25,673][4676][log_file.py][line: 23][DEBUG] ## ("------------R8AYIJWO99999999___20200526_180150.apk----节点3---------拆包校验结果：True:['941e74bff974dedd8d5c966f5b9e01ea.jpg', 'cc12f932e8274e9e818f1cabb28797a3.jpg']",)
[2020-05-26 19:34:13,562][14624][log_file.py][line: 23][DEBUG] ## ('-----------54a4c6159804___20200526_180028.apk----节点5----------登录游戏结果:True',)
[2020-05-26 19:34:43,040][4676][log_file.py][line: 23][DEBUG] ## ('-----------R8AYIJWO99999999___20200526_180150.apk----节点4----------打开游戏结果:True',)
[2020-05-26 19:34:56,535][14624][log_file.py][line: 23][DEBUG] ## ('------54a4c6159804___20200526_180028.apk---节点6-------下单调起微信结果:True',)
[2020-05-26 19:35:35,638][4676][log_file.py][line: 23][DEBUG] ## ('-----------R8AYIJWO99999999___20200526_180150.apk----节点5----------登录游戏结果:True',)
[2020-05-26 19:36:23,232][4676][log_file.py][line: 23][DEBUG] ## ('------R8AYIJWO99999999___20200526_180150.apk---节点6-------下单调起微信结果:False',)
[2020-05-26 19:36:55,427][14716][log_file.py][line: 23][DEBUG] ## ('-----------54a4c6159804___20200526_180319.apk----节点1-----------下载校验结果：True',)
[2020-05-26 19:36:55,996][15860][log_file.py][line: 23][DEBUG] ## ('-----------R8AYIJWO99999999___20200526_180445.apk----节点1-----------下载校验结果：True',)
[2020-05-26 19:37:39,061][14716][log_file.py][line: 23][DEBUG] ## ('---------54a4c6159804___20200526_180319.apk-------节点2------安装返回结果：True',)
[2020-05-26 19:38:35,229][14716][log_file.py][line: 23][DEBUG] ## ("------------54a4c6159804___20200526_180319.apk----节点3---------拆包校验结果：True:['cc12f932e8274e9e818f1cabb28797a3.jpg', '941e74bff974dedd8d5c966f5b9e01ea.jpg']",)
[2020-05-26 19:39:46,656][14716][log_file.py][line: 23][DEBUG] ## ('-----------54a4c6159804___20200526_180319.apk----节点4----------打开游戏结果:True',)
[2020-05-26 19:39:51,532][15860][log_file.py][line: 23][DEBUG] ## ('---------R8AYIJWO99999999___20200526_180445.apk-------节点2------安装返回结果：True',)
[2020-05-26 19:40:53,462][15860][log_file.py][line: 23][DEBUG] ## ("------------R8AYIJWO99999999___20200526_180445.apk----节点3---------拆包校验结果：True:['941e74bff974dedd8d5c966f5b9e01ea.jpg', 'cc12f932e8274e9e818f1cabb28797a3.jpg']",)
[2020-05-26 19:40:58,216][14716][log_file.py][line: 23][DEBUG] ## ('-----------54a4c6159804___20200526_180319.apk----节点5----------登录游戏结果:True',)
[2020-05-26 19:41:47,360][14716][log_file.py][line: 23][DEBUG] ## ('------54a4c6159804___20200526_180319.apk---节点6-------下单调起微信结果:False',)
[2020-05-26 19:42:11,016][15860][log_file.py][line: 23][DEBUG] ## ('-----------R8AYIJWO99999999___20200526_180445.apk----节点4----------打开游戏结果:True',)
[2020-05-26 19:43:03,216][15860][log_file.py][line: 23][DEBUG] ## ('-----------R8AYIJWO99999999___20200526_180445.apk----节点5----------登录游戏结果:True',)
[2020-05-26 19:43:52,158][15860][log_file.py][line: 23][DEBUG] ## ('------R8AYIJWO99999999___20200526_180445.apk---节点6-------下单调起微信结果:False',)
[2020-05-26 19:45:01,402][12592][log_file.py][line: 23][DEBUG] ## ('从数据库获取apk链接写入日志', ['http://pkg.superdalan.com/game.pkg/download?pkgId=2286&f=jwjtgw_dalan_dsdk_48_1.0.0_20200526_180150.apk', 'http://pkg.superdalan.com/game.pkg/download?pkgId=2287&f=jwjttj_dalan_dsdk_48_1.0.0_20200526_180319.apk', 'http://pkg.superdalan.com/game.pkg/download?pkgId=2288&f=jwjtfx_dalan_dsdk_48_1.0.0_20200526_180445.apk'])
[2020-05-26 19:48:34,648][15248][log_file.py][line: 23][DEBUG] ## ('-----------54a4c6159804___20200526_180150.apk----节点1-----------下载校验结果：True',)
[2020-05-26 19:48:38,724][14124][log_file.py][line: 23][DEBUG] ## ('-----------R8AYIJWO99999999___20200526_180319.apk----节点1-----------下载校验结果：True',)
[2020-05-26 19:49:20,584][15248][log_file.py][line: 23][DEBUG] ## ('---------54a4c6159804___20200526_180150.apk-------节点2------安装返回结果：True',)
[2020-05-26 19:50:04,508][15248][log_file.py][line: 23][DEBUG] ## ("------------54a4c6159804___20200526_180150.apk----节点3---------拆包校验结果：True:['cc12f932e8274e9e818f1cabb28797a3.jpg', '941e74bff974dedd8d5c966f5b9e01ea.jpg']",)
[2020-05-26 19:51:19,693][15248][log_file.py][line: 23][DEBUG] ## ('-----------54a4c6159804___20200526_180150.apk----节点4----------打开游戏结果:True',)
[2020-05-26 19:52:06,560][14124][log_file.py][line: 23][DEBUG] ## ('---------R8AYIJWO99999999___20200526_180319.apk-------节点2------安装返回结果：True',)
[2020-05-26 19:52:14,020][15248][log_file.py][line: 23][DEBUG] ## ('-----------54a4c6159804___20200526_180150.apk----节点5----------登录游戏结果:True',)
[2020-05-26 19:52:41,497][14124][log_file.py][line: 23][DEBUG] ## ("------------R8AYIJWO99999999___20200526_180319.apk----节点3---------拆包校验结果：True:['cc12f932e8274e9e818f1cabb28797a3.jpg', '941e74bff974dedd8d5c966f5b9e01ea.jpg']",)
[2020-05-26 19:53:10,765][15248][log_file.py][line: 23][DEBUG] ## ('------54a4c6159804___20200526_180150.apk---节点6-------下单调起微信结果:False',)
[2020-05-26 19:54:12,294][14124][log_file.py][line: 23][DEBUG] ## ('-----------R8AYIJWO99999999___20200526_180319.apk----节点4----------打开游戏结果:True',)
[2020-05-26 19:56:32,502][7132][log_file.py][line: 23][DEBUG] ## ('-----------54a4c6159804___20200526_180445.apk----节点1-----------下载校验结果：True',)
[2020-05-26 19:57:14,698][7132][log_file.py][line: 23][DEBUG] ## ('---------54a4c6159804___20200526_180445.apk-------节点2------安装返回结果：True',)
[2020-05-26 19:57:27,365][7132][log_file.py][line: 23][DEBUG] ## ("------------54a4c6159804___20200526_180445.apk----节点3---------拆包校验结果：True:['941e74bff974dedd8d5c966f5b9e01ea.jpg', 'cc12f932e8274e9e818f1cabb28797a3.jpg']",)
[2020-05-26 20:00:06,894][7132][log_file.py][line: 23][DEBUG] ## ('-----------54a4c6159804___20200526_180445.apk----节点5----------登录游戏结果:True',)
[2020-05-26 20:01:39,844][7132][log_file.py][line: 23][DEBUG] ## ('------54a4c6159804___20200526_180445.apk---节点6-------下单调起微信结果:False',)
[2020-05-26 20:05:01,546][13544][log_file.py][line: 23][DEBUG] ## ('从数据库获取apk链接写入日志', ['http://pkg.superdalan.com/game.pkg/download?pkgId=2287&f=jwjttj_dalan_dsdk_48_1.0.0_20200526_180319.apk'])
[2020-05-26 20:07:04,357][15624][log_file.py][line: 23][DEBUG] ## ('-----------54a4c6159804___20200526_180319.apk----节点1-----------下载校验结果：True',)
[2020-05-26 20:07:47,812][15624][log_file.py][line: 23][DEBUG] ## ('---------54a4c6159804___20200526_180319.apk-------节点2------安装返回结果：True',)
[2020-05-26 20:07:57,594][15624][log_file.py][line: 23][DEBUG] ## ("------------54a4c6159804___20200526_180319.apk----节点3---------拆包校验结果：True:['cc12f932e8274e9e818f1cabb28797a3.jpg', '941e74bff974dedd8d5c966f5b9e01ea.jpg']",)
[2020-05-26 20:09:11,330][15624][log_file.py][line: 23][DEBUG] ## ('-----------54a4c6159804___20200526_180319.apk----节点4----------打开游戏结果:True',)
[2020-05-26 20:10:04,432][15624][log_file.py][line: 23][DEBUG] ## ('-----------54a4c6159804___20200526_180319.apk----节点5----------登录游戏结果:True',)
[2020-05-26 20:10:50,251][15624][log_file.py][line: 23][DEBUG] ## ('------54a4c6159804___20200526_180319.apk---节点6-------下单调起微信结果:True',)
[2020-05-26 20:15:01,227][15232][log_file.py][line: 23][DEBUG] ## ('从数据库获取apk链接写入日志', [])
[2020-05-26 20:20:00,799][16188][log_file.py][line: 23][DEBUG] ## ('从数据库获取apk链接写入日志', [])
[2020-05-26 20:25:00,748][7272][log_file.py][line: 23][DEBUG] ## ('从数据库获取apk链接写入日志', [])
[2020-05-26 20:30:00,773][11384][log_file.py][line: 23][DEBUG] ## ('从数据库获取apk链接写入日志', [])
[2020-05-26 20:35:00,776][14156][log_file.py][line: 23][DEBUG] ## ('从数据库获取apk链接写入日志', [])
[2020-05-26 20:40:00,754][12524][log_file.py][line: 23][DEBUG] ## ('从数据库获取apk链接写入日志', [])
[2020-05-26 20:45:00,764][3708][log_file.py][line: 23][DEBUG] ## ('从数据库获取apk链接写入日志', [])
[2020-05-26 20:50:00,741][7776][log_file.py][line: 23][DEBUG] ## ('从数据库获取apk链接写入日志', [])
[2020-05-26 20:55:00,796][4892][log_file.py][line: 23][DEBUG] ## ('从数据库获取apk链接写入日志', [])
[2020-05-26 21:00:00,755][15460][log_file.py][line: 23][DEBUG] ## ('从数据库获取apk链接写入日志', [])
[2020-05-26 21:05:00,731][4160][log_file.py][line: 23][DEBUG] ## ('从数据库获取apk链接写入日志', [])
[2020-05-26 21:10:00,795][12296][log_file.py][line: 23][DEBUG] ## ('从数据库获取apk链接写入日志', [])
[2020-05-26 21:15:00,739][14560][log_file.py][line: 23][DEBUG] ## ('从数据库获取apk链接写入日志', [])
[2020-05-26 21:20:00,747][11724][log_file.py][line: 23][DEBUG] ## ('从数据库获取apk链接写入日志', [])
[2020-05-26 21:25:00,794][2460][log_file.py][line: 23][DEBUG] ## ('从数据库获取apk链接写入日志', [])
[2020-05-26 21:30:00,837][10372][log_file.py][line: 23][DEBUG] ## ('从数据库获取apk链接写入日志', [])
[2020-05-26 21:35:00,759][14448][log_file.py][line: 23][DEBUG] ## ('从数据库获取apk链接写入日志', [])
[2020-05-26 21:40:00,782][15736][log_file.py][line: 23][DEBUG] ## ('从数据库获取apk链接写入日志', [])
[2020-05-26 21:45:01,874][15404][log_file.py][line: 23][DEBUG] ## ('从数据库获取apk链接写入日志', [])
[2020-05-26 21:50:00,748][14908][log_file.py][line: 23][DEBUG] ## ('从数据库获取apk链接写入日志', [])
[2020-05-26 21:55:00,750][14648][log_file.py][line: 23][DEBUG] ## ('从数据库获取apk链接写入日志', [])
[2020-05-26 22:00:00,729][6224][log_file.py][line: 23][DEBUG] ## ('从数据库获取apk链接写入日志', [])
[2020-05-26 22:05:02,185][8680][log_file.py][line: 23][DEBUG] ## ('从数据库获取apk链接写入日志', [])
[2020-05-26 22:10:00,779][9268][log_file.py][line: 23][DEBUG] ## ('从数据库获取apk链接写入日志', [])
[2020-05-26 22:15:01,700][14160][log_file.py][line: 23][DEBUG] ## ('从数据库获取apk链接写入日志', [])
[2020-05-26 22:20:00,726][15208][log_file.py][line: 23][DEBUG] ## ('从数据库获取apk链接写入日志', [])
[2020-05-26 22:25:01,668][15136][log_file.py][line: 23][DEBUG] ## ('从数据库获取apk链接写入日志', [])
[2020-05-26 22:30:00,694][13880][log_file.py][line: 23][DEBUG] ## ('从数据库获取apk链接写入日志', [])
[2020-05-26 22:35:00,731][12172][log_file.py][line: 23][DEBUG] ## ('从数据库获取apk链接写入日志', [])
[2020-05-26 22:40:00,782][14876][log_file.py][line: 23][DEBUG] ## ('从数据库获取apk链接写入日志', [])
[2020-05-26 22:45:00,720][12172][log_file.py][line: 23][DEBUG] ## ('从数据库获取apk链接写入日志', [])
[2020-05-26 22:50:00,761][15980][log_file.py][line: 23][DEBUG] ## ('从数据库获取apk链接写入日志', [])
[2020-05-26 22:55:00,713][3712][log_file.py][line: 23][DEBUG] ## ('从数据库获取apk链接写入日志', [])
[2020-05-26 23:00:00,738][9012][log_file.py][line: 23][DEBUG] ## ('从数据库获取apk链接写入日志', [])
[2020-05-26 23:05:00,758][12996][log_file.py][line: 23][DEBUG] ## ('从数据库获取apk链接写入日志', [])
[2020-05-26 23:10:00,731][14892][log_file.py][line: 23][DEBUG] ## ('从数据库获取apk链接写入日志', [])
[2020-05-26 23:15:00,734][7712][log_file.py][line: 23][DEBUG] ## ('从数据库获取apk链接写入日志', [])
[2020-05-26 23:20:00,722][2464][log_file.py][line: 23][DEBUG] ## ('从数据库获取apk链接写入日志', [])
[2020-05-26 23:25:01,549][15028][log_file.py][line: 23][DEBUG] ## ('从数据库获取apk链接写入日志', [])
[2020-05-26 23:30:00,774][9964][log_file.py][line: 23][DEBUG] ## ('从数据库获取apk链接写入日志', [])
[2020-05-26 23:35:00,722][11708][log_file.py][line: 23][DEBUG] ## ('从数据库获取apk链接写入日志', [])
[2020-05-26 23:40:00,713][16168][log_file.py][line: 23][DEBUG] ## ('从数据库获取apk链接写入日志', [])
[2020-05-26 23:45:00,731][9284][log_file.py][line: 23][DEBUG] ## ('从数据库获取apk链接写入日志', [])
[2020-05-26 23:50:00,770][15480][log_file.py][line: 23][DEBUG] ## ('从数据库获取apk链接写入日志', [])
[2020-05-26 23:55:00,797][12620][log_file.py][line: 23][DEBUG] ## ('从数据库获取apk链接写入日志', [])
