[2020-05-19 00:00:00,725][2228][log_file.py][line: 23][DEBUG] ## ('从数据库获取apk链接写入日志', [])
[2020-05-19 00:05:00,724][11308][log_file.py][line: 23][DEBUG] ## ('从数据库获取apk链接写入日志', [])
[2020-05-19 00:10:00,708][9032][log_file.py][line: 23][DEBUG] ## ('从数据库获取apk链接写入日志', [])
[2020-05-19 00:15:00,734][11212][log_file.py][line: 23][DEBUG] ## ('从数据库获取apk链接写入日志', [])
[2020-05-19 00:20:00,678][5760][log_file.py][line: 23][DEBUG] ## ('从数据库获取apk链接写入日志', [])
[2020-05-19 00:25:00,737][10508][log_file.py][line: 23][DEBUG] ## ('从数据库获取apk链接写入日志', [])
[2020-05-19 00:30:00,720][2912][log_file.py][line: 23][DEBUG] ## ('从数据库获取apk链接写入日志', [])
[2020-05-19 00:35:00,736][10916][log_file.py][line: 23][DEBUG] ## ('从数据库获取apk链接写入日志', [])
[2020-05-19 00:40:00,690][2512][log_file.py][line: 23][DEBUG] ## ('从数据库获取apk链接写入日志', [])
[2020-05-19 00:45:00,734][11700][log_file.py][line: 23][DEBUG] ## ('从数据库获取apk链接写入日志', [])
[2020-05-19 00:50:00,723][12884][log_file.py][line: 23][DEBUG] ## ('从数据库获取apk链接写入日志', [])
[2020-05-19 00:55:00,680][12132][log_file.py][line: 23][DEBUG] ## ('从数据库获取apk链接写入日志', [])
[2020-05-19 01:00:00,710][12956][log_file.py][line: 23][DEBUG] ## ('从数据库获取apk链接写入日志', [])
[2020-05-19 01:05:00,689][13236][log_file.py][line: 23][DEBUG] ## ('从数据库获取apk链接写入日志', [])
[2020-05-19 01:10:00,683][1920][log_file.py][line: 23][DEBUG] ## ('从数据库获取apk链接写入日志', [])
[2020-05-19 01:15:00,704][10768][log_file.py][line: 23][DEBUG] ## ('从数据库获取apk链接写入日志', [])
[2020-05-19 01:20:00,686][11268][log_file.py][line: 23][DEBUG] ## ('从数据库获取apk链接写入日志', [])
[2020-05-19 01:25:00,679][11340][log_file.py][line: 23][DEBUG] ## ('从数据库获取apk链接写入日志', [])
[2020-05-19 01:30:00,668][2472][log_file.py][line: 23][DEBUG] ## ('从数据库获取apk链接写入日志', [])
[2020-05-19 01:35:00,668][3332][log_file.py][line: 23][DEBUG] ## ('从数据库获取apk链接写入日志', [])
[2020-05-19 01:40:00,669][12096][log_file.py][line: 23][DEBUG] ## ('从数据库获取apk链接写入日志', [])
[2020-05-19 01:45:00,701][11988][log_file.py][line: 23][DEBUG] ## ('从数据库获取apk链接写入日志', [])
[2020-05-19 01:50:00,735][10628][log_file.py][line: 23][DEBUG] ## ('从数据库获取apk链接写入日志', [])
[2020-05-19 01:55:00,741][3304][log_file.py][line: 23][DEBUG] ## ('从数据库获取apk链接写入日志', [])
[2020-05-19 02:00:00,687][11072][log_file.py][line: 23][DEBUG] ## ('从数据库获取apk链接写入日志', [])
[2020-05-19 02:05:00,689][3892][log_file.py][line: 23][DEBUG] ## ('从数据库获取apk链接写入日志', [])
[2020-05-19 02:10:00,677][8460][log_file.py][line: 23][DEBUG] ## ('从数据库获取apk链接写入日志', [])
[2020-05-19 02:15:00,684][7380][log_file.py][line: 23][DEBUG] ## ('从数据库获取apk链接写入日志', [])
[2020-05-19 02:20:00,700][8168][log_file.py][line: 23][DEBUG] ## ('从数据库获取apk链接写入日志', [])
[2020-05-19 02:25:00,698][7512][log_file.py][line: 23][DEBUG] ## ('从数据库获取apk链接写入日志', [])
[2020-05-19 02:30:00,699][12868][log_file.py][line: 23][DEBUG] ## ('从数据库获取apk链接写入日志', [])
[2020-05-19 02:35:00,712][2440][log_file.py][line: 23][DEBUG] ## ('从数据库获取apk链接写入日志', [])
[2020-05-19 02:40:00,682][12872][log_file.py][line: 23][DEBUG] ## ('从数据库获取apk链接写入日志', [])
[2020-05-19 02:45:00,688][11700][log_file.py][line: 23][DEBUG] ## ('从数据库获取apk链接写入日志', [])
[2020-05-19 02:50:00,704][11616][log_file.py][line: 23][DEBUG] ## ('从数据库获取apk链接写入日志', [])
[2020-05-19 02:55:00,762][8460][log_file.py][line: 23][DEBUG] ## ('从数据库获取apk链接写入日志', [])
[2020-05-19 03:00:00,723][1600][log_file.py][line: 23][DEBUG] ## ('从数据库获取apk链接写入日志', [])
[2020-05-19 03:05:01,025][1920][log_file.py][line: 23][DEBUG] ## ('从数据库获取apk链接写入日志', [])
[2020-05-19 03:10:00,746][1944][log_file.py][line: 23][DEBUG] ## ('从数据库获取apk链接写入日志', [])
[2020-05-19 03:15:00,754][9136][log_file.py][line: 23][DEBUG] ## ('从数据库获取apk链接写入日志', [])
[2020-05-19 03:20:00,713][12600][log_file.py][line: 23][DEBUG] ## ('从数据库获取apk链接写入日志', [])
[2020-05-19 03:25:00,728][11780][log_file.py][line: 23][DEBUG] ## ('从数据库获取apk链接写入日志', [])
[2020-05-19 03:30:00,732][11724][log_file.py][line: 23][DEBUG] ## ('从数据库获取apk链接写入日志', [])
[2020-05-19 03:35:00,751][10592][log_file.py][line: 23][DEBUG] ## ('从数据库获取apk链接写入日志', [])
[2020-05-19 03:40:00,768][11952][log_file.py][line: 23][DEBUG] ## ('从数据库获取apk链接写入日志', [])
[2020-05-19 03:45:00,738][3796][log_file.py][line: 23][DEBUG] ## ('从数据库获取apk链接写入日志', [])
[2020-05-19 03:50:00,705][9612][log_file.py][line: 23][DEBUG] ## ('从数据库获取apk链接写入日志', [])
[2020-05-19 03:55:01,289][12140][log_file.py][line: 23][DEBUG] ## ('从数据库获取apk链接写入日志', [])
[2020-05-19 04:00:00,738][9052][log_file.py][line: 23][DEBUG] ## ('从数据库获取apk链接写入日志', [])
[2020-05-19 04:05:00,764][13132][log_file.py][line: 23][DEBUG] ## ('从数据库获取apk链接写入日志', [])
[2020-05-19 04:10:00,728][2368][log_file.py][line: 23][DEBUG] ## ('从数据库获取apk链接写入日志', [])
[2020-05-19 04:15:00,749][12872][log_file.py][line: 23][DEBUG] ## ('从数据库获取apk链接写入日志', [])
[2020-05-19 04:20:00,810][13080][log_file.py][line: 23][DEBUG] ## ('从数据库获取apk链接写入日志', [])
[2020-05-19 04:25:01,764][11428][log_file.py][line: 23][DEBUG] ## ('从数据库获取apk链接写入日志', [])
[2020-05-19 04:30:00,740][3736][log_file.py][line: 23][DEBUG] ## ('从数据库获取apk链接写入日志', [])
[2020-05-19 04:35:00,723][11908][log_file.py][line: 23][DEBUG] ## ('从数据库获取apk链接写入日志', [])
[2020-05-19 04:40:00,762][2500][log_file.py][line: 23][DEBUG] ## ('从数据库获取apk链接写入日志', [])
[2020-05-19 04:45:00,712][2844][log_file.py][line: 23][DEBUG] ## ('从数据库获取apk链接写入日志', [])
[2020-05-19 04:50:00,750][5912][log_file.py][line: 23][DEBUG] ## ('从数据库获取apk链接写入日志', [])
[2020-05-19 04:55:00,731][4684][log_file.py][line: 23][DEBUG] ## ('从数据库获取apk链接写入日志', [])
[2020-05-19 05:00:00,738][4924][log_file.py][line: 23][DEBUG] ## ('从数据库获取apk链接写入日志', [])
[2020-05-19 05:05:02,896][8504][log_file.py][line: 23][DEBUG] ## ('从数据库获取apk链接写入日志', [])
[2020-05-19 05:10:02,654][11632][log_file.py][line: 23][DEBUG] ## ('从数据库获取apk链接写入日志', [])
[2020-05-19 05:15:02,292][10676][log_file.py][line: 23][DEBUG] ## ('从数据库获取apk链接写入日志', [])
[2020-05-19 05:20:00,693][2260][log_file.py][line: 23][DEBUG] ## ('从数据库获取apk链接写入日志', [])
[2020-05-19 05:25:00,737][6236][log_file.py][line: 23][DEBUG] ## ('从数据库获取apk链接写入日志', [])
[2020-05-19 05:30:00,699][11212][log_file.py][line: 23][DEBUG] ## ('从数据库获取apk链接写入日志', [])
[2020-05-19 05:35:00,708][9044][log_file.py][line: 23][DEBUG] ## ('从数据库获取apk链接写入日志', [])
[2020-05-19 05:40:00,755][1368][log_file.py][line: 23][DEBUG] ## ('从数据库获取apk链接写入日志', [])
[2020-05-19 05:45:00,736][9060][log_file.py][line: 23][DEBUG] ## ('从数据库获取apk链接写入日志', [])
[2020-05-19 05:50:00,746][6236][log_file.py][line: 23][DEBUG] ## ('从数据库获取apk链接写入日志', [])
[2020-05-19 05:55:00,733][11376][log_file.py][line: 23][DEBUG] ## ('从数据库获取apk链接写入日志', [])
[2020-05-19 06:00:00,732][4684][log_file.py][line: 23][DEBUG] ## ('从数据库获取apk链接写入日志', [])
[2020-05-19 06:05:00,749][6276][log_file.py][line: 23][DEBUG] ## ('从数据库获取apk链接写入日志', [])
[2020-05-19 06:10:00,733][1668][log_file.py][line: 23][DEBUG] ## ('从数据库获取apk链接写入日志', [])
[2020-05-19 06:15:01,599][8160][log_file.py][line: 23][DEBUG] ## ('从数据库获取apk链接写入日志', [])
[2020-05-19 06:20:00,729][12848][log_file.py][line: 23][DEBUG] ## ('从数据库获取apk链接写入日志', [])
[2020-05-19 06:25:01,786][6792][log_file.py][line: 23][DEBUG] ## ('从数据库获取apk链接写入日志', [])
[2020-05-19 06:30:00,723][7680][log_file.py][line: 23][DEBUG] ## ('从数据库获取apk链接写入日志', [])
[2020-05-19 06:35:00,734][4940][log_file.py][line: 23][DEBUG] ## ('从数据库获取apk链接写入日志', [])
[2020-05-19 06:40:00,753][12348][log_file.py][line: 23][DEBUG] ## ('从数据库获取apk链接写入日志', [])
[2020-05-19 06:45:00,712][3976][log_file.py][line: 23][DEBUG] ## ('从数据库获取apk链接写入日志', [])
[2020-05-19 06:50:00,739][8468][log_file.py][line: 23][DEBUG] ## ('从数据库获取apk链接写入日志', [])
[2020-05-19 06:55:00,745][7180][log_file.py][line: 23][DEBUG] ## ('从数据库获取apk链接写入日志', [])
[2020-05-19 07:00:00,719][11176][log_file.py][line: 23][DEBUG] ## ('从数据库获取apk链接写入日志', [])
[2020-05-19 07:05:00,686][9968][log_file.py][line: 23][DEBUG] ## ('从数据库获取apk链接写入日志', [])
[2020-05-19 07:10:00,815][10216][log_file.py][line: 23][DEBUG] ## ('从数据库获取apk链接写入日志', [])
[2020-05-19 07:15:00,714][11344][log_file.py][line: 23][DEBUG] ## ('从数据库获取apk链接写入日志', [])
[2020-05-19 07:20:00,721][10844][log_file.py][line: 23][DEBUG] ## ('从数据库获取apk链接写入日志', [])
[2020-05-19 07:25:00,715][9136][log_file.py][line: 23][DEBUG] ## ('从数据库获取apk链接写入日志', [])
[2020-05-19 07:30:00,736][11484][log_file.py][line: 23][DEBUG] ## ('从数据库获取apk链接写入日志', [])
[2020-05-19 07:35:01,264][2360][log_file.py][line: 23][DEBUG] ## ('从数据库获取apk链接写入日志', [])
[2020-05-19 07:40:00,728][2532][log_file.py][line: 23][DEBUG] ## ('从数据库获取apk链接写入日志', [])
[2020-05-19 07:45:00,758][12524][log_file.py][line: 23][DEBUG] ## ('从数据库获取apk链接写入日志', [])
[2020-05-19 07:50:00,768][8936][log_file.py][line: 23][DEBUG] ## ('从数据库获取apk链接写入日志', [])
[2020-05-19 07:55:00,777][11280][log_file.py][line: 23][DEBUG] ## ('从数据库获取apk链接写入日志', [])
[2020-05-19 08:00:00,730][11072][log_file.py][line: 23][DEBUG] ## ('从数据库获取apk链接写入日志', [])
[2020-05-19 08:05:00,711][11948][log_file.py][line: 23][DEBUG] ## ('从数据库获取apk链接写入日志', [])
[2020-05-19 08:10:00,745][10744][log_file.py][line: 23][DEBUG] ## ('从数据库获取apk链接写入日志', [])
[2020-05-19 08:15:00,707][12356][log_file.py][line: 23][DEBUG] ## ('从数据库获取apk链接写入日志', [])
[2020-05-19 08:20:00,740][10932][log_file.py][line: 23][DEBUG] ## ('从数据库获取apk链接写入日志', [])
[2020-05-19 08:25:01,682][12848][log_file.py][line: 23][DEBUG] ## ('从数据库获取apk链接写入日志', [])
[2020-05-19 08:30:00,664][556][log_file.py][line: 23][DEBUG] ## ('从数据库获取apk链接写入日志', [])
[2020-05-19 08:35:00,754][10756][log_file.py][line: 23][DEBUG] ## ('从数据库获取apk链接写入日志', [])
[2020-05-19 08:40:00,704][2112][log_file.py][line: 23][DEBUG] ## ('从数据库获取apk链接写入日志', [])
[2020-05-19 08:45:00,710][2492][log_file.py][line: 23][DEBUG] ## ('从数据库获取apk链接写入日志', [])
[2020-05-19 08:50:00,690][12868][log_file.py][line: 23][DEBUG] ## ('从数据库获取apk链接写入日志', [])
[2020-05-19 08:55:00,693][10936][log_file.py][line: 23][DEBUG] ## ('从数据库获取apk链接写入日志', [])
[2020-05-19 09:00:00,713][2272][log_file.py][line: 23][DEBUG] ## ('从数据库获取apk链接写入日志', [])
[2020-05-19 09:05:00,689][9684][log_file.py][line: 23][DEBUG] ## ('从数据库获取apk链接写入日志', [])
[2020-05-19 09:10:00,732][10588][log_file.py][line: 23][DEBUG] ## ('从数据库获取apk链接写入日志', [])
[2020-05-19 09:15:00,694][11548][log_file.py][line: 23][DEBUG] ## ('从数据库获取apk链接写入日志', [])
[2020-05-19 09:20:00,726][11452][log_file.py][line: 23][DEBUG] ## ('从数据库获取apk链接写入日志', [])
[2020-05-19 09:25:01,690][12140][log_file.py][line: 23][DEBUG] ## ('从数据库获取apk链接写入日志', [])
[2020-05-19 09:30:00,695][11912][log_file.py][line: 23][DEBUG] ## ('从数据库获取apk链接写入日志', [])
[2020-05-19 09:35:00,726][11648][log_file.py][line: 23][DEBUG] ## ('从数据库获取apk链接写入日志', [])
[2020-05-19 09:40:00,692][6192][log_file.py][line: 23][DEBUG] ## ('从数据库获取apk链接写入日志', [])
[2020-05-19 09:45:00,706][11012][log_file.py][line: 23][DEBUG] ## ('从数据库获取apk链接写入日志', [])
[2020-05-19 09:50:00,714][11268][log_file.py][line: 23][DEBUG] ## ('从数据库获取apk链接写入日志', [])
[2020-05-19 09:55:00,696][4756][log_file.py][line: 23][DEBUG] ## ('从数据库获取apk链接写入日志', [])
[2020-05-19 10:00:00,718][12596][log_file.py][line: 23][DEBUG] ## ('从数据库获取apk链接写入日志', [])
[2020-05-19 10:05:00,803][11708][log_file.py][line: 23][DEBUG] ## ('从数据库获取apk链接写入日志', ['http://pkg.superdalan.com/game.pkg/download?pkgId=2715&f=chwymxdzjtt_dalan_xy_dsdk_74_1.0.0_20200515_163704.apk'])
[2020-05-19 10:06:03,515][7556][log_file.py][line: 23][DEBUG] ## ('-----------54a4c6159804___20200515_163704.apk----节点1-----------下载校验结果：True',)
[2020-05-19 10:06:31,993][7556][log_file.py][line: 23][DEBUG] ## ('---------54a4c6159804___20200515_163704.apk-------节点2------安装返回结果：True',)
[2020-05-19 10:06:38,459][7556][log_file.py][line: 23][DEBUG] ## ("------------54a4c6159804___20200515_163704.apk----节点3---------拆包校验结果：True:['ec5f327503c58eb9a4ad02f34d65b373.jpg', '478ac16f060c2fdd87244bc39167dcf5.jpg']",)
[2020-05-19 10:08:44,372][7556][log_file.py][line: 23][DEBUG] ## ('-----------54a4c6159804___20200515_163704.apk----节点4----------打开游戏结果:False',)
[2020-05-19 10:10:00,659][11344][log_file.py][line: 23][DEBUG] ## ('从数据库获取apk链接写入日志', ['http://pkg.superdalan.com/game.pkg/download?pkgId=2715&f=chwymxdzjtt_dalan_xy_dsdk_74_1.0.0_20200515_163704.apk'])
[2020-05-19 10:10:19,297][10912][log_file.py][line: 23][DEBUG] ## ('-----------54a4c6159804___20200515_163704.apk----节点1-----------下载校验结果：True',)
[2020-05-19 10:10:44,739][10912][log_file.py][line: 23][DEBUG] ## ('---------54a4c6159804___20200515_163704.apk-------节点2------安装返回结果：True',)
[2020-05-19 10:10:49,491][10912][log_file.py][line: 23][DEBUG] ## ("------------54a4c6159804___20200515_163704.apk----节点3---------拆包校验结果：True:['ec5f327503c58eb9a4ad02f34d65b373.jpg', '478ac16f060c2fdd87244bc39167dcf5.jpg']",)
[2020-05-19 10:12:53,200][10912][log_file.py][line: 23][DEBUG] ## ('-----------54a4c6159804___20200515_163704.apk----节点4----------打开游戏结果:False',)
[2020-05-19 10:13:31,913][10912][log_file.py][line: 23][DEBUG] ## ('-----------54a4c6159804___20200515_163704.apk----节点5----------登录游戏结果:False',)
[2020-05-19 10:15:01,401][5176][log_file.py][line: 23][DEBUG] ## ('从数据库获取apk链接写入日志', ['http://pkg.superdalan.com/game.pkg/download?pkgId=2442&f=shjgdt_dalan_dsdk_48_1.0.0_20200519_101713.apk', 'http://pkg.superdalan.com/game.pkg/download?pkgId=2784&f=jwjtzflbgdtwng_dalan_dsdknopay_48_1.0.0_20200519_101500.apk'])
[2020-05-19 10:15:28,413][5840][log_file.py][line: 23][DEBUG] ## ('-----------R8AYIJWO99999999___20200519_101500.apk----节点1-----------下载校验结果：True',)
[2020-05-19 10:15:29,925][10916][log_file.py][line: 23][DEBUG] ## ('-----------54a4c6159804___20200519_101713.apk----节点1-----------下载校验结果：True',)
[2020-05-19 10:16:06,529][10916][log_file.py][line: 23][DEBUG] ## ('---------54a4c6159804___20200519_101713.apk-------节点2------安装返回结果：True',)
[2020-05-19 10:16:15,706][10916][log_file.py][line: 23][DEBUG] ## ("------------54a4c6159804___20200519_101713.apk----节点3---------拆包校验结果：True:['1d5fde3028e1175e3a0ce920219d708d.jpg', 'ef0334525653ef158f4212bb53a1d41f.jpg']",)
[2020-05-19 10:16:42,393][5840][log_file.py][line: 23][DEBUG] ## ('---------R8AYIJWO99999999___20200519_101500.apk-------节点2------安装返回结果：True',)
[2020-05-19 10:16:58,161][5840][log_file.py][line: 23][DEBUG] ## ('------------R8AYIJWO99999999___20200519_101500.apk----节点3---------拆包校验结果：True:[]',)
[2020-05-19 10:17:29,398][10916][log_file.py][line: 23][DEBUG] ## ('-----------54a4c6159804___20200519_101713.apk----节点4----------打开游戏结果:True',)
[2020-05-19 10:17:57,930][5840][log_file.py][line: 23][DEBUG] ## ('-----------R8AYIJWO99999999___20200519_101500.apk----节点4----------打开游戏结果:True',)
[2020-05-19 10:18:22,820][10916][log_file.py][line: 23][DEBUG] ## ('-----------54a4c6159804___20200519_101713.apk----节点5----------登录游戏结果:True',)
[2020-05-19 10:18:42,689][5840][log_file.py][line: 23][DEBUG] ## ('-----------R8AYIJWO99999999___20200519_101500.apk----节点5----------登录游戏结果:True',)
[2020-05-19 10:19:01,793][5840][log_file.py][line: 23][DEBUG] ## ('------R8AYIJWO99999999___20200519_101500.apk---节点6-------下单调起微信结果:False',)
[2020-05-19 10:19:08,210][10916][log_file.py][line: 23][DEBUG] ## ('------54a4c6159804___20200519_101713.apk---节点6-------下单调起微信结果:True',)
[2020-05-19 10:20:02,480][12360][log_file.py][line: 23][DEBUG] ## ('从数据库获取apk链接写入日志', ['http://pkg.superdalan.com/game.pkg/download?pkgId=2784&f=jwjtzflbgdtwng_dalan_dsdknopay_48_1.0.0_20200519_101500.apk'])
[2020-05-19 10:20:24,615][5852][log_file.py][line: 23][DEBUG] ## ('-----------54a4c6159804___20200519_101500.apk----节点1-----------下载校验结果：True',)
[2020-05-19 10:21:02,531][5852][log_file.py][line: 23][DEBUG] ## ('---------54a4c6159804___20200519_101500.apk-------节点2------安装返回结果：True',)
[2020-05-19 10:21:06,285][5852][log_file.py][line: 23][DEBUG] ## ('------------54a4c6159804___20200519_101500.apk----节点3---------拆包校验结果：True:[]',)
[2020-05-19 10:22:27,652][5852][log_file.py][line: 23][DEBUG] ## ('-----------54a4c6159804___20200519_101500.apk----节点4----------打开游戏结果:True',)
[2020-05-19 10:23:16,318][5852][log_file.py][line: 23][DEBUG] ## ('-----------54a4c6159804___20200519_101500.apk----节点5----------登录游戏结果:True',)
[2020-05-19 10:23:43,908][5852][log_file.py][line: 23][DEBUG] ## ('------54a4c6159804___20200519_101500.apk---节点6-------下单调起微信结果:False',)
[2020-05-19 10:25:02,255][4892][log_file.py][line: 23][DEBUG] ## ('从数据库获取apk链接写入日志', [])
[2020-05-19 10:30:00,740][11708][log_file.py][line: 23][DEBUG] ## ('从数据库获取apk链接写入日志', [])
[2020-05-19 10:35:00,810][7200][log_file.py][line: 23][DEBUG] ## ('从数据库获取apk链接写入日志', ['http://pkg.superdalan.com/game.pkg/download?pkgId=2393&f=shj_dalan_dsdk_48_1.0.0_20200519_103307.apk'])
[2020-05-19 10:37:05,135][11660][log_file.py][line: 23][DEBUG] ## ('-----------54a4c6159804___20200519_103307.apk----节点1-----------下载校验结果：True',)
[2020-05-19 10:37:49,117][11660][log_file.py][line: 23][DEBUG] ## ('---------54a4c6159804___20200519_103307.apk-------节点2------安装返回结果：True',)
[2020-05-19 10:37:56,664][11660][log_file.py][line: 23][DEBUG] ## ("------------54a4c6159804___20200519_103307.apk----节点3---------拆包校验结果：True:['ef0334525653ef158f4212bb53a1d41f.jpg', '1d5fde3028e1175e3a0ce920219d708d.jpg']",)
[2020-05-19 10:39:12,905][11660][log_file.py][line: 23][DEBUG] ## ('-----------54a4c6159804___20200519_103307.apk----节点4----------打开游戏结果:True',)
[2020-05-19 10:40:07,219][11660][log_file.py][line: 23][DEBUG] ## ('-----------54a4c6159804___20200519_103307.apk----节点5----------登录游戏结果:True',)
[2020-05-19 10:40:51,559][11660][log_file.py][line: 23][DEBUG] ## ('------54a4c6159804___20200519_103307.apk---节点6-------下单调起微信结果:True',)
[2020-05-19 10:45:02,959][10828][log_file.py][line: 23][DEBUG] ## ('从数据库获取apk链接写入日志', [])
[2020-05-19 10:50:00,752][6080][log_file.py][line: 23][DEBUG] ## ('从数据库获取apk链接写入日志', ['http://pkg.superdalan.com/game.pkg/download?pkgId=2687&f=mxdxcmxdzjgdt_dalan_xy_dsdk_74_1.0.0_20200519_105030.apk', 'http://pkg.superdalan.com/game.pkg/download?pkgId=2795&f=clhxsc_dalan_dsdk_59_1.0.0_20200519_105212.apk'])
[2020-05-19 10:50:21,499][6120][log_file.py][line: 23][DEBUG] ## ('-----------54a4c6159804___20200519_105030.apk----节点1-----------下载校验结果：True',)
[2020-05-19 10:50:34,746][13144][log_file.py][line: 23][DEBUG] ## ('-----------R8AYIJWO99999999___20200519_105212.apk----节点1-----------下载校验结果：True',)
[2020-05-19 10:50:47,004][6120][log_file.py][line: 23][DEBUG] ## ('---------54a4c6159804___20200519_105030.apk-------节点2------安装返回结果：True',)
[2020-05-19 10:51:34,280][6120][log_file.py][line: 23][DEBUG] ## ("------------54a4c6159804___20200519_105030.apk----节点3---------拆包校验结果：True:['ec5f327503c58eb9a4ad02f34d65b373.jpg', '478ac16f060c2fdd87244bc39167dcf5.jpg']",)
[2020-05-19 10:52:32,611][13144][log_file.py][line: 23][DEBUG] ## ('---------R8AYIJWO99999999___20200519_105212.apk-------节点2------安装返回结果：True',)
[2020-05-19 10:52:39,490][6120][log_file.py][line: 23][DEBUG] ## ('-----------54a4c6159804___20200519_105030.apk----节点4----------打开游戏结果:True',)
[2020-05-19 10:53:14,522][13144][log_file.py][line: 23][DEBUG] ## ("------------R8AYIJWO99999999___20200519_105212.apk----节点3---------拆包校验结果：True:['60c2b6d9945a8d9bd63b568d0e621dfe.jpg', '98b65feacc0b5316562704d1be464e08.jpg', '47c7d59c4b6eddeabac0181936ef85b3.jpg']",)
[2020-05-19 10:53:16,170][13144][log_file.py][line: 23][DEBUG] ## ('R8AYIJWO99999999___20200519_105212.apk此原名游戏尚未接入，敬请期待',)
[2020-05-19 10:53:38,434][6120][log_file.py][line: 23][DEBUG] ## ('-----------54a4c6159804___20200519_105030.apk----节点5----------登录游戏结果:True',)
[2020-05-19 10:54:18,501][6120][log_file.py][line: 23][DEBUG] ## ('------54a4c6159804___20200519_105030.apk---节点6-------下单调起微信结果:True',)
[2020-05-19 10:55:03,231][11388][log_file.py][line: 23][DEBUG] ## ('从数据库获取apk链接写入日志', ['http://pkg.superdalan.com/game.pkg/download?pkgId=2725&f=wpmxjtx_tianxie_android_74_1.0.0_20200519_105653.apk', 'http://pkg.superdalan.com/game.pkg/download?pkgId=2796&f=myfzsc_dalan_dsdk_59_1.0.0_20200519_105532.apk'])
[2020-05-19 10:55:32,080][9284][log_file.py][line: 23][DEBUG] ## ('-----------54a4c6159804___20200519_105653.apk----节点1-----------下载校验结果：True',)
[2020-05-19 10:55:52,214][1328][log_file.py][line: 23][DEBUG] ## ('-----------R8AYIJWO99999999___20200519_105532.apk----节点1-----------下载校验结果：True',)
[2020-05-19 10:55:55,747][9284][log_file.py][line: 23][DEBUG] ## ('---------54a4c6159804___20200519_105653.apk-------节点2------安装返回结果：True',)
[2020-05-19 10:55:55,915][9284][log_file.py][line: 23][DEBUG] ## ('--------54a4c6159804___20200519_105653.apk---节点3--------后台没有配置素材无需校验',)
[2020-05-19 10:57:45,083][1328][log_file.py][line: 23][DEBUG] ## ('---------R8AYIJWO99999999___20200519_105532.apk-------节点2------安装返回结果：True',)
[2020-05-19 10:57:54,943][9284][log_file.py][line: 23][DEBUG] ## ('-----------54a4c6159804___20200519_105653.apk----节点4----------打开游戏结果:True',)
[2020-05-19 10:58:18,637][1328][log_file.py][line: 23][DEBUG] ## ("------------R8AYIJWO99999999___20200519_105532.apk----节点3---------拆包校验结果：True:['24abd1892c046146c9f70576e9276ef9.jpg', '6934691000f0c38fe7fee73e28e08ff9.jpg', '4a323e80bfad84a2ae0f6c5ca7f6794a.jpg']",)
[2020-05-19 10:58:20,032][1328][log_file.py][line: 23][DEBUG] ## ('R8AYIJWO99999999___20200519_105532.apk此原名游戏尚未接入，敬请期待',)
[2020-05-19 10:58:34,143][9284][log_file.py][line: 23][DEBUG] ## ('-----------54a4c6159804___20200519_105653.apk----节点5----------登录游戏结果:False',)
[2020-05-19 11:00:02,686][8188][log_file.py][line: 23][DEBUG] ## ('从数据库获取apk链接写入日志', ['http://pkg.superdalan.com/game.pkg/download?pkgId=2684&f=chwyyzmxwtt_dalan_xy_dsdk_74_1.0.0_20200519_105808.apk', 'http://pkg.superdalan.com/game.pkg/download?pkgId=2685&f=chwydxcyztt_dalan_xy_dsdk_74_1.0.0_20200519_110233.apk', 'http://pkg.superdalan.com/game.pkg/download?pkgId=2725&f=wpmxjtx_tianxie_android_74_1.0.0_20200519_105653.apk'])
[2020-05-19 11:00:18,487][11840][log_file.py][line: 23][DEBUG] ## ('-----------R8AYIJWO99999999___20200519_110233.apk----节点1-----------下载校验结果：True',)
[2020-05-19 11:00:19,541][4104][log_file.py][line: 23][DEBUG] ## ('-----------54a4c6159804___20200519_105808.apk----节点1-----------下载校验结果：True',)
[2020-05-19 11:00:43,688][4104][log_file.py][line: 23][DEBUG] ## ('---------54a4c6159804___20200519_105808.apk-------节点2------安装返回结果：True',)
[2020-05-19 11:00:53,719][4104][log_file.py][line: 23][DEBUG] ## ("------------54a4c6159804___20200519_105808.apk----节点3---------拆包校验结果：True:['6793799a7dab43ee1f8ef815de68e627.jpg', '9ae4d43287c2f57e0b8934521dff38bd.jpg']",)
[2020-05-19 11:01:25,241][11840][log_file.py][line: 23][DEBUG] ## ('---------R8AYIJWO99999999___20200519_110233.apk-------节点2------安装返回结果：True',)
[2020-05-19 11:01:47,379][11840][log_file.py][line: 23][DEBUG] ## ("------------R8AYIJWO99999999___20200519_110233.apk----节点3---------拆包校验结果：True:['04a024b69fe9b210b35ac42b7988c1e2.jpg', '20f9cf7698548a67d68295a1d741e7e4.jpg']",)
[2020-05-19 11:02:18,256][4104][log_file.py][line: 23][DEBUG] ## ('-----------54a4c6159804___20200519_105808.apk----节点4----------打开游戏结果:True',)
[2020-05-19 11:03:14,906][11840][log_file.py][line: 23][DEBUG] ## ('-----------R8AYIJWO99999999___20200519_110233.apk----节点4----------打开游戏结果:True',)
[2020-05-19 11:03:18,554][4104][log_file.py][line: 23][DEBUG] ## ('-----------54a4c6159804___20200519_105808.apk----节点5----------登录游戏结果:True',)
[2020-05-19 11:03:57,421][4104][log_file.py][line: 23][DEBUG] ## ('------54a4c6159804___20200519_105808.apk---节点6-------下单调起微信结果:True',)
[2020-05-19 11:04:23,991][11840][log_file.py][line: 23][DEBUG] ## ('-----------R8AYIJWO99999999___20200519_110233.apk----节点5----------登录游戏结果:True',)
[2020-05-19 11:05:06,182][11840][log_file.py][line: 23][DEBUG] ## ('------R8AYIJWO99999999___20200519_110233.apk---节点6-------下单调起微信结果:True',)
[2020-05-19 11:05:28,772][7484][log_file.py][line: 23][DEBUG] ## ('-----------54a4c6159804___20200519_105653.apk----节点1-----------下载校验结果：True',)
[2020-05-19 11:05:52,592][7484][log_file.py][line: 23][DEBUG] ## ('---------54a4c6159804___20200519_105653.apk-------节点2------安装返回结果：True',)
[2020-05-19 11:05:52,735][7484][log_file.py][line: 23][DEBUG] ## ('--------54a4c6159804___20200519_105653.apk---节点3--------后台没有配置素材无需校验',)
[2020-05-19 11:07:50,450][7484][log_file.py][line: 23][DEBUG] ## ('-----------54a4c6159804___20200519_105653.apk----节点4----------打开游戏结果:True',)
[2020-05-19 11:08:29,643][7484][log_file.py][line: 23][DEBUG] ## ('-----------54a4c6159804___20200519_105653.apk----节点5----------登录游戏结果:False',)
[2020-05-19 11:08:44,830][7484][log_file.py][line: 23][DEBUG] ## ('------54a4c6159804___20200519_105653.apk---节点6-------下单调起微信结果:False',)
[2020-05-19 11:10:02,233][12728][log_file.py][line: 23][DEBUG] ## ('从数据库获取apk链接写入日志', ['http://pkg.superdalan.com/game.pkg/download?pkgId=2695&f=chwydxcygjsgdt_dalan_xy_dsdk_74_1.0.0_20200519_110756.apk'])
[2020-05-19 11:10:32,856][5912][log_file.py][line: 23][DEBUG] ## ('-----------54a4c6159804___20200519_110756.apk----节点1-----------下载校验结果：True',)
[2020-05-19 11:11:58,711][5912][log_file.py][line: 23][DEBUG] ## ('---------54a4c6159804___20200519_110756.apk-------节点2------安装返回结果：未知异常_404',)
[2020-05-19 11:15:00,787][12748][log_file.py][line: 23][DEBUG] ## ('从数据库获取apk链接写入日志', [])
[2020-05-19 11:20:00,710][11408][log_file.py][line: 23][DEBUG] ## ('从数据库获取apk链接写入日志', [])
[2020-05-19 11:25:01,053][9324][log_file.py][line: 23][DEBUG] ## ('从数据库获取apk链接写入日志', [])
[2020-05-19 11:30:00,776][11872][log_file.py][line: 23][DEBUG] ## ('从数据库获取apk链接写入日志', ['http://pkg.superdalan.com/game.pkg/download?pkgId=2690&f=chwymxdzjgdt_dalan_xy_dsdk_74_1.0.0_20200515_142655.apk', 'http://pkg.superdalan.com/game.pkg/download?pkgId=2690&f=chwymxdzjgdt_dalan_xy_dsdk_74_1.0.0_20200519_113046.apk'])
[2020-05-19 11:31:37,644][2532][log_file.py][line: 23][DEBUG] ## ('-----------R8AYIJWO99999999___20200519_113046.apk----节点1-----------下载校验结果：True',)
[2020-05-19 11:31:37,779][556][log_file.py][line: 23][DEBUG] ## ('-----------54a4c6159804___20200515_142655.apk----节点1-----------下载校验结果：True',)
[2020-05-19 11:32:04,517][556][log_file.py][line: 23][DEBUG] ## ('---------54a4c6159804___20200515_142655.apk-------节点2------安装返回结果：True',)
[2020-05-19 11:32:12,108][556][log_file.py][line: 23][DEBUG] ## ('------------54a4c6159804___20200515_142655.apk----节点3---------拆包校验结果：False:素材及应用名都匹配失败',)
[2020-05-19 11:33:02,849][2532][log_file.py][line: 23][DEBUG] ## ('---------R8AYIJWO99999999___20200519_113046.apk-------节点2------安装返回结果：未知异常_404',)
[2020-05-19 11:35:02,183][12688][log_file.py][line: 23][DEBUG] ## ('从数据库获取apk链接写入日志', ['http://pkg.superdalan.com/game.pkg/download?pkgId=2669&f=mxdlry26_rongyao_android_74_1.0.0_20200519_113426.apk', 'http://pkg.superdalan.com/game.pkg/download?pkgId=2718&f=chwymxdzjgdt_dalan_xy_dsdk_74_1.0.0_20200519_113046.apk', 'http://pkg.superdalan.com/game.pkg/download?pkgId=2718&f=chwymxdzjgdt_dalan_xy_dsdk_74_1.0.0_20200519_113726.apk'])
[2020-05-19 11:35:21,957][4236][log_file.py][line: 23][DEBUG] ## ('-----------54a4c6159804___20200519_113426.apk----节点1-----------下载校验结果：True',)
[2020-05-19 11:35:22,236][12992][log_file.py][line: 23][DEBUG] ## ('-----------R8AYIJWO99999999___20200519_113046.apk----节点1-----------下载校验结果：True',)
[2020-05-19 11:36:07,928][12992][log_file.py][line: 23][DEBUG] ## ('---------R8AYIJWO99999999___20200519_113046.apk-------节点2------安装返回结果：True',)
[2020-05-19 11:36:21,348][12992][log_file.py][line: 23][DEBUG] ## ('------------R8AYIJWO99999999___20200519_113046.apk----节点3---------拆包校验结果：False:素材及应用名都匹配失败',)
[2020-05-19 11:36:46,805][4236][log_file.py][line: 23][DEBUG] ## ('---------54a4c6159804___20200519_113426.apk-------节点2------安装返回结果：未知异常_404',)
[2020-05-19 11:37:02,110][12568][log_file.py][line: 23][DEBUG] ## ('-----------54a4c6159804___20200519_113726.apk----节点1-----------下载校验结果：True',)
[2020-05-19 11:40:00,721][5672][log_file.py][line: 23][DEBUG] ## ('从数据库获取apk链接写入日志', ['http://pkg.superdalan.com/game.pkg/download?pkgId=2709&f=chwyxqsgtt_dalan_xy_dsdk_74_1.0.0_20200519_114040.apk', 'http://pkg.superdalan.com/game.pkg/download?pkgId=2718&f=chwymxdzjgdt_dalan_xy_dsdk_74_1.0.0_20200519_113726.apk'])
[2020-05-19 11:45:00,755][11348][log_file.py][line: 23][DEBUG] ## ('从数据库获取apk链接写入日志', ['http://pkg.superdalan.com/game.pkg/download?pkgId=2695&f=chwydxcygjsgdt_dalan_xy_dsdk_74_1.0.0_20200519_110756.apk', 'http://pkg.superdalan.com/game.pkg/download?pkgId=2709&f=chwyxqsgtt_dalan_xy_dsdk_74_1.0.0_20200519_114040.apk', 'http://pkg.superdalan.com/game.pkg/download?pkgId=2718&f=chwymxdzjgdt_dalan_xy_dsdk_74_1.0.0_20200519_113726.apk', 'http://pkg.superdalan.com/game.pkg/download?pkgId=2795&f=clhxsc_dalan_dsdk_59_1.0.0_20200519_114712.apk'])
[2020-05-19 11:45:17,436][4372][log_file.py][line: 23][DEBUG] ## ('-----------R8AYIJWO99999999___20200519_114040.apk----节点1-----------下载校验结果：True',)
[2020-05-19 11:45:19,861][876][log_file.py][line: 23][DEBUG] ## ('-----------54a4c6159804___20200519_110756.apk----节点1-----------下载校验结果：True',)
[2020-05-19 11:45:42,878][876][log_file.py][line: 23][DEBUG] ## ('---------54a4c6159804___20200519_110756.apk-------节点2------安装返回结果：True',)
[2020-05-19 11:45:50,237][876][log_file.py][line: 23][DEBUG] ## ("------------54a4c6159804___20200519_110756.apk----节点3---------拆包校验结果：True:['a7cca06070429765e276a636c8a755ad.jpg', '8c8b1cf9f9f23eecbfaddcb66fe4933e.jpg']",)
[2020-05-19 11:46:00,552][4372][log_file.py][line: 23][DEBUG] ## ('---------R8AYIJWO99999999___20200519_114040.apk-------节点2------安装返回结果：True',)
[2020-05-19 11:46:20,702][4372][log_file.py][line: 23][DEBUG] ## ("------------R8AYIJWO99999999___20200519_114040.apk----节点3---------拆包校验结果：True:['26d3870fd328fa3175198e5504d11c7f.jpg', 'f739b25437294ef01ba11c0f3f006f7b.jpg']",)
[2020-05-19 11:47:16,467][876][log_file.py][line: 23][DEBUG] ## ('-----------54a4c6159804___20200519_110756.apk----节点4----------打开游戏结果:True',)
[2020-05-19 11:47:24,469][4372][log_file.py][line: 23][DEBUG] ## ('-----------R8AYIJWO99999999___20200519_114040.apk----节点4----------打开游戏结果:True',)
[2020-05-19 11:48:17,305][876][log_file.py][line: 23][DEBUG] ## ('-----------54a4c6159804___20200519_110756.apk----节点5----------登录游戏结果:True',)
[2020-05-19 11:48:25,949][4372][log_file.py][line: 23][DEBUG] ## ('-----------R8AYIJWO99999999___20200519_114040.apk----节点5----------登录游戏结果:True',)
[2020-05-19 11:49:06,241][876][log_file.py][line: 23][DEBUG] ## ('------54a4c6159804___20200519_110756.apk---节点6-------下单调起微信结果:True',)
[2020-05-19 11:49:07,594][4372][log_file.py][line: 23][DEBUG] ## ('------R8AYIJWO99999999___20200519_114040.apk---节点6-------下单调起微信结果:True',)
[2020-05-19 11:50:02,518][12952][log_file.py][line: 23][DEBUG] ## ('-----------54a4c6159804___20200519_113726.apk----节点1-----------下载校验结果：True',)
[2020-05-19 11:50:13,809][11016][log_file.py][line: 23][DEBUG] ## ('-----------R8AYIJWO99999999___20200519_114712.apk----节点1-----------下载校验结果：True',)
[2020-05-19 11:50:27,911][12952][log_file.py][line: 23][DEBUG] ## ('---------54a4c6159804___20200519_113726.apk-------节点2------安装返回结果：True',)
[2020-05-19 11:50:33,913][12952][log_file.py][line: 23][DEBUG] ## ("------------54a4c6159804___20200519_113726.apk----节点3---------拆包校验结果：True:['8d659c8009bb316763652156ba2b999a.jpg', 'ec5f327503c58eb9a4ad02f34d65b373.jpg']",)
[2020-05-19 11:51:31,787][11016][log_file.py][line: 23][DEBUG] ## ('---------R8AYIJWO99999999___20200519_114712.apk-------节点2------安装返回结果：True',)
[2020-05-19 11:51:57,524][11016][log_file.py][line: 23][DEBUG] ## ("------------R8AYIJWO99999999___20200519_114712.apk----节点3---------拆包校验结果：True:['60c2b6d9945a8d9bd63b568d0e621dfe.jpg', '98b65feacc0b5316562704d1be464e08.jpg', '47c7d59c4b6eddeabac0181936ef85b3.jpg']",)
[2020-05-19 11:51:58,365][11016][log_file.py][line: 23][DEBUG] ## ('R8AYIJWO99999999___20200519_114712.apk此原名游戏尚未接入，敬请期待',)
[2020-05-19 11:51:59,559][12952][log_file.py][line: 23][DEBUG] ## ('-----------54a4c6159804___20200519_113726.apk----节点4----------打开游戏结果:True',)
[2020-05-19 11:52:59,380][12952][log_file.py][line: 23][DEBUG] ## ('-----------54a4c6159804___20200519_113726.apk----节点5----------登录游戏结果:True',)
[2020-05-19 11:53:38,648][12952][log_file.py][line: 23][DEBUG] ## ('------54a4c6159804___20200519_113726.apk---节点6-------下单调起微信结果:True',)
[2020-05-19 11:55:02,295][11604][log_file.py][line: 23][DEBUG] ## ('从数据库获取apk链接写入日志', ['http://pkg.superdalan.com/game.pkg/download?pkgId=2795&f=clhxsc_dalan_dsdk_59_1.0.0_20200519_115511.apk', 'http://pkg.superdalan.com/game.pkg/download?pkgId=2796&f=myfzsc_dalan_dsdk_59_1.0.0_20200519_114825.apk'])
[2020-05-19 11:59:44,074][7668][log_file.py][line: 23][DEBUG] ## ('-----------R8AYIJWO99999999___20200519_114825.apk----节点1-----------下载校验结果：True',)
[2020-05-19 11:59:48,340][2912][log_file.py][line: 23][DEBUG] ## ('-----------54a4c6159804___20200519_115511.apk----节点1-----------下载校验结果：True',)
[2020-05-19 12:00:27,880][2912][log_file.py][line: 23][DEBUG] ## ('---------54a4c6159804___20200519_115511.apk-------节点2------安装返回结果：True',)
[2020-05-19 12:00:45,834][2912][log_file.py][line: 23][DEBUG] ## ("------------54a4c6159804___20200519_115511.apk----节点3---------拆包校验结果：True:['98b65feacc0b5316562704d1be464e08.jpg', '47c7d59c4b6eddeabac0181936ef85b3.jpg', '60c2b6d9945a8d9bd63b568d0e621dfe.jpg']",)
[2020-05-19 12:00:47,662][2912][log_file.py][line: 23][DEBUG] ## ('54a4c6159804___20200519_115511.apk此原名游戏尚未接入，敬请期待',)
[2020-05-19 12:01:08,500][7668][log_file.py][line: 23][DEBUG] ## ('---------R8AYIJWO99999999___20200519_114825.apk-------节点2------安装返回结果：True',)
[2020-05-19 12:01:47,191][7668][log_file.py][line: 23][DEBUG] ## ("------------R8AYIJWO99999999___20200519_114825.apk----节点3---------拆包校验结果：True:['24abd1892c046146c9f70576e9276ef9.jpg', '98b65feacc0b5316562704d1be464e08.jpg', '60c2b6d9945a8d9bd63b568d0e621dfe.jpg']",)
[2020-05-19 12:01:50,709][7668][log_file.py][line: 23][DEBUG] ## ('R8AYIJWO99999999___20200519_114825.apk此原名游戏尚未接入，敬请期待',)
[2020-05-19 12:05:02,968][4232][log_file.py][line: 23][DEBUG] ## ('从数据库获取apk链接写入日志', ['http://pkg.superdalan.com/game.pkg/download?pkgId=2795&f=clhxsc_dalan_dsdk_59_1.0.0_20200519_120058.apk'])
[2020-05-19 12:05:34,101][12796][log_file.py][line: 23][DEBUG] ## ('-----------54a4c6159804___20200519_120058.apk----节点1-----------下载校验结果：True',)
[2020-05-19 12:06:25,211][12796][log_file.py][line: 23][DEBUG] ## ('---------54a4c6159804___20200519_120058.apk-------节点2------安装返回结果：True',)
[2020-05-19 12:06:40,359][12796][log_file.py][line: 23][DEBUG] ## ("------------54a4c6159804___20200519_120058.apk----节点3---------拆包校验结果：True:['98b65feacc0b5316562704d1be464e08.jpg', '60c2b6d9945a8d9bd63b568d0e621dfe.jpg', '47c7d59c4b6eddeabac0181936ef85b3.jpg']",)
[2020-05-19 12:06:41,190][12796][log_file.py][line: 23][DEBUG] ## ('54a4c6159804___20200519_120058.apk此原名游戏尚未接入，敬请期待',)
[2020-05-19 12:10:00,698][11716][log_file.py][line: 23][DEBUG] ## ('从数据库获取apk链接写入日志', [])
[2020-05-19 12:15:00,918][11008][log_file.py][line: 23][DEBUG] ## ('从数据库获取apk链接写入日志', [])
[2020-05-19 12:20:00,756][10756][log_file.py][line: 23][DEBUG] ## ('从数据库获取apk链接写入日志', [])
[2020-05-19 12:25:00,787][4904][log_file.py][line: 23][DEBUG] ## ('从数据库获取apk链接写入日志', ['http://pkg.superdalan.com/game.pkg/download?pkgId=2795&f=clhxsc_dalan_dsdk_59_1.0.0_20200519_122413.apk', 'http://pkg.superdalan.com/game.pkg/download?pkgId=2797&f=hbcs_dalan_xy_dsdk_74_1.0.0_20200519_122613.apk'])
[2020-05-19 12:25:16,537][11868][log_file.py][line: 23][DEBUG] ## ('-----------R8AYIJWO99999999___20200519_122613.apk----节点1-----------下载校验结果：True',)
[2020-05-19 12:25:31,724][11384][log_file.py][line: 23][DEBUG] ## ('-----------54a4c6159804___20200519_122413.apk----节点1-----------下载校验结果：True',)
[2020-05-19 12:26:02,239][11868][log_file.py][line: 23][DEBUG] ## ('---------R8AYIJWO99999999___20200519_122613.apk-------节点2------安装返回结果：True',)
[2020-05-19 12:26:02,374][11868][log_file.py][line: 23][DEBUG] ## ('--------R8AYIJWO99999999___20200519_122613.apk---节点3--------后台没有配置素材无需校验',)
[2020-05-19 12:26:14,553][11384][log_file.py][line: 23][DEBUG] ## ('---------54a4c6159804___20200519_122413.apk-------节点2------安装返回结果：True',)
[2020-05-19 12:26:19,355][11384][log_file.py][line: 23][DEBUG] ## ('------------54a4c6159804___20200519_122413.apk----节点3---------拆包校验结果：True:[]',)
[2020-05-19 12:26:22,221][11384][log_file.py][line: 23][DEBUG] ## ('54a4c6159804___20200519_122413.apk此原名游戏尚未接入，敬请期待',)
[2020-05-19 12:27:08,140][11868][log_file.py][line: 23][DEBUG] ## ('-----------R8AYIJWO99999999___20200519_122613.apk----节点4----------打开游戏结果:True',)
[2020-05-19 12:28:06,699][11868][log_file.py][line: 23][DEBUG] ## ('-----------R8AYIJWO99999999___20200519_122613.apk----节点5----------登录游戏结果:True',)
[2020-05-19 12:28:44,693][11868][log_file.py][line: 23][DEBUG] ## ('------R8AYIJWO99999999___20200519_122613.apk---节点6-------下单调起微信结果:True',)
[2020-05-19 12:30:01,675][3332][log_file.py][line: 23][DEBUG] ## ('从数据库获取apk链接写入日志', ['http://pkg.superdalan.com/game.pkg/download?pkgId=2777&f=szymr1xysdk_dalan_xy_dsdk_65_1.0.0_20200519_123229.apk', 'http://pkg.superdalan.com/game.pkg/download?pkgId=2795&f=clhxsc_dalan_dsdk_59_1.0.0_20200519_123012.apk', 'http://pkg.superdalan.com/game.pkg/download?pkgId=2796&f=myfzsc_dalan_dsdk_59_1.0.0_20200519_123111.apk'])
[2020-05-19 12:30:16,398][12044][log_file.py][line: 23][DEBUG] ## ('-----------54a4c6159804___20200519_123229.apk----节点1-----------下载校验结果：True',)
[2020-05-19 12:30:28,661][12884][log_file.py][line: 23][DEBUG] ## ('-----------R8AYIJWO99999999___20200519_123012.apk----节点1-----------下载校验结果：True',)
[2020-05-19 12:30:41,060][12044][log_file.py][line: 23][DEBUG] ## ('---------54a4c6159804___20200519_123229.apk-------节点2------安装返回结果：True',)
[2020-05-19 12:30:47,008][12044][log_file.py][line: 23][DEBUG] ## ("------------54a4c6159804___20200519_123229.apk----节点3---------拆包校验结果：True:['4b07c21865f925f0095ca38560adc3eb.jpg', 'acd110185c848c06be3224ad25a6758f.jpg', 'd86c5b6c521077edbdceb0d0111d7f7b.jpg']",)
[2020-05-19 12:30:47,986][12044][log_file.py][line: 23][DEBUG] ## ('54a4c6159804___20200519_123229.apk此原名游戏尚未接入，敬请期待',)
[2020-05-19 12:31:50,638][12884][log_file.py][line: 23][DEBUG] ## ('---------R8AYIJWO99999999___20200519_123012.apk-------节点2------安装返回结果：True',)
[2020-05-19 12:32:06,671][12884][log_file.py][line: 23][DEBUG] ## ('------------R8AYIJWO99999999___20200519_123012.apk----节点3---------拆包校验结果：True:[]',)
[2020-05-19 12:32:08,255][12884][log_file.py][line: 23][DEBUG] ## ('R8AYIJWO99999999___20200519_123012.apk此原名游戏尚未接入，敬请期待',)
[2020-05-19 12:32:32,568][12388][log_file.py][line: 23][DEBUG] ## ('-----------54a4c6159804___20200519_123111.apk----节点1-----------下载校验结果：True',)
[2020-05-19 12:33:20,860][12388][log_file.py][line: 23][DEBUG] ## ('---------54a4c6159804___20200519_123111.apk-------节点2------安装返回结果：True',)
[2020-05-19 12:33:27,205][12388][log_file.py][line: 23][DEBUG] ## ('------------54a4c6159804___20200519_123111.apk----节点3---------拆包校验结果：True:[]',)
[2020-05-19 12:33:28,654][12388][log_file.py][line: 23][DEBUG] ## ('54a4c6159804___20200519_123111.apk此原名游戏尚未接入，敬请期待',)
[2020-05-19 12:35:01,308][3152][log_file.py][line: 23][DEBUG] ## ('从数据库获取apk链接写入日志', [])
[2020-05-19 12:40:00,758][7380][log_file.py][line: 23][DEBUG] ## ('从数据库获取apk链接写入日志', [])
[2020-05-19 12:45:00,976][12976][log_file.py][line: 23][DEBUG] ## ('从数据库获取apk链接写入日志', [])
[2020-05-19 12:50:00,725][10988][log_file.py][line: 23][DEBUG] ## ('从数据库获取apk链接写入日志', [])
[2020-05-19 12:55:00,689][4784][log_file.py][line: 23][DEBUG] ## ('从数据库获取apk链接写入日志', [])
[2020-05-19 13:00:00,695][12836][log_file.py][line: 23][DEBUG] ## ('从数据库获取apk链接写入日志', [])
[2020-05-19 13:05:00,712][8060][log_file.py][line: 23][DEBUG] ## ('从数据库获取apk链接写入日志', [])
[2020-05-19 13:10:00,699][6160][log_file.py][line: 23][DEBUG] ## ('从数据库获取apk链接写入日志', [])
[2020-05-19 13:15:00,695][2424][log_file.py][line: 23][DEBUG] ## ('从数据库获取apk链接写入日志', [])
[2020-05-19 13:20:00,675][10056][log_file.py][line: 23][DEBUG] ## ('从数据库获取apk链接写入日志', [])
[2020-05-19 13:25:00,699][12444][log_file.py][line: 23][DEBUG] ## ('从数据库获取apk链接写入日志', [])
[2020-05-19 13:30:00,735][2412][log_file.py][line: 23][DEBUG] ## ('从数据库获取apk链接写入日志', [])
[2020-05-19 13:35:00,686][11308][log_file.py][line: 23][DEBUG] ## ('从数据库获取apk链接写入日志', [])
[2020-05-19 13:40:00,808][12088][log_file.py][line: 23][DEBUG] ## ('从数据库获取apk链接写入日志', [])
[2020-05-19 13:45:00,693][12576][log_file.py][line: 23][DEBUG] ## ('从数据库获取apk链接写入日志', [])
[2020-05-19 13:50:00,678][8280][log_file.py][line: 23][DEBUG] ## ('从数据库获取apk链接写入日志', [])
[2020-05-19 13:55:00,699][4188][log_file.py][line: 23][DEBUG] ## ('从数据库获取apk链接写入日志', [])
[2020-05-19 14:00:00,741][12472][log_file.py][line: 23][DEBUG] ## ('从数据库获取apk链接写入日志', [])
[2020-05-19 14:05:00,704][11676][log_file.py][line: 23][DEBUG] ## ('从数据库获取apk链接写入日志', ['http://pkg.superdalan.com/game.pkg/download?pkgId=2206&f=clhxtt_dalan_dsdk_59_1.0.0_20200519_140729.apk', 'http://pkg.superdalan.com/game.pkg/download?pkgId=2690&f=chwymxdzjgdt_dalan_xy_dsdk_74_1.0.0_20200519_113046.apk'])
[2020-05-19 14:06:49,826][3796][log_file.py][line: 23][DEBUG] ## ('-----------R8AYIJWO99999999___20200519_113046.apk----节点1-----------下载校验结果：True',)
[2020-05-19 14:07:09,104][13024][log_file.py][line: 23][DEBUG] ## ('-----------54a4c6159804___20200519_140729.apk----节点1-----------下载校验结果：True',)
[2020-05-19 14:07:34,017][3796][log_file.py][line: 23][DEBUG] ## ('---------R8AYIJWO99999999___20200519_113046.apk-------节点2------安装返回结果：True',)
[2020-05-19 14:07:41,583][3796][log_file.py][line: 23][DEBUG] ## ("------------R8AYIJWO99999999___20200519_113046.apk----节点3---------拆包校验结果：True:['478ac16f060c2fdd87244bc39167dcf5.jpg', 'ec5f327503c58eb9a4ad02f34d65b373.jpg']",)
[2020-05-19 14:07:54,761][13024][log_file.py][line: 23][DEBUG] ## ('---------54a4c6159804___20200519_140729.apk-------节点2------安装返回结果：True',)
[2020-05-19 14:07:54,907][13024][log_file.py][line: 23][DEBUG] ## ('--------54a4c6159804___20200519_140729.apk---节点3--------后台没有配置素材无需校验',)
[2020-05-19 14:08:02,529][13024][log_file.py][line: 23][DEBUG] ## ('54a4c6159804___20200519_140729.apk此原名游戏尚未接入，敬请期待',)
[2020-05-19 14:09:28,176][3796][log_file.py][line: 23][DEBUG] ## ('-----------R8AYIJWO99999999___20200519_113046.apk----节点4----------打开游戏结果:False',)
[2020-05-19 14:10:01,814][12112][log_file.py][line: 23][DEBUG] ## ('从数据库获取apk链接写入日志', ['http://pkg.superdalan.com/game.pkg/download?pkgId=2208&f=hhfztt_dalan_dsdk_59_1.0.0_20200519_140943.apk', 'http://pkg.superdalan.com/game.pkg/download?pkgId=2690&f=chwymxdzjgdt_dalan_xy_dsdk_74_1.0.0_20200519_113046.apk'])
[2020-05-19 14:10:21,570][7184][log_file.py][line: 23][DEBUG] ## ('-----------R8AYIJWO99999999___20200519_113046.apk----节点1-----------下载校验结果：True',)
[2020-05-19 14:10:35,991][11028][log_file.py][line: 23][DEBUG] ## ('-----------54a4c6159804___20200519_140943.apk----节点1-----------下载校验结果：True',)
[2020-05-19 14:11:03,457][7184][log_file.py][line: 23][DEBUG] ## ('---------R8AYIJWO99999999___20200519_113046.apk-------节点2------安装返回结果：True',)
[2020-05-19 14:11:07,895][7184][log_file.py][line: 23][DEBUG] ## ("------------R8AYIJWO99999999___20200519_113046.apk----节点3---------拆包校验结果：True:['ec5f327503c58eb9a4ad02f34d65b373.jpg', '478ac16f060c2fdd87244bc39167dcf5.jpg']",)
[2020-05-19 14:11:16,124][11028][log_file.py][line: 23][DEBUG] ## ('---------54a4c6159804___20200519_140943.apk-------节点2------安装返回结果：True',)
[2020-05-19 14:11:16,245][11028][log_file.py][line: 23][DEBUG] ## ('--------54a4c6159804___20200519_140943.apk---节点3--------后台没有配置素材无需校验',)
[2020-05-19 14:11:21,551][11028][log_file.py][line: 23][DEBUG] ## ('54a4c6159804___20200519_140943.apk此原名游戏尚未接入，敬请期待',)
[2020-05-19 14:12:05,199][7184][log_file.py][line: 23][DEBUG] ## ('-----------R8AYIJWO99999999___20200519_113046.apk----节点4----------打开游戏结果:True',)
[2020-05-19 14:13:02,916][7184][log_file.py][line: 23][DEBUG] ## ('-----------R8AYIJWO99999999___20200519_113046.apk----节点5----------登录游戏结果:True',)
[2020-05-19 14:13:45,874][7184][log_file.py][line: 23][DEBUG] ## ('------R8AYIJWO99999999___20200519_113046.apk---节点6-------下单调起微信结果:True',)
[2020-05-19 14:15:01,614][9060][log_file.py][line: 23][DEBUG] ## ('从数据库获取apk链接写入日志', [])
[2020-05-19 14:20:00,757][13076][log_file.py][line: 23][DEBUG] ## ('从数据库获取apk链接写入日志', [])
[2020-05-19 14:25:00,726][10768][log_file.py][line: 23][DEBUG] ## ('从数据库获取apk链接写入日志', [])
[2020-05-19 14:30:00,770][12116][log_file.py][line: 23][DEBUG] ## ('从数据库获取apk链接写入日志', [])
[2020-05-19 14:35:00,760][9176][log_file.py][line: 23][DEBUG] ## ('从数据库获取apk链接写入日志', ['http://pkg.superdalan.com/game.pkg/download?pkgId=2715&f=chwymxdzjtt_dalan_xy_dsdk_74_1.0.0_20200519_143809.apk'])
[2020-05-19 14:36:03,366][5160][log_file.py][line: 23][DEBUG] ## ('-----------54a4c6159804___20200519_143809.apk----节点1-----------下载校验结果：True',)
[2020-05-19 14:36:28,769][5160][log_file.py][line: 23][DEBUG] ## ('---------54a4c6159804___20200519_143809.apk-------节点2------安装返回结果：True',)
[2020-05-19 14:36:33,660][5160][log_file.py][line: 23][DEBUG] ## ("------------54a4c6159804___20200519_143809.apk----节点3---------拆包校验结果：True:['ec5f327503c58eb9a4ad02f34d65b373.jpg', '478ac16f060c2fdd87244bc39167dcf5.jpg']",)
[2020-05-19 14:38:36,983][5160][log_file.py][line: 23][DEBUG] ## ('-----------54a4c6159804___20200519_143809.apk----节点4----------打开游戏结果:False',)
[2020-05-19 14:40:00,715][11624][log_file.py][line: 23][DEBUG] ## ('从数据库获取apk链接写入日志', ['http://pkg.superdalan.com/game.pkg/download?pkgId=2715&f=chwymxdzjtt_dalan_xy_dsdk_74_1.0.0_20200519_143809.apk'])
[2020-05-19 14:40:18,937][12580][log_file.py][line: 23][DEBUG] ## ('-----------54a4c6159804___20200519_143809.apk----节点1-----------下载校验结果：True',)
[2020-05-19 14:40:40,484][12580][log_file.py][line: 23][DEBUG] ## ('---------54a4c6159804___20200519_143809.apk-------节点2------安装返回结果：True',)
[2020-05-19 14:40:44,781][12580][log_file.py][line: 23][DEBUG] ## ("------------54a4c6159804___20200519_143809.apk----节点3---------拆包校验结果：True:['ec5f327503c58eb9a4ad02f34d65b373.jpg', '478ac16f060c2fdd87244bc39167dcf5.jpg']",)
[2020-05-19 14:42:45,772][12580][log_file.py][line: 23][DEBUG] ## ('-----------54a4c6159804___20200519_143809.apk----节点4----------打开游戏结果:False',)
[2020-05-19 14:43:23,226][12580][log_file.py][line: 23][DEBUG] ## ('-----------54a4c6159804___20200519_143809.apk----节点5----------登录游戏结果:False',)
[2020-05-19 14:45:00,659][1332][log_file.py][line: 23][DEBUG] ## ('从数据库获取apk链接写入日志', [])
[2020-05-19 14:50:00,689][13212][log_file.py][line: 23][DEBUG] ## ('从数据库获取apk链接写入日志', ['http://pkg.superdalan.com/game.pkg/download?pkgId=2715&f=chwymxdzjtt_dalan_xy_dsdk_74_1.0.0_20200519_143809.apk'])
[2020-05-19 14:51:03,133][12540][log_file.py][line: 23][DEBUG] ## ('-----------54a4c6159804___20200519_143809.apk----节点1-----------下载校验结果：True',)
[2020-05-19 14:51:25,736][12540][log_file.py][line: 23][DEBUG] ## ('---------54a4c6159804___20200519_143809.apk-------节点2------安装返回结果：True',)
[2020-05-19 14:51:30,697][12540][log_file.py][line: 23][DEBUG] ## ("------------54a4c6159804___20200519_143809.apk----节点3---------拆包校验结果：True:['478ac16f060c2fdd87244bc39167dcf5.jpg', 'ec5f327503c58eb9a4ad02f34d65b373.jpg']",)
[2020-05-19 14:53:35,517][12540][log_file.py][line: 23][DEBUG] ## ('-----------54a4c6159804___20200519_143809.apk----节点4----------打开游戏结果:True',)
[2020-05-19 14:54:35,752][12540][log_file.py][line: 23][DEBUG] ## ('-----------54a4c6159804___20200519_143809.apk----节点5----------登录游戏结果:True',)
[2020-05-19 14:55:14,764][12540][log_file.py][line: 23][DEBUG] ## ('------54a4c6159804___20200519_143809.apk---节点6-------下单调起微信结果:True',)
[2020-05-19 15:00:00,877][3816][log_file.py][line: 23][DEBUG] ## ('从数据库获取apk链接写入日志', [])
[2020-05-19 15:05:00,801][2564][log_file.py][line: 23][DEBUG] ## ('从数据库获取apk链接写入日志', [])
[2020-05-19 15:10:00,709][12864][log_file.py][line: 23][DEBUG] ## ('从数据库获取apk链接写入日志', [])
[2020-05-19 15:15:00,709][8044][log_file.py][line: 23][DEBUG] ## ('从数据库获取apk链接写入日志', [])
[2020-05-19 15:20:00,700][12632][log_file.py][line: 23][DEBUG] ## ('从数据库获取apk链接写入日志', [])
[2020-05-19 15:25:00,720][7196][log_file.py][line: 23][DEBUG] ## ('从数据库获取apk链接写入日志', [])
[2020-05-19 15:30:00,719][11704][log_file.py][line: 23][DEBUG] ## ('从数据库获取apk链接写入日志', [])
[2020-05-19 15:35:00,733][4280][log_file.py][line: 23][DEBUG] ## ('从数据库获取apk链接写入日志', [])
[2020-05-19 15:40:00,770][12720][log_file.py][line: 23][DEBUG] ## ('从数据库获取apk链接写入日志', [])
[2020-05-19 15:45:00,768][11348][log_file.py][line: 23][DEBUG] ## ('从数据库获取apk链接写入日志', [])
[2020-05-19 15:50:00,681][7220][log_file.py][line: 23][DEBUG] ## ('从数据库获取apk链接写入日志', [])
[2020-05-19 15:55:00,770][10700][log_file.py][line: 23][DEBUG] ## ('从数据库获取apk链接写入日志', [])
[2020-05-19 16:00:00,984][9168][log_file.py][line: 23][DEBUG] ## ('从数据库获取apk链接写入日志', [])
[2020-05-19 16:05:00,663][6220][log_file.py][line: 23][DEBUG] ## ('从数据库获取apk链接写入日志', [])
[2020-05-19 16:10:00,746][5216][log_file.py][line: 23][DEBUG] ## ('从数据库获取apk链接写入日志', [])
[2020-05-19 16:15:00,788][5528][log_file.py][line: 23][DEBUG] ## ('从数据库获取apk链接写入日志', [])
[2020-05-19 16:20:00,743][7136][log_file.py][line: 23][DEBUG] ## ('从数据库获取apk链接写入日志', [])
[2020-05-19 16:25:01,495][3356][log_file.py][line: 23][DEBUG] ## ('从数据库获取apk链接写入日志', [])
[2020-05-19 16:30:00,731][4008][log_file.py][line: 23][DEBUG] ## ('从数据库获取apk链接写入日志', [])
[2020-05-19 16:35:00,733][9612][log_file.py][line: 23][DEBUG] ## ('从数据库获取apk链接写入日志', [])
[2020-05-19 16:40:00,718][10740][log_file.py][line: 23][DEBUG] ## ('从数据库获取apk链接写入日志', [])
[2020-05-19 16:45:00,788][8468][log_file.py][line: 23][DEBUG] ## ('从数据库获取apk链接写入日志', [])
[2020-05-19 16:50:00,715][11496][log_file.py][line: 23][DEBUG] ## ('从数据库获取apk链接写入日志', [])
[2020-05-19 16:55:00,730][9884][log_file.py][line: 23][DEBUG] ## ('从数据库获取apk链接写入日志', [])
[2020-05-19 17:00:00,747][10680][log_file.py][line: 23][DEBUG] ## ('从数据库获取apk链接写入日志', [])
[2020-05-19 17:05:00,781][10488][log_file.py][line: 23][DEBUG] ## ('从数据库获取apk链接写入日志', [])
[2020-05-19 17:10:00,768][11812][log_file.py][line: 23][DEBUG] ## ('从数据库获取apk链接写入日志', ['http://pkg.superdalan.com/game.pkg/download?pkgId=2726&f=mxybtjhapizs26_junhai_android_74_1.0.0_20200519_171244.apk', 'http://pkg.superdalan.com/game.pkg/download?pkgId=999&f=jwjtoppo_dalan_oppo_34_1.0.0_20200519_171102.apk'])
[2020-05-19 17:10:20,762][13076][log_file.py][line: 23][DEBUG] ## ('-----------54a4c6159804___20200519_171244.apk----节点1-----------下载校验结果：True',)
[2020-05-19 17:10:24,402][13244][log_file.py][line: 23][DEBUG] ## ('-----------R8AYIJWO99999999___20200519_171102.apk----节点1-----------下载校验结果：True',)
[2020-05-19 17:10:44,571][13076][log_file.py][line: 23][DEBUG] ## ('---------54a4c6159804___20200519_171244.apk-------节点2------安装返回结果：True',)
[2020-05-19 17:10:44,718][13076][log_file.py][line: 23][DEBUG] ## ('--------54a4c6159804___20200519_171244.apk---节点3--------后台没有配置素材无需校验',)
[2020-05-19 17:11:25,390][13244][log_file.py][line: 23][DEBUG] ## ('---------R8AYIJWO99999999___20200519_171102.apk-------节点2------安装返回结果：True',)
[2020-05-19 17:11:59,987][13244][log_file.py][line: 23][DEBUG] ## ("------------R8AYIJWO99999999___20200519_171102.apk----节点3---------拆包校验结果：True:['e9f1c06a80da52c0bc1a201536e0b34f.jpg', 'c04558533e97bdcd15164def11e096a3.jpg', 'c04558533e97bdcd15164def11e096a3.jpg', 'da7a8847386f8e4d4d06661e04bc7ddf.jpg']",)
[2020-05-19 17:12:03,863][13244][log_file.py][line: 23][DEBUG] ## ('R8AYIJWO99999999___20200519_171102.apk此原名游戏尚未接入，敬请期待',)
[2020-05-19 17:12:51,254][13076][log_file.py][line: 23][DEBUG] ## ('-----------54a4c6159804___20200519_171244.apk----节点4----------打开游戏结果:False',)
[2020-05-19 17:15:02,038][3812][log_file.py][line: 23][DEBUG] ## ('从数据库获取apk链接写入日志', ['http://pkg.superdalan.com/game.pkg/download?pkgId=1001&f=jwjtvivo_dalan_vivo_34_1.0.0_20200519_171424.apk', 'http://pkg.superdalan.com/game.pkg/download?pkgId=2726&f=mxybtjhapizs26_junhai_android_74_1.0.0_20200519_171244.apk'])
[2020-05-19 17:15:26,501][10348][log_file.py][line: 23][DEBUG] ## ('-----------R8AYIJWO99999999___20200519_171244.apk----节点1-----------下载校验结果：True',)
[2020-05-19 17:15:32,622][12360][log_file.py][line: 23][DEBUG] ## ('-----------54a4c6159804___20200519_171424.apk----节点1-----------下载校验结果：True',)
[2020-05-19 17:16:07,942][12360][log_file.py][line: 23][DEBUG] ## ('---------54a4c6159804___20200519_171424.apk-------节点2------安装返回结果：True',)
[2020-05-19 17:16:11,920][10348][log_file.py][line: 23][DEBUG] ## ('---------R8AYIJWO99999999___20200519_171244.apk-------节点2------安装返回结果：True',)
[2020-05-19 17:16:12,071][10348][log_file.py][line: 23][DEBUG] ## ('--------R8AYIJWO99999999___20200519_171244.apk---节点3--------后台没有配置素材无需校验',)
[2020-05-19 17:16:19,063][12360][log_file.py][line: 23][DEBUG] ## ('------------54a4c6159804___20200519_171424.apk----节点3---------拆包校验结果：False:只有应用名称匹配成功_图片失败',)
[2020-05-19 17:18:01,386][10348][log_file.py][line: 23][DEBUG] ## ('-----------R8AYIJWO99999999___20200519_171244.apk----节点4----------打开游戏结果:False',)
[2020-05-19 17:18:38,134][10348][log_file.py][line: 23][DEBUG] ## ('-----------R8AYIJWO99999999___20200519_171244.apk----节点5----------登录游戏结果:False',)
[2020-05-19 17:20:02,425][9740][log_file.py][line: 23][DEBUG] ## ('从数据库获取apk链接写入日志', [])
[2020-05-19 17:25:00,737][11444][log_file.py][line: 23][DEBUG] ## ('从数据库获取apk链接写入日志', [])
[2020-05-19 17:30:00,734][6332][log_file.py][line: 23][DEBUG] ## ('从数据库获取apk链接写入日志', [])
[2020-05-19 17:35:00,753][13272][log_file.py][line: 23][DEBUG] ## ('从数据库获取apk链接写入日志', [])
[2020-05-19 17:40:00,732][1936][log_file.py][line: 23][DEBUG] ## ('从数据库获取apk链接写入日志', [])
[2020-05-19 17:45:00,751][11868][log_file.py][line: 23][DEBUG] ## ('从数据库获取apk链接写入日志', [])
[2020-05-19 17:50:00,687][11388][log_file.py][line: 23][DEBUG] ## ('从数据库获取apk链接写入日志', [])
[2020-05-19 17:55:00,808][6332][log_file.py][line: 23][DEBUG] ## ('从数据库获取apk链接写入日志', [])
[2020-05-19 18:00:00,663][7692][log_file.py][line: 23][DEBUG] ## ('从数据库获取apk链接写入日志', [])
[2020-05-19 18:05:00,779][13280][log_file.py][line: 23][DEBUG] ## ('从数据库获取apk链接写入日志', [])
[2020-05-19 18:10:00,637][8172][log_file.py][line: 23][DEBUG] ## ('从数据库获取apk链接写入日志', [])
[2020-05-19 18:15:00,697][10444][log_file.py][line: 23][DEBUG] ## ('从数据库获取apk链接写入日志', [])
[2020-05-19 18:20:00,800][10944][log_file.py][line: 23][DEBUG] ## ('从数据库获取apk链接写入日志', [])
[2020-05-19 18:25:00,772][12400][log_file.py][line: 23][DEBUG] ## ('从数据库获取apk链接写入日志', [])
[2020-05-19 18:30:00,792][10372][log_file.py][line: 23][DEBUG] ## ('从数据库获取apk链接写入日志', [])
[2020-05-19 18:35:00,808][7032][log_file.py][line: 23][DEBUG] ## ('从数据库获取apk链接写入日志', [])
[2020-05-19 18:40:00,795][13280][log_file.py][line: 23][DEBUG] ## ('从数据库获取apk链接写入日志', [])
[2020-05-19 18:45:00,680][11604][log_file.py][line: 23][DEBUG] ## ('从数据库获取apk链接写入日志', [])
[2020-05-19 18:50:00,723][12180][log_file.py][line: 23][DEBUG] ## ('从数据库获取apk链接写入日志', [])
[2020-05-19 18:55:00,701][11736][log_file.py][line: 23][DEBUG] ## ('从数据库获取apk链接写入日志', [])
[2020-05-19 19:00:00,708][11904][log_file.py][line: 23][DEBUG] ## ('从数据库获取apk链接写入日志', [])
[2020-05-19 19:05:00,712][9196][log_file.py][line: 23][DEBUG] ## ('从数据库获取apk链接写入日志', [])
[2020-05-19 19:10:00,688][4940][log_file.py][line: 23][DEBUG] ## ('从数据库获取apk链接写入日志', [])
[2020-05-19 19:15:00,715][7044][log_file.py][line: 23][DEBUG] ## ('从数据库获取apk链接写入日志', [])
[2020-05-19 19:20:00,707][12116][log_file.py][line: 23][DEBUG] ## ('从数据库获取apk链接写入日志', [])
[2020-05-19 19:25:00,723][11700][log_file.py][line: 23][DEBUG] ## ('从数据库获取apk链接写入日志', [])
[2020-05-19 19:30:00,720][11848][log_file.py][line: 23][DEBUG] ## ('从数据库获取apk链接写入日志', [])
[2020-05-19 19:35:00,718][11208][log_file.py][line: 23][DEBUG] ## ('从数据库获取apk链接写入日志', [])
[2020-05-19 19:40:00,753][12144][log_file.py][line: 23][DEBUG] ## ('从数据库获取apk链接写入日志', [])
[2020-05-19 19:45:00,714][12908][log_file.py][line: 23][DEBUG] ## ('从数据库获取apk链接写入日志', ['http://pkg.superdalan.com/game.pkg/download?pkgId=2798&f=jwzgxqg_dalan_dsdkmirh5_58_1.0.0_20200519_194832.apk', 'http://pkg.superdalan.com/game.pkg/download?pkgId=2799&f=jwjtzhbbgdtwng_dalan_dsdknopay_48_1.0.0_20200519_194709.apk'])
[2020-05-19 19:45:27,216][3828][log_file.py][line: 23][DEBUG] ## ('-----------54a4c6159804___20200519_194832.apk----节点1-----------下载校验结果：True',)
[2020-05-19 19:45:40,756][3828][log_file.py][line: 23][DEBUG] ## ('---------54a4c6159804___20200519_194832.apk-------节点2------安装返回结果：True',)
[2020-05-19 19:45:40,892][3828][log_file.py][line: 23][DEBUG] ## ('--------54a4c6159804___20200519_194832.apk---节点3--------后台没有配置素材无需校验',)
[2020-05-19 19:45:46,080][3828][log_file.py][line: 23][DEBUG] ## ('54a4c6159804___20200519_194832.apk_非Dalan_Dsdk渠道包，不走自动化流程',)
[2020-05-19 19:46:54,902][2440][log_file.py][line: 23][DEBUG] ## ('-----------R8AYIJWO99999999___20200519_194709.apk----节点1-----------下载校验结果：True',)
[2020-05-19 19:47:45,661][2440][log_file.py][line: 23][DEBUG] ## ('---------R8AYIJWO99999999___20200519_194709.apk-------节点2------安装返回结果：True',)
[2020-05-19 19:47:50,925][2440][log_file.py][line: 23][DEBUG] ## ('------------R8AYIJWO99999999___20200519_194709.apk----节点3---------拆包校验结果：True:[]',)
[2020-05-19 19:47:51,638][2440][log_file.py][line: 23][DEBUG] ## ('R8AYIJWO99999999___20200519_194709.apk_非Dalan_Dsdk渠道包，不走自动化流程',)
[2020-05-19 19:50:00,773][12992][log_file.py][line: 23][DEBUG] ## ('从数据库获取apk链接写入日志', [])
[2020-05-19 19:55:00,752][9540][log_file.py][line: 23][DEBUG] ## ('从数据库获取apk链接写入日志', [])
[2020-05-19 20:00:00,734][6556][log_file.py][line: 23][DEBUG] ## ('从数据库获取apk链接写入日志', [])
[2020-05-19 20:05:00,776][7036][log_file.py][line: 23][DEBUG] ## ('从数据库获取apk链接写入日志', [])
[2020-05-19 20:10:00,841][3016][log_file.py][line: 23][DEBUG] ## ('从数据库获取apk链接写入日志', [])
[2020-05-19 20:15:00,784][13260][log_file.py][line: 23][DEBUG] ## ('从数据库获取apk链接写入日志', [])
[2020-05-19 20:20:00,784][8432][log_file.py][line: 23][DEBUG] ## ('从数据库获取apk链接写入日志', [])
[2020-05-19 20:25:00,951][8460][log_file.py][line: 23][DEBUG] ## ('从数据库获取apk链接写入日志', ['http://pkg.superdalan.com/game.pkg/download?pkgId=1622&f=jscs_dalan_dsdk_10_1.0.0_20200519_202734.apk', 'http://pkg.superdalan.com/game.pkg/download?pkgId=2798&f=jwzgxqg_dalan_submitmirh5_58_1.0.0_20200519_202630.apk'])
[2020-05-19 20:25:08,024][12320][log_file.py][line: 23][DEBUG] ## ('-----------R8AYIJWO99999999___20200519_202630.apk----节点1-----------下载校验结果：True',)
[2020-05-19 20:25:12,584][12692][log_file.py][line: 23][DEBUG] ## ('-----------54a4c6159804___20200519_202734.apk----节点1-----------下载校验结果：True',)
[2020-05-19 20:25:21,980][12320][log_file.py][line: 23][DEBUG] ## ('---------R8AYIJWO99999999___20200519_202630.apk-------节点2------安装返回结果：True',)
[2020-05-19 20:25:22,090][12320][log_file.py][line: 23][DEBUG] ## ('--------R8AYIJWO99999999___20200519_202630.apk---节点3--------后台没有配置素材无需校验',)
[2020-05-19 20:25:27,284][12320][log_file.py][line: 23][DEBUG] ## ('R8AYIJWO99999999___20200519_202630.apk_非Dalan_Dsdk渠道包，不走自动化流程',)
[2020-05-19 20:25:33,783][12692][log_file.py][line: 23][DEBUG] ## ('---------54a4c6159804___20200519_202734.apk-------节点2------安装返回结果：True',)
[2020-05-19 20:25:33,924][12692][log_file.py][line: 23][DEBUG] ## ('--------54a4c6159804___20200519_202734.apk---节点3--------后台没有配置素材无需校验',)
[2020-05-19 20:25:39,976][12692][log_file.py][line: 23][DEBUG] ## ('54a4c6159804___20200519_202734.apk此原名游戏尚未接入，敬请期待',)
[2020-05-19 20:30:00,696][11288][log_file.py][line: 23][DEBUG] ## ('从数据库获取apk链接写入日志', [])
[2020-05-19 20:35:00,685][11484][log_file.py][line: 23][DEBUG] ## ('从数据库获取apk链接写入日志', [])
[2020-05-19 20:40:00,751][3712][log_file.py][line: 23][DEBUG] ## ('从数据库获取apk链接写入日志', [])
[2020-05-19 20:45:00,803][8256][log_file.py][line: 23][DEBUG] ## ('从数据库获取apk链接写入日志', [])
[2020-05-19 20:50:00,767][2424][log_file.py][line: 23][DEBUG] ## ('从数据库获取apk链接写入日志', [])
[2020-05-19 20:55:00,796][8180][log_file.py][line: 23][DEBUG] ## ('从数据库获取apk链接写入日志', [])
[2020-05-19 21:00:00,779][8180][log_file.py][line: 23][DEBUG] ## ('从数据库获取apk链接写入日志', [])
[2020-05-19 21:05:00,826][8160][log_file.py][line: 23][DEBUG] ## ('从数据库获取apk链接写入日志', ['http://pkg.superdalan.com/game.pkg/download?pkgId=863&f=jwjtoppo_dalan_oppo_18_1.0.0_20200519_210539.apk', 'http://pkg.superdalan.com/game.pkg/download?pkgId=886&f=jwjtvivo_dalan_vivo_18_1.0.0_20200519_210700.apk'])
[2020-05-19 21:05:15,950][11428][log_file.py][line: 23][DEBUG] ## ('-----------R8AYIJWO99999999___20200519_210700.apk----节点1-----------下载校验结果：True',)
[2020-05-19 21:05:16,059][12504][log_file.py][line: 23][DEBUG] ## ('-----------54a4c6159804___20200519_210539.apk----节点1-----------下载校验结果：True',)
[2020-05-19 21:05:51,589][12504][log_file.py][line: 23][DEBUG] ## ('---------54a4c6159804___20200519_210539.apk-------节点2------安装返回结果：True',)
[2020-05-19 21:05:59,324][12504][log_file.py][line: 23][DEBUG] ## ("------------54a4c6159804___20200519_210539.apk----节点3---------拆包校验结果：True:['c0cc5cdcec6b833cb38babd0a7b09245.jpg']",)
[2020-05-19 21:06:00,080][12504][log_file.py][line: 23][DEBUG] ## ('54a4c6159804___20200519_210539.apk_非Dalan_Dsdk渠道包，不走自动化流程',)
[2020-05-19 21:06:02,628][11428][log_file.py][line: 23][DEBUG] ## ('---------R8AYIJWO99999999___20200519_210700.apk-------节点2------安装返回结果：True',)
[2020-05-19 21:06:12,796][11428][log_file.py][line: 23][DEBUG] ## ("------------R8AYIJWO99999999___20200519_210700.apk----节点3---------拆包校验结果：True:['c0cc5cdcec6b833cb38babd0a7b09245.jpg']",)
[2020-05-19 21:06:13,602][11428][log_file.py][line: 23][DEBUG] ## ('R8AYIJWO99999999___20200519_210700.apk_非Dalan_Dsdk渠道包，不走自动化流程',)
[2020-05-19 21:10:02,066][8248][log_file.py][line: 23][DEBUG] ## ('从数据库获取apk链接写入日志', ['http://pkg.superdalan.com/game.pkg/download?pkgId=847&f=jmxyoppo_dalan_oppo_18_1.0.0_20200519_210845.apk'])
[2020-05-19 21:10:44,014][8936][log_file.py][line: 23][DEBUG] ## ('-----------54a4c6159804___20200519_210845.apk----节点1-----------下载校验结果：True',)
[2020-05-19 21:11:20,144][8936][log_file.py][line: 23][DEBUG] ## ('---------54a4c6159804___20200519_210845.apk-------节点2------安装返回结果：True',)
[2020-05-19 21:11:34,058][8936][log_file.py][line: 23][DEBUG] ## ("------------54a4c6159804___20200519_210845.apk----节点3---------拆包校验结果：True:['ceb1e2d5bd51b5218a7c9b66bb9d5a75.jpg', '6b52d6e5f699cd69fd31e6a9c7127fd0.jpg', '885a2561d83d86cf02c85cf27c126972.jpg']",)
[2020-05-19 21:11:34,843][8936][log_file.py][line: 23][DEBUG] ## ('54a4c6159804___20200519_210845.apk_非Dalan_Dsdk渠道包，不走自动化流程',)
[2020-05-19 21:15:00,804][3012][log_file.py][line: 23][DEBUG] ## ('从数据库获取apk链接写入日志', [])
[2020-05-19 21:20:00,724][12500][log_file.py][line: 23][DEBUG] ## ('从数据库获取apk链接写入日志', [])
[2020-05-19 21:25:00,886][10876][log_file.py][line: 23][DEBUG] ## ('从数据库获取apk链接写入日志', [])
[2020-05-19 21:30:00,725][12544][log_file.py][line: 23][DEBUG] ## ('从数据库获取apk链接写入日志', [])
[2020-05-19 21:35:00,783][6280][log_file.py][line: 23][DEBUG] ## ('从数据库获取apk链接写入日志', [])
[2020-05-19 21:40:00,806][9884][log_file.py][line: 23][DEBUG] ## ('从数据库获取apk链接写入日志', [])
[2020-05-19 21:45:00,741][10400][log_file.py][line: 23][DEBUG] ## ('从数据库获取apk链接写入日志', [])
[2020-05-19 21:50:00,777][2632][log_file.py][line: 23][DEBUG] ## ('从数据库获取apk链接写入日志', [])
[2020-05-19 21:55:00,725][12736][log_file.py][line: 23][DEBUG] ## ('从数据库获取apk链接写入日志', [])
[2020-05-19 22:00:00,878][7044][log_file.py][line: 23][DEBUG] ## ('从数据库获取apk链接写入日志', [])
[2020-05-19 22:05:00,968][6596][log_file.py][line: 23][DEBUG] ## ('从数据库获取apk链接写入日志', [])
[2020-05-19 22:10:00,769][6892][log_file.py][line: 23][DEBUG] ## ('从数据库获取apk链接写入日志', [])
[2020-05-19 22:15:00,733][12544][log_file.py][line: 23][DEBUG] ## ('从数据库获取apk链接写入日志', [])
[2020-05-19 22:20:00,748][8280][log_file.py][line: 23][DEBUG] ## ('从数据库获取apk链接写入日志', [])
[2020-05-19 22:25:00,702][4880][log_file.py][line: 23][DEBUG] ## ('从数据库获取apk链接写入日志', [])
[2020-05-19 22:30:00,722][12500][log_file.py][line: 23][DEBUG] ## ('从数据库获取apk链接写入日志', [])
[2020-05-19 22:35:00,709][10424][log_file.py][line: 23][DEBUG] ## ('从数据库获取apk链接写入日志', [])
[2020-05-19 22:40:00,693][6256][log_file.py][line: 23][DEBUG] ## ('从数据库获取apk链接写入日志', [])
[2020-05-19 22:45:00,702][3724][log_file.py][line: 23][DEBUG] ## ('从数据库获取apk链接写入日志', [])
[2020-05-19 22:50:00,756][11768][log_file.py][line: 23][DEBUG] ## ('从数据库获取apk链接写入日志', [])
[2020-05-19 22:55:00,750][4012][log_file.py][line: 23][DEBUG] ## ('从数据库获取apk链接写入日志', [])
[2020-05-19 23:00:00,694][11008][log_file.py][line: 23][DEBUG] ## ('从数据库获取apk链接写入日志', [])
[2020-05-19 23:05:00,698][11288][log_file.py][line: 23][DEBUG] ## ('从数据库获取apk链接写入日志', [])
[2020-05-19 23:10:00,721][1324][log_file.py][line: 23][DEBUG] ## ('从数据库获取apk链接写入日志', [])
[2020-05-19 23:15:00,743][12132][log_file.py][line: 23][DEBUG] ## ('从数据库获取apk链接写入日志', [])
[2020-05-19 23:20:00,713][10784][log_file.py][line: 23][DEBUG] ## ('从数据库获取apk链接写入日志', [])
[2020-05-19 23:25:00,731][10784][log_file.py][line: 23][DEBUG] ## ('从数据库获取apk链接写入日志', [])
[2020-05-19 23:30:00,756][12620][log_file.py][line: 23][DEBUG] ## ('从数据库获取apk链接写入日志', [])
[2020-05-19 23:35:02,367][10432][log_file.py][line: 23][DEBUG] ## ('从数据库获取apk链接写入日志', [])
[2020-05-19 23:40:00,677][5528][log_file.py][line: 23][DEBUG] ## ('从数据库获取apk链接写入日志', [])
[2020-05-19 23:45:00,701][5164][log_file.py][line: 23][DEBUG] ## ('从数据库获取apk链接写入日志', [])
[2020-05-19 23:50:00,713][12108][log_file.py][line: 23][DEBUG] ## ('从数据库获取apk链接写入日志', [])
[2020-05-19 23:55:00,755][10936][log_file.py][line: 23][DEBUG] ## ('从数据库获取apk链接写入日志', [])
