[2020-06-01 11:45:00,597][4720][log_file.py][line: 23][DEBUG] ## ('从数据库获取apk链接写入日志', ['http://pkg.superdalan.com/game.pkg/download?pkgId=2839&f=chwyfzdlhbtt_dalan_xy_dsdk_74_1.0.0_20200529_181421.apk', 'http://pkg.superdalan.com/game.pkg/download?pkgId=2841&f=chwyxxyzhbtt_dalan_xy_dsdk_74_1.0.0_20200529_181544.apk'])
[2020-06-01 11:46:43,976][7520][log_file.py][line: 23][DEBUG] ## ('-----------54a4c6159804___20200529_181421.apk----节点1-----------下载校验结果：True',)
[2020-06-01 11:46:46,475][7772][log_file.py][line: 23][DEBUG] ## ('-----------R8AYIJWO99999999___20200529_181544.apk----节点1-----------下载校验结果：True',)
[2020-06-01 11:47:08,993][7520][log_file.py][line: 23][DEBUG] ## ('---------54a4c6159804___20200529_181421.apk-------节点2------安装返回结果：True',)
[2020-06-01 11:47:20,662][7520][log_file.py][line: 23][DEBUG] ## ("------------54a4c6159804___20200529_181421.apk----节点3---------拆包校验结果：True:['ff9a0110904b578eb3126a28afc44a5d.jpg', 'a76b178c72948b57cea6991ad8e8ba9a.jpg']",)
[2020-06-01 11:47:42,539][7772][log_file.py][line: 23][DEBUG] ## ('---------R8AYIJWO99999999___20200529_181544.apk-------节点2------安装返回结果：True',)
[2020-06-01 11:47:49,652][7772][log_file.py][line: 23][DEBUG] ## ("------------R8AYIJWO99999999___20200529_181544.apk----节点3---------拆包校验结果：True:['98b75abc747451a09d6ba895330d053e.jpg', '8c8b1cf9f9f23eecbfaddcb66fe4933e.jpg']",)
[2020-06-01 11:48:43,265][7520][log_file.py][line: 23][DEBUG] ## ('-----------54a4c6159804___20200529_181421.apk----节点4----------打开游戏结果:True',)
[2020-06-01 11:48:48,646][7772][log_file.py][line: 23][DEBUG] ## ('-----------R8AYIJWO99999999___20200529_181544.apk----节点4----------打开游戏结果:True',)
[2020-06-01 11:49:53,711][7772][log_file.py][line: 23][DEBUG] ## ('-----------R8AYIJWO99999999___20200529_181544.apk----节点5----------登录游戏结果:False',)
[2020-06-01 11:50:03,891][7520][log_file.py][line: 23][DEBUG] ## ('-----------54a4c6159804___20200529_181421.apk----节点5----------登录游戏结果:False',)
[2020-06-01 11:55:02,827][6244][log_file.py][line: 23][DEBUG] ## ('从数据库获取apk链接写入日志', ['http://pkg.superdalan.com/game.pkg/download?pkgId=2841&f=chwyxxyzhbtt_dalan_xy_dsdk_74_1.0.0_20200529_181544.apk'])
[2020-06-01 11:56:26,758][5456][log_file.py][line: 23][DEBUG] ## ('-----------54a4c6159804___20200529_181544.apk----节点1-----------下载校验结果：True',)
[2020-06-01 11:56:52,831][5456][log_file.py][line: 23][DEBUG] ## ('---------54a4c6159804___20200529_181544.apk-------节点2------安装返回结果：True',)
[2020-06-01 11:57:02,413][5456][log_file.py][line: 23][DEBUG] ## ("------------54a4c6159804___20200529_181544.apk----节点3---------拆包校验结果：True:['98b75abc747451a09d6ba895330d053e.jpg', '8c8b1cf9f9f23eecbfaddcb66fe4933e.jpg']",)
[2020-06-01 11:59:09,253][5456][log_file.py][line: 23][DEBUG] ## ('-----------54a4c6159804___20200529_181544.apk----节点4----------打开游戏结果:False',)
[2020-06-01 12:00:00,739][11684][log_file.py][line: 23][DEBUG] ## ('从数据库获取apk链接写入日志', [])
[2020-06-01 12:05:00,700][11608][log_file.py][line: 23][DEBUG] ## ('从数据库获取apk链接写入日志', [])
[2020-06-01 12:10:00,728][5788][log_file.py][line: 23][DEBUG] ## ('从数据库获取apk链接写入日志', [])
[2020-06-01 12:15:00,716][11604][log_file.py][line: 23][DEBUG] ## ('从数据库获取apk链接写入日志', [])
[2020-06-01 12:20:00,718][9608][log_file.py][line: 23][DEBUG] ## ('从数据库获取apk链接写入日志', [])
[2020-06-01 12:25:00,717][6104][log_file.py][line: 23][DEBUG] ## ('从数据库获取apk链接写入日志', [])
[2020-06-01 12:30:00,730][11280][log_file.py][line: 23][DEBUG] ## ('从数据库获取apk链接写入日志', [])
[2020-06-01 12:35:00,661][5488][log_file.py][line: 23][DEBUG] ## ('从数据库获取apk链接写入日志', [])
[2020-06-01 12:40:00,687][6844][log_file.py][line: 23][DEBUG] ## ('从数据库获取apk链接写入日志', [])
[2020-06-01 12:45:00,775][2028][log_file.py][line: 23][DEBUG] ## ('从数据库获取apk链接写入日志', [])
[2020-06-01 12:50:00,716][11000][log_file.py][line: 23][DEBUG] ## ('从数据库获取apk链接写入日志', [])
[2020-06-01 12:55:00,669][3640][log_file.py][line: 23][DEBUG] ## ('从数据库获取apk链接写入日志', [])
[2020-06-01 13:00:00,655][12156][log_file.py][line: 23][DEBUG] ## ('从数据库获取apk链接写入日志', [])
[2020-06-01 13:05:00,686][5460][log_file.py][line: 23][DEBUG] ## ('从数据库获取apk链接写入日志', [])
[2020-06-01 13:10:00,696][8308][log_file.py][line: 23][DEBUG] ## ('从数据库获取apk链接写入日志', [])
[2020-06-01 13:15:00,668][5628][log_file.py][line: 23][DEBUG] ## ('从数据库获取apk链接写入日志', [])
[2020-06-01 13:20:00,687][6196][log_file.py][line: 23][DEBUG] ## ('从数据库获取apk链接写入日志', [])
[2020-06-01 13:25:00,679][12228][log_file.py][line: 23][DEBUG] ## ('从数据库获取apk链接写入日志', [])
[2020-06-01 13:30:00,669][11032][log_file.py][line: 23][DEBUG] ## ('从数据库获取apk链接写入日志', [])
[2020-06-01 13:35:00,882][5612][log_file.py][line: 23][DEBUG] ## ('从数据库获取apk链接写入日志', [])
[2020-06-01 13:40:00,687][8516][log_file.py][line: 23][DEBUG] ## ('从数据库获取apk链接写入日志', [])
[2020-06-01 13:45:00,685][5820][log_file.py][line: 23][DEBUG] ## ('从数据库获取apk链接写入日志', [])
[2020-06-01 13:50:00,713][912][log_file.py][line: 23][DEBUG] ## ('从数据库获取apk链接写入日志', [])
[2020-06-01 13:55:00,666][5700][log_file.py][line: 23][DEBUG] ## ('从数据库获取apk链接写入日志', [])
[2020-06-01 14:00:00,705][5300][log_file.py][line: 23][DEBUG] ## ('从数据库获取apk链接写入日志', [])
[2020-06-01 14:05:00,686][7996][log_file.py][line: 23][DEBUG] ## ('从数据库获取apk链接写入日志', [])
[2020-06-01 14:10:00,745][7804][log_file.py][line: 23][DEBUG] ## ('从数据库获取apk链接写入日志', [])
[2020-06-01 14:15:00,765][12084][log_file.py][line: 23][DEBUG] ## ('从数据库获取apk链接写入日志', ['http://pkg.superdalan.com/game.pkg/download?pkgId=2844&f=chwyfzdlmxwgdt_dalan_xy_dsdk_74_1.0.0_20200601_141632.apk'])
[2020-06-01 14:16:11,734][8436][log_file.py][line: 23][DEBUG] ## ('-----------54a4c6159804___20200601_141632.apk----节点1-----------下载校验结果：True',)
[2020-06-01 14:16:41,283][8436][log_file.py][line: 23][DEBUG] ## ('---------54a4c6159804___20200601_141632.apk-------节点2------安装返回结果：True',)
[2020-06-01 14:16:51,323][8436][log_file.py][line: 23][DEBUG] ## ("------------54a4c6159804___20200601_141632.apk----节点3---------拆包校验结果：True:['ff9a0110904b578eb3126a28afc44a5d.jpg', 'a76b178c72948b57cea6991ad8e8ba9a.jpg']",)
[2020-06-01 14:18:16,388][8436][log_file.py][line: 23][DEBUG] ## ('-----------54a4c6159804___20200601_141632.apk----节点4----------打开游戏结果:True',)
[2020-06-01 14:19:18,843][8436][log_file.py][line: 23][DEBUG] ## ('-----------54a4c6159804___20200601_141632.apk----节点5----------登录游戏结果:True',)
[2020-06-01 14:19:57,096][8436][log_file.py][line: 23][DEBUG] ## ('------54a4c6159804___20200601_141632.apk---节点6-------下单调起微信结果:True',)
[2020-06-01 14:25:00,686][4952][log_file.py][line: 23][DEBUG] ## ('从数据库获取apk链接写入日志', [])
[2020-06-01 14:30:00,766][4168][log_file.py][line: 23][DEBUG] ## ('从数据库获取apk链接写入日志', [])
[2020-06-01 14:39:02,506][11964][log_file.py][line: 23][DEBUG] ## ('从数据库获取apk链接写入日志', [])
[2020-06-01 14:40:00,699][12240][log_file.py][line: 23][DEBUG] ## ('从数据库获取apk链接写入日志', [])
[2020-06-01 14:45:00,705][10436][log_file.py][line: 23][DEBUG] ## ('从数据库获取apk链接写入日志', [])
[2020-06-01 14:50:00,670][11888][log_file.py][line: 23][DEBUG] ## ('从数据库获取apk链接写入日志', [])
[2020-06-01 14:55:00,691][6632][log_file.py][line: 23][DEBUG] ## ('从数据库获取apk链接写入日志', ['http://pkg.superdalan.com/game.pkg/download?pkgId=2850&f=test2_dalan_xy_dsdk_61_1.0.0_20200527_195358.apk', 'http://pkg.superdalan.com/game.pkg/download?pkgId=2850&f=test2_dalan_xy_dsdk_61_1.0.0_20200527_200033.apk', 'http://pkg.superdalan.com/game.pkg/download?pkgId=2850&f=test2_dalan_xy_dsdk_61_1.0.0_20200527_200214.apk', 'http://pkg.superdalan.com/game.pkg/download?pkgId=2850&f=test2_dalan_xy_dsdk_61_1.0.0_20200527_201606.apk', 'http://pkg.superdalan.com/game.pkg/download?pkgId=2850&f=test2_dalan_xy_dsdk_61_1.0.0_20200527_202329.apk', 'http://pkg.superdalan.com/game.pkg/download?pkgId=2850&f=test2_dalan_xy_dsdk_61_1.0.0_20200527_202706.apk', 'http://pkg.superdalan.com/game.pkg/download?pkgId=2850&f=test2_dalan_xy_dsdk_61_1.0.0_20200527_203434.apk', 'http://pkg.superdalan.com/game.pkg/download?pkgId=2850&f=test2_dalan_xy_dsdk_61_1.0.0_20200527_214054.apk', 'http://pkg.superdalan.com/game.pkg/download?pkgId=2850&f=test2_dalan_xy_dsdk_61_1.0.0_20200527_221110.apk', 'http://pkg.superdalan.com/game.pkg/download?pkgId=2850&f=test2_dalan_xy_dsdk_61_1.0.0_20200528_142144.apk', 'http://pkg.superdalan.com/game.pkg/download?pkgId=2850&f=test2_dalan_xy_dsdk_61_1.0.0_20200601_145825.apk'])
[2020-06-01 14:56:43,678][10388][log_file.py][line: 23][DEBUG] ## ('-----------R8AYIJWO99999999___20200527_200033.apk----节点1-----------下载校验结果：True',)
[2020-06-01 14:56:43,692][6844][log_file.py][line: 23][DEBUG] ## ('-----------54a4c6159804___20200527_195358.apk----节点1-----------下载校验结果：True',)
[2020-06-01 14:57:46,865][6844][log_file.py][line: 23][DEBUG] ## ('---------54a4c6159804___20200527_195358.apk-------节点2------安装返回结果：True',)
[2020-06-01 14:57:54,145][10388][log_file.py][line: 23][DEBUG] ## ('---------R8AYIJWO99999999___20200527_200033.apk-------节点2------安装返回结果：True',)
[2020-06-01 15:06:50,632][10388][log_file.py][line: 23][DEBUG] ## ('------------R8AYIJWO99999999___20200527_200033.apk----节点3---------拆包校验结果：False:素材及应用名都匹配失败',)
[2020-06-01 15:07:19,962][6844][log_file.py][line: 23][DEBUG] ## ('------------54a4c6159804___20200527_195358.apk----节点3---------拆包校验结果：False:素材及应用名都匹配失败',)
[2020-06-01 15:26:43,194][12176][log_file.py][line: 23][DEBUG] ## ('-----------54a4c6159804___20200527_200214.apk----节点1-----------下载校验结果：True',)
[2020-06-01 15:26:43,743][8776][log_file.py][line: 23][DEBUG] ## ('-----------R8AYIJWO99999999___20200527_201606.apk----节点1-----------下载校验结果：True',)
[2020-06-01 15:27:35,975][12176][log_file.py][line: 23][DEBUG] ## ('---------54a4c6159804___20200527_200214.apk-------节点2------安装返回结果：True',)
[2020-06-01 15:27:41,502][8776][log_file.py][line: 23][DEBUG] ## ('---------R8AYIJWO99999999___20200527_201606.apk-------节点2------安装返回结果：True',)
[2020-06-01 15:31:47,510][12176][log_file.py][line: 23][DEBUG] ## ('------------54a4c6159804___20200527_200214.apk----节点3---------拆包校验结果：False:素材及应用名都匹配失败',)
[2020-06-01 15:31:47,570][8776][log_file.py][line: 23][DEBUG] ## ('------------R8AYIJWO99999999___20200527_201606.apk----节点3---------拆包校验结果：False:素材及应用名都匹配失败',)
[2020-06-01 15:36:05,295][11872][log_file.py][line: 23][DEBUG] ## ('-----------54a4c6159804___20200527_202329.apk----节点1-----------下载校验结果：False',)
[2020-06-01 15:36:05,298][5784][log_file.py][line: 23][DEBUG] ## ('-----------R8AYIJWO99999999___20200527_202706.apk----节点1-----------下载校验结果：False',)
[2020-06-01 15:37:07,348][6320][log_file.py][line: 23][DEBUG] ## ('-----------R8AYIJWO99999999___20200527_214054.apk----节点1-----------下载校验结果：True',)
[2020-06-01 15:37:11,805][11368][log_file.py][line: 23][DEBUG] ## ('-----------54a4c6159804___20200527_203434.apk----节点1-----------下载校验结果：True',)
[2020-06-01 15:38:09,750][11368][log_file.py][line: 23][DEBUG] ## ('---------54a4c6159804___20200527_203434.apk-------节点2------安装返回结果：True',)
[2020-06-01 15:38:14,193][6320][log_file.py][line: 23][DEBUG] ## ('---------R8AYIJWO99999999___20200527_214054.apk-------节点2------安装返回结果：True',)
[2020-06-01 15:52:05,426][6320][log_file.py][line: 23][DEBUG] ## ('------------R8AYIJWO99999999___20200527_214054.apk----节点3---------拆包校验结果：False:素材及应用名都匹配失败',)
[2020-06-01 15:51:59,364][11368][log_file.py][line: 23][DEBUG] ## ('------------54a4c6159804___20200527_203434.apk----节点3---------拆包校验结果：False:素材及应用名都匹配失败',)
[2020-06-01 16:37:43,326][6304][log_file.py][line: 23][DEBUG] ## ('从数据库获取apk链接写入日志', ['http://pkg.superdalan.com/game.pkg/download?pkgId=2838&f=xxsyoppo_biguo_oppo_66_1.0.0_20200601_155353.apk', 'http://pkg.superdalan.com/game.pkg/download?pkgId=2851&f=stjztest_dalan_dsdk_10_1.0.0_20200601_152702.apk'])
[2020-06-01 16:39:11,725][5212][log_file.py][line: 23][DEBUG] ## ('-----------R8AYIJWO99999999___20200601_152702.apk----节点1-----------下载校验结果：True',)
[2020-06-01 16:39:16,958][800][log_file.py][line: 23][DEBUG] ## ('-----------54a4c6159804___20200601_155353.apk----节点1-----------下载校验结果：True',)
[2020-06-01 16:52:13,985][11304][log_file.py][line: 23][DEBUG] ## ('从数据库获取apk链接写入日志', ['http://pkg.superdalan.com/game.pkg/download?pkgId=2838&f=xxsyoppo_biguo_oppo_66_1.0.0_20200601_155353.apk', 'http://pkg.superdalan.com/game.pkg/download?pkgId=2851&f=stjztest_dalan_dsdk_10_1.0.0_20200601_152702.apk'])
[2020-06-01 16:52:27,683][10480][log_file.py][line: 23][DEBUG] ## ('-----------R8AYIJWO99999999___20200601_152702.apk----节点1-----------下载校验结果：True',)
[2020-06-01 16:52:33,304][12200][log_file.py][line: 23][DEBUG] ## ('-----------54a4c6159804___20200601_155353.apk----节点1-----------下载校验结果：True',)
[2020-06-01 16:55:00,679][11052][log_file.py][line: 23][DEBUG] ## ('从数据库获取apk链接写入日志', ['http://pkg.superdalan.com/game.pkg/download?pkgId=2838&f=xxsyoppo_biguo_oppo_66_1.0.0_20200601_155353.apk', 'http://pkg.superdalan.com/game.pkg/download?pkgId=2851&f=stjztest_dalan_dsdk_10_1.0.0_20200601_152702.apk'])
[2020-06-01 16:56:00,259][1516][log_file.py][line: 23][DEBUG] ## ('-----------R8AYIJWO99999999___20200601_152702.apk----节点1-----------下载校验结果：True',)
[2020-06-01 16:56:50,085][1856][log_file.py][line: 23][DEBUG] ## ('-----------54a4c6159804___20200601_155353.apk----节点1-----------下载校验结果：True',)
[2020-06-01 17:00:00,754][1424][log_file.py][line: 23][DEBUG] ## ('从数据库获取apk链接写入日志', ['http://pkg.superdalan.com/game.pkg/download?pkgId=2838&f=xxsyoppo_biguo_oppo_66_1.0.0_20200601_155353.apk', 'http://pkg.superdalan.com/game.pkg/download?pkgId=2851&f=stjztest_dalan_dsdk_10_1.0.0_20200601_152702.apk'])
[2020-06-01 17:00:08,872][10816][log_file.py][line: 23][DEBUG] ## ('-----------R8AYIJWO99999999___20200601_152702.apk----节点1-----------下载校验结果：True',)
[2020-06-01 17:00:14,595][12016][log_file.py][line: 23][DEBUG] ## ('-----------54a4c6159804___20200601_155353.apk----节点1-----------下载校验结果：True',)
[2020-06-01 17:01:02,468][12016][log_file.py][line: 23][DEBUG] ## ('---------54a4c6159804___20200601_155353.apk-------节点2------安装返回结果：True',)
[2020-06-01 17:01:04,909][10816][log_file.py][line: 23][DEBUG] ## ('---------R8AYIJWO99999999___20200601_152702.apk-------节点2------安装返回结果：True',)
[2020-06-01 17:10:06,871][10816][log_file.py][line: 23][DEBUG] ## ("------------R8AYIJWO99999999___20200601_152702.apk----节点3---------拆包校验结果：True:['662e0ee1d5e867391948410a82cc968a.jpg']",)
[2020-06-01 17:10:08,297][12016][log_file.py][line: 23][DEBUG] ## ("------------54a4c6159804___20200601_155353.apk----节点3---------拆包校验结果：True:['8d2dd4d105003ef4240dbe93efda2c35.jpg', '98a23e6bc0f5694fb4f0957b2a84b7cd.jpg', '49c81ed464d99245b3105e94aacfbf10.jpg', '5da88017da1cc0e5abda9d6c93e1e930.jpg']",)
[2020-06-01 17:10:09,744][10816][log_file.py][line: 23][DEBUG] ## ('R8AYIJWO99999999___20200601_152702.apk此原名游戏尚未接入，敬请期待',)
[2020-06-01 17:10:11,649][12016][log_file.py][line: 23][DEBUG] ## ('54a4c6159804___20200601_155353.apk_非Dalan_Dsdk渠道包，不走自动化流程',)
[2020-06-01 17:15:01,751][8992][log_file.py][line: 23][DEBUG] ## ('从数据库获取apk链接写入日志', [])
[2020-06-01 17:20:00,674][4332][log_file.py][line: 23][DEBUG] ## ('从数据库获取apk链接写入日志', ['http://pkg.superdalan.com/game.pkg/download?pkgId=2825&f=lltxwzjhbd_dalan_dsdk_48_1.0.0_20200601_171811.apk'])
[2020-06-01 17:22:01,119][3144][log_file.py][line: 23][DEBUG] ## ('-----------54a4c6159804___20200601_171811.apk----节点1-----------下载校验结果：True',)
[2020-06-01 17:22:50,920][3144][log_file.py][line: 23][DEBUG] ## ('---------54a4c6159804___20200601_171811.apk-------节点2------安装返回结果：True',)
[2020-06-01 17:22:58,706][3144][log_file.py][line: 23][DEBUG] ## ("------------54a4c6159804___20200601_171811.apk----节点3---------拆包校验结果：True:['691621af884e8be6af6ecd70b27000cb.jpg', '37cef88c236306b8e48789247403dea8.jpg']",)
[2020-06-01 17:25:13,864][3144][log_file.py][line: 23][DEBUG] ## ('-----------54a4c6159804___20200601_171811.apk----节点4----------打开游戏结果:False',)
[2020-06-01 17:30:01,851][12168][log_file.py][line: 23][DEBUG] ## ('从数据库获取apk链接写入日志', ['http://pkg.superdalan.com/game.pkg/download?pkgId=2825&f=lltxwzjhbd_dalan_dsdk_48_1.0.0_20200601_171811.apk'])
[2020-06-01 17:32:03,582][3976][log_file.py][line: 23][DEBUG] ## ('-----------54a4c6159804___20200601_171811.apk----节点1-----------下载校验结果：True',)
[2020-06-01 17:32:40,265][3976][log_file.py][line: 23][DEBUG] ## ('---------54a4c6159804___20200601_171811.apk-------节点2------安装返回结果：True',)
[2020-06-01 17:32:46,422][3976][log_file.py][line: 23][DEBUG] ## ("------------54a4c6159804___20200601_171811.apk----节点3---------拆包校验结果：True:['691621af884e8be6af6ecd70b27000cb.jpg', '37cef88c236306b8e48789247403dea8.jpg']",)
[2020-06-01 17:33:58,504][3976][log_file.py][line: 23][DEBUG] ## ('-----------54a4c6159804___20200601_171811.apk----节点4----------打开游戏结果:True',)
[2020-06-01 17:35:01,942][3380][log_file.py][line: 23][DEBUG] ## ('从数据库获取apk链接写入日志', ['http://pkg.superdalan.com/game.pkg/download?pkgId=2825&f=lltxwzjhbd_dalan_dsdk_48_1.0.0_20200601_171811.apk'])
[2020-06-01 17:35:52,714][10764][log_file.py][line: 23][DEBUG] ## ('-----------54a4c6159804___20200601_171811.apk----节点1-----------下载校验结果：True',)
[2020-06-01 17:36:29,012][10764][log_file.py][line: 23][DEBUG] ## ('---------54a4c6159804___20200601_171811.apk-------节点2------安装返回结果：True',)
[2020-06-01 17:36:38,418][10764][log_file.py][line: 23][DEBUG] ## ("------------54a4c6159804___20200601_171811.apk----节点3---------拆包校验结果：True:['37cef88c236306b8e48789247403dea8.jpg', '691621af884e8be6af6ecd70b27000cb.jpg']",)
[2020-06-01 17:37:53,907][10764][log_file.py][line: 23][DEBUG] ## ('-----------54a4c6159804___20200601_171811.apk----节点4----------打开游戏结果:True',)
[2020-06-01 17:38:52,185][10764][log_file.py][line: 23][DEBUG] ## ('-----------54a4c6159804___20200601_171811.apk----节点5----------登录游戏结果:True',)
[2020-06-01 17:39:37,412][10764][log_file.py][line: 23][DEBUG] ## ('------54a4c6159804___20200601_171811.apk---节点6-------下单调起微信结果:True',)
[2020-06-01 17:40:01,796][11424][log_file.py][line: 23][DEBUG] ## ('从数据库获取apk链接写入日志', [])
[2020-06-01 17:45:00,774][9024][log_file.py][line: 23][DEBUG] ## ('从数据库获取apk链接写入日志', [])
[2020-06-01 17:50:00,747][8908][log_file.py][line: 23][DEBUG] ## ('从数据库获取apk链接写入日志', [])
[2020-06-01 17:55:00,789][11436][log_file.py][line: 23][DEBUG] ## ('从数据库获取apk链接写入日志', [])
[2020-06-01 18:00:00,700][1792][log_file.py][line: 23][DEBUG] ## ('从数据库获取apk链接写入日志', [])
[2020-06-01 18:05:00,723][3008][log_file.py][line: 23][DEBUG] ## ('从数据库获取apk链接写入日志', [])
[2020-06-01 18:10:00,986][4332][log_file.py][line: 23][DEBUG] ## ('从数据库获取apk链接写入日志', [])
[2020-06-01 18:15:00,734][11540][log_file.py][line: 23][DEBUG] ## ('从数据库获取apk链接写入日志', [])
[2020-06-01 18:30:02,505][6296][log_file.py][line: 23][DEBUG] ## ('从数据库获取apk链接写入日志', [])
[2020-06-01 18:35:00,628][7836][log_file.py][line: 23][DEBUG] ## ('从数据库获取apk链接写入日志', [])
[2020-06-01 18:40:00,661][3692][log_file.py][line: 23][DEBUG] ## ('从数据库获取apk链接写入日志', [])
[2020-06-01 18:45:00,608][8160][log_file.py][line: 23][DEBUG] ## ('从数据库获取apk链接写入日志', [])
[2020-06-01 18:50:00,674][864][log_file.py][line: 23][DEBUG] ## ('从数据库获取apk链接写入日志', [])
[2020-06-01 18:55:00,610][5380][log_file.py][line: 23][DEBUG] ## ('从数据库获取apk链接写入日志', [])
[2020-06-01 19:00:00,607][5672][log_file.py][line: 23][DEBUG] ## ('从数据库获取apk链接写入日志', [])
[2020-06-01 19:05:00,610][2908][log_file.py][line: 23][DEBUG] ## ('从数据库获取apk链接写入日志', [])
[2020-06-01 19:10:00,621][6968][log_file.py][line: 23][DEBUG] ## ('从数据库获取apk链接写入日志', [])
[2020-06-01 19:15:00,599][10148][log_file.py][line: 23][DEBUG] ## ('从数据库获取apk链接写入日志', [])
[2020-06-01 19:20:00,634][8000][log_file.py][line: 23][DEBUG] ## ('从数据库获取apk链接写入日志', [])
[2020-06-01 19:25:00,698][8836][log_file.py][line: 23][DEBUG] ## ('从数据库获取apk链接写入日志', [])
[2020-06-01 19:30:00,665][7136][log_file.py][line: 23][DEBUG] ## ('从数据库获取apk链接写入日志', [])
[2020-06-01 19:35:00,654][6904][log_file.py][line: 23][DEBUG] ## ('从数据库获取apk链接写入日志', [])
[2020-06-01 19:40:00,631][10888][log_file.py][line: 23][DEBUG] ## ('从数据库获取apk链接写入日志', ['http://pkg.superdalan.com/game.pkg/download?pkgId=2853&f=xxsyvivo_biguo_vivo_66_1.0.0_20200601_193805.apk'])
[2020-06-01 19:40:22,695][11228][log_file.py][line: 23][DEBUG] ## ('-----------54a4c6159804___20200601_193805.apk----节点1-----------下载校验结果：True',)
[2020-06-01 19:41:09,716][11228][log_file.py][line: 23][DEBUG] ## ('---------54a4c6159804___20200601_193805.apk-------节点2------安装返回结果：True',)
[2020-06-01 19:41:37,455][11228][log_file.py][line: 23][DEBUG] ## ("------------54a4c6159804___20200601_193805.apk----节点3---------拆包校验结果：True:['8d2dd4d105003ef4240dbe93efda2c35.jpg', '49c81ed464d99245b3105e94aacfbf10.jpg', '98a23e6bc0f5694fb4f0957b2a84b7cd.jpg', '5da88017da1cc0e5abda9d6c93e1e930.jpg']",)
[2020-06-01 19:41:40,450][11228][log_file.py][line: 23][DEBUG] ## ('54a4c6159804___20200601_193805.apk_非Dalan_Dsdk渠道包，不走自动化流程',)
[2020-06-01 19:45:01,645][10664][log_file.py][line: 23][DEBUG] ## ('从数据库获取apk链接写入日志', [])
[2020-06-01 19:45:45,624][9876][log_file.py][line: 23][DEBUG] ## ('从数据库获取apk链接写入日志', ['http://pkg.superdalan.com/game.pkg/download?pkgId=2844&f=chwyfzdlmxwgdt_dalan_xy_dsdk_74_1.0.0_20200601_141632.apk'])
[2020-06-01 19:45:56,474][10300][log_file.py][line: 23][DEBUG] ## ('-----------54a4c6159804___20200601_141632.apk----节点1-----------下载校验结果：True',)
[2020-06-01 19:46:20,629][10300][log_file.py][line: 23][DEBUG] ## ('---------54a4c6159804___20200601_141632.apk-------节点2------安装返回结果：True',)
[2020-06-01 19:46:31,495][10300][log_file.py][line: 23][DEBUG] ## ("------------54a4c6159804___20200601_141632.apk----节点3---------拆包校验结果：True:['a76b178c72948b57cea6991ad8e8ba9a.jpg', 'ff9a0110904b578eb3126a28afc44a5d.jpg']",)
[2020-06-01 19:50:00,642][10768][log_file.py][line: 23][DEBUG] ## ('从数据库获取apk链接写入日志', ['http://pkg.superdalan.com/game.pkg/download?pkgId=2844&f=chwyfzdlmxwgdt_dalan_xy_dsdk_74_1.0.0_20200601_141632.apk'])
[2020-06-01 19:55:00,636][10320][log_file.py][line: 23][DEBUG] ## ('从数据库获取apk链接写入日志', ['http://pkg.superdalan.com/game.pkg/download?pkgId=2844&f=chwyfzdlmxwgdt_dalan_xy_dsdk_74_1.0.0_20200601_141632.apk'])
[2020-06-01 19:55:06,444][11156][log_file.py][line: 23][DEBUG] ## ('从数据库获取apk链接写入日志', ['http://pkg.superdalan.com/game.pkg/download?pkgId=2844&f=chwyfzdlmxwgdt_dalan_xy_dsdk_74_1.0.0_20200601_141632.apk'])
[2020-06-01 19:55:14,330][10444][log_file.py][line: 23][DEBUG] ## ('-----------54a4c6159804___20200601_141632.apk----节点1-----------下载校验结果：False',)
[2020-06-01 19:56:51,072][10676][log_file.py][line: 23][DEBUG] ## ('从数据库获取apk链接写入日志', ['http://pkg.superdalan.com/game.pkg/download?pkgId=2841&f=chwyxxyzhbtt_dalan_xy_dsdk_74_1.0.0_20200529_181544.apk'])
[2020-06-01 19:57:04,351][9624][log_file.py][line: 23][DEBUG] ## ('-----------54a4c6159804___20200529_181544.apk----节点1-----------下载校验结果：True',)
[2020-06-01 19:57:28,226][9624][log_file.py][line: 23][DEBUG] ## ('---------54a4c6159804___20200529_181544.apk-------节点2------安装返回结果：True',)
[2020-06-01 19:57:35,549][9624][log_file.py][line: 23][DEBUG] ## ("------------54a4c6159804___20200529_181544.apk----节点3---------拆包校验结果：True:['98b75abc747451a09d6ba895330d053e.jpg', '8c8b1cf9f9f23eecbfaddcb66fe4933e.jpg']",)
[2020-06-01 19:58:58,616][9624][log_file.py][line: 23][DEBUG] ## ('-----------54a4c6159804___20200529_181544.apk----节点4----------打开游戏结果:True',)
[2020-06-01 19:59:53,356][9624][log_file.py][line: 23][DEBUG] ## ('-----------54a4c6159804___20200529_181544.apk----节点5----------登录游戏结果:True',)
[2020-06-01 20:00:00,742][4628][log_file.py][line: 23][DEBUG] ## ('从数据库获取apk链接写入日志', ['http://pkg.superdalan.com/game.pkg/download?pkgId=2841&f=chwyxxyzhbtt_dalan_xy_dsdk_74_1.0.0_20200529_181544.apk'])
[2020-06-01 20:00:31,534][9624][log_file.py][line: 23][DEBUG] ## ('------54a4c6159804___20200529_181544.apk---节点6-------下单调起微信结果:True',)
[2020-06-01 20:05:00,673][4988][log_file.py][line: 23][DEBUG] ## ('从数据库获取apk链接写入日志', ['http://pkg.superdalan.com/game.pkg/download?pkgId=2841&f=chwyxxyzhbtt_dalan_xy_dsdk_74_1.0.0_20200529_181544.apk'])
[2020-06-01 20:06:07,820][4800][log_file.py][line: 23][DEBUG] ## ('-----------54a4c6159804___20200529_181544.apk----节点1-----------下载校验结果：True',)
[2020-06-01 20:06:32,868][4800][log_file.py][line: 23][DEBUG] ## ('---------54a4c6159804___20200529_181544.apk-------节点2------安装返回结果：True',)
[2020-06-01 20:06:39,814][4800][log_file.py][line: 23][DEBUG] ## ("------------54a4c6159804___20200529_181544.apk----节点3---------拆包校验结果：True:['8c8b1cf9f9f23eecbfaddcb66fe4933e.jpg', '98b75abc747451a09d6ba895330d053e.jpg']",)
[2020-06-01 20:07:58,545][4800][log_file.py][line: 23][DEBUG] ## ('-----------54a4c6159804___20200529_181544.apk----节点4----------打开游戏结果:True',)
[2020-06-01 20:08:47,906][4800][log_file.py][line: 23][DEBUG] ## ('-----------54a4c6159804___20200529_181544.apk----节点5----------登录游戏结果:True',)
[2020-06-01 20:09:23,444][4800][log_file.py][line: 23][DEBUG] ## ('------54a4c6159804___20200529_181544.apk---节点6-------下单调起微信结果:False',)
[2020-06-01 20:10:00,660][4328][log_file.py][line: 23][DEBUG] ## ('从数据库获取apk链接写入日志', ['http://pkg.superdalan.com/game.pkg/download?pkgId=2841&f=chwyxxyzhbtt_dalan_xy_dsdk_74_1.0.0_20200529_181544.apk'])
[2020-06-01 20:10:20,176][9708][log_file.py][line: 23][DEBUG] ## ('-----------54a4c6159804___20200529_181544.apk----节点1-----------下载校验结果：True',)
[2020-06-01 20:10:43,186][9708][log_file.py][line: 23][DEBUG] ## ('---------54a4c6159804___20200529_181544.apk-------节点2------安装返回结果：True',)
[2020-06-01 20:10:50,326][9708][log_file.py][line: 23][DEBUG] ## ("------------54a4c6159804___20200529_181544.apk----节点3---------拆包校验结果：True:['8c8b1cf9f9f23eecbfaddcb66fe4933e.jpg', '98b75abc747451a09d6ba895330d053e.jpg']",)
[2020-06-01 20:12:08,998][9708][log_file.py][line: 23][DEBUG] ## ('-----------54a4c6159804___20200529_181544.apk----节点4----------打开游戏结果:True',)
[2020-06-01 20:13:02,634][9708][log_file.py][line: 23][DEBUG] ## ('-----------54a4c6159804___20200529_181544.apk----节点5----------登录游戏结果:True',)
[2020-06-01 20:13:38,545][9708][log_file.py][line: 23][DEBUG] ## ('------54a4c6159804___20200529_181544.apk---节点6-------下单调起微信结果:False',)
[2020-06-01 20:15:00,811][4300][log_file.py][line: 23][DEBUG] ## ('从数据库获取apk链接写入日志', [])
[2020-06-01 20:15:43,438][11104][log_file.py][line: 23][DEBUG] ## ('从数据库获取apk链接写入日志', ['http://pkg.superdalan.com/game.pkg/download?pkgId=2841&f=chwyxxyzhbtt_dalan_xy_dsdk_74_1.0.0_20200529_181544.apk'])
[2020-06-01 20:15:53,955][10876][log_file.py][line: 23][DEBUG] ## ('-----------54a4c6159804___20200529_181544.apk----节点1-----------下载校验结果：True',)
[2020-06-01 20:16:17,901][10876][log_file.py][line: 23][DEBUG] ## ('---------54a4c6159804___20200529_181544.apk-------节点2------安装返回结果：True',)
[2020-06-01 20:16:25,292][10876][log_file.py][line: 23][DEBUG] ## ("------------54a4c6159804___20200529_181544.apk----节点3---------拆包校验结果：True:['8c8b1cf9f9f23eecbfaddcb66fe4933e.jpg', '98b75abc747451a09d6ba895330d053e.jpg']",)
[2020-06-01 20:17:45,522][10876][log_file.py][line: 23][DEBUG] ## ('-----------54a4c6159804___20200529_181544.apk----节点4----------打开游戏结果:True',)
[2020-06-01 20:18:40,340][10876][log_file.py][line: 23][DEBUG] ## ('-----------54a4c6159804___20200529_181544.apk----节点5----------登录游戏结果:True',)
[2020-06-01 20:19:18,708][10876][log_file.py][line: 23][DEBUG] ## ('------54a4c6159804___20200529_181544.apk---节点6-------下单调起微信结果:True',)
[2020-06-01 20:20:00,711][10672][log_file.py][line: 23][DEBUG] ## ('从数据库获取apk链接写入日志', [])
[2020-06-01 20:23:50,369][6220][log_file.py][line: 23][DEBUG] ## ('从数据库获取apk链接写入日志', ['http://pkg.superdalan.com/game.pkg/download?pkgId=2841&f=chwyxxyzhbtt_dalan_xy_dsdk_74_1.0.0_20200529_181544.apk'])
[2020-06-01 20:24:00,453][11132][log_file.py][line: 23][DEBUG] ## ('-----------b5940085___20200529_181544.apk----节点1-----------下载校验结果：True',)
[2020-06-01 20:24:15,748][11132][log_file.py][line: 23][DEBUG] ## ('---------b5940085___20200529_181544.apk-------节点2------安装返回结果：True',)
[2020-06-01 20:24:22,270][11132][log_file.py][line: 23][DEBUG] ## ("------------b5940085___20200529_181544.apk----节点3---------拆包校验结果：True:['98b75abc747451a09d6ba895330d053e.jpg', '8c8b1cf9f9f23eecbfaddcb66fe4933e.jpg']",)
[2020-06-01 20:25:00,628][10524][log_file.py][line: 23][DEBUG] ## ('从数据库获取apk链接写入日志', ['http://pkg.superdalan.com/game.pkg/download?pkgId=2841&f=chwyxxyzhbtt_dalan_xy_dsdk_74_1.0.0_20200529_181544.apk'])
[2020-06-01 20:25:17,662][3216][log_file.py][line: 23][DEBUG] ## ('-----------b5940085___20200529_181544.apk----节点1-----------下载校验结果：True',)
[2020-06-01 20:25:35,580][3216][log_file.py][line: 23][DEBUG] ## ('---------b5940085___20200529_181544.apk-------节点2------安装返回结果：True',)
[2020-06-01 20:25:42,059][3216][log_file.py][line: 23][DEBUG] ## ("------------b5940085___20200529_181544.apk----节点3---------拆包校验结果：True:['8c8b1cf9f9f23eecbfaddcb66fe4933e.jpg', '98b75abc747451a09d6ba895330d053e.jpg']",)
[2020-06-01 20:25:56,140][11132][log_file.py][line: 23][DEBUG] ## ('-----------b5940085___20200529_181544.apk----节点4----------打开游戏结果:False',)
[2020-06-01 20:30:00,704][10960][log_file.py][line: 23][DEBUG] ## ('从数据库获取apk链接写入日志', ['http://pkg.superdalan.com/game.pkg/download?pkgId=2841&f=chwyxxyzhbtt_dalan_xy_dsdk_74_1.0.0_20200529_181544.apk'])
[2020-06-01 20:35:00,657][10796][log_file.py][line: 23][DEBUG] ## ('从数据库获取apk链接写入日志', ['http://pkg.superdalan.com/game.pkg/download?pkgId=2841&f=chwyxxyzhbtt_dalan_xy_dsdk_74_1.0.0_20200529_181544.apk'])
[2020-06-01 20:40:00,669][10976][log_file.py][line: 23][DEBUG] ## ('从数据库获取apk链接写入日志', ['http://pkg.superdalan.com/game.pkg/download?pkgId=2841&f=chwyxxyzhbtt_dalan_xy_dsdk_74_1.0.0_20200529_181544.apk'])
[2020-06-01 20:45:00,644][7860][log_file.py][line: 23][DEBUG] ## ('从数据库获取apk链接写入日志', ['http://pkg.superdalan.com/game.pkg/download?pkgId=2841&f=chwyxxyzhbtt_dalan_xy_dsdk_74_1.0.0_20200529_181544.apk'])
[2020-06-01 20:45:10,072][7368][log_file.py][line: 23][DEBUG] ## ('-----------b5940085___20200529_181544.apk----节点1-----------下载校验结果：True',)
[2020-06-01 20:45:27,041][7368][log_file.py][line: 23][DEBUG] ## ('---------b5940085___20200529_181544.apk-------节点2------安装返回结果：True',)
[2020-06-01 20:45:33,458][7368][log_file.py][line: 23][DEBUG] ## ("------------b5940085___20200529_181544.apk----节点3---------拆包校验结果：True:['8c8b1cf9f9f23eecbfaddcb66fe4933e.jpg', '98b75abc747451a09d6ba895330d053e.jpg']",)
[2020-06-01 20:50:00,663][10640][log_file.py][line: 23][DEBUG] ## ('从数据库获取apk链接写入日志', ['http://pkg.superdalan.com/game.pkg/download?pkgId=2841&f=chwyxxyzhbtt_dalan_xy_dsdk_74_1.0.0_20200529_181544.apk'])
[2020-06-01 20:55:00,649][11120][log_file.py][line: 23][DEBUG] ## ('从数据库获取apk链接写入日志', ['http://pkg.superdalan.com/game.pkg/download?pkgId=2841&f=chwyxxyzhbtt_dalan_xy_dsdk_74_1.0.0_20200529_181544.apk', 'http://pkg.superdalan.com/game.pkg/download?pkgId=2853&f=xxsyvivo_biguo_vivo_66_1.0.0_20200601_205457.apk'])
[2020-06-01 21:00:00,610][7776][log_file.py][line: 23][DEBUG] ## ('从数据库获取apk链接写入日志', ['http://pkg.superdalan.com/game.pkg/download?pkgId=2841&f=chwyxxyzhbtt_dalan_xy_dsdk_74_1.0.0_20200529_181544.apk', 'http://pkg.superdalan.com/game.pkg/download?pkgId=2853&f=xxsyvivo_biguo_vivo_66_1.0.0_20200601_205457.apk'])
[2020-06-01 21:05:00,641][1620][log_file.py][line: 23][DEBUG] ## ('从数据库获取apk链接写入日志', ['http://pkg.superdalan.com/game.pkg/download?pkgId=2841&f=chwyxxyzhbtt_dalan_xy_dsdk_74_1.0.0_20200529_181544.apk', 'http://pkg.superdalan.com/game.pkg/download?pkgId=2853&f=xxsyvivo_biguo_vivo_66_1.0.0_20200601_205457.apk'])
[2020-06-01 21:10:00,644][10608][log_file.py][line: 23][DEBUG] ## ('从数据库获取apk链接写入日志', ['http://pkg.superdalan.com/game.pkg/download?pkgId=2841&f=chwyxxyzhbtt_dalan_xy_dsdk_74_1.0.0_20200529_181544.apk', 'http://pkg.superdalan.com/game.pkg/download?pkgId=2853&f=xxsyvivo_biguo_vivo_66_1.0.0_20200601_205457.apk'])
[2020-06-01 21:15:00,645][11172][log_file.py][line: 23][DEBUG] ## ('从数据库获取apk链接写入日志', ['http://pkg.superdalan.com/game.pkg/download?pkgId=2841&f=chwyxxyzhbtt_dalan_xy_dsdk_74_1.0.0_20200529_181544.apk', 'http://pkg.superdalan.com/game.pkg/download?pkgId=2853&f=xxsyvivo_biguo_vivo_66_1.0.0_20200601_205457.apk'])
[2020-06-01 21:15:13,060][8132][log_file.py][line: 23][DEBUG] ## ('-----------b5940085___20200529_181544.apk----节点1-----------下载校验结果：True',)
[2020-06-01 21:15:16,269][6304][log_file.py][line: 23][DEBUG] ## ('-----------R8AYIJWO99999999___20200601_205457.apk----节点1-----------下载校验结果：True',)
[2020-06-01 21:20:00,695][8848][log_file.py][line: 23][DEBUG] ## ('从数据库获取apk链接写入日志', ['http://pkg.superdalan.com/game.pkg/download?pkgId=2841&f=chwyxxyzhbtt_dalan_xy_dsdk_74_1.0.0_20200529_181544.apk', 'http://pkg.superdalan.com/game.pkg/download?pkgId=2853&f=xxsyvivo_biguo_vivo_66_1.0.0_20200601_205457.apk'])
[2020-06-01 21:25:00,620][9996][log_file.py][line: 23][DEBUG] ## ('从数据库获取apk链接写入日志', ['http://pkg.superdalan.com/game.pkg/download?pkgId=2841&f=chwyxxyzhbtt_dalan_xy_dsdk_74_1.0.0_20200529_181544.apk', 'http://pkg.superdalan.com/game.pkg/download?pkgId=2853&f=xxsyvivo_biguo_vivo_66_1.0.0_20200601_205457.apk'])
[2020-06-01 21:30:00,642][7372][log_file.py][line: 23][DEBUG] ## ('从数据库获取apk链接写入日志', ['http://pkg.superdalan.com/game.pkg/download?pkgId=2841&f=chwyxxyzhbtt_dalan_xy_dsdk_74_1.0.0_20200529_181544.apk', 'http://pkg.superdalan.com/game.pkg/download?pkgId=2853&f=xxsyvivo_biguo_vivo_66_1.0.0_20200601_205457.apk'])
[2020-06-01 21:35:00,639][7236][log_file.py][line: 23][DEBUG] ## ('从数据库获取apk链接写入日志', ['http://pkg.superdalan.com/game.pkg/download?pkgId=2841&f=chwyxxyzhbtt_dalan_xy_dsdk_74_1.0.0_20200529_181544.apk', 'http://pkg.superdalan.com/game.pkg/download?pkgId=2853&f=xxsyvivo_biguo_vivo_66_1.0.0_20200601_205457.apk'])
[2020-06-01 21:40:00,671][9432][log_file.py][line: 23][DEBUG] ## ('从数据库获取apk链接写入日志', ['http://pkg.superdalan.com/game.pkg/download?pkgId=2841&f=chwyxxyzhbtt_dalan_xy_dsdk_74_1.0.0_20200529_181544.apk', 'http://pkg.superdalan.com/game.pkg/download?pkgId=2853&f=xxsyvivo_biguo_vivo_66_1.0.0_20200601_205457.apk'])
[2020-06-01 21:45:00,672][11048][log_file.py][line: 23][DEBUG] ## ('从数据库获取apk链接写入日志', ['http://pkg.superdalan.com/game.pkg/download?pkgId=2841&f=chwyxxyzhbtt_dalan_xy_dsdk_74_1.0.0_20200529_181544.apk', 'http://pkg.superdalan.com/game.pkg/download?pkgId=2853&f=xxsyvivo_biguo_vivo_66_1.0.0_20200601_205457.apk'])
[2020-06-01 21:50:00,636][6088][log_file.py][line: 23][DEBUG] ## ('从数据库获取apk链接写入日志', ['http://pkg.superdalan.com/game.pkg/download?pkgId=2841&f=chwyxxyzhbtt_dalan_xy_dsdk_74_1.0.0_20200529_181544.apk', 'http://pkg.superdalan.com/game.pkg/download?pkgId=2853&f=xxsyvivo_biguo_vivo_66_1.0.0_20200601_205457.apk'])
[2020-06-01 21:55:00,601][6904][log_file.py][line: 23][DEBUG] ## ('从数据库获取apk链接写入日志', ['http://pkg.superdalan.com/game.pkg/download?pkgId=2841&f=chwyxxyzhbtt_dalan_xy_dsdk_74_1.0.0_20200529_181544.apk', 'http://pkg.superdalan.com/game.pkg/download?pkgId=2853&f=xxsyvivo_biguo_vivo_66_1.0.0_20200601_205457.apk'])
[2020-06-01 22:00:00,600][11140][log_file.py][line: 23][DEBUG] ## ('从数据库获取apk链接写入日志', ['http://pkg.superdalan.com/game.pkg/download?pkgId=2841&f=chwyxxyzhbtt_dalan_xy_dsdk_74_1.0.0_20200529_181544.apk', 'http://pkg.superdalan.com/game.pkg/download?pkgId=2853&f=xxsyvivo_biguo_vivo_66_1.0.0_20200601_205457.apk'])
[2020-06-01 22:05:00,626][3552][log_file.py][line: 23][DEBUG] ## ('从数据库获取apk链接写入日志', [])
[2020-06-01 22:10:00,620][5756][log_file.py][line: 23][DEBUG] ## ('从数据库获取apk链接写入日志', [])
[2020-06-01 22:15:00,634][9844][log_file.py][line: 23][DEBUG] ## ('从数据库获取apk链接写入日志', [])
[2020-06-01 22:20:00,583][5752][log_file.py][line: 23][DEBUG] ## ('从数据库获取apk链接写入日志', [])
[2020-06-01 22:25:00,644][10796][log_file.py][line: 23][DEBUG] ## ('从数据库获取apk链接写入日志', [])
[2020-06-01 22:30:00,640][10912][log_file.py][line: 23][DEBUG] ## ('从数据库获取apk链接写入日志', [])
[2020-06-01 22:35:00,616][10612][log_file.py][line: 23][DEBUG] ## ('从数据库获取apk链接写入日志', [])
[2020-06-01 22:40:00,648][10912][log_file.py][line: 23][DEBUG] ## ('从数据库获取apk链接写入日志', [])
[2020-06-01 22:45:00,629][6692][log_file.py][line: 23][DEBUG] ## ('从数据库获取apk链接写入日志', [])
[2020-06-01 22:50:00,640][7556][log_file.py][line: 23][DEBUG] ## ('从数据库获取apk链接写入日志', [])
[2020-06-01 22:55:00,634][5964][log_file.py][line: 23][DEBUG] ## ('从数据库获取apk链接写入日志', [])
[2020-06-01 23:00:00,648][10244][log_file.py][line: 23][DEBUG] ## ('从数据库获取apk链接写入日志', [])
[2020-06-01 23:05:00,628][10208][log_file.py][line: 23][DEBUG] ## ('从数据库获取apk链接写入日志', [])
[2020-06-01 23:10:00,641][8512][log_file.py][line: 23][DEBUG] ## ('从数据库获取apk链接写入日志', [])
[2020-06-01 23:15:00,640][3476][log_file.py][line: 23][DEBUG] ## ('从数据库获取apk链接写入日志', [])
[2020-06-01 23:20:00,635][1296][log_file.py][line: 23][DEBUG] ## ('从数据库获取apk链接写入日志', [])
[2020-06-01 23:25:00,647][6168][log_file.py][line: 23][DEBUG] ## ('从数据库获取apk链接写入日志', [])
[2020-06-01 23:30:00,690][2140][log_file.py][line: 23][DEBUG] ## ('从数据库获取apk链接写入日志', [])
[2020-06-01 23:35:00,641][11236][log_file.py][line: 23][DEBUG] ## ('从数据库获取apk链接写入日志', [])
[2020-06-01 23:40:00,652][528][log_file.py][line: 23][DEBUG] ## ('从数据库获取apk链接写入日志', [])
[2020-06-01 23:45:00,618][7860][log_file.py][line: 23][DEBUG] ## ('从数据库获取apk链接写入日志', [])
[2020-06-01 23:50:00,657][10512][log_file.py][line: 23][DEBUG] ## ('从数据库获取apk链接写入日志', [])
[2020-06-01 23:55:00,637][10700][log_file.py][line: 23][DEBUG] ## ('从数据库获取apk链接写入日志', [])
