[2020-05-22 00:00:00,691][14260][log_file.py][line: 23][DEBUG] ## ('从数据库获取apk链接写入日志', [])
[2020-05-22 00:05:00,737][13856][log_file.py][line: 23][DEBUG] ## ('从数据库获取apk链接写入日志', [])
[2020-05-22 00:10:00,706][8312][log_file.py][line: 23][DEBUG] ## ('从数据库获取apk链接写入日志', [])
[2020-05-22 00:15:01,430][13032][log_file.py][line: 23][DEBUG] ## ('从数据库获取apk链接写入日志', [])
[2020-05-22 00:20:00,671][596][log_file.py][line: 23][DEBUG] ## ('从数据库获取apk链接写入日志', [])
[2020-05-22 00:25:00,724][11528][log_file.py][line: 23][DEBUG] ## ('从数据库获取apk链接写入日志', [])
[2020-05-22 00:30:00,692][13908][log_file.py][line: 23][DEBUG] ## ('从数据库获取apk链接写入日志', [])
[2020-05-22 00:35:00,683][13936][log_file.py][line: 23][DEBUG] ## ('从数据库获取apk链接写入日志', [])
[2020-05-22 00:40:00,693][11912][log_file.py][line: 23][DEBUG] ## ('从数据库获取apk链接写入日志', [])
[2020-05-22 00:45:00,672][14916][log_file.py][line: 23][DEBUG] ## ('从数据库获取apk链接写入日志', [])
[2020-05-22 00:50:00,659][14712][log_file.py][line: 23][DEBUG] ## ('从数据库获取apk链接写入日志', [])
[2020-05-22 00:55:00,694][2452][log_file.py][line: 23][DEBUG] ## ('从数据库获取apk链接写入日志', [])
[2020-05-22 01:00:00,715][568][log_file.py][line: 23][DEBUG] ## ('从数据库获取apk链接写入日志', [])
[2020-05-22 01:05:00,746][12964][log_file.py][line: 23][DEBUG] ## ('从数据库获取apk链接写入日志', [])
[2020-05-22 01:10:00,744][884][log_file.py][line: 23][DEBUG] ## ('从数据库获取apk链接写入日志', [])
[2020-05-22 01:15:00,710][14432][log_file.py][line: 23][DEBUG] ## ('从数据库获取apk链接写入日志', [])
[2020-05-22 01:20:00,730][15056][log_file.py][line: 23][DEBUG] ## ('从数据库获取apk链接写入日志', [])
[2020-05-22 01:25:03,275][9564][log_file.py][line: 23][DEBUG] ## ('从数据库获取apk链接写入日志', [])
[2020-05-22 01:30:00,699][2040][log_file.py][line: 23][DEBUG] ## ('从数据库获取apk链接写入日志', [])
[2020-05-22 01:35:00,710][13684][log_file.py][line: 23][DEBUG] ## ('从数据库获取apk链接写入日志', [])
[2020-05-22 01:40:00,727][15332][log_file.py][line: 23][DEBUG] ## ('从数据库获取apk链接写入日志', [])
[2020-05-22 01:45:00,726][12336][log_file.py][line: 23][DEBUG] ## ('从数据库获取apk链接写入日志', [])
[2020-05-22 01:50:00,720][14960][log_file.py][line: 23][DEBUG] ## ('从数据库获取apk链接写入日志', [])
[2020-05-22 01:55:00,725][10400][log_file.py][line: 23][DEBUG] ## ('从数据库获取apk链接写入日志', [])
[2020-05-22 02:00:00,697][14920][log_file.py][line: 23][DEBUG] ## ('从数据库获取apk链接写入日志', [])
[2020-05-22 02:05:00,713][8464][log_file.py][line: 23][DEBUG] ## ('从数据库获取apk链接写入日志', [])
[2020-05-22 02:10:00,700][13184][log_file.py][line: 23][DEBUG] ## ('从数据库获取apk链接写入日志', [])
[2020-05-22 02:15:00,759][11340][log_file.py][line: 23][DEBUG] ## ('从数据库获取apk链接写入日志', [])
[2020-05-22 02:20:00,700][14136][log_file.py][line: 23][DEBUG] ## ('从数据库获取apk链接写入日志', [])
[2020-05-22 02:25:00,710][13080][log_file.py][line: 23][DEBUG] ## ('从数据库获取apk链接写入日志', [])
[2020-05-22 02:30:00,697][13796][log_file.py][line: 23][DEBUG] ## ('从数据库获取apk链接写入日志', [])
[2020-05-22 02:35:00,673][10152][log_file.py][line: 23][DEBUG] ## ('从数据库获取apk链接写入日志', [])
[2020-05-22 02:40:00,699][3244][log_file.py][line: 23][DEBUG] ## ('从数据库获取apk链接写入日志', [])
[2020-05-22 02:45:00,703][13448][log_file.py][line: 23][DEBUG] ## ('从数据库获取apk链接写入日志', [])
[2020-05-22 02:50:00,694][12820][log_file.py][line: 23][DEBUG] ## ('从数据库获取apk链接写入日志', [])
[2020-05-22 02:55:00,726][13576][log_file.py][line: 23][DEBUG] ## ('从数据库获取apk链接写入日志', [])
[2020-05-22 03:00:00,702][12748][log_file.py][line: 23][DEBUG] ## ('从数据库获取apk链接写入日志', [])
[2020-05-22 03:05:00,702][3304][log_file.py][line: 23][DEBUG] ## ('从数据库获取apk链接写入日志', [])
[2020-05-22 03:10:00,779][2344][log_file.py][line: 23][DEBUG] ## ('从数据库获取apk链接写入日志', [])
[2020-05-22 03:15:00,705][14916][log_file.py][line: 23][DEBUG] ## ('从数据库获取apk链接写入日志', [])
[2020-05-22 03:20:00,759][14848][log_file.py][line: 23][DEBUG] ## ('从数据库获取apk链接写入日志', [])
[2020-05-22 03:25:00,729][13576][log_file.py][line: 23][DEBUG] ## ('从数据库获取apk链接写入日志', [])
[2020-05-22 03:30:00,712][14512][log_file.py][line: 23][DEBUG] ## ('从数据库获取apk链接写入日志', [])
[2020-05-22 03:35:00,707][7328][log_file.py][line: 23][DEBUG] ## ('从数据库获取apk链接写入日志', [])
[2020-05-22 03:40:00,681][6728][log_file.py][line: 23][DEBUG] ## ('从数据库获取apk链接写入日志', [])
[2020-05-22 03:45:00,818][13896][log_file.py][line: 23][DEBUG] ## ('从数据库获取apk链接写入日志', [])
[2020-05-22 03:50:00,744][15244][log_file.py][line: 23][DEBUG] ## ('从数据库获取apk链接写入日志', [])
[2020-05-22 03:55:00,725][15060][log_file.py][line: 23][DEBUG] ## ('从数据库获取apk链接写入日志', [])
[2020-05-22 04:00:00,691][14952][log_file.py][line: 23][DEBUG] ## ('从数据库获取apk链接写入日志', [])
[2020-05-22 04:05:00,668][14696][log_file.py][line: 23][DEBUG] ## ('从数据库获取apk链接写入日志', [])
[2020-05-22 04:10:00,687][14772][log_file.py][line: 23][DEBUG] ## ('从数据库获取apk链接写入日志', [])
[2020-05-22 04:15:00,711][15264][log_file.py][line: 23][DEBUG] ## ('从数据库获取apk链接写入日志', [])
[2020-05-22 04:20:00,712][5504][log_file.py][line: 23][DEBUG] ## ('从数据库获取apk链接写入日志', [])
[2020-05-22 04:25:01,009][15320][log_file.py][line: 23][DEBUG] ## ('从数据库获取apk链接写入日志', [])
[2020-05-22 04:30:00,675][11576][log_file.py][line: 23][DEBUG] ## ('从数据库获取apk链接写入日志', [])
[2020-05-22 04:35:00,713][10576][log_file.py][line: 23][DEBUG] ## ('从数据库获取apk链接写入日志', [])
[2020-05-22 04:40:00,757][13912][log_file.py][line: 23][DEBUG] ## ('从数据库获取apk链接写入日志', [])
[2020-05-22 04:45:00,709][14952][log_file.py][line: 23][DEBUG] ## ('从数据库获取apk链接写入日志', [])
[2020-05-22 04:50:00,696][12172][log_file.py][line: 23][DEBUG] ## ('从数据库获取apk链接写入日志', [])
[2020-05-22 04:55:00,758][10936][log_file.py][line: 23][DEBUG] ## ('从数据库获取apk链接写入日志', [])
[2020-05-22 05:00:00,706][13680][log_file.py][line: 23][DEBUG] ## ('从数据库获取apk链接写入日志', [])
[2020-05-22 05:05:00,756][14528][log_file.py][line: 23][DEBUG] ## ('从数据库获取apk链接写入日志', [])
[2020-05-22 05:10:00,703][9188][log_file.py][line: 23][DEBUG] ## ('从数据库获取apk链接写入日志', [])
[2020-05-22 05:15:00,739][14848][log_file.py][line: 23][DEBUG] ## ('从数据库获取apk链接写入日志', [])
[2020-05-22 05:20:00,712][13392][log_file.py][line: 23][DEBUG] ## ('从数据库获取apk链接写入日志', [])
[2020-05-22 05:25:00,700][14952][log_file.py][line: 23][DEBUG] ## ('从数据库获取apk链接写入日志', [])
[2020-05-22 05:30:00,660][13280][log_file.py][line: 23][DEBUG] ## ('从数据库获取apk链接写入日志', [])
[2020-05-22 05:35:00,717][11976][log_file.py][line: 23][DEBUG] ## ('从数据库获取apk链接写入日志', [])
[2020-05-22 05:40:00,708][14872][log_file.py][line: 23][DEBUG] ## ('从数据库获取apk链接写入日志', [])
[2020-05-22 05:45:00,755][7964][log_file.py][line: 23][DEBUG] ## ('从数据库获取apk链接写入日志', [])
[2020-05-22 05:50:00,707][14900][log_file.py][line: 23][DEBUG] ## ('从数据库获取apk链接写入日志', [])
[2020-05-22 05:55:00,747][13692][log_file.py][line: 23][DEBUG] ## ('从数据库获取apk链接写入日志', [])
[2020-05-22 06:00:00,707][8076][log_file.py][line: 23][DEBUG] ## ('从数据库获取apk链接写入日志', [])
[2020-05-22 06:05:00,697][14892][log_file.py][line: 23][DEBUG] ## ('从数据库获取apk链接写入日志', [])
[2020-05-22 06:10:00,707][14928][log_file.py][line: 23][DEBUG] ## ('从数据库获取apk链接写入日志', [])
[2020-05-22 06:15:00,697][12908][log_file.py][line: 23][DEBUG] ## ('从数据库获取apk链接写入日志', [])
[2020-05-22 06:20:00,720][14712][log_file.py][line: 23][DEBUG] ## ('从数据库获取apk链接写入日志', [])
[2020-05-22 06:25:00,734][13548][log_file.py][line: 23][DEBUG] ## ('从数据库获取apk链接写入日志', [])
[2020-05-22 06:30:00,696][13320][log_file.py][line: 23][DEBUG] ## ('从数据库获取apk链接写入日志', [])
[2020-05-22 06:35:00,663][14612][log_file.py][line: 23][DEBUG] ## ('从数据库获取apk链接写入日志', [])
[2020-05-22 06:40:00,692][14084][log_file.py][line: 23][DEBUG] ## ('从数据库获取apk链接写入日志', [])
[2020-05-22 06:45:00,700][14304][log_file.py][line: 23][DEBUG] ## ('从数据库获取apk链接写入日志', [])
[2020-05-22 06:50:00,701][14448][log_file.py][line: 23][DEBUG] ## ('从数据库获取apk链接写入日志', [])
[2020-05-22 06:55:00,704][8256][log_file.py][line: 23][DEBUG] ## ('从数据库获取apk链接写入日志', [])
[2020-05-22 07:00:00,741][8160][log_file.py][line: 23][DEBUG] ## ('从数据库获取apk链接写入日志', [])
[2020-05-22 07:05:00,700][13336][log_file.py][line: 23][DEBUG] ## ('从数据库获取apk链接写入日志', [])
[2020-05-22 07:10:00,920][13184][log_file.py][line: 23][DEBUG] ## ('从数据库获取apk链接写入日志', [])
[2020-05-22 07:15:00,698][14840][log_file.py][line: 23][DEBUG] ## ('从数据库获取apk链接写入日志', [])
[2020-05-22 07:20:00,730][1084][log_file.py][line: 23][DEBUG] ## ('从数据库获取apk链接写入日志', [])
[2020-05-22 07:25:00,715][14260][log_file.py][line: 23][DEBUG] ## ('从数据库获取apk链接写入日志', [])
[2020-05-22 07:30:00,699][13864][log_file.py][line: 23][DEBUG] ## ('从数据库获取apk链接写入日志', [])
[2020-05-22 07:35:00,803][13424][log_file.py][line: 23][DEBUG] ## ('从数据库获取apk链接写入日志', [])
[2020-05-22 07:40:00,683][2568][log_file.py][line: 23][DEBUG] ## ('从数据库获取apk链接写入日志', [])
[2020-05-22 07:45:00,919][11528][log_file.py][line: 23][DEBUG] ## ('从数据库获取apk链接写入日志', [])
[2020-05-22 07:50:00,684][10896][log_file.py][line: 23][DEBUG] ## ('从数据库获取apk链接写入日志', [])
[2020-05-22 07:55:00,705][13616][log_file.py][line: 23][DEBUG] ## ('从数据库获取apk链接写入日志', [])
[2020-05-22 08:00:00,722][9168][log_file.py][line: 23][DEBUG] ## ('从数据库获取apk链接写入日志', [])
[2020-05-22 08:05:00,697][10428][log_file.py][line: 23][DEBUG] ## ('从数据库获取apk链接写入日志', [])
[2020-05-22 08:10:00,689][13048][log_file.py][line: 23][DEBUG] ## ('从数据库获取apk链接写入日志', [])
[2020-05-22 08:15:00,701][13368][log_file.py][line: 23][DEBUG] ## ('从数据库获取apk链接写入日志', [])
[2020-05-22 08:20:00,714][13244][log_file.py][line: 23][DEBUG] ## ('从数据库获取apk链接写入日志', [])
[2020-05-22 08:25:00,703][6172][log_file.py][line: 23][DEBUG] ## ('从数据库获取apk链接写入日志', [])
[2020-05-22 08:30:00,685][10524][log_file.py][line: 23][DEBUG] ## ('从数据库获取apk链接写入日志', [])
[2020-05-22 08:35:00,743][12772][log_file.py][line: 23][DEBUG] ## ('从数据库获取apk链接写入日志', [])
[2020-05-22 08:40:00,718][14908][log_file.py][line: 23][DEBUG] ## ('从数据库获取apk链接写入日志', [])
[2020-05-22 08:45:00,699][13132][log_file.py][line: 23][DEBUG] ## ('从数据库获取apk链接写入日志', [])
[2020-05-22 08:50:00,720][15188][log_file.py][line: 23][DEBUG] ## ('从数据库获取apk链接写入日志', [])
[2020-05-22 08:55:00,685][14304][log_file.py][line: 23][DEBUG] ## ('从数据库获取apk链接写入日志', [])
[2020-05-22 09:00:00,676][8108][log_file.py][line: 23][DEBUG] ## ('从数据库获取apk链接写入日志', [])
[2020-05-22 09:05:00,679][15192][log_file.py][line: 23][DEBUG] ## ('从数据库获取apk链接写入日志', [])
[2020-05-22 09:10:00,748][14720][log_file.py][line: 23][DEBUG] ## ('从数据库获取apk链接写入日志', [])
[2020-05-22 09:15:00,815][13072][log_file.py][line: 23][DEBUG] ## ('从数据库获取apk链接写入日志', [])
[2020-05-22 09:20:00,726][3620][log_file.py][line: 23][DEBUG] ## ('从数据库获取apk链接写入日志', [])
[2020-05-22 09:25:00,656][14272][log_file.py][line: 23][DEBUG] ## ('从数据库获取apk链接写入日志', [])
[2020-05-22 09:30:00,698][11484][log_file.py][line: 23][DEBUG] ## ('从数据库获取apk链接写入日志', [])
[2020-05-22 09:35:00,712][12664][log_file.py][line: 23][DEBUG] ## ('从数据库获取apk链接写入日志', [])
[2020-05-22 09:40:00,703][14272][log_file.py][line: 23][DEBUG] ## ('从数据库获取apk链接写入日志', [])
[2020-05-22 09:45:00,678][3244][log_file.py][line: 23][DEBUG] ## ('从数据库获取apk链接写入日志', [])
[2020-05-22 09:50:00,803][15284][log_file.py][line: 23][DEBUG] ## ('从数据库获取apk链接写入日志', [])
[2020-05-22 09:55:00,718][516][log_file.py][line: 23][DEBUG] ## ('从数据库获取apk链接写入日志', [])
[2020-05-22 10:00:00,702][13576][log_file.py][line: 23][DEBUG] ## ('从数据库获取apk链接写入日志', [])
[2020-05-22 10:05:00,664][11420][log_file.py][line: 23][DEBUG] ## ('从数据库获取apk链接写入日志', [])
[2020-05-22 10:10:00,750][14756][log_file.py][line: 23][DEBUG] ## ('从数据库获取apk链接写入日志', [])
[2020-05-22 10:15:00,888][14364][log_file.py][line: 23][DEBUG] ## ('从数据库获取apk链接写入日志', [])
[2020-05-22 10:20:00,766][14472][log_file.py][line: 23][DEBUG] ## ('从数据库获取apk链接写入日志', [])
[2020-05-22 10:25:01,881][10932][log_file.py][line: 23][DEBUG] ## ('从数据库获取apk链接写入日志', [])
[2020-05-22 10:30:00,719][13968][log_file.py][line: 23][DEBUG] ## ('从数据库获取apk链接写入日志', [])
[2020-05-22 10:35:01,288][14968][log_file.py][line: 23][DEBUG] ## ('从数据库获取apk链接写入日志', [])
[2020-05-22 10:40:00,725][10524][log_file.py][line: 23][DEBUG] ## ('从数据库获取apk链接写入日志', [])
[2020-05-22 10:45:00,694][12172][log_file.py][line: 23][DEBUG] ## ('从数据库获取apk链接写入日志', [])
[2020-05-22 10:50:00,712][3816][log_file.py][line: 23][DEBUG] ## ('从数据库获取apk链接写入日志', [])
[2020-05-22 10:55:00,760][12684][log_file.py][line: 23][DEBUG] ## ('从数据库获取apk链接写入日志', [])
[2020-05-22 11:00:00,749][13072][log_file.py][line: 23][DEBUG] ## ('从数据库获取apk链接写入日志', [])
[2020-05-22 11:05:02,708][13792][log_file.py][line: 23][DEBUG] ## ('从数据库获取apk链接写入日志', [])
[2020-05-22 11:10:00,724][13700][log_file.py][line: 23][DEBUG] ## ('从数据库获取apk链接写入日志', [])
[2020-05-22 11:15:00,720][15100][log_file.py][line: 23][DEBUG] ## ('从数据库获取apk链接写入日志', [])
[2020-05-22 11:20:00,697][11456][log_file.py][line: 23][DEBUG] ## ('从数据库获取apk链接写入日志', [])
[2020-05-22 11:25:00,765][9684][log_file.py][line: 23][DEBUG] ## ('从数据库获取apk链接写入日志', [])
[2020-05-22 11:30:00,708][4780][log_file.py][line: 23][DEBUG] ## ('从数据库获取apk链接写入日志', [])
[2020-05-22 11:35:00,732][11420][log_file.py][line: 23][DEBUG] ## ('从数据库获取apk链接写入日志', ['http://pkg.superdalan.com/game.pkg/download?pkgId=2810&f=jtyzxyx_dalan_xiuxianandroid_72_1.0.0_20200423_132135.apk', 'http://pkg.superdalan.com/game.pkg/download?pkgId=2810&f=jtyzxyx_dalan_xiuxianandroid_72_1.0.0_20200511_110059.apk', 'http://pkg.superdalan.com/game.pkg/download?pkgId=2810&f=jtyzxyx_dalan_xiuxianandroid_72_1.0.0_20200522_113537.apk', 'http://pkg.superdalan.com/game.pkg/download?pkgId=2810&f=jtyzxyx_dalan_xiuxianandroid_72_1.0.0_20200522_113728.apk'])
[2020-05-22 11:35:34,195][12460][log_file.py][line: 23][DEBUG] ## ('-----------R8AYIJWO99999999___20200511_110059.apk----节点1-----------下载校验结果：True',)
[2020-05-22 11:35:34,662][14900][log_file.py][line: 23][DEBUG] ## ('-----------54a4c6159804___20200423_132135.apk----节点1-----------下载校验结果：True',)
[2020-05-22 11:35:50,078][14900][log_file.py][line: 23][DEBUG] ## ('---------54a4c6159804___20200423_132135.apk-------节点2------安装返回结果：True',)
[2020-05-22 11:35:50,222][14900][log_file.py][line: 23][DEBUG] ## ('--------54a4c6159804___20200423_132135.apk---节点3--------后台没有配置素材无需校验',)
[2020-05-22 11:35:57,685][14900][log_file.py][line: 23][DEBUG] ## ('54a4c6159804___20200423_132135.apk_非Dalan_Dsdk渠道包，不走自动化流程',)
[2020-05-22 11:35:58,769][12460][log_file.py][line: 23][DEBUG] ## ('---------R8AYIJWO99999999___20200511_110059.apk-------节点2------安装返回结果：True',)
[2020-05-22 11:35:58,953][12460][log_file.py][line: 23][DEBUG] ## ('--------R8AYIJWO99999999___20200511_110059.apk---节点3--------后台没有配置素材无需校验',)
[2020-05-22 11:36:06,228][12460][log_file.py][line: 23][DEBUG] ## ('R8AYIJWO99999999___20200511_110059.apk_非Dalan_Dsdk渠道包，不走自动化流程',)
[2020-05-22 11:36:41,862][15132][log_file.py][line: 23][DEBUG] ## ('-----------R8AYIJWO99999999___20200522_113728.apk----节点1-----------下载校验结果：True',)
[2020-05-22 11:36:42,462][9640][log_file.py][line: 23][DEBUG] ## ('-----------54a4c6159804___20200522_113537.apk----节点1-----------下载校验结果：True',)
[2020-05-22 11:36:59,014][9640][log_file.py][line: 23][DEBUG] ## ('---------54a4c6159804___20200522_113537.apk-------节点2------安装返回结果：True',)
[2020-05-22 11:36:59,198][9640][log_file.py][line: 23][DEBUG] ## ('--------54a4c6159804___20200522_113537.apk---节点3--------后台没有配置素材无需校验',)
[2020-05-22 11:37:03,847][15132][log_file.py][line: 23][DEBUG] ## ('---------R8AYIJWO99999999___20200522_113728.apk-------节点2------安装返回结果：True',)
[2020-05-22 11:37:04,031][15132][log_file.py][line: 23][DEBUG] ## ('--------R8AYIJWO99999999___20200522_113728.apk---节点3--------后台没有配置素材无需校验',)
[2020-05-22 11:37:04,415][9640][log_file.py][line: 23][DEBUG] ## ('54a4c6159804___20200522_113537.apk_非Dalan_Dsdk渠道包，不走自动化流程',)
[2020-05-22 11:37:09,265][15132][log_file.py][line: 23][DEBUG] ## ('R8AYIJWO99999999___20200522_113728.apk_非Dalan_Dsdk渠道包，不走自动化流程',)
[2020-05-22 11:40:00,737][12460][log_file.py][line: 23][DEBUG] ## ('从数据库获取apk链接写入日志', ['http://pkg.superdalan.com/game.pkg/download?pkgId=2048&f=shjzb_dalan_dsdk_48_1.0.0_20200522_114203.apk'])
[2020-05-22 11:40:19,601][8504][log_file.py][line: 23][DEBUG] ## ('-----------54a4c6159804___20200522_114203.apk----节点1-----------下载校验结果：True',)
[2020-05-22 11:40:58,565][8504][log_file.py][line: 23][DEBUG] ## ('---------54a4c6159804___20200522_114203.apk-------节点2------安装返回结果：True',)
[2020-05-22 11:40:58,731][8504][log_file.py][line: 23][DEBUG] ## ('--------54a4c6159804___20200522_114203.apk---节点3--------后台没有配置素材无需校验',)
[2020-05-22 11:42:16,147][8504][log_file.py][line: 23][DEBUG] ## ('-----------54a4c6159804___20200522_114203.apk----节点4----------打开游戏结果:True',)
[2020-05-22 11:43:10,256][8504][log_file.py][line: 23][DEBUG] ## ('-----------54a4c6159804___20200522_114203.apk----节点5----------登录游戏结果:True',)
[2020-05-22 11:43:54,207][8504][log_file.py][line: 23][DEBUG] ## ('------54a4c6159804___20200522_114203.apk---节点6-------下单调起微信结果:True',)
[2020-05-22 11:45:00,788][13736][log_file.py][line: 23][DEBUG] ## ('从数据库获取apk链接写入日志', ['http://pkg.superdalan.com/game.pkg/download?pkgId=2071&f=wjfy_dalan_dsdk_48_1.0.0_20200522_114320.apk', 'http://pkg.superdalan.com/game.pkg/download?pkgId=2296&f=shjzbgdt2_dalan_dsdk_48_1.0.0_20200522_114448.apk', 'http://pkg.superdalan.com/game.pkg/download?pkgId=2313&f=mszygdt3_dalan_dsdk_48_1.0.0_20200522_114620.apk'])
[2020-05-22 11:48:25,054][11660][log_file.py][line: 23][DEBUG] ## ('-----------R8AYIJWO99999999___20200522_114448.apk----节点1-----------下载校验结果：True',)
[2020-05-22 11:48:31,943][14432][log_file.py][line: 23][DEBUG] ## ('-----------54a4c6159804___20200522_114320.apk----节点1-----------下载校验结果：True',)
[2020-05-22 11:49:09,925][14432][log_file.py][line: 23][DEBUG] ## ('---------54a4c6159804___20200522_114320.apk-------节点2------安装返回结果：True',)
[2020-05-22 11:49:19,634][14432][log_file.py][line: 23][DEBUG] ## ("------------54a4c6159804___20200522_114320.apk----节点3---------拆包校验结果：True:['3b6bfc5507f4644170f00d147e276880.jpg', 'cd87f7a722e11ccbdc604e625f809cd6.jpg']",)
[2020-05-22 11:49:37,624][11660][log_file.py][line: 23][DEBUG] ## ('---------R8AYIJWO99999999___20200522_114448.apk-------节点2------安装返回结果：True',)
[2020-05-22 11:50:10,604][11660][log_file.py][line: 23][DEBUG] ## ('------------R8AYIJWO99999999___20200522_114448.apk----节点3---------拆包校验结果：True:[]',)
[2020-05-22 11:50:46,972][14432][log_file.py][line: 23][DEBUG] ## ('-----------54a4c6159804___20200522_114320.apk----节点4----------打开游戏结果:True',)
[2020-05-22 11:51:17,363][11660][log_file.py][line: 23][DEBUG] ## ('-----------R8AYIJWO99999999___20200522_114448.apk----节点4----------打开游戏结果:True',)
[2020-05-22 11:51:50,403][14432][log_file.py][line: 23][DEBUG] ## ('-----------54a4c6159804___20200522_114320.apk----节点5----------登录游戏结果:True',)
[2020-05-22 11:52:07,515][11660][log_file.py][line: 23][DEBUG] ## ('-----------R8AYIJWO99999999___20200522_114448.apk----节点5----------登录游戏结果:True',)
[2020-05-22 11:52:36,685][14432][log_file.py][line: 23][DEBUG] ## ('------54a4c6159804___20200522_114320.apk---节点6-------下单调起微信结果:True',)
[2020-05-22 11:52:50,087][11660][log_file.py][line: 23][DEBUG] ## ('------R8AYIJWO99999999___20200522_114448.apk---节点6-------下单调起微信结果:True',)
[2020-05-22 11:54:46,513][11384][log_file.py][line: 23][DEBUG] ## ('-----------54a4c6159804___20200522_114620.apk----节点1-----------下载校验结果：True',)
[2020-05-22 11:55:25,969][11384][log_file.py][line: 23][DEBUG] ## ('---------54a4c6159804___20200522_114620.apk-------节点2------安装返回结果：True',)
[2020-05-22 11:55:34,234][11384][log_file.py][line: 23][DEBUG] ## ("------------54a4c6159804___20200522_114620.apk----节点3---------拆包校验结果：True:['48a6d9a035c50af6d44de9248e7c9135.jpg', '61289cdc0e1c456e131067a71f0ac91b.jpg']",)
[2020-05-22 11:57:41,331][11384][log_file.py][line: 23][DEBUG] ## ('-----------54a4c6159804___20200522_114620.apk----节点4----------打开游戏结果:False',)
[2020-05-22 12:00:01,303][8160][log_file.py][line: 23][DEBUG] ## ('从数据库获取apk链接写入日志', ['http://pkg.superdalan.com/game.pkg/download?pkgId=2313&f=mszygdt3_dalan_dsdk_48_1.0.0_20200522_114620.apk', 'http://pkg.superdalan.com/game.pkg/download?pkgId=2388&f=shjzbgdtlm1_dalan_dsdk_48_1.0.0_20200522_114746.apk', 'http://pkg.superdalan.com/game.pkg/download?pkgId=2397&f=jwcsgdt_dalan_dsdk_48_1.0.0_20200522_114908.apk', 'http://pkg.superdalan.com/game.pkg/download?pkgId=2442&f=shjgdt_dalan_dsdk_48_1.0.0_20200522_115039.apk', 'http://pkg.superdalan.com/game.pkg/download?pkgId=2480&f=shjzbgdtdblt_dalan_dsdk_48_1.0.0_20200522_115213.apk', 'http://pkg.superdalan.com/game.pkg/download?pkgId=2523&f=shjbtblmbwzjh_dalan_dsdk_48_1.0.0_20200522_115349.apk', 'http://pkg.superdalan.com/game.pkg/download?pkgId=2607&f=dxcyzwzjhgdt_dalan_dsdk_48_1.0.0_20200522_115527.apk'])
[2020-05-22 12:03:30,400][13952][log_file.py][line: 23][DEBUG] ## ('-----------R8AYIJWO99999999___20200522_114746.apk----节点1-----------下载校验结果：True',)
[2020-05-22 12:03:31,387][14544][log_file.py][line: 23][DEBUG] ## ('-----------54a4c6159804___20200522_114620.apk----节点1-----------下载校验结果：True',)
[2020-05-22 12:04:06,395][14544][log_file.py][line: 23][DEBUG] ## ('---------54a4c6159804___20200522_114620.apk-------节点2------安装返回结果：True',)
[2020-05-22 12:04:13,043][14544][log_file.py][line: 23][DEBUG] ## ("------------54a4c6159804___20200522_114620.apk----节点3---------拆包校验结果：True:['61289cdc0e1c456e131067a71f0ac91b.jpg', '48a6d9a035c50af6d44de9248e7c9135.jpg']",)
[2020-05-22 12:04:39,299][13952][log_file.py][line: 23][DEBUG] ## ('---------R8AYIJWO99999999___20200522_114746.apk-------节点2------安装返回结果：True',)
[2020-05-22 12:05:19,266][13952][log_file.py][line: 23][DEBUG] ## ("------------R8AYIJWO99999999___20200522_114746.apk----节点3---------拆包校验结果：True:['95fda4dda2f4a1c209e627fe60780d8f.jpg', '5245b8dcb3905a7f90857cf336ed7579.jpg']",)
[2020-05-22 12:05:23,239][14544][log_file.py][line: 23][DEBUG] ## ('-----------54a4c6159804___20200522_114620.apk----节点4----------打开游戏结果:True',)
[2020-05-22 12:06:16,975][14544][log_file.py][line: 23][DEBUG] ## ('-----------54a4c6159804___20200522_114620.apk----节点5----------登录游戏结果:True',)
[2020-05-22 12:06:28,690][13952][log_file.py][line: 23][DEBUG] ## ('-----------R8AYIJWO99999999___20200522_114746.apk----节点4----------打开游戏结果:True',)
[2020-05-22 12:07:02,425][14544][log_file.py][line: 23][DEBUG] ## ('------54a4c6159804___20200522_114620.apk---节点6-------下单调起微信结果:True',)
[2020-05-22 12:07:17,401][13952][log_file.py][line: 23][DEBUG] ## ('-----------R8AYIJWO99999999___20200522_114746.apk----节点5----------登录游戏结果:True',)
[2020-05-22 12:08:03,113][13952][log_file.py][line: 23][DEBUG] ## ('------R8AYIJWO99999999___20200522_114746.apk---节点6-------下单调起微信结果:True',)
[2020-05-22 12:11:32,618][5816][log_file.py][line: 23][DEBUG] ## ('-----------R8AYIJWO99999999___20200522_115039.apk----节点1-----------下载校验结果：True',)
[2020-05-22 12:11:33,027][13756][log_file.py][line: 23][DEBUG] ## ('-----------54a4c6159804___20200522_114908.apk----节点1-----------下载校验结果：True',)
[2020-05-22 12:12:09,734][13756][log_file.py][line: 23][DEBUG] ## ('---------54a4c6159804___20200522_114908.apk-------节点2------安装返回结果：True',)
[2020-05-22 12:12:21,150][13756][log_file.py][line: 23][DEBUG] ## ("------------54a4c6159804___20200522_114908.apk----节点3---------拆包校验结果：True:['4af3f4fe3f135cfaa10340e6a24e038d.jpg', '3b6bfc5507f4644170f00d147e276880.jpg']",)
[2020-05-22 12:12:43,787][5816][log_file.py][line: 23][DEBUG] ## ('---------R8AYIJWO99999999___20200522_115039.apk-------节点2------安装返回结果：True',)
[2020-05-22 12:13:05,807][5816][log_file.py][line: 23][DEBUG] ## ("------------R8AYIJWO99999999___20200522_115039.apk----节点3---------拆包校验结果：True:['ef0334525653ef158f4212bb53a1d41f.jpg', '1d5fde3028e1175e3a0ce920219d708d.jpg']",)
[2020-05-22 12:13:29,002][13756][log_file.py][line: 23][DEBUG] ## ('-----------54a4c6159804___20200522_114908.apk----节点4----------打开游戏结果:True',)
[2020-05-22 12:14:12,524][5816][log_file.py][line: 23][DEBUG] ## ('-----------R8AYIJWO99999999___20200522_115039.apk----节点4----------打开游戏结果:True',)
[2020-05-22 12:14:22,690][13756][log_file.py][line: 23][DEBUG] ## ('-----------54a4c6159804___20200522_114908.apk----节点5----------登录游戏结果:True',)
[2020-05-22 12:15:01,911][5816][log_file.py][line: 23][DEBUG] ## ('-----------R8AYIJWO99999999___20200522_115039.apk----节点5----------登录游戏结果:True',)
[2020-05-22 12:15:07,484][13756][log_file.py][line: 23][DEBUG] ## ('------54a4c6159804___20200522_114908.apk---节点6-------下单调起微信结果:True',)
[2020-05-22 12:15:47,518][5816][log_file.py][line: 23][DEBUG] ## ('------R8AYIJWO99999999___20200522_115039.apk---节点6-------下单调起微信结果:True',)
[2020-05-22 12:19:14,105][15280][log_file.py][line: 23][DEBUG] ## ('-----------R8AYIJWO99999999___20200522_115349.apk----节点1-----------下载校验结果：True',)
[2020-05-22 12:19:14,476][13392][log_file.py][line: 23][DEBUG] ## ('-----------54a4c6159804___20200522_115213.apk----节点1-----------下载校验结果：True',)
[2020-05-22 12:19:45,433][13392][log_file.py][line: 23][DEBUG] ## ('---------54a4c6159804___20200522_115213.apk-------节点2------安装返回结果：True',)
[2020-05-22 12:20:10,899][13392][log_file.py][line: 23][DEBUG] ## ("------------54a4c6159804___20200522_115213.apk----节点3---------拆包校验结果：True:['16bfa90129c85f7431b1113d17727a73.jpg', 'e3a3e86aeeeaea46a2ee86035953a8fe.jpg']",)
[2020-05-22 12:20:24,163][15280][log_file.py][line: 23][DEBUG] ## ('---------R8AYIJWO99999999___20200522_115349.apk-------节点2------安装返回结果：True',)
[2020-05-22 12:20:38,826][15280][log_file.py][line: 23][DEBUG] ## ("------------R8AYIJWO99999999___20200522_115349.apk----节点3---------拆包校验结果：True:['1d5fde3028e1175e3a0ce920219d708d.jpg', 'ef0334525653ef158f4212bb53a1d41f.jpg']",)
[2020-05-22 12:21:20,497][13392][log_file.py][line: 23][DEBUG] ## ('-----------54a4c6159804___20200522_115213.apk----节点4----------打开游戏结果:True',)
[2020-05-22 12:21:45,800][15280][log_file.py][line: 23][DEBUG] ## ('-----------R8AYIJWO99999999___20200522_115349.apk----节点4----------打开游戏结果:True',)
[2020-05-22 12:22:12,506][13392][log_file.py][line: 23][DEBUG] ## ('-----------54a4c6159804___20200522_115213.apk----节点5----------登录游戏结果:True',)
[2020-05-22 12:22:38,106][15280][log_file.py][line: 23][DEBUG] ## ('-----------R8AYIJWO99999999___20200522_115349.apk----节点5----------登录游戏结果:True',)
[2020-05-22 12:22:56,529][13392][log_file.py][line: 23][DEBUG] ## ('------54a4c6159804___20200522_115213.apk---节点6-------下单调起微信结果:True',)
[2020-05-22 12:23:24,787][15280][log_file.py][line: 23][DEBUG] ## ('------R8AYIJWO99999999___20200522_115349.apk---节点6-------下单调起微信结果:True',)
[2020-05-22 12:23:47,597][14340][log_file.py][line: 23][DEBUG] ## ('-----------54a4c6159804___20200522_115527.apk----节点1-----------下载校验结果：True',)
[2020-05-22 12:24:24,516][14340][log_file.py][line: 23][DEBUG] ## ('---------54a4c6159804___20200522_115527.apk-------节点2------安装返回结果：True',)
[2020-05-22 12:24:31,359][14340][log_file.py][line: 23][DEBUG] ## ("------------54a4c6159804___20200522_115527.apk----节点3---------拆包校验结果：True:['ee3626ffc2400e6e32032f7307c6abcd.jpg', 'dc69aae724ca5a7b8d5715f88e471c95.jpg']",)
[2020-05-22 12:26:36,853][14340][log_file.py][line: 23][DEBUG] ## ('-----------54a4c6159804___20200522_115527.apk----节点4----------打开游戏结果:False',)
[2020-05-22 12:30:00,850][8860][log_file.py][line: 23][DEBUG] ## ('从数据库获取apk链接写入日志', ['http://pkg.superdalan.com/game.pkg/download?pkgId=2076&f=lltxhy_dalan_dsdk_48_1.0.0_20200522_121420.apk', 'http://pkg.superdalan.com/game.pkg/download?pkgId=2179&f=lltxtt_dalan_dsdk_48_1.0.0_20200522_121542.apk', 'http://pkg.superdalan.com/game.pkg/download?pkgId=2284&f=mszy_dalan_dsdk_48_1.0.0_20200522_121714.apk', 'http://pkg.superdalan.com/game.pkg/download?pkgId=2355&f=dxcyztthdcs_dalan_dsdk_48_1.0.0_20200522_121846.apk', 'http://pkg.superdalan.com/game.pkg/download?pkgId=2391&f=shjtt_dalan_dsdk_48_1.0.0_20200522_122019.apk', 'http://pkg.superdalan.com/game.pkg/download?pkgId=2393&f=shj_dalan_dsdk_48_1.0.0_20200522_122148.apk', 'http://pkg.superdalan.com/game.pkg/download?pkgId=2395&f=dxcyz_dalan_dsdk_48_1.0.0_20200522_122323.apk', 'http://pkg.superdalan.com/game.pkg/download?pkgId=2467&f=shj2020_dalan_dsdk_48_1.0.0_20200522_122457.apk', 'http://pkg.superdalan.com/game.pkg/download?pkgId=2607&f=dxcyzwzjhgdt_dalan_dsdk_48_1.0.0_20200522_115527.apk', 'http://pkg.superdalan.com/game.pkg/download?pkgId=2657&f=shjzsscstt_dalan_dsdk_48_1.0.0_20200522_122618.apk', 'http://pkg.superdalan.com/game.pkg/download?pkgId=2658&f=shjzyssrtt_dalan_dsdk_48_1.0.0_20200522_122748.apk'])
[2020-05-22 12:33:41,470][13400][log_file.py][line: 23][DEBUG] ## ('-----------R8AYIJWO99999999___20200522_121542.apk----节点1-----------下载校验结果：True',)
[2020-05-22 12:33:43,215][13380][log_file.py][line: 23][DEBUG] ## ('-----------54a4c6159804___20200522_121420.apk----节点1-----------下载校验结果：True',)
[2020-05-22 12:34:19,290][13380][log_file.py][line: 23][DEBUG] ## ('---------54a4c6159804___20200522_121420.apk-------节点2------安装返回结果：True',)
[2020-05-22 12:34:26,305][13380][log_file.py][line: 23][DEBUG] ## ("------------54a4c6159804___20200522_121420.apk----节点3---------拆包校验结果：True:['37cef88c236306b8e48789247403dea8.jpg', '691621af884e8be6af6ecd70b27000cb.jpg']",)
[2020-05-22 12:34:49,789][13400][log_file.py][line: 23][DEBUG] ## ('---------R8AYIJWO99999999___20200522_121542.apk-------节点2------安装返回结果：True',)
[2020-05-22 12:35:01,366][13400][log_file.py][line: 23][DEBUG] ## ("------------R8AYIJWO99999999___20200522_121542.apk----节点3---------拆包校验结果：True:['691621af884e8be6af6ecd70b27000cb.jpg', '37cef88c236306b8e48789247403dea8.jpg']",)
[2020-05-22 12:36:08,700][13400][log_file.py][line: 23][DEBUG] ## ('-----------R8AYIJWO99999999___20200522_121542.apk----节点4----------打开游戏结果:True',)
[2020-05-22 12:36:33,124][13380][log_file.py][line: 23][DEBUG] ## ('-----------54a4c6159804___20200522_121420.apk----节点4----------打开游戏结果:False',)
[2020-05-22 12:36:59,710][13400][log_file.py][line: 23][DEBUG] ## ('-----------R8AYIJWO99999999___20200522_121542.apk----节点5----------登录游戏结果:True',)
[2020-05-22 12:37:46,991][13400][log_file.py][line: 23][DEBUG] ## ('------R8AYIJWO99999999___20200522_121542.apk---节点6-------下单调起微信结果:True',)
[2020-05-22 12:41:08,909][14912][log_file.py][line: 23][DEBUG] ## ('-----------R8AYIJWO99999999___20200522_121846.apk----节点1-----------下载校验结果：True',)
[2020-05-22 12:41:09,270][13244][log_file.py][line: 23][DEBUG] ## ('-----------54a4c6159804___20200522_121714.apk----节点1-----------下载校验结果：True',)
[2020-05-22 12:41:46,184][13244][log_file.py][line: 23][DEBUG] ## ('---------54a4c6159804___20200522_121714.apk-------节点2------安装返回结果：True',)
[2020-05-22 12:41:53,775][13244][log_file.py][line: 23][DEBUG] ## ("------------54a4c6159804___20200522_121714.apk----节点3---------拆包校验结果：True:['48a6d9a035c50af6d44de9248e7c9135.jpg', '61289cdc0e1c456e131067a71f0ac91b.jpg']",)
[2020-05-22 12:42:19,923][14912][log_file.py][line: 23][DEBUG] ## ('---------R8AYIJWO99999999___20200522_121846.apk-------节点2------安装返回结果：True',)
[2020-05-22 12:42:25,787][14912][log_file.py][line: 23][DEBUG] ## ("------------R8AYIJWO99999999___20200522_121846.apk----节点3---------拆包校验结果：True:['ee3626ffc2400e6e32032f7307c6abcd.jpg', 'dc69aae724ca5a7b8d5715f88e471c95.jpg']",)
[2020-05-22 12:43:05,957][13244][log_file.py][line: 23][DEBUG] ## ('-----------54a4c6159804___20200522_121714.apk----节点4----------打开游戏结果:True',)
[2020-05-22 12:43:31,175][14912][log_file.py][line: 23][DEBUG] ## ('-----------R8AYIJWO99999999___20200522_121846.apk----节点4----------打开游戏结果:True',)
[2020-05-22 12:44:00,087][13244][log_file.py][line: 23][DEBUG] ## ('-----------54a4c6159804___20200522_121714.apk----节点5----------登录游戏结果:True',)
[2020-05-22 12:44:20,464][14912][log_file.py][line: 23][DEBUG] ## ('-----------R8AYIJWO99999999___20200522_121846.apk----节点5----------登录游戏结果:True',)
[2020-05-22 12:44:45,114][13244][log_file.py][line: 23][DEBUG] ## ('------54a4c6159804___20200522_121714.apk---节点6-------下单调起微信结果:True',)
[2020-05-22 12:45:06,937][14912][log_file.py][line: 23][DEBUG] ## ('------R8AYIJWO99999999___20200522_121846.apk---节点6-------下单调起微信结果:True',)
[2020-05-22 12:48:31,047][13952][log_file.py][line: 23][DEBUG] ## ('-----------R8AYIJWO99999999___20200522_122148.apk----节点1-----------下载校验结果：True',)
[2020-05-22 12:48:33,449][15188][log_file.py][line: 23][DEBUG] ## ('-----------54a4c6159804___20200522_122019.apk----节点1-----------下载校验结果：True',)
[2020-05-22 12:49:10,547][15188][log_file.py][line: 23][DEBUG] ## ('---------54a4c6159804___20200522_122019.apk-------节点2------安装返回结果：True',)
[2020-05-22 12:49:19,033][15188][log_file.py][line: 23][DEBUG] ## ("------------54a4c6159804___20200522_122019.apk----节点3---------拆包校验结果：True:['1d5fde3028e1175e3a0ce920219d708d.jpg', 'ef0334525653ef158f4212bb53a1d41f.jpg']",)
[2020-05-22 12:49:40,291][13952][log_file.py][line: 23][DEBUG] ## ('---------R8AYIJWO99999999___20200522_122148.apk-------节点2------安装返回结果：True',)
[2020-05-22 12:49:50,659][13952][log_file.py][line: 23][DEBUG] ## ("------------R8AYIJWO99999999___20200522_122148.apk----节点3---------拆包校验结果：True:['ef0334525653ef158f4212bb53a1d41f.jpg', '1d5fde3028e1175e3a0ce920219d708d.jpg']",)
[2020-05-22 12:51:01,777][13952][log_file.py][line: 23][DEBUG] ## ('-----------R8AYIJWO99999999___20200522_122148.apk----节点4----------打开游戏结果:True',)
[2020-05-22 12:51:26,559][15188][log_file.py][line: 23][DEBUG] ## ('-----------54a4c6159804___20200522_122019.apk----节点4----------打开游戏结果:False',)
[2020-05-22 12:54:51,447][5560][log_file.py][line: 23][DEBUG] ## ('-----------R8AYIJWO99999999___20200522_122457.apk----节点1-----------下载校验结果：True',)
[2020-05-22 12:54:51,843][5376][log_file.py][line: 23][DEBUG] ## ('-----------54a4c6159804___20200522_122323.apk----节点1-----------下载校验结果：True',)
[2020-05-22 12:55:34,473][5376][log_file.py][line: 23][DEBUG] ## ('---------54a4c6159804___20200522_122323.apk-------节点2------安装返回结果：True',)
[2020-05-22 12:55:54,770][5376][log_file.py][line: 23][DEBUG] ## ("------------54a4c6159804___20200522_122323.apk----节点3---------拆包校验结果：True:['ee3626ffc2400e6e32032f7307c6abcd.jpg', 'dc69aae724ca5a7b8d5715f88e471c95.jpg']",)
[2020-05-22 12:56:47,874][5560][log_file.py][line: 23][DEBUG] ## ('---------R8AYIJWO99999999___20200522_122457.apk-------节点2------安装返回结果：True',)
[2020-05-22 12:56:55,838][5560][log_file.py][line: 23][DEBUG] ## ("------------R8AYIJWO99999999___20200522_122457.apk----节点3---------拆包校验结果：True:['3070be6b526ad183bfed5b1093c5fb7e.jpg', '13ec3e3bc58abcc503ace50a513c45b6.jpg']",)
[2020-05-22 12:58:03,910][5376][log_file.py][line: 23][DEBUG] ## ('-----------54a4c6159804___20200522_122323.apk----节点4----------打开游戏结果:False',)
[2020-05-22 12:58:11,992][5560][log_file.py][line: 23][DEBUG] ## ('-----------R8AYIJWO99999999___20200522_122457.apk----节点4----------打开游戏结果:True',)
[2020-05-22 12:59:05,502][5560][log_file.py][line: 23][DEBUG] ## ('-----------R8AYIJWO99999999___20200522_122457.apk----节点5----------登录游戏结果:True',)
[2020-05-22 12:59:53,692][5560][log_file.py][line: 23][DEBUG] ## ('------R8AYIJWO99999999___20200522_122457.apk---节点6-------下单调起微信结果:True',)
[2020-05-22 13:03:15,955][5376][log_file.py][line: 23][DEBUG] ## ('-----------R8AYIJWO99999999___20200522_122618.apk----节点1-----------下载校验结果：True',)
[2020-05-22 13:03:18,233][15272][log_file.py][line: 23][DEBUG] ## ('-----------54a4c6159804___20200522_115527.apk----节点1-----------下载校验结果：True',)
[2020-05-22 13:03:54,871][15272][log_file.py][line: 23][DEBUG] ## ('---------54a4c6159804___20200522_115527.apk-------节点2------安装返回结果：True',)
[2020-05-22 13:04:03,327][15272][log_file.py][line: 23][DEBUG] ## ("------------54a4c6159804___20200522_115527.apk----节点3---------拆包校验结果：True:['dc69aae724ca5a7b8d5715f88e471c95.jpg', 'ee3626ffc2400e6e32032f7307c6abcd.jpg']",)
[2020-05-22 13:04:27,078][5376][log_file.py][line: 23][DEBUG] ## ('---------R8AYIJWO99999999___20200522_122618.apk-------节点2------安装返回结果：True',)
[2020-05-22 13:04:35,290][5376][log_file.py][line: 23][DEBUG] ## ("------------R8AYIJWO99999999___20200522_122618.apk----节点3---------拆包校验结果：True:['472c54bed83c2d3356c6942b6774e165.jpg', 'c2824af34d3b9b5435bbdf9a36d63620.jpg']",)
[2020-05-22 13:05:45,262][5376][log_file.py][line: 23][DEBUG] ## ('-----------R8AYIJWO99999999___20200522_122618.apk----节点4----------打开游戏结果:True',)
[2020-05-22 13:06:10,675][15272][log_file.py][line: 23][DEBUG] ## ('-----------54a4c6159804___20200522_115527.apk----节点4----------打开游戏结果:False',)
[2020-05-22 13:06:40,345][5376][log_file.py][line: 23][DEBUG] ## ('-----------R8AYIJWO99999999___20200522_122618.apk----节点5----------登录游戏结果:True',)
[2020-05-22 13:07:28,659][5376][log_file.py][line: 23][DEBUG] ## ('------R8AYIJWO99999999___20200522_122618.apk---节点6-------下单调起微信结果:True',)
[2020-05-22 13:09:28,214][13828][log_file.py][line: 23][DEBUG] ## ('-----------54a4c6159804___20200522_122748.apk----节点1-----------下载校验结果：True',)
[2020-05-22 13:10:08,581][13828][log_file.py][line: 23][DEBUG] ## ('---------54a4c6159804___20200522_122748.apk-------节点2------安装返回结果：True',)
[2020-05-22 13:10:20,964][13828][log_file.py][line: 23][DEBUG] ## ("------------54a4c6159804___20200522_122748.apk----节点3---------拆包校验结果：True:['11c48624d842b0c01ffa107977c01b23.jpg', '8ad900d397856e46fab55b85a1a518f7.jpg']",)
[2020-05-22 13:11:32,871][13828][log_file.py][line: 23][DEBUG] ## ('-----------54a4c6159804___20200522_122748.apk----节点4----------打开游戏结果:True',)
[2020-05-22 13:12:25,423][13828][log_file.py][line: 23][DEBUG] ## ('-----------54a4c6159804___20200522_122748.apk----节点5----------登录游戏结果:True',)
[2020-05-22 13:13:09,733][13828][log_file.py][line: 23][DEBUG] ## ('------54a4c6159804___20200522_122748.apk---节点6-------下单调起微信结果:True',)
[2020-05-22 13:15:00,846][10348][log_file.py][line: 23][DEBUG] ## ('从数据库获取apk链接写入日志', ['http://pkg.superdalan.com/game.pkg/download?pkgId=2076&f=lltxhy_dalan_dsdk_48_1.0.0_20200522_121420.apk',
'http://pkg.superdalan.com/game.pkg/download?pkgId=2391&f=shjtt_dalan_dsdk_48_1.0.0_20200522_122019.apk', 'http://pkg.superdalan.com/game.pkg/download?pkgId=2393&f=shj_dalan_dsdk_48_1.0.0_20200522_122148.apk'
, 'http://pkg.superdalan.com/game.pkg/download?pkgId=2395&f=dxcyz_dalan_dsdk_48_1.0.0_20200522_122323.apk'])
[2020-05-22 13:18:48,486][13236][log_file.py][line: 23][DEBUG] ## ('-----------R8AYIJWO99999999___20200522_122019.apk----节点1-----------下载校验结果：True',)
[2020-05-22 13:18:48,592][3848][log_file.py][line: 23][DEBUG] ## ('-----------54a4c6159804___20200522_121420.apk----节点1-----------下载校验结果：True',)
[2020-05-22 13:19:26,309][3848][log_file.py][line: 23][DEBUG] ## ('---------54a4c6159804___20200522_121420.apk-------节点2------安装返回结果：True',)
[2020-05-22 13:19:50,265][3848][log_file.py][line: 23][DEBUG] ## ("------------54a4c6159804___20200522_121420.apk----节点3---------拆包校验结果：True:['691621af884e8be6af6ecd70b27000cb.jpg', '37cef88c236306b8e48789247403dea8.jpg']",)
[2020-05-22 13:19:51,351][13236][log_file.py][line: 23][DEBUG] ## ('---------R8AYIJWO99999999___20200522_122019.apk-------节点2------安装返回结果：True',)
[2020-05-22 13:20:09,397][13236][log_file.py][line: 23][DEBUG] ## ("------------R8AYIJWO99999999___20200522_122019.apk----节点3---------拆包校验结果：True:['1d5fde3028e1175e3a0ce920219d708d.jpg', 'ef0334525653ef158f4212bb53a1d41f.jpg']",)
[2020-05-22 13:21:00,723][3848][log_file.py][line: 23][DEBUG] ## ('-----------54a4c6159804___20200522_121420.apk----节点4----------打开游戏结果:True',)
[2020-05-22 13:21:16,534][13236][log_file.py][line: 23][DEBUG] ## ('-----------R8AYIJWO99999999___20200522_122019.apk----节点4----------打开游戏结果:True',)
[2020-05-22 13:21:55,859][3848][log_file.py][line: 23][DEBUG] ## ('-----------54a4c6159804___20200522_121420.apk----节点5----------登录游戏结果:True',)
[2020-05-22 13:22:06,168][13236][log_file.py][line: 23][DEBUG] ## ('-----------R8AYIJWO99999999___20200522_122019.apk----节点5----------登录游戏结果:True',)
[2020-05-22 13:22:41,466][3848][log_file.py][line: 23][DEBUG] ## ('------54a4c6159804___20200522_121420.apk---节点6-------下单调起微信结果:True',)
[2020-05-22 13:22:51,273][13236][log_file.py][line: 23][DEBUG] ## ('------R8AYIJWO99999999___20200522_122019.apk---节点6-------下单调起微信结果:False',)
[2020-05-22 13:26:12,913][14456][log_file.py][line: 23][DEBUG] ## ('-----------54a4c6159804___20200522_122148.apk----节点1-----------下载校验结果：True',)
[2020-05-22 13:26:13,989][11272][log_file.py][line: 23][DEBUG] ## ('-----------R8AYIJWO99999999___20200522_122323.apk----节点1-----------下载校验结果：True',)
[2020-05-22 13:26:58,200][14456][log_file.py][line: 23][DEBUG] ## ('---------54a4c6159804___20200522_122148.apk-------节点2------安装返回结果：True',)
[2020-05-22 13:27:20,393][14456][log_file.py][line: 23][DEBUG] ## ("------------54a4c6159804___20200522_122148.apk----节点3---------拆包校验结果：True:['1d5fde3028e1175e3a0ce920219d708d.jpg', 'ef0334525653ef158f4212bb53a1d41f.jpg']",)
[2020-05-22 13:28:30,094][14456][log_file.py][line: 23][DEBUG] ## ('-----------54a4c6159804___20200522_122148.apk----节点4----------打开游戏结果:True',)
[2020-05-22 13:29:21,632][11272][log_file.py][line: 23][DEBUG] ## ('---------R8AYIJWO99999999___20200522_122323.apk-------节点2------安装返回结果：True',)
[2020-05-22 13:29:23,408][14456][log_file.py][line: 23][DEBUG] ## ('-----------54a4c6159804___20200522_122148.apk----节点5----------登录游戏结果:True',)
[2020-05-22 13:29:50,249][11272][log_file.py][line: 23][DEBUG] ## ("------------R8AYIJWO99999999___20200522_122323.apk----节点3---------拆包校验结果：True:['ee3626ffc2400e6e32032f7307c6abcd.jpg', 'dc69aae724ca5a7b8d5715f88e471c95.jpg']",)
[2020-05-22 13:30:05,811][14456][log_file.py][line: 23][DEBUG] ## ('------54a4c6159804___20200522_122148.apk---节点6-------下单调起微信结果:False',)
[2020-05-22 13:31:10,464][11272][log_file.py][line: 23][DEBUG] ## ('-----------R8AYIJWO99999999___20200522_122323.apk----节点4----------打开游戏结果:True',)
[2020-05-22 13:35:02,009][3916][log_file.py][line: 23][DEBUG] ## ('从数据库获取apk链接写入日志', ['http://pkg.superdalan.com/game.pkg/download?pkgId=2393&f=shj_dalan_dsdk_48_1.0.0_20200522_122148.apk', 'http://pkg.superdalan.com/game.pkg/download?pkgId=2395&f=dxcyz_dalan_dsdk_48_1.0.0_20200522_122323.apk'])
[2020-05-22 13:38:31,948][7784][log_file.py][line: 23][DEBUG] ## ('-----------R8AYIJWO99999999___20200522_122323.apk----节点1-----------下载校验结果：True',)
[2020-05-22 13:38:34,224][3316][log_file.py][line: 23][DEBUG] ## ('-----------54a4c6159804___20200522_122148.apk----节点1-----------下载校验结果：True',)
[2020-05-22 13:39:09,400][3316][log_file.py][line: 23][DEBUG] ## ('---------54a4c6159804___20200522_122148.apk-------节点2------安装返回结果：True',)
[2020-05-22 13:39:16,516][3316][log_file.py][line: 23][DEBUG] ## ("------------54a4c6159804___20200522_122148.apk----节点3---------拆包校验结果：True:['1d5fde3028e1175e3a0ce920219d708d.jpg', 'ef0334525653ef158f4212bb53a1d41f.jpg']",)
[2020-05-22 13:39:48,428][7784][log_file.py][line: 23][DEBUG] ## ('---------R8AYIJWO99999999___20200522_122323.apk-------节点2------安装返回结果：True',)
[2020-05-22 13:39:55,076][7784][log_file.py][line: 23][DEBUG] ## ("------------R8AYIJWO99999999___20200522_122323.apk----节点3---------拆包校验结果：True:['ee3626ffc2400e6e32032f7307c6abcd.jpg', 'dc69aae724ca5a7b8d5715f88e471c95.jpg']",)
[2020-05-22 13:41:04,690][7784][log_file.py][line: 23][DEBUG] ## ('-----------R8AYIJWO99999999___20200522_122323.apk----节点4----------打开游戏结果:True',)
[2020-05-22 13:41:21,764][3316][log_file.py][line: 23][DEBUG] ## ('-----------54a4c6159804___20200522_122148.apk----节点4----------打开游戏结果:False',)
[2020-05-22 13:45:01,709][10988][log_file.py][line: 23][DEBUG] ## ('从数据库获取apk链接写入日志', ['http://pkg.superdalan.com/game.pkg/download?pkgId=2395&f=dxcyz_dalan_dsdk_48_1.0.0_20200522_122323.apk'])
[2020-05-22 13:47:01,344][10448][log_file.py][line: 23][DEBUG] ## ('-----------54a4c6159804___20200522_122323.apk----节点1-----------下载校验结果：True',)
[2020-05-22 13:47:38,062][10448][log_file.py][line: 23][DEBUG] ## ('---------54a4c6159804___20200522_122323.apk-------节点2------安装返回结果：True',)
[2020-05-22 13:47:44,022][10448][log_file.py][line: 23][DEBUG] ## ("------------54a4c6159804___20200522_122323.apk----节点3---------拆包校验结果：True:['ee3626ffc2400e6e32032f7307c6abcd.jpg', 'dc69aae724ca5a7b8d5715f88e471c95.jpg']",)
[2020-05-22 13:48:53,297][10448][log_file.py][line: 23][DEBUG] ## ('-----------54a4c6159804___20200522_122323.apk----节点4----------打开游戏结果:True',)
[2020-05-22 13:49:44,662][10448][log_file.py][line: 23][DEBUG] ## ('-----------54a4c6159804___20200522_122323.apk----节点5----------登录游戏结果:True',)
[2020-05-22 13:50:29,700][10448][log_file.py][line: 23][DEBUG] ## ('------54a4c6159804___20200522_122323.apk---节点6-------下单调起微信结果:True',)
[2020-05-22 13:55:00,666][11208][log_file.py][line: 23][DEBUG] ## ('从数据库获取apk链接写入日志', [])
[2020-05-22 14:00:00,696][15016][log_file.py][line: 23][DEBUG] ## ('从数据库获取apk链接写入日志', [])
[2020-05-22 14:05:00,755][5560][log_file.py][line: 23][DEBUG] ## ('从数据库获取apk链接写入日志', [])
[2020-05-22 14:10:00,713][14892][log_file.py][line: 23][DEBUG] ## ('从数据库获取apk链接写入日志', ['http://pkg.superdalan.com/game.pkg/download?pkgId=2810&f=jtyzxyx_dalan_xiuxianandroid_72_1.0.0_20200522_141258.apk'])
[2020-05-22 14:10:27,740][14852][log_file.py][line: 23][DEBUG] ## ('-----------54a4c6159804___20200522_141258.apk----节点1-----------下载校验结果：True',)
[2020-05-22 14:11:38,609][14852][log_file.py][line: 23][DEBUG] ## ('---------54a4c6159804___20200522_141258.apk-------节点2------安装返回结果：未知异常_404',)
[2020-05-22 14:15:00,682][12460][log_file.py][line: 23][DEBUG] ## ('从数据库获取apk链接写入日志', [])
[2020-05-22 14:20:00,735][13548][log_file.py][line: 23][DEBUG] ## ('从数据库获取apk链接写入日志', [])
[2020-05-22 14:25:00,747][13080][log_file.py][line: 23][DEBUG] ## ('从数据库获取apk链接写入日志', [])
[2020-05-22 14:30:01,595][12464][log_file.py][line: 23][DEBUG] ## ('从数据库获取apk链接写入日志', [])
[2020-05-22 14:35:01,445][7200][log_file.py][line: 23][DEBUG] ## ('从数据库获取apk链接写入日志', [])
[2020-05-22 14:40:00,785][13672][log_file.py][line: 23][DEBUG] ## ('从数据库获取apk链接写入日志', [])
[2020-05-22 14:45:00,962][6696][log_file.py][line: 23][DEBUG] ## ('从数据库获取apk链接写入日志', [])
[2020-05-22 14:50:00,751][13160][log_file.py][line: 23][DEBUG] ## ('从数据库获取apk链接写入日志', [])
[2020-05-22 14:55:00,778][13824][log_file.py][line: 23][DEBUG] ## ('从数据库获取apk链接写入日志', ['http://pkg.superdalan.com/game.pkg/download?pkgId=2806&f=chwysezrsdk_dalan_xy_dsdk_74_1.0.0_20200522_145259.apk'])
[2020-05-22 14:55:12,790][6556][log_file.py][line: 23][DEBUG] ## ('-----------54a4c6159804___20200522_145259.apk----节点1-----------下载校验结果：True',)
[2020-05-22 14:55:47,207][6556][log_file.py][line: 23][DEBUG] ## ('---------54a4c6159804___20200522_145259.apk-------节点2------安装返回结果：True',)
[2020-05-22 14:56:00,654][6556][log_file.py][line: 23][DEBUG] ## ("------------54a4c6159804___20200522_145259.apk----节点3---------拆包校验结果：True:['31358011b1eb68dfee64d8510b7df144.jpg', 'aa0a4df1bd67d59fb91bfd7dbdfcfafe.jpg']",)
[2020-05-22 14:57:32,162][6556][log_file.py][line: 23][DEBUG] ## ('-----------54a4c6159804___20200522_145259.apk----节点4----------打开游戏结果:True',)
[2020-05-22 14:58:31,816][6556][log_file.py][line: 23][DEBUG] ## ('-----------54a4c6159804___20200522_145259.apk----节点5----------登录游戏结果:True',)
[2020-05-22 14:59:10,980][6556][log_file.py][line: 23][DEBUG] ## ('------54a4c6159804___20200522_145259.apk---节点6-------下单调起微信结果:True',)
[2020-05-22 15:00:02,056][9336][log_file.py][line: 23][DEBUG] ## ('从数据库获取apk链接写入日志', [])
[2020-05-22 15:05:00,798][14736][log_file.py][line: 23][DEBUG] ## ('从数据库获取apk链接写入日志', [])
[2020-05-22 15:10:00,871][14448][log_file.py][line: 23][DEBUG] ## ('从数据库获取apk链接写入日志', [])
[2020-05-22 15:15:00,859][15272][log_file.py][line: 23][DEBUG] ## ('从数据库获取apk链接写入日志', [])
[2020-05-22 15:20:00,791][11272][log_file.py][line: 23][DEBUG] ## ('从数据库获取apk链接写入日志', [])
[2020-05-22 15:25:00,898][10060][log_file.py][line: 23][DEBUG] ## ('从数据库获取apk链接写入日志', ['http://pkg.superdalan.com/game.pkg/download?pkgId=2811&f=chwysezrgdt_dalan_xy_dsdk_74_1.0.0_20200522_152300.apk'])
[2020-05-22 15:25:20,489][11272][log_file.py][line: 23][DEBUG] ## ('-----------54a4c6159804___20200522_152300.apk----节点1-----------下载校验结果：True',)
[2020-05-22 15:26:40,464][11272][log_file.py][line: 23][DEBUG] ## ('---------54a4c6159804___20200522_152300.apk-------节点2------安装返回结果：未知异常_404',)
[2020-05-22 15:30:00,769][10628][log_file.py][line: 23][DEBUG] ## ('从数据库获取apk链接写入日志', ['http://pkg.superdalan.com/game.pkg/download?pkgId=2811&f=chwysezrgdt_dalan_xy_dsdk_74_1.0.0_20200522_153117.apk'])
[2020-05-22 15:30:12,512][10432][log_file.py][line: 23][DEBUG] ## ('-----------54a4c6159804___20200522_153117.apk----节点1-----------下载校验结果：True',)
[2020-05-22 15:30:38,839][10432][log_file.py][line: 23][DEBUG] ## ('---------54a4c6159804___20200522_153117.apk-------节点2------安装返回结果：True',)
[2020-05-22 15:30:51,466][10432][log_file.py][line: 23][DEBUG] ## ("------------54a4c6159804___20200522_153117.apk----节点3---------拆包校验结果：True:['aa0a4df1bd67d59fb91bfd7dbdfcfafe.jpg', '31358011b1eb68dfee64d8510b7df144.jpg']",)
[2020-05-22 15:32:23,652][10432][log_file.py][line: 23][DEBUG] ## ('-----------54a4c6159804___20200522_153117.apk----节点4----------打开游戏结果:True',)
[2020-05-22 15:33:22,566][10432][log_file.py][line: 23][DEBUG] ## ('-----------54a4c6159804___20200522_153117.apk----节点5----------登录游戏结果:True',)
[2020-05-22 15:34:01,557][10432][log_file.py][line: 23][DEBUG] ## ('------54a4c6159804___20200522_153117.apk---节点6-------下单调起微信结果:True',)
[2020-05-22 15:35:00,795][13336][log_file.py][line: 23][DEBUG] ## ('从数据库获取apk链接写入日志', ['http://pkg.superdalan.com/game.pkg/download?pkgId=2325&f=nsmyly_dalan_dysdk_10_1.0.5_20200522_153623.apk'])
[2020-05-22 15:35:15,280][14412][log_file.py][line: 23][DEBUG] ## ('-----------54a4c6159804___20200522_153623.apk----节点1-----------下载校验结果：True',)
[2020-05-22 15:35:35,029][14412][log_file.py][line: 23][DEBUG] ## ('---------54a4c6159804___20200522_153623.apk-------节点2------安装返回结果：True',)
[2020-05-22 15:35:47,950][14412][log_file.py][line: 23][DEBUG] ## ("------------54a4c6159804___20200522_153623.apk----节点3---------拆包校验结果：True:['9adaa97cd28684e4651e4a610550c8a3.jpg', '0a63d40a3a24dc3e313c2cdd5b0ded65.jpg']",)
[2020-05-22 15:35:48,664][14412][log_file.py][line: 23][DEBUG] ## ('54a4c6159804___20200522_153623.apk_非Dalan_Dsdk渠道包，不走自动化流程',)
[2020-05-22 15:40:02,446][15048][log_file.py][line: 23][DEBUG] ## ('从数据库获取apk链接写入日志', [])
[2020-05-22 15:45:00,717][7964][log_file.py][line: 23][DEBUG] ## ('从数据库获取apk链接写入日志', [])
[2020-05-22 15:50:00,687][12240][log_file.py][line: 23][DEBUG] ## ('从数据库获取apk链接写入日志', [])
[2020-05-22 15:55:00,748][14940][log_file.py][line: 23][DEBUG] ## ('从数据库获取apk链接写入日志', [])
[2020-05-22 16:00:00,750][15160][log_file.py][line: 23][DEBUG] ## ('从数据库获取apk链接写入日志', [])
[2020-05-22 16:05:00,827][14696][log_file.py][line: 23][DEBUG] ## ('从数据库获取apk链接写入日志', [])
[2020-05-22 16:10:00,808][2344][log_file.py][line: 23][DEBUG] ## ('从数据库获取apk链接写入日志', [])
[2020-05-22 16:15:00,768][13468][log_file.py][line: 23][DEBUG] ## ('从数据库获取apk链接写入日志', [])
[2020-05-22 16:20:00,842][14988][log_file.py][line: 23][DEBUG] ## ('从数据库获取apk链接写入日志', [])
[2020-05-22 16:25:00,830][13332][log_file.py][line: 23][DEBUG] ## ('从数据库获取apk链接写入日志', ['http://pkg.superdalan.com/game.pkg/download?pkgId=2806&f=chwysezrsdk_dalan_xy_dsdk_74_1.0.0_20200522_162547.apk'])
[2020-05-22 16:25:07,923][13788][log_file.py][line: 23][DEBUG] ## ('-----------54a4c6159804___20200522_162547.apk----节点1-----------下载校验结果：False',)
[2020-05-22 16:30:00,848][4992][log_file.py][line: 23][DEBUG] ## ('从数据库获取apk链接写入日志', ['http://pkg.superdalan.com/game.pkg/download?pkgId=2806&f=chwysezrsdk_dalan_xy_dsdk_74_1.0.0_20200522_162907.apk'])
[2020-05-22 16:30:24,199][13424][log_file.py][line: 23][DEBUG] ## ('-----------54a4c6159804___20200522_162907.apk----节点1-----------下载校验结果：True',)
[2020-05-22 16:30:49,417][13424][log_file.py][line: 23][DEBUG] ## ('---------54a4c6159804___20200522_162907.apk-------节点2------安装返回结果：True',)
[2020-05-22 16:31:02,081][13424][log_file.py][line: 23][DEBUG] ## ("------------54a4c6159804___20200522_162907.apk----节点3---------拆包校验结果：True:['aa0a4df1bd67d59fb91bfd7dbdfcfafe.jpg', '31358011b1eb68dfee64d8510b7df144.jpg']",)
[2020-05-22 16:32:34,419][13424][log_file.py][line: 23][DEBUG] ## ('-----------54a4c6159804___20200522_162907.apk----节点4----------打开游戏结果:True',)
[2020-05-22 16:33:34,707][13424][log_file.py][line: 23][DEBUG] ## ('-----------54a4c6159804___20200522_162907.apk----节点5----------登录游戏结果:True',)
[2020-05-22 16:34:13,474][13424][log_file.py][line: 23][DEBUG] ## ('------54a4c6159804___20200522_162907.apk---节点6-------下单调起微信结果:True',)
[2020-05-22 16:35:02,240][4952][log_file.py][line: 23][DEBUG] ## ('从数据库获取apk链接写入日志', [])
[2020-05-22 16:40:00,704][13512][log_file.py][line: 23][DEBUG] ## ('从数据库获取apk链接写入日志', [])
[2020-05-22 16:45:00,710][13804][log_file.py][line: 23][DEBUG] ## ('从数据库获取apk链接写入日志', [])
[2020-05-22 16:50:00,827][9456][log_file.py][line: 23][DEBUG] ## ('从数据库获取apk链接写入日志', [])
[2020-05-22 16:55:00,728][12588][log_file.py][line: 23][DEBUG] ## ('从数据库获取apk链接写入日志', [])
[2020-05-22 17:00:00,830][6984][log_file.py][line: 23][DEBUG] ## ('从数据库获取apk链接写入日志', [])
[2020-05-22 17:05:00,730][4160][log_file.py][line: 23][DEBUG] ## ('从数据库获取apk链接写入日志', [])
[2020-05-22 17:10:00,737][12688][log_file.py][line: 23][DEBUG] ## ('从数据库获取apk链接写入日志', [])
[2020-05-22 17:15:00,776][12596][log_file.py][line: 23][DEBUG] ## ('从数据库获取apk链接写入日志', [])
[2020-05-22 17:20:00,819][15088][log_file.py][line: 23][DEBUG] ## ('从数据库获取apk链接写入日志', ['http://pkg.superdalan.com/game.pkg/download?pkgId=2241&f=jy2zhtcs_dalan_dsdk_48_1.0.0_20200522_171936.apk', 'http://pkg.superdalan.com/game.pkg/download?pkgId=2329&f=qyj1_dalan_dsdk_48_1.0.0_20200522_172056.apk'])
[2020-05-22 17:22:01,271][9640][log_file.py][line: 23][DEBUG] ## ('-----------R8AYIJWO99999999___20200522_172056.apk----节点1-----------下载校验结果：True',)
[2020-05-22 17:22:01,659][11080][log_file.py][line: 23][DEBUG] ## ('-----------54a4c6159804___20200522_171936.apk----节点1-----------下载校验结果：True',)
[2020-05-22 17:22:41,692][11080][log_file.py][line: 23][DEBUG] ## ('---------54a4c6159804___20200522_171936.apk-------节点2------安装返回结果：True',)
[2020-05-22 17:23:09,196][11080][log_file.py][line: 23][DEBUG] ## ("------------54a4c6159804___20200522_171936.apk----节点3---------拆包校验结果：True:['55a4752d2937871a59fd3546e7fc26c0.jpg', 'a766cce1d0db691923c65897b857f830.jpg']",)
[2020-05-22 17:23:36,569][9640][log_file.py][line: 23][DEBUG] ## ('---------R8AYIJWO99999999___20200522_172056.apk-------节点2------安装返回结果：True',)
[2020-05-22 17:24:23,633][11080][log_file.py][line: 23][DEBUG] ## ('-----------54a4c6159804___20200522_171936.apk----节点4----------打开游戏结果:True',)
[2020-05-22 17:24:29,172][9640][log_file.py][line: 23][DEBUG] ## ("------------R8AYIJWO99999999___20200522_172056.apk----节点3---------拆包校验结果：True:['9baae0e1fd1931f1c3d3c88c2e647465.jpg', 'ff6e7b0e895dc0494da96f6357f1ca95.jpg']",)
[2020-05-22 17:25:17,593][11080][log_file.py][line: 23][DEBUG] ## ('-----------54a4c6159804___20200522_171936.apk----节点5----------登录游戏结果:True',)
[2020-05-22 17:25:36,365][9640][log_file.py][line: 23][DEBUG] ## ('-----------R8AYIJWO99999999___20200522_172056.apk----节点4----------打开游戏结果:True',)
[2020-05-22 17:26:02,120][11080][log_file.py][line: 23][DEBUG] ## ('------54a4c6159804___20200522_171936.apk---节点6-------下单调起微信结果:True',)
[2020-05-22 17:26:26,963][9640][log_file.py][line: 23][DEBUG] ## ('-----------R8AYIJWO99999999___20200522_172056.apk----节点5----------登录游戏结果:True',)
[2020-05-22 17:27:11,501][9640][log_file.py][line: 23][DEBUG] ## ('------R8AYIJWO99999999___20200522_172056.apk---节点6-------下单调起微信结果:True',)
[2020-05-22 17:30:02,477][7896][log_file.py][line: 23][DEBUG] ## ('从数据库获取apk链接写入日志', ['http://pkg.superdalan.com/game.pkg/download?pkgId=2398&f=shjks_dalan_dsdk_48_1.0.0_20200522_172218.apk', 'http://pkg.superdalan.com/game.pkg/download?pkgId=2464&f=tshy_dalan_dsdk_48_1.0.0_20200522_172350.apk', 'http://pkg.superdalan.com/game.pkg/download?pkgId=2485&f=shjbtb_dalan_dsdk_48_1.0.0_20200522_172529.apk', 'http://pkg.superdalan.com/game.pkg/download?pkgId=2499&f=ljsn_dalan_dsdk_48_1.0.0_20200522_172658.apk', 'http://pkg.superdalan.com/game.pkg/download?pkgId=2500&f=wxfs_dalan_dsdk_48_1.0.0_20200522_172813.apk', 'http://pkg.superdalan.com/game.pkg/download?pkgId=2516&f=xkjhwzjh_dalan_dsdk_48_1.0.0_20200522_172951.apk'])
[2020-05-22 17:30:30,174][7268][log_file.py][line: 23][DEBUG] ## ('-----------R8AYIJWO99999999___20200522_172350.apk----节点1-----------下载校验结果：True',)
[2020-05-22 17:30:32,419][15196][log_file.py][line: 23][DEBUG] ## ('-----------54a4c6159804___20200522_172218.apk----节点1-----------下载校验结果：True',)
[2020-05-22 17:31:11,158][15196][log_file.py][line: 23][DEBUG] ## ('---------54a4c6159804___20200522_172218.apk-------节点2------安装返回结果：True',)
[2020-05-22 17:31:36,224][15196][log_file.py][line: 23][DEBUG] ## ("------------54a4c6159804___20200522_172218.apk----节点3---------拆包校验结果：True:['1d5fde3028e1175e3a0ce920219d708d.jpg', 'ef0334525653ef158f4212bb53a1d41f.jpg']",)
[2020-05-22 17:31:48,636][7268][log_file.py][line: 23][DEBUG] ## ('---------R8AYIJWO99999999___20200522_172350.apk-------节点2------安装返回结果：True',)
[2020-05-22 17:32:37,807][7268][log_file.py][line: 23][DEBUG] ## ("------------R8AYIJWO99999999___20200522_172350.apk----节点3---------拆包校验结果：True:['c91fc7691ba0443f059d2dbf4fea98dd.jpg', '74a901dd1f3ce7a92bbfcecf3b12992f.jpg']",)
[2020-05-22 17:32:48,023][15196][log_file.py][line: 23][DEBUG] ## ('-----------54a4c6159804___20200522_172218.apk----节点4----------打开游戏结果:True',)
[2020-05-22 17:33:42,996][15196][log_file.py][line: 23][DEBUG] ## ('-----------54a4c6159804___20200522_172218.apk----节点5----------登录游戏结果:True',)
[2020-05-22 17:33:48,109][7268][log_file.py][line: 23][DEBUG] ## ('-----------R8AYIJWO99999999___20200522_172350.apk----节点4----------打开游戏结果:True',)
[2020-05-22 17:34:28,004][15196][log_file.py][line: 23][DEBUG] ## ('------54a4c6159804___20200522_172218.apk---节点6-------下单调起微信结果:True',)
[2020-05-22 17:34:53,685][15220][log_file.py][line: 23][DEBUG] ## ('-----------R8AYIJWO99999999___20200522_172658.apk----节点1-----------下载校验结果：True',)
[2020-05-22 17:34:55,532][15252][log_file.py][line: 23][DEBUG] ## ('-----------54a4c6159804___20200522_172529.apk----节点1-----------下载校验结果：True',)
[2020-05-22 17:35:30,485][15252][log_file.py][line: 23][DEBUG] ## ('---------54a4c6159804___20200522_172529.apk-------节点2------安装返回结果：True',)
[2020-05-22 17:36:15,780][15252][log_file.py][line: 23][DEBUG] ## ("------------54a4c6159804___20200522_172529.apk----节点3---------拆包校验结果：True:['1d5fde3028e1175e3a0ce920219d708d.jpg', 'ef0334525653ef158f4212bb53a1d41f.jpg']",)
[2020-05-22 17:37:12,880][15220][log_file.py][line: 23][DEBUG] ## ('---------R8AYIJWO99999999___20200522_172658.apk-------节点2------安装返回结果：True',)
[2020-05-22 17:37:30,201][15252][log_file.py][line: 23][DEBUG] ## ('-----------54a4c6159804___20200522_172529.apk----节点4----------打开游戏结果:True',)
[2020-05-22 17:38:35,905][15220][log_file.py][line: 23][DEBUG] ## ("------------R8AYIJWO99999999___20200522_172658.apk----节点3---------拆包校验结果：True:['6f44769d7fed3118c2ea634e6af7639e.jpg', 'c8df56465bd4655c8a06514fcef6ecf9.jpg']",)
[2020-05-22 17:38:39,331][15252][log_file.py][line: 23][DEBUG] ## ('-----------54a4c6159804___20200522_172529.apk----节点5----------登录游戏结果:True',)
[2020-05-22 17:39:23,789][15252][log_file.py][line: 23][DEBUG] ## ('------54a4c6159804___20200522_172529.apk---节点6-------下单调起微信结果:False',)
[2020-05-22 17:39:51,545][15220][log_file.py][line: 23][DEBUG] ## ('-----------R8AYIJWO99999999___20200522_172658.apk----节点4----------打开游戏结果:True',)
[2020-05-22 17:40:42,668][7528][log_file.py][line: 23][DEBUG] ## ('-----------54a4c6159804___20200522_172813.apk----节点1-----------下载校验结果：True',)
[2020-05-22 17:40:45,291][5928][log_file.py][line: 23][DEBUG] ## ('-----------R8AYIJWO99999999___20200522_172951.apk----节点1-----------下载校验结果：True',)
[2020-05-22 17:41:27,049][7528][log_file.py][line: 23][DEBUG] ## ('---------54a4c6159804___20200522_172813.apk-------节点2------安装返回结果：True',)
[2020-05-22 17:42:22,601][7528][log_file.py][line: 23][DEBUG] ## ("------------54a4c6159804___20200522_172813.apk----节点3---------拆包校验结果：True:['c8df56465bd4655c8a06514fcef6ecf9.jpg', '6f44769d7fed3118c2ea634e6af7639e.jpg']",)
[2020-05-22 17:42:55,971][5928][log_file.py][line: 23][DEBUG] ## ('---------R8AYIJWO99999999___20200522_172951.apk-------节点2------安装返回结果：True',)
[2020-05-22 17:43:46,441][5928][log_file.py][line: 23][DEBUG] ## ("------------R8AYIJWO99999999___20200522_172951.apk----节点3---------拆包校验结果：True:['6ce7e354e4bfd420bd2638a02dfcd52c.jpg', '9baae0e1fd1931f1c3d3c88c2e647465.jpg']",)
[2020-05-22 17:43:47,490][7528][log_file.py][line: 23][DEBUG] ## ('-----------54a4c6159804___20200522_172813.apk----节点4----------打开游戏结果:True',)
[2020-05-22 17:44:45,469][7528][log_file.py][line: 23][DEBUG] ## ('-----------54a4c6159804___20200522_172813.apk----节点5----------登录游戏结果:True',)
[2020-05-22 17:45:11,392][5928][log_file.py][line: 23][DEBUG] ## ('-----------R8AYIJWO99999999___20200522_172951.apk----节点4----------打开游戏结果:True',)
[2020-05-22 17:45:37,806][7528][log_file.py][line: 23][DEBUG] ## ('------54a4c6159804___20200522_172813.apk---节点6-------下单调起微信结果:True',)
[2020-05-22 17:46:09,630][5928][log_file.py][line: 23][DEBUG] ## ('-----------R8AYIJWO99999999___20200522_172951.apk----节点5----------登录游戏结果:True',)
[2020-05-22 17:47:00,285][5928][log_file.py][line: 23][DEBUG] ## ('------R8AYIJWO99999999___20200522_172951.apk---节点6-------下单调起微信结果:False',)
[2020-05-22 17:50:02,240][15320][log_file.py][line: 23][DEBUG] ## ('从数据库获取apk链接写入日志', ['http://pkg.superdalan.com/game.pkg/download?pkgId=2464&f=tshy_dalan_dsdk_48_1.0.0_20200522_172350.apk', 'http://pkg.superdalan.com/game.pkg/download?pkgId=2485&f=shjbtb_dalan_dsdk_48_1.0.0_20200522_172529.apk', 'http://pkg.superdalan.com/game.pkg/download?pkgId=2499&f=ljsn_dalan_dsdk_48_1.0.0_20200522_172658.apk', 'http://pkg.superdalan.com/game.pkg/download?pkgId=2516&f=xkjhwzjh_dalan_dsdk_48_1.0.0_20200522_172951.apk'])
[2020-05-22 17:51:07,914][516][log_file.py][line: 23][DEBUG] ## ('-----------54a4c6159804___20200522_172350.apk----节点1-----------下载校验结果：True',)
[2020-05-22 17:51:10,191][2440][log_file.py][line: 23][DEBUG] ## ('-----------R8AYIJWO99999999___20200522_172529.apk----节点1-----------下载校验结果：True',)
[2020-05-22 17:51:47,222][516][log_file.py][line: 23][DEBUG] ## ('---------54a4c6159804___20200522_172350.apk-------节点2------安装返回结果：True',)
[2020-05-22 17:52:27,929][516][log_file.py][line: 23][DEBUG] ## ("------------54a4c6159804___20200522_172350.apk----节点3---------拆包校验结果：True:['74a901dd1f3ce7a92bbfcecf3b12992f.jpg', 'c91fc7691ba0443f059d2dbf4fea98dd.jpg']",)
[2020-05-22 17:53:49,187][516][log_file.py][line: 23][DEBUG] ## ('-----------54a4c6159804___20200522_172350.apk----节点4----------打开游戏结果:True',)
[2020-05-22 17:54:41,391][516][log_file.py][line: 23][DEBUG] ## ('-----------54a4c6159804___20200522_172350.apk----节点5----------登录游戏结果:True',)
[2020-05-22 17:54:41,481][2440][log_file.py][line: 23][DEBUG] ## ('---------R8AYIJWO99999999___20200522_172529.apk-------节点2------安装返回结果：True',)
[2020-05-22 17:55:08,379][2440][log_file.py][line: 23][DEBUG] ## ("------------R8AYIJWO99999999___20200522_172529.apk----节点3---------拆包校验结果：True:['1d5fde3028e1175e3a0ce920219d708d.jpg', 'ef0334525653ef158f4212bb53a1d41f.jpg']",)
[2020-05-22 17:55:24,258][516][log_file.py][line: 23][DEBUG] ## ('------54a4c6159804___20200522_172350.apk---节点6-------下单调起微信结果:False',)
[2020-05-22 17:57:17,880][2440][log_file.py][line: 23][DEBUG] ## ('-----------R8AYIJWO99999999___20200522_172529.apk----节点4----------打开游戏结果:False',)
[2020-05-22 17:57:41,046][884][log_file.py][line: 23][DEBUG] ## ('-----------R8AYIJWO99999999___20200522_172951.apk----节点1-----------下载校验结果：True',)
[2020-05-22 17:57:41,651][13596][log_file.py][line: 23][DEBUG] ## ('-----------54a4c6159804___20200522_172658.apk----节点1-----------下载校验结果：True',)
[2020-05-22 17:58:23,506][13596][log_file.py][line: 23][DEBUG] ## ('---------54a4c6159804___20200522_172658.apk-------节点2------安装返回结果：True',)
[2020-05-22 17:58:45,850][13596][log_file.py][line: 23][DEBUG] ## ("------------54a4c6159804___20200522_172658.apk----节点3---------拆包校验结果：True:['c8df56465bd4655c8a06514fcef6ecf9.jpg', '6f44769d7fed3118c2ea634e6af7639e.jpg']",)
[2020-05-22 17:58:54,106][884][log_file.py][line: 23][DEBUG] ## ('---------R8AYIJWO99999999___20200522_172951.apk-------节点2------安装返回结果：True',)
[2020-05-22 17:59:47,376][884][log_file.py][line: 23][DEBUG] ## ("------------R8AYIJWO99999999___20200522_172951.apk----节点3---------拆包校验结果：True:['6ce7e354e4bfd420bd2638a02dfcd52c.jpg', '9baae0e1fd1931f1c3d3c88c2e647465.jpg']",)
[2020-05-22 18:00:02,518][13596][log_file.py][line: 23][DEBUG] ## ('-----------54a4c6159804___20200522_172658.apk----节点4----------打开游戏结果:True',)
[2020-05-22 18:00:51,356][884][log_file.py][line: 23][DEBUG] ## ('-----------R8AYIJWO99999999___20200522_172951.apk----节点4----------打开游戏结果:True',)
[2020-05-22 18:00:57,100][13596][log_file.py][line: 23][DEBUG] ## ('-----------54a4c6159804___20200522_172658.apk----节点5----------登录游戏结果:True',)
[2020-05-22 18:01:23,828][13596][log_file.py][line: 23][DEBUG] ## ('------54a4c6159804___20200522_172658.apk---节点6-------下单调起微信结果:False',)
[2020-05-22 18:01:42,068][884][log_file.py][line: 23][DEBUG] ## ('-----------R8AYIJWO99999999___20200522_172951.apk----节点5----------登录游戏结果:True',)
[2020-05-22 18:02:29,942][884][log_file.py][line: 23][DEBUG] ## ('------R8AYIJWO99999999___20200522_172951.apk---节点6-------下单调起微信结果:False',)
[2020-05-22 18:05:02,250][13220][log_file.py][line: 23][DEBUG] ## ('从数据库获取apk链接写入日志', ['http://pkg.superdalan.com/game.pkg/download?pkgId=2464&f=tshy_dalan_dsdk_48_1.0.0_20200522_172350.apk', 'http://pkg.superdalan.com/game.pkg/download?pkgId=2499&f=ljsn_dalan_dsdk_48_1.0.0_20200522_172658.apk', 'http://pkg.superdalan.com/game.pkg/download?pkgId=2676&f=chwyfzdltt_dalan_xy_dsdk_74_1.0.0_20200522_180414.apk'])
[2020-05-22 18:05:36,380][13616][log_file.py][line: 23][DEBUG] ## ('-----------R8AYIJWO99999999___20200522_172658.apk----节点1-----------下载校验结果：True',)
[2020-05-22 18:05:36,587][14552][log_file.py][line: 23][DEBUG] ## ('-----------54a4c6159804___20200522_172350.apk----节点1-----------下载校验结果：True',)
[2020-05-22 18:06:25,495][14552][log_file.py][line: 23][DEBUG] ## ('---------54a4c6159804___20200522_172350.apk-------节点2------安装返回结果：True',)
[2020-05-22 18:07:18,737][14552][log_file.py][line: 23][DEBUG] ## ("------------54a4c6159804___20200522_172350.apk----节点3---------拆包校验结果：True:['74a901dd1f3ce7a92bbfcecf3b12992f.jpg', 'c91fc7691ba0443f059d2dbf4fea98dd.jpg']",)
[2020-05-22 18:08:34,030][14552][log_file.py][line: 23][DEBUG] ## ('-----------54a4c6159804___20200522_172350.apk----节点4----------打开游戏结果:True',)
[2020-05-22 18:08:57,018][13616][log_file.py][line: 23][DEBUG] ## ('---------R8AYIJWO99999999___20200522_172658.apk-------节点2------安装返回结果：True',)
[2020-05-22 18:09:30,046][14552][log_file.py][line: 23][DEBUG] ## ('-----------54a4c6159804___20200522_172350.apk----节点5----------登录游戏结果:True',)
[2020-05-22 18:09:38,591][13616][log_file.py][line: 23][DEBUG] ## ("------------R8AYIJWO99999999___20200522_172658.apk----节点3---------拆包校验结果：True:['c8df56465bd4655c8a06514fcef6ecf9.jpg', '6f44769d7fed3118c2ea634e6af7639e.jpg']",)
[2020-05-22 18:10:13,811][14552][log_file.py][line: 23][DEBUG] ## ('------54a4c6159804___20200522_172350.apk---节点6-------下单调起微信结果:True',)
[2020-05-22 18:11:11,849][13616][log_file.py][line: 23][DEBUG] ## ('-----------R8AYIJWO99999999___20200522_172658.apk----节点4----------打开游戏结果:True',)
[2020-05-22 18:12:03,686][13616][log_file.py][line: 23][DEBUG] ## ('-----------R8AYIJWO99999999___20200522_172658.apk----节点5----------登录游戏结果:True',)
[2020-05-22 18:12:49,161][13616][log_file.py][line: 23][DEBUG] ## ('------R8AYIJWO99999999___20200522_172658.apk---节点6-------下单调起微信结果:False',)
[2020-05-22 18:15:00,738][13164][log_file.py][line: 23][DEBUG] ## ('从数据库获取apk链接写入日志', ['http://pkg.superdalan.com/game.pkg/download?pkgId=2179&f=lltxtt_dalan_dsdk_48_1.0.0_20200522_121542.apk', 'http://pkg.superdalan.com/game.pkg/download?pkgId=2391&f=shjtt_dalan_dsdk_48_1.0.0_20200522_122019.apk'])
[2020-05-22 18:15:29,228][12356][log_file.py][line: 23][DEBUG] ## ('-----------54a4c6159804___20200522_121542.apk----节点1-----------下载校验结果：True',)
[2020-05-22 18:15:30,049][15264][log_file.py][line: 23][DEBUG] ## ('-----------R8AYIJWO99999999___20200522_122019.apk----节点1-----------下载校验结果：True',)
[2020-05-22 18:16:21,603][12356][log_file.py][line: 23][DEBUG] ## ('---------54a4c6159804___20200522_121542.apk-------节点2------安装返回结果：True',)
[2020-05-22 18:16:28,706][12356][log_file.py][line: 23][DEBUG] ## ("------------54a4c6159804___20200522_121542.apk----节点3---------拆包校验结果：True:['691621af884e8be6af6ecd70b27000cb.jpg', '37cef88c236306b8e48789247403dea8.jpg']",)
[2020-05-22 18:17:08,465][15264][log_file.py][line: 23][DEBUG] ## ('---------R8AYIJWO99999999___20200522_122019.apk-------节点2------安装返回结果：True',)
[2020-05-22 18:17:19,818][15264][log_file.py][line: 23][DEBUG] ## ("------------R8AYIJWO99999999___20200522_122019.apk----节点3---------拆包校验结果：True:['ef0334525653ef158f4212bb53a1d41f.jpg', '1d5fde3028e1175e3a0ce920219d708d.jpg']",)
[2020-05-22 18:17:39,112][12356][log_file.py][line: 23][DEBUG] ## ('-----------54a4c6159804___20200522_121542.apk----节点4----------打开游戏结果:True',)
[2020-05-22 18:18:38,289][15264][log_file.py][line: 23][DEBUG] ## ('-----------R8AYIJWO99999999___20200522_122019.apk----节点4----------打开游戏结果:True',)
[2020-05-22 18:18:41,511][12356][log_file.py][line: 23][DEBUG] ## ('-----------54a4c6159804___20200522_121542.apk----节点5----------登录游戏结果:True',)
[2020-05-22 18:19:25,366][12356][log_file.py][line: 23][DEBUG] ## ('------54a4c6159804___20200522_121542.apk---节点6-------下单调起微信结果:True',)
[2020-05-22 18:19:28,282][15264][log_file.py][line: 23][DEBUG] ## ('-----------R8AYIJWO99999999___20200522_122019.apk----节点5----------登录游戏结果:True',)
[2020-05-22 18:20:15,832][15264][log_file.py][line: 23][DEBUG] ## ('------R8AYIJWO99999999___20200522_122019.apk---节点6-------下单调起微信结果:True',)
[2020-05-22 18:25:02,127][12892][log_file.py][line: 23][DEBUG] ## ('从数据库获取apk链接写入日志', ['http://pkg.superdalan.com/game.pkg/download?pkgId=2516&f=xkjhwzjh_dalan_dsdk_48_1.0.0_20200522_172951.apk'])
[2020-05-22 18:25:38,342][4952][log_file.py][line: 23][DEBUG] ## ('-----------54a4c6159804___20200522_172951.apk----节点1-----------下载校验结果：True',)
[2020-05-22 18:26:17,236][4952][log_file.py][line: 23][DEBUG] ## ('---------54a4c6159804___20200522_172951.apk-------节点2------安装返回结果：True',)
[2020-05-22 18:26:23,050][4952][log_file.py][line: 23][DEBUG] ## ("------------54a4c6159804___20200522_172951.apk----节点3---------拆包校验结果：True:['9baae0e1fd1931f1c3d3c88c2e647465.jpg', '6ce7e354e4bfd420bd2638a02dfcd52c.jpg']",)
[2020-05-22 18:28:29,544][4952][log_file.py][line: 23][DEBUG] ## ('-----------54a4c6159804___20200522_172951.apk----节点4----------打开游戏结果:False',)
[2020-05-22 18:30:00,703][13568][log_file.py][line: 23][DEBUG] ## ('从数据库获取apk链接写入日志', ['http://pkg.superdalan.com/game.pkg/download?pkgId=2398&f=shjks_dalan_dsdk_48_1.0.0_20200522_172218.apk', 'http://pkg.superdalan.com/game.pkg/download?pkgId=2516&f=xkjhwzjh_dalan_dsdk_48_1.0.0_20200522_172951.apk', 'http://pkg.superdalan.com/game.pkg/download?pkgId=2715&f=chwymxdzjtt_dalan_xy_dsdk_74_1.0.0_20200522_180825.apk'])
[2020-05-22 18:32:00,023][15036][log_file.py][line: 23][DEBUG] ## ('-----------R8AYIJWO99999999___20200522_172951.apk----节点1-----------下载校验结果：True',)
[2020-05-22 18:32:00,448][4728][log_file.py][line: 23][DEBUG] ## ('-----------54a4c6159804___20200522_172218.apk----节点1-----------下载校验结果：True',)
[2020-05-22 18:32:37,703][4728][log_file.py][line: 23][DEBUG] ## ('---------54a4c6159804___20200522_172218.apk-------节点2------安装返回结果：True',)
[2020-05-22 18:32:45,330][4728][log_file.py][line: 23][DEBUG] ## ("------------54a4c6159804___20200522_172218.apk----节点3---------拆包校验结果：True:['1d5fde3028e1175e3a0ce920219d708d.jpg', 'ef0334525653ef158f4212bb53a1d41f.jpg']",)
[2020-05-22 18:33:21,514][15036][log_file.py][line: 23][DEBUG] ## ('---------R8AYIJWO99999999___20200522_172951.apk-------节点2------安装返回结果：True',)
[2020-05-22 18:33:33,160][15036][log_file.py][line: 23][DEBUG] ## ("------------R8AYIJWO99999999___20200522_172951.apk----节点3---------拆包校验结果：True:['6ce7e354e4bfd420bd2638a02dfcd52c.jpg', '9baae0e1fd1931f1c3d3c88c2e647465.jpg']",)
[2020-05-22 18:34:44,423][15036][log_file.py][line: 23][DEBUG] ## ('-----------R8AYIJWO99999999___20200522_172951.apk----节点4----------打开游戏结果:True',)
[2020-05-22 18:34:52,252][4728][log_file.py][line: 23][DEBUG] ## ('-----------54a4c6159804___20200522_172218.apk----节点4----------打开游戏结果:False',)
[2020-05-22 18:35:35,892][15036][log_file.py][line: 23][DEBUG] ## ('-----------R8AYIJWO99999999___20200522_172951.apk----节点5----------登录游戏结果:True',)
[2020-05-22 18:36:21,133][15036][log_file.py][line: 23][DEBUG] ## ('------R8AYIJWO99999999___20200522_172951.apk---节点6-------下单调起微信结果:True',)
[2020-05-22 18:36:34,556][14772][log_file.py][line: 23][DEBUG] ## ('-----------54a4c6159804___20200522_180825.apk----节点1-----------下载校验结果：True',)
[2020-05-22 18:37:00,770][14772][log_file.py][line: 23][DEBUG] ## ('---------54a4c6159804___20200522_180825.apk-------节点2------安装返回结果：True',)
[2020-05-22 18:37:08,471][14772][log_file.py][line: 23][DEBUG] ## ("------------54a4c6159804___20200522_180825.apk----节点3---------拆包校验结果：True:['478ac16f060c2fdd87244bc39167dcf5.jpg', 'ec5f327503c58eb9a4ad02f34d65b373.jpg']",)
[2020-05-22 18:38:40,790][14772][log_file.py][line: 23][DEBUG] ## ('-----------54a4c6159804___20200522_180825.apk----节点4----------打开游戏结果:True',)
[2020-05-22 18:39:40,589][14772][log_file.py][line: 23][DEBUG] ## ('-----------54a4c6159804___20200522_180825.apk----节点5----------登录游戏结果:True',)
[2020-05-22 18:40:19,211][14772][log_file.py][line: 23][DEBUG] ## ('------54a4c6159804___20200522_180825.apk---节点6-------下单调起微信结果:True',)
[2020-05-22 18:45:00,726][13628][log_file.py][line: 23][DEBUG] ## ('从数据库获取apk链接写入日志', ['http://pkg.superdalan.com/game.pkg/download?pkgId=2069&f=shmyvivo_dalan_vivo_48_1.0.0_20200522_184450.apk', 'http://pkg.superdalan.com/game.pkg/download?pkgId=2173&f=shmygbboppo_dalan_oppo_ad_48_1.0.0_20200522_184612.apk', 'http://pkg.superdalan.com/game.pkg/download?pkgId=2196&f=shmydlszslcoppo_dalan_oppo_48_1.0.0_20200522_184331.apk', 'http://pkg.superdalan.com/game.pkg/download?pkgId=2398&f=shjks_dalan_dsdk_48_1.0.0_20200522_172218.apk', 'http://pkg.superdalan.com/game.pkg/download?pkgId=2676&f=chwyfzdltt_dalan_xy_dsdk_74_1.0.0_20200522_180414.apk'])
[2020-05-22 18:47:24,306][884][log_file.py][line: 23][DEBUG] ## ('-----------54a4c6159804___20200522_184450.apk----节点1-----------下载校验结果：True',)
[2020-05-22 18:47:24,628][14840][log_file.py][line: 23][DEBUG] ## ('-----------R8AYIJWO99999999___20200522_184612.apk----节点1-----------下载校验结果：True',)
[2020-05-22 18:48:01,304][884][log_file.py][line: 23][DEBUG] ## ('---------54a4c6159804___20200522_184450.apk-------节点2------安装返回结果：True',)
[2020-05-22 18:48:05,056][884][log_file.py][line: 23][DEBUG] ## ('------------54a4c6159804___20200522_184450.apk----节点3---------拆包校验结果：True:[]',)
[2020-05-22 18:48:05,753][884][log_file.py][line: 23][DEBUG] ## ('54a4c6159804___20200522_184450.apk_非Dalan_Dsdk渠道包，不走自动化流程',)
[2020-05-22 18:48:34,907][14840][log_file.py][line: 23][DEBUG] ## ('---------R8AYIJWO99999999___20200522_184612.apk-------节点2------安装返回结果：True',)
[2020-05-22 18:48:39,746][14840][log_file.py][line: 23][DEBUG] ## ('------------R8AYIJWO99999999___20200522_184612.apk----节点3---------拆包校验结果：True:[]',)
[2020-05-22 18:48:42,647][14840][log_file.py][line: 23][DEBUG] ## ('R8AYIJWO99999999___20200522_184612.apk_非Dalan_Dsdk渠道包，不走自动化流程',)
[2020-05-22 18:49:08,187][14144][log_file.py][line: 23][DEBUG] ## ('-----------R8AYIJWO99999999___20200522_172218.apk----节点1-----------下载校验结果：True',)
[2020-05-22 18:49:09,546][15220][log_file.py][line: 23][DEBUG] ## ('-----------54a4c6159804___20200522_184331.apk----节点1-----------下载校验结果：True',)
[2020-05-22 18:49:46,426][15220][log_file.py][line: 23][DEBUG] ## ('---------54a4c6159804___20200522_184331.apk-------节点2------安装返回结果：True',)
[2020-05-22 18:49:50,530][15220][log_file.py][line: 23][DEBUG] ## ('------------54a4c6159804___20200522_184331.apk----节点3---------拆包校验结果：True:[]',)
[2020-05-22 18:49:51,466][15220][log_file.py][line: 23][DEBUG] ## ('54a4c6159804___20200522_184331.apk_非Dalan_Dsdk渠道包，不走自动化流程',)
[2020-05-22 18:50:20,071][14144][log_file.py][line: 23][DEBUG] ## ('---------R8AYIJWO99999999___20200522_172218.apk-------节点2------安装返回结果：True',)
[2020-05-22 18:50:46,563][14144][log_file.py][line: 23][DEBUG] ## ("------------R8AYIJWO99999999___20200522_172218.apk----节点3---------拆包校验结果：True:['ef0334525653ef158f4212bb53a1d41f.jpg', '1d5fde3028e1175e3a0ce920219d708d.jpg']",)
[2020-05-22 18:51:53,244][14144][log_file.py][line: 23][DEBUG] ## ('-----------R8AYIJWO99999999___20200522_172218.apk----节点4----------打开游戏结果:True',)
[2020-05-22 18:52:43,992][14144][log_file.py][line: 23][DEBUG] ## ('-----------R8AYIJWO99999999___20200522_172218.apk----节点5----------登录游戏结果:True',)
[2020-05-22 18:53:31,394][14144][log_file.py][line: 23][DEBUG] ## ('------R8AYIJWO99999999___20200522_172218.apk---节点6-------下单调起微信结果:True',)
[2020-05-22 18:53:46,388][14884][log_file.py][line: 23][DEBUG] ## ('-----------54a4c6159804___20200522_180414.apk----节点1-----------下载校验结果：True',)
[2020-05-22 18:54:13,624][14884][log_file.py][line: 23][DEBUG] ## ('---------54a4c6159804___20200522_180414.apk-------节点2------安装返回结果：True',)
[2020-05-22 18:54:28,353][14884][log_file.py][line: 23][DEBUG] ## ("------------54a4c6159804___20200522_180414.apk----节点3---------拆包校验结果：True:['a76b178c72948b57cea6991ad8e8ba9a.jpg', 'ff9a0110904b578eb3126a28afc44a5d.jpg']",)
[2020-05-22 18:56:03,414][14884][log_file.py][line: 23][DEBUG] ## ('-----------54a4c6159804___20200522_180414.apk----节点4----------打开游戏结果:True',)
[2020-05-22 18:57:02,845][14884][log_file.py][line: 23][DEBUG] ## ('-----------54a4c6159804___20200522_180414.apk----节点5----------登录游戏结果:True',)
[2020-05-22 18:57:41,726][14884][log_file.py][line: 23][DEBUG] ## ('------54a4c6159804___20200522_180414.apk---节点6-------下单调起微信结果:True',)
[2020-05-22 19:00:00,777][11648][log_file.py][line: 23][DEBUG] ## ('从数据库获取apk链接写入日志', ['http://pkg.superdalan.com/game.pkg/download?pkgId=2330&f=shmyvivozb_dalan_vivo_48_1.0.0_20200522_184727.apk'])
[2020-05-22 19:02:07,243][12576][log_file.py][line: 23][DEBUG] ## ('-----------54a4c6159804___20200522_184727.apk----节点1-----------下载校验结果：True',)
[2020-05-22 19:02:43,846][12576][log_file.py][line: 23][DEBUG] ## ('---------54a4c6159804___20200522_184727.apk-------节点2------安装返回结果：True',)
[2020-05-22 19:02:47,337][12576][log_file.py][line: 23][DEBUG] ## ('------------54a4c6159804___20200522_184727.apk----节点3---------拆包校验结果：True:[]',)
[2020-05-22 19:02:48,043][12576][log_file.py][line: 23][DEBUG] ## ('54a4c6159804___20200522_184727.apk_非Dalan_Dsdk渠道包，不走自动化流程',)
[2020-05-22 19:05:00,669][524][log_file.py][line: 23][DEBUG] ## ('从数据库获取apk链接写入日志', [])
[2020-05-22 19:10:00,917][12360][log_file.py][line: 23][DEBUG] ## ('从数据库获取apk链接写入日志', [])
[2020-05-22 19:15:00,705][13656][log_file.py][line: 23][DEBUG] ## ('从数据库获取apk链接写入日志', [])
[2020-05-22 19:20:00,947][1388][log_file.py][line: 23][DEBUG] ## ('从数据库获取apk链接写入日志', [])
[2020-05-22 19:25:00,800][14816][log_file.py][line: 23][DEBUG] ## ('从数据库获取apk链接写入日志', [])
[2020-05-22 19:30:00,765][4632][log_file.py][line: 23][DEBUG] ## ('从数据库获取apk链接写入日志', ['http://pkg.superdalan.com/game.pkg/download?pkgId=2813&f=chwyxxyztt_dalan_xy_dsdk_74_1.0.0_20200522_193059.apk'])
[2020-05-22 19:31:00,395][11248][log_file.py][line: 23][DEBUG] ## ('-----------54a4c6159804___20200522_193059.apk----节点1-----------下载校验结果：True',)
[2020-05-22 19:31:25,890][11248][log_file.py][line: 23][DEBUG] ## ('---------54a4c6159804___20200522_193059.apk-------节点2------安装返回结果：True',)
[2020-05-22 19:31:32,883][11248][log_file.py][line: 23][DEBUG] ## ("------------54a4c6159804___20200522_193059.apk----节点3---------拆包校验结果：True:['a7cca06070429765e276a636c8a755ad.jpg', '8c8b1cf9f9f23eecbfaddcb66fe4933e.jpg']",)
[2020-05-22 19:33:01,972][11248][log_file.py][line: 23][DEBUG] ## ('-----------54a4c6159804___20200522_193059.apk----节点4----------打开游戏结果:True',)
[2020-05-22 19:34:10,878][11248][log_file.py][line: 23][DEBUG] ## ('-----------54a4c6159804___20200522_193059.apk----节点5----------登录游戏结果:False',)
[2020-05-22 19:35:00,918][2264][log_file.py][line: 23][DEBUG] ## ('从数据库获取apk链接写入日志', ['http://pkg.superdalan.com/game.pkg/download?pkgId=2813&f=chwyxxyztt_dalan_xy_dsdk_74_1.0.0_20200522_193059.apk'])
[2020-05-22 19:36:06,359][15036][log_file.py][line: 23][DEBUG] ## ('-----------54a4c6159804___20200522_193059.apk----节点1-----------下载校验结果：True',)
[2020-05-22 19:36:28,336][15036][log_file.py][line: 23][DEBUG] ## ('---------54a4c6159804___20200522_193059.apk-------节点2------安装返回结果：True',)
[2020-05-22 19:36:35,663][15036][log_file.py][line: 23][DEBUG] ## ("------------54a4c6159804___20200522_193059.apk----节点3---------拆包校验结果：True:['8c8b1cf9f9f23eecbfaddcb66fe4933e.jpg', 'a7cca06070429765e276a636c8a755ad.jpg']",)
[2020-05-22 19:38:05,138][15036][log_file.py][line: 23][DEBUG] ## ('-----------54a4c6159804___20200522_193059.apk----节点4----------打开游戏结果:True',)
[2020-05-22 19:39:02,165][15036][log_file.py][line: 23][DEBUG] ## ('-----------54a4c6159804___20200522_193059.apk----节点5----------登录游戏结果:True',)
[2020-05-22 19:39:41,016][15036][log_file.py][line: 23][DEBUG] ## ('------54a4c6159804___20200522_193059.apk---节点6-------下单调起微信结果:True',)
[2020-05-22 19:40:00,767][11648][log_file.py][line: 23][DEBUG] ## ('从数据库获取apk链接写入日志', ['http://pkg.superdalan.com/game.pkg/download?pkgId=2813&f=chwyxxyztt_dalan_xy_dsdk_74_1.0.0_20200522_194212.apk'])
[2020-05-22 19:40:19,089][4768][log_file.py][line: 23][DEBUG] ## ('-----------54a4c6159804___20200522_194212.apk----节点1-----------下载校验结果：True',)
[2020-05-22 19:40:41,278][4768][log_file.py][line: 23][DEBUG] ## ('---------54a4c6159804___20200522_194212.apk-------节点2------安装返回结果：True',)
[2020-05-22 19:40:48,631][4768][log_file.py][line: 23][DEBUG] ## ("------------54a4c6159804___20200522_194212.apk----节点3---------拆包校验结果：True:['8c8b1cf9f9f23eecbfaddcb66fe4933e.jpg', 'a7cca06070429765e276a636c8a755ad.jpg']",)
[2020-05-22 19:42:18,536][4768][log_file.py][line: 23][DEBUG] ## ('-----------54a4c6159804___20200522_194212.apk----节点4----------打开游戏结果:True',)
[2020-05-22 19:43:20,535][4768][log_file.py][line: 23][DEBUG] ## ('-----------54a4c6159804___20200522_194212.apk----节点5----------登录游戏结果:True',)
[2020-05-22 19:43:59,126][4768][log_file.py][line: 23][DEBUG] ## ('------54a4c6159804___20200522_194212.apk---节点6-------下单调起微信结果:True',)
[2020-05-22 20:25:00,764][8064][log_file.py][line: 23][DEBUG] ## ('从数据库获取apk链接写入日志', [])
[2020-05-22 20:30:00,753][14568][log_file.py][line: 23][DEBUG] ## ('从数据库获取apk链接写入日志', [])
[2020-05-22 20:35:00,702][13052][log_file.py][line: 23][DEBUG] ## ('从数据库获取apk链接写入日志', [])
[2020-05-22 20:40:03,439][4160][log_file.py][line: 23][DEBUG] ## ('从数据库获取apk链接写入日志', [])
[2020-05-22 20:45:03,404][8108][log_file.py][line: 23][DEBUG] ## ('从数据库获取apk链接写入日志', [])
[2020-05-22 20:50:03,219][13780][log_file.py][line: 23][DEBUG] ## ('从数据库获取apk链接写入日志', [])
[2020-05-22 20:55:02,510][13308][log_file.py][line: 23][DEBUG] ## ('从数据库获取apk链接写入日志', [])
[2020-05-22 21:00:02,198][14736][log_file.py][line: 23][DEBUG] ## ('从数据库获取apk链接写入日志', [])
[2020-05-22 21:05:00,727][13692][log_file.py][line: 23][DEBUG] ## ('从数据库获取apk链接写入日志', [])
[2020-05-22 21:10:00,766][2504][log_file.py][line: 23][DEBUG] ## ('从数据库获取apk链接写入日志', [])
[2020-05-22 21:15:00,757][12016][log_file.py][line: 23][DEBUG] ## ('从数据库获取apk链接写入日志', [])
[2020-05-22 21:20:00,781][6220][log_file.py][line: 23][DEBUG] ## ('从数据库获取apk链接写入日志', [])
[2020-05-22 21:25:00,751][11676][log_file.py][line: 23][DEBUG] ## ('从数据库获取apk链接写入日志', [])
[2020-05-22 21:30:00,733][12176][log_file.py][line: 23][DEBUG] ## ('从数据库获取apk链接写入日志', [])
[2020-05-22 21:35:00,733][10468][log_file.py][line: 23][DEBUG] ## ('从数据库获取apk链接写入日志', [])
[2020-05-22 21:40:00,702][7680][log_file.py][line: 23][DEBUG] ## ('从数据库获取apk链接写入日志', [])
[2020-05-22 21:45:00,708][10372][log_file.py][line: 23][DEBUG] ## ('从数据库获取apk链接写入日志', [])
[2020-05-22 21:50:00,697][14360][log_file.py][line: 23][DEBUG] ## ('从数据库获取apk链接写入日志', [])
[2020-05-22 21:55:00,742][10428][log_file.py][line: 23][DEBUG] ## ('从数据库获取apk链接写入日志', [])
[2020-05-22 22:00:00,707][14892][log_file.py][line: 23][DEBUG] ## ('从数据库获取apk链接写入日志', [])
[2020-05-22 22:05:00,716][10792][log_file.py][line: 23][DEBUG] ## ('从数据库获取apk链接写入日志', [])
[2020-05-22 22:10:00,714][12588][log_file.py][line: 23][DEBUG] ## ('从数据库获取apk链接写入日志', [])
[2020-05-22 22:15:00,730][14508][log_file.py][line: 23][DEBUG] ## ('从数据库获取apk链接写入日志', [])
[2020-05-22 22:20:00,762][13504][log_file.py][line: 23][DEBUG] ## ('从数据库获取apk链接写入日志', [])
[2020-05-22 22:25:00,747][14112][log_file.py][line: 23][DEBUG] ## ('从数据库获取apk链接写入日志', [])
[2020-05-22 22:30:00,993][14760][log_file.py][line: 23][DEBUG] ## ('从数据库获取apk链接写入日志', [])
[2020-05-22 22:35:00,733][2504][log_file.py][line: 23][DEBUG] ## ('从数据库获取apk链接写入日志', [])
[2020-05-22 22:40:00,712][15284][log_file.py][line: 23][DEBUG] ## ('从数据库获取apk链接写入日志', [])
[2020-05-22 22:45:00,730][13820][log_file.py][line: 23][DEBUG] ## ('从数据库获取apk链接写入日志', [])
[2020-05-22 22:50:00,791][13160][log_file.py][line: 23][DEBUG] ## ('从数据库获取apk链接写入日志', [])
[2020-05-22 22:55:00,724][3620][log_file.py][line: 23][DEBUG] ## ('从数据库获取apk链接写入日志', [])
[2020-05-22 23:00:00,709][6280][log_file.py][line: 23][DEBUG] ## ('从数据库获取apk链接写入日志', [])
[2020-05-22 23:05:00,723][7608][log_file.py][line: 23][DEBUG] ## ('从数据库获取apk链接写入日志', [])
[2020-05-22 23:10:00,712][15176][log_file.py][line: 23][DEBUG] ## ('从数据库获取apk链接写入日志', [])
[2020-05-22 23:15:00,704][3708][log_file.py][line: 23][DEBUG] ## ('从数据库获取apk链接写入日志', [])
[2020-05-22 23:20:00,731][12456][log_file.py][line: 23][DEBUG] ## ('从数据库获取apk链接写入日志', [])
[2020-05-22 23:25:00,755][15212][log_file.py][line: 23][DEBUG] ## ('从数据库获取apk链接写入日志', [])
[2020-05-22 23:30:00,712][2232][log_file.py][line: 23][DEBUG] ## ('从数据库获取apk链接写入日志', [])
[2020-05-22 23:35:00,736][15028][log_file.py][line: 23][DEBUG] ## ('从数据库获取apk链接写入日志', [])
[2020-05-22 23:40:00,691][15284][log_file.py][line: 23][DEBUG] ## ('从数据库获取apk链接写入日志', [])
[2020-05-22 23:45:00,743][14084][log_file.py][line: 23][DEBUG] ## ('从数据库获取apk链接写入日志', [])
[2020-05-22 23:50:00,683][13480][log_file.py][line: 23][DEBUG] ## ('从数据库获取apk链接写入日志', [])
[2020-05-22 23:55:00,727][12996][log_file.py][line: 23][DEBUG] ## ('从数据库获取apk链接写入日志', [])
