[2020-06-02 00:00:00,609][5380][log_file.py][line: 23][DEBUG] ## ('从数据库获取apk链接写入日志', [])
[2020-06-02 00:05:00,604][7016][log_file.py][line: 23][DEBUG] ## ('从数据库获取apk链接写入日志', [])
[2020-06-02 00:10:00,617][10060][log_file.py][line: 23][DEBUG] ## ('从数据库获取apk链接写入日志', [])
[2020-06-02 00:15:00,629][11180][log_file.py][line: 23][DEBUG] ## ('从数据库获取apk链接写入日志', [])
[2020-06-02 00:20:00,643][10448][log_file.py][line: 23][DEBUG] ## ('从数据库获取apk链接写入日志', [])
[2020-06-02 00:25:00,632][9588][log_file.py][line: 23][DEBUG] ## ('从数据库获取apk链接写入日志', [])
[2020-06-02 00:30:00,678][5264][log_file.py][line: 23][DEBUG] ## ('从数据库获取apk链接写入日志', [])
[2020-06-02 00:35:00,631][1716][log_file.py][line: 23][DEBUG] ## ('从数据库获取apk链接写入日志', [])
[2020-06-02 00:40:00,706][6056][log_file.py][line: 23][DEBUG] ## ('从数据库获取apk链接写入日志', [])
[2020-06-02 00:45:00,695][9604][log_file.py][line: 23][DEBUG] ## ('从数据库获取apk链接写入日志', [])
[2020-06-02 00:50:00,604][11240][log_file.py][line: 23][DEBUG] ## ('从数据库获取apk链接写入日志', [])
[2020-06-02 00:55:00,652][9236][log_file.py][line: 23][DEBUG] ## ('从数据库获取apk链接写入日志', [])
[2020-06-02 01:00:00,615][5648][log_file.py][line: 23][DEBUG] ## ('从数据库获取apk链接写入日志', [])
[2020-06-02 01:05:00,628][5752][log_file.py][line: 23][DEBUG] ## ('从数据库获取apk链接写入日志', [])
[2020-06-02 01:10:00,629][6772][log_file.py][line: 23][DEBUG] ## ('从数据库获取apk链接写入日志', [])
[2020-06-02 01:15:00,647][3552][log_file.py][line: 23][DEBUG] ## ('从数据库获取apk链接写入日志', [])
[2020-06-02 01:20:00,625][8008][log_file.py][line: 23][DEBUG] ## ('从数据库获取apk链接写入日志', [])
[2020-06-02 01:25:00,694][5832][log_file.py][line: 23][DEBUG] ## ('从数据库获取apk链接写入日志', [])
[2020-06-02 01:30:00,610][3356][log_file.py][line: 23][DEBUG] ## ('从数据库获取apk链接写入日志', [])
[2020-06-02 01:35:00,622][7048][log_file.py][line: 23][DEBUG] ## ('从数据库获取apk链接写入日志', [])
[2020-06-02 01:40:00,603][10488][log_file.py][line: 23][DEBUG] ## ('从数据库获取apk链接写入日志', [])
[2020-06-02 01:45:00,629][5588][log_file.py][line: 23][DEBUG] ## ('从数据库获取apk链接写入日志', [])
[2020-06-02 01:50:00,667][8932][log_file.py][line: 23][DEBUG] ## ('从数据库获取apk链接写入日志', [])
[2020-06-02 01:55:00,655][8908][log_file.py][line: 23][DEBUG] ## ('从数据库获取apk链接写入日志', [])
[2020-06-02 02:00:00,618][9648][log_file.py][line: 23][DEBUG] ## ('从数据库获取apk链接写入日志', [])
[2020-06-02 02:05:00,595][10792][log_file.py][line: 23][DEBUG] ## ('从数据库获取apk链接写入日志', [])
[2020-06-02 02:10:00,613][9876][log_file.py][line: 23][DEBUG] ## ('从数据库获取apk链接写入日志', [])
[2020-06-02 02:15:00,638][10208][log_file.py][line: 23][DEBUG] ## ('从数据库获取apk链接写入日志', [])
[2020-06-02 02:20:00,639][11036][log_file.py][line: 23][DEBUG] ## ('从数据库获取apk链接写入日志', [])
[2020-06-02 02:25:00,610][1408][log_file.py][line: 23][DEBUG] ## ('从数据库获取apk链接写入日志', [])
[2020-06-02 02:30:00,629][9768][log_file.py][line: 23][DEBUG] ## ('从数据库获取apk链接写入日志', [])
[2020-06-02 02:35:00,611][11168][log_file.py][line: 23][DEBUG] ## ('从数据库获取apk链接写入日志', [])
[2020-06-02 02:40:00,623][10484][log_file.py][line: 23][DEBUG] ## ('从数据库获取apk链接写入日志', [])
[2020-06-02 02:45:00,636][7580][log_file.py][line: 23][DEBUG] ## ('从数据库获取apk链接写入日志', [])
[2020-06-02 02:50:00,586][10184][log_file.py][line: 23][DEBUG] ## ('从数据库获取apk链接写入日志', [])
[2020-06-02 02:55:00,629][7220][log_file.py][line: 23][DEBUG] ## ('从数据库获取apk链接写入日志', [])
[2020-06-02 03:00:00,671][9572][log_file.py][line: 23][DEBUG] ## ('从数据库获取apk链接写入日志', [])
[2020-06-02 03:05:00,632][10084][log_file.py][line: 23][DEBUG] ## ('从数据库获取apk链接写入日志', [])
[2020-06-02 03:10:00,603][9852][log_file.py][line: 23][DEBUG] ## ('从数据库获取apk链接写入日志', [])
[2020-06-02 03:15:00,652][8468][log_file.py][line: 23][DEBUG] ## ('从数据库获取apk链接写入日志', [])
[2020-06-02 03:20:00,644][10052][log_file.py][line: 23][DEBUG] ## ('从数据库获取apk链接写入日志', [])
[2020-06-02 03:25:00,622][9280][log_file.py][line: 23][DEBUG] ## ('从数据库获取apk链接写入日志', [])
[2020-06-02 03:30:00,605][8508][log_file.py][line: 23][DEBUG] ## ('从数据库获取apk链接写入日志', [])
[2020-06-02 03:35:00,639][10428][log_file.py][line: 23][DEBUG] ## ('从数据库获取apk链接写入日志', [])
[2020-06-02 03:40:00,614][7712][log_file.py][line: 23][DEBUG] ## ('从数据库获取apk链接写入日志', [])
[2020-06-02 03:45:00,626][7024][log_file.py][line: 23][DEBUG] ## ('从数据库获取apk链接写入日志', [])
[2020-06-02 03:50:00,590][8996][log_file.py][line: 23][DEBUG] ## ('从数据库获取apk链接写入日志', [])
[2020-06-02 03:55:00,616][11236][log_file.py][line: 23][DEBUG] ## ('从数据库获取apk链接写入日志', [])
[2020-06-02 04:00:00,657][10444][log_file.py][line: 23][DEBUG] ## ('从数据库获取apk链接写入日志', [])
[2020-06-02 04:05:00,640][10508][log_file.py][line: 23][DEBUG] ## ('从数据库获取apk链接写入日志', [])
[2020-06-02 04:10:00,610][7920][log_file.py][line: 23][DEBUG] ## ('从数据库获取apk链接写入日志', [])
[2020-06-02 04:15:00,620][8000][log_file.py][line: 23][DEBUG] ## ('从数据库获取apk链接写入日志', [])
[2020-06-02 04:20:00,616][2764][log_file.py][line: 23][DEBUG] ## ('从数据库获取apk链接写入日志', [])
[2020-06-02 04:25:00,660][4636][log_file.py][line: 23][DEBUG] ## ('从数据库获取apk链接写入日志', [])
[2020-06-02 04:30:00,640][8508][log_file.py][line: 23][DEBUG] ## ('从数据库获取apk链接写入日志', [])
[2020-06-02 04:35:00,630][6552][log_file.py][line: 23][DEBUG] ## ('从数据库获取apk链接写入日志', [])
[2020-06-02 04:40:00,624][10524][log_file.py][line: 23][DEBUG] ## ('从数据库获取apk链接写入日志', [])
[2020-06-02 04:45:00,664][5264][log_file.py][line: 23][DEBUG] ## ('从数据库获取apk链接写入日志', [])
[2020-06-02 04:50:00,651][10700][log_file.py][line: 23][DEBUG] ## ('从数据库获取apk链接写入日志', [])
[2020-06-02 04:55:00,624][9084][log_file.py][line: 23][DEBUG] ## ('从数据库获取apk链接写入日志', [])
[2020-06-02 05:00:00,587][10536][log_file.py][line: 23][DEBUG] ## ('从数据库获取apk链接写入日志', [])
[2020-06-02 05:05:00,600][2920][log_file.py][line: 23][DEBUG] ## ('从数据库获取apk链接写入日志', [])
[2020-06-02 05:10:00,628][9612][log_file.py][line: 23][DEBUG] ## ('从数据库获取apk链接写入日志', [])
[2020-06-02 05:15:00,638][4252][log_file.py][line: 23][DEBUG] ## ('从数据库获取apk链接写入日志', [])
[2020-06-02 05:20:00,615][10860][log_file.py][line: 23][DEBUG] ## ('从数据库获取apk链接写入日志', [])
[2020-06-02 05:25:00,639][8508][log_file.py][line: 23][DEBUG] ## ('从数据库获取apk链接写入日志', [])
[2020-06-02 05:30:00,584][6324][log_file.py][line: 23][DEBUG] ## ('从数据库获取apk链接写入日志', [])
[2020-06-02 05:35:00,642][6560][log_file.py][line: 23][DEBUG] ## ('从数据库获取apk链接写入日志', [])
[2020-06-02 05:40:00,609][6972][log_file.py][line: 23][DEBUG] ## ('从数据库获取apk链接写入日志', [])
[2020-06-02 05:45:00,622][5156][log_file.py][line: 23][DEBUG] ## ('从数据库获取apk链接写入日志', [])
[2020-06-02 05:50:00,560][4248][log_file.py][line: 23][DEBUG] ## ('从数据库获取apk链接写入日志', [])
[2020-06-02 05:55:00,627][10216][log_file.py][line: 23][DEBUG] ## ('从数据库获取apk链接写入日志', [])
[2020-06-02 06:00:00,582][9028][log_file.py][line: 23][DEBUG] ## ('从数据库获取apk链接写入日志', [])
[2020-06-02 06:05:00,608][9928][log_file.py][line: 23][DEBUG] ## ('从数据库获取apk链接写入日志', [])
[2020-06-02 06:10:00,614][10460][log_file.py][line: 23][DEBUG] ## ('从数据库获取apk链接写入日志', [])
[2020-06-02 06:15:00,630][5928][log_file.py][line: 23][DEBUG] ## ('从数据库获取apk链接写入日志', [])
[2020-06-02 06:20:00,611][8948][log_file.py][line: 23][DEBUG] ## ('从数据库获取apk链接写入日志', [])
[2020-06-02 06:25:00,655][4336][log_file.py][line: 23][DEBUG] ## ('从数据库获取apk链接写入日志', [])
[2020-06-02 06:30:00,623][6100][log_file.py][line: 23][DEBUG] ## ('从数据库获取apk链接写入日志', [])
[2020-06-02 06:35:00,601][7556][log_file.py][line: 23][DEBUG] ## ('从数据库获取apk链接写入日志', [])
[2020-06-02 06:40:00,614][9808][log_file.py][line: 23][DEBUG] ## ('从数据库获取apk链接写入日志', [])
[2020-06-02 06:45:00,642][8764][log_file.py][line: 23][DEBUG] ## ('从数据库获取apk链接写入日志', [])
[2020-06-02 06:50:00,623][8836][log_file.py][line: 23][DEBUG] ## ('从数据库获取apk链接写入日志', [])
[2020-06-02 06:55:00,619][10356][log_file.py][line: 23][DEBUG] ## ('从数据库获取apk链接写入日志', [])
[2020-06-02 07:00:00,616][9556][log_file.py][line: 23][DEBUG] ## ('从数据库获取apk链接写入日志', [])
[2020-06-02 07:05:00,631][10024][log_file.py][line: 23][DEBUG] ## ('从数据库获取apk链接写入日志', [])
[2020-06-02 07:10:00,608][8008][log_file.py][line: 23][DEBUG] ## ('从数据库获取apk链接写入日志', [])
[2020-06-02 07:15:00,636][10312][log_file.py][line: 23][DEBUG] ## ('从数据库获取apk链接写入日志', [])
[2020-06-02 07:20:00,666][9468][log_file.py][line: 23][DEBUG] ## ('从数据库获取apk链接写入日志', [])
[2020-06-02 07:25:00,613][4484][log_file.py][line: 23][DEBUG] ## ('从数据库获取apk链接写入日志', [])
[2020-06-02 07:30:00,610][6868][log_file.py][line: 23][DEBUG] ## ('从数据库获取apk链接写入日志', [])
[2020-06-02 07:35:00,577][10288][log_file.py][line: 23][DEBUG] ## ('从数据库获取apk链接写入日志', [])
[2020-06-02 07:40:00,635][2860][log_file.py][line: 23][DEBUG] ## ('从数据库获取apk链接写入日志', [])
[2020-06-02 07:45:00,615][9880][log_file.py][line: 23][DEBUG] ## ('从数据库获取apk链接写入日志', [])
[2020-06-02 07:50:00,597][6248][log_file.py][line: 23][DEBUG] ## ('从数据库获取apk链接写入日志', [])
[2020-06-02 07:55:00,623][3476][log_file.py][line: 23][DEBUG] ## ('从数据库获取apk链接写入日志', [])
[2020-06-02 08:00:00,621][7240][log_file.py][line: 23][DEBUG] ## ('从数据库获取apk链接写入日志', [])
[2020-06-02 08:05:00,646][10640][log_file.py][line: 23][DEBUG] ## ('从数据库获取apk链接写入日志', [])
[2020-06-02 08:10:00,631][9564][log_file.py][line: 23][DEBUG] ## ('从数据库获取apk链接写入日志', [])
[2020-06-02 08:15:00,588][5332][log_file.py][line: 23][DEBUG] ## ('从数据库获取apk链接写入日志', [])
[2020-06-02 08:20:00,637][4324][log_file.py][line: 23][DEBUG] ## ('从数据库获取apk链接写入日志', [])
[2020-06-02 08:25:00,619][6560][log_file.py][line: 23][DEBUG] ## ('从数据库获取apk链接写入日志', [])
[2020-06-02 08:30:00,695][11228][log_file.py][line: 23][DEBUG] ## ('从数据库获取apk链接写入日志', [])
[2020-06-02 08:35:00,648][10344][log_file.py][line: 23][DEBUG] ## ('从数据库获取apk链接写入日志', [])
[2020-06-02 08:40:00,673][11196][log_file.py][line: 23][DEBUG] ## ('从数据库获取apk链接写入日志', [])
[2020-06-02 08:45:00,606][8956][log_file.py][line: 23][DEBUG] ## ('从数据库获取apk链接写入日志', [])
[2020-06-02 08:50:00,618][6760][log_file.py][line: 23][DEBUG] ## ('从数据库获取apk链接写入日志', [])
[2020-06-02 08:55:00,629][7728][log_file.py][line: 23][DEBUG] ## ('从数据库获取apk链接写入日志', [])
[2020-06-02 09:00:00,637][10856][log_file.py][line: 23][DEBUG] ## ('从数据库获取apk链接写入日志', [])
[2020-06-02 09:05:00,638][9264][log_file.py][line: 23][DEBUG] ## ('从数据库获取apk链接写入日志', [])
[2020-06-02 09:10:00,636][6100][log_file.py][line: 23][DEBUG] ## ('从数据库获取apk链接写入日志', [])
[2020-06-02 09:15:00,618][9940][log_file.py][line: 23][DEBUG] ## ('从数据库获取apk链接写入日志', [])
[2020-06-02 09:20:00,686][7228][log_file.py][line: 23][DEBUG] ## ('从数据库获取apk链接写入日志', [])
[2020-06-02 09:25:00,614][9556][log_file.py][line: 23][DEBUG] ## ('从数据库获取apk链接写入日志', [])
[2020-06-02 09:30:00,651][10316][log_file.py][line: 23][DEBUG] ## ('从数据库获取apk链接写入日志', [])
[2020-06-02 09:35:00,619][7428][log_file.py][line: 23][DEBUG] ## ('从数据库获取apk链接写入日志', [])
[2020-06-02 09:40:00,695][9932][log_file.py][line: 23][DEBUG] ## ('从数据库获取apk链接写入日志', [])
[2020-06-02 09:45:00,675][3692][log_file.py][line: 23][DEBUG] ## ('从数据库获取apk链接写入日志', [])
[2020-06-02 09:50:00,593][6704][log_file.py][line: 23][DEBUG] ## ('从数据库获取apk链接写入日志', ['http://pkg.superdalan.com/game.pkg/download?pkgId=2854&f=xxsyhuawei_biguo_huawei_66_1.0.0_20200602_094944.apk'])
[2020-06-02 09:55:00,723][3384][log_file.py][line: 23][DEBUG] ## ('从数据库获取apk链接写入日志', ['http://pkg.superdalan.com/game.pkg/download?pkgId=2854&f=xxsyhuawei_biguo_huawei_66_1.0.0_20200602_094944.apk'])
[2020-06-02 10:00:00,679][1848][log_file.py][line: 23][DEBUG] ## ('从数据库获取apk链接写入日志', ['http://pkg.superdalan.com/game.pkg/download?pkgId=2854&f=xxsyhuawei_biguo_huawei_66_1.0.0_20200602_094944.apk'])
[2020-06-02 10:05:00,617][10252][log_file.py][line: 23][DEBUG] ## ('从数据库获取apk链接写入日志', ['http://pkg.superdalan.com/game.pkg/download?pkgId=2854&f=xxsyhuawei_biguo_huawei_66_1.0.0_20200602_094944.apk'])
[2020-06-02 10:10:00,708][9064][log_file.py][line: 23][DEBUG] ## ('从数据库获取apk链接写入日志', ['http://pkg.superdalan.com/game.pkg/download?pkgId=2854&f=xxsyhuawei_biguo_huawei_66_1.0.0_20200602_094944.apk'])
[2020-06-02 10:15:00,674][5756][log_file.py][line: 23][DEBUG] ## ('从数据库获取apk链接写入日志', ['http://pkg.superdalan.com/game.pkg/download?pkgId=2854&f=xxsyhuawei_biguo_huawei_66_1.0.0_20200602_094944.apk'])
[2020-06-02 10:16:10,859][8616][log_file.py][line: 23][DEBUG] ## ('-----------b5940085___20200602_094944.apk----节点1-----------下载校验结果：True',)
[2020-06-02 10:16:17,405][8616][log_file.py][line: 23][DEBUG] ## ('---------b5940085___20200602_094944.apk-------节点2------安装返回结果：未知异常_404',)
[2020-06-02 10:20:00,635][10728][log_file.py][line: 23][DEBUG] ## ('从数据库获取apk链接写入日志', ['http://pkg.superdalan.com/game.pkg/download?pkgId=2854&f=xxsyhuawei_biguo_huawei_66_1.0.0_20200602_102017.apk'])
[2020-06-02 10:21:12,418][10704][log_file.py][line: 23][DEBUG] ## ('-----------b5940085___20200602_102017.apk----节点1-----------下载校验结果：True',)
[2020-06-02 10:25:00,674][9564][log_file.py][line: 23][DEBUG] ## ('从数据库获取apk链接写入日志', ['http://pkg.superdalan.com/game.pkg/download?pkgId=2854&f=xxsyhuawei_biguo_huawei_66_1.0.0_20200602_102017.apk'])
[2020-06-02 10:30:00,642][7960][log_file.py][line: 23][DEBUG] ## ('从数据库获取apk链接写入日志', ['http://pkg.superdalan.com/game.pkg/download?pkgId=2854&f=xxsyhuawei_biguo_huawei_66_1.0.0_20200602_102017.apk'])
[2020-06-02 10:31:10,332][10076][log_file.py][line: 23][DEBUG] ## ('-----------b5940085___20200602_102017.apk----节点1-----------下载校验结果：True',)
[2020-06-02 10:31:27,165][10076][log_file.py][line: 23][DEBUG] ## ('---------b5940085___20200602_102017.apk-------节点2------安装返回结果：True',)
[2020-06-02 10:35:00,671][7104][log_file.py][line: 23][DEBUG] ## ('从数据库获取apk链接写入日志', ['http://pkg.superdalan.com/game.pkg/download?pkgId=2854&f=xxsyhuawei_biguo_huawei_66_1.0.0_20200602_102017.apk'])
[2020-06-02 10:36:11,423][10172][log_file.py][line: 23][DEBUG] ## ('-----------b5940085___20200602_102017.apk----节点1-----------下载校验结果：True',)
[2020-06-02 10:36:31,610][10172][log_file.py][line: 23][DEBUG] ## ('---------b5940085___20200602_102017.apk-------节点2------安装返回结果：True',)
[2020-06-02 10:36:42,059][10172][log_file.py][line: 23][DEBUG] ## ("------------b5940085___20200602_102017.apk----节点3---------拆包校验结果：True:['5da88017da1cc0e5abda9d6c93e1e930.jpg', '8d2dd4d105003ef4240dbe93efda2c35.jpg', '49c81ed464d99245b3105e94aacfbf10.jpg', '98a23e6bc0f5694fb4f0957b2a84b7cd.jpg']",)
[2020-06-02 10:36:42,764][10172][log_file.py][line: 23][DEBUG] ## ('b5940085___20200602_102017.apk_非Dalan_Dsdk渠道包，不走自动化流程',)
[2020-06-02 10:40:00,681][11240][log_file.py][line: 23][DEBUG] ## ('从数据库获取apk链接写入日志', [])
[2020-06-02 10:45:00,716][1716][log_file.py][line: 23][DEBUG] ## ('从数据库获取apk链接写入日志', [])
[2020-06-02 10:50:00,706][10912][log_file.py][line: 23][DEBUG] ## ('从数据库获取apk链接写入日志', [])
[2020-06-02 10:55:00,706][7060][log_file.py][line: 23][DEBUG] ## ('从数据库获取apk链接写入日志', [])
[2020-06-02 11:00:00,686][10512][log_file.py][line: 23][DEBUG] ## ('从数据库获取apk链接写入日志', [])
[2020-06-02 11:05:00,621][7888][log_file.py][line: 23][DEBUG] ## ('从数据库获取apk链接写入日志', [])
[2020-06-02 11:10:00,651][4864][log_file.py][line: 23][DEBUG] ## ('从数据库获取apk链接写入日志', [])
[2020-06-02 11:15:00,717][10676][log_file.py][line: 23][DEBUG] ## ('从数据库获取apk链接写入日志', ['http://pkg.superdalan.com/game.pkg/download?pkgId=2076&f=lltxhy_dalan_dsdk_48_1.0.0_20200602_111724.apk'])
[2020-06-02 11:20:00,621][6168][log_file.py][line: 23][DEBUG] ## ('从数据库获取apk链接写入日志', ['http://pkg.superdalan.com/game.pkg/download?pkgId=2076&f=lltxhy_dalan_dsdk_48_1.0.0_20200602_111724.apk'])
[2020-06-02 11:25:00,733][9120][log_file.py][line: 23][DEBUG] ## ('从数据库获取apk链接写入日志', ['http://pkg.superdalan.com/game.pkg/download?pkgId=2076&f=lltxhy_dalan_dsdk_48_1.0.0_20200602_111724.apk'])
[2020-06-02 11:30:01,300][5824][log_file.py][line: 23][DEBUG] ## ('从数据库获取apk链接写入日志', ['http://pkg.superdalan.com/game.pkg/download?pkgId=2076&f=lltxhy_dalan_dsdk_48_1.0.0_20200602_111724.apk'])
[2020-06-02 11:35:00,770][1064][log_file.py][line: 23][DEBUG] ## ('从数据库获取apk链接写入日志', ['http://pkg.superdalan.com/game.pkg/download?pkgId=2076&f=lltxhy_dalan_dsdk_48_1.0.0_20200602_111724.apk'])
[2020-06-02 11:37:12,432][9816][log_file.py][line: 23][DEBUG] ## ('-----------b5940085___20200602_111724.apk----节点1-----------下载校验结果：True',)
[2020-06-02 11:37:39,837][9816][log_file.py][line: 23][DEBUG] ## ('---------b5940085___20200602_111724.apk-------节点2------安装返回结果：True',)
[2020-06-02 11:37:47,023][9816][log_file.py][line: 23][DEBUG] ## ("------------b5940085___20200602_111724.apk----节点3---------拆包校验结果：True:['691621af884e8be6af6ecd70b27000cb.jpg', '37cef88c236306b8e48789247403dea8.jpg']",)
[2020-06-02 11:38:41,007][9816][log_file.py][line: 23][DEBUG] ## ('-----------b5940085___20200602_111724.apk----节点4----------打开游戏结果:True',)
[2020-06-02 11:39:00,862][9816][log_file.py][line: 23][DEBUG] ## ('-----------b5940085___20200602_111724.apk----节点5----------登录游戏结果:False',)
[2020-06-02 11:40:00,675][7188][log_file.py][line: 23][DEBUG] ## ('从数据库获取apk链接写入日志', ['http://pkg.superdalan.com/game.pkg/download?pkgId=2076&f=lltxhy_dalan_dsdk_48_1.0.0_20200602_111724.apk'])
[2020-06-02 11:45:00,708][4628][log_file.py][line: 23][DEBUG] ## ('从数据库获取apk链接写入日志', ['http://pkg.superdalan.com/game.pkg/download?pkgId=2076&f=lltxhy_dalan_dsdk_48_1.0.0_20200602_111724.apk'])
[2020-06-02 11:50:00,659][6240][log_file.py][line: 23][DEBUG] ## ('从数据库获取apk链接写入日志', ['http://pkg.superdalan.com/game.pkg/download?pkgId=2076&f=lltxhy_dalan_dsdk_48_1.0.0_20200602_111724.apk'])
[2020-06-02 11:55:00,674][6324][log_file.py][line: 23][DEBUG] ## ('从数据库获取apk链接写入日志', ['http://pkg.superdalan.com/game.pkg/download?pkgId=2076&f=lltxhy_dalan_dsdk_48_1.0.0_20200602_111724.apk'])
[2020-06-02 12:00:00,642][7616][log_file.py][line: 23][DEBUG] ## ('从数据库获取apk链接写入日志', ['http://pkg.superdalan.com/game.pkg/download?pkgId=2076&f=lltxhy_dalan_dsdk_48_1.0.0_20200602_111724.apk'])
[2020-06-02 12:00:16,560][6556][log_file.py][line: 23][DEBUG] ## ('-----------b5940085___20200602_111724.apk----节点1-----------下载校验结果：True',)
[2020-06-02 12:00:46,485][6556][log_file.py][line: 23][DEBUG] ## ('---------b5940085___20200602_111724.apk-------节点2------安装返回结果：True',)
[2020-06-02 12:00:53,395][6556][log_file.py][line: 23][DEBUG] ## ("------------b5940085___20200602_111724.apk----节点3---------拆包校验结果：True:['691621af884e8be6af6ecd70b27000cb.jpg', '37cef88c236306b8e48789247403dea8.jpg']",)
[2020-06-02 12:05:00,613][8528][log_file.py][line: 23][DEBUG] ## ('从数据库获取apk链接写入日志', ['http://pkg.superdalan.com/game.pkg/download?pkgId=2076&f=lltxhy_dalan_dsdk_48_1.0.0_20200602_111724.apk'])
[2020-06-02 12:10:00,742][9596][log_file.py][line: 23][DEBUG] ## ('从数据库获取apk链接写入日志', ['http://pkg.superdalan.com/game.pkg/download?pkgId=2076&f=lltxhy_dalan_dsdk_48_1.0.0_20200602_111724.apk'])
[2020-06-02 12:15:00,705][9456][log_file.py][line: 23][DEBUG] ## ('从数据库获取apk链接写入日志', ['http://pkg.superdalan.com/game.pkg/download?pkgId=2076&f=lltxhy_dalan_dsdk_48_1.0.0_20200602_111724.apk'])
[2020-06-02 12:20:00,739][10784][log_file.py][line: 23][DEBUG] ## ('从数据库获取apk链接写入日志', [])
[2020-06-02 12:25:00,718][10964][log_file.py][line: 23][DEBUG] ## ('从数据库获取apk链接写入日志', [])
[2020-06-02 12:30:00,728][4968][log_file.py][line: 23][DEBUG] ## ('从数据库获取apk链接写入日志', [])
[2020-06-02 12:35:00,697][5928][log_file.py][line: 23][DEBUG] ## ('从数据库获取apk链接写入日志', [])
[2020-06-02 12:40:00,662][1288][log_file.py][line: 23][DEBUG] ## ('从数据库获取apk链接写入日志', [])
[2020-06-02 12:45:00,658][6780][log_file.py][line: 23][DEBUG] ## ('从数据库获取apk链接写入日志', [])
[2020-06-02 12:50:00,670][544][log_file.py][line: 23][DEBUG] ## ('从数据库获取apk链接写入日志', [])
[2020-06-02 12:55:00,654][9924][log_file.py][line: 23][DEBUG] ## ('从数据库获取apk链接写入日志', [])
[2020-06-02 13:00:00,672][11256][log_file.py][line: 23][DEBUG] ## ('从数据库获取apk链接写入日志', [])
[2020-06-02 13:05:00,661][10304][log_file.py][line: 23][DEBUG] ## ('从数据库获取apk链接写入日志', [])
[2020-06-02 13:10:00,662][9360][log_file.py][line: 23][DEBUG] ## ('从数据库获取apk链接写入日志', [])
[2020-06-02 13:15:00,668][6328][log_file.py][line: 23][DEBUG] ## ('从数据库获取apk链接写入日志', [])
[2020-06-02 13:20:00,696][10768][log_file.py][line: 23][DEBUG] ## ('从数据库获取apk链接写入日志', [])
[2020-06-02 13:25:00,664][10656][log_file.py][line: 23][DEBUG] ## ('从数据库获取apk链接写入日志', [])
[2020-06-02 13:30:00,658][9180][log_file.py][line: 23][DEBUG] ## ('从数据库获取apk链接写入日志', [])
[2020-06-02 13:35:01,440][7676][log_file.py][line: 23][DEBUG] ## ('从数据库获取apk链接写入日志', [])
[2020-06-02 13:40:00,697][9092][log_file.py][line: 23][DEBUG] ## ('从数据库获取apk链接写入日志', [])
[2020-06-02 13:45:00,662][10288][log_file.py][line: 23][DEBUG] ## ('从数据库获取apk链接写入日志', [])
[2020-06-02 13:50:00,644][8940][log_file.py][line: 23][DEBUG] ## ('从数据库获取apk链接写入日志', [])
[2020-06-02 13:55:00,673][9840][log_file.py][line: 23][DEBUG] ## ('从数据库获取apk链接写入日志', [])
[2020-06-02 14:00:00,656][9880][log_file.py][line: 23][DEBUG] ## ('从数据库获取apk链接写入日志', [])
[2020-06-02 14:05:00,688][7748][log_file.py][line: 23][DEBUG] ## ('从数据库获取apk链接写入日志', [])
[2020-06-02 14:10:00,735][6324][log_file.py][line: 23][DEBUG] ## ('从数据库获取apk链接写入日志', [])
[2020-06-02 14:15:00,697][11064][log_file.py][line: 23][DEBUG] ## ('从数据库获取apk链接写入日志', [])
[2020-06-02 14:20:00,698][10708][log_file.py][line: 23][DEBUG] ## ('从数据库获取apk链接写入日志', ['http://pkg.superdalan.com/game.pkg/download?pkgId=2856&f=zyrgwzjhtt_dalan_dsdk_48_1.0.0_20200602_114659.apk'])
[2020-06-02 14:21:53,156][4252][log_file.py][line: 23][DEBUG] ## ('-----------b5940085___20200602_114659.apk----节点1-----------下载校验结果：True',)
[2020-06-02 14:25:00,694][8824][log_file.py][line: 23][DEBUG] ## ('从数据库获取apk链接写入日志', [])
[2020-06-02 14:30:00,709][7652][log_file.py][line: 23][DEBUG] ## ('从数据库获取apk链接写入日志', [])
[2020-06-02 14:35:00,665][9676][log_file.py][line: 23][DEBUG] ## ('从数据库获取apk链接写入日志', [])
[2020-06-02 14:40:00,661][1228][log_file.py][line: 23][DEBUG] ## ('从数据库获取apk链接写入日志', [])
[2020-06-02 14:45:00,674][10664][log_file.py][line: 23][DEBUG] ## ('从数据库获取apk链接写入日志', [])
[2020-06-02 14:50:00,700][6240][log_file.py][line: 23][DEBUG] ## ('从数据库获取apk链接写入日志', [])
[2020-06-02 14:55:00,667][8052][log_file.py][line: 23][DEBUG] ## ('从数据库获取apk链接写入日志', [])
[2020-06-02 15:00:00,650][8300][log_file.py][line: 23][DEBUG] ## ('从数据库获取apk链接写入日志', [])
[2020-06-02 15:05:00,664][9248][log_file.py][line: 23][DEBUG] ## ('从数据库获取apk链接写入日志', [])
[2020-06-02 15:10:00,728][5364][log_file.py][line: 23][DEBUG] ## ('从数据库获取apk链接写入日志', [])
[2020-06-02 15:15:00,672][4396][log_file.py][line: 23][DEBUG] ## ('从数据库获取apk链接写入日志', [])
[2020-06-02 15:20:00,931][10116][log_file.py][line: 23][DEBUG] ## ('从数据库获取apk链接写入日志', [])
[2020-06-02 15:25:00,665][11080][log_file.py][line: 23][DEBUG] ## ('从数据库获取apk链接写入日志', [])
[2020-06-02 15:30:00,670][3928][log_file.py][line: 23][DEBUG] ## ('从数据库获取apk链接写入日志', [])
[2020-06-02 15:35:00,664][6112][log_file.py][line: 23][DEBUG] ## ('从数据库获取apk链接写入日志', [])
[2020-06-02 15:40:00,658][9852][log_file.py][line: 23][DEBUG] ## ('从数据库获取apk链接写入日志', [])
[2020-06-02 15:45:00,658][10032][log_file.py][line: 23][DEBUG] ## ('从数据库获取apk链接写入日志', [])
[2020-06-02 15:50:00,642][9048][log_file.py][line: 23][DEBUG] ## ('从数据库获取apk链接写入日志', [])
[2020-06-02 15:55:00,651][9612][log_file.py][line: 23][DEBUG] ## ('从数据库获取apk链接写入日志', [])
[2020-06-02 16:00:00,701][10456][log_file.py][line: 23][DEBUG] ## ('从数据库获取apk链接写入日志', [])
[2020-06-02 16:05:00,708][6140][log_file.py][line: 23][DEBUG] ## ('从数据库获取apk链接写入日志', ['http://pkg.superdalan.com/game.pkg/download?pkgId=2440&f=zgfslxoppo_biguo_oppomirh5_43_1.0.0_20200602_160630.apk', 'http://pkg.superdalan.com/game.pkg/download?pkgId=2463&f=zgfslxvivo_biguo_vivomirh5_43_1.0.0_20200602_160655.apk'])
[2020-06-02 16:05:10,280][10504][log_file.py][line: 23][DEBUG] ## ('-----------b5940085___20200602_160630.apk----节点1-----------下载校验结果：True',)
[2020-06-02 16:10:00,699][10768][log_file.py][line: 23][DEBUG] ## ('从数据库获取apk链接写入日志', [])
[2020-06-02 16:15:00,704][1228][log_file.py][line: 23][DEBUG] ## ('从数据库获取apk链接写入日志', [])
[2020-06-02 16:20:00,673][7716][log_file.py][line: 23][DEBUG] ## ('从数据库获取apk链接写入日志', [])
[2020-06-02 16:25:00,639][7128][log_file.py][line: 23][DEBUG] ## ('从数据库获取apk链接写入日志', [])
[2020-06-02 16:30:00,729][11384][log_file.py][line: 23][DEBUG] ## ('从数据库获取apk链接写入日志', [])
[2020-06-02 16:35:00,646][12064][log_file.py][line: 23][DEBUG] ## ('从数据库获取apk链接写入日志', [])
[2020-06-02 16:40:00,657][10104][log_file.py][line: 23][DEBUG] ## ('从数据库获取apk链接写入日志', [])
[2020-06-02 16:45:00,700][1920][log_file.py][line: 23][DEBUG] ## ('从数据库获取apk链接写入日志', [])
[2020-06-02 16:50:00,682][10956][log_file.py][line: 23][DEBUG] ## ('从数据库获取apk链接写入日志', [])
[2020-06-02 16:50:12,611][6592][log_file.py][line: 23][DEBUG] ## ('从数据库获取apk链接写入日志', ['http://pkg.superdalan.com/game.pkg/download?pkgId=2841&f=chwyxxyzhbtt_dalan_xy_dsdk_74_1.0.0_20200529_181544.apk'])
[2020-06-02 16:50:36,900][11336][log_file.py][line: 23][DEBUG] ## ('从数据库获取apk链接写入日志', ['http://pkg.superdalan.com/game.pkg/download?pkgId=2841&f=chwyxxyzhbtt_dalan_xy_dsdk_74_1.0.0_20200529_181544.apk'])
[2020-06-02 16:51:13,150][3688][log_file.py][line: 23][DEBUG] ## ('从数据库获取apk链接写入日志', ['http://pkg.superdalan.com/game.pkg/download?pkgId=2841&f=chwyxxyzhbtt_dalan_xy_dsdk_74_1.0.0_20200529_181544.apk'])
[2020-06-02 16:51:22,099][11920][log_file.py][line: 23][DEBUG] ## ('-----------54a4c6159804___20200529_181544.apk----节点1-----------下载校验结果：True',)
[2020-06-02 16:51:56,997][11920][log_file.py][line: 23][DEBUG] ## ('---------54a4c6159804___20200529_181544.apk-------节点2------安装返回结果：True',)
[2020-06-02 16:52:08,770][11920][log_file.py][line: 23][DEBUG] ## ("------------54a4c6159804___20200529_181544.apk----节点3---------拆包校验结果：True:['8c8b1cf9f9f23eecbfaddcb66fe4933e.jpg', '98b75abc747451a09d6ba895330d053e.jpg']",)
[2020-06-02 16:53:17,683][11920][log_file.py][line: 23][DEBUG] ## ('-----------54a4c6159804___20200529_181544.apk----节点4----------打开游戏结果:True',)
[2020-06-02 16:54:23,063][11920][log_file.py][line: 23][DEBUG] ## ('-----------54a4c6159804___20200529_181544.apk----节点5----------登录游戏结果:False',)
[2020-06-02 16:55:00,723][12104][log_file.py][line: 23][DEBUG] ## ('从数据库获取apk链接写入日志', ['http://pkg.superdalan.com/game.pkg/download?pkgId=2841&f=chwyxxyzhbtt_dalan_xy_dsdk_74_1.0.0_20200529_181544.apk'])
[2020-06-02 17:00:00,680][10180][log_file.py][line: 23][DEBUG] ## ('从数据库获取apk链接写入日志', ['http://pkg.superdalan.com/game.pkg/download?pkgId=2841&f=chwyxxyzhbtt_dalan_xy_dsdk_74_1.0.0_20200529_181544.apk'])
[2020-06-02 17:01:39,095][12172][log_file.py][line: 23][DEBUG] ## ('从数据库获取apk链接写入日志', ['http://pkg.superdalan.com/game.pkg/download?pkgId=2841&f=chwyxxyzhbtt_dalan_xy_dsdk_74_1.0.0_20200529_181544.apk'])
[2020-06-02 17:01:47,789][7148][log_file.py][line: 23][DEBUG] ## ('-----------54a4c6159804___20200529_181544.apk----节点1-----------下载校验结果：True',)
[2020-06-02 17:02:09,748][7148][log_file.py][line: 23][DEBUG] ## ('---------54a4c6159804___20200529_181544.apk-------节点2------安装返回结果：True',)
[2020-06-02 17:02:18,048][7148][log_file.py][line: 23][DEBUG] ## ("------------54a4c6159804___20200529_181544.apk----节点3---------拆包校验结果：True:['98b75abc747451a09d6ba895330d053e.jpg', '8c8b1cf9f9f23eecbfaddcb66fe4933e.jpg']",)
[2020-06-02 17:03:25,005][7148][log_file.py][line: 23][DEBUG] ## ('-----------54a4c6159804___20200529_181544.apk----节点4----------打开游戏结果:True',)
[2020-06-02 17:04:30,132][7148][log_file.py][line: 23][DEBUG] ## ('-----------54a4c6159804___20200529_181544.apk----节点5----------登录游戏结果:False',)
[2020-06-02 17:05:00,663][7196][log_file.py][line: 23][DEBUG] ## ('从数据库获取apk链接写入日志', [])
[2020-06-02 17:10:00,722][11584][log_file.py][line: 23][DEBUG] ## ('从数据库获取apk链接写入日志', [])
[2020-06-02 17:15:00,684][6544][log_file.py][line: 23][DEBUG] ## ('从数据库获取apk链接写入日志', [])
[2020-06-02 17:20:00,698][11820][log_file.py][line: 23][DEBUG] ## ('从数据库获取apk链接写入日志', [])
[2020-06-02 17:25:00,663][5352][log_file.py][line: 23][DEBUG] ## ('从数据库获取apk链接写入日志', [])
[2020-06-02 17:30:00,661][8104][log_file.py][line: 23][DEBUG] ## ('从数据库获取apk链接写入日志', [])
[2020-06-02 17:35:00,707][2904][log_file.py][line: 23][DEBUG] ## ('从数据库获取apk链接写入日志', [])
[2020-06-02 17:40:00,706][8928][log_file.py][line: 23][DEBUG] ## ('从数据库获取apk链接写入日志', [])
[2020-06-02 17:45:01,017][12768][log_file.py][line: 23][DEBUG] ## ('从数据库获取apk链接写入日志', [])
[2020-06-02 17:50:00,707][5100][log_file.py][line: 23][DEBUG] ## ('从数据库获取apk链接写入日志', [])
[2020-06-02 17:55:00,770][9380][log_file.py][line: 23][DEBUG] ## ('从数据库获取apk链接写入日志', [])
[2020-06-02 18:00:00,695][11872][log_file.py][line: 23][DEBUG] ## ('从数据库获取apk链接写入日志', [])
[2020-06-02 18:05:00,691][10480][log_file.py][line: 23][DEBUG] ## ('从数据库获取apk链接写入日志', [])
[2020-06-02 18:10:00,655][6256][log_file.py][line: 23][DEBUG] ## ('从数据库获取apk链接写入日志', [])
[2020-06-02 18:15:00,681][7480][log_file.py][line: 23][DEBUG] ## ('从数据库获取apk链接写入日志', [])
[2020-06-02 18:20:00,737][3700][log_file.py][line: 23][DEBUG] ## ('从数据库获取apk链接写入日志', [])
[2020-06-02 18:25:00,695][6724][log_file.py][line: 23][DEBUG] ## ('从数据库获取apk链接写入日志', [])
[2020-06-02 18:30:00,714][12620][log_file.py][line: 23][DEBUG] ## ('从数据库获取apk链接写入日志', [])
[2020-06-02 18:35:00,701][7220][log_file.py][line: 23][DEBUG] ## ('从数据库获取apk链接写入日志', [])
[2020-06-02 18:40:00,720][11688][log_file.py][line: 23][DEBUG] ## ('从数据库获取apk链接写入日志', [])
[2020-06-02 18:45:00,711][12552][log_file.py][line: 23][DEBUG] ## ('从数据库获取apk链接写入日志', [])
[2020-06-02 18:50:00,785][12904][log_file.py][line: 23][DEBUG] ## ('从数据库获取apk链接写入日志', [])
[2020-06-02 18:55:00,697][12644][log_file.py][line: 23][DEBUG] ## ('从数据库获取apk链接写入日志', [])
[2020-06-02 19:00:00,705][8320][log_file.py][line: 23][DEBUG] ## ('从数据库获取apk链接写入日志', [])
[2020-06-02 19:05:00,711][10184][log_file.py][line: 23][DEBUG] ## ('从数据库获取apk链接写入日志', [])
[2020-06-02 19:10:00,840][13176][log_file.py][line: 23][DEBUG] ## ('从数据库获取apk链接写入日志', [])
[2020-06-02 19:15:00,686][12444][log_file.py][line: 23][DEBUG] ## ('从数据库获取apk链接写入日志', [])
[2020-06-02 19:20:00,659][11820][log_file.py][line: 23][DEBUG] ## ('从数据库获取apk链接写入日志', [])
[2020-06-02 19:25:00,738][13296][log_file.py][line: 23][DEBUG] ## ('从数据库获取apk链接写入日志', ['http://pkg.superdalan.com/game.pkg/download?pkgId=2857&f=fzzjhxjygdt_dalan_xy_dsdk_61_1.0.0_20200602_192709.apk'])
[2020-06-02 19:30:00,666][13128][log_file.py][line: 23][DEBUG] ## ('从数据库获取apk链接写入日志', ['http://pkg.superdalan.com/game.pkg/download?pkgId=2857&f=fzzjhxjygdt_dalan_xy_dsdk_61_1.0.0_20200602_192709.apk'])
[2020-06-02 19:35:00,696][12220][log_file.py][line: 23][DEBUG] ## ('从数据库获取apk链接写入日志', ['http://pkg.superdalan.com/game.pkg/download?pkgId=2857&f=fzzjhxjygdt_dalan_xy_dsdk_61_1.0.0_20200602_192709.apk'])
[2020-06-02 19:40:00,715][11464][log_file.py][line: 23][DEBUG] ## ('从数据库获取apk链接写入日志', ['http://pkg.superdalan.com/game.pkg/download?pkgId=2857&f=fzzjhxjygdt_dalan_xy_dsdk_61_1.0.0_20200602_192709.apk', 'http://pkg.superdalan.com/game.pkg/download?pkgId=2857&f=fzzjhxjygdt_dalan_xy_dsdk_61_1.0.0_20200602_194315.apk'])
[2020-06-02 19:45:00,705][11928][log_file.py][line: 23][DEBUG] ## ('从数据库获取apk链接写入日志', ['http://pkg.superdalan.com/game.pkg/download?pkgId=2857&f=fzzjhxjygdt_dalan_xy_dsdk_61_1.0.0_20200602_192709.apk', 'http://pkg.superdalan.com/game.pkg/download?pkgId=2857&f=fzzjhxjygdt_dalan_xy_dsdk_61_1.0.0_20200602_194315.apk'])
[2020-06-02 19:50:00,736][12612][log_file.py][line: 23][DEBUG] ## ('从数据库获取apk链接写入日志', ['http://pkg.superdalan.com/game.pkg/download?pkgId=2857&f=fzzjhxjygdt_dalan_xy_dsdk_61_1.0.0_20200602_192709.apk', 'http://pkg.superdalan.com/game.pkg/download?pkgId=2857&f=fzzjhxjygdt_dalan_xy_dsdk_61_1.0.0_20200602_194315.apk'])
[2020-06-02 19:55:00,715][12448][log_file.py][line: 23][DEBUG] ## ('从数据库获取apk链接写入日志', ['http://pkg.superdalan.com/game.pkg/download?pkgId=2857&f=fzzjhxjygdt_dalan_xy_dsdk_61_1.0.0_20200602_192709.apk', 'http://pkg.superdalan.com/game.pkg/download?pkgId=2857&f=fzzjhxjygdt_dalan_xy_dsdk_61_1.0.0_20200602_194315.apk'])
[2020-06-02 20:00:00,769][5204][log_file.py][line: 23][DEBUG] ## ('从数据库获取apk链接写入日志', ['http://pkg.superdalan.com/game.pkg/download?pkgId=2857&f=fzzjhxjygdt_dalan_xy_dsdk_61_1.0.0_20200602_192709.apk', 'http://pkg.superdalan.com/game.pkg/download?pkgId=2857&f=fzzjhxjygdt_dalan_xy_dsdk_61_1.0.0_20200602_194315.apk'])
[2020-06-02 20:05:00,751][9380][log_file.py][line: 23][DEBUG] ## ('从数据库获取apk链接写入日志', ['http://pkg.superdalan.com/game.pkg/download?pkgId=2855&f=zyrgwzjh_dalan_dsdk_48_1.0.0_20200602_114250.apk', 'http://pkg.superdalan.com/game.pkg/download?pkgId=2857&f=fzzjhxjygdt_dalan_xy_dsdk_61_1.0.0_20200602_192709.apk', 'http://pkg.superdalan.com/game.pkg/download?pkgId=2857&f=fzzjhxjygdt_dalan_xy_dsdk_61_1.0.0_20200602_194315.apk'])
[2020-06-02 20:10:00,777][12192][log_file.py][line: 23][DEBUG] ## ('从数据库获取apk链接写入日志', ['http://pkg.superdalan.com/game.pkg/download?pkgId=2386&f=shj2020wzjh2_biguo_android_48_1.0.0_20200602_130348.apk', 'http://pkg.superdalan.com/game.pkg/download?pkgId=2563&f=shjlmbwzjh_dalan_dsdk_48_1.0.0_20200602_184859.apk', 'http://pkg.superdalan.com/game.pkg/download?pkgId=2854&f=xxsyhuawei_biguo_huawei_66_1.0.0_20200602_114419.apk', 'http://pkg.superdalan.com/game.pkg/download?pkgId=2854&f=xxsyhuawei_biguo_huawei_66_1.0.0_20200602_134512.apk', 'http://pkg.superdalan.com/game.pkg/download?pkgId=2855&f=zyrgwzjh_dalan_dsdk_48_1.0.0_20200602_114250.apk', 'http://pkg.superdalan.com/game.pkg/download?pkgId=2857&f=fzzjhxjygdt_dalan_xy_dsdk_61_1.0.0_20200602_192709.apk', 'http://pkg.superdalan.com/game.pkg/download?pkgId=2857&f=fzzjhxjygdt_dalan_xy_dsdk_61_1.0.0_20200602_194315.apk'])
[2020-06-02 20:15:00,720][12860][log_file.py][line: 23][DEBUG] ## ('从数据库获取apk链接写入日志', ['http://pkg.superdalan.com/game.pkg/download?pkgId=2386&f=shj2020wzjh2_biguo_android_48_1.0.0_20200602_130348.apk', 'http://pkg.superdalan.com/game.pkg/download?pkgId=2563&f=shjlmbwzjh_dalan_dsdk_48_1.0.0_20200602_184859.apk', 'http://pkg.superdalan.com/game.pkg/download?pkgId=2854&f=xxsyhuawei_biguo_huawei_66_1.0.0_20200602_114419.apk', 'http://pkg.superdalan.com/game.pkg/download?pkgId=2854&f=xxsyhuawei_biguo_huawei_66_1.0.0_20200602_134512.apk', 'http://pkg.superdalan.com/game.pkg/download?pkgId=2855&f=zyrgwzjh_dalan_dsdk_48_1.0.0_20200602_114250.apk', 'http://pkg.superdalan.com/game.pkg/download?pkgId=2857&f=fzzjhxjygdt_dalan_xy_dsdk_61_1.0.0_20200602_192709.apk', 'http://pkg.superdalan.com/game.pkg/download?pkgId=2857&f=fzzjhxjygdt_dalan_xy_dsdk_61_1.0.0_20200602_194315.apk'])
[2020-06-02 20:20:00,751][12752][log_file.py][line: 23][DEBUG] ## ('从数据库获取apk链接写入日志', ['http://pkg.superdalan.com/game.pkg/download?pkgId=2386&f=shj2020wzjh2_biguo_android_48_1.0.0_20200602_130348.apk', 'http://pkg.superdalan.com/game.pkg/download?pkgId=2563&f=shjlmbwzjh_dalan_dsdk_48_1.0.0_20200602_184859.apk', 'http://pkg.superdalan.com/game.pkg/download?pkgId=2854&f=xxsyhuawei_biguo_huawei_66_1.0.0_20200602_114419.apk', 'http://pkg.superdalan.com/game.pkg/download?pkgId=2854&f=xxsyhuawei_biguo_huawei_66_1.0.0_20200602_134512.apk', 'http://pkg.superdalan.com/game.pkg/download?pkgId=2855&f=zyrgwzjh_dalan_dsdk_48_1.0.0_20200602_114250.apk', 'http://pkg.superdalan.com/game.pkg/download?pkgId=2857&f=fzzjhxjygdt_dalan_xy_dsdk_61_1.0.0_20200602_192709.apk', 'http://pkg.superdalan.com/game.pkg/download?pkgId=2857&f=fzzjhxjygdt_dalan_xy_dsdk_61_1.0.0_20200602_194315.apk'])
[2020-06-02 20:23:32,930][7788][log_file.py][line: 23][DEBUG] ## ('-----------R8AYIJWO99999999___20200602_184859.apk----节点1-----------下载校验结果：True',)
[2020-06-02 20:23:33,197][7196][log_file.py][line: 23][DEBUG] ## ('-----------54a4c6159804___20200602_130348.apk----节点1-----------下载校验结果：True',)
[2020-06-02 20:24:37,128][7196][log_file.py][line: 23][DEBUG] ## ('---------54a4c6159804___20200602_130348.apk-------节点2------安装返回结果：True',)
[2020-06-02 20:24:52,712][7788][log_file.py][line: 23][DEBUG] ## ('---------R8AYIJWO99999999___20200602_184859.apk-------节点2------安装返回结果：True',)
[2020-06-02 20:25:18,359][7196][log_file.py][line: 23][DEBUG] ## ("------------54a4c6159804___20200602_130348.apk----节点3---------拆包校验结果：True:['7f2a32a1e040ae8d6fa342659e2ef262.jpg', 'b60546968ec3b16cdc53c53ad1ff9f53.jpg']",)
[2020-06-02 20:25:21,469][7196][log_file.py][line: 23][DEBUG] ## ('54a4c6159804___20200602_130348.apk_非Dalan_Dsdk渠道包，不走自动化流程',)
[2020-06-02 20:26:24,394][7788][log_file.py][line: 23][DEBUG] ## ("------------R8AYIJWO99999999___20200602_184859.apk----节点3---------拆包校验结果：True:['ef0334525653ef158f4212bb53a1d41f.jpg', '1d5fde3028e1175e3a0ce920219d708d.jpg']",)
[2020-06-02 20:27:36,067][7788][log_file.py][line: 23][DEBUG] ## ('-----------R8AYIJWO99999999___20200602_184859.apk----节点4----------打开游戏结果:True',)
[2020-06-02 20:28:26,271][7788][log_file.py][line: 23][DEBUG] ## ('-----------R8AYIJWO99999999___20200602_184859.apk----节点5----------登录游戏结果:True',)
[2020-06-02 20:29:08,616][7788][log_file.py][line: 23][DEBUG] ## ('------R8AYIJWO99999999___20200602_184859.apk---节点6-------下单调起微信结果:True',)
[2020-06-02 20:31:22,558][9468][log_file.py][line: 23][DEBUG] ## ('-----------R8AYIJWO99999999___20200602_134512.apk----节点1-----------下载校验结果：True',)
[2020-06-02 20:31:24,556][1620][log_file.py][line: 23][DEBUG] ## ('-----------54a4c6159804___20200602_114419.apk----节点1-----------下载校验结果：True',)
[2020-06-02 20:32:01,610][1620][log_file.py][line: 23][DEBUG] ## ('---------54a4c6159804___20200602_114419.apk-------节点2------安装返回结果：True',)
[2020-06-02 20:32:19,280][9468][log_file.py][line: 23][DEBUG] ## ('---------R8AYIJWO99999999___20200602_134512.apk-------节点2------安装返回结果：True',)
[2020-06-02 20:32:21,013][1620][log_file.py][line: 23][DEBUG] ## ("------------54a4c6159804___20200602_114419.apk----节点3---------拆包校验结果：True:['98a23e6bc0f5694fb4f0957b2a84b7cd.jpg', '8d2dd4d105003ef4240dbe93efda2c35.jpg', '5da88017da1cc0e5abda9d6c93e1e930.jpg', '49c81ed464d99245b3105e94aacfbf10.jpg']",)
[2020-06-02 20:32:21,717][1620][log_file.py][line: 23][DEBUG] ## ('54a4c6159804___20200602_114419.apk_非Dalan_Dsdk渠道包，不走自动化流程',)
[2020-06-02 20:32:47,971][9468][log_file.py][line: 23][DEBUG] ## ("------------R8AYIJWO99999999___20200602_134512.apk----节点3---------拆包校验结果：True:['98a23e6bc0f5694fb4f0957b2a84b7cd.jpg', '5da88017da1cc0e5abda9d6c93e1e930.jpg', '8d2dd4d105003ef4240dbe93efda2c35.jpg', '49c81ed464d99245b3105e94aacfbf10.jpg']",)
[2020-06-02 20:32:48,653][9468][log_file.py][line: 23][DEBUG] ## ('R8AYIJWO99999999___20200602_134512.apk_非Dalan_Dsdk渠道包，不走自动化流程',)
[2020-06-02 20:33:09,632][11840][log_file.py][line: 23][DEBUG] ## ('-----------R8AYIJWO99999999___20200602_192709.apk----节点1-----------下载校验结果：True',)
[2020-06-02 20:33:26,564][11840][log_file.py][line: 23][DEBUG] ## ('---------R8AYIJWO99999999___20200602_192709.apk-------节点2------安装返回结果：True',)
[2020-06-02 20:33:29,684][11840][log_file.py][line: 23][DEBUG] ## ("------------R8AYIJWO99999999___20200602_192709.apk----节点3---------拆包校验结果：True:['1806f9fb87af74555c0b39c14f1b9753.jpg']",)
[2020-06-02 20:33:30,779][11840][log_file.py][line: 23][DEBUG] ## ('R8AYIJWO99999999___20200602_192709.apk此原名游戏尚未接入，敬请期待',)
[2020-06-02 20:35:03,491][8148][log_file.py][line: 23][DEBUG] ## ('-----------54a4c6159804___20200602_114250.apk----节点1-----------下载校验结果：True',)
[2020-06-02 20:35:46,952][8148][log_file.py][line: 23][DEBUG] ## ('---------54a4c6159804___20200602_114250.apk-------节点2------安装返回结果：True',)
[2020-06-02 20:35:57,891][8148][log_file.py][line: 23][DEBUG] ## ("------------54a4c6159804___20200602_114250.apk----节点3---------拆包校验结果：True:['b7106ab8b3620cbc509ef6175a822fe2.jpg', '1e32ad2c77982fed8732b25d7e482a1d.jpg']",)
[2020-06-02 20:37:37,879][8148][log_file.py][line: 23][DEBUG] ## ('-----------54a4c6159804___20200602_114250.apk----节点4----------打开游戏结果:True',)
[2020-06-02 20:38:27,629][8148][log_file.py][line: 23][DEBUG] ## ('-----------54a4c6159804___20200602_114250.apk----节点5----------登录游戏结果:True',)
[2020-06-02 20:39:11,729][8148][log_file.py][line: 23][DEBUG] ## ('------54a4c6159804___20200602_114250.apk---节点6-------下单调起微信结果:True',)
[2020-06-02 20:39:26,310][12884][log_file.py][line: 23][DEBUG] ## ('-----------54a4c6159804___20200602_194315.apk----节点1-----------下载校验结果：True',)
[2020-06-02 20:39:38,628][12884][log_file.py][line: 23][DEBUG] ## ('---------54a4c6159804___20200602_194315.apk-------节点2------安装返回结果：True',)
[2020-06-02 20:39:40,311][12884][log_file.py][line: 23][DEBUG] ## ("------------54a4c6159804___20200602_194315.apk----节点3---------拆包校验结果：True:['1806f9fb87af74555c0b39c14f1b9753.jpg']",)
[2020-06-02 20:39:41,098][12884][log_file.py][line: 23][DEBUG] ## ('54a4c6159804___20200602_194315.apk此原名游戏尚未接入，敬请期待',)
[2020-06-02 20:40:00,679][9580][log_file.py][line: 23][DEBUG] ## ('从数据库获取apk链接写入日志', [])
[2020-06-02 20:45:00,731][12604][log_file.py][line: 23][DEBUG] ## ('从数据库获取apk链接写入日志', [])
[2020-06-02 20:50:00,687][11960][log_file.py][line: 23][DEBUG] ## ('从数据库获取apk链接写入日志', [])
[2020-06-02 20:55:00,683][4252][log_file.py][line: 23][DEBUG] ## ('从数据库获取apk链接写入日志', [])
[2020-06-02 21:00:00,701][12124][log_file.py][line: 23][DEBUG] ## ('从数据库获取apk链接写入日志', [])
[2020-06-02 21:05:00,648][12472][log_file.py][line: 23][DEBUG] ## ('从数据库获取apk链接写入日志', [])
[2020-06-02 21:10:00,709][13032][log_file.py][line: 23][DEBUG] ## ('从数据库获取apk链接写入日志', [])
[2020-06-02 21:15:00,675][7676][log_file.py][line: 23][DEBUG] ## ('从数据库获取apk链接写入日志', [])
[2020-06-02 21:20:00,709][11500][log_file.py][line: 23][DEBUG] ## ('从数据库获取apk链接写入日志', [])
[2020-06-02 21:25:00,671][13040][log_file.py][line: 23][DEBUG] ## ('从数据库获取apk链接写入日志', [])
[2020-06-02 21:30:00,708][8112][log_file.py][line: 23][DEBUG] ## ('从数据库获取apk链接写入日志', [])
[2020-06-02 21:34:40,260][12092][log_file.py][line: 23][DEBUG] ## ('从数据库获取apk链接写入日志', ['http://pkg.superdalan.com/game.pkg/download?pkgId=2067&f=nsmyfx_dalan_dsdk_10_1.0.0_20200527_103331.apk'])
[2020-06-02 21:34:51,972][6100][log_file.py][line: 23][DEBUG] ## ('-----------QDY4C17818002168___20200527_103331.apk----节点1-----------下载校验结果：True',)
[2020-06-02 21:35:00,729][11560][log_file.py][line: 23][DEBUG] ## ('从数据库获取apk链接写入日志', ['http://pkg.superdalan.com/game.pkg/download?pkgId=2067&f=nsmyfx_dalan_dsdk_10_1.0.0_20200527_103331.apk'])
[2020-06-02 21:35:11,371][6100][log_file.py][line: 23][DEBUG] ## ('---------QDY4C17818002168___20200527_103331.apk-------节点2------安装返回结果：True',)
[2020-06-02 21:35:15,749][6100][log_file.py][line: 23][DEBUG] ## ("------------QDY4C17818002168___20200527_103331.apk----节点3---------拆包校验结果：True:['588b58e5e0c85555e5fa6847236a6610.jpg', '31ed96cab4565a4f8350cf0fa06e1cd2.jpg']",)
[2020-06-02 21:36:15,826][6100][log_file.py][line: 23][DEBUG] ## ('-----------QDY4C17818002168___20200527_103331.apk----节点4----------打开游戏结果:True',)
[2020-06-02 21:37:02,232][6100][log_file.py][line: 23][DEBUG] ## ('-----------QDY4C17818002168___20200527_103331.apk----节点5----------登录游戏结果:True',)
[2020-06-02 21:40:00,687][12904][log_file.py][line: 23][DEBUG] ## ('从数据库获取apk链接写入日志', ['http://pkg.superdalan.com/game.pkg/download?pkgId=2067&f=nsmyfx_dalan_dsdk_10_1.0.0_20200527_103331.apk'])
[2020-06-02 21:45:00,713][9904][log_file.py][line: 23][DEBUG] ## ('从数据库获取apk链接写入日志', ['http://pkg.superdalan.com/game.pkg/download?pkgId=2067&f=nsmyfx_dalan_dsdk_10_1.0.0_20200527_103331.apk'])
[2020-06-02 21:50:00,727][11340][log_file.py][line: 23][DEBUG] ## ('从数据库获取apk链接写入日志', ['http://pkg.superdalan.com/game.pkg/download?pkgId=2067&f=nsmyfx_dalan_dsdk_10_1.0.0_20200527_103331.apk'])
[2020-06-02 21:53:50,555][2488][log_file.py][line: 23][DEBUG] ## ('从数据库获取apk链接写入日志', ['http://pkg.superdalan.com/game.pkg/download?pkgId=2067&f=nsmyfx_dalan_dsdk_10_1.0.0_20200527_103331.apk'])
[2020-06-02 21:53:57,087][11992][log_file.py][line: 23][DEBUG] ## ('-----------54a4c6159804___20200527_103331.apk----节点1-----------下载校验结果：True',)
[2020-06-02 21:54:25,718][11992][log_file.py][line: 23][DEBUG] ## ('---------54a4c6159804___20200527_103331.apk-------节点2------安装返回结果：True',)
[2020-06-02 21:54:30,284][11992][log_file.py][line: 23][DEBUG] ## ("------------54a4c6159804___20200527_103331.apk----节点3---------拆包校验结果：True:['31ed96cab4565a4f8350cf0fa06e1cd2.jpg', '588b58e5e0c85555e5fa6847236a6610.jpg']",)
[2020-06-02 21:55:00,685][11668][log_file.py][line: 23][DEBUG] ## ('从数据库获取apk链接写入日志', ['http://pkg.superdalan.com/game.pkg/download?pkgId=2067&f=nsmyfx_dalan_dsdk_10_1.0.0_20200527_103331.apk'])
[2020-06-02 22:00:00,666][13076][log_file.py][line: 23][DEBUG] ## ('从数据库获取apk链接写入日志', ['http://pkg.superdalan.com/game.pkg/download?pkgId=2067&f=nsmyfx_dalan_dsdk_10_1.0.0_20200527_103331.apk'])
[2020-06-02 22:00:38,553][12588][log_file.py][line: 23][DEBUG] ## ('-----------54a4c6159804___20200527_103331.apk----节点1-----------下载校验结果：True',)
[2020-06-02 22:00:57,746][12588][log_file.py][line: 23][DEBUG] ## ('---------54a4c6159804___20200527_103331.apk-------节点2------安装返回结果：True',)
[2020-06-02 22:01:02,246][12588][log_file.py][line: 23][DEBUG] ## ("------------54a4c6159804___20200527_103331.apk----节点3---------拆包校验结果：True:['31ed96cab4565a4f8350cf0fa06e1cd2.jpg', '588b58e5e0c85555e5fa6847236a6610.jpg']",)
[2020-06-02 22:01:53,940][12588][log_file.py][line: 23][DEBUG] ## ('-----------54a4c6159804___20200527_103331.apk----节点4----------打开游戏结果:True',)
[2020-06-02 22:02:34,297][12588][log_file.py][line: 23][DEBUG] ## ('-----------54a4c6159804___20200527_103331.apk----节点5----------登录游戏结果:True',)
[2020-06-02 22:05:00,708][12468][log_file.py][line: 23][DEBUG] ## ('从数据库获取apk链接写入日志', ['http://pkg.superdalan.com/game.pkg/download?pkgId=2067&f=nsmyfx_dalan_dsdk_10_1.0.0_20200527_103331.apk'])
[2020-06-02 22:05:38,403][12736][log_file.py][line: 23][DEBUG] ## ('-----------54a4c6159804___20200527_103331.apk----节点1-----------下载校验结果：True',)
[2020-06-02 22:05:59,957][12736][log_file.py][line: 23][DEBUG] ## ('---------54a4c6159804___20200527_103331.apk-------节点2------安装返回结果：True',)
[2020-06-02 22:06:04,350][12736][log_file.py][line: 23][DEBUG] ## ("------------54a4c6159804___20200527_103331.apk----节点3---------拆包校验结果：True:['31ed96cab4565a4f8350cf0fa06e1cd2.jpg', '588b58e5e0c85555e5fa6847236a6610.jpg']",)
[2020-06-02 22:06:51,070][12736][log_file.py][line: 23][DEBUG] ## ('-----------54a4c6159804___20200527_103331.apk----节点4----------打开游戏结果:True',)
[2020-06-02 22:07:34,431][12736][log_file.py][line: 23][DEBUG] ## ('-----------54a4c6159804___20200527_103331.apk----节点5----------登录游戏结果:True',)
[2020-06-02 22:10:00,766][11464][log_file.py][line: 23][DEBUG] ## ('从数据库获取apk链接写入日志', ['http://pkg.superdalan.com/game.pkg/download?pkgId=2067&f=nsmyfx_dalan_dsdk_10_1.0.0_20200527_103331.apk'])
[2020-06-02 22:10:39,622][13040][log_file.py][line: 23][DEBUG] ## ('-----------54a4c6159804___20200527_103331.apk----节点1-----------下载校验结果：True',)
[2020-06-02 22:11:00,636][13040][log_file.py][line: 23][DEBUG] ## ('---------54a4c6159804___20200527_103331.apk-------节点2------安装返回结果：True',)
[2020-06-02 22:11:04,602][13040][log_file.py][line: 23][DEBUG] ## ("------------54a4c6159804___20200527_103331.apk----节点3---------拆包校验结果：True:['588b58e5e0c85555e5fa6847236a6610.jpg', '31ed96cab4565a4f8350cf0fa06e1cd2.jpg']",)
[2020-06-02 22:11:52,139][13040][log_file.py][line: 23][DEBUG] ## ('-----------54a4c6159804___20200527_103331.apk----节点4----------打开游戏结果:True',)
[2020-06-02 22:12:34,412][13040][log_file.py][line: 23][DEBUG] ## ('-----------54a4c6159804___20200527_103331.apk----节点5----------登录游戏结果:True',)
[2020-06-02 22:15:00,684][12072][log_file.py][line: 23][DEBUG] ## ('从数据库获取apk链接写入日志', ['http://pkg.superdalan.com/game.pkg/download?pkgId=2067&f=nsmyfx_dalan_dsdk_10_1.0.0_20200527_103331.apk'])
[2020-06-02 22:15:38,827][13272][log_file.py][line: 23][DEBUG] ## ('-----------54a4c6159804___20200527_103331.apk----节点1-----------下载校验结果：True',)
[2020-06-02 22:16:00,228][13272][log_file.py][line: 23][DEBUG] ## ('---------54a4c6159804___20200527_103331.apk-------节点2------安装返回结果：True',)
[2020-06-02 22:16:04,493][13272][log_file.py][line: 23][DEBUG] ## ("------------54a4c6159804___20200527_103331.apk----节点3---------拆包校验结果：True:['588b58e5e0c85555e5fa6847236a6610.jpg', '31ed96cab4565a4f8350cf0fa06e1cd2.jpg']",)
[2020-06-02 22:16:49,998][13272][log_file.py][line: 23][DEBUG] ## ('-----------54a4c6159804___20200527_103331.apk----节点4----------打开游戏结果:True',)
[2020-06-02 22:17:36,014][13272][log_file.py][line: 23][DEBUG] ## ('-----------54a4c6159804___20200527_103331.apk----节点5----------登录游戏结果:True',)
[2020-06-02 22:20:00,686][12596][log_file.py][line: 23][DEBUG] ## ('从数据库获取apk链接写入日志', ['http://pkg.superdalan.com/game.pkg/download?pkgId=2067&f=nsmyfx_dalan_dsdk_10_1.0.0_20200527_103331.apk'])
[2020-06-02 22:20:38,555][11244][log_file.py][line: 23][DEBUG] ## ('-----------54a4c6159804___20200527_103331.apk----节点1-----------下载校验结果：True',)
[2020-06-02 22:21:00,315][11244][log_file.py][line: 23][DEBUG] ## ('---------54a4c6159804___20200527_103331.apk-------节点2------安装返回结果：True',)
[2020-06-02 22:21:06,401][11244][log_file.py][line: 23][DEBUG] ## ("------------54a4c6159804___20200527_103331.apk----节点3---------拆包校验结果：True:['588b58e5e0c85555e5fa6847236a6610.jpg', '31ed96cab4565a4f8350cf0fa06e1cd2.jpg']",)
[2020-06-02 22:21:54,792][11244][log_file.py][line: 23][DEBUG] ## ('-----------54a4c6159804___20200527_103331.apk----节点4----------打开游戏结果:True',)
[2020-06-02 22:22:37,542][11244][log_file.py][line: 23][DEBUG] ## ('-----------54a4c6159804___20200527_103331.apk----节点5----------登录游戏结果:True',)
[2020-06-02 22:25:00,680][11936][log_file.py][line: 23][DEBUG] ## ('从数据库获取apk链接写入日志', ['http://pkg.superdalan.com/game.pkg/download?pkgId=2067&f=nsmyfx_dalan_dsdk_10_1.0.0_20200527_103331.apk'])
[2020-06-02 22:25:38,713][12384][log_file.py][line: 23][DEBUG] ## ('-----------54a4c6159804___20200527_103331.apk----节点1-----------下载校验结果：True',)
[2020-06-02 22:25:59,710][12384][log_file.py][line: 23][DEBUG] ## ('---------54a4c6159804___20200527_103331.apk-------节点2------安装返回结果：True',)
[2020-06-02 22:26:04,277][12384][log_file.py][line: 23][DEBUG] ## ("------------54a4c6159804___20200527_103331.apk----节点3---------拆包校验结果：True:['31ed96cab4565a4f8350cf0fa06e1cd2.jpg', '588b58e5e0c85555e5fa6847236a6610.jpg']",)
[2020-06-02 22:26:49,915][12384][log_file.py][line: 23][DEBUG] ## ('-----------54a4c6159804___20200527_103331.apk----节点4----------打开游戏结果:True',)
[2020-06-02 22:27:32,965][12384][log_file.py][line: 23][DEBUG] ## ('-----------54a4c6159804___20200527_103331.apk----节点5----------登录游戏结果:True',)
[2020-06-02 22:30:00,691][13268][log_file.py][line: 23][DEBUG] ## ('从数据库获取apk链接写入日志', ['http://pkg.superdalan.com/game.pkg/download?pkgId=2067&f=nsmyfx_dalan_dsdk_10_1.0.0_20200527_103331.apk'])
[2020-06-02 22:30:37,563][11140][log_file.py][line: 23][DEBUG] ## ('-----------54a4c6159804___20200527_103331.apk----节点1-----------下载校验结果：True',)
[2020-06-02 22:30:58,966][11140][log_file.py][line: 23][DEBUG] ## ('---------54a4c6159804___20200527_103331.apk-------节点2------安装返回结果：True',)
[2020-06-02 22:31:02,824][11140][log_file.py][line: 23][DEBUG] ## ("------------54a4c6159804___20200527_103331.apk----节点3---------拆包校验结果：True:['588b58e5e0c85555e5fa6847236a6610.jpg', '31ed96cab4565a4f8350cf0fa06e1cd2.jpg']",)
[2020-06-02 22:31:50,313][11140][log_file.py][line: 23][DEBUG] ## ('-----------54a4c6159804___20200527_103331.apk----节点4----------打开游戏结果:True',)
[2020-06-02 22:32:37,958][11140][log_file.py][line: 23][DEBUG] ## ('-----------54a4c6159804___20200527_103331.apk----节点5----------登录游戏结果:True',)
[2020-06-02 22:35:00,693][12384][log_file.py][line: 23][DEBUG] ## ('从数据库获取apk链接写入日志', ['http://pkg.superdalan.com/game.pkg/download?pkgId=2067&f=nsmyfx_dalan_dsdk_10_1.0.0_20200527_103331.apk'])
[2020-06-02 22:35:38,021][7684][log_file.py][line: 23][DEBUG] ## ('-----------54a4c6159804___20200527_103331.apk----节点1-----------下载校验结果：True',)
[2020-06-02 22:35:59,219][7684][log_file.py][line: 23][DEBUG] ## ('---------54a4c6159804___20200527_103331.apk-------节点2------安装返回结果：True',)
[2020-06-02 22:36:03,364][7684][log_file.py][line: 23][DEBUG] ## ("------------54a4c6159804___20200527_103331.apk----节点3---------拆包校验结果：True:['588b58e5e0c85555e5fa6847236a6610.jpg', '31ed96cab4565a4f8350cf0fa06e1cd2.jpg']",)
[2020-06-02 22:36:50,318][7684][log_file.py][line: 23][DEBUG] ## ('-----------54a4c6159804___20200527_103331.apk----节点4----------打开游戏结果:True',)
[2020-06-02 22:37:36,131][7684][log_file.py][line: 23][DEBUG] ## ('-----------54a4c6159804___20200527_103331.apk----节点5----------登录游戏结果:True',)
[2020-06-02 22:40:00,684][12840][log_file.py][line: 23][DEBUG] ## ('从数据库获取apk链接写入日志', ['http://pkg.superdalan.com/game.pkg/download?pkgId=2067&f=nsmyfx_dalan_dsdk_10_1.0.0_20200527_103331.apk'])
[2020-06-02 22:40:38,361][4324][log_file.py][line: 23][DEBUG] ## ('-----------54a4c6159804___20200527_103331.apk----节点1-----------下载校验结果：True',)
[2020-06-02 22:40:59,428][4324][log_file.py][line: 23][DEBUG] ## ('---------54a4c6159804___20200527_103331.apk-------节点2------安装返回结果：True',)
[2020-06-02 22:41:03,525][4324][log_file.py][line: 23][DEBUG] ## ("------------54a4c6159804___20200527_103331.apk----节点3---------拆包校验结果：True:['31ed96cab4565a4f8350cf0fa06e1cd2.jpg', '588b58e5e0c85555e5fa6847236a6610.jpg']",)
[2020-06-02 22:41:50,245][4324][log_file.py][line: 23][DEBUG] ## ('-----------54a4c6159804___20200527_103331.apk----节点4----------打开游戏结果:True',)
[2020-06-02 22:42:38,421][4324][log_file.py][line: 23][DEBUG] ## ('-----------54a4c6159804___20200527_103331.apk----节点5----------登录游戏结果:True',)
[2020-06-02 22:45:00,675][7076][log_file.py][line: 23][DEBUG] ## ('从数据库获取apk链接写入日志', ['http://pkg.superdalan.com/game.pkg/download?pkgId=2067&f=nsmyfx_dalan_dsdk_10_1.0.0_20200527_103331.apk'])
[2020-06-02 22:45:37,995][8472][log_file.py][line: 23][DEBUG] ## ('-----------54a4c6159804___20200527_103331.apk----节点1-----------下载校验结果：True',)
[2020-06-02 22:45:59,168][8472][log_file.py][line: 23][DEBUG] ## ('---------54a4c6159804___20200527_103331.apk-------节点2------安装返回结果：True',)
[2020-06-02 22:46:03,429][8472][log_file.py][line: 23][DEBUG] ## ("------------54a4c6159804___20200527_103331.apk----节点3---------拆包校验结果：True:['588b58e5e0c85555e5fa6847236a6610.jpg', '31ed96cab4565a4f8350cf0fa06e1cd2.jpg']",)
[2020-06-02 22:46:51,026][8472][log_file.py][line: 23][DEBUG] ## ('-----------54a4c6159804___20200527_103331.apk----节点4----------打开游戏结果:True',)
[2020-06-02 22:47:35,351][8472][log_file.py][line: 23][DEBUG] ## ('-----------54a4c6159804___20200527_103331.apk----节点5----------登录游戏结果:True',)
[2020-06-02 22:50:00,683][11840][log_file.py][line: 23][DEBUG] ## ('从数据库获取apk链接写入日志', ['http://pkg.superdalan.com/game.pkg/download?pkgId=2067&f=nsmyfx_dalan_dsdk_10_1.0.0_20200527_103331.apk'])
[2020-06-02 22:50:38,108][12132][log_file.py][line: 23][DEBUG] ## ('-----------54a4c6159804___20200527_103331.apk----节点1-----------下载校验结果：True',)
[2020-06-02 22:50:59,616][12132][log_file.py][line: 23][DEBUG] ## ('---------54a4c6159804___20200527_103331.apk-------节点2------安装返回结果：True',)
[2020-06-02 22:51:03,671][12132][log_file.py][line: 23][DEBUG] ## ("------------54a4c6159804___20200527_103331.apk----节点3---------拆包校验结果：True:['31ed96cab4565a4f8350cf0fa06e1cd2.jpg', '588b58e5e0c85555e5fa6847236a6610.jpg']",)
[2020-06-02 22:51:50,560][12132][log_file.py][line: 23][DEBUG] ## ('-----------54a4c6159804___20200527_103331.apk----节点4----------打开游戏结果:True',)
[2020-06-02 22:52:33,658][12132][log_file.py][line: 23][DEBUG] ## ('-----------54a4c6159804___20200527_103331.apk----节点5----------登录游戏结果:True',)
[2020-06-02 22:55:00,678][7900][log_file.py][line: 23][DEBUG] ## ('从数据库获取apk链接写入日志', ['http://pkg.superdalan.com/game.pkg/download?pkgId=2067&f=nsmyfx_dalan_dsdk_10_1.0.0_20200527_103331.apk'])
[2020-06-02 22:55:38,050][12316][log_file.py][line: 23][DEBUG] ## ('-----------54a4c6159804___20200527_103331.apk----节点1-----------下载校验结果：True',)
[2020-06-02 22:56:00,360][12316][log_file.py][line: 23][DEBUG] ## ('---------54a4c6159804___20200527_103331.apk-------节点2------安装返回结果：True',)
[2020-06-02 22:56:04,324][12316][log_file.py][line: 23][DEBUG] ## ("------------54a4c6159804___20200527_103331.apk----节点3---------拆包校验结果：True:['31ed96cab4565a4f8350cf0fa06e1cd2.jpg', '588b58e5e0c85555e5fa6847236a6610.jpg']",)
[2020-06-02 22:56:57,015][12316][log_file.py][line: 23][DEBUG] ## ('-----------54a4c6159804___20200527_103331.apk----节点4----------打开游戏结果:True',)
[2020-06-02 22:57:41,538][12316][log_file.py][line: 23][DEBUG] ## ('-----------54a4c6159804___20200527_103331.apk----节点5----------登录游戏结果:True',)
[2020-06-02 23:00:00,687][9600][log_file.py][line: 23][DEBUG] ## ('从数据库获取apk链接写入日志', ['http://pkg.superdalan.com/game.pkg/download?pkgId=2067&f=nsmyfx_dalan_dsdk_10_1.0.0_20200527_103331.apk'])
[2020-06-02 23:00:38,443][13288][log_file.py][line: 23][DEBUG] ## ('-----------54a4c6159804___20200527_103331.apk----节点1-----------下载校验结果：True',)
[2020-06-02 23:00:59,764][13288][log_file.py][line: 23][DEBUG] ## ('---------54a4c6159804___20200527_103331.apk-------节点2------安装返回结果：True',)
[2020-06-02 23:01:03,837][13288][log_file.py][line: 23][DEBUG] ## ("------------54a4c6159804___20200527_103331.apk----节点3---------拆包校验结果：True:['588b58e5e0c85555e5fa6847236a6610.jpg', '31ed96cab4565a4f8350cf0fa06e1cd2.jpg']",)
[2020-06-02 23:01:52,437][13288][log_file.py][line: 23][DEBUG] ## ('-----------54a4c6159804___20200527_103331.apk----节点4----------打开游戏结果:True',)
[2020-06-02 23:02:37,586][13288][log_file.py][line: 23][DEBUG] ## ('-----------54a4c6159804___20200527_103331.apk----节点5----------登录游戏结果:True',)
[2020-06-02 23:05:00,696][4656][log_file.py][line: 23][DEBUG] ## ('从数据库获取apk链接写入日志', ['http://pkg.superdalan.com/game.pkg/download?pkgId=2067&f=nsmyfx_dalan_dsdk_10_1.0.0_20200527_103331.apk'])
[2020-06-02 23:05:38,715][10776][log_file.py][line: 23][DEBUG] ## ('-----------54a4c6159804___20200527_103331.apk----节点1-----------下载校验结果：True',)
[2020-06-02 23:06:00,712][10776][log_file.py][line: 23][DEBUG] ## ('---------54a4c6159804___20200527_103331.apk-------节点2------安装返回结果：True',)
[2020-06-02 23:06:05,401][10776][log_file.py][line: 23][DEBUG] ## ("------------54a4c6159804___20200527_103331.apk----节点3---------拆包校验结果：True:['31ed96cab4565a4f8350cf0fa06e1cd2.jpg', '588b58e5e0c85555e5fa6847236a6610.jpg']",)
[2020-06-02 23:06:54,858][10776][log_file.py][line: 23][DEBUG] ## ('-----------54a4c6159804___20200527_103331.apk----节点4----------打开游戏结果:True',)
[2020-06-02 23:07:38,057][10776][log_file.py][line: 23][DEBUG] ## ('-----------54a4c6159804___20200527_103331.apk----节点5----------登录游戏结果:True',)
[2020-06-02 23:10:00,688][12908][log_file.py][line: 23][DEBUG] ## ('从数据库获取apk链接写入日志', ['http://pkg.superdalan.com/game.pkg/download?pkgId=2067&f=nsmyfx_dalan_dsdk_10_1.0.0_20200527_103331.apk'])
[2020-06-02 23:10:38,457][11956][log_file.py][line: 23][DEBUG] ## ('-----------54a4c6159804___20200527_103331.apk----节点1-----------下载校验结果：True',)
[2020-06-02 23:10:59,163][11956][log_file.py][line: 23][DEBUG] ## ('---------54a4c6159804___20200527_103331.apk-------节点2------安装返回结果：True',)
[2020-06-02 23:11:03,460][11956][log_file.py][line: 23][DEBUG] ## ("------------54a4c6159804___20200527_103331.apk----节点3---------拆包校验结果：True:['31ed96cab4565a4f8350cf0fa06e1cd2.jpg', '588b58e5e0c85555e5fa6847236a6610.jpg']",)
[2020-06-02 23:11:50,783][11956][log_file.py][line: 23][DEBUG] ## ('-----------54a4c6159804___20200527_103331.apk----节点4----------打开游戏结果:True',)
[2020-06-02 23:12:34,767][11956][log_file.py][line: 23][DEBUG] ## ('-----------54a4c6159804___20200527_103331.apk----节点5----------登录游戏结果:True',)
[2020-06-02 23:15:00,694][12100][log_file.py][line: 23][DEBUG] ## ('从数据库获取apk链接写入日志', ['http://pkg.superdalan.com/game.pkg/download?pkgId=2067&f=nsmyfx_dalan_dsdk_10_1.0.0_20200527_103331.apk'])
[2020-06-02 23:15:38,423][6236][log_file.py][line: 23][DEBUG] ## ('-----------54a4c6159804___20200527_103331.apk----节点1-----------下载校验结果：True',)
[2020-06-02 23:15:59,867][6236][log_file.py][line: 23][DEBUG] ## ('---------54a4c6159804___20200527_103331.apk-------节点2------安装返回结果：True',)
[2020-06-02 23:16:04,036][6236][log_file.py][line: 23][DEBUG] ## ("------------54a4c6159804___20200527_103331.apk----节点3---------拆包校验结果：True:['31ed96cab4565a4f8350cf0fa06e1cd2.jpg', '588b58e5e0c85555e5fa6847236a6610.jpg']",)
[2020-06-02 23:16:49,604][6236][log_file.py][line: 23][DEBUG] ## ('-----------54a4c6159804___20200527_103331.apk----节点4----------打开游戏结果:True',)
[2020-06-02 23:17:34,746][6236][log_file.py][line: 23][DEBUG] ## ('-----------54a4c6159804___20200527_103331.apk----节点5----------登录游戏结果:True',)
[2020-06-02 23:20:00,672][6928][log_file.py][line: 23][DEBUG] ## ('从数据库获取apk链接写入日志', ['http://pkg.superdalan.com/game.pkg/download?pkgId=2067&f=nsmyfx_dalan_dsdk_10_1.0.0_20200527_103331.apk'])
[2020-06-02 23:20:38,554][6236][log_file.py][line: 23][DEBUG] ## ('-----------54a4c6159804___20200527_103331.apk----节点1-----------下载校验结果：True',)
[2020-06-02 23:20:58,116][6236][log_file.py][line: 23][DEBUG] ## ('---------54a4c6159804___20200527_103331.apk-------节点2------安装返回结果：True',)
[2020-06-02 23:21:02,208][6236][log_file.py][line: 23][DEBUG] ## ("------------54a4c6159804___20200527_103331.apk----节点3---------拆包校验结果：True:['588b58e5e0c85555e5fa6847236a6610.jpg', '31ed96cab4565a4f8350cf0fa06e1cd2.jpg']",)
[2020-06-02 23:21:49,058][6236][log_file.py][line: 23][DEBUG] ## ('-----------54a4c6159804___20200527_103331.apk----节点4----------打开游戏结果:True',)
[2020-06-02 23:22:33,697][6236][log_file.py][line: 23][DEBUG] ## ('-----------54a4c6159804___20200527_103331.apk----节点5----------登录游戏结果:True',)
[2020-06-02 23:25:00,723][13224][log_file.py][line: 23][DEBUG] ## ('从数据库获取apk链接写入日志', ['http://pkg.superdalan.com/game.pkg/download?pkgId=2067&f=nsmyfx_dalan_dsdk_10_1.0.0_20200527_103331.apk'])
[2020-06-02 23:25:38,079][9976][log_file.py][line: 23][DEBUG] ## ('-----------54a4c6159804___20200527_103331.apk----节点1-----------下载校验结果：True',)
[2020-06-02 23:25:57,977][9976][log_file.py][line: 23][DEBUG] ## ('---------54a4c6159804___20200527_103331.apk-------节点2------安装返回结果：True',)
[2020-06-02 23:26:03,543][9976][log_file.py][line: 23][DEBUG] ## ("------------54a4c6159804___20200527_103331.apk----节点3---------拆包校验结果：True:['588b58e5e0c85555e5fa6847236a6610.jpg', '31ed96cab4565a4f8350cf0fa06e1cd2.jpg']",)
[2020-06-02 23:26:49,933][9976][log_file.py][line: 23][DEBUG] ## ('-----------54a4c6159804___20200527_103331.apk----节点4----------打开游戏结果:True',)
[2020-06-02 23:27:34,635][9976][log_file.py][line: 23][DEBUG] ## ('-----------54a4c6159804___20200527_103331.apk----节点5----------登录游戏结果:True',)
[2020-06-02 23:30:00,671][12112][log_file.py][line: 23][DEBUG] ## ('从数据库获取apk链接写入日志', ['http://pkg.superdalan.com/game.pkg/download?pkgId=2067&f=nsmyfx_dalan_dsdk_10_1.0.0_20200527_103331.apk'])
[2020-06-02 23:30:37,660][12300][log_file.py][line: 23][DEBUG] ## ('-----------54a4c6159804___20200527_103331.apk----节点1-----------下载校验结果：True',)
[2020-06-02 23:30:58,010][12300][log_file.py][line: 23][DEBUG] ## ('---------54a4c6159804___20200527_103331.apk-------节点2------安装返回结果：True',)
[2020-06-02 23:31:02,258][12300][log_file.py][line: 23][DEBUG] ## ("------------54a4c6159804___20200527_103331.apk----节点3---------拆包校验结果：True:['588b58e5e0c85555e5fa6847236a6610.jpg', '31ed96cab4565a4f8350cf0fa06e1cd2.jpg']",)
[2020-06-02 23:31:47,448][12300][log_file.py][line: 23][DEBUG] ## ('-----------54a4c6159804___20200527_103331.apk----节点4----------打开游戏结果:True',)
[2020-06-02 23:32:30,147][12300][log_file.py][line: 23][DEBUG] ## ('-----------54a4c6159804___20200527_103331.apk----节点5----------登录游戏结果:True',)
[2020-06-02 23:35:00,751][12156][log_file.py][line: 23][DEBUG] ## ('从数据库获取apk链接写入日志', ['http://pkg.superdalan.com/game.pkg/download?pkgId=2067&f=nsmyfx_dalan_dsdk_10_1.0.0_20200527_103331.apk'])
[2020-06-02 23:35:38,589][4864][log_file.py][line: 23][DEBUG] ## ('-----------54a4c6159804___20200527_103331.apk----节点1-----------下载校验结果：True',)
[2020-06-02 23:35:59,916][4864][log_file.py][line: 23][DEBUG] ## ('---------54a4c6159804___20200527_103331.apk-------节点2------安装返回结果：True',)
[2020-06-02 23:36:03,977][4864][log_file.py][line: 23][DEBUG] ## ("------------54a4c6159804___20200527_103331.apk----节点3---------拆包校验结果：True:['588b58e5e0c85555e5fa6847236a6610.jpg', '31ed96cab4565a4f8350cf0fa06e1cd2.jpg']",)
[2020-06-02 23:36:50,501][4864][log_file.py][line: 23][DEBUG] ## ('-----------54a4c6159804___20200527_103331.apk----节点4----------打开游戏结果:True',)
[2020-06-02 23:37:36,485][4864][log_file.py][line: 23][DEBUG] ## ('-----------54a4c6159804___20200527_103331.apk----节点5----------登录游戏结果:True',)
[2020-06-02 23:40:00,694][12112][log_file.py][line: 23][DEBUG] ## ('从数据库获取apk链接写入日志', ['http://pkg.superdalan.com/game.pkg/download?pkgId=2067&f=nsmyfx_dalan_dsdk_10_1.0.0_20200527_103331.apk'])
[2020-06-02 23:40:37,519][4104][log_file.py][line: 23][DEBUG] ## ('-----------54a4c6159804___20200527_103331.apk----节点1-----------下载校验结果：True',)
[2020-06-02 23:40:58,667][4104][log_file.py][line: 23][DEBUG] ## ('---------54a4c6159804___20200527_103331.apk-------节点2------安装返回结果：True',)
[2020-06-02 23:41:04,148][4104][log_file.py][line: 23][DEBUG] ## ("------------54a4c6159804___20200527_103331.apk----节点3---------拆包校验结果：True:['31ed96cab4565a4f8350cf0fa06e1cd2.jpg', '588b58e5e0c85555e5fa6847236a6610.jpg']",)
[2020-06-02 23:41:49,079][4104][log_file.py][line: 23][DEBUG] ## ('-----------54a4c6159804___20200527_103331.apk----节点4----------打开游戏结果:True',)
[2020-06-02 23:42:34,496][4104][log_file.py][line: 23][DEBUG] ## ('-----------54a4c6159804___20200527_103331.apk----节点5----------登录游戏结果:True',)
[2020-06-02 23:45:00,697][11724][log_file.py][line: 23][DEBUG] ## ('从数据库获取apk链接写入日志', ['http://pkg.superdalan.com/game.pkg/download?pkgId=2067&f=nsmyfx_dalan_dsdk_10_1.0.0_20200527_103331.apk'])
[2020-06-02 23:45:39,080][5964][log_file.py][line: 23][DEBUG] ## ('-----------54a4c6159804___20200527_103331.apk----节点1-----------下载校验结果：True',)
[2020-06-02 23:46:00,050][5964][log_file.py][line: 23][DEBUG] ## ('---------54a4c6159804___20200527_103331.apk-------节点2------安装返回结果：True',)
[2020-06-02 23:46:05,058][5964][log_file.py][line: 23][DEBUG] ## ("------------54a4c6159804___20200527_103331.apk----节点3---------拆包校验结果：True:['588b58e5e0c85555e5fa6847236a6610.jpg', '31ed96cab4565a4f8350cf0fa06e1cd2.jpg']",)
[2020-06-02 23:46:50,351][5964][log_file.py][line: 23][DEBUG] ## ('-----------54a4c6159804___20200527_103331.apk----节点4----------打开游戏结果:True',)
[2020-06-02 23:47:33,688][5964][log_file.py][line: 23][DEBUG] ## ('-----------54a4c6159804___20200527_103331.apk----节点5----------登录游戏结果:True',)
[2020-06-02 23:50:00,649][7788][log_file.py][line: 23][DEBUG] ## ('从数据库获取apk链接写入日志', ['http://pkg.superdalan.com/game.pkg/download?pkgId=2067&f=nsmyfx_dalan_dsdk_10_1.0.0_20200527_103331.apk'])
[2020-06-02 23:50:37,198][10844][log_file.py][line: 23][DEBUG] ## ('-----------54a4c6159804___20200527_103331.apk----节点1-----------下载校验结果：True',)
[2020-06-02 23:50:58,763][10844][log_file.py][line: 23][DEBUG] ## ('---------54a4c6159804___20200527_103331.apk-------节点2------安装返回结果：True',)
[2020-06-02 23:51:03,359][10844][log_file.py][line: 23][DEBUG] ## ("------------54a4c6159804___20200527_103331.apk----节点3---------拆包校验结果：True:['31ed96cab4565a4f8350cf0fa06e1cd2.jpg', '588b58e5e0c85555e5fa6847236a6610.jpg']",)
[2020-06-02 23:51:50,197][10844][log_file.py][line: 23][DEBUG] ## ('-----------54a4c6159804___20200527_103331.apk----节点4----------打开游戏结果:True',)
[2020-06-02 23:52:34,971][10844][log_file.py][line: 23][DEBUG] ## ('-----------54a4c6159804___20200527_103331.apk----节点5----------登录游戏结果:True',)
[2020-06-02 23:55:00,687][4800][log_file.py][line: 23][DEBUG] ## ('从数据库获取apk链接写入日志', ['http://pkg.superdalan.com/game.pkg/download?pkgId=2067&f=nsmyfx_dalan_dsdk_10_1.0.0_20200527_103331.apk'])
[2020-06-02 23:55:37,117][11064][log_file.py][line: 23][DEBUG] ## ('-----------54a4c6159804___20200527_103331.apk----节点1-----------下载校验结果：True',)
[2020-06-02 23:55:58,652][11064][log_file.py][line: 23][DEBUG] ## ('---------54a4c6159804___20200527_103331.apk-------节点2------安装返回结果：True',)
[2020-06-02 23:56:03,416][11064][log_file.py][line: 23][DEBUG] ## ("------------54a4c6159804___20200527_103331.apk----节点3---------拆包校验结果：True:['31ed96cab4565a4f8350cf0fa06e1cd2.jpg', '588b58e5e0c85555e5fa6847236a6610.jpg']",)
[2020-06-02 23:56:51,178][11064][log_file.py][line: 23][DEBUG] ## ('-----------54a4c6159804___20200527_103331.apk----节点4----------打开游戏结果:True',)
[2020-06-02 23:57:59,740][11064][log_file.py][line: 23][DEBUG] ## ('-----------54a4c6159804___20200527_103331.apk----节点5----------登录游戏结果:True',)
