[2020-04-17 00:00:00,488][7608][log_file.py][line: 23][DEBUG] ## ('从数据库获取apk链接写入日志', [])
[2020-04-17 00:05:00,497][3472][log_file.py][line: 23][DEBUG] ## ('从数据库获取apk链接写入日志', [])
[2020-04-17 00:10:01,043][7876][log_file.py][line: 23][DEBUG] ## ('从数据库获取apk链接写入日志', [])
[2020-04-17 00:15:00,475][4044][log_file.py][line: 23][DEBUG] ## ('从数据库获取apk链接写入日志', [])
[2020-04-17 00:20:00,449][3640][log_file.py][line: 23][DEBUG] ## ('从数据库获取apk链接写入日志', [])
[2020-04-17 00:25:01,073][288][log_file.py][line: 23][DEBUG] ## ('从数据库获取apk链接写入日志', [])
[2020-04-17 00:30:00,500][4144][log_file.py][line: 23][DEBUG] ## ('从数据库获取apk链接写入日志', [])
[2020-04-17 00:35:00,482][2232][log_file.py][line: 23][DEBUG] ## ('从数据库获取apk链接写入日志', [])
[2020-04-17 00:40:01,071][1152][log_file.py][line: 23][DEBUG] ## ('从数据库获取apk链接写入日志', [])
[2020-04-17 00:45:00,515][5844][log_file.py][line: 23][DEBUG] ## ('从数据库获取apk链接写入日志', [])
[2020-04-17 00:50:00,528][3532][log_file.py][line: 23][DEBUG] ## ('从数据库获取apk链接写入日志', [])
[2020-04-17 00:55:01,050][7432][log_file.py][line: 23][DEBUG] ## ('从数据库获取apk链接写入日志', [])
[2020-04-17 01:00:00,504][2272][log_file.py][line: 23][DEBUG] ## ('从数据库获取apk链接写入日志', [])
[2020-04-17 01:05:00,518][6112][log_file.py][line: 23][DEBUG] ## ('从数据库获取apk链接写入日志', [])
[2020-04-17 01:10:00,972][7364][log_file.py][line: 23][DEBUG] ## ('从数据库获取apk链接写入日志', [])
[2020-04-17 01:15:00,439][6284][log_file.py][line: 23][DEBUG] ## ('从数据库获取apk链接写入日志', [])
[2020-04-17 01:20:00,480][2972][log_file.py][line: 23][DEBUG] ## ('从数据库获取apk链接写入日志', [])
[2020-04-17 01:25:01,049][2616][log_file.py][line: 23][DEBUG] ## ('从数据库获取apk链接写入日志', [])
[2020-04-17 01:30:00,442][8140][log_file.py][line: 23][DEBUG] ## ('从数据库获取apk链接写入日志', [])
[2020-04-17 01:35:00,488][5920][log_file.py][line: 23][DEBUG] ## ('从数据库获取apk链接写入日志', [])
[2020-04-17 01:40:01,066][7912][log_file.py][line: 23][DEBUG] ## ('从数据库获取apk链接写入日志', [])
[2020-04-17 01:45:00,510][3224][log_file.py][line: 23][DEBUG] ## ('从数据库获取apk链接写入日志', [])
[2020-04-17 01:50:00,581][5544][log_file.py][line: 23][DEBUG] ## ('从数据库获取apk链接写入日志', [])
[2020-04-17 01:55:01,043][4508][log_file.py][line: 23][DEBUG] ## ('从数据库获取apk链接写入日志', [])
[2020-04-17 02:00:00,483][7080][log_file.py][line: 23][DEBUG] ## ('从数据库获取apk链接写入日志', [])
[2020-04-17 02:05:00,496][160][log_file.py][line: 23][DEBUG] ## ('从数据库获取apk链接写入日志', [])
[2020-04-17 02:10:01,071][7652][log_file.py][line: 23][DEBUG] ## ('从数据库获取apk链接写入日志', [])
[2020-04-17 02:15:00,496][7624][log_file.py][line: 23][DEBUG] ## ('从数据库获取apk链接写入日志', [])
[2020-04-17 02:20:00,488][2508][log_file.py][line: 23][DEBUG] ## ('从数据库获取apk链接写入日志', [])
[2020-04-17 02:25:01,039][5984][log_file.py][line: 23][DEBUG] ## ('从数据库获取apk链接写入日志', [])
[2020-04-17 02:30:00,489][3840][log_file.py][line: 23][DEBUG] ## ('从数据库获取apk链接写入日志', [])
[2020-04-17 02:35:00,508][4660][log_file.py][line: 23][DEBUG] ## ('从数据库获取apk链接写入日志', [])
[2020-04-17 02:40:01,024][5040][log_file.py][line: 23][DEBUG] ## ('从数据库获取apk链接写入日志', [])
[2020-04-17 02:45:00,463][2264][log_file.py][line: 23][DEBUG] ## ('从数据库获取apk链接写入日志', [])
[2020-04-17 02:50:00,507][428][log_file.py][line: 23][DEBUG] ## ('从数据库获取apk链接写入日志', [])
[2020-04-17 02:55:01,033][2428][log_file.py][line: 23][DEBUG] ## ('从数据库获取apk链接写入日志', [])
[2020-04-17 03:00:00,480][6772][log_file.py][line: 23][DEBUG] ## ('从数据库获取apk链接写入日志', [])
[2020-04-17 03:05:00,481][5408][log_file.py][line: 23][DEBUG] ## ('从数据库获取apk链接写入日志', [])
[2020-04-17 03:10:00,999][6032][log_file.py][line: 23][DEBUG] ## ('从数据库获取apk链接写入日志', [])
[2020-04-17 03:15:00,460][3100][log_file.py][line: 23][DEBUG] ## ('从数据库获取apk链接写入日志', [])
[2020-04-17 03:20:00,479][3272][log_file.py][line: 23][DEBUG] ## ('从数据库获取apk链接写入日志', [])
[2020-04-17 03:25:01,058][5036][log_file.py][line: 23][DEBUG] ## ('从数据库获取apk链接写入日志', [])
[2020-04-17 03:30:00,501][1704][log_file.py][line: 23][DEBUG] ## ('从数据库获取apk链接写入日志', [])
[2020-04-17 03:35:00,487][5536][log_file.py][line: 23][DEBUG] ## ('从数据库获取apk链接写入日志', [])
[2020-04-17 03:40:01,029][5672][log_file.py][line: 23][DEBUG] ## ('从数据库获取apk链接写入日志', [])
[2020-04-17 03:45:00,470][1484][log_file.py][line: 23][DEBUG] ## ('从数据库获取apk链接写入日志', [])
[2020-04-17 03:50:00,521][6620][log_file.py][line: 23][DEBUG] ## ('从数据库获取apk链接写入日志', [])
[2020-04-17 03:55:01,012][2612][log_file.py][line: 23][DEBUG] ## ('从数据库获取apk链接写入日志', [])
[2020-04-17 04:00:00,534][6104][log_file.py][line: 23][DEBUG] ## ('从数据库获取apk链接写入日志', [])
[2020-04-17 04:05:00,485][6824][log_file.py][line: 23][DEBUG] ## ('从数据库获取apk链接写入日志', [])
[2020-04-17 04:10:01,043][3840][log_file.py][line: 23][DEBUG] ## ('从数据库获取apk链接写入日志', [])
[2020-04-17 04:15:00,486][6428][log_file.py][line: 23][DEBUG] ## ('从数据库获取apk链接写入日志', [])
[2020-04-17 04:20:00,488][7088][log_file.py][line: 23][DEBUG] ## ('从数据库获取apk链接写入日志', [])
[2020-04-17 04:25:00,989][2496][log_file.py][line: 23][DEBUG] ## ('从数据库获取apk链接写入日志', [])
[2020-04-17 04:30:00,517][6612][log_file.py][line: 23][DEBUG] ## ('从数据库获取apk链接写入日志', [])
[2020-04-17 04:35:00,531][7548][log_file.py][line: 23][DEBUG] ## ('从数据库获取apk链接写入日志', [])
[2020-04-17 04:40:01,019][5036][log_file.py][line: 23][DEBUG] ## ('从数据库获取apk链接写入日志', [])
[2020-04-17 04:45:00,480][7780][log_file.py][line: 23][DEBUG] ## ('从数据库获取apk链接写入日志', [])
[2020-04-17 04:50:00,478][7648][log_file.py][line: 23][DEBUG] ## ('从数据库获取apk链接写入日志', [])
[2020-04-17 04:55:00,997][7612][log_file.py][line: 23][DEBUG] ## ('从数据库获取apk链接写入日志', [])
[2020-04-17 05:00:00,438][6096][log_file.py][line: 23][DEBUG] ## ('从数据库获取apk链接写入日志', [])
[2020-04-17 05:05:00,487][7788][log_file.py][line: 23][DEBUG] ## ('从数据库获取apk链接写入日志', [])
[2020-04-17 05:10:01,038][7788][log_file.py][line: 23][DEBUG] ## ('从数据库获取apk链接写入日志', [])
[2020-04-17 05:15:00,497][1836][log_file.py][line: 23][DEBUG] ## ('从数据库获取apk链接写入日志', [])
[2020-04-17 05:20:00,488][5952][log_file.py][line: 23][DEBUG] ## ('从数据库获取apk链接写入日志', [])
[2020-04-17 05:25:01,026][7656][log_file.py][line: 23][DEBUG] ## ('从数据库获取apk链接写入日志', [])
[2020-04-17 05:30:00,478][8164][log_file.py][line: 23][DEBUG] ## ('从数据库获取apk链接写入日志', [])
[2020-04-17 05:35:00,457][1588][log_file.py][line: 23][DEBUG] ## ('从数据库获取apk链接写入日志', [])
[2020-04-17 05:40:01,049][1632][log_file.py][line: 23][DEBUG] ## ('从数据库获取apk链接写入日志', [])
[2020-04-17 05:45:00,487][2276][log_file.py][line: 23][DEBUG] ## ('从数据库获取apk链接写入日志', [])
[2020-04-17 05:50:00,488][4048][log_file.py][line: 23][DEBUG] ## ('从数据库获取apk链接写入日志', [])
[2020-04-17 05:55:01,068][1484][log_file.py][line: 23][DEBUG] ## ('从数据库获取apk链接写入日志', [])
[2020-04-17 06:00:00,502][5688][log_file.py][line: 23][DEBUG] ## ('从数据库获取apk链接写入日志', [])
[2020-04-17 06:05:00,502][8144][log_file.py][line: 23][DEBUG] ## ('从数据库获取apk链接写入日志', [])
[2020-04-17 06:10:01,086][1276][log_file.py][line: 23][DEBUG] ## ('从数据库获取apk链接写入日志', [])
[2020-04-17 06:15:00,547][6824][log_file.py][line: 23][DEBUG] ## ('从数据库获取apk链接写入日志', [])
[2020-04-17 06:20:00,467][7548][log_file.py][line: 23][DEBUG] ## ('从数据库获取apk链接写入日志', [])
[2020-04-17 06:25:01,038][4616][log_file.py][line: 23][DEBUG] ## ('从数据库获取apk链接写入日志', [])
[2020-04-17 06:30:00,534][3872][log_file.py][line: 23][DEBUG] ## ('从数据库获取apk链接写入日志', [])
[2020-04-17 06:35:00,525][4072][log_file.py][line: 23][DEBUG] ## ('从数据库获取apk链接写入日志', [])
[2020-04-17 06:40:01,047][1664][log_file.py][line: 23][DEBUG] ## ('从数据库获取apk链接写入日志', [])
[2020-04-17 06:45:00,485][240][log_file.py][line: 23][DEBUG] ## ('从数据库获取apk链接写入日志', [])
[2020-04-17 06:50:00,535][5464][log_file.py][line: 23][DEBUG] ## ('从数据库获取apk链接写入日志', [])
[2020-04-17 06:55:01,037][3980][log_file.py][line: 23][DEBUG] ## ('从数据库获取apk链接写入日志', [])
[2020-04-17 07:00:00,519][4472][log_file.py][line: 23][DEBUG] ## ('从数据库获取apk链接写入日志', [])
[2020-04-17 07:05:00,491][3376][log_file.py][line: 23][DEBUG] ## ('从数据库获取apk链接写入日志', [])
[2020-04-17 07:10:01,051][6772][log_file.py][line: 23][DEBUG] ## ('从数据库获取apk链接写入日志', [])
[2020-04-17 07:15:00,517][2784][log_file.py][line: 23][DEBUG] ## ('从数据库获取apk链接写入日志', [])
[2020-04-17 07:20:00,477][3864][log_file.py][line: 23][DEBUG] ## ('从数据库获取apk链接写入日志', [])
[2020-04-17 07:25:01,008][796][log_file.py][line: 23][DEBUG] ## ('从数据库获取apk链接写入日志', [])
[2020-04-17 07:30:00,480][3128][log_file.py][line: 23][DEBUG] ## ('从数据库获取apk链接写入日志', [])
[2020-04-17 07:35:00,472][7656][log_file.py][line: 23][DEBUG] ## ('从数据库获取apk链接写入日志', [])
[2020-04-17 07:40:01,021][6376][log_file.py][line: 23][DEBUG] ## ('从数据库获取apk链接写入日志', [])
[2020-04-17 07:45:00,510][7104][log_file.py][line: 23][DEBUG] ## ('从数据库获取apk链接写入日志', [])
[2020-04-17 07:50:00,450][5952][log_file.py][line: 23][DEBUG] ## ('从数据库获取apk链接写入日志', [])
[2020-04-17 07:55:01,013][7104][log_file.py][line: 23][DEBUG] ## ('从数据库获取apk链接写入日志', [])
[2020-04-17 08:00:00,496][4948][log_file.py][line: 23][DEBUG] ## ('从数据库获取apk链接写入日志', [])
[2020-04-17 08:05:00,476][4660][log_file.py][line: 23][DEBUG] ## ('从数据库获取apk链接写入日志', [])
[2020-04-17 08:10:01,074][6824][log_file.py][line: 23][DEBUG] ## ('从数据库获取apk链接写入日志', [])
[2020-04-17 08:15:00,488][6356][log_file.py][line: 23][DEBUG] ## ('从数据库获取apk链接写入日志', [])
[2020-04-17 08:20:00,499][6660][log_file.py][line: 23][DEBUG] ## ('从数据库获取apk链接写入日志', [])
[2020-04-17 08:25:01,026][1108][log_file.py][line: 23][DEBUG] ## ('从数据库获取apk链接写入日志', [])
[2020-04-17 08:30:00,460][7076][log_file.py][line: 23][DEBUG] ## ('从数据库获取apk链接写入日志', [])
[2020-04-17 08:35:00,502][3840][log_file.py][line: 23][DEBUG] ## ('从数据库获取apk链接写入日志', [])
[2020-04-17 08:40:01,045][5688][log_file.py][line: 23][DEBUG] ## ('从数据库获取apk链接写入日志', [])
[2020-04-17 08:45:00,506][6432][log_file.py][line: 23][DEBUG] ## ('从数据库获取apk链接写入日志', [])
[2020-04-17 08:50:00,489][7876][log_file.py][line: 23][DEBUG] ## ('从数据库获取apk链接写入日志', [])
[2020-04-17 08:55:01,012][6984][log_file.py][line: 23][DEBUG] ## ('从数据库获取apk链接写入日志', [])
[2020-04-17 09:00:00,502][4100][log_file.py][line: 23][DEBUG] ## ('从数据库获取apk链接写入日志', [])
[2020-04-17 09:05:00,462][7140][log_file.py][line: 23][DEBUG] ## ('从数据库获取apk链接写入日志', [])
[2020-04-17 09:10:00,645][2228][log_file.py][line: 23][DEBUG] ## ('从数据库获取apk链接写入日志', [])
[2020-04-17 09:15:00,472][452][log_file.py][line: 23][DEBUG] ## ('从数据库获取apk链接写入日志', [])
[2020-04-17 09:20:00,463][2228][log_file.py][line: 23][DEBUG] ## ('从数据库获取apk链接写入日志', [])
[2020-04-17 09:25:01,032][7912][log_file.py][line: 23][DEBUG] ## ('从数据库获取apk链接写入日志', [])
[2020-04-17 09:30:00,525][6080][log_file.py][line: 23][DEBUG] ## ('从数据库获取apk链接写入日志', [])
[2020-04-17 09:35:00,515][5048][log_file.py][line: 23][DEBUG] ## ('从数据库获取apk链接写入日志', [])
[2020-04-17 09:40:00,992][1324][log_file.py][line: 23][DEBUG] ## ('从数据库获取apk链接写入日志', [])
[2020-04-17 09:45:00,481][7088][log_file.py][line: 23][DEBUG] ## ('从数据库获取apk链接写入日志', [])
[2020-04-17 09:50:00,486][8880][log_file.py][line: 23][DEBUG] ## ('从数据库获取apk链接写入日志', ['http://pkg.superdalan.com/game.pkg/download?pkgId=2607&f=dxcyzwzjhgdt_dalan_dsdk_48_1.0.0_20200415_114958.apk'])
[2020-04-17 09:50:19,578][8880][log_file.py][line: 23][DEBUG] ## ('-----------0___20200415_114958.apk----节点1-----------下载校验结果：True',)
[2020-04-17 09:51:03,475][8880][log_file.py][line: 23][DEBUG] ## ('---------0___20200415_114958.apk-------节点2------安装返回结果：True',)
[2020-04-17 09:51:40,308][8880][log_file.py][line: 23][DEBUG] ## ("------------0___20200415_114958.apk----节点3---------拆包校验结果：True:['dc69aae724ca5a7b8d5715f88e471c95.jpg', 'ee3626ffc2400e6e32032f7307c6abcd.jpg']",)
[2020-04-17 09:53:10,671][8880][log_file.py][line: 23][DEBUG] ## ('-----------0___20200415_114958.apk----节点4----------打开游戏结果:True',)
[2020-04-17 09:53:51,325][8880][log_file.py][line: 23][DEBUG] ## ('-----------0___20200415_114958.apk---节点5----------登录游戏结果:True',)
[2020-04-17 09:54:25,352][8880][log_file.py][line: 23][DEBUG] ## ('------0___20200415_114958.apk---节点6-------下单调起微信结果:True',)
[2020-04-17 09:55:00,537][9032][log_file.py][line: 23][DEBUG] ## ('从数据库获取apk链接写入日志', [])
[2020-04-17 10:00:00,620][8996][log_file.py][line: 23][DEBUG] ## ('从数据库获取apk链接写入日志', [])
[2020-04-17 10:05:00,680][9872][log_file.py][line: 23][DEBUG] ## ('从数据库获取apk链接写入日志', [])
[2020-04-17 10:10:00,578][9684][log_file.py][line: 23][DEBUG] ## ('从数据库获取apk链接写入日志', [])
[2020-04-17 10:15:00,460][9816][log_file.py][line: 23][DEBUG] ## ('从数据库获取apk链接写入日志', [])
[2020-04-17 10:20:00,598][3976][log_file.py][line: 23][DEBUG] ## ('从数据库获取apk链接写入日志', [])
[2020-04-17 10:25:00,540][3532][log_file.py][line: 23][DEBUG] ## ('从数据库获取apk链接写入日志', [])
[2020-04-17 10:30:00,517][9396][log_file.py][line: 23][DEBUG] ## ('从数据库获取apk链接写入日志', ['http://pkg.superdalan.com/game.pkg/download?pkgId=2520&f=shfy2gdtsdk_dalan_dsdk_10_1.0.0_20200417_102813.apk'])
[2020-04-17 10:30:06,467][9396][log_file.py][line: 23][DEBUG] ## ('-----------0___20200417_102813.apk----节点1-----------下载校验结果：True',)
[2020-04-17 10:30:26,240][9396][log_file.py][line: 23][DEBUG] ## ('---------0___20200417_102813.apk-------节点2------安装返回结果：True',)
[2020-04-17 10:30:44,735][9396][log_file.py][line: 23][DEBUG] ## ("------------0___20200417_102813.apk----节点3---------拆包校验结果：True:['4327532fd530ff1469f890e72235265b.jpg', 'e87360d110b2a13169acd004f42933d2.jpg']",)
[2020-04-17 10:31:30,290][9396][log_file.py][line: 23][DEBUG] ## ('0__http://pkg.superdalan.com/game.pkg/download?pkgId=2520&f=shfy2gdtsdk_dalan_dsdk_10_1.0.0_20200417_102813.apk此原名游戏尚未接入，敬请期待',)
[2020-04-17 10:35:01,300][9680][log_file.py][line: 23][DEBUG] ## ('从数据库获取apk链接写入日志', [])
[2020-04-17 10:40:05,993][10232][log_file.py][line: 23][DEBUG] ## ('从数据库获取apk链接写入日志', [])
[2020-04-17 10:45:00,602][9580][log_file.py][line: 23][DEBUG] ## ('从数据库获取apk链接写入日志', ['http://pkg.superdalan.com/game.pkg/download?pkgId=2520&f=shfy2gdtsdk_dalan_dsdk_10_1.0.0_20200417_104253.apk'])
[2020-04-17 10:45:05,420][9580][log_file.py][line: 23][DEBUG] ## ('-----------0___20200417_104253.apk----节点1-----------下载校验结果：True',)
[2020-04-17 10:45:23,694][9580][log_file.py][line: 23][DEBUG] ## ('---------0___20200417_104253.apk-------节点2------安装返回结果：True',)
[2020-04-17 10:47:46,390][9580][log_file.py][line: 23][DEBUG] ## ("------------0___20200417_104253.apk----节点3---------拆包校验结果：True:['4327532fd530ff1469f890e72235265b.jpg', 'e87360d110b2a13169acd004f42933d2.jpg']",)
[2020-04-17 10:49:06,001][9580][log_file.py][line: 23][DEBUG] ## ('0__http://pkg.superdalan.com/game.pkg/download?pkgId=2520&f=shfy2gdtsdk_dalan_dsdk_10_1.0.0_20200417_104253.apk此原名游戏尚未接入，敬请期待',)
[2020-04-17 10:50:04,494][11064][log_file.py][line: 23][DEBUG] ## ('从数据库获取apk链接写入日志', [])
[2020-04-17 10:55:00,627][6320][log_file.py][line: 23][DEBUG] ## ('从数据库获取apk链接写入日志', ['http://pkg.superdalan.com/game.pkg/download?pkgId=2347&f=wh3d_biguo_android_48_1.0.0_20200417_105246.apk'])
[2020-04-17 10:55:08,259][6320][log_file.py][line: 23][DEBUG] ## ('-----------0___20200417_105246.apk----节点1-----------下载校验结果：True',)
[2020-04-17 10:56:00,907][6320][log_file.py][line: 23][DEBUG] ## ('---------0___20200417_105246.apk-------节点2------安装返回结果：True',)
[2020-04-17 10:58:08,274][6320][log_file.py][line: 23][DEBUG] ## ("------------0___20200417_105246.apk----节点3---------拆包校验结果：True:['3c83eac20a08318f7d6de72264128969.jpg', 'f230f4b3fc933836bcd107c789eb4965.jpg']",)
[2020-04-17 10:58:19,769][6320][log_file.py][line: 23][DEBUG] ## ('0__http://pkg.superdalan.com/game.pkg/download?pkgId=2347&f=wh3d_biguo_android_48_1.0.0_20200417_105246.apk_非Dalan_Dsdk渠道包，不走自动化流程',)
[2020-04-17 11:00:02,062][10340][log_file.py][line: 23][DEBUG] ## ('从数据库获取apk链接写入日志', [])
[2020-04-17 11:05:00,990][10524][log_file.py][line: 23][DEBUG] ## ('从数据库获取apk链接写入日志', ['http://pkg.superdalan.com/game.pkg/download?pkgId=2520&f=shfy2gdtsdk_dalan_dsdk_10_1.0.0_20200417_110359.apk'])
[2020-04-17 11:05:06,793][10524][log_file.py][line: 23][DEBUG] ## ('-----------0___20200417_110359.apk----节点1-----------下载校验结果：True',)
[2020-04-17 11:05:24,058][10524][log_file.py][line: 23][DEBUG] ## ('---------0___20200417_110359.apk-------节点2------安装返回结果：True',)
[2020-04-17 11:05:54,079][10524][log_file.py][line: 23][DEBUG] ## ("------------0___20200417_110359.apk----节点3---------拆包校验结果：True:['4327532fd530ff1469f890e72235265b.jpg', 'e87360d110b2a13169acd004f42933d2.jpg']",)
[2020-04-17 11:06:36,914][10524][log_file.py][line: 23][DEBUG] ## ('0__http://pkg.superdalan.com/game.pkg/download?pkgId=2520&f=shfy2gdtsdk_dalan_dsdk_10_1.0.0_20200417_110359.apk此原名游戏尚未接入，敬请期待',)
[2020-04-17 11:10:01,543][8892][log_file.py][line: 23][DEBUG] ## ('从数据库获取apk链接写入日志', [])
[2020-04-17 11:15:00,574][8372][log_file.py][line: 23][DEBUG] ## ('从数据库获取apk链接写入日志', [])
[2020-04-17 11:20:01,814][9924][log_file.py][line: 23][DEBUG] ## ('从数据库获取apk链接写入日志', ['http://pkg.superdalan.com/game.pkg/download?pkgId=2619&f=flzcgdt_dalan_dsdk_10_1.0.0_20190821_173123.apk', 'http://pkg.superdalan.com/game.pkg/download?pkgId=2619&f=flzcgdt_dalan_dsdk_10_1.0.0_20191203_163056.apk', 'http://pkg.superdalan.com/game.pkg/download?pkgId=2619&f=flzcgdt_dalan_dsdk_10_1.0.0_20200417_112058.apk'])
[2020-04-17 11:20:05,731][9924][log_file.py][line: 23][DEBUG] ## ('-----------0___20190821_173123.apk----节点1-----------下载校验结果：True',)
[2020-04-17 11:20:26,102][9924][log_file.py][line: 23][DEBUG] ## ('---------0___20190821_173123.apk-------节点2------安装返回结果：True',)
[2020-04-17 11:20:51,181][9924][log_file.py][line: 23][DEBUG] ## ('------------0___20190821_173123.apk----节点3---------拆包校验结果：False:素材及应用名都匹配失败',)
[2020-04-17 11:21:02,368][9924][log_file.py][line: 23][DEBUG] ## ('-----------1___20191203_163056.apk----节点1-----------下载校验结果：True',)
[2020-04-17 11:21:22,476][9924][log_file.py][line: 23][DEBUG] ## ('---------1___20191203_163056.apk-------节点2------安装返回结果：True',)
[2020-04-17 11:21:54,016][9924][log_file.py][line: 23][DEBUG] ## ('------------1___20191203_163056.apk----节点3---------拆包校验结果：False:素材及应用名都匹配失败',)
[2020-04-17 11:22:05,035][9924][log_file.py][line: 23][DEBUG] ## ('-----------2___20200417_112058.apk----节点1-----------下载校验结果：True',)
[2020-04-17 11:22:26,384][9924][log_file.py][line: 23][DEBUG] ## ('---------2___20200417_112058.apk-------节点2------安装返回结果：True',)
[2020-04-17 11:23:05,274][9924][log_file.py][line: 23][DEBUG] ## ("------------2___20200417_112058.apk----节点3---------拆包校验结果：True:['068920fca66dacbd98063166b351fa98.jpg', 'e251bb7c0467b4426a96890f828ba587.jpg']",)
[2020-04-17 11:24:13,062][9924][log_file.py][line: 23][DEBUG] ## ('2__http://pkg.superdalan.com/game.pkg/download?pkgId=2619&f=flzcgdt_dalan_dsdk_10_1.0.0_20200417_112058.apk此原名游戏尚未接入，敬请期待',)
[2020-04-17 11:25:02,511][3360][log_file.py][line: 23][DEBUG] ## ('从数据库获取apk链接写入日志', [])
[2020-04-17 11:30:04,532][10648][log_file.py][line: 23][DEBUG] ## ('从数据库获取apk链接写入日志', [])
[2020-04-17 11:35:01,073][10872][log_file.py][line: 23][DEBUG] ## ('从数据库获取apk链接写入日志', [])
[2020-04-17 11:40:00,514][10336][log_file.py][line: 23][DEBUG] ## ('从数据库获取apk链接写入日志', [])
[2020-04-17 11:45:00,545][8508][log_file.py][line: 23][DEBUG] ## ('从数据库获取apk链接写入日志', [])
[2020-04-17 11:50:00,558][10620][log_file.py][line: 23][DEBUG] ## ('从数据库获取apk链接写入日志', [])
[2020-04-17 11:55:00,529][8728][log_file.py][line: 23][DEBUG] ## ('从数据库获取apk链接写入日志', [])
[2020-04-17 12:00:02,451][11028][log_file.py][line: 23][DEBUG] ## ('从数据库获取apk链接写入日志', [])
[2020-04-17 12:05:01,583][10620][log_file.py][line: 23][DEBUG] ## ('从数据库获取apk链接写入日志', [])
[2020-04-17 12:10:01,884][11188][log_file.py][line: 23][DEBUG] ## ('从数据库获取apk链接写入日志', [])
[2020-04-17 12:15:01,277][5532][log_file.py][line: 23][DEBUG] ## ('从数据库获取apk链接写入日志', [])
[2020-04-17 12:20:00,523][8504][log_file.py][line: 23][DEBUG] ## ('从数据库获取apk链接写入日志', ['http://pkg.superdalan.com/game.pkg/download?pkgId=2581&f=shjflbhbwzjh_dalan_dsdk_48_1.0.0_20200417_121742.apk'])
[2020-04-17 12:20:11,675][8504][log_file.py][line: 23][DEBUG] ## ('-----------0___20200417_121742.apk----节点1-----------下载校验结果：True',)
[2020-04-17 12:20:46,623][8504][log_file.py][line: 23][DEBUG] ## ('---------0___20200417_121742.apk-------节点2------安装返回结果：未知异常_404',)
[2020-04-17 12:25:01,449][5164][log_file.py][line: 23][DEBUG] ## ('从数据库获取apk链接写入日志', [])
[2020-04-17 12:30:01,403][10840][log_file.py][line: 23][DEBUG] ## ('从数据库获取apk链接写入日志', [])
[2020-04-17 12:35:00,538][9008][log_file.py][line: 23][DEBUG] ## ('从数据库获取apk链接写入日志', [])
[2020-04-17 12:40:01,330][12052][log_file.py][line: 23][DEBUG] ## ('从数据库获取apk链接写入日志', [])
[2020-04-17 12:45:00,546][6624][log_file.py][line: 23][DEBUG] ## ('从数据库获取apk链接写入日志', [])
[2020-04-17 12:50:00,528][12168][log_file.py][line: 23][DEBUG] ## ('从数据库获取apk链接写入日志', [])
[2020-04-17 12:55:00,517][11772][log_file.py][line: 23][DEBUG] ## ('从数据库获取apk链接写入日志', [])
[2020-04-17 13:00:01,365][11576][log_file.py][line: 23][DEBUG] ## ('从数据库获取apk链接写入日志', [])
[2020-04-17 13:05:01,626][12244][log_file.py][line: 23][DEBUG] ## ('从数据库获取apk链接写入日志', [])
[2020-04-17 13:10:01,116][12140][log_file.py][line: 23][DEBUG] ## ('从数据库获取apk链接写入日志', [])
[2020-04-17 13:15:00,495][12204][log_file.py][line: 23][DEBUG] ## ('从数据库获取apk链接写入日志', [])
[2020-04-17 13:20:01,769][9448][log_file.py][line: 23][DEBUG] ## ('从数据库获取apk链接写入日志', [])
[2020-04-17 13:25:01,637][11492][log_file.py][line: 23][DEBUG] ## ('从数据库获取apk链接写入日志', [])
[2020-04-17 13:30:00,557][10548][log_file.py][line: 23][DEBUG] ## ('从数据库获取apk链接写入日志', [])
[2020-04-17 13:35:00,522][9256][log_file.py][line: 23][DEBUG] ## ('从数据库获取apk链接写入日志', [])
[2020-04-17 13:40:00,566][9268][log_file.py][line: 23][DEBUG] ## ('从数据库获取apk链接写入日志', [])
[2020-04-17 13:45:00,525][11380][log_file.py][line: 23][DEBUG] ## ('从数据库获取apk链接写入日志', [])
[2020-04-17 13:50:00,511][8728][log_file.py][line: 23][DEBUG] ## ('从数据库获取apk链接写入日志', [])
[2020-04-17 13:55:00,568][1152][log_file.py][line: 23][DEBUG] ## ('从数据库获取apk链接写入日志', [])
[2020-04-17 14:00:00,612][11776][log_file.py][line: 23][DEBUG] ## ('从数据库获取apk链接写入日志', [])
[2020-04-17 14:05:00,571][10516][log_file.py][line: 23][DEBUG] ## ('从数据库获取apk链接写入日志', [])
[2020-04-17 14:10:00,556][11588][log_file.py][line: 23][DEBUG] ## ('从数据库获取apk链接写入日志', [])
[2020-04-17 14:15:00,537][6876][log_file.py][line: 23][DEBUG] ## ('从数据库获取apk链接写入日志', [])
[2020-04-17 14:20:00,646][11356][log_file.py][line: 23][DEBUG] ## ('从数据库获取apk链接写入日志', [])
[2020-04-17 14:25:00,556][7088][log_file.py][line: 23][DEBUG] ## ('从数据库获取apk链接写入日志', [])
[2020-04-17 14:30:03,006][10440][log_file.py][line: 23][DEBUG] ## ('从数据库获取apk链接写入日志', [])
[2020-04-17 14:35:00,605][12164][log_file.py][line: 23][DEBUG] ## ('从数据库获取apk链接写入日志', [])
[2020-04-17 14:40:02,193][10884][log_file.py][line: 23][DEBUG] ## ('从数据库获取apk链接写入日志', [])
[2020-04-17 14:45:00,530][11876][log_file.py][line: 23][DEBUG] ## ('从数据库获取apk链接写入日志', [])
[2020-04-17 14:50:00,569][6876][log_file.py][line: 23][DEBUG] ## ('从数据库获取apk链接写入日志', [])
[2020-04-17 14:55:00,589][11712][log_file.py][line: 23][DEBUG] ## ('从数据库获取apk链接写入日志', [])
[2020-04-17 15:00:00,559][9268][log_file.py][line: 23][DEBUG] ## ('从数据库获取apk链接写入日志', [])
[2020-04-17 15:05:00,551][3624][log_file.py][line: 23][DEBUG] ## ('从数据库获取apk链接写入日志', [])
[2020-04-17 15:10:00,564][5676][log_file.py][line: 23][DEBUG] ## ('从数据库获取apk链接写入日志', [])
[2020-04-17 15:15:00,589][3184][log_file.py][line: 23][DEBUG] ## ('从数据库获取apk链接写入日志', [])
[2020-04-17 15:20:00,532][11368][log_file.py][line: 23][DEBUG] ## ('从数据库获取apk链接写入日志', [])
[2020-04-17 15:25:00,825][7704][log_file.py][line: 23][DEBUG] ## ('从数据库获取apk链接写入日志', [])
[2020-04-17 15:30:00,519][11624][log_file.py][line: 23][DEBUG] ## ('从数据库获取apk链接写入日志', [])
[2020-04-17 15:35:00,536][1100][log_file.py][line: 23][DEBUG] ## ('从数据库获取apk链接写入日志', [])
[2020-04-17 15:40:00,605][9120][log_file.py][line: 23][DEBUG] ## ('从数据库获取apk链接写入日志', [])
[2020-04-17 15:45:00,565][9876][log_file.py][line: 23][DEBUG] ## ('从数据库获取apk链接写入日志', [])
[2020-04-17 15:50:00,558][11076][log_file.py][line: 23][DEBUG] ## ('从数据库获取apk链接写入日志', [])
[2020-04-17 15:55:00,529][9456][log_file.py][line: 23][DEBUG] ## ('从数据库获取apk链接写入日志', [])
[2020-04-17 16:00:00,583][9968][log_file.py][line: 23][DEBUG] ## ('从数据库获取apk链接写入日志', [])
[2020-04-17 16:05:00,525][9968][log_file.py][line: 23][DEBUG] ## ('从数据库获取apk链接写入日志', [])
[2020-04-17 16:10:00,534][8896][log_file.py][line: 23][DEBUG] ## ('从数据库获取apk链接写入日志', ['http://pkg.superdalan.com/game.pkg/download?pkgId=2620&f=jwcsgdtdblt1_dalan_dsdk_48_1.0.0_20200417_160943.apk',
 'http://pkg.superdalan.com/game.pkg/download?pkgId=2621&f=jwcsgdtdblt2_dalan_dsdk_48_1.0.0_20200417_161132.apk'])
[2020-04-17 16:10:08,190][8896][log_file.py][line: 23][DEBUG] ## ('-----------0___20200417_160943.apk----节点1-----------下载校验结果：True',)
[2020-04-17 16:10:56,592][8896][log_file.py][line: 23][DEBUG] ## ('---------0___20200417_160943.apk-------节点2------安装返回结果：True',)
[2020-04-17 16:11:53,420][8896][log_file.py][line: 23][DEBUG] ## ("------------0___20200417_160943.apk----节点3---------拆包校验结果：True:['3b6bfc5507f4644170f00d147e276880.jpg', '4af3f4fe3f135cfaa10340e6a24e038d.jpg']",)
[2020-04-17 16:13:00,195][8896][log_file.py][line: 23][DEBUG] ## ('-----------0___20200417_160943.apk----节点4----------打开游戏结果:True',)
[2020-04-17 16:13:44,126][8896][log_file.py][line: 23][DEBUG] ## ('-----------0___20200417_160943.apk---节点5----------登录游戏结果:True',)
[2020-04-17 16:14:18,054][8896][log_file.py][line: 23][DEBUG] ## ('------0___20200417_160943.apk---节点6-------下单调起微信结果:True',)
[2020-04-17 16:14:41,680][8896][log_file.py][line: 23][DEBUG] ## ('-----------1___20200417_161132.apk----节点1-----------下载校验结果：True',)
[2020-04-17 16:15:17,422][8896][log_file.py][line: 23][DEBUG] ## ('---------1___20200417_161132.apk-------节点2------安装返回结果：True',)
[2020-04-17 16:15:30,227][8896][log_file.py][line: 23][DEBUG] ## ("------------1___20200417_161132.apk----节点3---------拆包校验结果：True:['3b6bfc5507f4644170f00d147e276880.jpg', '4af3f4fe3f135cfaa10340e6a24e038d.jpg']",)
[2020-04-17 16:16:20,173][8896][log_file.py][line: 23][DEBUG] ## ('-----------1___20200417_161132.apk----节点4----------打开游戏结果:True',)
[2020-04-17 16:16:53,320][8896][log_file.py][line: 23][DEBUG] ## ('-----------1___20200417_161132.apk---节点5----------登录游戏结果:True',)
[2020-04-17 16:17:30,681][8896][log_file.py][line: 23][DEBUG] ## ('------1___20200417_161132.apk---节点6-------下单调起微信结果:True',)
[2020-04-17 16:20:01,429][12248][log_file.py][line: 23][DEBUG] ## ('从数据库获取apk链接写入日志', [])
[2020-04-17 16:25:00,562][11556][log_file.py][line: 23][DEBUG] ## ('从数据库获取apk链接写入日志', [])
[2020-04-17 16:30:00,629][6260][log_file.py][line: 23][DEBUG] ## ('从数据库获取apk链接写入日志', [])
[2020-04-17 16:35:00,546][12180][log_file.py][line: 23][DEBUG] ## ('从数据库获取apk链接写入日志', [])
[2020-04-17 16:40:00,527][2092][log_file.py][line: 23][DEBUG] ## ('从数据库获取apk链接写入日志', [])
[2020-04-17 16:45:02,524][6764][log_file.py][line: 23][DEBUG] ## ('从数据库获取apk链接写入日志', [])
[2020-04-17 16:50:02,028][3932][log_file.py][line: 23][DEBUG] ## ('从数据库获取apk链接写入日志', [])
[2020-04-17 16:55:02,020][5572][log_file.py][line: 23][DEBUG] ## ('从数据库获取apk链接写入日志', [])
[2020-04-17 17:00:01,885][10460][log_file.py][line: 23][DEBUG] ## ('从数据库获取apk链接写入日志', [])
[2020-04-17 17:05:00,549][3992][log_file.py][line: 23][DEBUG] ## ('从数据库获取apk链接写入日志', [])
[2020-04-17 17:10:00,533][9792][log_file.py][line: 23][DEBUG] ## ('从数据库获取apk链接写入日志', [])
[2020-04-17 17:15:02,730][5288][log_file.py][line: 23][DEBUG] ## ('从数据库获取apk链接写入日志', [])
[2020-04-17 17:20:02,455][9212][log_file.py][line: 23][DEBUG] ## ('从数据库获取apk链接写入日志', [])
[2020-04-17 17:25:01,932][9240][log_file.py][line: 23][DEBUG] ## ('从数据库获取apk链接写入日志', ['http://pkg.superdalan.com/game.pkg/download?pkgId=2619&f=flzcgdt_dalan_dsdk_10_1.0.0_20200417_172653.apk'])
[2020-04-17 17:25:06,414][9240][log_file.py][line: 23][DEBUG] ## ('-----------0___20200417_172653.apk----节点1-----------下载校验结果：True',)
[2020-04-17 17:25:28,002][9240][log_file.py][line: 23][DEBUG] ## ('---------0___20200417_172653.apk-------节点2------安装返回结果：True',)
[2020-04-17 17:25:53,600][9240][log_file.py][line: 23][DEBUG] ## ("------------0___20200417_172653.apk----节点3---------拆包校验结果：True:['068920fca66dacbd98063166b351fa98.jpg', 'e251bb7c0467b4426a96890f828ba587.jpg']",)
[2020-04-17 17:26:35,560][9240][log_file.py][line: 23][DEBUG] ## ('0__http://pkg.superdalan.com/game.pkg/download?pkgId=2619&f=flzcgdt_dalan_dsdk_10_1.0.0_20200417_172653.apk此原名游戏尚未接入，敬请期待',)
[2020-04-17 17:30:00,523][12192][log_file.py][line: 23][DEBUG] ## ('从数据库获取apk链接写入日志', [])
[2020-04-17 17:35:00,619][1688][log_file.py][line: 23][DEBUG] ## ('从数据库获取apk链接写入日志', [])
[2020-04-17 17:40:01,537][9672][log_file.py][line: 23][DEBUG] ## ('从数据库获取apk链接写入日志', [])
[2020-04-17 17:45:00,647][11332][log_file.py][line: 23][DEBUG] ## ('从数据库获取apk链接写入日志', ['http://pkg.superdalan.com/game.pkg/download?pkgId=2619&f=flzcgdt_dalan_dsdk_10_1.0.0_20200417_174449.apk'])
[2020-04-17 17:45:05,830][11332][log_file.py][line: 23][DEBUG] ## ('-----------0___20200417_174449.apk----节点1-----------下载校验结果：True',)
[2020-04-17 17:45:23,450][11332][log_file.py][line: 23][DEBUG] ## ('---------0___20200417_174449.apk-------节点2------安装返回结果：True',)
[2020-04-17 17:45:47,425][11332][log_file.py][line: 23][DEBUG] ## ("------------0___20200417_174449.apk----节点3---------拆包校验结果：True:['068920fca66dacbd98063166b351fa98.jpg', 'e251bb7c0467b4426a96890f828ba587.jpg']",)
[2020-04-17 17:46:31,276][11332][log_file.py][line: 23][DEBUG] ## ('0__http://pkg.superdalan.com/game.pkg/download?pkgId=2619&f=flzcgdt_dalan_dsdk_10_1.0.0_20200417_174449.apk此原名游戏尚未接入，敬请期待',)
[2020-04-17 17:50:02,410][5668][log_file.py][line: 23][DEBUG] ## ('从数据库获取apk链接写入日志', [])
[2020-04-17 17:55:01,572][2980][log_file.py][line: 23][DEBUG] ## ('从数据库获取apk链接写入日志', [])
[2020-04-17 18:00:00,543][9800][log_file.py][line: 23][DEBUG] ## ('从数据库获取apk链接写入日志', [])
[2020-04-17 18:05:01,873][10316][log_file.py][line: 23][DEBUG] ## ('从数据库获取apk链接写入日志', [])
[2020-04-17 18:10:00,734][12248][log_file.py][line: 23][DEBUG] ## ('从数据库获取apk链接写入日志', [])
[2020-04-17 18:15:00,607][11404][log_file.py][line: 23][DEBUG] ## ('从数据库获取apk链接写入日志', [])
[2020-04-17 18:20:00,539][8904][log_file.py][line: 23][DEBUG] ## ('从数据库获取apk链接写入日志', [])
[2020-04-17 18:25:00,542][11384][log_file.py][line: 23][DEBUG] ## ('从数据库获取apk链接写入日志', [])
[2020-04-17 18:30:00,537][10448][log_file.py][line: 23][DEBUG] ## ('从数据库获取apk链接写入日志', [])
[2020-04-17 18:35:00,525][8256][log_file.py][line: 23][DEBUG] ## ('从数据库获取apk链接写入日志', [])
[2020-04-17 18:40:00,570][11812][log_file.py][line: 23][DEBUG] ## ('从数据库获取apk链接写入日志', [])
[2020-04-17 18:45:00,562][6876][log_file.py][line: 23][DEBUG] ## ('从数据库获取apk链接写入日志', [])
[2020-04-17 18:50:00,516][9184][log_file.py][line: 23][DEBUG] ## ('从数据库获取apk链接写入日志', [])
[2020-04-17 18:55:00,544][2428][log_file.py][line: 23][DEBUG] ## ('从数据库获取apk链接写入日志', [])
[2020-04-17 19:00:00,555][11928][log_file.py][line: 23][DEBUG] ## ('从数据库获取apk链接写入日志', [])
[2020-04-17 19:05:00,539][9688][log_file.py][line: 23][DEBUG] ## ('从数据库获取apk链接写入日志', [])
[2020-04-17 19:10:00,564][12172][log_file.py][line: 23][DEBUG] ## ('从数据库获取apk链接写入日志', [])
[2020-04-17 19:15:00,607][4136][log_file.py][line: 23][DEBUG] ## ('从数据库获取apk链接写入日志', [])
[2020-04-17 19:20:00,535][3232][log_file.py][line: 23][DEBUG] ## ('从数据库获取apk链接写入日志', [])
[2020-04-17 19:25:00,545][8544][log_file.py][line: 23][DEBUG] ## ('从数据库获取apk链接写入日志', [])
[2020-04-17 19:30:00,662][8244][log_file.py][line: 23][DEBUG] ## ('从数据库获取apk链接写入日志', [])
[2020-04-17 19:35:00,475][10828][log_file.py][line: 23][DEBUG] ## ('从数据库获取apk链接写入日志', [])
[2020-04-17 19:40:00,598][12240][log_file.py][line: 23][DEBUG] ## ('从数据库获取apk链接写入日志', [])
[2020-04-17 19:45:00,550][10988][log_file.py][line: 23][DEBUG] ## ('从数据库获取apk链接写入日志', [])
[2020-04-17 19:50:00,623][2496][log_file.py][line: 23][DEBUG] ## ('从数据库获取apk链接写入日志', [])
[2020-04-17 19:55:01,657][10548][log_file.py][line: 23][DEBUG] ## ('从数据库获取apk链接写入日志', [])
[2020-04-17 20:00:00,535][8404][log_file.py][line: 23][DEBUG] ## ('从数据库获取apk链接写入日志', [])
[2020-04-17 20:05:01,606][11896][log_file.py][line: 23][DEBUG] ## ('从数据库获取apk链接写入日志', [])
[2020-04-17 20:10:00,537][11464][log_file.py][line: 23][DEBUG] ## ('从数据库获取apk链接写入日志', [])
[2020-04-17 20:15:00,521][8720][log_file.py][line: 23][DEBUG] ## ('从数据库获取apk链接写入日志', [])
[2020-04-17 20:20:00,539][11896][log_file.py][line: 23][DEBUG] ## ('从数据库获取apk链接写入日志', [])
[2020-04-17 20:25:00,560][2184][log_file.py][line: 23][DEBUG] ## ('从数据库获取apk链接写入日志', [])
[2020-04-17 20:30:00,551][3344][log_file.py][line: 23][DEBUG] ## ('从数据库获取apk链接写入日志', [])
[2020-04-17 20:35:00,555][9504][log_file.py][line: 23][DEBUG] ## ('从数据库获取apk链接写入日志', [])
[2020-04-17 20:40:00,524][11896][log_file.py][line: 23][DEBUG] ## ('从数据库获取apk链接写入日志', [])
[2020-04-17 20:45:00,538][11864][log_file.py][line: 23][DEBUG] ## ('从数据库获取apk链接写入日志', [])
[2020-04-17 20:50:00,559][8624][log_file.py][line: 23][DEBUG] ## ('从数据库获取apk链接写入日志', [])
[2020-04-17 20:55:00,529][11896][log_file.py][line: 23][DEBUG] ## ('从数据库获取apk链接写入日志', [])
[2020-04-17 21:00:00,531][10148][log_file.py][line: 23][DEBUG] ## ('从数据库获取apk链接写入日志', [])
[2020-04-17 21:05:00,539][10648][log_file.py][line: 23][DEBUG] ## ('从数据库获取apk链接写入日志', [])
[2020-04-17 21:10:00,505][744][log_file.py][line: 23][DEBUG] ## ('从数据库获取apk链接写入日志', [])
[2020-04-17 21:15:00,520][11268][log_file.py][line: 23][DEBUG] ## ('从数据库获取apk链接写入日志', [])
[2020-04-17 21:20:00,501][8348][log_file.py][line: 23][DEBUG] ## ('从数据库获取apk链接写入日志', [])
[2020-04-17 21:25:00,550][2680][log_file.py][line: 23][DEBUG] ## ('从数据库获取apk链接写入日志', [])
[2020-04-17 21:30:00,529][3780][log_file.py][line: 23][DEBUG] ## ('从数据库获取apk链接写入日志', [])
[2020-04-17 21:35:00,475][10400][log_file.py][line: 23][DEBUG] ## ('从数据库获取apk链接写入日志', [])
[2020-04-17 21:40:00,556][9560][log_file.py][line: 23][DEBUG] ## ('从数据库获取apk链接写入日志', [])
[2020-04-17 21:45:00,564][10100][log_file.py][line: 23][DEBUG] ## ('从数据库获取apk链接写入日志', [])
[2020-04-17 21:50:00,513][12176][log_file.py][line: 23][DEBUG] ## ('从数据库获取apk链接写入日志', [])
[2020-04-17 21:55:00,558][10304][log_file.py][line: 23][DEBUG] ## ('从数据库获取apk链接写入日志', [])
[2020-04-17 22:00:00,547][12100][log_file.py][line: 23][DEBUG] ## ('从数据库获取apk链接写入日志', [])
[2020-04-17 22:05:00,550][10100][log_file.py][line: 23][DEBUG] ## ('从数据库获取apk链接写入日志', [])
[2020-04-17 22:10:00,551][9984][log_file.py][line: 23][DEBUG] ## ('从数据库获取apk链接写入日志', [])
[2020-04-17 22:15:00,571][5376][log_file.py][line: 23][DEBUG] ## ('从数据库获取apk链接写入日志', [])
[2020-04-17 22:20:00,565][12092][log_file.py][line: 23][DEBUG] ## ('从数据库获取apk链接写入日志', [])
[2020-04-17 22:25:02,471][11536][log_file.py][line: 23][DEBUG] ## ('从数据库获取apk链接写入日志', [])
[2020-04-17 22:30:00,647][10532][log_file.py][line: 23][DEBUG] ## ('从数据库获取apk链接写入日志', [])
[2020-04-17 22:35:00,548][11228][log_file.py][line: 23][DEBUG] ## ('从数据库获取apk链接写入日志', [])
[2020-04-17 22:40:00,522][11000][log_file.py][line: 23][DEBUG] ## ('从数据库获取apk链接写入日志', [])
[2020-04-17 22:45:00,505][2708][log_file.py][line: 23][DEBUG] ## ('从数据库获取apk链接写入日志', [])
[2020-04-17 22:50:00,543][9028][log_file.py][line: 23][DEBUG] ## ('从数据库获取apk链接写入日志', [])
[2020-04-17 22:55:00,506][11724][log_file.py][line: 23][DEBUG] ## ('从数据库获取apk链接写入日志', [])
[2020-04-17 23:00:00,564][10544][log_file.py][line: 23][DEBUG] ## ('从数据库获取apk链接写入日志', [])
[2020-04-17 23:05:00,623][11024][log_file.py][line: 23][DEBUG] ## ('从数据库获取apk链接写入日志', [])
[2020-04-17 23:10:00,527][12072][log_file.py][line: 23][DEBUG] ## ('从数据库获取apk链接写入日志', [])
[2020-04-17 23:15:00,615][11796][log_file.py][line: 23][DEBUG] ## ('从数据库获取apk链接写入日志', [])
[2020-04-17 23:20:00,542][2760][log_file.py][line: 23][DEBUG] ## ('从数据库获取apk链接写入日志', [])
[2020-04-17 23:25:00,523][8844][log_file.py][line: 23][DEBUG] ## ('从数据库获取apk链接写入日志', [])
[2020-04-17 23:30:00,495][11624][log_file.py][line: 23][DEBUG] ## ('从数据库获取apk链接写入日志', [])
[2020-04-17 23:35:00,526][11496][log_file.py][line: 23][DEBUG] ## ('从数据库获取apk链接写入日志', [])
[2020-04-17 23:40:00,526][11456][log_file.py][line: 23][DEBUG] ## ('从数据库获取apk链接写入日志', [])
[2020-04-17 23:45:00,529][8772][log_file.py][line: 23][DEBUG] ## ('从数据库获取apk链接写入日志', [])
[2020-04-17 23:50:00,528][10472][log_file.py][line: 23][DEBUG] ## ('从数据库获取apk链接写入日志', [])
[2020-04-17 23:55:00,545][2608][log_file.py][line: 23][DEBUG] ## ('从数据库获取apk链接写入日志', [])
