[2020-06-12 00:00:00,735][33288][log_file.py][line: 23][DEBUG] ## ('从数据库获取apk链接写入日志', [])
[2020-06-12 00:05:00,724][2716][log_file.py][line: 23][DEBUG] ## ('从数据库获取apk链接写入日志', [])
[2020-06-12 00:10:00,717][12932][log_file.py][line: 23][DEBUG] ## ('从数据库获取apk链接写入日志', [])
[2020-06-12 00:15:00,858][4552][log_file.py][line: 23][DEBUG] ## ('从数据库获取apk链接写入日志', [])
[2020-06-12 00:20:00,710][23616][log_file.py][line: 23][DEBUG] ## ('从数据库获取apk链接写入日志', [])
[2020-06-12 00:25:00,685][35440][log_file.py][line: 23][DEBUG] ## ('从数据库获取apk链接写入日志', [])
[2020-06-12 00:30:00,727][6428][log_file.py][line: 23][DEBUG] ## ('从数据库获取apk链接写入日志', [])
[2020-06-12 00:35:00,706][14592][log_file.py][line: 23][DEBUG] ## ('从数据库获取apk链接写入日志', [])
[2020-06-12 00:40:00,733][9316][log_file.py][line: 23][DEBUG] ## ('从数据库获取apk链接写入日志', [])
[2020-06-12 00:45:00,879][21532][log_file.py][line: 23][DEBUG] ## ('从数据库获取apk链接写入日志', [])
[2020-06-12 00:50:00,726][17888][log_file.py][line: 23][DEBUG] ## ('从数据库获取apk链接写入日志', [])
[2020-06-12 00:55:00,750][28272][log_file.py][line: 23][DEBUG] ## ('从数据库获取apk链接写入日志', [])
[2020-06-12 01:00:00,706][28196][log_file.py][line: 23][DEBUG] ## ('从数据库获取apk链接写入日志', [])
[2020-06-12 01:05:00,714][12172][log_file.py][line: 23][DEBUG] ## ('从数据库获取apk链接写入日志', [])
[2020-06-12 01:10:00,698][16680][log_file.py][line: 23][DEBUG] ## ('从数据库获取apk链接写入日志', [])
[2020-06-12 01:15:00,698][35564][log_file.py][line: 23][DEBUG] ## ('从数据库获取apk链接写入日志', [])
[2020-06-12 01:20:00,758][21896][log_file.py][line: 23][DEBUG] ## ('从数据库获取apk链接写入日志', [])
[2020-06-12 01:25:00,714][20188][log_file.py][line: 23][DEBUG] ## ('从数据库获取apk链接写入日志', [])
[2020-06-12 01:30:00,724][28940][log_file.py][line: 23][DEBUG] ## ('从数据库获取apk链接写入日志', [])
[2020-06-12 01:35:00,730][35132][log_file.py][line: 23][DEBUG] ## ('从数据库获取apk链接写入日志', [])
[2020-06-12 01:40:00,687][17620][log_file.py][line: 23][DEBUG] ## ('从数据库获取apk链接写入日志', [])
[2020-06-12 01:45:00,735][26976][log_file.py][line: 23][DEBUG] ## ('从数据库获取apk链接写入日志', [])
[2020-06-12 01:50:00,742][21920][log_file.py][line: 23][DEBUG] ## ('从数据库获取apk链接写入日志', [])
[2020-06-12 01:55:00,703][35064][log_file.py][line: 23][DEBUG] ## ('从数据库获取apk链接写入日志', [])
[2020-06-12 02:00:00,707][21824][log_file.py][line: 23][DEBUG] ## ('从数据库获取apk链接写入日志', [])
[2020-06-12 02:05:00,731][20332][log_file.py][line: 23][DEBUG] ## ('从数据库获取apk链接写入日志', [])
[2020-06-12 02:10:00,746][33188][log_file.py][line: 23][DEBUG] ## ('从数据库获取apk链接写入日志', [])
[2020-06-12 02:15:00,720][26276][log_file.py][line: 23][DEBUG] ## ('从数据库获取apk链接写入日志', [])
[2020-06-12 02:20:00,718][17944][log_file.py][line: 23][DEBUG] ## ('从数据库获取apk链接写入日志', [])
[2020-06-12 02:25:00,733][12488][log_file.py][line: 23][DEBUG] ## ('从数据库获取apk链接写入日志', [])
[2020-06-12 02:30:00,716][31320][log_file.py][line: 23][DEBUG] ## ('从数据库获取apk链接写入日志', [])
[2020-06-12 02:35:00,711][35592][log_file.py][line: 23][DEBUG] ## ('从数据库获取apk链接写入日志', [])
[2020-06-12 02:40:00,753][25212][log_file.py][line: 23][DEBUG] ## ('从数据库获取apk链接写入日志', [])
[2020-06-12 02:45:00,799][15860][log_file.py][line: 23][DEBUG] ## ('从数据库获取apk链接写入日志', [])
[2020-06-12 02:50:00,727][26004][log_file.py][line: 23][DEBUG] ## ('从数据库获取apk链接写入日志', [])
[2020-06-12 02:55:00,721][32860][log_file.py][line: 23][DEBUG] ## ('从数据库获取apk链接写入日志', [])
[2020-06-12 03:00:00,681][33820][log_file.py][line: 23][DEBUG] ## ('从数据库获取apk链接写入日志', [])
[2020-06-12 03:05:00,690][19236][log_file.py][line: 23][DEBUG] ## ('从数据库获取apk链接写入日志', [])
[2020-06-12 03:10:00,726][29728][log_file.py][line: 23][DEBUG] ## ('从数据库获取apk链接写入日志', [])
[2020-06-12 03:15:00,747][24264][log_file.py][line: 23][DEBUG] ## ('从数据库获取apk链接写入日志', [])
[2020-06-12 03:20:00,697][29524][log_file.py][line: 23][DEBUG] ## ('从数据库获取apk链接写入日志', [])
[2020-06-12 03:25:00,702][22448][log_file.py][line: 23][DEBUG] ## ('从数据库获取apk链接写入日志', [])
[2020-06-12 03:30:00,700][20772][log_file.py][line: 23][DEBUG] ## ('从数据库获取apk链接写入日志', [])
[2020-06-12 03:35:00,715][12920][log_file.py][line: 23][DEBUG] ## ('从数据库获取apk链接写入日志', [])
[2020-06-12 03:40:00,710][30384][log_file.py][line: 23][DEBUG] ## ('从数据库获取apk链接写入日志', [])
[2020-06-12 03:45:00,722][23828][log_file.py][line: 23][DEBUG] ## ('从数据库获取apk链接写入日志', [])
[2020-06-12 03:50:00,766][20608][log_file.py][line: 23][DEBUG] ## ('从数据库获取apk链接写入日志', [])
[2020-06-12 03:55:00,702][6032][log_file.py][line: 23][DEBUG] ## ('从数据库获取apk链接写入日志', [])
[2020-06-12 04:00:00,711][27676][log_file.py][line: 23][DEBUG] ## ('从数据库获取apk链接写入日志', [])
[2020-06-12 04:05:00,738][21152][log_file.py][line: 23][DEBUG] ## ('从数据库获取apk链接写入日志', [])
[2020-06-12 04:10:00,705][32796][log_file.py][line: 23][DEBUG] ## ('从数据库获取apk链接写入日志', [])
[2020-06-12 04:15:00,714][34756][log_file.py][line: 23][DEBUG] ## ('从数据库获取apk链接写入日志', [])
[2020-06-12 04:20:00,710][21608][log_file.py][line: 23][DEBUG] ## ('从数据库获取apk链接写入日志', [])
[2020-06-12 04:25:00,711][26056][log_file.py][line: 23][DEBUG] ## ('从数据库获取apk链接写入日志', [])
[2020-06-12 04:30:00,720][23132][log_file.py][line: 23][DEBUG] ## ('从数据库获取apk链接写入日志', [])
[2020-06-12 04:35:00,744][7504][log_file.py][line: 23][DEBUG] ## ('从数据库获取apk链接写入日志', [])
[2020-06-12 04:40:00,752][28100][log_file.py][line: 23][DEBUG] ## ('从数据库获取apk链接写入日志', [])
[2020-06-12 04:45:00,835][6500][log_file.py][line: 23][DEBUG] ## ('从数据库获取apk链接写入日志', [])
[2020-06-12 04:50:00,722][30296][log_file.py][line: 23][DEBUG] ## ('从数据库获取apk链接写入日志', [])
[2020-06-12 04:55:00,715][9316][log_file.py][line: 23][DEBUG] ## ('从数据库获取apk链接写入日志', [])
[2020-06-12 05:00:00,700][17392][log_file.py][line: 23][DEBUG] ## ('从数据库获取apk链接写入日志', [])
[2020-06-12 05:05:00,708][13192][log_file.py][line: 23][DEBUG] ## ('从数据库获取apk链接写入日志', [])
[2020-06-12 05:10:00,707][14328][log_file.py][line: 23][DEBUG] ## ('从数据库获取apk链接写入日志', [])
[2020-06-12 05:15:00,741][32832][log_file.py][line: 23][DEBUG] ## ('从数据库获取apk链接写入日志', [])
[2020-06-12 05:20:00,736][24104][log_file.py][line: 23][DEBUG] ## ('从数据库获取apk链接写入日志', [])
[2020-06-12 05:25:00,744][10120][log_file.py][line: 23][DEBUG] ## ('从数据库获取apk链接写入日志', [])
[2020-06-12 05:30:00,702][10496][log_file.py][line: 23][DEBUG] ## ('从数据库获取apk链接写入日志', [])
[2020-06-12 05:35:00,724][30804][log_file.py][line: 23][DEBUG] ## ('从数据库获取apk链接写入日志', [])
[2020-06-12 05:40:00,702][9552][log_file.py][line: 23][DEBUG] ## ('从数据库获取apk链接写入日志', [])
[2020-06-12 05:45:00,753][17268][log_file.py][line: 23][DEBUG] ## ('从数据库获取apk链接写入日志', [])
[2020-06-12 05:50:00,718][18752][log_file.py][line: 23][DEBUG] ## ('从数据库获取apk链接写入日志', [])
[2020-06-12 05:55:00,748][27208][log_file.py][line: 23][DEBUG] ## ('从数据库获取apk链接写入日志', [])
[2020-06-12 06:00:00,706][19380][log_file.py][line: 23][DEBUG] ## ('从数据库获取apk链接写入日志', [])
[2020-06-12 06:05:00,717][23360][log_file.py][line: 23][DEBUG] ## ('从数据库获取apk链接写入日志', [])
[2020-06-12 06:10:00,722][32032][log_file.py][line: 23][DEBUG] ## ('从数据库获取apk链接写入日志', [])
[2020-06-12 06:15:00,725][18492][log_file.py][line: 23][DEBUG] ## ('从数据库获取apk链接写入日志', [])
[2020-06-12 06:20:00,728][20132][log_file.py][line: 23][DEBUG] ## ('从数据库获取apk链接写入日志', [])
[2020-06-12 06:25:00,718][18664][log_file.py][line: 23][DEBUG] ## ('从数据库获取apk链接写入日志', [])
[2020-06-12 06:30:00,715][18040][log_file.py][line: 23][DEBUG] ## ('从数据库获取apk链接写入日志', [])
[2020-06-12 06:35:00,732][30164][log_file.py][line: 23][DEBUG] ## ('从数据库获取apk链接写入日志', [])
[2020-06-12 06:40:00,750][26488][log_file.py][line: 23][DEBUG] ## ('从数据库获取apk链接写入日志', [])
[2020-06-12 06:45:00,805][28704][log_file.py][line: 23][DEBUG] ## ('从数据库获取apk链接写入日志', [])
[2020-06-12 06:50:00,688][22940][log_file.py][line: 23][DEBUG] ## ('从数据库获取apk链接写入日志', [])
[2020-06-12 06:55:00,709][34504][log_file.py][line: 23][DEBUG] ## ('从数据库获取apk链接写入日志', [])
[2020-06-12 07:00:00,725][32856][log_file.py][line: 23][DEBUG] ## ('从数据库获取apk链接写入日志', [])
[2020-06-12 07:05:00,720][35552][log_file.py][line: 23][DEBUG] ## ('从数据库获取apk链接写入日志', [])
[2020-06-12 07:10:00,716][29784][log_file.py][line: 23][DEBUG] ## ('从数据库获取apk链接写入日志', [])
[2020-06-12 07:15:00,718][35052][log_file.py][line: 23][DEBUG] ## ('从数据库获取apk链接写入日志', [])
[2020-06-12 07:20:00,714][24180][log_file.py][line: 23][DEBUG] ## ('从数据库获取apk链接写入日志', [])
[2020-06-12 07:25:00,761][25308][log_file.py][line: 23][DEBUG] ## ('从数据库获取apk链接写入日志', [])
[2020-06-12 07:30:00,727][32856][log_file.py][line: 23][DEBUG] ## ('从数据库获取apk链接写入日志', [])
[2020-06-12 07:35:00,732][24992][log_file.py][line: 23][DEBUG] ## ('从数据库获取apk链接写入日志', [])
[2020-06-12 07:40:00,718][30588][log_file.py][line: 23][DEBUG] ## ('从数据库获取apk链接写入日志', [])
[2020-06-12 07:45:00,718][28480][log_file.py][line: 23][DEBUG] ## ('从数据库获取apk链接写入日志', [])
[2020-06-12 07:50:00,687][15948][log_file.py][line: 23][DEBUG] ## ('从数据库获取apk链接写入日志', [])
[2020-06-12 07:55:00,714][28088][log_file.py][line: 23][DEBUG] ## ('从数据库获取apk链接写入日志', [])
[2020-06-12 08:00:00,773][17404][log_file.py][line: 23][DEBUG] ## ('从数据库获取apk链接写入日志', [])
[2020-06-12 08:05:00,765][26280][log_file.py][line: 23][DEBUG] ## ('从数据库获取apk链接写入日志', [])
[2020-06-12 08:10:00,725][15948][log_file.py][line: 23][DEBUG] ## ('从数据库获取apk链接写入日志', [])
[2020-06-12 08:15:00,764][14168][log_file.py][line: 23][DEBUG] ## ('从数据库获取apk链接写入日志', [])
[2020-06-12 08:20:00,698][21148][log_file.py][line: 23][DEBUG] ## ('从数据库获取apk链接写入日志', [])
[2020-06-12 08:25:00,757][35856][log_file.py][line: 23][DEBUG] ## ('从数据库获取apk链接写入日志', [])
[2020-06-12 08:30:00,731][26056][log_file.py][line: 23][DEBUG] ## ('从数据库获取apk链接写入日志', [])
[2020-06-12 08:35:00,707][36088][log_file.py][line: 23][DEBUG] ## ('从数据库获取apk链接写入日志', [])
[2020-06-12 08:40:00,702][36188][log_file.py][line: 23][DEBUG] ## ('从数据库获取apk链接写入日志', [])
[2020-06-12 08:45:00,711][36156][log_file.py][line: 23][DEBUG] ## ('从数据库获取apk链接写入日志', [])
[2020-06-12 08:50:00,710][36436][log_file.py][line: 23][DEBUG] ## ('从数据库获取apk链接写入日志', [])
[2020-06-12 08:55:00,850][4036][log_file.py][line: 23][DEBUG] ## ('从数据库获取apk链接写入日志', [])
[2020-06-12 09:00:00,729][36436][log_file.py][line: 23][DEBUG] ## ('从数据库获取apk链接写入日志', [])
[2020-06-12 09:05:00,722][36812][log_file.py][line: 23][DEBUG] ## ('从数据库获取apk链接写入日志', [])
[2020-06-12 09:10:00,688][36528][log_file.py][line: 23][DEBUG] ## ('从数据库获取apk链接写入日志', [])
[2020-06-12 09:15:01,079][36400][log_file.py][line: 23][DEBUG] ## ('从数据库获取apk链接写入日志', [])
[2020-06-12 09:20:00,935][12688][log_file.py][line: 23][DEBUG] ## ('从数据库获取apk链接写入日志', [])
[2020-06-12 09:25:01,043][37376][log_file.py][line: 23][DEBUG] ## ('从数据库获取apk链接写入日志', [])
[2020-06-12 09:30:00,733][14736][log_file.py][line: 23][DEBUG] ## ('从数据库获取apk链接写入日志', [])
[2020-06-12 09:35:00,854][36484][log_file.py][line: 23][DEBUG] ## ('从数据库获取apk链接写入日志', [])
[2020-06-12 09:40:00,776][37732][log_file.py][line: 23][DEBUG] ## ('从数据库获取apk链接写入日志', [])
[2020-06-12 09:45:00,770][37052][log_file.py][line: 23][DEBUG] ## ('从数据库获取apk链接写入日志', [])
[2020-06-12 09:50:00,783][37440][log_file.py][line: 23][DEBUG] ## ('从数据库获取apk链接写入日志', [])
[2020-06-12 09:55:00,771][37460][log_file.py][line: 23][DEBUG] ## ('从数据库获取apk链接写入日志', [])
[2020-06-12 10:00:00,732][37024][log_file.py][line: 23][DEBUG] ## ('从数据库获取apk链接写入日志', [])
[2020-06-12 10:05:00,732][36452][log_file.py][line: 23][DEBUG] ## ('从数据库获取apk链接写入日志', [])
[2020-06-12 10:10:00,839][37132][log_file.py][line: 23][DEBUG] ## ('从数据库获取apk链接写入日志', [])
[2020-06-12 10:15:00,777][36176][log_file.py][line: 23][DEBUG] ## ('从数据库获取apk链接写入日志', [])
[2020-06-12 10:20:00,787][36020][log_file.py][line: 23][DEBUG] ## ('从数据库获取apk链接写入日志', [])
[2020-06-12 10:25:00,757][37620][log_file.py][line: 23][DEBUG] ## ('从数据库获取apk链接写入日志', [])
[2020-06-12 10:30:00,772][37028][log_file.py][line: 23][DEBUG] ## ('从数据库获取apk链接写入日志', [])
[2020-06-12 10:35:00,804][36752][log_file.py][line: 23][DEBUG] ## ('从数据库获取apk链接写入日志', [])
[2020-06-12 10:40:00,756][38332][log_file.py][line: 23][DEBUG] ## ('从数据库获取apk链接写入日志', [])
[2020-06-12 10:45:00,738][17920][log_file.py][line: 23][DEBUG] ## ('从数据库获取apk链接写入日志', [])
[2020-06-12 10:50:00,905][38312][log_file.py][line: 23][DEBUG] ## ('从数据库获取apk链接写入日志', [])
[2020-06-12 10:55:00,942][38840][log_file.py][line: 23][DEBUG] ## ('从数据库获取apk链接写入日志', [])
[2020-06-12 11:00:00,747][11572][log_file.py][line: 23][DEBUG] ## ('从数据库获取apk链接写入日志', [])
[2020-06-12 11:05:00,731][37196][log_file.py][line: 23][DEBUG] ## ('从数据库获取apk链接写入日志', [])
[2020-06-12 11:10:00,949][38488][log_file.py][line: 23][DEBUG] ## ('从数据库获取apk链接写入日志', ['http://pkg.superdalan.com/game.pkg/download?pkgId=2346&f=rongyao26_rongyao_android_48_1.0.0_20200612_110915.apk', 'http://pkg.superdalan.com/game.pkg/download?pkgId=2349&f=rongyao22_rongyao_android_48_1.0.0_20200612_110808.apk'])
[2020-06-12 11:15:00,798][37848][log_file.py][line: 23][DEBUG] ## ('从数据库获取apk链接写入日志', ['http://pkg.superdalan.com/game.pkg/download?pkgId=2346&f=rongyao26_rongyao_android_48_1.0.0_20200612_110915.apk', 'http://pkg.superdalan.com/game.pkg/download?pkgId=2349&f=rongyao22_rongyao_android_48_1.0.0_20200612_110808.apk'])
[2020-06-12 11:20:00,702][30540][log_file.py][line: 23][DEBUG] ## ('从数据库获取apk链接写入日志', ['http://pkg.superdalan.com/game.pkg/download?pkgId=2346&f=rongyao26_rongyao_android_48_1.0.0_20200612_110915.apk', 'http://pkg.superdalan.com/game.pkg/download?pkgId=2349&f=rongyao22_rongyao_android_48_1.0.0_20200612_110808.apk'])
[2020-06-12 11:21:52,528][36644][log_file.py][line: 23][DEBUG] ## ('-----------b5940085___20200612_110915.apk----节点1-----------下载校验结果：True',)
[2020-06-12 11:21:52,794][38536][log_file.py][line: 23][DEBUG] ## ('-----------54a4c6159804___20200612_110808.apk----节点1-----------下载校验结果：True',)
[2020-06-12 11:22:33,208][36644][log_file.py][line: 23][DEBUG] ## ('---------b5940085___20200612_110915.apk-------节点2------安装返回结果：True',)
[2020-06-12 11:22:37,362][36644][log_file.py][line: 23][DEBUG] ## ('--------b5940085___20200612_110915.apk---节点3--------后台没有配置素材无需校验',)
[2020-06-12 11:22:37,465][38536][log_file.py][line: 23][DEBUG] ## ('---------54a4c6159804___20200612_110808.apk-------节点2------安装返回结果：True',)
[2020-06-12 11:22:37,722][38536][log_file.py][line: 23][DEBUG] ## ('--------54a4c6159804___20200612_110808.apk---节点3--------后台没有配置素材无需校验',)
[2020-06-12 11:22:42,570][36644][log_file.py][line: 23][DEBUG] ## ('b5940085___20200612_110915.apk_非Dalan_Dsdk渠道包，不走自动化流程',)
[2020-06-12 11:22:42,923][38536][log_file.py][line: 23][DEBUG] ## ('54a4c6159804___20200612_110808.apk_非Dalan_Dsdk渠道包，不走自动化流程',)
[2020-06-12 11:25:00,727][17920][log_file.py][line: 23][DEBUG] ## ('从数据库获取apk链接写入日志', [])
[2020-06-12 11:30:00,793][38476][log_file.py][line: 23][DEBUG] ## ('从数据库获取apk链接写入日志', [])
[2020-06-12 11:35:00,811][38368][log_file.py][line: 23][DEBUG] ## ('从数据库获取apk链接写入日志', [])
[2020-06-12 11:40:00,784][38448][log_file.py][line: 23][DEBUG] ## ('从数据库获取apk链接写入日志', [])
[2020-06-12 11:45:00,793][38628][log_file.py][line: 23][DEBUG] ## ('从数据库获取apk链接写入日志', [])
[2020-06-12 11:50:00,738][39044][log_file.py][line: 23][DEBUG] ## ('从数据库获取apk链接写入日志', [])
[2020-06-12 11:55:00,744][38272][log_file.py][line: 23][DEBUG] ## ('从数据库获取apk链接写入日志', [])
[2020-06-12 12:00:00,798][38404][log_file.py][line: 23][DEBUG] ## ('从数据库获取apk链接写入日志', [])
[2020-06-12 12:05:00,793][4040][log_file.py][line: 23][DEBUG] ## ('从数据库获取apk链接写入日志', [])
[2020-06-12 12:10:00,741][39808][log_file.py][line: 23][DEBUG] ## ('从数据库获取apk链接写入日志', [])
[2020-06-12 12:15:00,728][39452][log_file.py][line: 23][DEBUG] ## ('从数据库获取apk链接写入日志', [])
[2020-06-12 12:20:00,729][39276][log_file.py][line: 23][DEBUG] ## ('从数据库获取apk链接写入日志', [])
[2020-06-12 12:25:00,713][39888][log_file.py][line: 23][DEBUG] ## ('从数据库获取apk链接写入日志', [])
[2020-06-12 12:30:00,752][35388][log_file.py][line: 23][DEBUG] ## ('从数据库获取apk链接写入日志', [])
[2020-06-12 12:35:00,723][39328][log_file.py][line: 23][DEBUG] ## ('从数据库获取apk链接写入日志', [])
[2020-06-12 12:40:00,755][39608][log_file.py][line: 23][DEBUG] ## ('从数据库获取apk链接写入日志', ['http://pkg.superdalan.com/game.pkg/download?pkgId=2830&f=chwyly1_dalan_lenovo_74_1_20200612_124125.apk'])
[2020-06-12 12:41:02,284][39556][log_file.py][line: 23][DEBUG] ## ('-----------b5940085___20200612_124125.apk----节点1-----------下载校验结果：True',)
[2020-06-12 12:41:19,906][39556][log_file.py][line: 23][DEBUG] ## ('---------b5940085___20200612_124125.apk-------节点2------安装返回结果：True',)
[2020-06-12 12:41:48,125][39556][log_file.py][line: 23][DEBUG] ## ("------------b5940085___20200612_124125.apk----节点3---------拆包校验结果：True:['4713d8e70bbb13ab290f4d921fd35bea.jpg', '99248f9a7d9afa22a9478f06a6364da7.jpg', 'd878ce0f1948a4f83c3adeb29298c88a.jpg']",)
[2020-06-12 12:41:48,867][39556][log_file.py][line: 23][DEBUG] ## ('b5940085___20200612_124125.apk_非Dalan_Dsdk渠道包，不走自动化流程',)
[2020-06-12 12:45:00,748][39548][log_file.py][line: 23][DEBUG] ## ('从数据库获取apk链接写入日志', [])
[2020-06-12 12:50:00,766][39892][log_file.py][line: 23][DEBUG] ## ('从数据库获取apk链接写入日志', [])
[2020-06-12 12:55:00,725][39236][log_file.py][line: 23][DEBUG] ## ('从数据库获取apk链接写入日志', [])
[2020-06-12 13:00:00,740][37752][log_file.py][line: 23][DEBUG] ## ('从数据库获取apk链接写入日志', [])
[2020-06-12 13:05:00,744][38960][log_file.py][line: 23][DEBUG] ## ('从数据库获取apk链接写入日志', [])
[2020-06-12 13:10:00,801][39816][log_file.py][line: 23][DEBUG] ## ('从数据库获取apk链接写入日志', [])
[2020-06-12 13:15:02,499][39236][log_file.py][line: 23][DEBUG] ## ('从数据库获取apk链接写入日志', [])
[2020-06-12 13:20:01,499][40900][log_file.py][line: 23][DEBUG] ## ('从数据库获取apk链接写入日志', [])
[2020-06-12 13:25:00,747][40864][log_file.py][line: 23][DEBUG] ## ('从数据库获取apk链接写入日志', [])
[2020-06-12 13:30:00,775][40488][log_file.py][line: 23][DEBUG] ## ('从数据库获取apk链接写入日志', [])
[2020-06-12 13:35:00,833][37112][log_file.py][line: 23][DEBUG] ## ('从数据库获取apk链接写入日志', [])
[2020-06-12 13:40:00,781][40608][log_file.py][line: 23][DEBUG] ## ('从数据库获取apk链接写入日志', [])
[2020-06-12 13:45:00,765][40796][log_file.py][line: 23][DEBUG] ## ('从数据库获取apk链接写入日志', [])
[2020-06-12 13:50:00,750][36084][log_file.py][line: 23][DEBUG] ## ('从数据库获取apk链接写入日志', [])
[2020-06-12 13:55:00,787][39332][log_file.py][line: 23][DEBUG] ## ('从数据库获取apk链接写入日志', [])
[2020-06-12 14:00:00,772][35920][log_file.py][line: 23][DEBUG] ## ('从数据库获取apk链接写入日志', [])
[2020-06-12 14:05:00,821][39588][log_file.py][line: 23][DEBUG] ## ('从数据库获取apk链接写入日志', [])
[2020-06-12 14:10:00,751][40340][log_file.py][line: 23][DEBUG] ## ('从数据库获取apk链接写入日志', [])
[2020-06-12 14:15:00,710][40884][log_file.py][line: 23][DEBUG] ## ('从数据库获取apk链接写入日志', [])
[2020-06-12 14:20:00,735][40388][log_file.py][line: 23][DEBUG] ## ('从数据库获取apk链接写入日志', [])
[2020-06-12 14:25:00,764][32880][log_file.py][line: 23][DEBUG] ## ('从数据库获取apk链接写入日志', [])
[2020-06-12 14:30:00,748][40296][log_file.py][line: 23][DEBUG] ## ('从数据库获取apk链接写入日志', [])
[2020-06-12 14:35:00,742][37420][log_file.py][line: 23][DEBUG] ## ('从数据库获取apk链接写入日志', [])
[2020-06-12 14:39:26,462][40124][log_file.py][line: 23][DEBUG] ## ('从数据库获取apk链接写入日志', ['http://pkg.superdalan.com/game.pkg/download?pkgId=2857&f=fzzjhxjygdt_dalan_xy_dsdk_61_1.0.0_20200603_171128.apk', 'http://pkg.superdalan.com/game.pkg/download?pkgId=2898&f=shjbtbgdtlmb_dalan_dsdk_48_1.0.0_20200612_144107.apk'])
[2020-06-12 14:39:38,207][23464][log_file.py][line: 23][DEBUG] ## ('-----------54a4c6159804___20200603_171128.apk----节点1-----------下载校验结果：True',)
[2020-06-12 14:39:59,871][23464][log_file.py][line: 23][DEBUG] ## ('---------54a4c6159804___20200603_171128.apk-------节点2------安装返回结果：True',)
[2020-06-12 14:40:00,892][40092][log_file.py][line: 23][DEBUG] ## ('从数据库获取apk链接写入日志', ['http://pkg.superdalan.com/game.pkg/download?pkgId=2857&f=fzzjhxjygdt_dalan_xy_dsdk_61_1.0.0_20200603_171128.apk', 'http://pkg.superdalan.com/game.pkg/download?pkgId=2898&f=shjbtbgdtlmb_dalan_dsdk_48_1.0.0_20200612_144107.apk', 'http://pkg.superdalan.com/game.pkg/download?pkgId=2907&f=shjyszwzjhtt_dalan_dsdk_48_1.0.0_20200612_144222.apk'])
[2020-06-12 14:40:28,011][34972][log_file.py][line: 23][DEBUG] ## ('-----------54a4c6159804___20200612_144107.apk----节点1-----------下载校验结果：True',)
[2020-06-12 14:41:17,105][39460][log_file.py][line: 23][DEBUG] ## ('从数据库获取apk链接写入日志', ['http://pkg.superdalan.com/game.pkg/download?pkgId=2857&f=fzzjhxjygdt_dalan_xy_dsdk_61_1.0.0_20200603_171128.apk'])
[2020-06-12 14:41:21,797][40180][log_file.py][line: 23][DEBUG] ## ('-----------54a4c6159804___20200603_171128.apk----节点1-----------下载校验结果：True',)
[2020-06-12 14:41:43,265][40180][log_file.py][line: 23][DEBUG] ## ('---------54a4c6159804___20200603_171128.apk-------节点2------安装返回结果：True',)
[2020-06-12 14:41:45,780][40180][log_file.py][line: 23][DEBUG] ## ("------------54a4c6159804___20200603_171128.apk----节点3---------拆包校验结果：True:['1806f9fb87af74555c0b39c14f1b9753.jpg']",)
[2020-06-12 14:43:47,405][39812][log_file.py][line: 23][DEBUG] ## ('从数据库获取apk链接写入日志', ['http://pkg.superdalan.com/game.pkg/download?pkgId=2857&f=fzzjhxjygdt_dalan_xy_dsdk_61_1.0.0_20200603_171128.apk'])
[2020-06-12 14:43:52,234][40128][log_file.py][line: 23][DEBUG] ## ('-----------54a4c6159804___20200603_171128.apk----节点1-----------下载校验结果：True',)
[2020-06-12 14:44:03,793][40128][log_file.py][line: 23][DEBUG] ## ('---------54a4c6159804___20200603_171128.apk-------节点2------安装返回结果：True',)
[2020-06-12 14:44:05,453][40128][log_file.py][line: 23][DEBUG] ## ("------------54a4c6159804___20200603_171128.apk----节点3---------拆包校验结果：True:['1806f9fb87af74555c0b39c14f1b9753.jpg']",)
[2020-06-12 14:45:00,763][40640][log_file.py][line: 23][DEBUG] ## ('从数据库获取apk链接写入日志', ['http://pkg.superdalan.com/game.pkg/download?pkgId=2857&f=fzzjhxjygdt_dalan_xy_dsdk_61_1.0.0_20200603_171128.apk'])
[2020-06-12 14:45:14,194][39020][log_file.py][line: 23][DEBUG] ## ('从数据库获取apk链接写入日志', ['http://pkg.superdalan.com/game.pkg/download?pkgId=2857&f=fzzjhxjygdt_dalan_xy_dsdk_61_1.0.0_20200603_171128.apk'])
[2020-06-12 14:45:18,676][40292][log_file.py][line: 23][DEBUG] ## ('-----------54a4c6159804___20200603_171128.apk----节点1-----------下载校验结果：True',)
[2020-06-12 14:45:30,407][40292][log_file.py][line: 23][DEBUG] ## ('---------54a4c6159804___20200603_171128.apk-------节点2------安装返回结果：True',)
[2020-06-12 14:45:33,043][40292][log_file.py][line: 23][DEBUG] ## ("------------54a4c6159804___20200603_171128.apk----节点3---------拆包校验结果：True:['1806f9fb87af74555c0b39c14f1b9753.jpg']",)
[2020-06-12 14:46:16,993][40292][log_file.py][line: 23][DEBUG] ## ('-----------54a4c6159804___20200603_171128.apk----节点4----------打开游戏结果:True',)
[2020-06-12 14:46:45,089][40292][log_file.py][line: 23][DEBUG] ## ('-----------54a4c6159804___20200603_171128.apk----节点5----------登录游戏结果:False',)
[2020-06-12 14:50:00,713][40100][log_file.py][line: 23][DEBUG] ## ('从数据库获取apk链接写入日志', ['http://pkg.superdalan.com/game.pkg/download?pkgId=2857&f=fzzjhxjygdt_dalan_xy_dsdk_61_1.0.0_20200603_171128.apk'])
[2020-06-12 14:50:20,096][40192][log_file.py][line: 23][DEBUG] ## ('从数据库获取apk链接写入日志', ['http://pkg.superdalan.com/game.pkg/download?pkgId=2857&f=fzzjhxjygdt_dalan_xy_dsdk_61_1.0.0_20200603_171128.apk'])
[2020-06-12 14:50:24,759][38868][log_file.py][line: 23][DEBUG] ## ('-----------54a4c6159804___20200603_171128.apk----节点1-----------下载校验结果：True',)
[2020-06-12 14:50:36,783][38868][log_file.py][line: 23][DEBUG] ## ('---------54a4c6159804___20200603_171128.apk-------节点2------安装返回结果：True',)
[2020-06-12 14:50:39,272][38868][log_file.py][line: 23][DEBUG] ## ("------------54a4c6159804___20200603_171128.apk----节点3---------拆包校验结果：True:['1806f9fb87af74555c0b39c14f1b9753.jpg']",)
[2020-06-12 14:51:23,533][38868][log_file.py][line: 23][DEBUG] ## ('-----------54a4c6159804___20200603_171128.apk----节点4----------打开游戏结果:True',)
[2020-06-12 14:52:16,087][38868][log_file.py][line: 23][DEBUG] ## ('-----------54a4c6159804___20200603_171128.apk----节点5----------登录游戏结果:True',)
[2020-06-12 14:52:52,374][38868][log_file.py][line: 23][DEBUG] ## ('------54a4c6159804___20200603_171128.apk---节点6-------下单调起微信结果:True',)
[2020-06-12 14:55:00,799][33548][log_file.py][line: 23][DEBUG] ## ('从数据库获取apk链接写入日志', ['http://pkg.superdalan.com/game.pkg/download?pkgId=2898&f=shjbtbgdtlmb_dalan_dsdk_48_1.0.0_20200612_144107.apk'])
[2020-06-12 14:55:38,488][40028][log_file.py][line: 23][DEBUG] ## ('-----------54a4c6159804___20200612_144107.apk----节点1-----------下载校验结果：True',)
[2020-06-12 14:56:16,119][40028][log_file.py][line: 23][DEBUG] ## ('---------54a4c6159804___20200612_144107.apk-------节点2------安装返回结果：True',)
[2020-06-12 14:56:28,050][40028][log_file.py][line: 23][DEBUG] ## ("------------54a4c6159804___20200612_144107.apk----节点3---------拆包校验结果：True:['76ab9b853e4b1ac48c66b7caf9d0d898.jpg', 'a309441de6e6f702c28141ede88678a4.jpg']",)
[2020-06-12 14:57:28,651][40028][log_file.py][line: 23][DEBUG] ## ('-----------54a4c6159804___20200612_144107.apk----节点4----------打开游戏结果:True',)
[2020-06-12 14:58:27,344][40028][log_file.py][line: 23][DEBUG] ## ('-----------54a4c6159804___20200612_144107.apk----节点5----------登录游戏结果:True',)
[2020-06-12 14:59:19,028][40028][log_file.py][line: 23][DEBUG] ## ('------54a4c6159804___20200612_144107.apk---节点6-------下单调起微信结果:True',)
[2020-06-12 15:00:00,739][38860][log_file.py][line: 23][DEBUG] ## ('从数据库获取apk链接写入日志', [])
[2020-06-12 15:05:00,753][27600][log_file.py][line: 23][DEBUG] ## ('从数据库获取apk链接写入日志', [])
[2020-06-12 15:10:00,794][36968][log_file.py][line: 23][DEBUG] ## ('从数据库获取apk链接写入日志', [])
[2020-06-12 15:15:00,746][36736][log_file.py][line: 23][DEBUG] ## ('从数据库获取apk链接写入日志', [])
[2020-06-12 15:16:59,916][40432][log_file.py][line: 23][DEBUG] ## ('从数据库获取apk链接写入日志', ['http://pkg.superdalan.com/game.pkg/download?pkgId=2857&f=fzzjhxjygdt_dalan_xy_dsdk_61_1.0.0_20200603_171128.apk'])
[2020-06-12 15:17:06,413][36352][log_file.py][line: 23][DEBUG] ## ('-----------QDY4C17818002168___20200603_171128.apk----节点1-----------下载校验结果：True',)
[2020-06-12 15:17:19,545][36352][log_file.py][line: 23][DEBUG] ## ('---------QDY4C17818002168___20200603_171128.apk-------节点2------安装返回结果：True',)
[2020-06-12 15:17:21,664][36352][log_file.py][line: 23][DEBUG] ## ("------------QDY4C17818002168___20200603_171128.apk----节点3---------拆包校验结果：True:['1806f9fb87af74555c0b39c14f1b9753.jpg']",)
[2020-06-12 15:18:11,804][36352][log_file.py][line: 23][DEBUG] ## ('-----------QDY4C17818002168___20200603_171128.apk----节点4----------打开游戏结果:True',)
[2020-06-12 15:19:10,880][36352][log_file.py][line: 23][DEBUG] ## ('-----------QDY4C17818002168___20200603_171128.apk----节点5----------登录游戏结果:True',)
[2020-06-12 15:20:00,750][38500][log_file.py][line: 23][DEBUG] ## ('从数据库获取apk链接写入日志', ['http://pkg.superdalan.com/game.pkg/download?pkgId=2857&f=fzzjhxjygdt_dalan_xy_dsdk_61_1.0.0_20200603_171128.apk'])
[2020-06-12 15:22:42,718][38940][log_file.py][line: 23][DEBUG] ## ('从数据库获取apk链接写入日志', ['http://pkg.superdalan.com/game.pkg/download?pkgId=2857&f=fzzjhxjygdt_dalan_xy_dsdk_61_1.0.0_20200603_171128.apk'])
[2020-06-12 15:22:47,717][40520][log_file.py][line: 23][DEBUG] ## ('-----------QDY4C17818002168___20200603_171128.apk----节点1-----------下载校验结果：True',)
[2020-06-12 15:23:01,179][40520][log_file.py][line: 23][DEBUG] ## ('---------QDY4C17818002168___20200603_171128.apk-------节点2------安装返回结果：True',)
[2020-06-12 15:23:02,814][40520][log_file.py][line: 23][DEBUG] ## ("------------QDY4C17818002168___20200603_171128.apk----节点3---------拆包校验结果：True:['1806f9fb87af74555c0b39c14f1b9753.jpg']",)
[2020-06-12 15:23:54,726][40520][log_file.py][line: 23][DEBUG] ## ('-----------QDY4C17818002168___20200603_171128.apk----节点4----------打开游戏结果:True',)
[2020-06-12 15:24:53,098][40520][log_file.py][line: 23][DEBUG] ## ('-----------QDY4C17818002168___20200603_171128.apk----节点5----------登录游戏结果:True',)
[2020-06-12 15:25:00,848][41156][log_file.py][line: 23][DEBUG] ## ('从数据库获取apk链接写入日志', ['http://pkg.superdalan.com/game.pkg/download?pkgId=2857&f=fzzjhxjygdt_dalan_xy_dsdk_61_1.0.0_20200603_171128.apk'])
[2020-06-12 15:25:31,301][40520][log_file.py][line: 23][DEBUG] ## ('------QDY4C17818002168___20200603_171128.apk---节点6-------下单调起微信结果:True',)
[2020-06-12 15:30:00,767][41436][log_file.py][line: 23][DEBUG] ## ('从数据库获取apk链接写入日志', [])
[2020-06-12 15:31:23,640][41704][log_file.py][line: 23][DEBUG] ## ('从数据库获取apk链接写入日志', [])
[2020-06-12 15:31:35,320][36324][log_file.py][line: 23][DEBUG] ## ('从数据库获取apk链接写入日志', ['http://pkg.superdalan.com/game.pkg/download?pkgId=2857&f=fzzjhxjygdt_dalan_xy_dsdk_61_1.0.0_20200603_171128.apk'])
[2020-06-12 15:31:39,652][40588][log_file.py][line: 23][DEBUG] ## ('-----------R8AYIJWO99999999___20200603_171128.apk----节点1-----------下载校验结果：True',)
[2020-06-12 15:32:06,030][40588][log_file.py][line: 23][DEBUG] ## ('---------R8AYIJWO99999999___20200603_171128.apk-------节点2------安装返回结果：True',)
[2020-06-12 15:32:07,721][40588][log_file.py][line: 23][DEBUG] ## ("------------R8AYIJWO99999999___20200603_171128.apk----节点3---------拆包校验结果：True:['1806f9fb87af74555c0b39c14f1b9753.jpg']",)
[2020-06-12 15:32:36,988][40588][log_file.py][line: 23][DEBUG] ## ('-----------R8AYIJWO99999999___20200603_171128.apk----节点4----------打开游戏结果:True',)
[2020-06-12 15:33:30,471][40588][log_file.py][line: 23][DEBUG] ## ('-----------R8AYIJWO99999999___20200603_171128.apk----节点5----------登录游戏结果:True',)
[2020-06-12 15:34:05,914][40588][log_file.py][line: 23][DEBUG] ## ('------R8AYIJWO99999999___20200603_171128.apk---节点6-------下单调起微信结果:True',)
[2020-06-12 15:35:00,720][41356][log_file.py][line: 23][DEBUG] ## ('从数据库获取apk链接写入日志', [])
[2020-06-12 15:40:00,756][38940][log_file.py][line: 23][DEBUG] ## ('从数据库获取apk链接写入日志', [])
[2020-06-12 15:44:29,367][38836][log_file.py][line: 23][DEBUG] ## ('从数据库获取apk链接写入日志', ['http://pkg.superdalan.com/game.pkg/download?pkgId=2857&f=fzzjhxjygdt_dalan_xy_dsdk_61_1.0.0_20200603_171128.apk'])
[2020-06-12 15:44:33,173][41904][log_file.py][line: 23][DEBUG] ## ('-----------b5940085___20200603_171128.apk----节点1-----------下载校验结果：True',)
[2020-06-12 15:44:41,815][41904][log_file.py][line: 23][DEBUG] ## ('---------b5940085___20200603_171128.apk-------节点2------安装返回结果：True',)
[2020-06-12 15:44:43,471][41904][log_file.py][line: 23][DEBUG] ## ("------------b5940085___20200603_171128.apk----节点3---------拆包校验结果：True:['1806f9fb87af74555c0b39c14f1b9753.jpg']",)
[2020-06-12 15:45:00,701][41920][log_file.py][line: 23][DEBUG] ## ('从数据库获取apk链接写入日志', ['http://pkg.superdalan.com/game.pkg/download?pkgId=2857&f=fzzjhxjygdt_dalan_xy_dsdk_61_1.0.0_20200603_171128.apk'])
[2020-06-12 15:45:11,537][40192][log_file.py][line: 23][DEBUG] ## ('-----------b5940085___20200603_171128.apk----节点1-----------下载校验结果：True',)
[2020-06-12 15:45:19,880][40192][log_file.py][line: 23][DEBUG] ## ('---------b5940085___20200603_171128.apk-------节点2------安装返回结果：True',)
[2020-06-12 15:45:21,584][40192][log_file.py][line: 23][DEBUG] ## ("------------b5940085___20200603_171128.apk----节点3---------拆包校验结果：True:['1806f9fb87af74555c0b39c14f1b9753.jpg']",)
[2020-06-12 15:45:54,017][41904][log_file.py][line: 23][DEBUG] ## ('-----------b5940085___20200603_171128.apk----节点4----------打开游戏结果:True',)
[2020-06-12 15:45:57,442][40192][log_file.py][line: 23][DEBUG] ## ('-----------b5940085___20200603_171128.apk----节点4----------打开游戏结果:True',)
[2020-06-12 15:46:15,760][40192][log_file.py][line: 23][DEBUG] ## ('-----------b5940085___20200603_171128.apk----节点5----------登录游戏结果:False',)
[2020-06-12 15:46:39,217][41904][log_file.py][line: 23][DEBUG] ## ('-----------b5940085___20200603_171128.apk----节点5----------登录游戏结果:True',)
[2020-06-12 15:47:11,806][41904][log_file.py][line: 23][DEBUG] ## ('------b5940085___20200603_171128.apk---节点6-------下单调起微信结果:True',)
[2020-06-12 15:50:00,767][41156][log_file.py][line: 23][DEBUG] ## ('从数据库获取apk链接写入日志', [])
[2020-06-12 15:55:00,730][25364][log_file.py][line: 23][DEBUG] ## ('从数据库获取apk链接写入日志', [])
[2020-06-12 16:00:00,796][27444][log_file.py][line: 23][DEBUG] ## ('从数据库获取apk链接写入日志', ['http://pkg.superdalan.com/game.pkg/download?pkgId=2894&f=txjh26_tianxie_android_48_1_20200612_160210.apk'])
[2020-06-12 16:01:54,448][41736][log_file.py][line: 23][DEBUG] ## ('-----------b5940085___20200612_160210.apk----节点1-----------下载校验结果：True',)
[2020-06-12 16:02:15,256][41736][log_file.py][line: 23][DEBUG] ## ('---------b5940085___20200612_160210.apk-------节点2------安装返回结果：True',)
[2020-06-12 16:02:21,833][41736][log_file.py][line: 23][DEBUG] ## ("------------b5940085___20200612_160210.apk----节点3---------拆包校验结果：True:['3c83eac20a08318f7d6de72264128969.jpg']",)
[2020-06-12 16:02:22,532][41736][log_file.py][line: 23][DEBUG] ## ('b5940085___20200612_160210.apk_非Dalan_Dsdk渠道包，不走自动化流程',)
[2020-06-12 16:05:00,785][41716][log_file.py][line: 23][DEBUG] ## ('从数据库获取apk链接写入日志', [])
[2020-06-12 16:10:00,770][40520][log_file.py][line: 23][DEBUG] ## ('从数据库获取apk链接写入日志', [])
[2020-06-12 16:15:00,745][38560][log_file.py][line: 23][DEBUG] ## ('从数据库获取apk链接写入日志', [])
[2020-06-12 16:20:00,743][39320][log_file.py][line: 23][DEBUG] ## ('从数据库获取apk链接写入日志', [])
[2020-06-12 16:25:00,722][41448][log_file.py][line: 23][DEBUG] ## ('从数据库获取apk链接写入日志', [])
[2020-06-12 16:30:00,757][38960][log_file.py][line: 23][DEBUG] ## ('从数据库获取apk链接写入日志', [])
[2020-06-12 16:35:00,726][40840][log_file.py][line: 23][DEBUG] ## ('从数据库获取apk链接写入日志', [])
[2020-06-12 16:40:00,743][40724][log_file.py][line: 23][DEBUG] ## ('从数据库获取apk链接写入日志', [])
[2020-06-12 16:45:00,887][14736][log_file.py][line: 23][DEBUG] ## ('从数据库获取apk链接写入日志', [])
[2020-06-12 16:50:00,743][41732][log_file.py][line: 23][DEBUG] ## ('从数据库获取apk链接写入日志', [])
[2020-06-12 16:55:00,758][37188][log_file.py][line: 23][DEBUG] ## ('从数据库获取apk链接写入日志', [])
[2020-06-12 17:00:00,901][41548][log_file.py][line: 23][DEBUG] ## ('从数据库获取apk链接写入日志', [])
[2020-06-12 17:05:00,736][37832][log_file.py][line: 23][DEBUG] ## ('从数据库获取apk链接写入日志', [])
[2020-06-12 17:10:01,041][39024][log_file.py][line: 23][DEBUG] ## ('从数据库获取apk链接写入日志', [])
[2020-06-12 17:15:00,877][41588][log_file.py][line: 23][DEBUG] ## ('从数据库获取apk链接写入日志', [])
[2020-06-12 17:20:00,764][41868][log_file.py][line: 23][DEBUG] ## ('从数据库获取apk链接写入日志', [])
[2020-06-12 17:25:00,882][41788][log_file.py][line: 23][DEBUG] ## ('从数据库获取apk链接写入日志', [])
[2020-06-12 17:30:01,128][38040][log_file.py][line: 23][DEBUG] ## ('从数据库获取apk链接写入日志', [])
[2020-06-12 17:35:00,787][40016][log_file.py][line: 23][DEBUG] ## ('从数据库获取apk链接写入日志', [])
[2020-06-12 17:40:00,767][41168][log_file.py][line: 23][DEBUG] ## ('从数据库获取apk链接写入日志', [])
[2020-06-12 17:45:00,791][40068][log_file.py][line: 23][DEBUG] ## ('从数据库获取apk链接写入日志', [])
[2020-06-12 17:50:00,736][41520][log_file.py][line: 23][DEBUG] ## ('从数据库获取apk链接写入日志', [])
[2020-06-12 17:55:00,738][39752][log_file.py][line: 23][DEBUG] ## ('从数据库获取apk链接写入日志', [])
[2020-06-12 18:00:00,765][40968][log_file.py][line: 23][DEBUG] ## ('从数据库获取apk链接写入日志', [])
[2020-06-12 18:05:00,731][39024][log_file.py][line: 23][DEBUG] ## ('从数据库获取apk链接写入日志', [])
[2020-06-12 18:10:00,758][27672][log_file.py][line: 23][DEBUG] ## ('从数据库获取apk链接写入日志', [])
[2020-06-12 18:15:00,755][39432][log_file.py][line: 23][DEBUG] ## ('从数据库获取apk链接写入日志', [])
[2020-06-12 18:20:00,788][40368][log_file.py][line: 23][DEBUG] ## ('从数据库获取apk链接写入日志', [])
[2020-06-12 18:25:00,764][37344][log_file.py][line: 23][DEBUG] ## ('从数据库获取apk链接写入日志', [])
[2020-06-12 18:30:00,746][41892][log_file.py][line: 23][DEBUG] ## ('从数据库获取apk链接写入日志', ['http://pkg.superdalan.com/game.pkg/download?pkgId=2776&f=chwyly1_dalan_dysdk_74_1_20200612_183009.apk'])
[2020-06-12 18:31:05,019][21300][log_file.py][line: 23][DEBUG] ## ('-----------54a4c6159804___20200612_183009.apk----节点1-----------下载校验结果：True',)
[2020-06-12 18:31:43,203][21300][log_file.py][line: 23][DEBUG] ## ('---------54a4c6159804___20200612_183009.apk-------节点2------安装返回结果：True',)
[2020-06-12 18:32:05,979][21300][log_file.py][line: 23][DEBUG] ## ("------------54a4c6159804___20200612_183009.apk----节点3---------拆包校验结果：True:['d878ce0f1948a4f83c3adeb29298c88a.jpg', '4713d8e70bbb13ab290f4d921fd35bea.jpg', '99248f9a7d9afa22a9478f06a6364da7.jpg']",)
[2020-06-12 18:32:08,941][21300][log_file.py][line: 23][DEBUG] ## ('54a4c6159804___20200612_183009.apk_非Dalan_Dsdk渠道包，不走自动化流程',)
[2020-06-12 18:35:00,751][38020][log_file.py][line: 23][DEBUG] ## ('从数据库获取apk链接写入日志', [])
[2020-06-12 18:40:00,751][42392][log_file.py][line: 23][DEBUG] ## ('从数据库获取apk链接写入日志', [])
[2020-06-12 18:45:00,851][40640][log_file.py][line: 23][DEBUG] ## ('从数据库获取apk链接写入日志', [])
[2020-06-12 18:50:00,758][42612][log_file.py][line: 23][DEBUG] ## ('从数据库获取apk链接写入日志', [])
[2020-06-12 18:55:00,813][42488][log_file.py][line: 23][DEBUG] ## ('从数据库获取apk链接写入日志', ['http://pkg.superdalan.com/game.pkg/download?pkgId=2776&f=chwyly1_dalan_dysdk_74_1_20200612_185538.apk'])
[2020-06-12 18:56:12,511][40248][log_file.py][line: 23][DEBUG] ## ('-----------54a4c6159804___20200612_185538.apk----节点1-----------下载校验结果：True',)
[2020-06-12 18:56:49,211][40248][log_file.py][line: 23][DEBUG] ## ('---------54a4c6159804___20200612_185538.apk-------节点2------安装返回结果：True',)
[2020-06-12 18:57:11,127][40248][log_file.py][line: 23][DEBUG] ## ("------------54a4c6159804___20200612_185538.apk----节点3---------拆包校验结果：True:['4713d8e70bbb13ab290f4d921fd35bea.jpg', 'd878ce0f1948a4f83c3adeb29298c88a.jpg', '99248f9a7d9afa22a9478f06a6364da7.jpg']",)
[2020-06-12 18:57:14,096][40248][log_file.py][line: 23][DEBUG] ## ('54a4c6159804___20200612_185538.apk_非Dalan_Dsdk渠道包，不走自动化流程',)
[2020-06-12 19:00:00,778][40224][log_file.py][line: 23][DEBUG] ## ('从数据库获取apk链接写入日志', [])
[2020-06-12 19:05:00,772][42292][log_file.py][line: 23][DEBUG] ## ('从数据库获取apk链接写入日志', [])
[2020-06-12 19:10:00,771][41948][log_file.py][line: 23][DEBUG] ## ('从数据库获取apk链接写入日志', [])
[2020-06-12 19:15:00,708][42616][log_file.py][line: 23][DEBUG] ## ('从数据库获取apk链接写入日志', [])
[2020-06-12 19:20:00,740][42516][log_file.py][line: 23][DEBUG] ## ('从数据库获取apk链接写入日志', [])
[2020-06-12 19:25:00,722][42976][log_file.py][line: 23][DEBUG] ## ('从数据库获取apk链接写入日志', [])
[2020-06-12 19:30:00,741][41748][log_file.py][line: 23][DEBUG] ## ('从数据库获取apk链接写入日志', [])
[2020-06-12 19:35:00,750][38096][log_file.py][line: 23][DEBUG] ## ('从数据库获取apk链接写入日志', [])
[2020-06-12 19:40:00,733][38392][log_file.py][line: 23][DEBUG] ## ('从数据库获取apk链接写入日志', [])
[2020-06-12 19:45:00,736][36380][log_file.py][line: 23][DEBUG] ## ('从数据库获取apk链接写入日志', ['http://pkg.superdalan.com/game.pkg/download?pkgId=2903&f=xxktoppo_dalan_oppo_48_1.0.0_20200612_194407.apk'])
[2020-06-12 19:47:06,533][37372][log_file.py][line: 23][DEBUG] ## ('-----------54a4c6159804___20200612_194407.apk----节点1-----------下载校验结果：True',)
[2020-06-12 19:48:00,508][37372][log_file.py][line: 23][DEBUG] ## ('---------54a4c6159804___20200612_194407.apk-------节点2------安装返回结果：True',)
[2020-06-12 19:48:07,302][37372][log_file.py][line: 23][DEBUG] ## ("------------54a4c6159804___20200612_194407.apk----节点3---------拆包校验结果：True:['ee31490da22bae2ac673e19646b3b8b9.jpg', '2d52357c47a93840fbedf73eac04c010.jpg']",)
[2020-06-12 19:48:10,205][37372][log_file.py][line: 23][DEBUG] ## ('54a4c6159804___20200612_194407.apk_非Dalan_Dsdk渠道包，不走自动化流程',)
[2020-06-12 19:50:00,870][36812][log_file.py][line: 23][DEBUG] ## ('从数据库获取apk链接写入日志', [])
[2020-06-12 19:55:00,719][42192][log_file.py][line: 23][DEBUG] ## ('从数据库获取apk链接写入日志', [])
[2020-06-12 20:00:00,724][42200][log_file.py][line: 23][DEBUG] ## ('从数据库获取apk链接写入日志', [])
[2020-06-12 20:05:00,758][39964][log_file.py][line: 23][DEBUG] ## ('从数据库获取apk链接写入日志', [])
[2020-06-12 20:10:00,734][40308][log_file.py][line: 23][DEBUG] ## ('从数据库获取apk链接写入日志', [])
[2020-06-12 20:15:00,738][42508][log_file.py][line: 23][DEBUG] ## ('从数据库获取apk链接写入日志', [])
[2020-06-12 20:20:00,731][38560][log_file.py][line: 23][DEBUG] ## ('从数据库获取apk链接写入日志', [])
[2020-06-12 20:25:00,719][42956][log_file.py][line: 23][DEBUG] ## ('从数据库获取apk链接写入日志', [])
[2020-06-12 20:30:00,743][42280][log_file.py][line: 23][DEBUG] ## ('从数据库获取apk链接写入日志', [])
[2020-06-12 20:35:00,720][36812][log_file.py][line: 23][DEBUG] ## ('从数据库获取apk链接写入日志', [])
[2020-06-12 20:40:00,805][38336][log_file.py][line: 23][DEBUG] ## ('从数据库获取apk链接写入日志', [])
[2020-06-12 20:45:00,763][30624][log_file.py][line: 23][DEBUG] ## ('从数据库获取apk链接写入日志', [])
[2020-06-12 20:50:00,749][21424][log_file.py][line: 23][DEBUG] ## ('从数据库获取apk链接写入日志', [])
[2020-06-12 20:55:00,722][38948][log_file.py][line: 23][DEBUG] ## ('从数据库获取apk链接写入日志', [])
[2020-06-12 21:00:00,704][42328][log_file.py][line: 23][DEBUG] ## ('从数据库获取apk链接写入日志', [])
[2020-06-12 21:05:00,735][41736][log_file.py][line: 23][DEBUG] ## ('从数据库获取apk链接写入日志', [])
[2020-06-12 21:10:00,730][42788][log_file.py][line: 23][DEBUG] ## ('从数据库获取apk链接写入日志', [])
[2020-06-12 21:15:00,740][42644][log_file.py][line: 23][DEBUG] ## ('从数据库获取apk链接写入日志', [])
[2020-06-12 21:20:00,790][43276][log_file.py][line: 23][DEBUG] ## ('从数据库获取apk链接写入日志', [])
[2020-06-12 21:25:00,794][42612][log_file.py][line: 23][DEBUG] ## ('从数据库获取apk链接写入日志', [])
[2020-06-12 21:30:00,760][43012][log_file.py][line: 23][DEBUG] ## ('从数据库获取apk链接写入日志', [])
[2020-06-12 21:35:00,711][36380][log_file.py][line: 23][DEBUG] ## ('从数据库获取apk链接写入日志', [])
[2020-06-12 21:40:00,698][42568][log_file.py][line: 23][DEBUG] ## ('从数据库获取apk链接写入日志', [])
[2020-06-12 21:45:00,709][42316][log_file.py][line: 23][DEBUG] ## ('从数据库获取apk链接写入日志', [])
[2020-06-12 21:50:00,772][43080][log_file.py][line: 23][DEBUG] ## ('从数据库获取apk链接写入日志', [])
[2020-06-12 21:55:00,694][42556][log_file.py][line: 23][DEBUG] ## ('从数据库获取apk链接写入日志', [])
[2020-06-12 22:00:00,705][40248][log_file.py][line: 23][DEBUG] ## ('从数据库获取apk链接写入日志', [])
[2020-06-12 22:05:00,735][43676][log_file.py][line: 23][DEBUG] ## ('从数据库获取apk链接写入日志', [])
[2020-06-12 22:10:00,776][43644][log_file.py][line: 23][DEBUG] ## ('从数据库获取apk链接写入日志', [])
[2020-06-12 22:15:00,721][43732][log_file.py][line: 23][DEBUG] ## ('从数据库获取apk链接写入日志', [])
[2020-06-12 22:20:00,744][43476][log_file.py][line: 23][DEBUG] ## ('从数据库获取apk链接写入日志', [])
[2020-06-12 22:25:00,748][30624][log_file.py][line: 23][DEBUG] ## ('从数据库获取apk链接写入日志', [])
[2020-06-12 22:30:00,715][43908][log_file.py][line: 23][DEBUG] ## ('从数据库获取apk链接写入日志', [])
[2020-06-12 22:35:00,719][43164][log_file.py][line: 23][DEBUG] ## ('从数据库获取apk链接写入日志', [])
[2020-06-12 22:40:00,722][43864][log_file.py][line: 23][DEBUG] ## ('从数据库获取apk链接写入日志', [])
[2020-06-12 22:45:00,718][43852][log_file.py][line: 23][DEBUG] ## ('从数据库获取apk链接写入日志', [])
[2020-06-12 22:50:00,776][44020][log_file.py][line: 23][DEBUG] ## ('从数据库获取apk链接写入日志', [])
[2020-06-12 22:55:00,728][43456][log_file.py][line: 23][DEBUG] ## ('从数据库获取apk链接写入日志', [])
[2020-06-12 23:00:00,732][43712][log_file.py][line: 23][DEBUG] ## ('从数据库获取apk链接写入日志', [])
[2020-06-12 23:05:00,735][42008][log_file.py][line: 23][DEBUG] ## ('从数据库获取apk链接写入日志', [])
[2020-06-12 23:10:00,730][44352][log_file.py][line: 23][DEBUG] ## ('从数据库获取apk链接写入日志', [])
[2020-06-12 23:15:00,717][37872][log_file.py][line: 23][DEBUG] ## ('从数据库获取apk链接写入日志', [])
[2020-06-12 23:20:00,749][43056][log_file.py][line: 23][DEBUG] ## ('从数据库获取apk链接写入日志', [])
[2020-06-12 23:25:00,708][43736][log_file.py][line: 23][DEBUG] ## ('从数据库获取apk链接写入日志', [])
[2020-06-12 23:30:00,733][37892][log_file.py][line: 23][DEBUG] ## ('从数据库获取apk链接写入日志', [])
[2020-06-12 23:35:00,761][43284][log_file.py][line: 23][DEBUG] ## ('从数据库获取apk链接写入日志', [])
[2020-06-12 23:40:00,736][43484][log_file.py][line: 23][DEBUG] ## ('从数据库获取apk链接写入日志', [])
[2020-06-12 23:45:00,699][44804][log_file.py][line: 23][DEBUG] ## ('从数据库获取apk链接写入日志', [])
[2020-06-12 23:50:00,720][43284][log_file.py][line: 23][DEBUG] ## ('从数据库获取apk链接写入日志', [])
[2020-06-12 23:55:00,705][42660][log_file.py][line: 23][DEBUG] ## ('从数据库获取apk链接写入日志', [])
