[2020-04-15 00:00:00,570][6332][log_file.py][line: 23][DEBUG] ## ('从数据库获取apk链接写入日志', [])
[2020-04-15 00:05:00,600][12720][log_file.py][line: 23][DEBUG] ## ('从数据库获取apk链接写入日志', [])
[2020-04-15 00:10:00,579][11948][log_file.py][line: 23][DEBUG] ## ('从数据库获取apk链接写入日志', [])
[2020-04-15 00:15:00,704][12472][log_file.py][line: 23][DEBUG] ## ('从数据库获取apk链接写入日志', [])
[2020-04-15 00:20:00,613][11888][log_file.py][line: 23][DEBUG] ## ('从数据库获取apk链接写入日志', [])
[2020-04-15 00:25:00,566][10700][log_file.py][line: 23][DEBUG] ## ('从数据库获取apk链接写入日志', [])
[2020-04-15 00:30:00,563][12456][log_file.py][line: 23][DEBUG] ## ('从数据库获取apk链接写入日志', [])
[2020-04-15 00:35:00,563][11840][log_file.py][line: 23][DEBUG] ## ('从数据库获取apk链接写入日志', [])
[2020-04-15 00:40:00,577][12968][log_file.py][line: 23][DEBUG] ## ('从数据库获取apk链接写入日志', [])
[2020-04-15 00:45:00,573][12804][log_file.py][line: 23][DEBUG] ## ('从数据库获取apk链接写入日志', [])
[2020-04-15 00:50:00,602][12472][log_file.py][line: 23][DEBUG] ## ('从数据库获取apk链接写入日志', [])
[2020-04-15 00:55:00,587][10924][log_file.py][line: 23][DEBUG] ## ('从数据库获取apk链接写入日志', [])
[2020-04-15 01:00:00,618][10172][log_file.py][line: 23][DEBUG] ## ('从数据库获取apk链接写入日志', [])
[2020-04-15 01:05:00,651][11736][log_file.py][line: 23][DEBUG] ## ('从数据库获取apk链接写入日志', [])
[2020-04-15 01:10:00,542][9232][log_file.py][line: 23][DEBUG] ## ('从数据库获取apk链接写入日志', [])
[2020-04-15 01:15:00,580][3560][log_file.py][line: 23][DEBUG] ## ('从数据库获取apk链接写入日志', [])
[2020-04-15 01:20:00,581][11444][log_file.py][line: 23][DEBUG] ## ('从数据库获取apk链接写入日志', [])
[2020-04-15 01:25:00,588][7152][log_file.py][line: 23][DEBUG] ## ('从数据库获取apk链接写入日志', [])
[2020-04-15 01:30:00,564][3632][log_file.py][line: 23][DEBUG] ## ('从数据库获取apk链接写入日志', [])
[2020-04-15 01:35:00,587][12144][log_file.py][line: 23][DEBUG] ## ('从数据库获取apk链接写入日志', [])
[2020-04-15 01:40:00,556][9348][log_file.py][line: 23][DEBUG] ## ('从数据库获取apk链接写入日志', [])
[2020-04-15 01:45:00,570][10708][log_file.py][line: 23][DEBUG] ## ('从数据库获取apk链接写入日志', [])
[2020-04-15 01:50:00,602][12028][log_file.py][line: 23][DEBUG] ## ('从数据库获取apk链接写入日志', [])
[2020-04-15 01:55:00,584][11676][log_file.py][line: 23][DEBUG] ## ('从数据库获取apk链接写入日志', [])
[2020-04-15 02:00:00,639][12636][log_file.py][line: 23][DEBUG] ## ('从数据库获取apk链接写入日志', [])
[2020-04-15 02:05:00,574][7836][log_file.py][line: 23][DEBUG] ## ('从数据库获取apk链接写入日志', [])
[2020-04-15 02:10:00,582][11716][log_file.py][line: 23][DEBUG] ## ('从数据库获取apk链接写入日志', [])
[2020-04-15 02:15:00,579][12756][log_file.py][line: 23][DEBUG] ## ('从数据库获取apk链接写入日志', [])
[2020-04-15 02:20:00,564][9308][log_file.py][line: 23][DEBUG] ## ('从数据库获取apk链接写入日志', [])
[2020-04-15 02:25:00,616][11636][log_file.py][line: 23][DEBUG] ## ('从数据库获取apk链接写入日志', [])
[2020-04-15 02:30:00,593][10912][log_file.py][line: 23][DEBUG] ## ('从数据库获取apk链接写入日志', [])
[2020-04-15 02:35:00,600][9952][log_file.py][line: 23][DEBUG] ## ('从数据库获取apk链接写入日志', [])
[2020-04-15 02:40:00,570][10780][log_file.py][line: 23][DEBUG] ## ('从数据库获取apk链接写入日志', [])
[2020-04-15 02:45:00,570][10404][log_file.py][line: 23][DEBUG] ## ('从数据库获取apk链接写入日志', [])
[2020-04-15 02:50:00,574][12612][log_file.py][line: 23][DEBUG] ## ('从数据库获取apk链接写入日志', [])
[2020-04-15 02:55:00,583][10180][log_file.py][line: 23][DEBUG] ## ('从数据库获取apk链接写入日志', [])
[2020-04-15 03:00:00,662][12252][log_file.py][line: 23][DEBUG] ## ('从数据库获取apk链接写入日志', [])
[2020-04-15 03:05:00,581][11832][log_file.py][line: 23][DEBUG] ## ('从数据库获取apk链接写入日志', [])
[2020-04-15 03:10:00,574][12300][log_file.py][line: 23][DEBUG] ## ('从数据库获取apk链接写入日志', [])
[2020-04-15 03:15:00,607][12104][log_file.py][line: 23][DEBUG] ## ('从数据库获取apk链接写入日志', [])
[2020-04-15 03:20:00,583][4844][log_file.py][line: 23][DEBUG] ## ('从数据库获取apk链接写入日志', [])
[2020-04-15 03:25:00,575][9608][log_file.py][line: 23][DEBUG] ## ('从数据库获取apk链接写入日志', [])
[2020-04-15 03:30:00,596][10920][log_file.py][line: 23][DEBUG] ## ('从数据库获取apk链接写入日志', [])
[2020-04-15 03:35:00,620][4856][log_file.py][line: 23][DEBUG] ## ('从数据库获取apk链接写入日志', [])
[2020-04-15 03:40:00,579][4140][log_file.py][line: 23][DEBUG] ## ('从数据库获取apk链接写入日志', [])
[2020-04-15 03:45:00,620][12548][log_file.py][line: 23][DEBUG] ## ('从数据库获取apk链接写入日志', [])
[2020-04-15 03:50:00,579][8992][log_file.py][line: 23][DEBUG] ## ('从数据库获取apk链接写入日志', [])
[2020-04-15 03:55:00,589][12276][log_file.py][line: 23][DEBUG] ## ('从数据库获取apk链接写入日志', [])
[2020-04-15 04:00:00,591][13248][log_file.py][line: 23][DEBUG] ## ('从数据库获取apk链接写入日志', [])
[2020-04-15 04:05:00,588][8996][log_file.py][line: 23][DEBUG] ## ('从数据库获取apk链接写入日志', [])
[2020-04-15 04:10:00,588][9708][log_file.py][line: 23][DEBUG] ## ('从数据库获取apk链接写入日志', [])
[2020-04-15 04:15:00,586][5028][log_file.py][line: 23][DEBUG] ## ('从数据库获取apk链接写入日志', [])
[2020-04-15 04:20:00,600][10088][log_file.py][line: 23][DEBUG] ## ('从数据库获取apk链接写入日志', [])
[2020-04-15 04:25:00,578][12232][log_file.py][line: 23][DEBUG] ## ('从数据库获取apk链接写入日志', [])
[2020-04-15 04:30:00,561][6788][log_file.py][line: 23][DEBUG] ## ('从数据库获取apk链接写入日志', [])
[2020-04-15 04:35:00,573][6824][log_file.py][line: 23][DEBUG] ## ('从数据库获取apk链接写入日志', [])
[2020-04-15 04:40:00,584][12580][log_file.py][line: 23][DEBUG] ## ('从数据库获取apk链接写入日志', [])
[2020-04-15 04:45:00,559][4384][log_file.py][line: 23][DEBUG] ## ('从数据库获取apk链接写入日志', [])
[2020-04-15 04:50:00,620][4844][log_file.py][line: 23][DEBUG] ## ('从数据库获取apk链接写入日志', [])
[2020-04-15 04:55:00,589][10516][log_file.py][line: 23][DEBUG] ## ('从数据库获取apk链接写入日志', [])
[2020-04-15 05:00:00,561][12564][log_file.py][line: 23][DEBUG] ## ('从数据库获取apk链接写入日志', [])
[2020-04-15 05:05:00,585][13136][log_file.py][line: 23][DEBUG] ## ('从数据库获取apk链接写入日志', [])
[2020-04-15 05:10:00,562][12396][log_file.py][line: 23][DEBUG] ## ('从数据库获取apk链接写入日志', [])
[2020-04-15 05:15:00,582][11688][log_file.py][line: 23][DEBUG] ## ('从数据库获取apk链接写入日志', [])
[2020-04-15 05:20:00,597][3552][log_file.py][line: 23][DEBUG] ## ('从数据库获取apk链接写入日志', [])
[2020-04-15 05:25:00,546][6824][log_file.py][line: 23][DEBUG] ## ('从数据库获取apk链接写入日志', [])
[2020-04-15 05:30:00,637][12084][log_file.py][line: 23][DEBUG] ## ('从数据库获取apk链接写入日志', [])
[2020-04-15 05:35:00,615][11960][log_file.py][line: 23][DEBUG] ## ('从数据库获取apk链接写入日志', [])
[2020-04-15 05:40:00,638][9996][log_file.py][line: 23][DEBUG] ## ('从数据库获取apk链接写入日志', [])
[2020-04-15 05:45:00,546][9696][log_file.py][line: 23][DEBUG] ## ('从数据库获取apk链接写入日志', [])
[2020-04-15 05:50:00,553][12108][log_file.py][line: 23][DEBUG] ## ('从数据库获取apk链接写入日志', [])
[2020-04-15 05:55:00,589][11892][log_file.py][line: 23][DEBUG] ## ('从数据库获取apk链接写入日志', [])
[2020-04-15 06:00:00,581][9908][log_file.py][line: 23][DEBUG] ## ('从数据库获取apk链接写入日志', [])
[2020-04-15 06:05:00,588][9484][log_file.py][line: 23][DEBUG] ## ('从数据库获取apk链接写入日志', [])
[2020-04-15 06:10:00,574][8164][log_file.py][line: 23][DEBUG] ## ('从数据库获取apk链接写入日志', [])
[2020-04-15 06:15:00,551][12868][log_file.py][line: 23][DEBUG] ## ('从数据库获取apk链接写入日志', [])
[2020-04-15 06:20:00,523][4384][log_file.py][line: 23][DEBUG] ## ('从数据库获取apk链接写入日志', [])
[2020-04-15 06:25:00,595][11664][log_file.py][line: 23][DEBUG] ## ('从数据库获取apk链接写入日志', [])
[2020-04-15 06:30:00,640][4552][log_file.py][line: 23][DEBUG] ## ('从数据库获取apk链接写入日志', [])
[2020-04-15 06:35:00,555][10172][log_file.py][line: 23][DEBUG] ## ('从数据库获取apk链接写入日志', [])
[2020-04-15 06:40:00,584][9224][log_file.py][line: 23][DEBUG] ## ('从数据库获取apk链接写入日志', [])
[2020-04-15 06:45:00,584][4548][log_file.py][line: 23][DEBUG] ## ('从数据库获取apk链接写入日志', [])
[2020-04-15 06:50:00,583][10832][log_file.py][line: 23][DEBUG] ## ('从数据库获取apk链接写入日志', [])
[2020-04-15 06:55:00,536][9632][log_file.py][line: 23][DEBUG] ## ('从数据库获取apk链接写入日志', [])
[2020-04-15 07:00:00,618][9260][log_file.py][line: 23][DEBUG] ## ('从数据库获取apk链接写入日志', [])
[2020-04-15 07:05:00,567][12320][log_file.py][line: 23][DEBUG] ## ('从数据库获取apk链接写入日志', [])
[2020-04-15 07:10:00,547][13116][log_file.py][line: 23][DEBUG] ## ('从数据库获取apk链接写入日志', [])
[2020-04-15 07:15:00,647][10292][log_file.py][line: 23][DEBUG] ## ('从数据库获取apk链接写入日志', [])
[2020-04-15 07:20:00,588][11928][log_file.py][line: 23][DEBUG] ## ('从数据库获取apk链接写入日志', [])
[2020-04-15 07:25:00,601][10524][log_file.py][line: 23][DEBUG] ## ('从数据库获取apk链接写入日志', [])
[2020-04-15 07:30:00,557][12472][log_file.py][line: 23][DEBUG] ## ('从数据库获取apk链接写入日志', [])
[2020-04-15 07:35:00,592][4136][log_file.py][line: 23][DEBUG] ## ('从数据库获取apk链接写入日志', [])
[2020-04-15 07:40:00,597][3484][log_file.py][line: 23][DEBUG] ## ('从数据库获取apk链接写入日志', [])
[2020-04-15 07:45:00,600][12544][log_file.py][line: 23][DEBUG] ## ('从数据库获取apk链接写入日志', [])
[2020-04-15 07:50:00,639][9952][log_file.py][line: 23][DEBUG] ## ('从数据库获取apk链接写入日志', [])
[2020-04-15 07:55:00,586][12132][log_file.py][line: 23][DEBUG] ## ('从数据库获取apk链接写入日志', [])
[2020-04-15 08:00:00,606][10052][log_file.py][line: 23][DEBUG] ## ('从数据库获取apk链接写入日志', [])
[2020-04-15 08:05:00,554][11792][log_file.py][line: 23][DEBUG] ## ('从数据库获取apk链接写入日志', [])
[2020-04-15 08:10:00,610][12228][log_file.py][line: 23][DEBUG] ## ('从数据库获取apk链接写入日志', [])
[2020-04-15 08:15:00,542][4576][log_file.py][line: 23][DEBUG] ## ('从数据库获取apk链接写入日志', [])
[2020-04-15 08:20:00,584][10348][log_file.py][line: 23][DEBUG] ## ('从数据库获取apk链接写入日志', [])
[2020-04-15 08:25:00,539][10232][log_file.py][line: 23][DEBUG] ## ('从数据库获取apk链接写入日志', [])
[2020-04-15 08:30:00,577][10084][log_file.py][line: 23][DEBUG] ## ('从数据库获取apk链接写入日志', [])
[2020-04-15 08:35:00,585][11440][log_file.py][line: 23][DEBUG] ## ('从数据库获取apk链接写入日志', [])
[2020-04-15 08:40:00,593][6332][log_file.py][line: 23][DEBUG] ## ('从数据库获取apk链接写入日志', [])
[2020-04-15 08:45:00,591][11572][log_file.py][line: 23][DEBUG] ## ('从数据库获取apk链接写入日志', [])
[2020-04-15 08:50:00,595][1232][log_file.py][line: 23][DEBUG] ## ('从数据库获取apk链接写入日志', [])
[2020-04-15 08:55:00,572][7924][log_file.py][line: 23][DEBUG] ## ('从数据库获取apk链接写入日志', [])
[2020-04-15 09:00:00,595][7572][log_file.py][line: 23][DEBUG] ## ('从数据库获取apk链接写入日志', [])
[2020-04-15 09:05:00,578][9712][log_file.py][line: 23][DEBUG] ## ('从数据库获取apk链接写入日志', [])
[2020-04-15 09:10:00,567][11240][log_file.py][line: 23][DEBUG] ## ('从数据库获取apk链接写入日志', [])
[2020-04-15 09:15:00,561][12268][log_file.py][line: 23][DEBUG] ## ('从数据库获取apk链接写入日志', [])
[2020-04-15 09:20:00,580][9700][log_file.py][line: 23][DEBUG] ## ('从数据库获取apk链接写入日志', [])
[2020-04-15 09:25:00,580][12924][log_file.py][line: 23][DEBUG] ## ('从数据库获取apk链接写入日志', ['http://pkg.superdalan.com/game.pkg/download?pkgId=2556&f=sjcxx_dalan_xiaomi_65_1.0.0_20200415_092347.apk'])
[2020-04-15 09:25:11,067][12924][log_file.py][line: 23][DEBUG] ## ('-----------0___20200415_092347.apk----节点1-----------下载校验结果：True',)
[2020-04-15 09:25:49,802][12924][log_file.py][line: 23][DEBUG] ## ('---------0___20200415_092347.apk-------节点2------安装返回结果：True',)
[2020-04-15 09:26:08,353][12924][log_file.py][line: 23][DEBUG] ## ('------------0___20200415_092347.apk----节点3---------拆包校验结果：False',)
[2020-04-15 09:30:00,818][10792][log_file.py][line: 23][DEBUG] ## ('从数据库获取apk链接写入日志', ['http://pkg.superdalan.com/game.pkg/download?pkgId=2556&f=sjcxx_dalan_xiaomi_65_1.0.0_20200415_092347.apk'])
[2020-04-15 09:30:12,237][10792][log_file.py][line: 23][DEBUG] ## ('-----------0___20200415_092347.apk----节点1-----------下载校验结果：True',)
[2020-04-15 09:30:46,625][10792][log_file.py][line: 23][DEBUG] ## ('---------0___20200415_092347.apk-------节点2------安装返回结果：True',)
[2020-04-15 09:30:59,840][10792][log_file.py][line: 23][DEBUG] ## ('------------0___20200415_092347.apk----节点3---------拆包校验结果：False',)
[2020-04-15 09:35:00,564][10644][log_file.py][line: 23][DEBUG] ## ('从数据库获取apk链接写入日志', ['http://pkg.superdalan.com/game.pkg/download?pkgId=2556&f=sjcxx_dalan_xiaomi_65_1.0.0_20200415_092347.apk'])
[2020-04-15 09:35:08,738][10644][log_file.py][line: 23][DEBUG] ## ('-----------0___20200415_092347.apk----节点1-----------下载校验结果：True',)
[2020-04-15 09:35:46,580][10644][log_file.py][line: 23][DEBUG] ## ('---------0___20200415_092347.apk-------节点2------安装返回结果：True',)
[2020-04-15 09:35:55,412][10644][log_file.py][line: 23][DEBUG] ## ('------------0___20200415_092347.apk----节点3---------拆包校验结果：False',)
[2020-04-15 09:40:00,563][7572][log_file.py][line: 23][DEBUG] ## ('从数据库获取apk链接写入日志', ['http://pkg.superdalan.com/game.pkg/download?pkgId=2556&f=sjcxx_dalan_xiaomi_65_1.0.0_20200415_092347.apk'])
[2020-04-15 09:40:08,939][7572][log_file.py][line: 23][DEBUG] ## ('-----------0___20200415_092347.apk----节点1-----------下载校验结果：True',)
[2020-04-15 09:40:44,316][7572][log_file.py][line: 23][DEBUG] ## ('---------0___20200415_092347.apk-------节点2------安装返回结果：True',)
[2020-04-15 09:40:54,915][7572][log_file.py][line: 23][DEBUG] ## ('------------0___20200415_092347.apk----节点3---------拆包校验结果：False',)
[2020-04-15 09:45:00,560][2268][log_file.py][line: 23][DEBUG] ## ('从数据库获取apk链接写入日志', ['http://pkg.superdalan.com/game.pkg/download?pkgId=2556&f=sjcxx_dalan_xiaomi_65_1.0.0_20200415_092347.apk'])
[2020-04-15 09:45:09,216][2268][log_file.py][line: 23][DEBUG] ## ('-----------0___20200415_092347.apk----节点1-----------下载校验结果：True',)
[2020-04-15 09:45:43,579][2268][log_file.py][line: 23][DEBUG] ## ('---------0___20200415_092347.apk-------节点2------安装返回结果：True',)
[2020-04-15 09:45:53,242][2268][log_file.py][line: 23][DEBUG] ## ('------------0___20200415_092347.apk----节点3---------拆包校验结果：False',)
[2020-04-15 09:50:00,637][11912][log_file.py][line: 23][DEBUG] ## ('从数据库获取apk链接写入日志', ['http://pkg.superdalan.com/game.pkg/download?pkgId=2556&f=sjcxx_dalan_xiaomi_65_1.0.0_20200415_092347.apk'])
[2020-04-15 09:50:09,164][11912][log_file.py][line: 23][DEBUG] ## ('-----------0___20200415_092347.apk----节点1-----------下载校验结果：True',)
[2020-04-15 09:50:44,923][11912][log_file.py][line: 23][DEBUG] ## ('---------0___20200415_092347.apk-------节点2------安装返回结果：True',)！!
[2020-04-15 09:50:55,272][11912][log_file.py][line: 23][DEBUG] ## ('------------0___20200415_092347.apk----节点3---------拆包校验结果：False',)
[2020-04-15 09:55:00,574][1464][log_file.py][line: 23][DEBUG] ## ('从数据库获取apk链接写入日志', ['http://pkg.superdalan.com/game.pkg/download?pkgId=2556&f=sjcxx_dalan_xiaomi_65_1.0.0_20200415_092347.apk'])
[2020-04-15 09:55:10,655][1464][log_file.py][line: 23][DEBUG] ## ('-----------0___20200415_092347.apk----节点1-----------下载校验结果：True',)
[2020-04-15 09:55:45,503][1464][log_file.py][line: 23][DEBUG] ## ('---------0___20200415_092347.apk-------节点2------安装返回结果：True',)
[2020-04-15 09:55:52,687][1464][log_file.py][line: 23][DEBUG] ## ('------------0___20200415_092347.apk----节点3---------拆包校验结果：False',)
[2020-04-15 10:00:00,600][12500][log_file.py][line: 23][DEBUG] ## ('从数据库获取apk链接写入日志', ['http://pkg.superdalan.com/game.pkg/download?pkgId=2556&f=sjcxx_dalan_xiaomi_65_1.0.0_20200415_092347.apk'])
[2020-04-15 10:00:11,789][12500][log_file.py][line: 23][DEBUG] ## ('-----------0___20200415_092347.apk----节点1-----------下载校验结果：True',)
[2020-04-15 10:00:45,793][12500][log_file.py][line: 23][DEBUG] ## ('---------0___20200415_092347.apk-------节点2------安装返回结果：True',)
[2020-04-15 10:00:54,245][12500][log_file.py][line: 23][DEBUG] ## ('------------0___20200415_092347.apk----节点3---------拆包校验结果：False:只有应用名称匹配成功_图片失败',)
[2020-04-15 10:05:00,595][11276][log_file.py][line: 23][DEBUG] ## ('从数据库获取apk链接写入日志', ['http://pkg.superdalan.com/game.pkg/download?pkgId=2556&f=sjcxx_dalan_xiaomi_65_1.0.0_20200415_092347.apk', 'http://pkg.superdalan.com/game.pkg/download?pkgId=2556&f=sjcxx_dalan_xiaomi_65_1.0.0_20200415_100354.apk'])
[2020-04-15 10:05:09,399][11276][log_file.py][line: 23][DEBUG] ## ('-----------0___20200415_092347.apk----节点1-----------下载校验结果：True',)
[2020-04-15 10:05:43,960][11276][log_file.py][line: 23][DEBUG] ## ('---------0___20200415_092347.apk-------节点2------安装返回结果：True',)
[2020-04-15 10:05:51,057][11276][log_file.py][line: 23][DEBUG] ## ('------------0___20200415_092347.apk----节点3---------拆包校验结果：False:只有应用名称匹配成功_图片失败',)
[2020-04-15 10:05:59,840][11276][log_file.py][line: 23][DEBUG] ## ('-----------1___20200415_100354.apk----节点1-----------下载校验结果：True',)
[2020-04-15 10:06:34,786][11276][log_file.py][line: 23][DEBUG] ## ('---------1___20200415_100354.apk-------节点2------安装返回结果：True',)
[2020-04-15 10:06:44,731][11276][log_file.py][line: 23][DEBUG] ## ('------------1___20200415_100354.apk----节点3---------拆包校验结果：False:只有应用名称匹配成功_图片失败',)
[2020-04-15 10:10:00,742][12168][log_file.py][line: 23][DEBUG] ## ('从数据库获!！65_1.0.0_20200415_092347.apk', 'http://pkg.superdalan.com/game.pkg/download?pkgId=2556&f=sjcxx_dalan_xiaomi_65_1.0.0_20200415_100354.apk'])
[2020-04-15 10:10:09,660][12168][log_file.py][line: 23][DEBUG] ## ('-----------0___20200415_092347.apk----节点1-----------下载校验结果：True',)
[2020-04-15 10:10:49,840][12168][log_file.py][line: 23][DEBUG] ## ('---------0___20200415_092347.apk-------节点2------安装返回结果：True',)
[2020-04-15 10:10:58,614][12168][log_file.py][line: 23][DEBUG] ## ('------------0___20200415_092347.apk----节点3---------拆包校验结果：False:只有应用名称匹配成功_图片失败',)
[2020-04-15 10:11:06,529][12168][log_file.py][line: 23][DEBUG] ## ('-----------1___20200415_100354.apk----节点1-----------下载校验结果：True',)
[2020-04-15 10:11:41,092][12168][log_file.py][line: 23][DEBUG] ## ('---------1___20200415_100354.apk-------节点2------安装返回结果：True',)
[2020-04-15 10:11:48,214][12168][log_file.py][line: 23][DEBUG] ## ('------------1___20200415_100354.apk----节点3---------拆包校验结果：False:只有应用名称匹配成功_图片失败',)
[2020-04-15 10:15:00,564][10392][log_file.py][line: 23][DEBUG] ## ('从数据库获取apk链接写入日志', [])
[2020-04-15 10:20:00,606][9684][log_file.py][line: 23][DEBUG] ## ('从数据库获取apk链接写入日志', [])
[2020-04-15 10:25:00,636][11372][log_file.py][line: 23][DEBUG] ## ('从数据库获取apk链接写入日志', [])
[2020-04-15 10:30:00,617][10408][log_file.py][line: 23][DEBUG] ## ('从数据库获取apk链接写入日志', [])
[2020-04-15 10:35:01,507][11752][log_file.py][line: 23][DEBUG] ## ('从数据库获取apk链接写入日志', [])
[2020-04-15 10:40:02,189][9588][log_file.py][line: 23][DEBUG] ## ('从数据库获取apk链接写入日志', [])
[2020-04-15 10:50:00,643][11296][log_file.py][line: 23][DEBUG] ## ('从数据库获取apk链接写入日志', ['http://pkg.superdalan.com/game.pkg/download?pkgId=831&f=sgzsl_tuole_android_3_1.0.0_20200415_104700.apk'])
[2020-04-15 10:50:19,950][11296][log_file.py][line: 23][DEBUG] ## ('-----------0___20200415_104700.apk----节点1-----------下载校验结果：True',)
[2020-04-15 10:51:48,140][11296][log_file.py][line: 23][DEBUG] ## ('---------0___20200415_104700.apk-------节点2------安装返回结果：True',)
[2020-04-15 10:52:23,466][11296][log_file.py][line: 23][DEBUG] ## ("------------0___20200415_104700.apk----节点3---------拆包校验结果:True:['3eb5da5d32d07e28c5f5b3abaede08cd.jpg', 'abe34a1bf7af9c625c968c3c7decb2a7.jpg', 'ced2a75a301589a1f7d4df8e3136f7f7.jpg']",)
[2020-04-15 10:52:34,896][11296][log_file.py][line: 23][DEBUG] ## ('0__http://pkg.superdalan.com/game.pkg/download?pkgId=831&f=sgzsl_tuole_android_3_1.0.0_20200415_104700.apk_非Dalan_Dsdk渠道包，不走自动化流程',)
[2020-04-15 10:55:00,582][10856][log_file.py][line: 23][DEBUG] ## ('从数据库获取apk链接写入日志', [])
[2020-04-15 11:00:00,735][11704][log_file.py][line: 23][DEBUG] ## ('从数据库获取apk链接写入日志', [])
[2020-04-15 11:05:00,623][11296][log_file.py][line: 23][DEBUG] ## ('从数据库获取apk链接写入日志', [])
[2020-04-15 11:10:00,602][13028][log_file.py][line: 23][DEBUG] ## ('从数据库获取apk链接写入日志', [])
[2020-04-15 11:15:00,600][3156][log_file.py][line: 23][DEBUG] ## ('从数据库获取apk链接写入日志', [])
[2020-04-15 11:20:00,601][9908][log_file.py][line: 23][DEBUG] ## ('从数据库获取apk链接写入日志', [])
[2020-04-15 11:25:00,601][7780][log_file.py][line: 23][DEBUG] ## ('从数据库获取apk链接写入日志', [])
[2020-04-15 11:30:00,574][8380][log_file.py][line: 23][DEBUG] ## ('从数据库获取apk链接写入日志', [])
[2020-04-15 11:35:00,655][12420][log_file.py][line: 23][DEBUG] ## ('从数据库获取apk链接写入日志', [])
[2020-04-15 11:40:00,621][12568][log_file.py][line: 23][DEBUG] ## ('从数据库获取apk链接写入日志', [])
[2020-04-15 11:45:00,607][7836][log_file.py][line: 23][DEBUG] ## ('从数据库获取apk链接写入日志', [])
[2020-04-15 11:50:00,608][11844][log_file.py][line: 23][DEBUG] ## ('从数据库获取apk链接写入日志', ['http://pkg.superdalan.com/game.pkg/download?pkgId=2607&f=dxcyzwzjhgdt_dalan_dsdk_48_1.0.0_20200414_231841.apk', 'http://pkg.superdalan.com/game.pkg/download?pkgId=2607&f=dxcyzwzjhgdt_dalan_dsdk_48_1.0.0_20200415_114958.apk'])
[2020-04-15 11:50:08,797][11844][log_file.py][line: 23][DEBUG] ## ('-----------0___20200414_231841.apk----节点1-----------下载校验结果：True',)
[2020-04-15 11:50:40,016][11844][log_file.py][line: 23][DEBUG] ## ('---------0___20200414_231841.apk-------节点2------安装返回结果：True',)
[2020-04-15 11:50:52,053][11844][log_file.py][line: 23][DEBUG] ## ("------------0___20200414_231841.apk----节点3---------拆包校验结果：True:['dc69aae724ca5a7b8d5715f88e471c95.jpg', 'ee3626ffc2400e6e32032f7307c6abcd.jpg']",)
[2020-04-15 11:52:09,857][11844][log_file.py][line: 23][DEBUG] ## ('-----------0___20200414_231841.apk----节点4----------打开游戏结果:True',)
[2020-04-15 11:52:52,106][11844][log_file.py][line: 23][DEBUG] ## ('-----------0___20200414_231841.apk---节点5----------登录游戏结果:True',)
[2020-04-15 11:53:27,524][11844][log_file.py][line: 23][DEBUG] ## ('------0___20200414_231841.apk---节点6-------下单调起微信结果:True',)
[2020-04-15 11:53:33,829][11844][log_file.py][line: 23][DEBUG] ## ('-----------1___20200415_114958.apk----节点1-----------下载校验结果：True',)
[2020-04-15 11:54:00,373][11844][log_file.py][line: 23][DEBUG] ## ('---------1___20200415_114958.apk-------节点2------安装返回结果：包名获取失败_原因apk损坏',)
[2020-04-15 11:55:00,588][12792][log_file.py][line: 23][DEBUG] ## ('从数据库获取apk链接写入日志', [])
[2020-04-15 12:00:00,617][11248][log_file.py][line: 23][DEBUG] ## ('从数据库获取apk链接写入日志', [])
[2020-04-15 12:05:00,613][12444][log_file.py][line: 23][DEBUG] ## ('从数据库获取apk链接写入日志', ['http://pkg.superdalan.com/game.pkg/download?pkgId=2607&f=dxcyzwzjhgdt_dalan_dsdk_48_1.0.0_20200415_120419.apk'])
[2020-04-15 12:05:09,643][12444][log_file.py][line: 23][DEBUG] ## ('-----------0___20200415_120419.apk----节点1-----------下载校验结果：True',)
[2020-04-15 12:05:43,865][12444][log_file.py][line: 23][DEBUG] ## ('---------0___20200415_120419.apk-------节点2------安装返回结果：True',)
[2020-04-15 12:05:55,322][12444][log_file.py][line: 23][DEBUG] ## ("------------0___20200415_120419.apk----节点3---------拆包校验结果：True:['dc69aae724ca5a7b8d5715f88e471c95.jpg', 'ee3626ffc2400e6e32032f7307c6abcd.jpg']",)
[2020-04-15 12:07:00,913][12444][log_file.py][line: 23][DEBUG] ## ('-----------0___20200415_120419.apk----节点4----------打开游戏结果:True',)
[2020-04-15 12:07:38,790][12444][log_file.py][line: 23][DEBUG] ## ('-----------0___20200415_120419.apk---节点5----------登录游戏结果:True',)
[2020-04-15 12:08:15,167][12444][log_file.py][line: 23][DEBUG] ## ('------0___20200415_120419.apk---节点6-------下单调起微信结果:False',)
[2020-04-15 12:10:00,602][9956][log_file.py][line: 23][DEBUG] ## ('从数据库获取apk链接写入日志', [])
[2020-04-15 12:15:00,616][11076][log_file.py][line: 23][DEBUG] ## ('从数据库获取apk链接写入日志', [])
[2020-04-15 12:20:00,604][12808][log_file.py][line: 23][DEBUG] ## ('从数据库获取apk链接写入日志', [])
[2020-04-15 12:25:00,595][10880][log_file.py][line: 23][DEBUG] ## ('从数据库获取apk链接写入日志', [])
[2020-04-15 12:30:00,574][1356][log_file.py][line: 23][DEBUG] ## ('从数据库获取apk链接写入日志', ['http://pkg.superdalan.com/game.pkg/download?pkgId=2346&f=rongyao26_rongyao_android_48_1.0.0_20200415_123015.apk'])
[2020-04-15 12:30:08,861][1356][log_file.py][line: 23][DEBUG] ## ('-----------0___20200415_123015.apk----节点1-----------下载校验结果：True',)
[2020-04-15 12:30:39,149][1356][log_file.py][line: 23][DEBUG] ## ('---------0___20200415_123015.apk-------节点2------安装返回结果：True',)
[2020-04-15 12:30:39,295][1356][log_file.py][line: 23][DEBUG] ## ('--------0___20200415_123015.apk---节点3--------后台没有配置素材无需校验',)
[2020-04-15 12:30:46,652][1356][log_file.py][line: 23][DEBUG] ## ('0__http://pkg.superdalan.com/game.pkg/download?pkgId=2346&f=rongyao26_rongyao_android_48_1.0.0_20200415_123015.apk_非Dalan_Dsdk渠道包，不走自动化流程',)
[2020-04-15 12:35:00,621][9460][log_file.py][line: 23][DEBUG] ## ('从数据库获取apk链接写入日志', [])
[2020-04-15 12:40:00,624][13296][log_file.py][line: 23][DEBUG] ## ('从数据库获取apk链接写入日志', [])
[2020-04-15 12:45:00,605][9224][log_file.py][line: 23][DEBUG] ## ('从数据库获取apk链接写入日志', [])
[2020-04-15 12:50:00,720][2104][log_file.py][line: 23][DEBUG] ## ('从数据库获取apk链接写入日志', ['http://pkg.superdalan.com/game.pkg/download?pkgId=2349&f=rongyao22_rongyao_android_48_1.0.0_20200415_124718.apk'])
[2020-04-15 12:50:08,448][2104][log_file.py][line: 23][DEBUG] ## ('-----------0___20200415_124718.apk----节点1-----------下载校验结果：True',)
[2020-04-15 12:50:40,787][2104][log_file.py][line: 23][DEBUG] ## ('---------0___20200415_124718.apk-------节点2------安装返回结果：True',)
[2020-04-15 12:50:40,946][2104][log_file.py][line: 23][DEBUG] ## ('--------0___20200415_124718.apk---节点3--------后台没有配置素材无需校验',)
[2020-04-15 12:50:48,360][2104][log_file.py][line: 23][DEBUG] ## ('0__http://pkg.superdalan.com/game.pkg/download?pkgId=2349&f=rongyao22_rongyao_android_48_1.0.0_20200415_124718.apk_非Dalan_Dsdk渠道包，不走自动化流程',)
[2020-04-15 12:55:00,601][8484][log_file.py][line: 23][DEBUG] ## ('从数据库获取apk链接写入日志', [])
[2020-04-15 13:00:00,604][10292][log_file.py][line: 23][DEBUG] ## ('从数据库获取apk链接写入日志', [])
[2020-04-15 13:05:00,601][12280][log_file.py][line: 23][DEBUG] ## ('从数据库获取apk链接写入日志', [])
[2020-04-15 13:10:00,589][11784][log_file.py][line: 23][DEBUG] ## ('从数据库获取apk链接写入日志', [])
[2020-04-15 13:15:00,621][12412][log_file.py][line: 23][DEBUG] ## ('从数据库获取apk链接写入日志', [])
[2020-04-15 13:20:00,575][8996][log_file.py][line: 23][DEBUG] ## ('从数据库获取apk链接写入日志', [])
[2020-04-15 13:25:00,591][11084][log_file.py][line: 23][DEBUG] ## ('从数据库获取apk链接写入日志', [])
[2020-04-15 13:30:00,589][13160][log_file.py][line: 23][DEBUG] ## ('从数据库获取apk链接写入日志', [])
[2020-04-15 13:35:00,544][10088][log_file.py][line: 23][DEBUG] ## ('从数据库获取apk链接写入日志', [])
[2020-04-15 13:40:00,549][4884][log_file.py][line: 23][DEBUG] ## ('从数据库获取apk链接写入日志', [])
[2020-04-15 13:45:00,588][10324][log_file.py][line: 23][DEBUG] ## ('从数据库获取apk链接写入日志', [])
[2020-04-15 13:50:00,632][7376][log_file.py][line: 23][DEBUG] ## ('从数据库获取apk链接写入日志', [])
[2020-04-15 13:55:00,545][6816][log_file.py][line: 23][DEBUG] ## ('从数据库获取apk链接写入日志', [])
[2020-04-15 14:00:00,593][12140][log_file.py][line: 23][DEBUG] ## ('从数据库获取apk链接写入日志', [])
[2020-04-15 14:05:00,658][9476][log_file.py][line: 23][DEBUG] ## ('从数据库获取apk链接写入日志', [])
[2020-04-15 14:10:00,610][12760][log_file.py][line: 23][DEBUG] ## ('从数据库获取apk链接写入日志', [])
[2020-04-15 14:15:00,570][11732][log_file.py][line: 23][DEBUG] ## ('从数据库获取apk链接写入日志', [])
[2020-04-15 14:20:00,614][11072][log_file.py][line: 23][DEBUG] ## ('从数据库获取apk链接写入日志', [])
[2020-04-15 14:25:00,542][11712][log_file.py][line: 23][DEBUG] ## ('从数据库获取apk链接写入日志', [])
[2020-04-15 14:30:00,564][4584][log_file.py][line: 23][DEBUG] ## ('从数据库获取apk链接写入日志', [])
[2020-04-15 14:35:00,579][11684][log_file.py][line: 23][DEBUG] ## ('从数据库获取apk链接写入日志', [])
[2020-04-15 14:40:00,558][12568][log_file.py][line: 23][DEBUG] ## ('从数据库获取apk链接写入日志', [])
[2020-04-15 14:45:00,590][11920][log_file.py][line: 23][DEBUG] ## ('从数据库获取apk链接写入日志', [])
[2020-04-15 14:50:00,645][11604][log_file.py][line: 23][DEBUG] ## ('从数据库获取apk链接写入日志', [])
[2020-04-15 14:55:00,609][11052][log_file.py][line: 23][DEBUG] ## ('从数据库获取apk链接写入日志', [])
[2020-04-15 15:00:00,687][11188][log_file.py][line: 23][DEBUG] ## ('从数据库获取apk链接写入日志', ['http://pkg.superdalan.com/game.pkg/download?pkgId=2608&f=jwcswzjhgdt2_dalan_dsdk_48_1.0.0_20200415_145830.apk'])
[2020-04-15 15:00:09,085][11188][log_file.py][line: 23][DEBUG] ## ('-----------0___20200415_145830.apk----节点1-----------下载校验结果：True',)
[2020-04-15 15:00:47,857][11188][log_file.py][line: 23][DEBUG] ## ('---------0___20200415_145830.apk-------节点2------安装返回结果：True',)
[2020-04-15 15:01:22,470][11188][log_file.py][line: 23][DEBUG] ## ("------------0___20200415_145830.apk----节点3---------拆包校验结果：True:['3b6bfc5507f4644170f00d147e276880.jpg', '4af3f4fe3f135cfaa10340e6a24e038d.jpg']",)
[2020-04-15 15:02:25,550][11188][log_file.py][line: 23][DEBUG] ## ('-----------0___20200415_145830.apk----节点4----------打开游戏结果:True',)
[2020-04-15 15:03:07,491][11188][log_file.py][line: 23][DEBUG] ## ('-----------0___20200415_145830.apk---节点5----------登录游戏结果:True',)
[2020-04-15 15:03:40,177][11188][log_file.py][line: 23][DEBUG] ## ('------0___20200415_145830.apk---节点6-------下单调起微信结果:True',)
[2020-04-15 15:05:01,231][13052][log_file.py][line: 23][DEBUG] ## ('从数据库获取apk链接写入日志', [])
[2020-04-15 15:10:00,585][11348][log_file.py][line: 23][DEBUG] ## ('从数据库获取apk链接写入日志', [])
[2020-04-15 15:15:00,655][11696][log_file.py][line: 23][DEBUG] ## ('从数据库获取apk链接写入日志', [])
[2020-04-15 15:20:00,689][10036][log_file.py][line: 23][DEBUG] ## ('从数据库获取apk链接写入日志', [])
[2020-04-15 15:25:00,567][9908][log_file.py][line: 23][DEBUG] ## ('从数据库获取apk链接写入日志', [])
[2020-04-15 15:30:00,601][6408][log_file.py][line: 23][DEBUG] ## ('从数据库获取apk链接写入日志', [])
[2020-04-15 15:35:00,558][12016][log_file.py][line: 23][DEBUG] ## ('从数据库获取apk链接写入日志', [])
[2020-04-15 15:40:00,686][6604][log_file.py][line: 23][DEBUG] ## ('从数据库获取apk链接写入日志', [])
[2020-04-15 15:45:00,617][11052][log_file.py][line: 23][DEBUG] ## ('从数据库获取apk链接写入日志', [])
[2020-04-15 15:50:00,626][12000][log_file.py][line: 23][DEBUG] ## ('从数据库获取apk链接写入日志', [])
[2020-04-15 15:55:00,634][12932][log_file.py][line: 23][DEBUG] ## ('从数据库获取apk链接写入日志', ['http://pkg.superdalan.com/game.pkg/download?pkgId=2178&f=shj2020_biguo_android_48_1.0.0_20200415_155320.apk', 'http://pkg.superdalan.com/game.pkg/download?pkgId=2556&f=sjcxx_dalan_xiaomi_65_1.0.0_20200415_155214.apk'])
[2020-04-15 15:55:09,628][12932][log_file.py][line: 23][DEBUG] ## ('-----------0___20200415_155320.apk----节点1-----------下载校验结果：True',)
[2020-04-15 15:55:47,081][12932][log_file.py][line: 23][DEBUG] ## ('---------0___20200415_155320.apk-------节点2------安装返回结果：True',)
[2020-04-15 15:56:03,391][12932][log_file.py][line: 23][DEBUG] ## ('------------0___20200415_155320.apk----节点3---------拆包校验结果：True:[]',)
[2020-04-15 15:56:14,111][12932][log_file.py][line: 23][DEBUG] ## ('0__http://pkg.superdalan.com/game.pkg/download?pkgId=2178&f=shj2020_biguo_android_48_1.0.0_20200415_155320.apk_非Dalan_Dsdk渠道包，不走自动化流程',)
[2020-04-15 15:56:21,620][12932][log_file.py][line: 23][DEBUG] ## ('-----------1___20200415_155214.apk----节点1-----------下载校验结果：True',)
[2020-04-15 15:56:45,923][12932][log_file.py][line: 23][DEBUG] ## ('---------1___20200415_155214.apk-------节点2------安装返回结果：True',)
[2020-04-15 15:56:54,085][12932][log_file.py][line: 23][DEBUG] ## ('------------1___20200415_155214.apk----节点3---------拆包校验结果：True:[]',)
[2020-04-15 15:57:02,593][12932][log_file.py][line: 23][DEBUG] ## ('1__http://pkg.superdalan.com/game.pkg/download?pkgId=2556&f=sjcxx_dalan_xiaomi_65_1.0.0_20200415_155214.apk_非Dalan_Dsdk渠道包，不走自动化流程',)
[2020-04-15 16:00:00,708][12516][log_file.py][line: 23][DEBUG] ## ('从数据库获取apk链接写入日志', [])
[2020-04-15 16:05:00,617][13124][log_file.py][line: 23][DEBUG] ## ('从数据库获取apk链接写入日志', [])
[2020-04-15 16:10:00,627][12812][log_file.py][line: 23][DEBUG] ## ('从数据库获取apk链接写入日志', [])
[2020-04-15 16:15:00,640][736][log_file.py][line: 23][DEBUG] ## ('从数据库获取apk链接写入日志', [])
[2020-04-15 16:20:01,192][11036][log_file.py][line: 23][DEBUG] ## ('从数据库获取apk链接写入日志', [])
[2020-04-15 16:25:00,644][13208][log_file.py][line: 23][DEBUG] ## ('从数据库获取apk链接写入日志', [])
[2020-04-15 16:30:00,644][10224][log_file.py][line: 23][DEBUG] ## ('从数据库获取apk链接写入日志', [])
[2020-04-15 16:35:00,643][12028][log_file.py][line: 23][DEBUG] ## ('从数据库获取apk链接写入日志', ['http://pkg.superdalan.com/game.pkg/download?pkgId=2350&f=nsmyly_dalan_huawei_10_1.0.5_20200415_163336.apk'])
[2020-04-15 16:35:06,389][12028][log_file.py][line: 23][DEBUG] ## ('-----------0___20200415_163336.apk----节点1-----------下载校验结果：True',)
[2020-04-15 16:35:36,910][12028][log_file.py][line: 23][DEBUG] ## ('---------0___20200415_163336.apk-------节点2------安装返回结果：True',)
[2020-04-15 16:35:54,736][12028][log_file.py][line: 23][DEBUG] ## ("------------0___20200415_163336.apk----节点3---------拆包校验结果：True:['0a63d40a3a24dc3e313c2cdd5b0ded65.jpg', '9adaa97cd28684e4651e4a610550c8a3.jpg']",)
[2020-04-15 16:36:06,292][12028][log_file.py][line: 23][DEBUG] ## ('0__http://pkg.superdalan.com/game.pkg/download?pkgId=2350&f=nsmyly_dalan_huawei_10_1.0.5_20200415_163336.apk_非Dalan_Dsdk渠道包，不走自动化流程',)
[2020-04-15 16:40:00,622][10376][log_file.py][line: 23][DEBUG] ## ('从数据库获取apk链接写入日志', ['http://pkg.superdalan.com/game.pkg/download?pkgId=2350&f=nsmyly_dalan_huawei_10_1.0.5_20200415_164104.apk'])
[2020-04-15 16:40:04,028][10376][log_file.py][line: 23][DEBUG] ## ('-----------0___20200415_164104.apk----节点1-----------下载校验结果：True',)
[2020-04-15 16:40:21,350][10376][log_file.py][line: 23][DEBUG] ## ('---------0___20200415_164104.apk-------节点2------安装返回结果：True',)
[2020-04-15 16:40:40,679][10376][log_file.py][line: 23][DEBUG] ## ("------------0___20200415_164104.apk----节点3---------拆包校验结果：True:['0a63d40a3a24dc3e313c2cdd5b0ded65.jpg', '9adaa97cd28684e4651e4a610550c8a3.jpg']",)
[2020-04-15 16:40:50,396][10376][log_file.py][line: 23][DEBUG] ## ('0__http://pkg.superdalan.com/game.pkg/download?pkgId=2350&f=nsmyly_dalan_huawei_10_1.0.5_20200415_164104.apk_非Dalan_Dsdk渠道包，不走自动化流程',)
[2020-04-15 16:45:00,611][9956][log_file.py][line: 23][DEBUG] ## ('从数据库获取apk链接写入日志', ['http://pkg.superdalan.com/game.pkg/download?pkgId=2350&f=nsmyly_dalan_huawei_10_1.0.5_20200415_164435.apk'])
[2020-04-15 16:45:05,125][9956][log_file.py][line: 23][DEBUG] ## ('-----------0___20200415_164435.apk----节点1-----------下载校验结果：True',)
[2020-04-15 16:45:32,658][9956][log_file.py][line: 23][DEBUG] ## ('---------0___20200415_164435.apk-------节点2------安装返回结果：True',)
[2020-04-15 16:45:49,070][9956][log_file.py][line: 23][DEBUG] ## ("------------0___20200415_164435.apk----节点3---------拆包校验结果：True:['0a63d40a3a24dc3e313c2cdd5b0ded65.jpg', '9adaa97cd28684e4651e4a610550c8a3.jpg']",)
[2020-04-15 16:46:03,263][9956][log_file.py][line: 23][DEBUG] ## ('0__http://pkg.superdalan.com/game.pkg/download?pkgId=2350&f=nsmyly_dalan_huawei_10_1.0.5_20200415_164435.apk_非Dalan_Dsdk渠道包，不走自动化流程',)
[2020-04-15 16:50:01,029][1300][log_file.py][line: 23][DEBUG] ## ('从数据库获取apk链接写入日志', [])
[2020-04-15 16:55:00,682][11424][log_file.py][line: 23][DEBUG] ## ('从数据库获取apk链接写入日志', [])
[2020-04-15 17:00:00,626][7180][log_file.py][line: 23][DEBUG] ## ('从数据库获取apk链接写入日志', [])
[2020-04-15 17:05:00,570][11396][log_file.py][line: 23][DEBUG] ## ('从数据库获取apk链接写入日志', [])
[2020-04-15 17:10:00,556][13008][log_file.py][line: 23][DEBUG] ## ('从数据库获取apk链接写入日志', [])
[2020-04-15 17:15:00,587][9960][log_file.py][line: 23][DEBUG] ## ('从数据库获取apk链接写入日志', [])
[2020-04-15 17:20:00,611][10688][log_file.py][line: 23][DEBUG] ## ('从数据库获取apk链接写入日志', [])
[2020-04-15 17:25:00,569][12748][log_file.py][line: 23][DEBUG] ## ('从数据库获取apk链接写入日志', [])
[2020-04-15 17:30:00,638][11844][log_file.py][line: 23][DEBUG] ## ('从数据库获取apk链接写入日志', [])
[2020-04-15 17:35:00,603][9596][log_file.py][line: 23][DEBUG] ## ('从数据库获取apk链接写入日志', [])
[2020-04-15 17:40:00,636][12776][log_file.py][line: 23][DEBUG] ## ('从数据库获取apk链接写入日志', [])
[2020-04-15 17:45:00,579][5028][log_file.py][line: 23][DEBUG] ## ('从数据库获取apk链接写入日志', [])
[2020-04-15 17:50:00,732][11992][log_file.py][line: 23][DEBUG] ## ('从数据库获取apk链接写入日志', [])
[2020-04-15 17:55:00,630][10484][log_file.py][line: 23][DEBUG] ## ('从数据库获取apk链接写入日志', [])
[2020-04-15 18:00:00,609][12936][log_file.py][line: 23][DEBUG] ## ('从数据库获取apk链接写入日志', ['http://pkg.superdalan.com/game.pkg/download?pkgId=1407&f=zyrgtt_dalan_dsdk_8_1.0.0_20200415_175953.apk'])
[2020-04-15 18:00:15,894][12936][log_file.py][line: 23][DEBUG] ## ('-----------0___20200415_175953.apk----节点1-----------下载校验结果：True',)
[2020-04-15 18:01:12,138][12936][log_file.py][line: 23][DEBUG] ## ('---------0___20200415_175953.apk-------节点2------安装返回结果：True',)
[2020-04-15 18:01:36,260][12936][log_file.py][line: 23][DEBUG] ## ("------------0___20200415_175953.apk----节点3---------拆包校验结果：True:['df00cc9690abe6c221ed81dc5796d9ca.jpg', 'fc035c68a3c5a330aa06f7bb02af7456.jpg']",)
[2020-04-15 18:02:27,700][12936][log_file.py][line: 23][DEBUG] ## ('0__http://pkg.superdalan.com/game.pkg/download?pkgId=1407&f=zyrgtt_dalan_dsdk_8_1.0.0_20200415_175953.apk此原名游戏尚未接入，敬请期待',)
[2020-04-15 18:05:00,563][8328][log_file.py][line: 23][DEBUG] ## ('从数据库获取apk链接写入日志', [])
[2020-04-15 18:10:00,721][7428][log_file.py][line: 23][DEBUG] ## ('从数据库获取apk链接写入日志', [])
[2020-04-15 18:15:00,628][10756][log_file.py][line: 23][DEBUG] ## ('从数据库获取apk链接写入日志', [])
[2020-04-15 18:20:00,506][9424][log_file.py][line: 23][DEBUG] ## ('从数据库获取apk链接写入日志', ['http://pkg.superdalan.com/game.pkg/download?pkgId=2603&f=jwcswzjhgdt_dalan_dsdk_48_1.0.0_20200414_121023.apk'])
[2020-04-15 18:20:19,243][9424][log_file.py][line: 23][DEBUG] ## ('-----------0___20200414_121023.apk----节点1-----------下载校验结果：True',)
[2020-04-15 18:21:09,392][9424][log_file.py][line: 23][DEBUG] ## ('---------0___20200414_121023.apk-------节点2------安装返回结果：True',)
[2020-04-15 18:21:18,811][9424][log_file.py][line: 23][DEBUG] ## ("------------0___20200414_121023.apk----节点3---------拆包校验结果：True:['3b6bfc5507f4644170f00d147e276880.jpg', '4af3f4fe3f135cfaa10340e6a24e038d.jpg']",)
[2020-04-15 18:22:34,044][9424][log_file.py][line: 23][DEBUG] ## ('-----------0___20200414_121023.apk----节点4----------打开游戏结果:True',)
[2020-04-15 18:23:17,928][9424][log_file.py][line: 23][DEBUG] ## ('-----------0___20200414_121023.apk---节点5----------登录游戏结果:True',)
[2020-04-15 18:23:51,229][9424][log_file.py][line: 23][DEBUG] ## ('------0___20200414_121023.apk---节点6-------下单调起微信结果:True',)
[2020-04-15 18:25:00,576][5472][log_file.py][line: 23][DEBUG] ## ('从数据库获取apk链接写入日志', [])
[2020-04-15 18:30:00,567][11428][log_file.py][line: 23][DEBUG] ## ('从数据库获取apk链接写入日志', [])
[2020-04-15 18:35:00,526][9408][log_file.py][line: 23][DEBUG] ## ('从数据库获取apk链接写入日志', [])
[2020-04-15 18:40:00,567][10260][log_file.py][line: 23][DEBUG] ## ('从数据库获取apk链接写入日志', [])
[2020-04-15 18:45:01,417][12728][log_file.py][line: 23][DEBUG] ## ('从数据库获取apk链接写入日志', [])
[2020-04-15 18:50:00,758][6424][log_file.py][line: 23][DEBUG] ## ('从数据库获取apk链接写入日志', [])
[2020-04-15 18:55:00,587][12540][log_file.py][line: 23][DEBUG] ## ('从数据库获取apk链接写入日志', [])
[2020-04-15 19:00:00,595][12192][log_file.py][line: 23][DEBUG] ## ('从数据库获取apk链接写入日志', [])
[2020-04-15 19:05:00,493][12648][log_file.py][line: 23][DEBUG] ## ('从数据库获取apk链接写入日志', [])
[2020-04-15 19:10:00,588][13044][log_file.py][line: 23][DEBUG] ## ('从数据库获取apk链接写入日志', [])
[2020-04-15 19:15:00,525][3248][log_file.py][line: 23][DEBUG] ## ('从数据库获取apk链接写入日志', [])
[2020-04-15 19:20:00,559][11580][log_file.py][line: 23][DEBUG] ## ('从数据库获取apk链接写入日志', [])
[2020-04-15 19:25:00,530][8320][log_file.py][line: 23][DEBUG] ## ('从数据库获取apk链接写入日志', [])
[2020-04-15 19:30:00,765][6324][log_file.py][line: 23][DEBUG] ## ('从数据库获取apk链接写入日志', [])
[2020-04-15 19:35:00,498][10932][log_file.py][line: 23][DEBUG] ## ('从数据库获取apk链接写入日志', [])
[2020-04-15 19:40:00,815][9392][log_file.py][line: 23][DEBUG] ## ('从数据库获取apk链接写入日志', [])
[2020-04-15 19:45:00,713][7680][log_file.py][line: 23][DEBUG] ## ('从数据库获取apk链接写入日志', [])
[2020-04-15 19:50:00,798][10616][log_file.py][line: 23][DEBUG] ## ('从数据库获取apk链接写入日志', [])
[2020-04-15 19:55:00,585][12552][log_file.py][line: 23][DEBUG] ## ('从数据库获取apk链接写入日志', [])
[2020-04-15 20:00:00,631][12840][log_file.py][line: 23][DEBUG] ## ('从数据库获取apk链接写入日志', [])
[2020-04-15 20:05:00,586][12312][log_file.py][line: 23][DEBUG] ## ('从数据库获取apk链接写入日志', [])
[2020-04-15 20:10:00,637][13080][log_file.py][line: 23][DEBUG] ## ('从数据库获取apk链接写入日志', [])
[2020-04-15 20:15:00,544][12152][log_file.py][line: 23][DEBUG] ## ('从数据库获取apk链接写入日志', [])
[2020-04-15 20:20:00,615][1692][log_file.py][line: 23][DEBUG] ## ('从数据库获取apk链接写入日志', [])
[2020-04-15 20:25:00,662][11484][log_file.py][line: 23][DEBUG] ## ('从数据库获取apk链接写入日志', [])
[2020-04-15 20:30:00,614][12292][log_file.py][line: 23][DEBUG] ## ('从数据库获取apk链接写入日志', [])
[2020-04-15 20:35:01,054][6332][log_file.py][line: 23][DEBUG] ## ('从数据库获取apk链接写入日志', [])
[2020-04-15 20:40:01,145][10824][log_file.py][line: 23][DEBUG] ## ('从数据库获取apk链接写入日志', [])
[2020-04-15 20:45:01,108][2324][log_file.py][line: 23][DEBUG] ## ('从数据库获取apk链接写入日志', [])
[2020-04-15 20:50:01,160][13176][log_file.py][line: 23][DEBUG] ## ('从数据库获取apk链接写入日志', [])
[2020-04-15 20:55:00,752][11508][log_file.py][line: 23][DEBUG] ## ('从数据库获取apk链接写入日志', [])
[2020-04-15 21:00:01,287][12716][log_file.py][line: 23][DEBUG] ## ('从数据库获取apk链接写入日志', [])
[2020-04-15 21:05:00,638][9996][log_file.py][line: 23][DEBUG] ## ('从数据库获取apk链接写入日志', [])
[2020-04-15 21:10:00,591][10524][log_file.py][line: 23][DEBUG] ## ('从数据库获取apk链接写入日志', [])
[2020-04-15 21:15:00,627][4364][log_file.py][line: 23][DEBUG] ## ('从数据库获取apk链接写入日志', [])
[2020-04-15 21:20:01,033][10176][log_file.py][line: 23][DEBUG] ## ('从数据库获取apk链接写入日志', [])
[2020-04-15 21:25:00,619][9664][log_file.py][line: 23][DEBUG] ## ('从数据库获取apk链接写入日志', [])
[2020-04-15 21:30:00,668][4576][log_file.py][line: 23][DEBUG] ## ('从数据库获取apk链接写入日志', [])
[2020-04-15 21:35:00,593][10632][log_file.py][line: 23][DEBUG] ## ('从数据库获取apk链接写入日志', [])
[2020-04-15 21:40:00,607][12444][log_file.py][line: 23][DEBUG] ## ('从数据库获取apk链接写入日志', [])
[2020-04-15 21:45:00,652][10612][log_file.py][line: 23][DEBUG] ## ('从数据库获取apk链接写入日志', [])
[2020-04-15 21:50:00,608][12032][log_file.py][line: 23][DEBUG] ## ('从数据库获取apk链接写入日志', [])
[2020-04-15 21:55:00,637][10736][log_file.py][line: 23][DEBUG] ## ('从数据库获取apk链接写入日志', [])
[2020-04-15 22:00:00,841][13272][log_file.py][line: 23][DEBUG] ## ('从数据库获取apk链接写入日志', [])
[2020-04-15 22:05:00,685][4140][log_file.py][line: 23][DEBUG] ## ('从数据库获取apk链接写入日志', [])
[2020-04-15 22:10:01,365][2460][log_file.py][line: 23][DEBUG] ## ('从数据库获取apk链接写入日志', [])
[2020-04-15 22:14:45,518][6492][log_file.py][line: 23][DEBUG] ## ('从数据库获取apk链接写入日志', ['http://pkg.superdalan.com/game.pkg/download?pkgId=2607&f=dxcyzwzjhgdt_dalan_dsdk_48_1.0.0_20200415_114958.apk'])
[2020-04-15 22:14:57,291][6492][log_file.py][line: 23][DEBUG] ## ('-----------0___20200415_114958.apk----节点1-----------下载校验结果：True',)
[2020-04-15 22:15:00,546][12400][log_file.py][line: 23][DEBUG] ## ('从数据库获取apk链接写入日志', ['http://pkg.superdalan.com/game.pkg/download?pkgId=2607&f=dxcyzwzjhgdt_dalan_dsdk_48_1.0.0_20200415_114958.apk'])
[2020-04-15 22:15:29,065][6492][log_file.py][line: 23][DEBUG] ## ('---------0___20200415_114958.apk-------节点2------安装返回结果：包名获取失败_原因apk损坏',)
[2020-04-15 22:20:00,789][12540][log_file.py][line: 23][DEBUG] ## ('从数据库获取apk链接写入日志', [])
[2020-04-15 22:25:00,711][12700][log_file.py][line: 23][DEBUG] ## ('从数据库获取apk链接写入日志', [])
[2020-04-15 22:30:00,727][9820][log_file.py][line: 23][DEBUG] ## ('从数据库获取apk链接写入日志', [])
[2020-04-15 22:35:00,558][12460][log_file.py][line: 23][DEBUG] ## ('从数据库获取apk链接写入日志', [])
[2020-04-15 22:40:00,567][9276][log_file.py][line: 23][DEBUG] ## ('从数据库获取apk链接写入日志', [])
[2020-04-15 22:45:00,738][12688][log_file.py][line: 23][DEBUG] ## ('从数据库获取apk链接写入日志', [])
[2020-04-15 22:50:00,659][10468][log_file.py][line: 23][DEBUG] ## ('从数据库获取apk链接写入日志', [])
[2020-04-15 22:55:00,925][5924][log_file.py][line: 23][DEBUG] ## ('从数据库获取apk链接写入日志', [])
[2020-04-15 23:00:00,743][10224][log_file.py][line: 23][DEBUG] ## ('从数据库获取apk链接写入日志', [])
[2020-04-15 23:05:00,736][10344][log_file.py][line: 23][DEBUG] ## ('从数据库获取apk链接写入日志', [])
[2020-04-15 23:10:00,738][8412][log_file.py][line: 23][DEBUG] ## ('从数据库获取apk链接写入日志', [])
[2020-04-15 23:15:00,704][9684][log_file.py][line: 23][DEBUG] ## ('从数据库获取apk链接写入日志', [])
[2020-04-15 23:20:00,817][6816][log_file.py][line: 23][DEBUG] ## ('从数据库获取apk链接写入日志', [])
[2020-04-15 23:25:00,617][9724][log_file.py][line: 23][DEBUG] ## ('从数据库获取apk链接写入日志', [])
[2020-04-15 23:30:00,604][10588][log_file.py][line: 23][DEBUG] ## ('从数据库获取apk链接写入日志', [])
[2020-04-15 23:35:00,563][5340][log_file.py][line: 23][DEBUG] ## ('从数据库获取apk链接写入日志', [])
[2020-04-15 23:40:00,814][3156][log_file.py][line: 23][DEBUG] ## ('从数据库获取apk链接写入日志', [])
[2020-04-15 23:45:00,574][860][log_file.py][line: 23][DEBUG] ## ('从数据库获取apk链接写入日志', [])
[2020-04-15 23:50:00,598][6164][log_file.py][line: 23][DEBUG] ## ('从数据库获取apk链接写入日志', [])
[2020-04-15 23:55:00,578][6492][log_file.py][line: 23][DEBUG] ## ('从数据库获取apk链接写入日志', [])
