[2020-06-10 15:55:01,044][22428][log_file.py][line: 23][DEBUG] ## ('从数据库获取apk链接写入日志', ['http://pkg.superdalan.com/game.pkg/download?pkgId=2776&f=chwyly1_dalan_dysdk_74_1_20200610_155253.apk', 'http://pkg.superdalan.com/game.pkg/download?pkgId=2898&f=shjbtbgdtlmb_dalan_dsdk_48_1.0.0_20200609_164533.apk'])
[2020-06-10 15:56:52,502][25856][log_file.py][line: 23][DEBUG] ## ('-----------b5940085___20200610_155253.apk----节点1-----------下载校验结果：True',)
[2020-06-10 15:57:09,392][25856][log_file.py][line: 23][DEBUG] ## ('---------b5940085___20200610_155253.apk-------节点2------安装返回结果：True',)
[2020-06-10 15:57:13,926][34504][log_file.py][line: 23][DEBUG] ## ('-----------54a4c6159804___20200609_164533.apk----节点1-----------下载校验结果：True',)
[2020-06-10 15:57:53,349][25856][log_file.py][line: 23][DEBUG] ## ("------------b5940085___20200610_155253.apk----节点3---------拆包校验结果：True:['4713d8e70bbb13ab290f4d921fd35bea.jpg', '99248f9a7d9afa22a9478f06a6364da7.jpg', 'd878ce0f1948a4f83c3adeb29298c88a.jpg']",)
[2020-06-10 15:57:54,078][25856][log_file.py][line: 23][DEBUG] ## ('b5940085___20200610_155253.apk_非Dalan_Dsdk渠道包，不走自动化流程',)
[2020-06-10 15:58:19,494][34504][log_file.py][line: 23][DEBUG] ## ('---------54a4c6159804___20200609_164533.apk-------节点2------安装返回结果：True',)
[2020-06-10 15:58:46,833][34504][log_file.py][line: 23][DEBUG] ## ("------------54a4c6159804___20200609_164533.apk----节点3---------拆包校验结果：True:['76ab9b853e4b1ac48c66b7caf9d0d898.jpg', 'a309441de6e6f702c28141ede88678a4.jpg']",)
[2020-06-10 15:59:56,088][34504][log_file.py][line: 23][DEBUG] ## ('-----------54a4c6159804___20200609_164533.apk----节点4----------打开游戏结果:True',)
[2020-06-10 16:00:51,578][34504][log_file.py][line: 23][DEBUG] ## ('-----------54a4c6159804___20200609_164533.apk----节点5----------登录游戏结果:True',)
[2020-06-10 16:01:41,743][34504][log_file.py][line: 23][DEBUG] ## ('------54a4c6159804___20200609_164533.apk---节点6-------下单调起微信结果:True',)
[2020-06-10 16:05:00,960][30292][log_file.py][line: 23][DEBUG] ## ('从数据库获取apk链接写入日志', [])
[2020-06-10 16:10:00,733][27556][log_file.py][line: 23][DEBUG] ## ('从数据库获取apk链接写入日志', [])
[2020-06-10 16:15:00,769][14552][log_file.py][line: 23][DEBUG] ## ('从数据库获取apk链接写入日志', [])
[2020-06-10 16:20:00,736][22272][log_file.py][line: 23][DEBUG] ## ('从数据库获取apk链接写入日志', [])
[2020-06-10 16:25:00,727][16080][log_file.py][line: 23][DEBUG] ## ('从数据库获取apk链接写入日志', [])
[2020-06-10 16:30:00,736][7036][log_file.py][line: 23][DEBUG] ## ('从数据库获取apk链接写入日志', [])
[2020-06-10 16:35:01,282][21532][log_file.py][line: 23][DEBUG] ## ('从数据库获取apk链接写入日志', [])
[2020-06-10 16:40:00,852][31512][log_file.py][line: 23][DEBUG] ## ('从数据库获取apk链接写入日志', [])
[2020-06-10 16:45:01,925][20464][log_file.py][line: 23][DEBUG] ## ('从数据库获取apk链接写入日志', [])
[2020-06-10 16:50:01,439][35232][log_file.py][line: 23][DEBUG] ## ('从数据库获取apk链接写入日志', [])
[2020-06-10 16:55:01,507][14496][log_file.py][line: 23][DEBUG] ## ('从数据库获取apk链接写入日志', [])
[2020-06-10 17:00:00,834][34684][log_file.py][line: 23][DEBUG] ## ('从数据库获取apk链接写入日志', [])
[2020-06-10 17:05:00,709][15492][log_file.py][line: 23][DEBUG] ## ('从数据库获取apk链接写入日志', [])
[2020-06-10 17:10:00,833][15196][log_file.py][line: 23][DEBUG] ## ('从数据库获取apk链接写入日志', [])
[2020-06-10 17:15:00,726][24332][log_file.py][line: 23][DEBUG] ## ('从数据库获取apk链接写入日志', [])
[2020-06-10 17:20:00,789][31416][log_file.py][line: 23][DEBUG] ## ('从数据库获取apk链接写入日志', [])
[2020-06-10 17:25:00,758][12588][log_file.py][line: 23][DEBUG] ## ('从数据库获取apk链接写入日志', [])
[2020-06-10 17:30:01,411][23220][log_file.py][line: 23][DEBUG] ## ('从数据库获取apk链接写入日志', [])
[2020-06-10 17:35:01,170][11288][log_file.py][line: 23][DEBUG] ## ('从数据库获取apk链接写入日志', [])
[2020-06-10 17:40:00,738][22476][log_file.py][line: 23][DEBUG] ## ('从数据库获取apk链接写入日志', [])
[2020-06-10 17:45:00,723][10140][log_file.py][line: 23][DEBUG] ## ('从数据库获取apk链接写入日志', [])
[2020-06-10 17:50:00,773][24944][log_file.py][line: 23][DEBUG] ## ('从数据库获取apk链接写入日志', [])
[2020-06-10 17:55:00,746][9516][log_file.py][line: 23][DEBUG] ## ('从数据库获取apk链接写入日志', [])
[2020-06-10 18:00:00,755][6988][log_file.py][line: 23][DEBUG] ## ('从数据库获取apk链接写入日志', [])
[2020-06-10 18:05:00,776][12376][log_file.py][line: 23][DEBUG] ## ('从数据库获取apk链接写入日志', [])
[2020-06-10 18:10:00,836][35124][log_file.py][line: 23][DEBUG] ## ('从数据库获取apk链接写入日志', [])
[2020-06-10 18:15:00,772][9812][log_file.py][line: 23][DEBUG] ## ('从数据库获取apk链接写入日志', ['http://pkg.superdalan.com/game.pkg/download?pkgId=2901&f=sgsmjzzsghgf_dalan_dsdk_3_1.0.0_20200610_181556.apk'])
[2020-06-10 18:20:10,244][19352][log_file.py][line: 23][DEBUG] ## ('-----------b5940085___20200610_181556.apk----节点1-----------下载校验结果：True',)
[2020-06-10 18:21:34,308][19352][log_file.py][line: 23][DEBUG] ## ('---------b5940085___20200610_181556.apk-------节点2------安装返回结果：True',)
[2020-06-10 18:22:48,755][19352][log_file.py][line: 23][DEBUG] ## ('------------b5940085___20200610_181556.apk----节点3---------拆包校验结果：False:只有应用名称匹配成功_图片失败',)
[2020-06-10 18:25:00,702][15892][log_file.py][line: 23][DEBUG] ## ('从数据库获取apk链接写入日志', ['http://pkg.superdalan.com/game.pkg/download?pkgId=2901&f=sgsmjzzsghgf_dalan_dsdk_3_1.0.0_20200610_182345.apk'])
[2020-06-10 18:30:00,706][27828][log_file.py][line: 23][DEBUG] ## ('从数据库获取apk链接写入日志', ['http://pkg.superdalan.com/game.pkg/download?pkgId=2901&f=sgsmjzzsghgf_dalan_dsdk_3_1.0.0_20200610_182345.apk', 'http://pkg.superdalan.com/game.pkg/download?pkgId=2901&f=sgsmjzzsghgf_dalan_dsdk_3_1.0.0_20200610_183021.apk'])
[2020-06-10 18:35:00,729][33916][log_file.py][line: 23][DEBUG] ## ('从数据库获取apk链接写入日志', ['http://pkg.superdalan.com/game.pkg/download?pkgId=2849&f=chwyly1_dalan_bilibili_74_1_20200610_183251.apk', 'http://pkg.superdalan.com/game.pkg/download?pkgId=2901&f=sgsmjzzsghgf_dalan_dsdk_3_1.0.0_20200610_182345.apk', 'http://pkg.superdalan.com/game.pkg/download?pkgId=2901&f=sgsmjzzsghgf_dalan_dsdk_3_1.0.0_20200610_183021.apk'])
[2020-06-10 18:37:40,558][28384][log_file.py][line: 23][DEBUG] ## ('-----------b5940085___20200610_183251.apk----节点1-----------下载校验结果：True',)
[2020-06-10 18:37:54,266][28384][log_file.py][line: 23][DEBUG] ## ('---------b5940085___20200610_183251.apk-------节点2------安装返回结果：True',)
[2020-06-10 18:38:20,389][28384][log_file.py][line: 23][DEBUG] ## ("------------b5940085___20200610_183251.apk----节点3---------拆包校验结果：True:['4713d8e70bbb13ab290f4d921fd35bea.jpg', 'd878ce0f1948a4f83c3adeb29298c88a.jpg', '99248f9a7d9afa22a9478f06a6364da7.jpg']",)
[2020-06-10 18:38:21,094][28384][log_file.py][line: 23][DEBUG] ## ('b5940085___20200610_183251.apk_非Dalan_Dsdk渠道包，不走自动化流程',)
[2020-06-10 18:47:01,973][12992][log_file.py][line: 23][DEBUG] ## ('-----------54a4c6159804___20200610_182345.apk----节点1-----------下载校验结果：True',)
[2020-06-10 18:47:03,830][17052][log_file.py][line: 23][DEBUG] ## ('-----------R8AYIJWO99999999___20200610_183021.apk----节点1-----------下载校验结果：True',)
[2020-06-10 18:49:16,457][12992][log_file.py][line: 23][DEBUG] ## ('---------54a4c6159804___20200610_182345.apk-------节点2------安装返回结果：True',)
[2020-06-10 18:50:16,682][12992][log_file.py][line: 23][DEBUG] ## ("------------54a4c6159804___20200610_182345.apk----节点3---------拆包校验结果：True:['1abc1b884fd7f50ebaeb750d88bd9442.jpg', '5f947db9c2c1285be8c680883745e7f1.jpg', '7028b43bc9cabcf82e3b6cc2c1d68937.jpg']",)
[2020-06-10 18:50:20,371][17052][log_file.py][line: 23][DEBUG] ## ('---------R8AYIJWO99999999___20200610_183021.apk-------节点2------安装返回结果：True',)
[2020-06-10 18:50:21,436][12992][log_file.py][line: 23][DEBUG] ## ('54a4c6159804___20200610_182345.apk此原名游戏尚未接入，敬请期待',)
[2020-06-10 18:51:25,681][17052][log_file.py][line: 23][DEBUG] ## ("------------R8AYIJWO99999999___20200610_183021.apk----节点3---------拆包校验结果：True:['1abc1b884fd7f50ebaeb750d88bd9442.jpg', '5f947db9c2c1285be8c680883745e7f1.jpg', '7028b43bc9cabcf82e3b6cc2c1d68937.jpg']",)
[2020-06-10 18:51:30,474][17052][log_file.py][line: 23][DEBUG] ## ('R8AYIJWO99999999___20200610_183021.apk此原名游戏尚未接入，敬请期待',)
[2020-06-10 18:55:00,968][6736][log_file.py][line: 23][DEBUG] ## ('从数据库获取apk链接写入日志', [])
[2020-06-10 19:00:00,723][31068][log_file.py][line: 23][DEBUG] ## ('从数据库获取apk链接写入日志', [])
[2020-06-10 19:05:00,739][22952][log_file.py][line: 23][DEBUG] ## ('从数据库获取apk链接写入日志', ['http://pkg.superdalan.com/game.pkg/download?pkgId=2901&f=sgsmjzzsghgf_dalan_dsdk_3_1.0.0_20200610_190150.apk'])
[2020-06-10 19:07:12,027][26708][log_file.py][line: 23][DEBUG] ## ('-----------b5940085___20200610_190150.apk----节点1-----------下载校验结果：True',)
[2020-06-10 19:08:28,555][26708][log_file.py][line: 23][DEBUG] ## ('---------b5940085___20200610_190150.apk-------节点2------安装返回结果：True',)
[2020-06-10 19:09:39,560][26708][log_file.py][line: 23][DEBUG] ## ("------------b5940085___20200610_190150.apk----节点3---------拆包校验结果：True:['1abc1b884fd7f50ebaeb750d88bd9442.jpg', '7028b43bc9cabcf82e3b6cc2c1d68937.jpg', '5f947db9c2c1285be8c680883745e7f1.jpg']",)
[2020-06-10 19:09:41,752][26708][log_file.py][line: 23][DEBUG] ## ('b5940085___20200610_190150.apk此原名游戏尚未接入，敬请期待',)
[2020-06-10 19:10:01,382][22344][log_file.py][line: 23][DEBUG] ## ('从数据库获取apk链接写入日志', [])
[2020-06-10 19:15:00,810][27888][log_file.py][line: 23][DEBUG] ## ('从数据库获取apk链接写入日志', [])
[2020-06-10 19:20:00,807][29712][log_file.py][line: 23][DEBUG] ## ('从数据库获取apk链接写入日志', [])
[2020-06-10 19:25:00,727][7768][log_file.py][line: 23][DEBUG] ## ('从数据库获取apk链接写入日志', [])
[2020-06-10 19:30:00,753][30256][log_file.py][line: 23][DEBUG] ## ('从数据库获取apk链接写入日志', [])
[2020-06-10 19:35:00,758][29560][log_file.py][line: 23][DEBUG] ## ('从数据库获取apk链接写入日志', [])
[2020-06-10 19:40:00,723][22860][log_file.py][line: 23][DEBUG] ## ('从数据库获取apk链接写入日志', [])
[2020-06-10 19:45:00,713][27980][log_file.py][line: 23][DEBUG] ## ('从数据库获取apk链接写入日志', [])
[2020-06-10 19:50:00,739][33788][log_file.py][line: 23][DEBUG] ## ('从数据库获取apk链接写入日志', [])
[2020-06-10 19:55:00,766][31584][log_file.py][line: 23][DEBUG] ## ('从数据库获取apk链接写入日志', [])
[2020-06-10 20:00:00,724][24612][log_file.py][line: 23][DEBUG] ## ('从数据库获取apk链接写入日志', [])
[2020-06-10 20:05:00,741][22252][log_file.py][line: 23][DEBUG] ## ('从数据库获取apk链接写入日志', [])
[2020-06-10 20:10:00,690][22244][log_file.py][line: 23][DEBUG] ## ('从数据库获取apk链接写入日志', [])
[2020-06-10 20:15:00,768][24596][log_file.py][line: 23][DEBUG] ## ('从数据库获取apk链接写入日志', [])
[2020-06-10 20:20:00,752][14624][log_file.py][line: 23][DEBUG] ## ('从数据库获取apk链接写入日志', [])
[2020-06-10 20:25:00,761][34720][log_file.py][line: 23][DEBUG] ## ('从数据库获取apk链接写入日志', [])
[2020-06-10 20:30:00,746][8468][log_file.py][line: 23][DEBUG] ## ('从数据库获取apk链接写入日志', [])
[2020-06-10 20:35:00,717][10944][log_file.py][line: 23][DEBUG] ## ('从数据库获取apk链接写入日志', [])
[2020-06-10 20:40:00,776][25812][log_file.py][line: 23][DEBUG] ## ('从数据库获取apk链接写入日志', ['http://pkg.superdalan.com/game.pkg/download?pkgId=2901&f=sgsmjzzsghgf_dalan_dsdk_3_1.0.0_20200610_203856.apk'])
[2020-06-10 20:42:56,647][18836][log_file.py][line: 23][DEBUG] ## ('-----------b5940085___20200610_203856.apk----节点1-----------下载校验结果：True',)
[2020-06-10 20:45:02,873][34600][log_file.py][line: 23][DEBUG] ## ('从数据库获取apk链接写入日志', ['http://pkg.superdalan.com/game.pkg/download?pkgId=2901&f=sgsmjzzsghgf_dalan_dsdk_3_1.0.0_20200610_203856.apk'])
[2020-06-10 20:46:38,034][11708][log_file.py][line: 23][DEBUG] ## ('-----------b5940085___20200610_203856.apk----节点1-----------下载校验结果：True',)
[2020-06-10 20:50:01,215][27656][log_file.py][line: 23][DEBUG] ## ('从数据库获取apk链接写入日志', ['http://pkg.superdalan.com/game.pkg/download?pkgId=2901&f=sgsmjzzsghgf_dalan_dsdk_3_1.0.0_20200610_203856.apk'])
[2020-06-10 20:55:45,098][27312][log_file.py][line: 23][DEBUG] ## ('-----------b5940085___20200610_203856.apk----节点1-----------下载校验结果：True',)
[2020-06-10 21:00:01,204][25236][log_file.py][line: 23][DEBUG] ## ('从数据库获取apk链接写入日志', ['http://pkg.superdalan.com/game.pkg/download?pkgId=2761&f=chwyly1_dalan_huawei_74_1_20200610_205809.apk', 'http://pkg.superdalan.com/game.pkg/download?pkgId=2849&f=chwyly1_dalan_bilibili_74_1_20200610_205947.apk', 'http://pkg.superdalan.com/game.pkg/download?pkgId=2901&f=sgsmjzzsghgf_dalan_dsdk_3_1.0.0_20200610_203856.apk'])
[2020-06-10 21:02:33,505][3344][log_file.py][line: 23][DEBUG] ## ('-----------b5940085___20200610_205809.apk----节点1-----------下载校验结果：True',)
[2020-06-10 21:02:39,552][28332][log_file.py][line: 23][DEBUG] ## ('-----------54a4c6159804___20200610_205947.apk----节点1-----------下载校验结果：True',)
[2020-06-10 21:03:15,903][28332][log_file.py][line: 23][DEBUG] ## ('---------54a4c6159804___20200610_205947.apk-------节点2------安装返回结果：True',)
[2020-06-10 21:03:39,934][28332][log_file.py][line: 23][DEBUG] ## ("------------54a4c6159804___20200610_205947.apk----节点3---------拆包校验结果：True:['99248f9a7d9afa22a9478f06a6364da7.jpg', '4713d8e70bbb13ab290f4d921fd35bea.jpg', 'd878ce0f1948a4f83c3adeb29298c88a.jpg']",)
[2020-06-10 21:03:42,842][28332][log_file.py][line: 23][DEBUG] ## ('54a4c6159804___20200610_205947.apk_非Dalan_Dsdk渠道包，不走自动化流程',)
[2020-06-10 21:07:42,234][18424][log_file.py][line: 23][DEBUG] ## ('-----------R8AYIJWO99999999___20200610_203856.apk----节点1-----------下载校验结果：True',)
[2020-06-10 21:10:31,170][18424][log_file.py][line: 23][DEBUG] ## ('---------R8AYIJWO99999999___20200610_203856.apk-------节点2------安装返回结果：True',)
[2020-06-10 21:11:23,381][18424][log_file.py][line: 23][DEBUG] ## ("------------R8AYIJWO99999999___20200610_203856.apk----节点3---------拆包校验结果：True:['5f947db9c2c1285be8c680883745e7f1.jpg', 'f5ff1afff27a45b494653530dc24810a.jpg', '7028b43bc9cabcf82e3b6cc2c1d68937.jpg']",)
[2020-06-10 21:11:28,054][18424][log_file.py][line: 23][DEBUG] ## ('R8AYIJWO99999999___20200610_203856.apk此原名游戏尚未接入，敬请期待',)
[2020-06-10 21:15:01,229][26604][log_file.py][line: 23][DEBUG] ## ('从数据库获取apk链接写入日志', ['http://pkg.superdalan.com/game.pkg/download?pkgId=2761&f=chwyly1_dalan_huawei_74_1_20200610_205809.apk'])
[2020-06-10 21:16:08,035][16992][log_file.py][line: 23][DEBUG] ## ('-----------b5940085___20200610_205809.apk----节点1-----------下载校验结果：True',)
[2020-06-10 21:20:00,730][13528][log_file.py][line: 23][DEBUG] ## ('从数据库获取apk链接写入日志', ['http://pkg.superdalan.com/game.pkg/download?pkgId=2761&f=chwyly1_dalan_huawei_74_1_20200610_205809.apk'])
[2020-06-10 21:20:56,345][12972][log_file.py][line: 23][DEBUG] ## ('-----------b5940085___20200610_205809.apk----节点1-----------下载校验结果：True',)
[2020-06-10 21:25:00,688][8236][log_file.py][line: 23][DEBUG] ## ('从数据库获取apk链接写入日志', ['http://pkg.superdalan.com/game.pkg/download?pkgId=2761&f=chwyly1_dalan_huawei_74_1_20200610_205809.apk'])
[2020-06-10 21:25:57,279][25540][log_file.py][line: 23][DEBUG] ## ('-----------b5940085___20200610_205809.apk----节点1-----------下载校验结果：True',)
[2020-06-10 21:30:00,734][32776][log_file.py][line: 23][DEBUG] ## ('从数据库获取apk链接写入日志', ['http://pkg.superdalan.com/game.pkg/download?pkgId=2761&f=chwyly1_dalan_huawei_74_1_20200610_205809.apk'])
[2020-06-10 21:30:58,149][14192][log_file.py][line: 23][DEBUG] ## ('-----------b5940085___20200610_205809.apk----节点1-----------下载校验结果：True',)
[2020-06-10 21:35:00,717][4628][log_file.py][line: 23][DEBUG] ## ('从数据库获取apk链接写入日志', ['http://pkg.superdalan.com/game.pkg/download?pkgId=2761&f=chwyly1_dalan_huawei_74_1_20200610_205809.apk'])
[2020-06-10 21:35:57,489][14644][log_file.py][line: 23][DEBUG] ## ('-----------b5940085___20200610_205809.apk----节点1-----------下载校验结果：True',)
[2020-06-10 21:40:00,812][24792][log_file.py][line: 23][DEBUG] ## ('从数据库获取apk链接写入日志', ['http://pkg.superdalan.com/game.pkg/download?pkgId=2761&f=chwyly1_dalan_huawei_74_1_20200610_205809.apk'])
[2020-06-10 21:40:56,888][7940][log_file.py][line: 23][DEBUG] ## ('-----------b5940085___20200610_205809.apk----节点1-----------下载校验结果：True',)
[2020-06-10 21:45:00,755][28032][log_file.py][line: 23][DEBUG] ## ('从数据库获取apk链接写入日志', ['http://pkg.superdalan.com/game.pkg/download?pkgId=2761&f=chwyly1_dalan_huawei_74_1_20200610_205809.apk'])
[2020-06-10 21:45:57,844][24832][log_file.py][line: 23][DEBUG] ## ('-----------b5940085___20200610_205809.apk----节点1-----------下载校验结果：True',)
[2020-06-10 21:50:00,685][28572][log_file.py][line: 23][DEBUG] ## ('从数据库获取apk链接写入日志', ['http://pkg.superdalan.com/game.pkg/download?pkgId=2761&f=chwyly1_dalan_huawei_74_1_20200610_205809.apk'])
[2020-06-10 21:50:57,655][11352][log_file.py][line: 23][DEBUG] ## ('-----------b5940085___20200610_205809.apk----节点1-----------下载校验结果：True',)
[2020-06-10 21:55:00,740][33384][log_file.py][line: 23][DEBUG] ## ('从数据库获取apk链接写入日志', ['http://pkg.superdalan.com/game.pkg/download?pkgId=2761&f=chwyly1_dalan_huawei_74_1_20200610_205809.apk'])
[2020-06-10 21:55:57,560][32760][log_file.py][line: 23][DEBUG] ## ('-----------b5940085___20200610_205809.apk----节点1-----------下载校验结果：True',)
[2020-06-10 22:00:00,734][14456][log_file.py][line: 23][DEBUG] ## ('从数据库获取apk链接写入日志', ['http://pkg.superdalan.com/game.pkg/download?pkgId=2761&f=chwyly1_dalan_huawei_74_1_20200610_205809.apk'])
[2020-06-10 22:00:56,084][13020][log_file.py][line: 23][DEBUG] ## ('-----------b5940085___20200610_205809.apk----节点1-----------下载校验结果：True',)
[2020-06-10 22:05:00,729][24772][log_file.py][line: 23][DEBUG] ## ('从数据库获取apk链接写入日志', ['http://pkg.superdalan.com/game.pkg/download?pkgId=2761&f=chwyly1_dalan_huawei_74_1_20200610_205809.apk'])
[2020-06-10 22:05:57,802][12072][log_file.py][line: 23][DEBUG] ## ('-----------b5940085___20200610_205809.apk----节点1-----------下载校验结果：True',)
[2020-06-10 22:10:01,237][25328][log_file.py][line: 23][DEBUG] ## ('从数据库获取apk链接写入日志', ['http://pkg.superdalan.com/game.pkg/download?pkgId=2761&f=chwyly1_dalan_huawei_74_1_20200610_205809.apk'])
[2020-06-10 22:10:57,772][17012][log_file.py][line: 23][DEBUG] ## ('-----------b5940085___20200610_205809.apk----节点1-----------下载校验结果：True',)
[2020-06-10 22:15:01,134][34464][log_file.py][line: 23][DEBUG] ## ('从数据库获取apk链接写入日志', ['http://pkg.superdalan.com/game.pkg/download?pkgId=2761&f=chwyly1_dalan_huawei_74_1_20200610_205809.apk'])
[2020-06-10 22:15:55,509][27304][log_file.py][line: 23][DEBUG] ## ('-----------b5940085___20200610_205809.apk----节点1-----------下载校验结果：True',)
[2020-06-10 22:20:00,747][12852][log_file.py][line: 23][DEBUG] ## ('从数据库获取apk链接写入日志', ['http://pkg.superdalan.com/game.pkg/download?pkgId=2761&f=chwyly1_dalan_huawei_74_1_20200610_205809.apk'])
[2020-06-10 22:20:56,591][5724][log_file.py][line: 23][DEBUG] ## ('-----------b5940085___20200610_205809.apk----节点1-----------下载校验结果：True',)
[2020-06-10 22:25:00,755][9836][log_file.py][line: 23][DEBUG] ## ('从数据库获取apk链接写入日志', ['http://pkg.superdalan.com/game.pkg/download?pkgId=2761&f=chwyly1_dalan_huawei_74_1_20200610_205809.apk'])
[2020-06-10 22:25:56,322][16368][log_file.py][line: 23][DEBUG] ## ('-----------b5940085___20200610_205809.apk----节点1-----------下载校验结果：True',)
[2020-06-10 22:30:00,776][25028][log_file.py][line: 23][DEBUG] ## ('从数据库获取apk链接写入日志', ['http://pkg.superdalan.com/game.pkg/download?pkgId=2761&f=chwyly1_dalan_huawei_74_1_20200610_205809.apk'])
[2020-06-10 22:30:58,362][24844][log_file.py][line: 23][DEBUG] ## ('-----------b5940085___20200610_205809.apk----节点1-----------下载校验结果：True',)
[2020-06-10 22:35:00,719][22300][log_file.py][line: 23][DEBUG] ## ('从数据库获取apk链接写入日志', ['http://pkg.superdalan.com/game.pkg/download?pkgId=2761&f=chwyly1_dalan_huawei_74_1_20200610_205809.apk'])
[2020-06-10 22:35:57,701][9420][log_file.py][line: 23][DEBUG] ## ('-----------b5940085___20200610_205809.apk----节点1-----------下载校验结果：True',)
[2020-06-10 22:40:00,719][11552][log_file.py][line: 23][DEBUG] ## ('从数据库获取apk链接写入日志', ['http://pkg.superdalan.com/game.pkg/download?pkgId=2761&f=chwyly1_dalan_huawei_74_1_20200610_205809.apk'])
[2020-06-10 22:40:56,337][19260][log_file.py][line: 23][DEBUG] ## ('-----------b5940085___20200610_205809.apk----节点1-----------下载校验结果：True',)
[2020-06-10 22:45:00,709][18156][log_file.py][line: 23][DEBUG] ## ('从数据库获取apk链接写入日志', ['http://pkg.superdalan.com/game.pkg/download?pkgId=2761&f=chwyly1_dalan_huawei_74_1_20200610_205809.apk'])
[2020-06-10 22:45:57,297][20992][log_file.py][line: 23][DEBUG] ## ('-----------b5940085___20200610_205809.apk----节点1-----------下载校验结果：True',)
[2020-06-10 22:50:00,726][22264][log_file.py][line: 23][DEBUG] ## ('从数据库获取apk链接写入日志', ['http://pkg.superdalan.com/game.pkg/download?pkgId=2761&f=chwyly1_dalan_huawei_74_1_20200610_205809.apk'])
[2020-06-10 22:50:57,067][11756][log_file.py][line: 23][DEBUG] ## ('-----------b5940085___20200610_205809.apk----节点1-----------下载校验结果：True',)
[2020-06-10 22:55:00,698][31760][log_file.py][line: 23][DEBUG] ## ('从数据库获取apk链接写入日志', ['http://pkg.superdalan.com/game.pkg/download?pkgId=2761&f=chwyly1_dalan_huawei_74_1_20200610_205809.apk'])
[2020-06-10 22:55:55,909][31080][log_file.py][line: 23][DEBUG] ## ('-----------b5940085___20200610_205809.apk----节点1-----------下载校验结果：True',)
[2020-06-10 23:00:00,733][17188][log_file.py][line: 23][DEBUG] ## ('从数据库获取apk链接写入日志', ['http://pkg.superdalan.com/game.pkg/download?pkgId=2761&f=chwyly1_dalan_huawei_74_1_20200610_205809.apk'])
[2020-06-10 23:00:55,995][34472][log_file.py][line: 23][DEBUG] ## ('-----------b5940085___20200610_205809.apk----节点1-----------下载校验结果：True',)
[2020-06-10 23:05:00,713][12172][log_file.py][line: 23][DEBUG] ## ('从数据库获取apk链接写入日志', ['http://pkg.superdalan.com/game.pkg/download?pkgId=2761&f=chwyly1_dalan_huawei_74_1_20200610_205809.apk'])
[2020-06-10 23:05:56,423][14548][log_file.py][line: 23][DEBUG] ## ('-----------b5940085___20200610_205809.apk----节点1-----------下载校验结果：True',)
[2020-06-10 23:10:00,712][30260][log_file.py][line: 23][DEBUG] ## ('从数据库获取apk链接写入日志', ['http://pkg.superdalan.com/game.pkg/download?pkgId=2761&f=chwyly1_dalan_huawei_74_1_20200610_205809.apk'])
[2020-06-10 23:10:56,284][34032][log_file.py][line: 23][DEBUG] ## ('-----------b5940085___20200610_205809.apk----节点1-----------下载校验结果：True',)
[2020-06-10 23:15:00,689][8076][log_file.py][line: 23][DEBUG] ## ('从数据库获取apk链接写入日志', ['http://pkg.superdalan.com/game.pkg/download?pkgId=2761&f=chwyly1_dalan_huawei_74_1_20200610_205809.apk'])
[2020-06-10 23:15:56,775][13984][log_file.py][line: 23][DEBUG] ## ('-----------b5940085___20200610_205809.apk----节点1-----------下载校验结果：True',)
[2020-06-10 23:20:00,677][23204][log_file.py][line: 23][DEBUG] ## ('从数据库获取apk链接写入日志', ['http://pkg.superdalan.com/game.pkg/download?pkgId=2761&f=chwyly1_dalan_huawei_74_1_20200610_205809.apk'])
[2020-06-10 23:20:56,601][23852][log_file.py][line: 23][DEBUG] ## ('-----------b5940085___20200610_205809.apk----节点1-----------下载校验结果：True',)
[2020-06-10 23:25:00,728][19568][log_file.py][line: 23][DEBUG] ## ('从数据库获取apk链接写入日志', ['http://pkg.superdalan.com/game.pkg/download?pkgId=2761&f=chwyly1_dalan_huawei_74_1_20200610_205809.apk'])
[2020-06-10 23:25:56,886][27456][log_file.py][line: 23][DEBUG] ## ('-----------b5940085___20200610_205809.apk----节点1-----------下载校验结果：True',)
[2020-06-10 23:30:00,715][1352][log_file.py][line: 23][DEBUG] ## ('从数据库获取apk链接写入日志', ['http://pkg.superdalan.com/game.pkg/download?pkgId=2761&f=chwyly1_dalan_huawei_74_1_20200610_205809.apk'])
[2020-06-10 23:30:57,545][33264][log_file.py][line: 23][DEBUG] ## ('-----------b5940085___20200610_205809.apk----节点1-----------下载校验结果：True',)
[2020-06-10 23:35:00,751][17692][log_file.py][line: 23][DEBUG] ## ('从数据库获取apk链接写入日志', ['http://pkg.superdalan.com/game.pkg/download?pkgId=2761&f=chwyly1_dalan_huawei_74_1_20200610_205809.apk'])
[2020-06-10 23:35:57,149][27192][log_file.py][line: 23][DEBUG] ## ('-----------b5940085___20200610_205809.apk----节点1-----------下载校验结果：True',)
[2020-06-10 23:40:00,701][35632][log_file.py][line: 23][DEBUG] ## ('从数据库获取apk链接写入日志', ['http://pkg.superdalan.com/game.pkg/download?pkgId=2761&f=chwyly1_dalan_huawei_74_1_20200610_205809.apk'])
[2020-06-10 23:40:56,515][15232][log_file.py][line: 23][DEBUG] ## ('-----------b5940085___20200610_205809.apk----节点1-----------下载校验结果：True',)
[2020-06-10 23:45:00,674][31684][log_file.py][line: 23][DEBUG] ## ('从数据库获取apk链接写入日志', ['http://pkg.superdalan.com/game.pkg/download?pkgId=2761&f=chwyly1_dalan_huawei_74_1_20200610_205809.apk'])
[2020-06-10 23:45:56,180][31604][log_file.py][line: 23][DEBUG] ## ('-----------b5940085___20200610_205809.apk----节点1-----------下载校验结果：True',)
[2020-06-10 23:50:00,723][26088][log_file.py][line: 23][DEBUG] ## ('从数据库获取apk链接写入日志', ['http://pkg.superdalan.com/game.pkg/download?pkgId=2761&f=chwyly1_dalan_huawei_74_1_20200610_205809.apk'])
[2020-06-10 23:50:57,847][5364][log_file.py][line: 23][DEBUG] ## ('-----------b5940085___20200610_205809.apk----节点1-----------下载校验结果：True',)
[2020-06-10 23:55:00,708][28944][log_file.py][line: 23][DEBUG] ## ('从数据库获取apk链接写入日志', ['http://pkg.superdalan.com/game.pkg/download?pkgId=2761&f=chwyly1_dalan_huawei_74_1_20200610_205809.apk'])
[2020-06-10 23:55:56,797][14728][log_file.py][line: 23][DEBUG] ## ('-----------b5940085___20200610_205809.apk----节点1-----------下载校验结果：True',)
