[2020-05-28 00:00:00,666][7368][log_file.py][line: 23][DEBUG] ## ('从数据库获取apk链接写入日志', [])
[2020-05-28 00:05:00,687][9140][log_file.py][line: 23][DEBUG] ## ('从数据库获取apk链接写入日志', [])
[2020-05-28 00:10:00,624][4048][log_file.py][line: 23][DEBUG] ## ('从数据库获取apk链接写入日志', [])
[2020-05-28 00:15:00,592][4920][log_file.py][line: 23][DEBUG] ## ('从数据库获取apk链接写入日志', [])
[2020-05-28 00:20:00,723][6636][log_file.py][line: 23][DEBUG] ## ('从数据库获取apk链接写入日志', [])
[2020-05-28 00:25:00,620][8656][log_file.py][line: 23][DEBUG] ## ('从数据库获取apk链接写入日志', [])
[2020-05-28 00:30:00,648][8892][log_file.py][line: 23][DEBUG] ## ('从数据库获取apk链接写入日志', [])
[2020-05-28 00:35:00,715][6652][log_file.py][line: 23][DEBUG] ## ('从数据库获取apk链接写入日志', [])
[2020-05-28 00:40:00,635][7436][log_file.py][line: 23][DEBUG] ## ('从数据库获取apk链接写入日志', [])
[2020-05-28 00:45:00,633][8428][log_file.py][line: 23][DEBUG] ## ('从数据库获取apk链接写入日志', [])
[2020-05-28 00:50:00,670][6588][log_file.py][line: 23][DEBUG] ## ('从数据库获取apk链接写入日志', [])
[2020-05-28 00:55:00,622][4792][log_file.py][line: 23][DEBUG] ## ('从数据库获取apk链接写入日志', [])
[2020-05-28 01:00:00,622][3360][log_file.py][line: 23][DEBUG] ## ('从数据库获取apk链接写入日志', [])
[2020-05-28 01:05:00,680][8176][log_file.py][line: 23][DEBUG] ## ('从数据库获取apk链接写入日志', [])
[2020-05-28 01:10:00,609][1996][log_file.py][line: 23][DEBUG] ## ('从数据库获取apk链接写入日志', [])
[2020-05-28 01:15:00,646][4860][log_file.py][line: 23][DEBUG] ## ('从数据库获取apk链接写入日志', [])
[2020-05-28 01:20:01,703][3360][log_file.py][line: 23][DEBUG] ## ('从数据库获取apk链接写入日志', [])
[2020-05-28 01:25:04,440][6112][log_file.py][line: 23][DEBUG] ## ('从数据库获取apk链接写入日志', [])
[2020-05-28 01:30:00,657][7808][log_file.py][line: 23][DEBUG] ## ('从数据库获取apk链接写入日志', [])
[2020-05-28 01:35:00,699][7212][log_file.py][line: 23][DEBUG] ## ('从数据库获取apk链接写入日志', [])
[2020-05-28 01:40:00,628][5172][log_file.py][line: 23][DEBUG] ## ('从数据库获取apk链接写入日志', [])
[2020-05-28 01:45:00,655][284][log_file.py][line: 23][DEBUG] ## ('从数据库获取apk链接写入日志', [])
[2020-05-28 01:50:00,724][8868][log_file.py][line: 23][DEBUG] ## ('从数据库获取apk链接写入日志', [])
[2020-05-28 01:55:00,672][2620][log_file.py][line: 23][DEBUG] ## ('从数据库获取apk链接写入日志', [])
[2020-05-28 02:00:00,623][3916][log_file.py][line: 23][DEBUG] ## ('从数据库获取apk链接写入日志', [])
[2020-05-28 02:05:00,654][8888][log_file.py][line: 23][DEBUG] ## ('从数据库获取apk链接写入日志', [])
[2020-05-28 02:10:00,613][5236][log_file.py][line: 23][DEBUG] ## ('从数据库获取apk链接写入日志', [])
[2020-05-28 02:15:00,592][7348][log_file.py][line: 23][DEBUG] ## ('从数据库获取apk链接写入日志', [])
[2020-05-28 02:20:00,649][5872][log_file.py][line: 23][DEBUG] ## ('从数据库获取apk链接写入日志', [])
[2020-05-28 02:25:00,618][8852][log_file.py][line: 23][DEBUG] ## ('从数据库获取apk链接写入日志', [])
[2020-05-28 02:30:00,618][3816][log_file.py][line: 23][DEBUG] ## ('从数据库获取apk链接写入日志', [])
[2020-05-28 02:35:00,669][6120][log_file.py][line: 23][DEBUG] ## ('从数据库获取apk链接写入日志', [])
[2020-05-28 02:40:00,632][5876][log_file.py][line: 23][DEBUG] ## ('从数据库获取apk链接写入日志', [])
[2020-05-28 02:45:00,601][5752][log_file.py][line: 23][DEBUG] ## ('从数据库获取apk链接写入日志', [])
[2020-05-28 02:50:00,699][220][log_file.py][line: 23][DEBUG] ## ('从数据库获取apk链接写入日志', [])
[2020-05-28 02:55:00,668][8104][log_file.py][line: 23][DEBUG] ## ('从数据库获取apk链接写入日志', [])
[2020-05-28 03:00:00,650][8960][log_file.py][line: 23][DEBUG] ## ('从数据库获取apk链接写入日志', [])
[2020-05-28 03:05:00,716][6588][log_file.py][line: 23][DEBUG] ## ('从数据库获取apk链接写入日志', [])
[2020-05-28 03:10:00,613][3808][log_file.py][line: 23][DEBUG] ## ('从数据库获取apk链接写入日志', [])
[2020-05-28 03:15:00,642][7804][log_file.py][line: 23][DEBUG] ## ('从数据库获取apk链接写入日志', [])
[2020-05-28 03:20:00,691][8168][log_file.py][line: 23][DEBUG] ## ('从数据库获取apk链接写入日志', [])
[2020-05-28 03:25:00,642][9064][log_file.py][line: 23][DEBUG] ## ('从数据库获取apk链接写入日志', [])
[2020-05-28 03:30:00,644][3760][log_file.py][line: 23][DEBUG] ## ('从数据库获取apk链接写入日志', [])
[2020-05-28 03:35:00,662][2512][log_file.py][line: 23][DEBUG] ## ('从数据库获取apk链接写入日志', [])
[2020-05-28 03:40:00,640][9080][log_file.py][line: 23][DEBUG] ## ('从数据库获取apk链接写入日志', [])
[2020-05-28 03:45:00,627][5592][log_file.py][line: 23][DEBUG] ## ('从数据库获取apk链接写入日志', [])
[2020-05-28 03:50:00,736][4144][log_file.py][line: 23][DEBUG] ## ('从数据库获取apk链接写入日志', [])
[2020-05-28 03:55:00,634][3848][log_file.py][line: 23][DEBUG] ## ('从数据库获取apk链接写入日志', [])
[2020-05-28 04:00:00,639][5768][log_file.py][line: 23][DEBUG] ## ('从数据库获取apk链接写入日志', [])
[2020-05-28 04:05:00,706][7772][log_file.py][line: 23][DEBUG] ## ('从数据库获取apk链接写入日志', [])
[2020-05-28 04:10:00,625][9092][log_file.py][line: 23][DEBUG] ## ('从数据库获取apk链接写入日志', [])
[2020-05-28 04:15:00,645][1992][log_file.py][line: 23][DEBUG] ## ('从数据库获取apk链接写入日志', [])
[2020-05-28 04:20:00,674][6096][log_file.py][line: 23][DEBUG] ## ('从数据库获取apk链接写入日志', [])
[2020-05-28 04:25:00,612][4216][log_file.py][line: 23][DEBUG] ## ('从数据库获取apk链接写入日志', [])
[2020-05-28 04:30:00,660][6808][log_file.py][line: 23][DEBUG] ## ('从数据库获取apk链接写入日志', [])
[2020-05-28 04:35:00,679][7296][log_file.py][line: 23][DEBUG] ## ('从数据库获取apk链接写入日志', [])
[2020-05-28 04:40:00,658][7800][log_file.py][line: 23][DEBUG] ## ('从数据库获取apk链接写入日志', [])
[2020-05-28 04:45:00,620][8176][log_file.py][line: 23][DEBUG] ## ('从数据库获取apk链接写入日志', [])
[2020-05-28 04:50:00,648][6808][log_file.py][line: 23][DEBUG] ## ('从数据库获取apk链接写入日志', [])
[2020-05-28 04:55:00,611][5976][log_file.py][line: 23][DEBUG] ## ('从数据库获取apk链接写入日志', [])
[2020-05-28 05:00:00,625][4944][log_file.py][line: 23][DEBUG] ## ('从数据库获取apk链接写入日志', [])
[2020-05-28 05:05:00,713][3500][log_file.py][line: 23][DEBUG] ## ('从数据库获取apk链接写入日志', [])
[2020-05-28 05:10:00,670][7728][log_file.py][line: 23][DEBUG] ## ('从数据库获取apk链接写入日志', [])
[2020-05-28 05:15:00,632][4276][log_file.py][line: 23][DEBUG] ## ('从数据库获取apk链接写入日志', [])
[2020-05-28 05:20:00,723][7980][log_file.py][line: 23][DEBUG] ## ('从数据库获取apk链接写入日志', [])
[2020-05-28 05:25:00,641][5032][log_file.py][line: 23][DEBUG] ## ('从数据库获取apk链接写入日志', [])
[2020-05-28 05:30:00,621][6468][log_file.py][line: 23][DEBUG] ## ('从数据库获取apk链接写入日志', [])
[2020-05-28 05:35:00,688][1472][log_file.py][line: 23][DEBUG] ## ('从数据库获取apk链接写入日志', [])
[2020-05-28 05:40:00,635][5152][log_file.py][line: 23][DEBUG] ## ('从数据库获取apk链接写入日志', [])
[2020-05-28 05:45:00,635][4212][log_file.py][line: 23][DEBUG] ## ('从数据库获取apk链接写入日志', [])
[2020-05-28 05:50:00,688][2540][log_file.py][line: 23][DEBUG] ## ('从数据库获取apk链接写入日志', [])
[2020-05-28 05:55:00,656][8852][log_file.py][line: 23][DEBUG] ## ('从数据库获取apk链接写入日志', [])
[2020-05-28 06:00:00,605][7848][log_file.py][line: 23][DEBUG] ## ('从数据库获取apk链接写入日志', [])
[2020-05-28 06:05:00,685][2720][log_file.py][line: 23][DEBUG] ## ('从数据库获取apk链接写入日志', [])
[2020-05-28 06:10:00,654][5444][log_file.py][line: 23][DEBUG] ## ('从数据库获取apk链接写入日志', [])
[2020-05-28 06:15:00,724][8972][log_file.py][line: 23][DEBUG] ## ('从数据库获取apk链接写入日志', [])
[2020-05-28 06:20:00,733][9032][log_file.py][line: 23][DEBUG] ## ('从数据库获取apk链接写入日志', [])
[2020-05-28 06:25:00,671][7468][log_file.py][line: 23][DEBUG] ## ('从数据库获取apk链接写入日志', [])
[2020-05-28 06:30:00,700][8112][log_file.py][line: 23][DEBUG] ## ('从数据库获取apk链接写入日志', [])
[2020-05-28 06:35:00,658][4524][log_file.py][line: 23][DEBUG] ## ('从数据库获取apk链接写入日志', [])
[2020-05-28 06:40:00,607][6428][log_file.py][line: 23][DEBUG] ## ('从数据库获取apk链接写入日志', [])
[2020-05-28 06:45:00,680][2572][log_file.py][line: 23][DEBUG] ## ('从数据库获取apk链接写入日志', [])
[2020-05-28 06:50:00,660][8452][log_file.py][line: 23][DEBUG] ## ('从数据库获取apk链接写入日志', [])
[2020-05-28 06:55:00,640][7648][log_file.py][line: 23][DEBUG] ## ('从数据库获取apk链接写入日志', [])
[2020-05-28 07:00:00,669][1472][log_file.py][line: 23][DEBUG] ## ('从数据库获取apk链接写入日志', [])
[2020-05-28 07:05:00,633][7336][log_file.py][line: 23][DEBUG] ## ('从数据库获取apk链接写入日志', [])
[2020-05-28 07:10:00,594][3880][log_file.py][line: 23][DEBUG] ## ('从数据库获取apk链接写入日志', [])
[2020-05-28 07:15:00,676][1788][log_file.py][line: 23][DEBUG] ## ('从数据库获取apk链接写入日志', [])
[2020-05-28 07:20:00,623][3776][log_file.py][line: 23][DEBUG] ## ('从数据库获取apk链接写入日志', [])
[2020-05-28 07:25:00,630][9008][log_file.py][line: 23][DEBUG] ## ('从数据库获取apk链接写入日志', [])
[2020-05-28 07:30:00,668][284][log_file.py][line: 23][DEBUG] ## ('从数据库获取apk链接写入日志', [])
[2020-05-28 07:35:00,617][4336][log_file.py][line: 23][DEBUG] ## ('从数据库获取apk链接写入日志', [])
[2020-05-28 07:40:00,625][1676][log_file.py][line: 23][DEBUG] ## ('从数据库获取apk链接写入日志', [])
[2020-05-28 07:45:00,652][1996][log_file.py][line: 23][DEBUG] ## ('从数据库获取apk链接写入日志', [])
[2020-05-28 07:50:00,620][2576][log_file.py][line: 23][DEBUG] ## ('从数据库获取apk链接写入日志', [])
[2020-05-28 07:55:00,628][7664][log_file.py][line: 23][DEBUG] ## ('从数据库获取apk链接写入日志', [])
[2020-05-28 08:00:00,640][5032][log_file.py][line: 23][DEBUG] ## ('从数据库获取apk链接写入日志', [])
[2020-05-28 08:05:00,621][6000][log_file.py][line: 23][DEBUG] ## ('从数据库获取apk链接写入日志', [])
[2020-05-28 08:10:00,669][1676][log_file.py][line: 23][DEBUG] ## ('从数据库获取apk链接写入日志', [])
[2020-05-28 08:15:00,629][6112][log_file.py][line: 23][DEBUG] ## ('从数据库获取apk链接写入日志', [])
[2020-05-28 08:20:00,596][3620][log_file.py][line: 23][DEBUG] ## ('从数据库获取apk链接写入日志', [])
[2020-05-28 08:25:00,726][7012][log_file.py][line: 23][DEBUG] ## ('从数据库获取apk链接写入日志', [])
[2020-05-28 08:30:00,625][8832][log_file.py][line: 23][DEBUG] ## ('从数据库获取apk链接写入日志', [])
[2020-05-28 08:35:00,623][4328][log_file.py][line: 23][DEBUG] ## ('从数据库获取apk链接写入日志', [])
[2020-05-28 08:40:00,685][5920][log_file.py][line: 23][DEBUG] ## ('从数据库获取apk链接写入日志', [])
[2020-05-28 08:45:00,602][6656][log_file.py][line: 23][DEBUG] ## ('从数据库获取apk链接写入日志', [])
[2020-05-28 08:50:00,643][7524][log_file.py][line: 23][DEBUG] ## ('从数据库获取apk链接写入日志', [])
[2020-05-28 08:55:00,634][2860][log_file.py][line: 23][DEBUG] ## ('从数据库获取apk链接写入日志', [])
[2020-05-28 09:00:00,610][4040][log_file.py][line: 23][DEBUG] ## ('从数据库获取apk链接写入日志', [])
[2020-05-28 09:05:00,640][5880][log_file.py][line: 23][DEBUG] ## ('从数据库获取apk链接写入日志', [])
[2020-05-28 09:10:00,719][884][log_file.py][line: 23][DEBUG] ## ('从数据库获取apk链接写入日志', [])
[2020-05-28 09:15:00,606][4912][log_file.py][line: 23][DEBUG] ## ('从数据库获取apk链接写入日志', [])
[2020-05-28 09:20:00,593][2984][log_file.py][line: 23][DEBUG] ## ('从数据库获取apk链接写入日志', [])
[2020-05-28 09:25:00,684][3140][log_file.py][line: 23][DEBUG] ## ('从数据库获取apk链接写入日志', [])
[2020-05-28 09:30:00,593][1992][log_file.py][line: 23][DEBUG] ## ('从数据库获取apk链接写入日志', [])
[2020-05-28 09:35:00,651][5768][log_file.py][line: 23][DEBUG] ## ('从数据库获取apk链接写入日志', [])
[2020-05-28 09:40:00,751][1256][log_file.py][line: 23][DEBUG] ## ('从数据库获取apk链接写入日志', [])
[2020-05-28 09:45:00,618][7520][log_file.py][line: 23][DEBUG] ## ('从数据库获取apk链接写入日志', [])
[2020-05-28 09:50:00,629][3376][log_file.py][line: 23][DEBUG] ## ('从数据库获取apk链接写入日志', [])
[2020-05-28 09:55:00,652][9176][log_file.py][line: 23][DEBUG] ## ('从数据库获取apk链接写入日志', [])
[2020-05-28 10:00:00,741][6716][log_file.py][line: 23][DEBUG] ## ('从数据库获取apk链接写入日志', [])
[2020-05-28 10:05:05,746][9404][log_file.py][line: 23][DEBUG] ## ('从数据库获取apk链接写入日志', [])
[2020-05-28 10:10:00,717][8220][log_file.py][line: 23][DEBUG] ## ('从数据库获取apk链接写入日志', [])
[2020-05-28 10:15:02,619][10052][log_file.py][line: 23][DEBUG] ## ('从数据库获取apk链接写入日志', [])
[2020-05-28 10:20:00,669][1752][log_file.py][line: 23][DEBUG] ## ('从数据库获取apk链接写入日志', [])
[2020-05-28 10:25:02,131][4308][log_file.py][line: 23][DEBUG] ## ('从数据库获取apk链接写入日志', [])
[2020-05-28 10:30:02,078][10020][log_file.py][line: 23][DEBUG] ## ('从数据库获取apk链接写入日志', [])
[2020-05-28 10:35:02,295][10412][log_file.py][line: 23][DEBUG] ## ('从数据库获取apk链接写入日志', [])
[2020-05-28 10:40:00,707][380][log_file.py][line: 23][DEBUG] ## ('从数据库获取apk链接写入日志', [])
[2020-05-28 10:45:01,704][10024][log_file.py][line: 23][DEBUG] ## ('从数据库获取apk链接写入日志', [])
[2020-05-28 10:50:01,686][8372][log_file.py][line: 23][DEBUG] ## ('从数据库获取apk链接写入日志', [])
[2020-05-28 10:55:01,706][10952][log_file.py][line: 23][DEBUG] ## ('从数据库获取apk链接写入日志', [])
[2020-05-28 11:00:02,268][9700][log_file.py][line: 23][DEBUG] ## ('从数据库获取apk链接写入日志', [])
[2020-05-28 11:05:01,519][11176][log_file.py][line: 23][DEBUG] ## ('从数据库获取apk链接写入日志', [])
[2020-05-28 11:10:00,700][6716][log_file.py][line: 23][DEBUG] ## ('从数据库获取apk链接写入日志', [])
[2020-05-28 11:15:00,749][8328][log_file.py][line: 23][DEBUG] ## ('从数据库获取apk链接写入日志', [])
[2020-05-28 11:20:00,675][9716][log_file.py][line: 23][DEBUG] ## ('从数据库获取apk链接写入日志', [])
[2020-05-28 11:25:02,235][5388][log_file.py][line: 23][DEBUG] ## ('从数据库获取apk链接写入日志', [])
[2020-05-28 11:30:00,713][5840][log_file.py][line: 23][DEBUG] ## ('从数据库获取apk链接写入日志', [])
[2020-05-28 11:35:02,337][2888][log_file.py][line: 23][DEBUG] ## ('从数据库获取apk链接写入日志', [])
[2020-05-28 11:40:00,731][9788][log_file.py][line: 23][DEBUG] ## ('从数据库获取apk链接写入日志', [])
[2020-05-28 11:45:02,117][7520][log_file.py][line: 23][DEBUG] ## ('从数据库获取apk链接写入日志', ['http://pkg.superdalan.com/game.pkg/download?pkgId=2636&f=jsjhwzjh_dalan_dsdk_48_1.0.0_20200528_114710.apk'])
[2020-05-28 11:50:00,727][6100][log_file.py][line: 23][DEBUG] ## ('从数据库获取apk链接写入日志', ['http://pkg.superdalan.com/game.pkg/download?pkgId=2636&f=jsjhwzjh_dalan_dsdk_48_1.0.0_20200528_114710.apk'])
[2020-05-28 11:52:02,636][10188][log_file.py][line: 23][DEBUG] ## ('-----------54a4c6159804___20200528_114710.apk----节点1-----------下载校验结果：True',)
[2020-05-28 11:52:48,709][10188][log_file.py][line: 23][DEBUG] ## ('---------54a4c6159804___20200528_114710.apk-------节点2------安装返回结果：True',)
[2020-05-28 11:53:01,734][10188][log_file.py][line: 23][DEBUG] ## ("------------54a4c6159804___20200528_114710.apk----节点3---------拆包校验结果：True:['5089ed39894927cb8f1d8b423e064026.jpg', '4fee9032dcbf277e3f281d25143bbc5b.jpg']",)
[2020-05-28 11:54:21,105][10188][log_file.py][line: 23][DEBUG] ## ('-----------54a4c6159804___20200528_114710.apk----节点4----------打开游戏结果:True',)
[2020-05-28 11:55:13,738][10188][log_file.py][line: 23][DEBUG] ## ('-----------54a4c6159804___20200528_114710.apk----节点5----------登录游戏结果:True',)
[2020-05-28 11:55:57,643][10188][log_file.py][line: 23][DEBUG] ## ('------54a4c6159804___20200528_114710.apk---节点6-------下单调起微信结果:True',)
[2020-05-28 12:00:09,065][11244][log_file.py][line: 23][DEBUG] ## ('从数据库获取apk链接写入日志', ['http://pkg.superdalan.com/game.pkg/download?pkgId=2726&f=mxybtjhapizs26_junhai_android_74_1.0.0_20200528_115858.apk'])
[2020-05-28 12:00:23,468][11164][log_file.py][line: 23][DEBUG] ## ('-----------54a4c6159804___20200528_115858.apk----节点1-----------下载校验结果：True',)
[2020-05-28 12:00:45,729][11164][log_file.py][line: 23][DEBUG] ## ('---------54a4c6159804___20200528_115858.apk-------节点2------安装返回结果：True',)
[2020-05-28 12:00:45,901][11164][log_file.py][line: 23][DEBUG] ## ('--------54a4c6159804___20200528_115858.apk---节点3--------后台没有配置素材无需校验',)
[2020-05-28 12:00:51,144][11164][log_file.py][line: 23][DEBUG] ## ('54a4c6159804___20200528_115858.apk_非Dalan_Dsdk渠道包，不走自动化流程',)
[2020-05-28 12:05:00,777][4236][log_file.py][line: 23][DEBUG] ## ('从数据库获取apk链接写入日志', [])
[2020-05-28 12:10:00,721][10264][log_file.py][line: 23][DEBUG] ## ('从数据库获取apk链接写入日志', [])
[2020-05-28 12:15:01,005][10436][log_file.py][line: 23][DEBUG] ## ('从数据库获取apk链接写入日志', [])
[2020-05-28 12:20:00,671][3940][log_file.py][line: 23][DEBUG] ## ('从数据库获取apk链接写入日志', [])
[2020-05-28 12:25:01,252][4356][log_file.py][line: 23][DEBUG] ## ('从数据库获取apk链接写入日志', [])
[2020-05-28 12:30:00,712][9992][log_file.py][line: 23][DEBUG] ## ('从数据库获取apk链接写入日志', [])
[2020-05-28 12:35:00,754][10596][log_file.py][line: 23][DEBUG] ## ('从数据库获取apk链接写入日志', [])
[2020-05-28 12:40:00,866][1220][log_file.py][line: 23][DEBUG] ## ('从数据库获取apk链接写入日志', [])
[2020-05-28 12:45:00,849][9620][log_file.py][line: 23][DEBUG] ## ('从数据库获取apk链接写入日志', [])
[2020-05-28 12:50:00,623][11036][log_file.py][line: 23][DEBUG] ## ('从数据库获取apk链接写入日志', [])
[2020-05-28 12:55:00,672][9420][log_file.py][line: 23][DEBUG] ## ('从数据库获取apk链接写入日志', [])
[2020-05-28 13:00:00,680][9596][log_file.py][line: 23][DEBUG] ## ('从数据库获取apk链接写入日志', [])
[2020-05-28 13:05:01,891][7900][log_file.py][line: 23][DEBUG] ## ('从数据库获取apk链接写入日志', [])
[2020-05-28 13:10:00,696][10196][log_file.py][line: 23][DEBUG] ## ('从数据库获取apk链接写入日志', [])
[2020-05-28 13:15:01,022][10384][log_file.py][line: 23][DEBUG] ## ('从数据库获取apk链接写入日志', [])
[2020-05-28 13:20:02,174][11156][log_file.py][line: 23][DEBUG] ## ('从数据库获取apk链接写入日志', [])
[2020-05-28 13:25:00,621][11072][log_file.py][line: 23][DEBUG] ## ('从数据库获取apk链接写入日志', [])
[2020-05-28 13:30:00,696][10928][log_file.py][line: 23][DEBUG] ## ('从数据库获取apk链接写入日志', [])
[2020-05-28 13:35:00,687][10712][log_file.py][line: 23][DEBUG] ## ('从数据库获取apk链接写入日志', [])
[2020-05-28 13:40:00,685][4304][log_file.py][line: 23][DEBUG] ## ('从数据库获取apk链接写入日志', [])
[2020-05-28 13:45:00,705][10544][log_file.py][line: 23][DEBUG] ## ('从数据库获取apk链接写入日志', [])
[2020-05-28 13:50:00,646][4856][log_file.py][line: 23][DEBUG] ## ('从数据库获取apk链接写入日志', [])
[2020-05-28 13:55:00,682][10836][log_file.py][line: 23][DEBUG] ## ('从数据库获取apk链接写入日志', [])
[2020-05-28 14:00:00,632][7476][log_file.py][line: 23][DEBUG] ## ('从数据库获取apk链接写入日志', [])
[2020-05-28 14:05:00,722][10736][log_file.py][line: 23][DEBUG] ## ('从数据库获取apk链接写入日志', ['http://pkg.superdalan.com/game.pkg/download?pkgId=2824&f=lltxgdt2_dalan_dsdk_48_1.0.0_20200528_140359.apk'])
[2020-05-28 14:06:59,903][10312][log_file.py][line: 23][DEBUG] ## ('-----------54a4c6159804___20200528_140359.apk----节点1-----------下载校验结果：True',)
[2020-05-28 14:08:06,865][10312][log_file.py][line: 23][DEBUG] ## ('---------54a4c6159804___20200528_140359.apk-------节点2------安装返回结果：True',)
[2020-05-28 14:08:54,734][10312][log_file.py][line: 23][DEBUG] ## ("------------54a4c6159804___20200528_140359.apk----节点3---------拆包校验结果：True:['37cef88c236306b8e48789247403dea8.jpg', '691621af884e8be6af6ecd70b27000cb.jpg']",)
[2020-05-28 14:10:04,234][10312][log_file.py][line: 23][DEBUG] ## ('-----------54a4c6159804___20200528_140359.apk----节点4----------打开游戏结果:True',)
[2020-05-28 14:14:02,638][10312][log_file.py][line: 23][DEBUG] ## ('-----------54a4c6159804___20200528_140359.apk----节点5----------登录游戏结果:False',)
[2020-05-28 14:15:04,124][3896][log_file.py][line: 23][DEBUG] ## ('从数据库获取apk链接写入日志', ['http://pkg.superdalan.com/game.pkg/download?pkgId=2824&f=lltxgdt2_dalan_dsdk_48_1.0.0_20200528_140359.apk'])
[2020-05-28 14:15:24,999][2888][log_file.py][line: 23][DEBUG] ## ('-----------54a4c6159804___20200528_140359.apk----节点1-----------下载校验结果：True',)
[2020-05-28 14:16:01,968][2888][log_file.py][line: 23][DEBUG] ## ('---------54a4c6159804___20200528_140359.apk-------节点2------安装返回结果：True',)
[2020-05-28 14:16:10,441][2888][log_file.py][line: 23][DEBUG] ## ("------------54a4c6159804___20200528_140359.apk----节点3---------拆包校验结果：True:['691621af884e8be6af6ecd70b27000cb.jpg', '37cef88c236306b8e48789247403dea8.jpg']",)
[2020-05-28 14:17:14,685][2888][log_file.py][line: 23][DEBUG] ## ('-----------54a4c6159804___20200528_140359.apk----节点4----------打开游戏结果:True',)
[2020-05-28 14:21:15,896][2888][log_file.py][line: 23][DEBUG] ## ('-----------54a4c6159804___20200528_140359.apk----节点5----------登录游戏结果:False',)
[2020-05-28 14:25:02,500][6636][log_file.py][line: 23][DEBUG] ## ('从数据库获取apk链接写入日志', ['http://pkg.superdalan.com/game.pkg/download?pkgId=2823&f=test2_dalan_xy_dsdk_61_1.0.0_20200528_142144.apk', 'http://pkg.superdalan.com/game.pkg/download?pkgId=2825&f=lltxwzjhbd_dalan_dsdk_48_1.0.0_20200528_142724.apk'])
[2020-05-28 14:25:21,955][11244][log_file.py][line: 23][DEBUG] ## ('-----------54a4c6159804___20200528_142144.apk----节点1-----------下载校验结果：True',)
[2020-05-28 14:25:37,486][11244][log_file.py][line: 23][DEBUG] ## ('---------54a4c6159804___20200528_142144.apk-------节点2------安装返回结果：True',)
[2020-05-28 14:25:40,518][11244][log_file.py][line: 23][DEBUG] ## ("------------54a4c6159804___20200528_142144.apk----节点3---------拆包校验结果：True:['a5c8b9f129269654764b2022b598b76e.jpg']",)
[2020-05-28 14:25:41,695][11244][log_file.py][line: 23][DEBUG] ## ('54a4c6159804___20200528_142144.apk此原名游戏尚未接入，敬请期待',)
[2020-05-28 14:27:10,679][3856][log_file.py][line: 23][DEBUG] ## ('-----------R8AYIJWO99999999___20200528_142724.apk----节点1-----------下载校验结果：True',)
[2020-05-28 14:28:53,942][3856][log_file.py][line: 23][DEBUG] ## ('---------R8AYIJWO99999999___20200528_142724.apk-------节点2------安装返回结果：True',)
[2020-05-28 14:29:06,209][3856][log_file.py][line: 23][DEBUG] ## ("------------R8AYIJWO99999999___20200528_142724.apk----节点3---------拆包校验结果：True:['37cef88c236306b8e48789247403dea8.jpg', '691621af884e8be6af6ecd70b27000cb.jpg']",)
[2020-05-28 14:30:21,279][3856][log_file.py][line: 23][DEBUG] ## ('-----------R8AYIJWO99999999___20200528_142724.apk----节点4----------打开游戏结果:True',)
[2020-05-28 14:34:17,939][3856][log_file.py][line: 23][DEBUG] ## ('-----------R8AYIJWO99999999___20200528_142724.apk----节点5----------登录游戏结果:False',)
[2020-05-28 14:35:02,493][11744][log_file.py][line: 23][DEBUG] ## ('从数据库获取apk链接写入日志', ['http://pkg.superdalan.com/game.pkg/download?pkgId=2286&f=jwjtgw_dalan_dsdk_48_1.0.0_20200528_143631.apk', 'http://pkg.superdalan.com/game.pkg/download?pkgId=2825&f=lltxwzjhbd_dalan_dsdk_48_1.0.0_20200528_142724.apk'])
[2020-05-28 14:38:25,822][12268][log_file.py][line: 23][DEBUG] ## ('-----------R8AYIJWO99999999___20200528_142724.apk----节点1-----------下载校验结果：True',)
[2020-05-28 14:38:27,445][11324][log_file.py][line: 23][DEBUG] ## ('-----------54a4c6159804___20200528_143631.apk----节点1-----------下载校验结果：True',)
[2020-05-28 14:39:06,439][11324][log_file.py][line: 23][DEBUG] ## ('---------54a4c6159804___20200528_143631.apk-------节点2------安装返回结果：True',)
[2020-05-28 14:39:46,585][11324][log_file.py][line: 23][DEBUG] ## ("------------54a4c6159804___20200528_143631.apk----节点3---------拆包校验结果：True:['cc12f932e8274e9e818f1cabb28797a3.jpg', '941e74bff974dedd8d5c966f5b9e01ea.jpg']",)
[2020-05-28 14:40:14,236][12268][log_file.py][line: 23][DEBUG] ## ('---------R8AYIJWO99999999___20200528_142724.apk-------节点2------安装返回结果：True',)
[2020-05-28 14:41:07,408][12268][log_file.py][line: 23][DEBUG] ## ("------------R8AYIJWO99999999___20200528_142724.apk----节点3---------拆包校验结果：True:['37cef88c236306b8e48789247403dea8.jpg', '691621af884e8be6af6ecd70b27000cb.jpg']",)
[2020-05-28 14:41:09,342][11324][log_file.py][line: 23][DEBUG] ## ('-----------54a4c6159804___20200528_143631.apk----节点4----------打开游戏结果:True',)
[2020-05-28 14:42:05,491][11324][log_file.py][line: 23][DEBUG] ## ('-----------54a4c6159804___20200528_143631.apk----节点5----------登录游戏结果:True',)
[2020-05-28 14:42:16,302][12268][log_file.py][line: 23][DEBUG] ## ('-----------R8AYIJWO99999999___20200528_142724.apk----节点4----------打开游戏结果:True',)
[2020-05-28 14:42:48,565][11324][log_file.py][line: 23][DEBUG] ## ('------54a4c6159804___20200528_143631.apk---节点6-------下单调起微信结果:False',)
[2020-05-28 15:25:02,646][11300][log_file.py][line: 23][DEBUG] ## ('从数据库获取apk链接写入日志', ['http://pkg.superdalan.com/game.pkg/download?pkgId=2286&f=jwjtgw_dalan_dsdk_48_1.0.0_20200528_143631.apk', 'http://pkg.superdalan.com/game.pkg/download?pkgId=2286&f=jwjtgw_dalan_dsdk_48_1.0.0_20200528_144224.apk', 'http://pkg.superdalan.com/game.pkg/download?pkgId=2825&f=lltxwzjhbd_dalan_dsdk_48_1.0.0_20200528_142724.apk'])
[2020-05-28 15:25:29,535][10856][log_file.py][line: 23][DEBUG] ## ('-----------R8AYIJWO99999999___20200528_144224.apk----节点1-----------下载校验结果：True',)
[2020-05-28 15:25:30,639][9380][log_file.py][line: 23][DEBUG] ## ('-----------54a4c6159804___20200528_143631.apk----节点1-----------下载校验结果：True',)
[2020-05-28 15:26:05,395][9380][log_file.py][line: 23][DEBUG] ## ('---------54a4c6159804___20200528_143631.apk-------节点2------安装返回结果：True',)
[2020-05-28 15:26:18,592][9380][log_file.py][line: 23][DEBUG] ## ("------------54a4c6159804___20200528_143631.apk----节点3---------拆包校验结果：True:['cc12f932e8274e9e818f1cabb28797a3.jpg', '941e74bff974dedd8d5c966f5b9e01ea.jpg']",)
[2020-05-28 15:27:07,841][10856][log_file.py][line: 23][DEBUG] ## ('---------R8AYIJWO99999999___20200528_144224.apk-------节点2------安装返回结果：True',)
[2020-05-28 15:27:16,595][10856][log_file.py][line: 23][DEBUG] ## ("------------R8AYIJWO99999999___20200528_144224.apk----节点3---------拆包校验结果：True:['cc12f932e8274e9e818f1cabb28797a3.jpg', '941e74bff974dedd8d5c966f5b9e01ea.jpg']",)
[2020-05-28 15:27:38,768][9380][log_file.py][line: 23][DEBUG] ## ('-----------54a4c6159804___20200528_143631.apk----节点4----------打开游戏结果:True',)
[2020-05-28 15:28:32,192][10856][log_file.py][line: 23][DEBUG] ## ('-----------R8AYIJWO99999999___20200528_144224.apk----节点4----------打开游戏结果:True',)
[2020-05-28 15:28:32,292][9380][log_file.py][line: 23][DEBUG] ## ('-----------54a4c6159804___20200528_143631.apk----节点5----------登录游戏结果:True',)
[2020-05-28 15:29:18,937][9380][log_file.py][line: 23][DEBUG] ## ('------54a4c6159804___20200528_143631.apk---节点6-------下单调起微信结果:True',)
[2020-05-28 15:29:42,134][12164][log_file.py][line: 23][DEBUG] ## ('-----------54a4c6159804___20200528_142724.apk----节点1-----------下载校验结果：True',)
[2020-05-28 15:30:22,812][12164][log_file.py][line: 23][DEBUG] ## ('---------54a4c6159804___20200528_142724.apk-------节点2------安装返回结果：True',)
[2020-05-28 15:30:31,075][12164][log_file.py][line: 23][DEBUG] ## ("------------54a4c6159804___20200528_142724.apk----节点3---------拆包校验结果：True:['691621af884e8be6af6ecd70b27000cb.jpg', '37cef88c236306b8e48789247403dea8.jpg']",)
[2020-05-28 15:32:43,908][12164][log_file.py][line: 23][DEBUG] ## ('-----------54a4c6159804___20200528_142724.apk----节点4----------打开游戏结果:False',)
[2020-05-28 15:35:01,050][10596][log_file.py][line: 23][DEBUG] ## ('从数据库获取apk链接写入日志', ['http://pkg.superdalan.com/game.pkg/download?pkgId=2286&f=jwjtgw_dalan_dsdk_48_1.0.0_20200528_144224.apk', '

http://pkg.superdalan.com/game.pkg/download?pkgId=2825&f=lltxwzjhbd_dalan_dsdk_48_1.0.0_20200528_153637.apk'])
[2020-05-28 15:38:24,532][10592][log_file.py][line: 23][DEBUG] ## ('-----------R8AYIJWO99999999___20200528_153637.apk----节点1-----------下载校验结果：True',)
[2020-05-28 15:38:26,626][10944][log_file.py][line: 23][DEBUG] ## ('-----------54a4c6159804___20200528_144224.apk----节点1-----------下载校验结果：True',)
[2020-05-28 15:38:59,728][10944][log_file.py][line: 23][DEBUG] ## ('---------54a4c6159804___20200528_144224.apk-------节点2------安装返回结果：True',)
[2020-05-28 15:39:10,442][10944][log_file.py][line: 23][DEBUG] ## ("------------54a4c6159804___20200528_144224.apk----节点3---------拆包校验结果：True:['941e74bff974dedd8d5c966f5b9e01ea.jpg', 'cc12f932e8274e9e818f1cabb28797a3.jpg']",)
[2020-05-28 15:40:07,808][10592][log_file.py][line: 23][DEBUG] ## ('---------R8AYIJWO99999999___20200528_153637.apk-------节点2------安装返回结果：True',)
[2020-05-28 15:40:17,717][10592][log_file.py][line: 23][DEBUG] ## ("------------R8AYIJWO99999999___20200528_153637.apk----节点3---------拆包校验结果：True:['37cef88c236306b8e48789247403dea8.jpg', '691621af884e8be6af6ecd70b27000cb.jpg']",)
[2020-05-28 15:40:23,293][10944][log_file.py][line: 23][DEBUG] ## ('-----------54a4c6159804___20200528_144224.apk----节点4----------打开游戏结果:True',)
[2020-05-28 15:41:16,108][10944][log_file.py][line: 23][DEBUG] ## ('-----------54a4c6159804___20200528_144224.apk----节点5----------登录游戏结果:True',)
[2020-05-28 15:41:21,875][10592][log_file.py][line: 23][DEBUG] ## ('-----------R8AYIJWO99999999___20200528_153637.apk----节点4----------打开游戏结果:True',)
[2020-05-28 15:42:01,273][10944][log_file.py][line: 23][DEBUG] ## ('------54a4c6159804___20200528_144224.apk---节点6-------下单调起微信结果:True',)
[2020-05-28 15:45:09,530][9396][log_file.py][line: 23][DEBUG] ## ('从数据库获取apk链接写入日志', ['http://pkg.superdalan.com/game.pkg/download?pkgId=2825&f=lltxwzjhbd_dalan_dsdk_48_1.0.0_20200528_153637.apk'])
[2020-05-28 15:47:03,602][10440][log_file.py][line: 23][DEBUG] ## ('-----------54a4c6159804___20200528_153637.apk----节点1-----------下载校验结果：True',)
[2020-05-28 15:47:41,290][10440][log_file.py][line: 23][DEBUG] ## ('---------54a4c6159804___20200528_153637.apk-------节点2------安装返回结果：True',)
[2020-05-28 15:47:49,214][10440][log_file.py][line: 23][DEBUG] ## ("------------54a4c6159804___20200528_153637.apk----节点3---------拆包校验结果：True:['691621af884e8be6af6ecd70b27000cb.jpg', '37cef88c236306b8e48789247403dea8.jpg']",)
[2020-05-28 15:50:01,982][10440][log_file.py][line: 23][DEBUG] ## ('-----------54a4c6159804___20200528_153637.apk----节点4----------打开游戏结果:False',)
[2020-05-28 15:55:00,677][4364][log_file.py][line: 23][DEBUG] ## ('从数据库获取apk链接写入日志', ['http://pkg.superdalan.com/game.pkg/download?pkgId=2825&f=lltxwzjhbd_dalan_dsdk_48_1.0.0_20200528_153637.apk'])
[2020-05-28 15:55:20,511][10080][log_file.py][line: 23][DEBUG] ## ('-----------54a4c6159804___20200528_153637.apk----节点1-----------下载校验结果：True',)
[2020-05-28 15:55:59,233][10080][log_file.py][line: 23][DEBUG] ## ('---------54a4c6159804___20200528_153637.apk-------节点2------安装返回结果：True',)
[2020-05-28 15:56:05,784][10080][log_file.py][line: 23][DEBUG] ## ("------------54a4c6159804___20200528_153637.apk----节点3---------拆包校验结果：True:['37cef88c236306b8e48789247403dea8.jpg', '691621af884e8be6af6ecd70b27000cb.jpg']",)
[2020-05-28 15:58:17,227][10080][log_file.py][line: 23][DEBUG] ## ('-----------54a4c6159804___20200528_153637.apk----节点4----------打开游戏结果:False',)
[2020-05-28 16:00:00,696][12248][log_file.py][line: 23][DEBUG] ## ('从数据库获取apk链接写入日志', ['http://pkg.superdalan.com/game.pkg/download?pkgId=2826&f=fzzjmyxlzz2gdtdb_dalan_xy_dsdk_61_1.0.0_20200528_155844.apk', 'http://pkg.superdalan.com/game.pkg/download?pkgId=2826&f=fzzjmyxlzz2gdtdb_dalan_xy_dsdk_61_1.0.0_20200528_160019.apk'])
[2020-05-28 16:00:19,029][10016][log_file.py][line: 23][DEBUG] ## ('-----------R8AYIJWO99999999___20200528_160019.apk----节点1-----------下载校验结果：True',)
[2020-05-28 16:00:19,625][12228][log_file.py][line: 23][DEBUG] ## ('-----------54a4c6159804___20200528_155844.apk----节点1-----------下载校验结果：True',)
[2020-05-28 16:00:31,111][12228][log_file.py][line: 23][DEBUG] ## ('---------54a4c6159804___20200528_155844.apk-------节点2------安装返回结果：True',)
[2020-05-28 16:00:32,805][12228][log_file.py][line: 23][DEBUG] ## ("------------54a4c6159804___20200528_155844.apk----节点3---------拆包校验结果：True:['a5c8b9f129269654764b2022b598b76e.jpg']",)
[2020-05-28 16:00:33,599][12228][log_file.py][line: 23][DEBUG] ## ('54a4c6159804___20200528_155844.apk此原名游戏尚未接入，敬请期待',)
[2020-05-28 16:00:42,368][10016][log_file.py][line: 23][DEBUG] ## ('---------R8AYIJWO99999999___20200528_160019.apk-------节点2------安装返回结果：True',)
[2020-05-28 16:00:43,793][10016][log_file.py][line: 23][DEBUG] ## ("------------R8AYIJWO99999999___20200528_160019.apk----节点3---------拆包校验结果：True:['a5c8b9f129269654764b2022b598b76e.jpg']",)
[2020-05-28 16:00:44,581][10016][log_file.py][line: 23][DEBUG] ## ('R8AYIJWO99999999___20200528_160019.apk此原名游戏尚未接入，敬请期待',)
[2020-05-28 16:05:00,703][9640][log_file.py][line: 23][DEBUG] ## ('从数据库获取apk链接写入日志', [])
[2020-05-28 16:10:00,666][10404][log_file.py][line: 23][DEBUG] ## ('从数据库获取apk链接写入日志', [])
[2020-05-28 16:15:00,690][11168][log_file.py][line: 23][DEBUG] ## ('从数据库获取apk链接写入日志', [])
[2020-05-28 16:20:00,695][12260][log_file.py][line: 23][DEBUG] ## ('从数据库获取apk链接写入日志', [])
[2020-05-28 16:25:00,733][10404][log_file.py][line: 23][DEBUG] ## ('从数据库获取apk链接写入日志', [])
[2020-05-28 16:30:00,726][10068][log_file.py][line: 23][DEBUG] ## ('从数据库获取apk链接写入日志', ['http://pkg.superdalan.com/game.pkg/download?pkgId=2828&f=fzzjmyxlzz2gdt_dalan_xy_dsdk_61_1.0.0_20200528_163102.apk'])
[2020-05-28 16:30:07,407][12236][log_file.py][line: 23][DEBUG] ## ('-----------54a4c6159804___20200528_163102.apk----节点1-----------下载校验结果：True',)
[2020-05-28 16:30:20,270][12236][log_file.py][line: 23][DEBUG] ## ('---------54a4c6159804___20200528_163102.apk-------节点2------安装返回结果：True',)
[2020-05-28 16:30:21,733][12236][log_file.py][line: 23][DEBUG] ## ("------------54a4c6159804___20200528_163102.apk----节点3---------拆包校验结果：True:['a5c8b9f129269654764b2022b598b76e.jpg']",)
[2020-05-28 16:30:24,772][12236][log_file.py][line: 23][DEBUG] ## ('54a4c6159804___20200528_163102.apk此原名游戏尚未接入，敬请期待',)
[2020-05-28 16:35:00,636][5792][log_file.py][line: 23][DEBUG] ## ('从数据库获取apk链接写入日志', [])
[2020-05-28 16:40:00,739][6468][log_file.py][line: 23][DEBUG] ## ('从数据库获取apk链接写入日志', [])
[2020-05-28 16:45:00,705][4164][log_file.py][line: 23][DEBUG] ## ('从数据库获取apk链接写入日志', [])
[2020-05-28 16:50:00,725][10184][log_file.py][line: 23][DEBUG] ## ('从数据库获取apk链接写入日志', [])
[2020-05-28 16:55:00,680][10404][log_file.py][line: 23][DEBUG] ## ('从数据库获取apk链接写入日志', ['http://pkg.superdalan.com/game.pkg/download?pkgId=2824&f=lltxgdt2_dalan_dsdk_48_1.0.0_20200528_165423.apk'])
[2020-05-28 16:56:56,147][11000][log_file.py][line: 23][DEBUG] ## ('-----------54a4c6159804___20200528_165423.apk----节点1-----------下载校验结果：True',)
[2020-05-28 16:57:35,351][11000][log_file.py][line: 23][DEBUG] ## ('---------54a4c6159804___20200528_165423.apk-------节点2------安装返回结果：True',)
[2020-05-28 16:57:44,216][11000][log_file.py][line: 23][DEBUG] ## ("------------54a4c6159804___20200528_165423.apk----节点3---------拆包校验结果：True:['691621af884e8be6af6ecd70b27000cb.jpg', '37cef88c236306b8e48789247403dea8.jpg']",)
[2020-05-28 16:58:57,487][11000][log_file.py][line: 23][DEBUG] ## ('-----------54a4c6159804___20200528_165423.apk----节点4----------打开游戏结果:True',)
[2020-05-28 16:59:48,231][11000][log_file.py][line: 23][DEBUG] ## ('-----------54a4c6159804___20200528_165423.apk----节点5----------登录游戏结果:True',)
[2020-05-28 17:00:34,538][11000][log_file.py][line: 23][DEBUG] ## ('------54a4c6159804___20200528_165423.apk---节点6-------下单调起微信结果:True',)
[2020-05-28 17:05:02,096][10252][log_file.py][line: 23][DEBUG] ## ('从数据库获取apk链接写入日志', [])
[2020-05-28 17:10:00,675][9556][log_file.py][line: 23][DEBUG] ## ('从数据库获取apk链接写入日志', [])
[2020-05-28 17:15:00,675][11484][log_file.py][line: 23][DEBUG] ## ('从数据库获取apk链接写入日志', [])
[2020-05-28 17:20:00,694][10084][log_file.py][line: 23][DEBUG] ## ('从数据库获取apk链接写入日志', [])
[2020-05-28 17:25:00,708][11288][log_file.py][line: 23][DEBUG] ## ('从数据库获取apk链接写入日志', [])
[2020-05-28 17:30:00,721][12260][log_file.py][line: 23][DEBUG] ## ('从数据库获取apk链接写入日志', ['http://pkg.superdalan.com/game.pkg/download?pkgId=2829&f=fzzjmyxlzz2tt_dalan_xy_dsdk_61_1.0.0_20200528_173128.apk'])
[2020-05-28 17:30:07,746][11776][log_file.py][line: 23][DEBUG] ## ('-----------54a4c6159804___20200528_173128.apk----节点1-----------下载校验结果：True',)
[2020-05-28 17:30:20,289][11776][log_file.py][line: 23][DEBUG] ## ('---------54a4c6159804___20200528_173128.apk-------节点2------安装返回结果：True',)
[2020-05-28 17:30:22,611][11776][log_file.py][line: 23][DEBUG] ## ("------------54a4c6159804___20200528_173128.apk----节点3---------拆包校验结果：True:['a5c8b9f129269654764b2022b598b76e.jpg']",)
[2020-05-28 17:30:25,693][11776][log_file.py][line: 23][DEBUG] ## ('54a4c6159804___20200528_173128.apk此原名游戏尚未接入，敬请期待',)
[2020-05-28 17:35:00,697][10324][log_file.py][line: 23][DEBUG] ## ('从数据库获取apk链接写入日志', [])
[2020-05-28 17:40:00,741][12000][log_file.py][line: 23][DEBUG] ## ('从数据库获取apk链接写入日志', [])
[2020-05-28 17:45:00,706][10576][log_file.py][line: 23][DEBUG] ## ('从数据库获取apk链接写入日志', [])
[2020-05-28 17:50:00,738][7308][log_file.py][line: 23][DEBUG] ## ('从数据库获取apk链接写入日志', [])
[2020-05-28 17:55:00,672][1312][log_file.py][line: 23][DEBUG] ## ('从数据库获取apk链接写入日志', [])
[2020-05-28 18:00:00,725][12040][log_file.py][line: 23][DEBUG] ## ('从数据库获取apk链接写入日志', [])
[2020-05-28 18:05:00,670][3204][log_file.py][line: 23][DEBUG] ## ('从数据库获取apk链接写入日志', [])
[2020-05-28 18:10:00,755][5660][log_file.py][line: 23][DEBUG] ## ('从数据库获取apk链接写入日志', [])
[2020-05-28 18:15:00,701][6952][log_file.py][line: 23][DEBUG] ## ('从数据库获取apk链接写入日志', [])
[2020-05-28 18:20:00,729][11048][log_file.py][line: 23][DEBUG] ## ('从数据库获取apk链接写入日志', [])
[2020-05-28 18:25:00,690][10852][log_file.py][line: 23][DEBUG] ## ('从数据库获取apk链接写入日志', ['http://pkg.superdalan.com/game.pkg/download?pkgId=2825&f=lltxwzjhbd_dalan_dsdk_48_1.0.0_20200528_182716.apk'])
[2020-05-28 18:26:56,431][12112][log_file.py][line: 23][DEBUG] ## ('-----------54a4c6159804___20200528_182716.apk----节点1-----------下载校验结果：True',)
[2020-05-28 18:27:35,478][12112][log_file.py][line: 23][DEBUG] ## ('---------54a4c6159804___20200528_182716.apk-------节点2------安装返回结果：True',)
[2020-05-28 18:27:42,121][12112][log_file.py][line: 23][DEBUG] ## ("------------54a4c6159804___20200528_182716.apk----节点3---------拆包校验结果：True:['691621af884e8be6af6ecd70b27000cb.jpg', '37cef88c236306b8e48789247403dea8.jpg']",)
[2020-05-28 18:29:55,911][12112][log_file.py][line: 23][DEBUG] ## ('-----------54a4c6159804___20200528_182716.apk----节点4----------打开游戏结果:False',)
[2020-05-28 18:35:00,816][10920][log_file.py][line: 23][DEBUG] ## ('从数据库获取apk链接写入日志', ['http://pkg.superdalan.com/game.pkg/download?pkgId=2825&f=lltxwzjhbd_dalan_dsdk_48_1.0.0_20200528_182716.apk'])
[2020-05-28 18:35:25,402][10244][log_file.py][line: 23][DEBUG] ## ('-----------54a4c6159804___20200528_182716.apk----节点1-----------下载校验结果：True',)
[2020-05-28 18:36:03,075][10244][log_file.py][line: 23][DEBUG] ## ('---------54a4c6159804___20200528_182716.apk-------节点2------安装返回结果：True',)
[2020-05-28 18:36:09,447][10244][log_file.py][line: 23][DEBUG] ## ("------------54a4c6159804___20200528_182716.apk----节点3---------拆包校验结果：True:['37cef88c236306b8e48789247403dea8.jpg', '691621af884e8be6af6ecd70b27000cb.jpg']",)
[2020-05-28 18:38:19,525][10244][log_file.py][line: 23][DEBUG] ## ('-----------54a4c6159804___20200528_182716.apk----节点4----------打开游戏结果:False',)
[2020-05-28 18:40:02,304][10632][log_file.py][line: 23][DEBUG] ## ('从数据库获取apk链接写入日志', [])
[2020-05-28 18:45:00,832][10860][log_file.py][line: 23][DEBUG] ## ('从数据库获取apk链接写入日志', [])
[2020-05-28 18:50:00,706][11288][log_file.py][line: 23][DEBUG] ## ('从数据库获取apk链接写入日志', [])
[2020-05-28 18:55:00,679][3080][log_file.py][line: 23][DEBUG] ## ('从数据库获取apk链接写入日志', [])
[2020-05-28 19:00:00,746][1312][log_file.py][line: 23][DEBUG] ## ('从数据库获取apk链接写入日志', [])
[2020-05-28 19:05:00,755][1444][log_file.py][line: 23][DEBUG] ## ('从数据库获取apk链接写入日志', [])
[2020-05-28 19:10:00,696][6184][log_file.py][line: 23][DEBUG] ## ('从数据库获取apk链接写入日志', [])
[2020-05-28 19:15:00,803][6788][log_file.py][line: 23][DEBUG] ## ('从数据库获取apk链接写入日志', [])
[2020-05-28 19:20:00,710][9968][log_file.py][line: 23][DEBUG] ## ('从数据库获取apk链接写入日志', [])
[2020-05-28 19:25:01,785][11824][log_file.py][line: 23][DEBUG] ## ('从数据库获取apk链接写入日志', [])
[2020-05-28 19:30:00,684][12272][log_file.py][line: 23][DEBUG] ## ('从数据库获取apk链接写入日志', [])
[2020-05-28 19:35:00,740][9288][log_file.py][line: 23][DEBUG] ## ('从数据库获取apk链接写入日志', ['http://pkg.superdalan.com/game.pkg/download?pkgId=2592&f=xkjhhb_dalan_xy_dsdk_48_1.0.0_20200528_193705.apk'])
[2020-05-28 19:35:23,303][10604][log_file.py][line: 23][DEBUG] ## ('-----------54a4c6159804___20200528_193705.apk----节点1-----------下载校验结果：True',)
[2020-05-28 19:36:03,783][10604][log_file.py][line: 23][DEBUG] ## ('---------54a4c6159804___20200528_193705.apk-------节点2------安装返回结果：True',)
[2020-05-28 19:36:12,035][10604][log_file.py][line: 23][DEBUG] ## ("------------54a4c6159804___20200528_193705.apk----节点3---------拆包校验结果：True:['6ce7e354e4bfd420bd2638a02dfcd52c.jpg', '9baae0e1fd1931f1c3d3c88c2e647465.jpg']",)
[2020-05-28 19:38:06,979][10604][log_file.py][line: 23][DEBUG] ## ('-----------54a4c6159804___20200528_193705.apk----节点4----------打开游戏结果:True',)
[2020-05-28 19:42:32,673][10604][log_file.py][line: 23][DEBUG] ## ('-----------54a4c6159804___20200528_193705.apk----节点5----------登录游戏结果:False',)
[2020-05-28 19:45:02,045][11732][log_file.py][line: 23][DEBUG] ## ('从数据库获取apk链接写入日志', ['http://pkg.superdalan.com/game.pkg/download?pkgId=2592&f=xkjhhb_dalan_xy_dsdk_48_1.0.0_20200528_193705.apk'])
[2020-05-28 19:46:50,768][9500][log_file.py][line: 23][DEBUG] ## ('-----------54a4c6159804___20200528_193705.apk----节点1-----------下载校验结果：True',)
[2020-05-28 19:47:26,677][9500][log_file.py][line: 23][DEBUG] ## ('---------54a4c6159804___20200528_193705.apk-------节点2------安装返回结果：True',)
[2020-05-28 19:47:32,572][9500][log_file.py][line: 23][DEBUG] ## ("------------54a4c6159804___20200528_193705.apk----节点3---------拆包校验结果：True:['6ce7e354e4bfd420bd2638a02dfcd52c.jpg', '9baae0e1fd1931f1c3d3c88c2e647465.jpg']",)
[2020-05-28 19:49:00,250][9500][log_file.py][line: 23][DEBUG] ## ('-----------54a4c6159804___20200528_193705.apk----节点4----------打开游戏结果:True',)
[2020-05-28 19:50:02,813][10696][log_file.py][line: 23][DEBUG] ## ('从数据库获取apk链接写入日志', ['http://pkg.superdalan.com/game.pkg/download?pkgId=2592&f=xkjhhb_dalan_xy_dsdk_48_1.0.0_20200528_193705.apk'])
[2020-05-28 19:51:51,909][11116][log_file.py][line: 23][DEBUG] ## ('-----------54a4c6159804___20200528_193705.apk----节点1-----------下载校验结果：True',)
[2020-05-28 19:52:25,900][11116][log_file.py][line: 23][DEBUG] ## ('---------54a4c6159804___20200528_193705.apk-------节点2------安装返回结果：True',)
[2020-05-28 19:52:31,555][11116][log_file.py][line: 23][DEBUG] ## ("------------54a4c6159804___20200528_193705.apk----节点3---------拆包校验结果：True:['6ce7e354e4bfd420bd2638a02dfcd52c.jpg', '9baae0e1fd1931f1c3d3c88c2e647465.jpg']",)
[2020-05-28 19:54:41,682][11116][log_file.py][line: 23][DEBUG] ## ('-----------54a4c6159804___20200528_193705.apk----节点4----------打开游戏结果:False',)
[2020-05-28 19:55:00,695][9288][log_file.py][line: 23][DEBUG] ## ('从数据库获取apk链接写入日志', [])
[2020-05-28 20:00:00,702][6952][log_file.py][line: 23][DEBUG] ## ('从数据库获取apk链接写入日志', [])
[2020-05-28 20:05:00,730][240][log_file.py][line: 23][DEBUG] ## ('从数据库获取apk链接写入日志', [])
[2020-05-28 20:10:00,692][9748][log_file.py][line: 23][DEBUG] ## ('从数据库获取apk链接写入日志', [])
[2020-05-28 20:15:00,708][10520][log_file.py][line: 23][DEBUG] ## ('从数据库获取apk链接写入日志', [])
[2020-05-28 20:20:00,822][11572][log_file.py][line: 23][DEBUG] ## ('从数据库获取apk链接写入日志', ['http://pkg.superdalan.com/game.pkg/download?pkgId=2592&f=xkjhhb_dalan_xy_dsdk_48_1.0.0_20200528_193705.apk'])
[2020-05-28 20:21:53,914][9324][log_file.py][line: 23][DEBUG] ## ('-----------54a4c6159804___20200528_193705.apk----节点1-----------下载校验结果：True',)
[2020-05-28 20:22:28,889][9324][log_file.py][line: 23][DEBUG] ## ('---------54a4c6159804___20200528_193705.apk-------节点2------安装返回结果：True',)
[2020-05-28 20:22:36,045][9324][log_file.py][line: 23][DEBUG] ## ("------------54a4c6159804___20200528_193705.apk----节点3---------拆包校验结果：True:['9baae0e1fd1931f1c3d3c88c2e647465.jpg', '6ce7e354e4bfd420bd2638a02dfcd52c.jpg']",)
[2020-05-28 20:24:48,703][9324][log_file.py][line: 23][DEBUG] ## ('-----------54a4c6159804___20200528_193705.apk----节点4----------打开游戏结果:False',)
[2020-05-28 20:25:01,897][5944][log_file.py][line: 23][DEBUG] ## ('从数据库获取apk链接写入日志', ['http://pkg.superdalan.com/game.pkg/download?pkgId=2592&f=xkjhhb_dalan_xy_dsdk_48_1.0.0_20200528_193705.apk', 'http://pkg.superdalan.com/game.pkg/download?pkgId=2825&f=lltxwzjhbd_dalan_dsdk_48_1.0.0_20200528_182716.apk'])
[2020-05-28 20:27:04,427][10472][log_file.py][line: 23][DEBUG] ## ('-----------54a4c6159804___20200528_193705.apk----节点1-----------下载校验结果：True',)
[2020-05-28 20:27:04,912][5096][log_file.py][line: 23][DEBUG] ## ('-----------R8AYIJWO99999999___20200528_182716.apk----节点1-----------下载校验结果：True',)
[2020-05-28 20:27:36,757][10472][log_file.py][line: 23][DEBUG] ## ('---------54a4c6159804___20200528_193705.apk-------节点2------安装返回结果：True',)
[2020-05-28 20:27:42,791][10472][log_file.py][line: 23][DEBUG] ## ("------------54a4c6159804___20200528_193705.apk----节点3---------拆包校验结果：True:['6ce7e354e4bfd420bd2638a02dfcd52c.jpg', '9baae0e1fd1931f1c3d3c88c2e647465.jpg']",)
[2020-05-28 20:28:27,129][5096][log_file.py][line: 23][DEBUG] ## ('---------R8AYIJWO99999999___20200528_182716.apk-------节点2------安装返回结果：True',)
[2020-05-28 20:28:44,599][5096][log_file.py][line: 23][DEBUG] ## ("------------R8AYIJWO99999999___20200528_182716.apk----节点3---------拆包校验结果：True:['37cef88c236306b8e48789247403dea8.jpg', '691621af884e8be6af6ecd70b27000cb.jpg']",)
[2020-05-28 20:29:32,027][10472][log_file.py][line: 23][DEBUG] ## ('-----------54a4c6159804___20200528_193705.apk----节点4----------打开游戏结果:True',)
[2020-05-28 20:29:40,981][5096][log_file.py][line: 23][DEBUG] ## ('-----------R8AYIJWO99999999___20200528_182716.apk----节点4----------打开游戏结果:True',)
[2020-05-28 20:35:02,252][6284][log_file.py][line: 23][DEBUG] ## ('从数据库获取apk链接写入日志', ['http://pkg.superdalan.com/game.pkg/download?pkgId=2825&f=lltxwzjhbd_dalan_dsdk_48_1.0.0_20200528_182716.apk', 'http://pkg.superdalan.com/game.pkg/download?pkgId=2825&f=lltxwzjhbd_dalan_dsdk_48_1.0.0_20200528_203440.apk'])
[2020-05-28 20:35:26,244][5840][log_file.py][line: 23][DEBUG] ## ('-----------54a4c6159804___20200528_182716.apk----节点1-----------下载校验结果：True',)
[2020-05-28 20:35:27,112][11816][log_file.py][line: 23][DEBUG] ## ('-----------R8AYIJWO99999999___20200528_203440.apk----节点1-----------下载校验结果：True',)
[2020-05-28 20:36:06,303][5840][log_file.py][line: 23][DEBUG] ## ('---------54a4c6159804___20200528_182716.apk-------节点2------安装返回结果：True',)
[2020-05-28 20:36:30,073][5840][log_file.py][line: 23][DEBUG] ## ("------------54a4c6159804___20200528_182716.apk----节点3---------拆包校验结果：True:['37cef88c236306b8e48789247403dea8.jpg', '691621af884e8be6af6ecd70b27000cb.jpg']",)
[2020-05-28 20:37:00,386][11816][log_file.py][line: 23][DEBUG] ## ('---------R8AYIJWO99999999___20200528_203440.apk-------节点2------安装返回结果：True',)
[2020-05-28 20:37:24,453][11816][log_file.py][line: 23][DEBUG] ## ("------------R8AYIJWO99999999___20200528_203440.apk----节点3---------拆包校验结果：True:['37cef88c236306b8e48789247403dea8.jpg', '691621af884e8be6af6ecd70b27000cb.jpg']",)
[2020-05-28 20:38:42,777][5840][log_file.py][line: 23][DEBUG] ## ('-----------54a4c6159804___20200528_182716.apk----节点4----------打开游戏结果:False',)
[2020-05-28 20:38:45,611][11816][log_file.py][line: 23][DEBUG] ## ('-----------R8AYIJWO99999999___20200528_203440.apk----节点4----------打开游戏结果:True',)
[2020-05-28 20:39:36,523][11816][log_file.py][line: 23][DEBUG] ## ('-----------R8AYIJWO99999999___20200528_203440.apk----节点5----------登录游戏结果:True',)
[2020-05-28 20:40:21,398][11816][log_file.py][line: 23][DEBUG] ## ('------R8AYIJWO99999999___20200528_203440.apk---节点6-------下单调起微信结果:True',)
[2020-05-28 20:41:36,412][9536][log_file.py][line: 23][DEBUG] ## ('从数据库获取apk链接写入日志', ['http://pkg.superdalan.com/game.pkg/download?pkgId=2825&f=lltxwzjhbd_dalan_dsdk_48_1.0.0_20200528_182716.apk'])
[2020-05-28 20:41:52,291][9608][log_file.py][line: 23][DEBUG] ## ('-----------54a4c6159804___20200528_182716.apk----节点1-----------下载校验结果：True',)
[2020-05-28 20:42:31,491][9608][log_file.py][line: 23][DEBUG] ## ('---------54a4c6159804___20200528_182716.apk-------节点2------安装返回结果：True',)
[2020-05-28 20:42:37,575][9608][log_file.py][line: 23][DEBUG] ## ("------------54a4c6159804___20200528_182716.apk----节点3---------拆包校验结果：True:['691621af884e8be6af6ecd70b27000cb.jpg', '37cef88c236306b8e48789247403dea8.jpg']",)
[2020-05-28 20:44:54,742][3584][log_file.py][line: 23][DEBUG] ## ('从数据库获取apk链接写入日志', ['http://pkg.superdalan.com/game.pkg/download?pkgId=2825&f=lltxwzjhbd_dalan_dsdk_48_1.0.0_20200528_182716.apk'])
[2020-05-28 20:45:00,709][10248][log_file.py][line: 23][DEBUG] ## ('从数据库获取apk链接写入日志', ['http://pkg.superdalan.com/game.pkg/download?pkgId=2825&f=lltxwzjhbd_dalan_dsdk_48_1.0.0_20200528_182716.apk'])
[2020-05-28 20:45:09,315][11212][log_file.py][line: 23][DEBUG] ## ('-----------54a4c6159804___20200528_182716.apk----节点1-----------下载校验结果：True',)
[2020-05-28 20:45:46,339][11212][log_file.py][line: 23][DEBUG] ## ('---------54a4c6159804___20200528_182716.apk-------节点2------安装返回结果：True',)
[2020-05-28 20:45:52,521][11212][log_file.py][line: 23][DEBUG] ## ("------------54a4c6159804___20200528_182716.apk----节点3---------拆包校验结果：True:['37cef88c236306b8e48789247403dea8.jpg', '691621af884e8be6af6ecd70b27000cb.jpg']",)
[2020-05-28 20:47:57,723][11212][log_file.py][line: 23][DEBUG] ## ('-----------54a4c6159804___20200528_182716.apk----节点4----------打开游戏结果:False',)
[2020-05-28 20:48:40,555][7280][log_file.py][line: 23][DEBUG] ## ('从数据库获取apk链接写入日志', ['http://pkg.superdalan.com/game.pkg/download?pkgId=2825&f=lltxwzjhbd_dalan_dsdk_48_1.0.0_20200528_182716.apk'])
[2020-05-28 20:48:55,080][11552][log_file.py][line: 23][DEBUG] ## ('-----------54a4c6159804___20200528_182716.apk----节点1-----------下载校验结果：True',)
[2020-05-28 20:49:31,875][11552][log_file.py][line: 23][DEBUG] ## ('---------54a4c6159804___20200528_182716.apk-------节点2------安装返回结果：True',)
[2020-05-28 20:49:37,932][11552][log_file.py][line: 23][DEBUG] ## ("------------54a4c6159804___20200528_182716.apk----节点3---------拆包校验结果：True:['691621af884e8be6af6ecd70b27000cb.jpg', '37cef88c236306b8e48789247403dea8.jpg']",)
[2020-05-28 20:50:00,665][6284][log_file.py][line: 23][DEBUG] ## ('从数据库获取apk链接写入日志', ['http://pkg.superdalan.com/game.pkg/download?pkgId=2825&f=lltxwzjhbd_dalan_dsdk_48_1.0.0_20200528_182716.apk'])
[2020-05-28 20:50:50,370][11552][log_file.py][line: 23][DEBUG] ## ('-----------54a4c6159804___20200528_182716.apk----节点4----------打开游戏结果:True',)
[2020-05-28 20:51:41,132][11552][log_file.py][line: 23][DEBUG] ## ('-----------54a4c6159804___20200528_182716.apk----节点5----------登录游戏结果:True',)
[2020-05-28 20:52:25,095][11552][log_file.py][line: 23][DEBUG] ## ('------54a4c6159804___20200528_182716.apk---节点6-------下单调起微信结果:True',)
[2020-05-28 20:55:00,664][9476][log_file.py][line: 23][DEBUG] ## ('从数据库获取apk链接写入日志', [])
[2020-05-28 21:00:00,783][10164][log_file.py][line: 23][DEBUG] ## ('从数据库获取apk链接写入日志', [])
[2020-05-28 21:05:00,731][4772][log_file.py][line: 23][DEBUG] ## ('从数据库获取apk链接写入日志', ['http://pkg.superdalan.com/game.pkg/download?pkgId=2825&f=lltxwzjhbd_dalan_dsdk_48_1.0.0_20200528_182716.apk'])
[2020-05-28 21:06:58,969][11864][log_file.py][line: 23][DEBUG] ## ('-----------54a4c6159804___20200528_182716.apk----节点1-----------下载校验结果：True',)
[2020-05-28 21:07:38,271][11864][log_file.py][line: 23][DEBUG] ## ('---------54a4c6159804___20200528_182716.apk-------节点2------安装返回结果：True',)
[2020-05-28 21:07:59,690][11864][log_file.py][line: 23][DEBUG] ## ("------------54a4c6159804___20200528_182716.apk----节点3---------拆包校验结果：True:['691621af884e8be6af6ecd70b27000cb.jpg', '37cef88c236306b8e48789247403dea8.jpg']",)
[2020-05-28 21:09:40,841][11864][log_file.py][line: 23][DEBUG] ## ('-----------54a4c6159804___20200528_182716.apk----节点4----------打开游戏结果:True',)
[2020-05-28 21:10:31,222][11864][log_file.py][line: 23][DEBUG] ## ('-----------54a4c6159804___20200528_182716.apk----节点5----------登录游戏结果:True',)
[2020-05-28 21:11:13,182][11864][log_file.py][line: 23][DEBUG] ## ('------54a4c6159804___20200528_182716.apk---节点6-------下单调起微信结果:False',)
[2020-05-28 21:15:00,928][10572][log_file.py][line: 23][DEBUG] ## ('从数据库获取apk链接写入日志', ['http://pkg.superdalan.com/game.pkg/download?pkgId=2825&f=lltxwzjhbd_dalan_dsdk_48_1.0.0_20200528_182716.apk'])
[2020-05-28 21:16:07,295][1444][log_file.py][line: 23][DEBUG] ## ('-----------54a4c6159804___20200528_182716.apk----节点1-----------下载校验结果：True',)
[2020-05-28 21:16:43,221][1444][log_file.py][line: 23][DEBUG] ## ('---------54a4c6159804___20200528_182716.apk-------节点2------安装返回结果：True',)
[2020-05-28 21:16:50,932][1444][log_file.py][line: 23][DEBUG] ## ("------------54a4c6159804___20200528_182716.apk----节点3---------拆包校验结果：True:['37cef88c236306b8e48789247403dea8.jpg', '691621af884e8be6af6ecd70b27000cb.jpg']",)
[2020-05-28 21:18:31,902][8184][log_file.py][line: 23][DEBUG] ## ('从数据库获取apk链接写入日志', ['http://pkg.superdalan.com/game.pkg/download?pkgId=2825&f=lltxwzjhbd_dalan_dsdk_48_1.0.0_20200528_182716.apk'])
[2020-05-28 21:18:46,852][11572][log_file.py][line: 23][DEBUG] ## ('-----------54a4c6159804___20200528_182716.apk----节点1-----------下载校验结果：True',)
[2020-05-28 21:19:24,084][11572][log_file.py][line: 23][DEBUG] ## ('---------54a4c6159804___20200528_182716.apk-------节点2------安装返回结果：True',)
[2020-05-28 21:19:29,670][11572][log_file.py][line: 23][DEBUG] ## ("------------54a4c6159804___20200528_182716.apk----节点3---------拆包校验结果：True:['37cef88c236306b8e48789247403dea8.jpg', '691621af884e8be6af6ecd70b27000cb.jpg']",)
[2020-05-28 21:20:00,757][10636][log_file.py][line: 23][DEBUG] ## ('从数据库获取apk链接写入日志', ['http://pkg.superdalan.com/game.pkg/download?pkgId=2825&f=lltxwzjhbd_dalan_dsdk_48_1.0.0_20200528_182716.apk'])
[2020-05-28 21:21:56,162][3324][log_file.py][line: 23][DEBUG] ## ('-----------54a4c6159804___20200528_182716.apk----节点1-----------下载校验结果：True',)
[2020-05-28 21:22:32,518][3324][log_file.py][line: 23][DEBUG] ## ('---------54a4c6159804___20200528_182716.apk-------节点2------安装返回结果：True',)
[2020-05-28 21:22:39,503][3324][log_file.py][line: 23][DEBUG] ## ("------------54a4c6159804___20200528_182716.apk----节点3---------拆包校验结果：True:['37cef88c236306b8e48789247403dea8.jpg', '691621af884e8be6af6ecd70b27000cb.jpg']",)
[2020-05-28 21:24:50,483][3324][log_file.py][line: 23][DEBUG] ## ('-----------54a4c6159804___20200528_182716.apk----节点4----------打开游戏结果:False',)
[2020-05-28 21:25:00,666][10756][log_file.py][line: 23][DEBUG] ## ('从数据库获取apk链接写入日志', ['http://pkg.superdalan.com/game.pkg/download?pkgId=2825&f=lltxwzjhbd_dalan_dsdk_48_1.0.0_20200528_203440.apk'])
[2020-05-28 21:26:58,142][8812][log_file.py][line: 23][DEBUG] ## ('-----------54a4c6159804___20200528_203440.apk----节点1-----------下载校验结果：True',)
[2020-05-28 21:27:35,707][8812][log_file.py][line: 23][DEBUG] ## ('---------54a4c6159804___20200528_203440.apk-------节点2------安装返回结果：True',)
[2020-05-28 21:27:42,249][8812][log_file.py][line: 23][DEBUG] ## ("------------54a4c6159804___20200528_203440.apk----节点3---------拆包校验结果：True:['37cef88c236306b8e48789247403dea8.jpg', '691621af884e8be6af6ecd70b27000cb.jpg']",)
[2020-05-28 21:30:08,570][8812][log_file.py][line: 23][DEBUG] ## ('-----------54a4c6159804___20200528_203440.apk----节点4----------打开游戏结果:False',)
[2020-05-28 21:31:01,268][1176][log_file.py][line: 23][DEBUG] ## ('从数据库获取apk链接写入日志', ['http://pkg.superdalan.com/game.pkg/download?pkgId=2825&f=lltxwzjhbd_dalan_dsdk_48_1.0.0_20200528_203440.apk'])
[2020-05-28 21:31:14,529][11484][log_file.py][line: 23][DEBUG] ## ('-----------54a4c6159804___20200528_203440.apk----节点1-----------下载校验结果：True',)
[2020-05-28 21:31:50,071][11484][log_file.py][line: 23][DEBUG] ## ('---------54a4c6159804___20200528_203440.apk-------节点2------安装返回结果：True',)
[2020-05-28 21:31:57,157][11484][log_file.py][line: 23][DEBUG] ## ("------------54a4c6159804___20200528_203440.apk----节点3---------拆包校验结果：True:['37cef88c236306b8e48789247403dea8.jpg', '691621af884e8be6af6ecd70b27000cb.jpg']",)
[2020-05-28 21:34:06,430][11484][log_file.py][line: 23][DEBUG] ## ('-----------54a4c6159804___20200528_203440.apk----节点4----------打开游戏结果:False',)
[2020-05-28 21:35:00,721][9340][log_file.py][line: 23][DEBUG] ## ('从数据库获取apk链接写入日志', [])
[2020-05-28 21:40:00,805][9340][log_file.py][line: 23][DEBUG] ## ('从数据库获取apk链接写入日志', [])
[2020-05-28 21:45:00,665][10944][log_file.py][line: 23][DEBUG] ## ('从数据库获取apk链接写入日志', [])
[2020-05-28 21:50:00,724][11100][log_file.py][line: 23][DEBUG] ## ('从数据库获取apk链接写入日志', [])
[2020-05-28 21:55:00,733][4788][log_file.py][line: 23][DEBUG] ## ('从数据库获取apk链接写入日志', ['http://pkg.superdalan.com/game.pkg/download?pkgId=2807&f=chwyhbtest2_dalan_dsdk_74_1.0.0_20200528_215413.apk'])
[2020-05-28 21:56:00,062][10696][log_file.py][line: 23][DEBUG] ## ('-----------54a4c6159804___20200528_215413.apk----节点1-----------下载校验结果：True',)
[2020-05-28 21:56:23,654][10696][log_file.py][line: 23][DEBUG] ## ('---------54a4c6159804___20200528_215413.apk-------节点2------安装返回结果：True',)
[2020-05-28 21:56:23,786][10696][log_file.py][line: 23][DEBUG] ## ('--------54a4c6159804___20200528_215413.apk---节点3--------后台没有配置素材无需校验',)
[2020-05-28 21:57:46,697][10696][log_file.py][line: 23][DEBUG] ## ('-----------54a4c6159804___20200528_215413.apk----节点4----------打开游戏结果:True',)
[2020-05-28 21:58:51,642][10696][log_file.py][line: 23][DEBUG] ## ('-----------54a4c6159804___20200528_215413.apk----节点5----------登录游戏结果:False',)
[2020-05-28 22:00:00,727][11560][log_file.py][line: 23][DEBUG] ## ('从数据库获取apk链接写入日志', ['http://pkg.superdalan.com/game.pkg/download?pkgId=2807&f=chwyhbtest2_dalan_dsdk_74_1.0.0_20200528_215413.apk'])
[2020-05-28 22:00:56,259][5736][log_file.py][line: 23][DEBUG] ## ('-----------54a4c6159804___20200528_215413.apk----节点1-----------下载校验结果：True',)
[2020-05-28 22:01:20,102][5736][log_file.py][line: 23][DEBUG] ## ('---------54a4c6159804___20200528_215413.apk-------节点2------安装返回结果：True',)
[2020-05-28 22:01:20,254][5736][log_file.py][line: 23][DEBUG] ## ('--------54a4c6159804___20200528_215413.apk---节点3--------后台没有配置素材无需校验',)
[2020-05-28 22:02:42,943][5736][log_file.py][line: 23][DEBUG] ## ('-----------54a4c6159804___20200528_215413.apk----节点4----------打开游戏结果:True',)
[2020-05-28 22:03:46,741][5736][log_file.py][line: 23][DEBUG] ## ('-----------54a4c6159804___20200528_215413.apk----节点5----------登录游戏结果:False',)
[2020-05-28 22:05:00,673][10628][log_file.py][line: 23][DEBUG] ## ('从数据库获取apk链接写入日志', [])
[2020-05-28 22:10:00,669][8824][log_file.py][line: 23][DEBUG] ## ('从数据库获取apk链接写入日志', [])
[2020-05-28 22:15:00,718][10096][log_file.py][line: 23][DEBUG] ## ('从数据库获取apk链接写入日志', [])
[2020-05-28 22:20:00,713][3532][log_file.py][line: 23][DEBUG] ## ('从数据库获取apk链接写入日志', [])
[2020-05-28 22:25:00,691][2780][log_file.py][line: 23][DEBUG] ## ('从数据库获取apk链接写入日志', ['http://pkg.superdalan.com/game.pkg/download?pkgId=2797&f=hbcs_dalan_xy_dsdk_74_1.0.0_20200528_222505.apk'])
[2020-05-28 22:25:56,558][6284][log_file.py][line: 23][DEBUG] ## ('-----------54a4c6159804___20200528_222505.apk----节点1-----------下载校验结果：True',)
[2020-05-28 22:26:22,201][6284][log_file.py][line: 23][DEBUG] ## ('---------54a4c6159804___20200528_222505.apk-------节点2------安装返回结果：True',)
[2020-05-28 22:26:22,376][6284][log_file.py][line: 23][DEBUG] ## ('--------54a4c6159804___20200528_222505.apk---节点3--------后台没有配置素材无需校验',)
[2020-05-28 22:27:48,088][6284][log_file.py][line: 23][DEBUG] ## ('-----------54a4c6159804___20200528_222505.apk----节点4----------打开游戏结果:True',)
[2020-05-28 22:28:52,919][6284][log_file.py][line: 23][DEBUG] ## ('-----------54a4c6159804___20200528_222505.apk----节点5----------登录游戏结果:False',)
[2020-05-28 22:30:00,740][6788][log_file.py][line: 23][DEBUG] ## ('从数据库获取apk链接写入日志', ['http://pkg.superdalan.com/game.pkg/download?pkgId=2797&f=hbcs_dalan_xy_dsdk_74_1.0.0_20200528_222505.apk'])
[2020-05-28 22:30:55,358][4308][log_file.py][line: 23][DEBUG] ## ('-----------54a4c6159804___20200528_222505.apk----节点1-----------下载校验结果：True',)
[2020-05-28 22:31:19,581][4308][log_file.py][line: 23][DEBUG] ## ('---------54a4c6159804___20200528_222505.apk-------节点2------安装返回结果：True',)
[2020-05-28 22:31:19,755][4308][log_file.py][line: 23][DEBUG] ## ('--------54a4c6159804___20200528_222505.apk---节点3--------后台没有配置素材无需校验',)
[2020-05-28 22:32:41,803][4308][log_file.py][line: 23][DEBUG] ## ('-----------54a4c6159804___20200528_222505.apk----节点4----------打开游戏结果:True',)
[2020-05-28 22:33:45,931][4308][log_file.py][line: 23][DEBUG] ## ('-----------54a4c6159804___20200528_222505.apk----节点5----------登录游戏结果:False',)
[2020-05-28 22:35:00,665][10904][log_file.py][line: 23][DEBUG] ## ('从数据库获取apk链接写入日志', [])
[2020-05-28 22:40:00,660][6776][log_file.py][line: 23][DEBUG] ## ('从数据库获取apk链接写入日志', [])
[2020-05-28 22:45:00,716][11000][log_file.py][line: 23][DEBUG] ## ('从数据库获取apk链接写入日志', [])
[2020-05-28 22:50:00,729][10192][log_file.py][line: 23][DEBUG] ## ('从数据库获取apk链接写入日志', [])
[2020-05-28 22:55:00,696][4140][log_file.py][line: 23][DEBUG] ## ('从数据库获取apk链接写入日志', [])
[2020-05-28 23:00:00,727][9428][log_file.py][line: 23][DEBUG] ## ('从数据库获取apk链接写入日志', [])
[2020-05-28 23:05:00,699][3896][log_file.py][line: 23][DEBUG] ## ('从数据库获取apk链接写入日志', [])
[2020-05-28 23:10:00,728][9772][log_file.py][line: 23][DEBUG] ## ('从数据库获取apk链接写入日志', [])
[2020-05-28 23:15:00,639][7068][log_file.py][line: 23][DEBUG] ## ('从数据库获取apk链接写入日志', [])
[2020-05-28 23:20:00,662][5184][log_file.py][line: 23][DEBUG] ## ('从数据库获取apk链接写入日志', [])
[2020-05-28 23:25:00,708][10904][log_file.py][line: 23][DEBUG] ## ('从数据库获取apk链接写入日志', [])
[2020-05-28 23:30:00,704][3592][log_file.py][line: 23][DEBUG] ## ('从数据库获取apk链接写入日志', [])
[2020-05-28 23:35:00,714][10148][log_file.py][line: 23][DEBUG] ## ('从数据库获取apk链接写入日志', [])
[2020-05-28 23:40:00,684][5184][log_file.py][line: 23][DEBUG] ## ('从数据库获取apk链接写入日志', [])
[2020-05-28 23:45:00,686][3080][log_file.py][line: 23][DEBUG] ## ('从数据库获取apk链接写入日志', [])
[2020-05-28 23:50:00,701][8328][log_file.py][line: 23][DEBUG] ## ('从数据库获取apk链接写入日志', [])
[2020-05-28 23:55:00,657][240][log_file.py][line: 23][DEBUG] ## ('从数据库获取apk链接写入日志', [])
