[2020-06-08 14:57:52,205][16480][log_file.py][line: 23][DEBUG] ## ('从数据库获取apk链接写入日志', ['http://pkg.superdalan.com/game.pkg/download?pkgId=2887&f=zyrgwzjhtt2_dalan_dsdk_48_1.0.0_20200605_145657.apk'])
[2020-06-08 14:58:10,236][17640][log_file.py][line: 23][DEBUG] ## ('-----------54a4c6159804___20200605_145657.apk----节点1-----------下载校验结果：True',)
[2020-06-08 14:58:45,007][17640][log_file.py][line: 23][DEBUG] ## ('---------54a4c6159804___20200605_145657.apk-------节点2------安装返回结果：True',)
[2020-06-08 14:58:54,177][17640][log_file.py][line: 23][DEBUG] ## ("------------54a4c6159804___20200605_145657.apk----节点3---------拆包校验结果：True:['1e32ad2c77982fed8732b25d7e482a1d.jpg', 'b7106ab8b3620cbc509ef6175a822fe2.jpg']",)
[2020-06-08 14:59:56,632][17640][log_file.py][line: 23][DEBUG] ## ('-----------54a4c6159804___20200605_145657.apk----节点4----------打开游戏结果:True',)
[2020-06-08 15:00:51,960][17640][log_file.py][line: 23][DEBUG] ## ('-----------54a4c6159804___20200605_145657.apk----节点5----------登录游戏结果:True',)
[2020-06-08 15:01:37,414][17640][log_file.py][line: 23][DEBUG] ## ('------54a4c6159804___20200605_145657.apk---节点6-------下单调起微信结果:True',)
[2020-06-08 15:09:58,349][13764][log_file.py][line: 23][DEBUG] ## ('从数据库获取apk链接写入日志', ['http://pkg.superdalan.com/game.pkg/download?pkgId=2887&f=zyrgwzjhtt2_dalan_dsdk_48_1.0.0_20200605_145657.apk'])
[2020-06-08 15:10:13,812][34060][log_file.py][line: 23][DEBUG] ## ('-----------QDY4C17818002168___20200605_145657.apk----节点1-----------下载校验结果：True',)
[2020-06-08 15:10:56,700][34060][log_file.py][line: 23][DEBUG] ## ('---------QDY4C17818002168___20200605_145657.apk-------节点2------安装返回结果：True',)
[2020-06-08 15:11:04,321][34060][log_file.py][line: 23][DEBUG] ## ("------------QDY4C17818002168___20200605_145657.apk----节点3---------拆包校验结果：True:['b7106ab8b3620cbc509ef6175a822fe2.jpg', '1e32ad2c77982fed8732b25d7e482a1d.jpg']",)
[2020-06-08 15:12:20,001][34060][log_file.py][line: 23][DEBUG] ## ('-----------QDY4C17818002168___20200605_145657.apk----节点4----------打开游戏结果:True',)
[2020-06-08 15:13:10,818][34060][log_file.py][line: 23][DEBUG] ## ('-----------QDY4C17818002168___20200605_145657.apk----节点5----------登录游戏结果:True',)
[2020-06-08 15:21:47,653][33532][log_file.py][line: 23][DEBUG] ## ('从数据库获取apk链接写入日志', ['http://pkg.superdalan.com/game.pkg/download?pkgId=2887&f=zyrgwzjhtt2_dalan_dsdk_48_1.0.0_20200605_145657.apk'])
[2020-06-08 15:22:03,905][29080][log_file.py][line: 23][DEBUG] ## ('-----------QDY4C17818002168___20200605_145657.apk----节点1-----------下载校验结果：True',)
[2020-06-08 15:22:40,251][29080][log_file.py][line: 23][DEBUG] ## ('---------QDY4C17818002168___20200605_145657.apk-------节点2------安装返回结果：True',)
[2020-06-08 15:23:00,606][29080][log_file.py][line: 23][DEBUG] ## ("------------QDY4C17818002168___20200605_145657.apk----节点3---------拆包校验结果：True:['1e32ad2c77982fed8732b25d7e482a1d.jpg', 'b7106ab8b3620cbc509ef6175a822fe2.jpg']",)
[2020-06-08 15:24:09,705][29080][log_file.py][line: 23][DEBUG] ## ('-----------QDY4C17818002168___20200605_145657.apk----节点4----------打开游戏结果:True',)
[2020-06-08 15:24:59,849][29080][log_file.py][line: 23][DEBUG] ## ('-----------QDY4C17818002168___20200605_145657.apk----节点5----------登录游戏结果:True',)
[2020-06-08 15:25:46,297][29080][log_file.py][line: 23][DEBUG] ## ('------QDY4C17818002168___20200605_145657.apk---节点6-------下单调起微信结果:True',)
[2020-06-08 15:29:21,367][28772][log_file.py][line: 23][DEBUG] ## ('从数据库获取apk链接写入日志', ['http://pkg.superdalan.com/game.pkg/download?pkgId=2887&f=zyrgwzjhtt2_dalan_dsdk_48_1.0.0_20200605_145657.apk'])
[2020-06-08 15:29:37,302][30576][log_file.py][line: 23][DEBUG] ## ('-----------R8AYIJWO99999999___20200605_145657.apk----节点1-----------下载校验结果：True',)
[2020-06-08 15:30:55,032][30576][log_file.py][line: 23][DEBUG] ## ('---------R8AYIJWO99999999___20200605_145657.apk-------节点2------安装返回结果：True',)
[2020-06-08 15:31:02,943][30576][log_file.py][line: 23][DEBUG] ## ("------------R8AYIJWO99999999___20200605_145657.apk----节点3---------拆包校验结果：True:['b7106ab8b3620cbc509ef6175a822fe2.jpg', '1e32ad2c77982fed8732b25d7e482a1d.jpg']",)
[2020-06-08 15:31:59,228][30576][log_file.py][line: 23][DEBUG] ## ('-----------R8AYIJWO99999999___20200605_145657.apk----节点4----------打开游戏结果:True',)
[2020-06-08 15:32:49,401][30576][log_file.py][line: 23][DEBUG] ## ('-----------R8AYIJWO99999999___20200605_145657.apk----节点5----------登录游戏结果:True',)
[2020-06-08 15:33:32,735][30576][log_file.py][line: 23][DEBUG] ## ('------R8AYIJWO99999999___20200605_145657.apk---节点6-------下单调起微信结果:True',)
[2020-06-08 15:54:44,345][21164][log_file.py][line: 23][DEBUG] ## ('从数据库获取apk链接写入日志', [])
[2020-06-08 15:54:51,720][15316][log_file.py][line: 23][DEBUG] ## ('从数据库获取apk链接写入日志', ['http://pkg.superdalan.com/game.pkg/download?pkgId=2887&f=zyrgwzjhtt2_dalan_dsdk_48_1.0.0_20200605_145657.apk'])
[2020-06-08 15:55:06,420][12596][log_file.py][line: 23][DEBUG] ## ('-----------b5940085___20200605_145657.apk----节点1-----------下载校验结果：True',)
[2020-06-08 15:55:30,951][12596][log_file.py][line: 23][DEBUG] ## ('---------b5940085___20200605_145657.apk-------节点2------安装返回结果：True',)
[2020-06-08 15:55:38,924][12596][log_file.py][line: 23][DEBUG] ## ("------------b5940085___20200605_145657.apk----节点3---------拆包校验结果：True:['b7106ab8b3620cbc509ef6175a822fe2.jpg', '1e32ad2c77982fed8732b25d7e482a1d.jpg']",)
[2020-06-08 15:56:22,598][12596][log_file.py][line: 23][DEBUG] ## ('-----------b5940085___20200605_145657.apk----节点4----------打开游戏结果:True',)
[2020-06-08 15:57:51,338][19460][log_file.py][line: 23][DEBUG] ## ('从数据库获取apk链接写入日志', ['http://pkg.superdalan.com/game.pkg/download?pkgId=2887&f=zyrgwzjhtt2_dalan_dsdk_48_1.0.0_20200605_145657.apk'])
[2020-06-08 15:57:55,192][11196][log_file.py][line: 23][DEBUG] ## ('从数据库获取apk链接写入日志', ['http://pkg.superdalan.com/game.pkg/download?pkgId=2887&f=zyrgwzjhtt2_dalan_dsdk_48_1.0.0_20200605_145657.apk'])
[2020-06-08 15:58:03,830][30860][log_file.py][line: 23][DEBUG] ## ('-----------b5940085___20200605_145657.apk----节点1-----------下载校验结果：True',)
[2020-06-08 15:58:27,830][30860][log_file.py][line: 23][DEBUG] ## ('---------b5940085___20200605_145657.apk-------节点2------安装返回结果：True',)
[2020-06-08 15:58:38,395][30860][log_file.py][line: 23][DEBUG] ## ("------------b5940085___20200605_145657.apk----节点3---------拆包校验结果：True:['1e32ad2c77982fed8732b25d7e482a1d.jpg', 'b7106ab8b3620cbc509ef6175a822fe2.jpg']",)
[2020-06-08 15:59:21,121][30860][log_file.py][line: 23][DEBUG] ## ('-----------b5940085___20200605_145657.apk----节点4----------打开游戏结果:True',)
[2020-06-08 16:01:50,117][14776][log_file.py][line: 23][DEBUG] ## ('从数据库获取apk链接写入日志', ['http://pkg.superdalan.com/game.pkg/download?pkgId=2887&f=zyrgwzjhtt2_dalan_dsdk_48_1.0.0_20200605_145657.apk'])
[2020-06-08 16:02:02,769][28344][log_file.py][line: 23][DEBUG] ## ('-----------b5940085___20200605_145657.apk----节点1-----------下载校验结果：True',)
[2020-06-08 16:02:26,106][28344][log_file.py][line: 23][DEBUG] ## ('---------b5940085___20200605_145657.apk-------节点2------安装返回结果：True',)
[2020-06-08 16:02:34,296][28344][log_file.py][line: 23][DEBUG] ## ("------------b5940085___20200605_145657.apk----节点3---------拆包校验结果：True:['1e32ad2c77982fed8732b25d7e482a1d.jpg', 'b7106ab8b3620cbc509ef6175a822fe2.jpg']",)
[2020-06-08 16:04:22,890][28344][log_file.py][line: 23][DEBUG] ## ('-----------b5940085___20200605_145657.apk----节点4----------打开游戏结果:False',)
[2020-06-08 16:05:49,225][28396][log_file.py][line: 23][DEBUG] ## ('从数据库获取apk链接写入日志', ['http://pkg.superdalan.com/game.pkg/download?pkgId=2887&f=zyrgwzjhtt2_dalan_dsdk_48_1.0.0_20200605_145657.apk'])
[2020-06-08 16:06:01,539][30596][log_file.py][line: 23][DEBUG] ## ('-----------b5940085___20200605_145657.apk----节点1-----------下载校验结果：True',)
[2020-06-08 16:06:25,306][30596][log_file.py][line: 23][DEBUG] ## ('---------b5940085___20200605_145657.apk-------节点2------安装返回结果：True',)
[2020-06-08 16:06:32,851][30596][log_file.py][line: 23][DEBUG] ## ("------------b5940085___20200605_145657.apk----节点3---------拆包校验结果：True:['1e32ad2c77982fed8732b25d7e482a1d.jpg', 'b7106ab8b3620cbc509ef6175a822fe2.jpg']",)
[2020-06-08 16:07:17,043][30596][log_file.py][line: 23][DEBUG] ## ('-----------b5940085___20200605_145657.apk----节点4----------打开游戏结果:True',)
[2020-06-08 19:55:38,102][32008][log_file.py][line: 23][DEBUG] ## ('从数据库获取apk链接写入日志', ['http://pkg.superdalan.com/game.pkg/download?pkgId=2887&f=zyrgwzjhtt2_dalan_dsdk_48_1.0.0_20200605_145657.apk'])
[2020-06-08 19:56:00,699][35400][log_file.py][line: 23][DEBUG] ## ('-----------b5940085___20200605_145657.apk----节点1-----------下载校验结果：True',)
[2020-06-08 19:56:27,393][35400][log_file.py][line: 23][DEBUG] ## ('---------b5940085___20200605_145657.apk-------节点2------安装返回结果：True',)
[2020-06-08 19:56:36,949][35400][log_file.py][line: 23][DEBUG] ## ("------------b5940085___20200605_145657.apk----节点3---------拆包校验结果：True:['b7106ab8b3620cbc509ef6175a822fe2.jpg', '1e32ad2c77982fed8732b25d7e482a1d.jpg']",)
[2020-06-08 19:58:26,652][35400][log_file.py][line: 23][DEBUG] ## ('-----------b5940085___20200605_145657.apk----节点4----------打开游戏结果:False',)
[2020-06-08 20:04:17,527][30008][log_file.py][line: 23][DEBUG] ## ('从数据库获取apk链接写入日志', [])
[2020-06-08 20:06:10,347][35332][log_file.py][line: 23][DEBUG] ## ('从数据库获取apk链接写入日志', ['http://pkg.superdalan.com/game.pkg/download?pkgId=2887&f=zyrgwzjhtt2_dalan_dsdk_48_1.0.0_20200605_145657.apk'])
[2020-06-08 20:06:25,133][8080][log_file.py][line: 23][DEBUG] ## ('-----------b5940085___20200605_145657.apk----节点1-----------下载校验结果：True',)
[2020-06-08 20:06:47,945][8080][log_file.py][line: 23][DEBUG] ## ('---------b5940085___20200605_145657.apk-------节点2------安装返回结果：True',)
[2020-06-08 20:06:55,595][8080][log_file.py][line: 23][DEBUG] ## ("------------b5940085___20200605_145657.apk----节点3---------拆包校验结果：True:['b7106ab8b3620cbc509ef6175a822fe2.jpg', '1e32ad2c77982fed8732b25d7e482a1d.jpg']",)
[2020-06-08 20:07:40,698][8080][log_file.py][line: 23][DEBUG] ## ('-----------b5940085___20200605_145657.apk----节点4----------打开游戏结果:True',)
[2020-06-08 20:08:25,345][8080][log_file.py][line: 23][DEBUG] ## ('-----------b5940085___20200605_145657.apk----节点5----------登录游戏结果:True',)
[2020-06-08 20:09:16,304][8080][log_file.py][line: 23][DEBUG] ## ('------b5940085___20200605_145657.apk---节点6-------下单调起微信结果:True',)
