[2020-05-13 09:58:37,138][40576][log_file.py][line: 23][DEBUG] ## ('从数据库获取apk链接写入日志', ['http://pkg.superdalan.com/game.pkg/download?pkgId=2442&f=shjgdt_dalan_dsdk_48_1.0.0_20200512_203830.apk', 'http://pkg.superdalan.com/game.pkg/download?pkgId=2775&f=shjhbbgdtlmb_dalan_dsdk_48_1.0.0_20200512_193750.apk', 'http://pkg.superdalan.com/game.pkg/download?pkgId=2784&f=jwjtzflbgdtwng_dalan_dsdk_48_1.0.0_20200512_224508.apk'])
[2020-05-13 10:08:09,922][37636][log_file.py][line: 23][DEBUG] ## ('从数据库获取apk链接写入日志', ['http://pkg.superdalan.com/game.pkg/download?pkgId=2442&f=shjgdt_dalan_dsdk_48_1.0.0_20200512_203830.apk', 'http://pkg.superdalan.com/game.pkg/download?pkgId=2775&f=shjhbbgdtlmb_dalan_dsdk_48_1.0.0_20200512_193750.apk', 'http://pkg.superdalan.com/game.pkg/download?pkgId=2784&f=jwjtzflbgdtwng_dalan_dsdk_48_1.0.0_20200512_224508.apk'])
[2020-05-13 12:10:34,494][22024][log_file.py][line: 23][DEBUG] ## ('从数据库获取apk链接写入日志', [])
[2020-05-13 12:11:13,592][30900][log_file.py][line: 23][DEBUG] ## ('从数据库获取apk链接写入日志', ['http://pkg.superdalan.com/game.pkg/download?pkgId=2391&f=shjtt_dalan_dsdk_48_1.0.0_20200507_231426.apk', 'http://pkg.superdalan.com/game.pkg/download?pkgId=2442&f=shjgdt_dalan_dsdk_48_1.0.0_20200512_203830.apk'])
[2020-05-13 16:43:43,647][8976][log_file.py][line: 23][DEBUG] ## ('从数据库获取apk链接写入日志', ['http://pkg.superdalan.com/game.pkg/download?pkgId=2784&f=jwjtzflbgdtwng_dalan_dsdk_48_1.0.0_20200513_162538.apk', 'http://pkg.superdalan.com/game.pkg/download?pkgId=451&f=wsjxgdttx_biguo_android_19_1.0.0_20200513_163022.apk', 'http://pkg.superdalan.com/game.pkg/download?pkgId=485&f=fyjj_dalan_android_19_1.0.0_20200513_162910.apk'])
[2020-05-13 16:50:02,292][11564][log_file.py][line: 23][DEBUG] ## ('从数据库获取apk链接写入日志', ['http://pkg.superdalan.com/game.pkg/download?pkgId=2784&f=jwjtzflbgdtwng_dalan_dsdk_48_1.0.0_20200513_162538.apk'])
[2020-05-13 16:52:11,892][11004][log_file.py][line: 23][DEBUG] ## ('从数据库获取apk链接写入日志', ['http://pkg.superdalan.com/game.pkg/download?pkgId=2784&f=jwjtzflbgdtwng_dalan_dsdk_48_1.0.0_20200513_162538.apk'])
[2020-05-13 16:55:00,823][12280][log_file.py][line: 23][DEBUG] ## ('从数据库获取apk链接写入日志', ['http://pkg.superdalan.com/game.pkg/download?pkgId=2784&f=jwjtzflbgdtwng_dalan_dsdk_48_1.0.0_20200513_162538.apk'])
[2020-05-13 17:00:00,706][11788][log_file.py][line: 23][DEBUG] ## ('从数据库获取apk链接写入日志', ['http://pkg.superdalan.com/game.pkg/download?pkgId=2784&f=jwjtzflbgdtwng_dalan_dsdk_48_1.0.0_20200513_162538.apk'])
[2020-05-13 17:05:00,698][876][log_file.py][line: 23][DEBUG] ## ('从数据库获取apk链接写入日志', ['http://pkg.superdalan.com/game.pkg/download?pkgId=2777&f=szymr1xysdk_dalan_xy_dsdk_65_1.0.0_20200513_170556.apk', 'http://pkg.superdalan.com/game.pkg/download?pkgId=2784&f=jwjtzflbgdtwng_dalan_dsdk_48_1.0.0_20200513_162538.apk'])
[2020-05-13 17:15:01,018][11440][log_file.py][line: 23][DEBUG] ## ('从数据库获取apk链接写入日志', ['http://pkg.superdalan.com/game.pkg/download?pkgId=2784&f=jwjtzflbgdtwng_dalan_dsdk_48_1.0.0_20200513_162538.apk'])
[2020-05-13 17:25:00,671][2612][log_file.py][line: 23][DEBUG] ## ('从数据库获取apk链接写入日志', ['http://pkg.superdalan.com/game.pkg/download?pkgId=2684&f=chwyyzmxwtt_dalan_xy_dsdk_74_1.0.0_20200513_172421.apk', 'http://pkg.superdalan.com/game.pkg/download?pkgId=2687&f=mxdxcmxdzjgdt_dalan_xy_dsdk_74_1.0.0_20200513_172528.apk', 'http://pkg.superdalan.com/game.pkg/download?pkgId=2784&f=jwjtzflbgdtwng_dalan_dsdk_48_1.0.0_20200513_162538.apk'])
[2020-05-13 17:30:00,771][10524][log_file.py][line: 23][DEBUG] ## ('从数据库获取apk链接写入日志', ['http://pkg.superdalan.com/game.pkg/download?pkgId=2684&f=chwyyzmxwtt_dalan_xy_dsdk_74_1.0.0_20200513_172421.apk', 'http://pkg.superdalan.com/game.pkg/download?pkgId=2687&f=mxdxcmxdzjgdt_dalan_xy_dsdk_74_1.0.0_20200513_172528.apk', 'http://pkg.superdalan.com/game.pkg/download?pkgId=2784&f=jwjtzflbgdtwng_dalan_dsdk_48_1.0.0_20200513_162538.apk'])
[2020-05-13 17:35:00,704][11880][log_file.py][line: 23][DEBUG] ## ('从数据库获取apk链接写入日志', ['http://pkg.superdalan.com/game.pkg/download?pkgId=2684&f=chwyyzmxwtt_dalan_xy_dsdk_74_1.0.0_20200513_172421.apk', 'http://pkg.superdalan.com/game.pkg/download?pkgId=2687&f=mxdxcmxdzjgdt_dalan_xy_dsdk_74_1.0.0_20200513_172528.apk', 'http://pkg.superdalan.com/game.pkg/download?pkgId=2784&f=jwjtzflbgdtwng_dalan_dsdk_48_1.0.0_20200513_162538.apk', 'http://pkg.superdalan.com/game.pkg/download?pkgId=2784&f=jwjtzflbgdtwng_dalan_dsdk_48_1.0.0_20200513_173533.apk'])
[2020-05-13 17:55:00,862][2528][log_file.py][line: 23][DEBUG] ## ('从数据库获取apk链接写入日志', ['http://pkg.superdalan.com/game.pkg/download?pkgId=2684&f=chwyyzmxwtt_dalan_xy_dsdk_74_1.0.0_20200513_172421.apk', 'http://pkg.superdalan.com/game.pkg/download?pkgId=2684&f=chwyyzmxwtt_dalan_xy_dsdk_74_1.0.0_20200513_174329.apk', 'http://pkg.superdalan.com/game.pkg/download?pkgId=2687&f=mxdxcmxdzjgdt_dalan_xy_dsdk_74_1.0.0_20200513_172528.apk', 'http://pkg.superdalan.com/game.pkg/download?pkgId=2784&f=jwjtzflbgdtwng_dalan_dsdk_48_1.0.0_20200513_162538.apk', 'http://pkg.superdalan.com/game.pkg/download?pkgId=2784&f=jwjtzflbgdtwng_dalan_dsdk_48_1.0.0_20200513_173533.apk', 'http://pkg.superdalan.com/game.pkg/download?pkgId=2786&f=chwyfkmxwtest_dalan_xy_dsdk_74_1.0.0_20200513_175243.apk'])
[2020-05-13 18:10:01,222][12108][log_file.py][line: 23][DEBUG] ## ('从数据库获取apk链接写入日志', [])
[2020-05-13 18:15:00,698][10484][log_file.py][line: 23][DEBUG] ## ('从数据库获取apk链接写入日志', [])
[2020-05-13 18:20:00,666][5684][log_file.py][line: 23][DEBUG] ## ('从数据库获取apk链接写入日志', ['http://pkg.superdalan.com/game.pkg/download?pkgId=2685&f=chwydxcyztt_dalan_xy_dsdk_74_1.0.0_20200513_182149.apk'])
[2020-05-13 18:24:10,326][11932][log_file.py][line: 23][DEBUG] ## ('从数据库获取apk链接写入日志', ['http://pkg.superdalan.com/game.pkg/download?pkgId=1282&f=shfytt_dalan_dsdk_10_1.0.0_20200326_112014.apk'])
[2020-05-13 18:25:00,675][6268][log_file.py][line: 23][DEBUG] ## ('从数据库获取apk链接写入日志', [])
[2020-05-13 18:27:59,549][11028][log_file.py][line: 23][DEBUG] ## ('从数据库获取apk链接写入日志', [])
[2020-05-13 18:28:04,852][6336][log_file.py][line: 23][DEBUG] ## ('从数据库获取apk链接写入日志', ['http://pkg.superdalan.com/game.pkg/download?pkgId=1282&f=shfytt_dalan_dsdk_10_1.0.0_20200326_112014.apk'])
[2020-05-13 18:29:24,222][12224][log_file.py][line: 23][DEBUG] ## ('从数据库获取apk链接写入日志', ['http://pkg.superdalan.com/game.pkg/download?pkgId=1282&f=shfytt_dalan_dsdk_10_1.0.0_20200326_112014.apk'])
[2020-05-13 18:30:00,771][6792][log_file.py][line: 23][DEBUG] ## ('从数据库获取apk链接写入日志', ['http://pkg.superdalan.com/game.pkg/download?pkgId=1282&f=shfytt_dalan_dsdk_10_1.0.0_20200326_112014.apk'])
[2020-05-13 18:35:00,703][5856][log_file.py][line: 23][DEBUG] ## ('从数据库获取apk链接写入日志', ['http://pkg.superdalan.com/game.pkg/download?pkgId=1282&f=shfytt_dalan_dsdk_10_1.0.0_20200326_112014.apk'])
[2020-05-13 18:37:50,475][8312][log_file.py][line: 23][DEBUG] ## ('从数据库获取apk链接写入日志', ['http://pkg.superdalan.com/game.pkg/download?pkgId=1282&f=shfytt_dalan_dsdk_10_1.0.0_20200326_112014.apk'])
[2020-05-13 18:40:00,878][12092][log_file.py][line: 23][DEBUG] ## ('从数据库获取apk链接写入日志', ['http://pkg.superdalan.com/game.pkg/download?pkgId=1282&f=shfytt_dalan_dsdk_10_1.0.0_20200326_112014.apk'])
[2020-05-13 18:45:00,681][4188][log_file.py][line: 23][DEBUG] ## ('从数据库获取apk链接写入日志', ['http://pkg.superdalan.com/game.pkg/download?pkgId=1282&f=shfytt_dalan_dsdk_10_1.0.0_20200326_112014.apk', 'http://pkg.superdalan.com/game.pkg/download?pkgId=2757&f=sgsqlmb_dalan_dsdk_73_1_20200513_184544.apk', 'http://pkg.superdalan.com/game.pkg/download?pkgId=2758&f=xyjztzhlmb_dalan_dsdk_73_1_20200513_184647.apk'])
[2020-05-13 18:45:38,611][5892][log_file.py][line: 23][DEBUG] ## ('从数据库获取apk链接写入日志', ['http://pkg.superdalan.com/game.pkg/download?pkgId=1282&f=shfytt_dalan_dsdk_10_1.0.0_20200326_112014.apk', 'http://pkg.superdalan.com/game.pkg/download?pkgId=2757&f=sgsqlmb_dalan_dsdk_73_1_20200513_184544.apk', 'http://pkg.superdalan.com/game.pkg/download?pkgId=2758&f=xyjztzhlmb_dalan_dsdk_73_1_20200513_184647.apk'])
[2020-05-13 18:47:36,137][5400][log_file.py][line: 23][DEBUG] ## ('从数据库获取apk链接写入日志', ['http://pkg.superdalan.com/game.pkg/download?pkgId=1282&f=shfytt_dalan_dsdk_10_1.0.0_20200326_112014.apk', 'http://pkg.superdalan.com/game.pkg/download?pkgId=2757&f=sgsqlmb_dalan_dsdk_73_1_20200513_184544.apk', 'http://pkg.superdalan.com/game.pkg/download?pkgId=2758&f=xyjztzhlmb_dalan_dsdk_73_1_20200513_184647.apk'])
[2020-05-13 18:48:32,979][8500][log_file.py][line: 23][DEBUG] ## ('从数据库获取apk链接写入日志', ['http://pkg.superdalan.com/game.pkg/download?pkgId=1282&f=shfytt_dalan_dsdk_10_1.0.0_20200326_112014.apk', 'http://pkg.superdalan.com/game.pkg/download?pkgId=2757&f=sgsqlmb_dalan_dsdk_73_1_20200513_184544.apk', 'http://pkg.superdalan.com/game.pkg/download?pkgId=2758&f=xyjztzhlmb_dalan_dsdk_73_1_20200513_184647.apk'])
[2020-05-13 18:50:00,655][11704][log_file.py][line: 23][DEBUG] ## ('从数据库获取apk链接写入日志', ['http://pkg.superdalan.com/game.pkg/download?pkgId=1282&f=shfytt_dalan_dsdk_10_1.0.0_20200326_112014.apk', 'http://pkg.superdalan.com/game.pkg/download?pkgId=2757&f=sgsqlmb_dalan_dsdk_73_1_20200513_184544.apk', 'http://pkg.superdalan.com/game.pkg/download?pkgId=2758&f=xyjztzhlmb_dalan_dsdk_73_1_20200513_184647.apk'])
[2020-05-13 18:52:58,978][11592][log_file.py][line: 23][DEBUG] ## ('从数据库获取apk链接写入日志', ['http://pkg.superdalan.com/game.pkg/download?pkgId=1282&f=shfytt_dalan_dsdk_10_1.0.0_20200326_112014.apk', 'http://pkg.superdalan.com/game.pkg/download?pkgId=2757&f=sgsqlmb_dalan_dsdk_73_1_20200513_184544.apk', 'http://pkg.superdalan.com/game.pkg/download?pkgId=2758&f=xyjztzhlmb_dalan_dsdk_73_1_20200513_184647.apk'])
[2020-05-13 18:55:00,653][12224][log_file.py][line: 23][DEBUG] ## ('从数据库获取apk链接写入日志', ['http://pkg.superdalan.com/game.pkg/download?pkgId=1282&f=shfytt_dalan_dsdk_10_1.0.0_20200326_112014.apk', 'http://pkg.superdalan.com/game.pkg/download?pkgId=2757&f=sgsqlmb_dalan_dsdk_73_1_20200513_184544.apk', 'http://pkg.superdalan.com/game.pkg/download?pkgId=2758&f=xyjztzhlmb_dalan_dsdk_73_1_20200513_184647.apk'])
[2020-05-13 18:58:12,388][6740][log_file.py][line: 23][DEBUG] ## ('从数据库获取apk链接写入日志', ['http://pkg.superdalan.com/game.pkg/download?pkgId=1282&f=shfytt_dalan_dsdk_10_1.0.0_20200326_112014.apk', 'http://pkg.superdalan.com/game.pkg/download?pkgId=2757&f=sgsqlmb_dalan_dsdk_73_1_20200513_184544.apk', 'http://pkg.superdalan.com/game.pkg/download?pkgId=2758&f=xyjztzhlmb_dalan_dsdk_73_1_20200513_184647.apk'])
[2020-05-13 18:59:15,186][5664][log_file.py][line: 23][DEBUG] ## ('从数据库获取apk链接写入日志', ['http://pkg.superdalan.com/game.pkg/download?pkgId=1282&f=shfytt_dalan_dsdk_10_1.0.0_20200326_112014.apk', 'http://pkg.superdalan.com/game.pkg/download?pkgId=2757&f=sgsqlmb_dalan_dsdk_73_1_20200513_184544.apk', 'http://pkg.superdalan.com/game.pkg/download?pkgId=2758&f=xyjztzhlmb_dalan_dsdk_73_1_20200513_184647.apk'])
[2020-05-13 19:00:00,757][12100][log_file.py][line: 23][DEBUG] ## ('从数据库获取apk链接写入日志', ['http://pkg.superdalan.com/game.pkg/download?pkgId=1282&f=shfytt_dalan_dsdk_10_1.0.0_20200326_112014.apk', 'http://pkg.superdalan.com/game.pkg/download?pkgId=2757&f=sgsqlmb_dalan_dsdk_73_1_20200513_184544.apk', 'http://pkg.superdalan.com/game.pkg/download?pkgId=2758&f=xyjztzhlmb_dalan_dsdk_73_1_20200513_184647.apk'])
[2020-05-13 19:00:51,772][10652][log_file.py][line: 23][DEBUG] ## ('从数据库获取apk链接写入日志', ['http://pkg.superdalan.com/game.pkg/download?pkgId=1282&f=shfytt_dalan_dsdk_10_1.0.0_20200326_112014.apk', 'http://pkg.superdalan.com/game.pkg/download?pkgId=2757&f=sgsqlmb_dalan_dsdk_73_1_20200513_184544.apk', 'http://pkg.superdalan.com/game.pkg/download?pkgId=2758&f=xyjztzhlmb_dalan_dsdk_73_1_20200513_184647.apk'])
[2020-05-13 19:01:12,426][6936][log_file.py][line: 23][DEBUG] ## ('从数据库获取apk链接写入日志', ['http://pkg.superdalan.com/game.pkg/download?pkgId=1282&f=shfytt_dalan_dsdk_10_1.0.0_20200326_112014.apk', 'http://pkg.superdalan.com/game.pkg/download?pkgId=2757&f=sgsqlmb_dalan_dsdk_73_1_20200513_184544.apk', 'http://pkg.superdalan.com/game.pkg/download?pkgId=2758&f=xyjztzhlmb_dalan_dsdk_73_1_20200513_184647.apk'])
[2020-05-13 19:03:02,657][8128][log_file.py][line: 23][DEBUG] ## ('从数据库获取apk链接写入日志', ['http://pkg.superdalan.com/game.pkg/download?pkgId=1282&f=shfytt_dalan_dsdk_10_1.0.0_20200326_112014.apk', 'http://pkg.superdalan.com/game.pkg/download?pkgId=2757&f=sgsqlmb_dalan_dsdk_73_1_20200513_184544.apk', 'http://pkg.superdalan.com/game.pkg/download?pkgId=2758&f=xyjztzhlmb_dalan_dsdk_73_1_20200513_184647.apk'])
[2020-05-13 19:05:00,739][10964][log_file.py][line: 23][DEBUG] ## ('从数据库获取apk链接写入日志', ['http://pkg.superdalan.com/game.pkg/download?pkgId=1282&f=shfytt_dalan_dsdk_10_1.0.0_20200326_112014.apk', 'http://pkg.superdalan.com/game.pkg/download?pkgId=2757&f=sgsqlmb_dalan_dsdk_73_1_20200513_184544.apk', 'http://pkg.superdalan.com/game.pkg/download?pkgId=2758&f=xyjztzhlmb_dalan_dsdk_73_1_20200513_184647.apk'])
[2020-05-13 19:10:00,728][7240][log_file.py][line: 23][DEBUG] ## ('从数据库获取apk链接写入日志', ['http://pkg.superdalan.com/game.pkg/download?pkgId=1282&f=shfytt_dalan_dsdk_10_1.0.0_20200326_112014.apk', 'http://pkg.superdalan.com/game.pkg/download?pkgId=2757&f=sgsqlmb_dalan_dsdk_73_1_20200513_184544.apk', 'http://pkg.superdalan.com/game.pkg/download?pkgId=2758&f=xyjztzhlmb_dalan_dsdk_73_1_20200513_184647.apk'])
[2020-05-13 19:15:00,720][8128][log_file.py][line: 23][DEBUG] ## ('从数据库获取apk链接写入日志', ['http://pkg.superdalan.com/game.pkg/download?pkgId=1282&f=shfytt_dalan_dsdk_10_1.0.0_20200326_112014.apk', 'http://pkg.superdalan.com/game.pkg/download?pkgId=2757&f=sgsqlmb_dalan_dsdk_73_1_20200513_184544.apk', 'http://pkg.superdalan.com/game.pkg/download?pkgId=2758&f=xyjztzhlmb_dalan_dsdk_73_1_20200513_184647.apk'])
[2020-05-13 19:20:00,719][4828][log_file.py][line: 23][DEBUG] ## ('从数据库获取apk链接写入日志', ['http://pkg.superdalan.com/game.pkg/download?pkgId=1282&f=shfytt_dalan_dsdk_10_1.0.0_20200326_112014.apk', 'http://pkg.superdalan.com/game.pkg/download?pkgId=2757&f=sgsqlmb_dalan_dsdk_73_1_20200513_184544.apk', 'http://pkg.superdalan.com/game.pkg/download?pkgId=2758&f=xyjztzhlmb_dalan_dsdk_73_1_20200513_184647.apk'])
[2020-05-13 19:25:00,721][10744][log_file.py][line: 23][DEBUG] ## ('从数据库获取apk链接写入日志', ['http://pkg.superdalan.com/game.pkg/download?pkgId=1282&f=shfytt_dalan_dsdk_10_1.0.0_20200326_112014.apk', 'http://pkg.superdalan.com/game.pkg/download?pkgId=2757&f=sgsqlmb_dalan_dsdk_73_1_20200513_184544.apk', 'http://pkg.superdalan.com/game.pkg/download?pkgId=2758&f=xyjztzhlmb_dalan_dsdk_73_1_20200513_184647.apk'])
[2020-05-13 19:30:00,739][4416][log_file.py][line: 23][DEBUG] ## ('从数据库获取apk链接写入日志', ['http://pkg.superdalan.com/game.pkg/download?pkgId=1282&f=shfytt_dalan_dsdk_10_1.0.0_20200326_112014.apk', 'http://pkg.superdalan.com/game.pkg/download?pkgId=2757&f=sgsqlmb_dalan_dsdk_73_1_20200513_184544.apk', 'http://pkg.superdalan.com/game.pkg/download?pkgId=2758&f=xyjztzhlmb_dalan_dsdk_73_1_20200513_184647.apk'])
[2020-05-13 19:34:43,824][4032][log_file.py][line: 23][DEBUG] ## ('从数据库获取apk链接写入日志', ['http://pkg.superdalan.com/game.pkg/download?pkgId=1282&f=shfytt_dalan_dsdk_10_1.0.0_20200326_112014.apk', 'http://pkg.superdalan.com/game.pkg/download?pkgId=2757&f=sgsqlmb_dalan_dsdk_73_1_20200513_184544.apk', 'http://pkg.superdalan.com/game.pkg/download?pkgId=2758&f=xyjztzhlmb_dalan_dsdk_73_1_20200513_184647.apk'])
[2020-05-13 19:35:00,855][11020][log_file.py][line: 23][DEBUG] ## ('从数据库获取apk链接写入日志', ['http://pkg.superdalan.com/game.pkg/download?pkgId=1282&f=shfytt_dalan_dsdk_10_1.0.0_20200326_112014.apk', 'http://pkg.superdalan.com/game.pkg/download?pkgId=2757&f=sgsqlmb_dalan_dsdk_73_1_20200513_184544.apk', 'http://pkg.superdalan.com/game.pkg/download?pkgId=2758&f=xyjztzhlmb_dalan_dsdk_73_1_20200513_184647.apk'])
[2020-05-13 19:36:09,415][11324][log_file.py][line: 23][DEBUG] ## ('从数据库获取apk链接写入日志', ['http://pkg.superdalan.com/game.pkg/download?pkgId=1282&f=shfytt_dalan_dsdk_10_1.0.0_20200326_112014.apk', 'http://pkg.superdalan.com/game.pkg/download?pkgId=2757&f=sgsqlmb_dalan_dsdk_73_1_20200513_184544.apk', 'http://pkg.superdalan.com/game.pkg/download?pkgId=2758&f=xyjztzhlmb_dalan_dsdk_73_1_20200513_184647.apk'])
[2020-05-13 19:37:23,110][7544][log_file.py][line: 23][DEBUG] ## ('从数据库获取apk链接写入日志', ['http://pkg.superdalan.com/game.pkg/download?pkgId=1282&f=shfytt_dalan_dsdk_10_1.0.0_20200326_112014.apk', 'http://pkg.superdalan.com/game.pkg/download?pkgId=2757&f=sgsqlmb_dalan_dsdk_73_1_20200513_184544.apk', 'http://pkg.superdalan.com/game.pkg/download?pkgId=2758&f=xyjztzhlmb_dalan_dsdk_73_1_20200513_184647.apk'])
[2020-05-13 19:38:12,911][6936][log_file.py][line: 23][DEBUG] ## ('从数据库获取apk链接写入日志', ['http://pkg.superdalan.com/game.pkg/download?pkgId=1282&f=shfytt_dalan_dsdk_10_1.0.0_20200326_112014.apk', 'http://pkg.superdalan.com/game.pkg/download?pkgId=2757&f=sgsqlmb_dalan_dsdk_73_1_20200513_184544.apk', 'http://pkg.superdalan.com/game.pkg/download?pkgId=2758&f=xyjztzhlmb_dalan_dsdk_73_1_20200513_184647.apk'])
[2020-05-13 19:40:00,720][4072][log_file.py][line: 23][DEBUG] ## ('从数据库获取apk链接写入日志', ['http://pkg.superdalan.com/game.pkg/download?pkgId=1282&f=shfytt_dalan_dsdk_10_1.0.0_20200326_112014.apk', 'http://pkg.superdalan.com/game.pkg/download?pkgId=2757&f=sgsqlmb_dalan_dsdk_73_1_20200513_184544.apk', 'http://pkg.superdalan.com/game.pkg/download?pkgId=2758&f=xyjztzhlmb_dalan_dsdk_73_1_20200513_184647.apk'])
[2020-05-13 19:44:11,092][7148][log_file.py][line: 23][DEBUG] ## ('从数据库获取apk链接写入日志', ['http://pkg.superdalan.com/game.pkg/download?pkgId=1282&f=shfytt_dalan_dsdk_10_1.0.0_20200326_112014.apk', 'http://pkg.superdalan.com/game.pkg/download?pkgId=2757&f=sgsqlmb_dalan_dsdk_73_1_20200513_184544.apk', 'http://pkg.superdalan.com/game.pkg/download?pkgId=2758&f=xyjztzhlmb_dalan_dsdk_73_1_20200513_184647.apk'])
[2020-05-13 19:45:00,663][11576][log_file.py][line: 23][DEBUG] ## ('从数据库获取apk链接写入日志', ['http://pkg.superdalan.com/game.pkg/download?pkgId=1282&f=shfytt_dalan_dsdk_10_1.0.0_20200326_112014.apk', 'http://pkg.superdalan.com/game.pkg/download?pkgId=2757&f=sgsqlmb_dalan_dsdk_73_1_20200513_184544.apk', 'http://pkg.superdalan.com/game.pkg/download?pkgId=2758&f=xyjztzhlmb_dalan_dsdk_73_1_20200513_184647.apk'])
[2020-05-13 19:47:00,078][12164][log_file.py][line: 23][DEBUG] ## ('从数据库获取apk链接写入日志', ['http://pkg.superdalan.com/game.pkg/download?pkgId=1282&f=shfytt_dalan_dsdk_10_1.0.0_20200326_112014.apk', 'http://pkg.superdalan.com/game.pkg/download?pkgId=2757&f=sgsqlmb_dalan_dsdk_73_1_20200513_184544.apk', 'http://pkg.superdalan.com/game.pkg/download?pkgId=2758&f=xyjztzhlmb_dalan_dsdk_73_1_20200513_184647.apk'])
[2020-05-13 19:49:52,817][10828][log_file.py][line: 23][DEBUG] ## ('从数据库获取apk链接写入日志', ['http://pkg.superdalan.com/game.pkg/download?pkgId=1282&f=shfytt_dalan_dsdk_10_1.0.0_20200326_112014.apk', 'http://pkg.superdalan.com/game.pkg/download?pkgId=2757&f=sgsqlmb_dalan_dsdk_73_1_20200513_184544.apk', 'http://pkg.superdalan.com/game.pkg/download?pkgId=2758&f=xyjztzhlmb_dalan_dsdk_73_1_20200513_184647.apk'])
[2020-05-13 19:50:00,686][9380][log_file.py][line: 23][DEBUG] ## ('从数据库获取apk链接写入日志', ['http://pkg.superdalan.com/game.pkg/download?pkgId=1282&f=shfytt_dalan_dsdk_10_1.0.0_20200326_112014.apk', 'http://pkg.superdalan.com/game.pkg/download?pkgId=2757&f=sgsqlmb_dalan_dsdk_73_1_20200513_184544.apk', 'http://pkg.superdalan.com/game.pkg/download?pkgId=2758&f=xyjztzhlmb_dalan_dsdk_73_1_20200513_184647.apk'])
[2020-05-13 19:55:00,698][4816][log_file.py][line: 23][DEBUG] ## ('从数据库获取apk链接写入日志', [])
[2020-05-13 20:00:00,874][5516][log_file.py][line: 23][DEBUG] ## ('从数据库获取apk链接写入日志', [])
[2020-05-13 20:05:00,705][8580][log_file.py][line: 23][DEBUG] ## ('从数据库获取apk链接写入日志', ["http://pkg.superdalan.com/game.pkg/download?pkgId=2607&f=dxcyzwzjhgdt_dalan_dsdk_48_1.0.0_20200415_114958.apk'",
 'http://pkg.superdalan.com/game.pkg/download?pkgId=2623&f=shmykshb_dalan_dsdk_48_1.0.0_20200420_081329.apk'])
[2020-05-13 20:10:00,666][7444][log_file.py][line: 23][DEBUG] ## ('从数据库获取apk链接写入日志', ["http://pkg.superdalan.com/game.pkg/download?pkgId=2607&f=dxcyzwzjhgdt_dalan_dsdk_48_1.0.0_20200415_114958.apk'"])
[2020-05-13 20:13:29,166][9640][log_file.py][line: 23][DEBUG] ## ('从数据库获取apk链接写入日志', ["http://pkg.superdalan.com/game.pkg/download?pkgId=2607&f=dxcyzwzjhgdt_dalan_dsdk_48_1.0.0_20200415_114958.apk'"])
[2020-05-13 20:15:00,663][11676][log_file.py][line: 23][DEBUG] ## ('从数据库获取apk链接写入日志', ["http://pkg.superdalan.com/game.pkg/download?pkgId=2607&f=dxcyzwzjhgdt_dalan_dsdk_48_1.0.0_20200415_114958.apk'"])
[2020-05-13 20:15:32,595][7460][log_file.py][line: 23][DEBUG] ## ('从数据库获取apk链接写入日志', ["http://pkg.superdalan.com/game.pkg/download?pkgId=2607&f=dxcyzwzjhgdt_dalan_dsdk_48_1.0.0_20200415_114958.apk'"])
[2020-05-13 20:16:52,763][10964][log_file.py][line: 23][DEBUG] ## ('从数据库获取apk链接写入日志', ["http://pkg.superdalan.com/game.pkg/download?pkgId=2607&f=dxcyzwzjhgdt_dalan_dsdk_48_1.0.0_20200415_114958.apk'"])
[2020-05-13 20:17:50,630][8464][log_file.py][line: 23][DEBUG] ## ('从数据库获取apk链接写入日志', ["http://pkg.superdalan.com/game.pkg/download?pkgId=2607&f=dxcyzwzjhgdt_dalan_dsdk_48_1.0.0_20200415_114958.apk'"])
[2020-05-13 20:18:42,554][7240][log_file.py][line: 23][DEBUG] ## ('从数据库获取apk链接写入日志', ["http://pkg.superdalan.com/game.pkg/download?pkgId=2607&f=dxcyzwzjhgdt_dalan_dsdk_48_1.0.0_20200415_114958.apk'"])
[2020-05-13 20:20:00,674][7492][log_file.py][line: 23][DEBUG] ## ('从数据库获取apk链接写入日志', ["http://pkg.superdalan.com/game.pkg/download?pkgId=2607&f=dxcyzwzjhgdt_dalan_dsdk_48_1.0.0_20200415_114958.apk'"])
[2020-05-13 20:21:04,923][12224][log_file.py][line: 23][DEBUG] ## ('从数据库获取apk链接写入日志', ["http://pkg.superdalan.com/game.pkg/download?pkgId=2607&f=dxcyzwzjhgdt_dalan_dsdk_48_1.0.0_20200415_114958.apk'"])
[2020-05-13 20:22:36,166][7504][log_file.py][line: 23][DEBUG] ## ('从数据库获取apk链接写入日志', ["http://pkg.superdalan.com/game.pkg/download?pkgId=2607&f=dxcyzwzjhgdt_dalan_dsdk_48_1.0.0_20200415_114958.apk'"])
[2020-05-13 20:23:11,647][3624][log_file.py][line: 23][DEBUG] ## ('从数据库获取apk链接写入日志', ["http://pkg.superdalan.com/game.pkg/download?pkgId=2607&f=dxcyzwzjhgdt_dalan_dsdk_48_1.0.0_20200415_114958.apk'"])
[2020-05-13 20:25:00,691][3376][log_file.py][line: 23][DEBUG] ## ('从数据库获取apk链接写入日志', ["http://pkg.superdalan.com/game.pkg/download?pkgId=2607&f=dxcyzwzjhgdt_dalan_dsdk_48_1.0.0_20200415_114958.apk'"])
[2020-05-13 20:25:19,027][1784][log_file.py][line: 23][DEBUG] ## ('从数据库获取apk链接写入日志', ["http://pkg.superdalan.com/game.pkg/download?pkgId=2607&f=dxcyzwzjhgdt_dalan_dsdk_48_1.0.0_20200415_114958.apk'"])
[2020-05-13 20:26:18,228][10452][log_file.py][line: 23][DEBUG] ## ('从数据库获取apk链接写入日志', ["http://pkg.superdalan.com/game.pkg/download?pkgId=2607&f=dxcyzwzjhgdt_dalan_dsdk_48_1.0.0_20200415_114958.apk'"])
[2020-05-13 20:27:23,820][3200][log_file.py][line: 23][DEBUG] ## ('从数据库获取apk链接写入日志', ["http://pkg.superdalan.com/game.pkg/download?pkgId=2607&f=dxcyzwzjhgdt_dalan_dsdk_48_1.0.0_20200415_114958.apk'"])
[2020-05-13 20:28:09,245][3348][log_file.py][line: 23][DEBUG] ## ('从数据库获取apk链接写入日志', ["http://pkg.superdalan.com/game.pkg/download?pkgId=2607&f=dxcyzwzjhgdt_dalan_dsdk_48_1.0.0_20200415_114958.apk'"])
[2020-05-13 20:29:31,889][12156][log_file.py][line: 23][DEBUG] ## ('从数据库获取apk链接写入日志', ["http://pkg.superdalan.com/game.pkg/download?pkgId=2607&f=dxcyzwzjhgdt_dalan_dsdk_48_1.0.0_20200415_114958.apk'"])
[2020-05-13 20:30:00,735][3692][log_file.py][line: 23][DEBUG] ## ('从数据库获取apk链接写入日志', ["http://pkg.superdalan.com/game.pkg/download?pkgId=2607&f=dxcyzwzjhgdt_dalan_dsdk_48_1.0.0_20200415_114958.apk'"])
[2020-05-13 20:30:42,417][3496][log_file.py][line: 23][DEBUG] ## ('从数据库获取apk链接写入日志', ['http://pkg.superdalan.com/game.pkg/download?pkgId=2607&f=dxcyzwzjhgdt_dalan_dsdk_48_1.0.0_20200415_114958.apk'])
[2020-05-13 20:35:00,720][6924][log_file.py][line: 23][DEBUG] ## ('从数据库获取apk链接写入日志', ['http://pkg.superdalan.com/game.pkg/download?pkgId=2607&f=dxcyzwzjhgdt_dalan_dsdk_48_1.0.0_20200415_114958.apk'])
[2020-05-13 20:40:00,664][5628][log_file.py][line: 23][DEBUG] ## ('从数据库获取apk链接写入日志', ['http://pkg.superdalan.com/game.pkg/download?pkgId=2607&f=dxcyzwzjhgdt_dalan_dsdk_48_1.0.0_20200415_114958.apk'])
[2020-05-13 20:41:10,530][9764][log_file.py][line: 23][DEBUG] ## ('从数据库获取apk链接写入日志', ['http://pkg.superdalan.com/game.pkg/download?pkgId=2607&f=dxcyzwzjhgdt_dalan_dsdk_48_1.0.0_20200415_114958.apk'])
[2020-05-13 20:45:00,691][12024][log_file.py][line: 23][DEBUG] ## ('从数据库获取apk链接写入日志', ['http://pkg.superdalan.com/game.pkg/download?pkgId=2607&f=dxcyzwzjhgdt_dalan_dsdk_48_1.0.0_20200415_114958.apk'])
[2020-05-13 20:48:28,920][11700][log_file.py][line: 23][DEBUG] ## ('从数据库获取apk链接写入日志', ['http://pkg.superdalan.com/game.pkg/download?pkgId=2607&f=dxcyzwzjhgdt_dalan_dsdk_48_1.0.0_20200415_114958.apk'])
[2020-05-13 20:50:00,675][7240][log_file.py][line: 23][DEBUG] ## ('从数据库获取apk链接写入日志', ['http://pkg.superdalan.com/game.pkg/download?pkgId=2607&f=dxcyzwzjhgdt_dalan_dsdk_48_1.0.0_20200415_114958.apk'])
[2020-05-13 20:54:52,442][3356][log_file.py][line: 23][DEBUG] ## ('从数据库获取apk链接写入日志', ['http://pkg.superdalan.com/game.pkg/download?pkgId=2607&f=dxcyzwzjhgdt_dalan_dsdk_48_1.0.0_20200415_114958.apk'])
[2020-05-13 20:55:00,824][11552][log_file.py][line: 23][DEBUG] ## ('从数据库获取apk链接写入日志', ['http://pkg.superdalan.com/game.pkg/download?pkgId=2607&f=dxcyzwzjhgdt_dalan_dsdk_48_1.0.0_20200415_114958.apk'])
[2020-05-13 21:00:00,724][5360][log_file.py][line: 23][DEBUG] ## ('从数据库获取apk链接写入日志', ['http://pkg.superdalan.com/game.pkg/download?pkgId=2607&f=dxcyzwzjhgdt_dalan_dsdk_48_1.0.0_20200415_114958.apk'])
[2020-05-13 21:02:59,095][416][log_file.py][line: 23][DEBUG] ## ('从数据库获取apk链接写入日志', ['http://pkg.superdalan.com/game.pkg/download?pkgId=2607&f=dxcyzwzjhgdt_dalan_dsdk_48_1.0.0_20200415_114958.apk'])
[2020-05-13 21:05:00,715][11628][log_file.py][line: 23][DEBUG] ## ('从数据库获取apk链接写入日志', ['http://pkg.superdalan.com/game.pkg/download?pkgId=2607&f=dxcyzwzjhgdt_dalan_dsdk_48_1.0.0_20200415_114958.apk'])
[2020-05-13 21:10:00,878][7196][log_file.py][line: 23][DEBUG] ## ('从数据库获取apk链接写入日志', ['http://pkg.superdalan.com/game.pkg/download?pkgId=2607&f=dxcyzwzjhgdt_dalan_dsdk_48_1.0.0_20200415_114958.apk'])
[2020-05-13 21:15:00,689][1368][log_file.py][line: 23][DEBUG] ## ('从数据库获取apk链接写入日志', ['http://pkg.superdalan.com/game.pkg/download?pkgId=2607&f=dxcyzwzjhgdt_dalan_dsdk_48_1.0.0_20200415_114958.apk'])
[2020-05-13 21:20:00,693][12160][log_file.py][line: 23][DEBUG] ## ('从数据库获取apk链接写入日志', ['http://pkg.superdalan.com/game.pkg/download?pkgId=2607&f=dxcyzwzjhgdt_dalan_dsdk_48_1.0.0_20200415_114958.apk', 'http://pkg.superdalan.com/game.pkg/download?pkgId=2762&f=chwyfxpcb_dalan_xy_dsdk_74_1.0.0_20200513_212301.apk'])
[2020-05-13 21:30:00,750][1388][log_file.py][line: 23][DEBUG] ## ('从数据库获取apk链接写入日志', ['http://pkg.superdalan.com/game.pkg/download?pkgId=2607&f=dxcyzwzjhgdt_dalan_dsdk_48_1.0.0_20200415_114958.apk', 'http://pkg.superdalan.com/game.pkg/download?pkgId=2762&f=chwyfxpcb_dalan_xy_dsdk_74_1.0.0_20200513_212301.apk'])
[2020-05-13 21:40:00,725][9396][log_file.py][line: 23][DEBUG] ## ('从数据库获取apk链接写入日志', ['http://pkg.superdalan.com/game.pkg/download?pkgId=2607&f=dxcyzwzjhgdt_dalan_dsdk_48_1.0.0_20200415_114958.apk', 'http://pkg.superdalan.com/game.pkg/download?pkgId=2762&f=chwyfxpcb_dalan_xy_dsdk_74_1.0.0_20200513_212301.apk'])
[2020-05-13 21:45:00,685][10488][log_file.py][line: 23][DEBUG] ## ('从数据库获取apk链接写入日志', ['http://pkg.superdalan.com/game.pkg/download?pkgId=2607&f=dxcyzwzjhgdt_dalan_dsdk_48_1.0.0_20200415_114958.apk', 'http://pkg.superdalan.com/game.pkg/download?pkgId=2762&f=chwyfxpcb_dalan_xy_dsdk_74_1.0.0_20200513_212301.apk'])
[2020-05-13 21:55:00,715][6592][log_file.py][line: 23][DEBUG] ## ('从数据库获取apk链接写入日志', ['http://pkg.superdalan.com/game.pkg/download?pkgId=2607&f=dxcyzwzjhgdt_dalan_dsdk_48_1.0.0_20200415_114958.apk', 'http://pkg.superdalan.com/game.pkg/download?pkgId=2762&f=chwyfxpcb_dalan_xy_dsdk_74_1.0.0_20200513_212301.apk', 'http://pkg.superdalan.com/game.pkg/download?pkgId=2786&f=chwyfkmxwtest_dalan_xy_dsdk_74_1.0.0_20200513_215107.apk'])
[2020-05-13 22:05:00,741][3852][log_file.py][line: 23][DEBUG] ## ('从数据库获取apk链接写入日志', ['http://pkg.superdalan.com/game.pkg/download?pkgId=2607&f=dxcyzwzjhgdt_dalan_dsdk_48_1.0.0_20200415_114958.apk', 'http://pkg.superdalan.com/game.pkg/download?pkgId=2786&f=chwyfkmxwtest_dalan_xy_dsdk_74_1.0.0_20200513_215107.apk'])
[2020-05-13 22:15:00,659][7256][log_file.py][line: 23][DEBUG] ## ('从数据库获取apk链接写入日志', ['http://pkg.superdalan.com/game.pkg/download?pkgId=2607&f=dxcyzwzjhgdt_dalan_dsdk_48_1.0.0_20200415_114958.apk', 'http://pkg.superdalan.com/game.pkg/download?pkgId=2786&f=chwyfkmxwtest_dalan_xy_dsdk_74_1.0.0_20200513_215107.apk'])
[2020-05-13 22:25:00,704][5432][log_file.py][line: 23][DEBUG] ## ('从数据库获取apk链接写入日志', ['http://pkg.superdalan.com/game.pkg/download?pkgId=2607&f=dxcyzwzjhgdt_dalan_dsdk_48_1.0.0_20200415_114958.apk', 'http://pkg.superdalan.com/game.pkg/download?pkgId=2786&f=chwyfkmxwtest_dalan_xy_dsdk_74_1.0.0_20200513_215107.apk'])
[2020-05-13 22:35:00,662][7372][log_file.py][line: 23][DEBUG] ## ('从数据库获取apk链接写入日志', ['http://pkg.superdalan.com/game.pkg/download?pkgId=2607&f=dxcyzwzjhgdt_dalan_dsdk_48_1.0.0_20200415_114958.apk', 'http://pkg.superdalan.com/game.pkg/download?pkgId=2786&f=chwyfkmxwtest_dalan_xy_dsdk_74_1.0.0_20200513_215107.apk'])
[2020-05-13 22:45:00,694][10872][log_file.py][line: 23][DEBUG] ## ('从数据库获取apk链接写入日志', ['http://pkg.superdalan.com/game.pkg/download?pkgId=2607&f=dxcyzwzjhgdt_dalan_dsdk_48_1.0.0_20200415_114958.apk', 'http://pkg.superdalan.com/game.pkg/download?pkgId=2786&f=chwyfkmxwtest_dalan_xy_dsdk_74_1.0.0_20200513_215107.apk'])
[2020-05-13 22:55:00,678][10808][log_file.py][line: 23][DEBUG] ## ('从数据库获取apk链接写入日志', ['http://pkg.superdalan.com/game.pkg/download?pkgId=2607&f=dxcyzwzjhgdt_dalan_dsdk_48_1.0.0_20200415_114958.apk', 'http://pkg.superdalan.com/game.pkg/download?pkgId=2786&f=chwyfkmxwtest_dalan_xy_dsdk_74_1.0.0_20200513_215107.apk'])
[2020-05-13 23:05:00,679][11404][log_file.py][line: 23][DEBUG] ## ('从数据库获取apk链接写入日志', ['http://pkg.superdalan.com/game.pkg/download?pkgId=2607&f=dxcyzwzjhgdt_dalan_dsdk_48_1.0.0_20200415_114958.apk', 'http://pkg.superdalan.com/game.pkg/download?pkgId=2786&f=chwyfkmxwtest_dalan_xy_dsdk_74_1.0.0_20200513_215107.apk'])
[2020-05-13 23:15:00,689][1164][log_file.py][line: 23][DEBUG] ## ('从数据库获取apk链接写入日志', ['http://pkg.superdalan.com/game.pkg/download?pkgId=2607&f=dxcyzwzjhgdt_dalan_dsdk_48_1.0.0_20200415_114958.apk', 'http://pkg.superdalan.com/game.pkg/download?pkgId=2786&f=chwyfkmxwtest_dalan_xy_dsdk_74_1.0.0_20200513_215107.apk'])
[2020-05-13 23:25:00,649][11436][log_file.py][line: 23][DEBUG] ## ('从数据库获取apk链接写入日志', ['http://pkg.superdalan.com/game.pkg/download?pkgId=2607&f=dxcyzwzjhgdt_dalan_dsdk_48_1.0.0_20200415_114958.apk', 'http://pkg.superdalan.com/game.pkg/download?pkgId=2786&f=chwyfkmxwtest_dalan_xy_dsdk_74_1.0.0_20200513_215107.apk'])
[2020-05-13 23:35:00,689][3624][log_file.py][line: 23][DEBUG] ## ('从数据库获取apk链接写入日志', ['http://pkg.superdalan.com/game.pkg/download?pkgId=2607&f=dxcyzwzjhgdt_dalan_dsdk_48_1.0.0_20200415_114958.apk', 'http://pkg.superdalan.com/game.pkg/download?pkgId=2786&f=chwyfkmxwtest_dalan_xy_dsdk_74_1.0.0_20200513_215107.apk'])
[2020-05-13 23:45:00,663][9336][log_file.py][line: 23][DEBUG] ## ('从数据库获取apk链接写入日志', ['http://pkg.superdalan.com/game.pkg/download?pkgId=2607&f=dxcyzwzjhgdt_dalan_dsdk_48_1.0.0_20200415_114958.apk', 'http://pkg.superdalan.com/game.pkg/download?pkgId=2786&f=chwyfkmxwtest_dalan_xy_dsdk_74_1.0.0_20200513_215107.apk'])
[2020-05-13 23:55:00,673][10872][log_file.py][line: 23][DEBUG] ## ('从数据库获取apk链接写入日志', ['http://pkg.superdalan.com/game.pkg/download?pkgId=2607&f=dxcyzwzjhgdt_dalan_dsdk_48_1.0.0_20200415_114958.apk', 'http://pkg.superdalan.com/game.pkg/download?pkgId=2786&f=chwyfkmxwtest_dalan_xy_dsdk_74_1.0.0_20200513_215107.apk'])
[2020-05-14 16:54:04,599][3672][log_file.py][line: 23][DEBUG] ## ('从数据库获取apk链接写入日志', ['http://pkg.superdalan.com/game.pkg/download?pkgId=2110&f=zcczy602_602_android_10_1.0.0_20200514_161809.apk', 'http://pkg.superdalan.com/game.pkg/download?pkgId=2306&f=shjzbks_dalan_dsdk_48_1.0.0_20200514_153850.apk', 'http://pkg.superdalan.com/game.pkg/download?pkgId=2762&f=chwyfxpcb_dalan_xy_dsdk_74_1.0.0_20200514_153431.apk', 'http://pkg.superdalan.com/game.pkg/download?pkgId=2762&f=chwyfxpcb_dalan_xy_dsdk_74_1.0.0_20200514_154013.apk', 'http://pkg.superdalan.com/game.pkg/download?pkgId=2762&f=chwyfxpcb_dalan_xy_dsdk_74_1.0.0_20200514_162759.apk', 'http://pkg.superdalan.com/game.pkg/download?pkgId=2786&f=chwyfkmxwtest_dalan_xy_dsdk_74_1.0.0_20200514_154509.apk', 'http://pkg.superdalan.com/game.pkg/download?pkgId=2786&f=chwyfkmxwtest_dalan_xy_dsdk_74_1.0.0_20200514_160932.apk', 'http://pkg.superdalan.com/game.pkg/download?pkgId=2787&f=shjec_dalan_dsdk_67_1.0.0_20200514_154737.apk', 'http://pkg.superdalan.com/game.pkg/download?pkgId=2787&f=shjec_dalan_dsdk_67_1.0.0_20200514_155108.apk', 'http://pkg.superdalan.com/game.pkg/download?pkgId=2787&f=shjec_dalan_dsdk_67_1.0.0_20200514_161555.apk', 'http://pkg.superdalan.com/game.pkg/download?pkgId=2790&f=mxybtgz_junhai_android_74_1.0.0_20200514_152452.apk'])
