[2020-05-12 11:08:40,186][26788][log_file.py][line: 23][DEBUG] ## ('从数据库获取apk链接写入日志', ['http://pkg.superdalan.com/game.pkg/download?pkgId=2623&f=shmykshb_dalan_dsdk_48_1.0.0_20200501_120955.apk'])
[2020-05-12 11:25:47,857][28916][log_file.py][line: 23][DEBUG] ## ('从数据库获取apk链接写入日志', ['http://pkg.superdalan.com/game.pkg/download?pkgId=2623&f=shmykshb_dalan_dsdk_48_1.0.0_20200501_120955.apk'])
[2020-05-12 11:30:51,872][26612][log_file.py][line: 23][DEBUG] ## ('从数据库获取apk链接写入日志', ['http://pkg.superdalan.com/game.pkg/download?pkgId=2623&f=shmykshb_dalan_dsdk_48_1.0.0_20200501_120955.apk'])
[2020-05-12 11:39:00,877][28812][log_file.py][line: 23][DEBUG] ## ('从数据库获取apk链接写入日志', ['http://pkg.superdalan.com/game.pkg/download?pkgId=2623&f=shmykshb_dalan_dsdk_48_1.0.0_20200501_120955.apk'])
[2020-05-12 11:46:05,019][28136][log_file.py][line: 23][DEBUG] ## ('从数据库获取apk链接写入日志', ['http://pkg.superdalan.com/game.pkg/download?pkgId=2623&f=shmykshb_dalan_dsdk_48_1.0.0_20200501_120955.apk', 'http://pkg.superdalan.com/game.pkg/download?pkgId=2626&f=shjhbb_dalan_dsdk_48_1.0.0_20200501_134206.apk'])
[2020-05-12 12:02:04,573][28044][log_file.py][line: 23][DEBUG] ## ('从数据库获取apk链接写入日志', ['http://pkg.superdalan.com/game.pkg/download?pkgId=2625&f=shjhbbtt_dalan_dsdk_48_1.0.0_20200501_134102.apk', 'http://pkg.superdalan.com/game.pkg/download?pkgId=2626&f=shjhbb_dalan_dsdk_48_1.0.0_20200501_134206.apk'])
[2020-05-12 12:13:33,440][4524][log_file.py][line: 23][DEBUG] ## ('从数据库获取apk链接写入日志', ['http://pkg.superdalan.com/game.pkg/download?pkgId=2625&f=shjhbbtt_dalan_dsdk_48_1.0.0_20200501_134102.apk', 'http://pkg.superdalan.com/game.pkg/download?pkgId=2626&f=shjhbb_dalan_dsdk_48_1.0.0_20200501_134206.apk'])
[2020-05-12 16:00:49,452][30600][log_file.py][line: 23][DEBUG] ## ('从数据库获取apk链接写入日志', ['http://pkg.superdalan.com/game.pkg/download?pkgId=2755&f=dxcyzgdtmxdxc_dalan_xy_dsdk_74_1.0.0_20200507_170955.apk', 'http://pkg.superdalan.com/game.pkg/download?pkgId=2756&f=chwydxcyzsdk11_dalan_xy_dsdk_74_1.0.0_20200507_171603.apk'])
[2020-05-12 16:12:51,201][30600][log_file.py][line: 23][DEBUG] ## ('从数据库获取apk链接写入日志', ['http://pkg.superdalan.com/game.pkg/download?pkgId=2755&f=dxcyzgdtmxdxc_dalan_xy_dsdk_74_1.0.0_20200507_170955.apk', 'http://pkg.superdalan.com/game.pkg/download?pkgId=2756&f=chwydxcyzsdk11_dalan_xy_dsdk_74_1.0.0_20200507_171603.apk'])
[2020-05-12 16:24:47,337][26256][log_file.py][line: 23][DEBUG] ## ('从数据库获取apk链接写入日志', ['http://pkg.superdalan.com/game.pkg/download?pkgId=2755&f=dxcyzgdtmxdxc_dalan_xy_dsdk_74_1.0.0_20200507_170955.apk', 'http://pkg.superdalan.com/game.pkg/download?pkgId=2756&f=chwydxcyzsdk11_dalan_xy_dsdk_74_1.0.0_20200507_171603.apk'])
[2020-05-12 16:25:25,692][10492][log_file.py][line: 23][DEBUG] ## ('从数据库获取apk链接写入日志', [])
[2020-05-12 16:25:42,644][29780][log_file.py][line: 23][DEBUG] ## ('从数据库获取apk链接写入日志', ['http://pkg.superdalan.com/game.pkg/download?pkgId=2755&f=dxcyzgdtmxdxc_dalan_xy_dsdk_74_1.0.0_20200507_170955.apk', 'http://pkg.superdalan.com/game.pkg/download?pkgId=2756&f=chwydxcyzsdk11_dalan_xy_dsdk_74_1.0.0_20200507_171603.apk'])
[2020-05-12 16:33:37,948][30584][log_file.py][line: 23][DEBUG] ## ('从数据库获取apk链接写入日志', ['http://pkg.superdalan.com/game.pkg/download?pkgId=2728&f=fkmxwgdtdbchwy_dalan_xy_dsdk_74_1.0.0_20200506_144654.apk', 'http://pkg.superdalan.com/game.pkg/download?pkgId=2756&f=chwydxcyzsdk11_dalan_xy_dsdk_74_1.0.0_20200507_171603.apk'])
[2020-05-12 16:41:56,751][30688][log_file.py][line: 23][DEBUG] ## ('从数据库获取apk链接写入日志', ['http://pkg.superdalan.com/game.pkg/download?pkgId=2581&f=shjflbhbwzjh_dalan_dsdk_48_1.0.0_20200505_162458.apk', 'http://pkg.superdalan.com/game.pkg/download?pkgId=2687&f=mxdxcmxdzjgdt_dalan_xy_dsdk_74_1.0.0_20200506_230429.apk', 'http://pkg.superdalan.com/game.pkg/download?pkgId=2728&f=fkmxwgdtdbchwy_dalan_xy_dsdk_74_1.0.0_20200506_144654.apk'])
[2020-05-12 16:56:16,009][25972][log_file.py][line: 23][DEBUG] ## ('从数据库获取apk链接写入日志', ['http://pkg.superdalan.com/game.pkg/download?pkgId=2581&f=shjflbhbwzjh_dalan_dsdk_48_1.0.0_20200505_162458.apk', 'http://pkg.superdalan.com/game.pkg/download?pkgId=2687&f=mxdxcmxdzjgdt_dalan_xy_dsdk_74_1.0.0_20200506_230429.apk'])
[2020-05-12 17:38:06,649][32276][log_file.py][line: 23][DEBUG] ## ('从数据库获取apk链接写入日志', [])
[2020-05-12 17:38:28,913][8892][log_file.py][line: 23][DEBUG] ## ('从数据库获取apk链接写入日志', ['http://pkg.superdalan.com/game.pkg/download?pkgId=2391&f=shjtt_dalan_dsdk_48_1.0.0_20200507_231426.apk', 'http://pkg.superdalan.com/game.pkg/download?pkgId=2755&f=dxcyzgdtmxdxc_dalan_xy_dsdk_74_1.0.0_20200507_170955.apk'])
[2020-05-12 17:54:06,739][31124][log_file.py][line: 23][DEBUG] ## ('从数据库获取apk链接写入日志', ['http://pkg.superdalan.com/game.pkg/download?pkgId=2755&f=dxcyzgdtmxdxc_dalan_xy_dsdk_74_1.0.0_20200507_170955.apk'])
[2020-05-12 17:56:52,874][32728][log_file.py][line: 23][DEBUG] ## ('从数据库获取apk链接写入日志', ['http://pkg.superdalan.com/game.pkg/download?pkgId=2755&f=dxcyzgdtmxdxc_dalan_xy_dsdk_74_1.0.0_20200507_170955.apk'])
[2020-05-12 18:40:04,100][27704][log_file.py][line: 23][DEBUG] ## ('从数据库获取apk链接写入日志', ['http://pkg.superdalan.com/game.pkg/download?pkgId=2391&f=shjtt_dalan_dsdk_48_1.0.0_20200507_231426.apk', 'http://pkg.superdalan.com/game.pkg/download?pkgId=2755&f=dxcyzgdtmxdxc_dalan_xy_dsdk_74_1.0.0_20200507_170955.apk'])
[2020-05-12 18:48:08,606][7824][log_file.py][line: 23][DEBUG] ## ('从数据库获取apk链接写入日志', ['http://pkg.superdalan.com/game.pkg/download?pkgId=2773&f=shbhj_dalan_submit_58_1.0.0_20200512_184434.apk'])
[2020-05-12 18:50:29,626][30136][log_file.py][line: 23][DEBUG] ## ('从数据库获取apk链接写入日志', ['http://pkg.superdalan.com/game.pkg/download?pkgId=2391&f=shjtt_dalan_dsdk_48_1.0.0_20200507_231426.apk'])
[2020-05-12 18:58:57,365][29300][log_file.py][line: 23][DEBUG] ## ('从数据库获取apk链接写入日志', ['http://pkg.superdalan.com/game.pkg/download?pkgId=2391&f=shjtt_dalan_dsdk_48_1.0.0_20200507_231426.apk', 'http://pkg.superdalan.com/game.pkg/download?pkgId=2725&f=wpmxjtx_tianxie_android_74_1.0.0_20200512_185802.apk', 'http://pkg.superdalan.com/game.pkg/download?pkgId=2726&f=mxybtjhapizs26_junhai_android_74_1.0.0_20200512_185448.apk'])
[2020-05-12 19:34:58,557][2180][log_file.py][line: 23][DEBUG] ## ('从数据库获取apk链接写入日志', ['http://pkg.superdalan.com/game.pkg/download?pkgId=2391&f=shjtt_dalan_dsdk_48_1.0.0_20200507_231426.apk', 'http://pkg.superdalan.com/game.pkg/download?pkgId=2755&f=dxcyzgdtmxdxc_dalan_xy_dsdk_74_1.0.0_20200507_170955.apk'])
[2020-05-12 19:57:16,424][12728][log_file.py][line: 23][DEBUG] ## ('从数据库获取apk链接写入日志', ['http://pkg.superdalan.com/game.pkg/download?pkgId=2755&f=dxcyzgdtmxdxc_dalan_xy_dsdk_74_1.0.0_20200507_170955.apk'])
[2020-05-12 20:15:08,815][33540][log_file.py][line: 23][DEBUG] ## ('从数据库获取apk链接写入日志', [])
[2020-05-12 20:19:40,206][29548][log_file.py][line: 23][DEBUG] ## ('从数据库获取apk链接写入日志', [])
[2020-05-12 20:19:50,009][11672][log_file.py][line: 23][DEBUG] ## ('从数据库获取apk链接写入日志', ['http://pkg.superdalan.com/game.pkg/download?pkgId=2755&f=dxcyzgdtmxdxc_dalan_xy_dsdk_74_1.0.0_20200507_170955.apk'])
[2020-05-12 20:37:11,300][1636][log_file.py][line: 23][DEBUG] ## ('从数据库获取apk链接写入日志', ['http://pkg.superdalan.com/game.pkg/download?pkgId=2442&f=shjgdt_dalan_dsdk_48_1.0.0_20200512_203830.apk', 'http://pkg.superdalan.com/game.pkg/download?pkgId=2755&f=dxcyzgdtmxdxc_dalan_xy_dsdk_74_1.0.0_20200507_170955.apk'])
[2020-05-12 20:42:07,356][29628][log_file.py][line: 23][DEBUG] ## ('从数据库获取apk链接写入日志', ['http://pkg.superdalan.com/game.pkg/download?pkgId=2442&f=shjgdt_dalan_dsdk_48_1.0.0_20200512_203830.apk', 'http://pkg.superdalan.com/game.pkg/download?pkgId=2755&f=dxcyzgdtmxdxc_dalan_xy_dsdk_74_1.0.0_20200507_170955.apk'])
[2020-05-12 20:43:03,458][31432][log_file.py][line: 23][DEBUG] ## ('从数据库获取apk链接写入日志', ['http://pkg.superdalan.com/game.pkg/download?pkgId=2442&f=shjgdt_dalan_dsdk_48_1.0.0_20200512_203830.apk', 'http://pkg.superdalan.com/game.pkg/download?pkgId=2755&f=dxcyzgdtmxdxc_dalan_xy_dsdk_74_1.0.0_20200507_170955.apk'])
[2020-05-12 20:43:53,516][8872][log_file.py][line: 23][DEBUG] ## ('从数据库获取apk链接写入日志', ['http://pkg.superdalan.com/game.pkg/download?pkgId=2442&f=shjgdt_dalan_dsdk_48_1.0.0_20200512_203830.apk', 'http://pkg.superdalan.com/game.pkg/download?pkgId=2755&f=dxcyzgdtmxdxc_dalan_xy_dsdk_74_1.0.0_20200507_170955.apk'])
[2020-05-12 20:50:20,422][33016][log_file.py][line: 23][DEBUG] ## ('从数据库获取apk链接写入日志', ['http://pkg.superdalan.com/game.pkg/download?pkgId=2442&f=shjgdt_dalan_dsdk_48_1.0.0_20200512_203830.apk'])
[2020-05-12 20:50:53,303][32600][log_file.py][line: 23][DEBUG] ## ('从数据库获取apk链接写入日志', ['http://pkg.superdalan.com/game.pkg/download?pkgId=2442&f=shjgdt_dalan_dsdk_48_1.0.0_20200512_203830.apk'])
[2020-05-12 20:56:15,023][34264][log_file.py][line: 23][DEBUG] ## ('从数据库获取apk链接写入日志', [])
[2020-05-12 20:56:21,456][30104][log_file.py][line: 23][DEBUG] ## ('从数据库获取apk链接写入日志', ['http://pkg.superdalan.com/game.pkg/download?pkgId=2755&f=dxcyzgdtmxdxc_dalan_xy_dsdk_74_1.0.0_20200507_170955.apk'])
[2020-05-12 20:56:59,796][32864][log_file.py][line: 23][DEBUG] ## ('从数据库获取apk链接写入日志', ['http://pkg.superdalan.com/game.pkg/download?pkgId=2755&f=dxcyzgdtmxdxc_dalan_xy_dsdk_74_1.0.0_20200507_170955.apk'])
[2020-05-12 20:57:22,255][34120][log_file.py][line: 23][DEBUG] ## ('从数据库获取apk链接写入日志', ['http://pkg.superdalan.com/game.pkg/download?pkgId=2755&f=dxcyzgdtmxdxc_dalan_xy_dsdk_74_1.0.0_20200507_170955.apk'])
[2020-05-12 21:01:20,740][29932][log_file.py][line: 23][DEBUG] ## ('从数据库获取apk链接写入日志', [])
[2020-05-12 21:02:34,830][32404][log_file.py][line: 23][DEBUG] ## ('从数据库获取apk链接写入日志', [])
[2020-05-12 21:02:43,668][33744][log_file.py][line: 23][DEBUG] ## ('从数据库获取apk链接写入日志', ['http://pkg.superdalan.com/game.pkg/download?pkgId=2755&f=dxcyzgdtmxdxc_dalan_xy_dsdk_74_1.0.0_20200507_170955.apk'])
[2020-05-12 21:06:18,671][32856][log_file.py][line: 23][DEBUG] ## ('从数据库获取apk链接写入日志', [])
[2020-05-12 21:06:24,268][7660][log_file.py][line: 23][DEBUG] ## ('从数据库获取apk链接写入日志', ['http://pkg.superdalan.com/game.pkg/download?pkgId=2755&f=dxcyzgdtmxdxc_dalan_xy_dsdk_74_1.0.0_20200507_170955.apk'])
[2020-05-12 21:16:59,806][29352][log_file.py][line: 23][DEBUG] ## ('从数据库获取apk链接写入日志', ['http://pkg.superdalan.com/game.pkg/download?pkgId=2782&f=shfyoppo_dalan_dsdk_10_1.0.0_20200512_211138.apk'])
[2020-05-12 21:21:04,710][28492][log_file.py][line: 23][DEBUG] ## ('从数据库获取apk链接写入日志', [])
[2020-05-12 21:21:21,045][34280][log_file.py][line: 23][DEBUG] ## ('从数据库获取apk链接写入日志', [])
[2020-05-12 21:22:15,205][21124][log_file.py][line: 23][DEBUG] ## ('从数据库获取apk链接写入日志', [])
[2020-05-12 21:22:35,217][33272][log_file.py][line: 23][DEBUG] ## ('从数据库获取apk链接写入日志', [])
[2020-05-12 21:23:41,045][34512][log_file.py][line: 23][DEBUG] ## ('从数据库获取apk链接写入日志', [])
[2020-05-12 21:24:21,883][30992][log_file.py][line: 23][DEBUG] ## ('从数据库获取apk链接写入日志', [])
[2020-05-12 21:24:44,933][12096][log_file.py][line: 23][DEBUG] ## ('从数据库获取apk链接写入日志', [])
[2020-05-12 21:26:21,063][34368][log_file.py][line: 23][DEBUG] ## ('从数据库获取apk链接写入日志', [])
[2020-05-12 21:26:40,334][34108][log_file.py][line: 23][DEBUG] ## ('从数据库获取apk链接写入日志', ['http://pkg.superdalan.com/game.pkg/download?pkgId=2782&f=shfyoppo_dalan_dsdk_10_1.0.0_20200512_211138.apk'])
[2020-05-12 21:29:25,836][5148][log_file.py][line: 23][DEBUG] ## ('从数据库获取apk链接写入日志', [])
[2020-05-12 21:29:31,397][32328][log_file.py][line: 23][DEBUG] ## ('从数据库获取apk链接写入日志', ['http://pkg.superdalan.com/game.pkg/download?pkgId=2782&f=shfyoppo_dalan_dsdk_10_1.0.0_20200512_211138.apk'])
[2020-05-12 21:33:55,454][34760][log_file.py][line: 23][DEBUG] ## ('从数据库获取apk链接写入日志', ['http://pkg.superdalan.com/game.pkg/download?pkgId=2777&f=szymr1xysdk_dalan_xy_dsdk_65_1.0.0_20200512_213610.apk'])
[2020-05-12 21:36:19,371][28380][log_file.py][line: 23][DEBUG] ## ('从数据库获取apk链接写入日志', ['http://pkg.superdalan.com/game.pkg/download?pkgId=2775&f=shjhbbgdtlmb_dalan_dsdk_48_1.0.0_20200512_193750.apk'])
[2020-05-12 21:37:56,970][34576][log_file.py][line: 23][DEBUG] ## ('从数据库获取apk链接写入日志', ['http://pkg.superdalan.com/game.pkg/download?pkgId=2775&f=shjhbbgdtlmb_dalan_dsdk_48_1.0.0_20200512_193750.apk'])
[2020-05-12 21:40:37,636][34560][log_file.py][line: 23][DEBUG] ## ('从数据库获取apk链接写入日志', ['http://pkg.superdalan.com/game.pkg/download?pkgId=2775&f=shjhbbgdtlmb_dalan_dsdk_48_1.0.0_20200512_193750.apk'])
[2020-05-12 21:43:39,362][32328][log_file.py][line: 23][DEBUG] ## ('从数据库获取apk链接写入日志', ['http://pkg.superdalan.com/game.pkg/download?pkgId=2775&f=shjhbbgdtlmb_dalan_dsdk_48_1.0.0_20200512_193750.apk', 'http://pkg.superdalan.com/game.pkg/download?pkgId=2782&f=shfyoppo_dalan_dsdk_10_1.0.0_20200512_211138.apk', 'http://pkg.superdalan.com/game.pkg/download?pkgId=717&f=dtsgtest_dalan_dsdk_3_1.0.0_20191119_160616.apk'])
